1 872 0 872 385.020 0.000 385.020 0.000 0.000
2 872 0 872 411.401 0.000 411.401 0.000 0.000
3 1024 0 1024 432.923 0.000 432.923 0.000 0.000
4 1024 0 1024 449.870 0.000 449.870 0.000 0.000
5 1098 0 1098 470.513 0.000 470.513 0.000 0.000
6 1098 1098 0 488.688 0.000 488.688 1.167 0.252
7 1098 1098 0 511.237 0.000 511.237 1.000 0.222
8 1098 1098 0 530.626 0.000 530.626 1.125 0.199
9 1306 1306 0 551.801 0.000 551.801 1.111 0.181
10 1306 1306 0 572.300 0.000 572.300 1.000 0.167
11 1306 1306 0 594.688 0.000 594.688 1.000 0.155
12 1306 1306 0 614.592 0.000 614.592 0.917 0.145
13 1362 1362 0 634.294 0.000 634.294 0.846 0.137
14 1362 1362 0 651.341 0.000 651.341 0.857 0.129
15 1529 1529 0 669.008 0.000 669.008 0.867 0.122
16 1529 1529 0 688.245 0.000 688.245 0.813 0.117
17 1651 1651 0 702.855 0.000 702.855 0.765 0.112
18 1651 1651 0 721.840 0.000 721.840 0.778 0.107
19 1651 1651 0 743.435 0.000 743.435 0.737 0.104
20 1651 1651 0 762.854 0.000 762.854 0.700 0.100
21 1651 1651 0 785.609 0.000 785.609 0.667 0.097
22 1651 1651 0 806.119 0.000 806.119 0.636 0.094
23 1815 1815 0 826.455 0.000 826.455 0.652 0.092
24 1815 1815 0 844.803 0.000 844.803 0.625 0.089
25 1815 1815 0 862.728 0.000 862.728 0.640 0.087
26 1815 1815 0 879.350 0.000 879.350 0.615 0.084
27 1815 1815 0 894.921 0.000 894.921 0.593 0.082
28 1815 1815 0 911.093 0.000 911.093 0.571 0.080
29 1886 1886 0 929.881 0.000 929.881 0.552 0.079
30 1886 1886 0 949.762 0.000 949.762 0.533 0.077
31 1886 1886 0 965.289 0.000 965.289 0.548 0.075
32 2110 2110 0 981.907 0.000 981.907 0.531 0.074
33 2110 2110 0 995.298 0.000 995.298 0.545 0.072
34 2110 2110 0 1008.061 0.000 1008.061 0.529 0.071
35 2128 2128 0 1023.911 0.000 1023.911 0.514 0.070
36 2128 2128 0 1040.392 0.000 1040.392 0.500 0.068
37 2148 2128 20 1055.529 0.000 1055.529 0.514 0.067
38 2148 2128 20 1068.997 0.000 1068.997 0.500 0.066
39 2148 2128 20 1080.048 0.000 1080.048 0.487 0.065
40 2148 2128 20 1093.007 0.000 1093.007 0.475 0.064
41 2148 2128 20 1105.036 0.000 1105.036 0.463 0.063
42 2148 2128 20 1116.690 0.000 1116.690 0.452 0.061
43 2148 2128 20 1128.147 0.000 1128.147 0.442 0.060
44 2148 2128 20 1137.312 0.000 1137.312 0.432 0.059
45 2148 2128 20 1146.721 0.000 1146.721 0.422 0.058
46 2148 2128 20 1156.781 0.000 1156.781 0.413 0.057
47 2148 2128 20 1166.433 0.000 1166.433 0.404 0.056
48 2148 2128 20 1176.023 0.000 1176.023 0.417 0.055
49 2148 2128 20 1184.700 0.000 1184.700 0.408 0.055
50 2148 2128 20 1193.240 0.000 1193.240 0.400 0.054
51 2148 2128 20 1201.636 0.000 1201.636 0.392 0.053
52 2148 2128 20 1208.348 0.000 1208.348 0.385 0.052
53 2200 2200 0 1214.877 0.000 1214.877 0.377 0.051
54 2200 2200 0 1220.651 0.000 1220.651 0.370 0.050
55 2200 2200 0 1225.660 0.000 1225.660 0.364 0.049
56 2200 2200 0 1231.797 0.000 1231.797 0.357 0.049
57 2200 2200 0 1235.737 0.000 1235.737 0.351 0.048
58 2200 2200 0 1240.265 0.000 1240.265 0.345 0.047
59 2200 2200 0 1244.514 0.000 1244.514 0.339 0.046
60 2200 2200 0 1248.101 0.000 1248.101 0.333 0.046
61 2200 2200 0 1264.127 0.000 1264.127 0.333 0.046
62 2200 2200 0 1280.223 0.000 1280.223 0.333 0.046
63 2200 2200 0 1295.499 0.000 1295.499 0.333 0.046
64 2200 2200 0 1309.167 0.000 1309.167 0.333 0.046
65 2200 2200 0 1324.438 0.000 1324.438 0.333 0.046
66 2200 2200 0 1337.304 0.000 1337.304 0.267 0.020
67 2200 2200 0 1349.564 0.000 1349.564 0.267 0.020
68 2200 2200 0 1358.182 0.000 1358.182 0.267 0.019
69 2200 2200 0 1366.068 0.000 1366.068 0.250 0.019
70 2200 2200 0 1372.895 0.000 1372.895 0.233 0.018
71 2200 2200 0 1379.667 0.000 1379.667 0.217 0.017
72 2200 2200 0 1384.300 0.000 1384.300 0.217 0.017
73 2200 2200 0 1387.836 0.000 1387.836 0.217 0.016
74 2200 2200 0 1389.896 0.000 1389.896 0.200 0.016
75 2200 2200 0 1389.271 0.000 1389.271 0.200 0.015
76 2200 2200 0 1387.871 0.000 1387.871 0.200 0.014
77 2200 2200 0 1383.956 0.000 1383.956 0.200 0.014
78 2200 2200 0 1381.071 0.000 1381.071 0.200 0.013
79 2200 2200 0 1378.576 0.000 1378.576 0.200 0.013
80 2200 2200 0 1374.542 0.000 1374.542 0.183 0.012
81 2200 2200 0 1370.504 0.000 1370.504 0.183 0.012
82 2200 2200 0 1362.492 0.000 1362.492 0.167 0.011
83 2200 2200 0 1353.749 0.000 1353.749 0.150 0.011
84 2200 2200 0 1344.150 0.000 1344.150 0.150 0.010
85 2200 2200 0 1332.457 0.000 1332.457 0.150 0.010
86 2200 2200 0 1320.786 0.000 1320.786 0.133 0.009
87 2200 2200 0 1304.987 0.000 1304.987 0.133 0.009
88 2200 2200 0 1292.071 0.000 1292.071 0.133 0.008
89 2200 2200 0 1274.501 0.000 1274.501 0.133 0.008
90 2200 2200 0 1257.212 0.000 1257.212 0.117 0.007
91 2200 2200 0 1237.941 0.000 1237.941 0.117 0.007
92 2200 2200 0 1218.524 0.000 1218.524 0.100 0.006
93 2200 2200 0 1200.116 0.000 1200.116 0.100 0.006
94 2200 2200 0 1177.021 0.000 1177.021 0.100 0.006
95 2200 2200 0 1156.859 0.000 1156.859 0.100 0.005
96 2200 2200 0 1136.039 0.000 1136.039 0.100 0.005
97 2200 2200 0 1107.465 0.000 1107.465 0.083 0.005
98 2200 2200 0 1082.513 0.000 1082.513 0.083 0.004
99 2200 2200 0 1058.889 0.000 1058.889 0.083 0.004
100 2200 2200 0 1035.416 0.000 1035.416 0.083 0.004
101 2200 2200 0 1009.226 0.000 1009.226 0.067 0.004
102 2200 2200 0 982.081 0.000 982.081 0.067 0.004
103 2200 2200 0 953.115 0.000 953.115 0.067 0.004
104 2200 2200 0 928.165 0.000 928.165 0.067 0.004
105 2200 2200 0 904.088 0.000 904.088 0.067 0.004
106 2200 2200 0 873.725 0.000 873.725 0.067 0.004
107 2200 2200 0 846.094 0.000 846.094 0.067 0.004
108 2200 2200 0 817.291 0.000 817.291 0.067 0.004
109 2200 2200 0 791.725 0.000 791.725 0.067 0.004
110 2200 2200 0 764.634 0.000 764.634 0.083 0.004
111 2200 2200 0 736.272 0.000 736.272 0.083 0.004
112 2200 2200 0 707.731 0.000 707.731 0.083 0.004
113 2190 2190 0 679.893 0.000 679.893 0.083 0.005
114 2190 2190 0 653.005 0.000 653.005 0.083 0.005
115 2190 2190 0 626.772 0.000 626.772 0.100 0.005
116 2190 2190 0 598.036 0.000 598.036 0.100 0.005
117 2190 2190 0 575.167 0.000 575.167 0.100 0.006
118 2190 2190 0 550.248 0.000 550.248 0.100 0.006
119 2190 2190 0 523.959 0.000 523.959 0.117 0.007
120 2190 2190 0 498.497 0.000 498.497 0.117 0.007
121 2190 2190 0 473.754 0.000 473.754 0.117 0.007
122 2190 2190 0 449.956 0.000 449.956 0.133 0.008
123 2190 2190 0 424.741 0.000 424.741 0.133 0.008
124 2190 2190 0 401.416 0.000 401.416 0.150 0.009
125 2190 2190 0 380.934 0.000 380.934 0.150 0.009
126 2029 2029 0 356.802 0.000 356.802 0.183 0.010
127 2029 2029 0 333.147 0.000 333.147 0.183 0.011
128 2029 2029 0 314.344 0.000 314.344 0.183 0.011
129 2029 2029 0 293.739 0.000 293.739 0.183 0.011
130 1688 1688 0 274.443 0.000 274.443 0.183 0.012
131 1688 1688 0 255.623 0.000 255.623 0.183 0.013
132 1688 1688 0 237.364 0.000 237.364 0.183 0.013
133 1688 1688 0 220.146 0.000 220.146 0.183 0.014
134 1688 1688 0 205.890 0.000 205.890 0.183 0.014
135 1688 1688 0 188.620 0.000 188.620 0.183 0.015
136 1688 1688 0 171.313 0.000 171.313 0.200 0.015
137 1688 1688 0 154.789 0.000 154.789 0.217 0.016
138 1688 1688 0 139.125 0.000 139.125 0.217 0.017
139 1688 1688 0 128.136 0.000 128.136 0.217 0.017
140 1688 1688 0 116.705 0.000 116.705 0.217 0.018
141 1469 1519 50 105.925 0.000 105.925 0.233 0.018
142 1469 1519 50 93.734 0.000 93.734 0.250 0.019
143 1469 1519 50 82.589 0.000 82.589 0.250 0.020
144 1122 1122 0 73.229 0.000 73.229 0.250 0.020
145 901 901 0 63.839 0.000 63.839 0.267 0.021
146 901 901 0 55.591 0.000 55.591 0.283 0.021
147 787 795 8 45.579 0.000 45.579 0.300 0.022
148 786 787 1 38.800 0.000 38.800 0.300 0.023
149 786 787 1 31.388 0.000 31.388 0.317 0.023
150 786 787 1 25.492 0.000 25.492 0.317 0.024
151 786 787 1 19.870 0.000 19.870 0.333 0.024
152 786 786 0 15.244 0.000 15.244 0.350 0.025
153 786 786 0 11.741 0.000 11.741 0.350 0.025
154 629 629 0 7.689 0.000 7.689 0.367 0.026
155 629 629 0 5.514 0.000 5.514 0.367 0.027
156 596 596 0 4.098 0.000 4.098 0.367 0.027
157 596 596 0 2.573 0.000 2.573 0.367 0.027
158 596 596 0 1.657 0.000 1.657 0.383 0.028
159 596 596 0 1.185 0.000 1.185 0.383 0.028
160 596 596 0 0.871 0.000 0.871 0.383 0.028
161 334 338 4 0.505 0.000 0.505 0.417 0.028
162 230 222 8 0.316 0.000 0.316 0.417 0.028
163 230 222 8 0.223 0.000 0.223 0.400 0.028
164 230 222 8 0.195 0.000 0.195 0.417 0.028
165 230 222 8 0.171 0.000 0.171 0.417 0.028
166 230 222 8 0.199 0.000 0.199 0.417 0.027
167 230 222 8 0.256 0.000 0.256 0.433 0.027
168 273 273 0 0.341 0.000 0.341 0.433 0.027
169 273 273 0 0.516 0.000 0.516 0.433 0.027
170 721 721 0 0.949 0.000 0.949 0.433 0.027
171 721 721 0 1.210 0.000 1.210 0.433 0.027
172 721 721 0 1.818 0.000 1.818 0.450 0.026
173 721 721 0 2.677 0.000 2.677 0.450 0.027
174 721 721 0 3.482 0.000 3.482 0.433 0.026
175 721 721 0 5.866 0.000 5.866 0.433 0.027
176 763 763 0 9.089 0.000 9.089 0.433 0.027
177 763 763 0 12.655 0.000 12.655 0.417 0.027
178 763 763 0 16.457 0.000 16.457 0.400 0.027
179 1042 1042 0 20.917 0.000 20.917 0.400 0.027
180 1042 1042 0 26.513 0.000 26.513 0.400 0.028
181 1042 1042 0 32.116 0.000 32.116 0.400 0.028
182 1042 1042 0 38.563 0.000 38.563 0.400 0.028
183 1042 1042 0 46.089 0.000 46.089 0.417 0.028
184 1042 1042 0 54.711 0.000 54.711 0.433 0.028
185 1409 1409 0 63.870 0.000 63.870 0.450 0.028
186 1409 1409 0 72.662 0.000 72.662 0.417 0.028
187 1409 1409 0 83.261 0.000 83.261 0.417 0.028
188 1409 1409 0 93.600 0.000 93.600 0.417 0.028
189 1437 1437 0 104.641 0.000 104.641 0.400 0.028
190 1437 1437 0 116.844 0.000 116.844 0.400 0.028
191 1437 1437 0 131.094 0.000 131.094 0.383 0.028
192 1437 1437 0 145.665 0.000 145.665 0.400 0.029
193 1437 1437 0 161.958 0.000 161.958 0.417 0.029
194 1437 1437 0 176.702 0.000 176.702 0.417 0.029
195 1437 1437 0 190.730 0.000 190.730 0.433 0.029
196 1467 1467 0 208.563 0.000 208.563 0.433 0.029
197 1467 1467 0 224.091 0.000 224.091 0.450 0.028
198 1467 1467 0 240.945 0.000 240.945 0.467 0.028
199 1658 1658 0 257.554 0.000 257.554 0.517 0.028
200 1658 1658 0 279.475 0.000 279.475 0.517 0.028
201 1658 1658 0 299.059 0.000 299.059 0.517 0.028
202 1658 1658 0 319.179 0.000 319.179 0.500 0.028
203 1658 1658 0 344.434 0.000 344.434 0.483 0.028
204 1724 1724 0 362.645 0.000 362.645 0.467 0.028
205 1724 1724 0 382.841 0.000 382.841 0.450 0.028
206 1724 1724 0 403.337 0.000 403.337 0.433 0.028
207 1752 1752 0 423.414 0.000 423.414 0.417 0.028
208 1752 1752 0 443.968 0.000 443.968 0.417 0.028
209 1808 1808 0 467.767 0.000 467.767 0.433 0.027
210 1818 1818 0 490.108 0.000 490.108 0.433 0.027
211 1818 1818 0 511.227 0.000 511.227 0.433 0.027
212 1986 1986 0 535.509 0.000 535.509 0.433 0.027
213 1987 1987 0 564.314 0.000 564.314 0.417 0.027
214 1987 1987 0 584.177 0.000 584.177 0.417 0.027
215 1987 1987 0 608.148 0.000 608.148 0.417 0.027
216 2023 1987 36 631.813 0.000 631.813 0.417 0.027
217 2023 1987 36 653.466 0.000 653.466 0.383 0.026
218 2253 2253 0 677.485 0.000 677.485 0.367 0.026
219 2253 2253 0 703.334 0.000 703.334 0.367 0.026
220 2253 2253 0 729.675 0.000 729.675 0.367 0.026
221 2253 2253 0 761.649 0.000 761.649 0.367 0.027
222 2253 2253 0 791.994 0.000 791.994 0.367 0.027
223 2325 2325 0 818.875 0.000 818.875 0.367 0.027
224 2325 2325 0 848.752 0.000 848.752 0.367 0.027
225 2325 2325 0 873.534 0.000 873.534 0.367 0.027
226 2325 2325 0 901.717 0.000 901.717 0.367 0.027
227 2325 2325 0 929.676 0.000 929.676 0.383 0.028
228 2325 2325 0 956.407 0.000 956.407 0.383 0.028
229 2325 2325 0 984.920 0.000 984.920 0.383 0.028
230 2325 2325 0 1012.578 0.000 1012.578 0.383 0.028
231 2325 2325 0 1038.108 0.000 1038.108 0.383 0.028
232 2325 2325 0 1064.736 0.000 1064.736 0.383 0.028
233 2325 2325 0 1090.474 0.000 1090.474 0.383 0.027
234 2325 2325 0 1113.737 0.000 1113.737 0.367 0.027
235 2325 2325 0 1137.869 0.000 1137.869 0.367 0.026
236 2325 2325 0 1164.250 0.000 1164.250 0.350 0.026
237 2325 2325 0 1187.518 0.000 1187.518 0.350 0.025
238 2325 2325 0 1207.621 0.000 1207.621 0.350 0.025
239 2325 2325 0 1227.581 0.000 1227.581 0.333 0.024
240 2325 2325 0 1248.137 0.000 1248.137 0.333 0.024
241 2325 2325 0 1265.163 0.000 1265.163 0.333 0.023
242 2325 2325 0 1280.524 0.000 1280.524 0.333 0.023
243 2325 2325 0 1295.530 0.000 1295.530 0.317 0.022
244 2325 2325 0 1311.064 0.000 1311.064 0.300 0.021
245 2325 2325 0 1323.440 0.000 1323.440 0.283 0.021
246 2325 2325 0 1333.941 0.000 1333.941 0.283 0.020
247 2325 2325 0 1344.155 0.000 1344.155 0.267 0.020
248 2325 2325 0 1352.466 0.000 1352.466 0.267 0.019
249 2325 2325 0 1359.145 0.000 1359.145 0.267 0.019
250 2325 2325 0 1365.606 0.000 1365.606 0.250 0.018
251 2325 2325 0 1371.731 0.000 1371.731 0.250 0.017
252 2325 2325 0 1376.059 0.000 1376.059 0.217 0.017
253 2325 2325 0 1379.711 0.000 1379.711 0.217 0.016
254 2325 2325 0 1380.835 0.000 1380.835 0.217 0.016
255 2325 2325 0 1380.749 0.000 1380.749 0.217 0.015
256 2325 2325 0 1380.176 0.000 1380.176 0.217 0.014
257 2325 2325 0 1378.306 0.000 1378.306 0.200 0.014
258 2325 2325 0 1374.813 0.000 1374.813 0.200 0.013
259 2325 2325 0 1369.997 0.000 1369.997 0.200 0.013
260 2325 2325 0 1365.961 0.000 1365.961 0.200 0.012
261 2325 2325 0 1358.966 0.000 1358.966 0.200 0.012
262 2325 2325 0 1349.131 0.000 1349.131 0.200 0.011
263 2325 2325 0 1341.625 0.000 1341.625 0.183 0.011
264 2325 2325 0 1331.722 0.000 1331.722 0.183 0.010
265 2325 2325 0 1319.415 0.000 1319.415 0.150 0.010
266 2325 2325 0 1306.770 0.000 1306.770 0.133 0.009
267 2325 2325 0 1292.871 0.000 1292.871 0.117 0.009
268 2325 2325 0 1279.847 0.000 1279.847 0.117 0.008
269 2325 2325 0 1264.523 0.000 1264.523 0.117 0.008
270 2325 2325 0 1247.286 0.000 1247.286 0.117 0.007
271 2325 2325 0 1226.906 0.000 1226.906 0.117 0.007
272 2325 2325 0 1208.019 0.000 1208.019 0.117 0.006
273 2325 2325 0 1186.794 0.000 1186.794 0.100 0.006
274 2325 2325 0 1167.648 0.000 1167.648 0.100 0.006
275 2325 2325 0 1145.464 0.000 1145.464 0.100 0.005
276 2325 2325 0 1121.517 0.000 1121.517 0.100 0.005
277 2325 2325 0 1098.324 0.000 1098.324 0.100 0.005
278 2325 2325 0 1075.135 0.000 1075.135 0.100 0.005
279 2325 2325 0 1050.747 0.000 1050.747 0.083 0.004
280 2325 2325 0 1027.419 0.000 1027.419 0.083 0.004
281 2325 2325 0 998.880 0.000 998.880 0.083 0.004
282 2325 2325 0 970.718 0.000 970.718 0.083 0.004
283 2174 2174 0 942.239 0.000 942.239 0.067 0.004
284 2174 2174 0 911.616 0.000 911.616 0.067 0.003
285 2174 2174 0 886.148 0.000 886.148 0.067 0.003
286 2174 2174 0 860.172 0.000 860.172 0.067 0.003
287 2174 2174 0 836.337 0.000 836.337 0.083 0.004
288 2174 2174 0 810.914 0.000 810.914 0.083 0.004
289 2174 2174 0 786.070 0.000 786.070 0.083 0.004
290 2174 2174 0 757.964 0.000 757.964 0.083 0.004
291 2174 2174 0 730.891 0.000 730.891 0.083 0.004
292 2071 2113 42 705.784 0.000 705.784 0.083 0.004
293 2071 2113 42 679.955 0.000 679.955 0.083 0.005
294 1937 1937 0 653.951 0.000 653.951 0.083 0.005
295 1937 1937 0 630.810 0.000 630.810 0.083 0.005
296 1937 1937 0 607.256 0.000 607.256 0.100 0.006
297 1937 1937 0 582.125 0.000 582.125 0.100 0.006
298 1937 1937 0 557.697 0.000 557.697 0.117 0.006
299 1893 1893 0 531.981 0.000 531.981 0.117 0.007
300 1893 1893 0 506.619 0.000 506.619 0.117 0.007
301 1893 1893 0 480.611 0.000 480.611 0.133 0.008
302 1893 1893 0 454.008 0.000 454.008 0.133 0.008
303 1893 1893 0 433.542 0.000 433.542 0.150 0.009
304 1893 1893 0 409.281 0.000 409.281 0.150 0.009
305 1893 1893 0 388.075 0.000 388.075 0.150 0.010
306 1893 1893 0 365.265 0.000 365.265 0.150 0.010
307 1893 1893 0 344.528 0.000 344.528 0.167 0.011
308 1893 1893 0 323.308 0.000 323.308 0.183 0.011
309 1893 1893 0 301.982 0.000 301.982 0.183 0.012
310 1893 1893 0 283.149 0.000 283.149 0.183 0.012
311 1893 1893 0 263.352 0.000 263.352 0.183 0.013
312 1893 1893 0 243.315 0.000 243.315 0.183 0.013
313 1470 1483 13 224.259 0.000 224.259 0.217 0.014
314 1470 1483 13 205.140 0.000 205.140 0.217 0.015
315 1395 1444 49 190.420 0.000 190.420 0.217 0.015
316 1326 1326 0 173.964 0.000 173.964 0.217 0.016
317 1326 1326 0 160.552 0.000 160.552 0.217 0.016
318 1173 1173 0 146.005 0.000 146.005 0.233 0.017
319 1173 1173 0 132.122 0.000 132.122 0.233 0.017
320 1141 1141 0 119.782 0.000 119.782 0.233 0.018
321 1090 1100 10 107.055 0.000 107.055 0.267 0.019
322 1090 1100 10 93.865 0.000 93.865 0.267 0.019
323 1078 1087 9 83.487 0.000 83.487 0.267 0.020
324 995 995 0 73.660 0.000 73.660 0.283 0.020
325 995 995 0 63.279 0.000 63.279 0.283 0.021
326 968 995 27 54.225 0.000 54.225 0.317 0.022
327 968 995 27 45.608 0.000 45.608 0.317 0.022
328 968 995 27 38.597 0.000 38.597 0.317 0.023
329 968 995 27 32.258 0.000 32.258 0.317 0.023
330 819 869 50 25.994 0.000 25.994 0.317 0.024
331 819 869 50 20.042 0.000 20.042 0.317 0.025
332 619 619 0 15.211 0.000 15.211 0.333 0.025
333 618 618 0 11.202 0.000 11.202 0.333 0.026
334 618 618 0 8.150 0.000 8.150 0.333 0.026
335 513 513 0 5.808 0.000 5.808 0.333 0.027
336 513 513 0 3.611 0.000 3.611 0.367 0.028
337 504 504 0 2.493 0.000 2.493 0.367 0.028
338 504 504 0 1.813 0.000 1.813 0.350 0.028
339 326 332 6 1.359 0.000 1.359 0.350 0.028
340 318 332 14 0.863 0.000 0.863 0.350 0.029
341 318 332 14 0.697 0.000 0.697 0.350 0.028
342 305 318 13 0.507 0.000 0.507 0.350 0.028
343 305 318 13 0.468 0.000 0.468 0.350 0.028
344 305 318 13 0.418 0.000 0.418 0.350 0.028
345 305 318 13 0.329 0.000 0.329 0.350 0.028
346 312 312 0 0.371 0.000 0.371 0.350 0.028
347 331 331 0 0.416 0.000 0.416 0.333 0.028
348 331 331 0 0.422 0.000 0.422 0.333 0.027
349 331 331 0 0.551 0.000 0.551 0.333 0.027
350 352 331 21 0.782 0.000 0.782 0.350 0.027
351 472 472 0 1.247 0.000 1.247 0.367 0.027
352 472 472 0 1.596 0.000 1.596 0.367 0.027
353 472 472 0 2.505 0.000 2.505 0.367 0.027
354 569 569 0 3.492 0.000 3.492 0.367 0.027
355 570 570 0 5.361 0.000 5.361 0.367 0.027
356 570 570 0 7.685 0.000 7.685 0.383 0.027
357 610 570 40 11.328 0.000 11.328 0.383 0.028
358 812 812 0 15.240 0.000 15.240 0.383 0.028
359 812 812 0 21.918 0.000 21.918 0.400 0.028
360 860 860 0 27.297 0.000 27.297 0.400 0.028
361 860 860 0 33.927 0.000 33.927 0.400 0.028
362 860 860 0 41.556 0.000 41.556 0.400 0.028
363 860 860 0 48.608 0.000 48.608 0.383 0.028
364 860 860 0 57.729 0.000 57.729 0.383 0.028
365 995 995 0 67.320 0.000 67.320 0.417 0.029
366 1045 1045 0 76.344 0.000 76.344 0.417 0.029
367 1045 1045 0 87.111 0.000 87.111 0.400 0.029
368 1163 1163 0 97.776 0.000 97.776 0.417 0.029
369 1207 1207 0 109.301 0.000 109.301 0.417 0.029
370 1207 1207 0 123.233 0.000 123.233 0.433 0.029
371 1207 1207 0 135.971 0.000 135.971 0.417 0.029
372 1399 1399 0 153.623 0.000 153.623 0.417 0.029
373 1399 1399 0 167.331 0.000 167.331 0.433 0.029
374 1602 1602 0 183.705 0.000 183.705 0.417 0.029
375 1602 1602 0 197.940 0.000 197.940 0.417 0.029
376 1602 1602 0 213.736 0.000 213.736 0.417 0.029
377 1646 1646 0 230.664 0.000 230.664 0.400 0.029
378 1704 1704 0 247.945 0.000 247.945 0.400 0.029
379 1704 1704 0 267.634 0.000 267.634 0.400 0.029
380 1704 1704 0 287.395 0.000 287.395 0.400 0.029
381 1704 1704 0 306.341 0.000 306.341 0.400 0.029
382 2209 2209 0 325.704 0.000 325.704 0.400 0.029
383 2209 2209 0 346.858 0.000 346.858 0.367 0.029
384 2209 2209 0 369.844 0.000 369.844 0.367 0.029
385 2209 2209 0 391.546 0.000 391.546 0.383 0.029
386 2209 2209 0 411.641 0.000 411.641 0.383 0.029
387 2209 2209 0 433.541 0.000 433.541 0.383 0.028
388 2209 2209 0 456.168 0.000 456.168 0.383 0.028
389 2209 2209 0 479.620 0.000 479.620 0.383 0.028
390 2209 2209 0 502.549 0.000 502.549 0.383 0.028
391 2209 2209 0 526.356 0.000 526.356 0.383 0.028
392 2209 2209 0 549.249 0.000 549.249 0.383 0.027
393 2209 2209 0 571.590 0.000 571.590 0.367 0.027
394 2209 2209 0 595.737 0.000 595.737 0.367 0.027
395 2209 2209 0 619.107 0.000 619.107 0.367 0.027
396 2209 2209 0 643.729 0.000 643.729 0.367 0.026
397 2209 2209 0 672.222 0.000 672.222 0.350 0.026
398 2209 2209 0 697.870 0.000 697.870 0.367 0.026
399 2209 2209 0 724.368 0.000 724.368 0.367 0.026
400 2209 2209 0 751.342 0.000 751.342 0.367 0.027
401 2209 2209 0 777.848 0.000 777.848 0.367 0.027
402 2209 2209 0 802.277 0.000 802.277 0.383 0.027
403 2209 2209 0 828.850 0.000 828.850 0.383 0.027
404 2209 2209 0 854.982 0.000 854.982 0.383 0.027
405 2209 2209 0 879.960 0.000 879.960 0.383 0.027
406 2209 2209 0 906.787 0.000 906.787 0.383 0.028
407 2209 2209 0 934.030 0.000 934.030 0.400 0.028
408 2209 2209 0 958.428 0.000 958.428 0.400 0.028
409 2209 2209 0 982.294 0.000 982.294 0.400 0.028
410 2209 2209 0 1009.967 0.000 1009.967 0.400 0.028
411 2209 2209 0 1036.064 0.000 1036.064 0.400 0.028
412 2209 2209 0 1060.241 0.000 1060.241 0.383 0.028
413 2209 2209 0 1086.697 0.000 1086.697 0.383 0.027
414 2209 2209 0 1109.752 0.000 1109.752 0.383 0.027
415 2209 2209 0 1133.936 0.000 1133.936 0.400 0.027
416 2209 2209 0 1157.021 0.000 1157.021 0.383 0.026
417 2209 2209 0 1179.330 0.000 1179.330 0.383 0.025
418 2209 2209 0 1199.111 0.000 1199.111 0.367 0.025
419 2209 2209 0 1224.646 0.000 1224.646 0.350 0.024
420 2209 2209 0 1241.923 0.000 1241.923 0.350 0.024
421 2209 2209 0 1260.250 0.000 1260.250 0.350 0.023
422 2209 2209 0 1278.484 0.000 1278.484 0.350 0.022
423 2209 2209 0 1293.322 0.000 1293.322 0.350 0.022
424 2209 2209 0 1308.773 0.000 1308.773 0.333 0.021
425 2209 2209 0 1322.498 0.000 1322.498 0.317 0.021
426 2209 2209 0 1333.287 0.000 1333.287 0.317 0.020
427 2209 2209 0 1344.148 0.000 1344.148 0.317 0.019
428 2209 2209 0 1352.560 0.000 1352.560 0.300 0.019
429 2209 2209 0 1360.463 0.000 1360.463 0.300 0.018
430 2209 2209 0 1368.660 0.000 1368.660 0.283 0.018
431 2209 2209 0 1374.583 0.000 1374.583 0.283 0.017
432 2209 2209 0 1381.923 0.000 1381.923 0.283 0.016
433 2209 2209 0 1384.875 0.000 1384.875 0.267 0.016
434 2209 2209 0 1386.952 0.000 1386.952 0.250 0.015
435 2209 2209 0 1387.415 0.000 1387.415 0.250 0.015
436 2209 2209 0 1386.980 0.000 1386.980 0.250 0.014
437 2209 2209 0 1384.760 0.000 1384.760 0.250 0.013
438 2209 2209 0 1382.108 0.000 1382.108 0.250 0.013
439 2209 2209 0 1378.356 0.000 1378.356 0.250 0.012
440 2209 2209 0 1372.482 0.000 1372.482 0.233 0.012
441 2209 2209 0 1365.038 0.000 1365.038 0.217 0.011
442 2172 2172 0 1356.486 0.000 1356.486 0.200 0.011
443 2172 2172 0 1346.361 0.000 1346.361 0.167 0.010
444 2172 2172 0 1334.605 0.000 1334.605 0.167 0.010
445 2172 2172 0 1321.315 0.000 1321.315 0.133 0.009
446 2172 2172 0 1308.289 0.000 1308.289 0.133 0.009
447 2172 2172 0 1294.336 0.000 1294.336 0.133 0.008
448 2172 2172 0 1280.367 0.000 1280.367 0.117 0.008
449 2172 2172 0 1261.135 0.000 1261.135 0.117 0.007
450 2172 2172 0 1243.873 0.000 1243.873 0.117 0.007
451 2172 2172 0 1227.836 0.000 1227.836 0.117 0.006
452 2172 2172 0 1205.451 0.000 1205.451 0.117 0.006
453 2172 2172 0 1183.538 0.000 1183.538 0.117 0.006
454 2172 2172 0 1162.160 0.000 1162.160 0.100 0.005
455 2172 2172 0 1143.416 0.000 1143.416 0.100 0.005
456 2172 2172 0 1122.837 0.000 1122.837 0.100 0.005
457 2172 2172 0 1096.576 0.000 1096.576 0.100 0.005
458 2172 2172 0 1073.746 0.000 1073.746 0.100 0.004
459 2172 2172 0 1048.288 0.000 1048.288 0.100 0.004
460 2172 2172 0 1021.418 0.000 1021.418 0.100 0.004
461 2156 2156 0 997.184 0.000 997.184 0.083 0.004
462 2149 2149 0 972.243 0.000 972.243 0.083 0.004
463 2149 2149 0 946.527 0.000 946.527 0.067 0.004
464 2149 2149 0 918.930 0.000 918.930 0.067 0.004
465 2149 2149 0 894.376 0.000 894.376 0.083 0.004
466 2149 2149 0 866.980 0.000 866.980 0.083 0.004
467 2149 2149 0 837.178 0.000 837.178 0.083 0.004
468 2054 2054 0 813.544 0.000 813.544 0.083 0.004
469 2054 2054 0 786.725 0.000 786.725 0.083 0.004
470 2054 2054 0 760.700 0.000 760.700 0.083 0.004
471 2054 2054 0 734.362 0.000 734.362 0.083 0.004
472 2054 2054 0 709.883 0.000 709.883 0.083 0.004
473 2054 2054 0 680.634 0.000 680.634 0.083 0.005
474 2054 2054 0 654.989 0.000 654.989 0.100 0.005
475 2054 2054 0 626.870 0.000 626.870 0.100 0.005
476 2054 2054 0 601.923 0.000 601.923 0.100 0.006
477 2054 2054 0 575.538 0.000 575.538 0.100 0.006
478 2054 2054 0 552.479 0.000 552.479 0.117 0.006
479 2021 2054 33 528.447 0.000 528.447 0.133 0.007
480 2021 2054 33 506.387 0.000 506.387 0.133 0.007
481 2021 2054 33 479.771 0.000 479.771 0.133 0.008
482 1824 1854 30 457.556 0.000 457.556 0.133 0.008
483 1824 1854 30 432.593 0.000 432.593 0.133 0.009
484 1824 1854 30 409.495 0.000 409.495 0.150 0.009
485 1789 1789 0 388.508 0.000 388.508 0.167 0.010
486 1705 1705 0 366.368 0.000 366.368 0.167 0.010
487 1705 1705 0 345.920 0.000 345.920 0.183 0.011
488 1705 1705 0 324.587 0.000 324.587 0.183 0.011
489 1680 1680 0 302.724 0.000 302.724 0.183 0.012
490 1680 1680 0 281.989 0.000 281.989 0.217 0.013
491 1680 1680 0 265.362 0.000 265.362 0.217 0.013
492 1656 1680 24 247.820 0.000 247.820 0.217 0.014
493 1656 1680 24 231.754 0.000 231.754 0.217 0.014
494 1656 1680 24 213.800 0.000 213.800 0.217 0.015
495 1656 1680 24 198.271 0.000 198.271 0.217 0.015
496 1656 1680 24 183.811 0.000 183.811 0.233 0.016
497 1656 1680 24 167.494 0.000 167.494 0.233 0.016
498 1656 1680 24 153.997 0.000 153.997 0.233 0.017
499 1449 1467 18 140.112 0.000 140.112 0.233 0.017
500 1420 1420 0 126.098 0.000 126.098 0.233 0.018
501 1420 1420 0 113.271 0.000 113.271 0.250 0.019
502 1344 1344 0 100.889 0.000 100.889 0.250 0.019
503 1123 1123 0 88.265 0.000 88.265 0.283 0.020
504 1028 1060 32 75.962 0.000 75.962 0.283 0.021
505 1028 1060 32 65.107 0.000 65.107 0.283 0.021
506 964 964 0 55.888 0.000 55.888 0.283 0.022
507 964 964 0 47.124 0.000 47.124 0.300 0.022
508 964 964 0 39.499 0.000 39.499 0.317 0.023
509 964 964 0 31.268 0.000 31.268 0.317 0.024
510 941 952 11 25.213 0.000 25.213 0.317 0.024
511 941 952 11 20.592 0.000 20.592 0.317 0.025
512 941 952 11 14.957 0.000 14.957 0.317 0.025
513 941 952 11 10.695 0.000 10.695 0.350 0.026
514 520 520 0 7.193 0.000 7.193 0.350 0.027
515 506 520 14 5.099 0.000 5.099 0.367 0.027
516 506 520 14 3.609 0.000 3.609 0.383 0.027
517 506 520 14 2.182 0.000 2.182 0.383 0.028
518 506 520 14 1.417 0.000 1.417 0.383 0.028
519 506 520 14 1.030 0.000 1.030 0.383 0.028
520 506 520 14 0.794 0.000 0.794 0.383 0.028
521 506 520 14 0.707 0.000 0.707 0.383 0.028
522 446 487 41 0.482 0.000 0.482 0.383 0.028
523 446 487 41 0.421 0.000 0.421 0.383 0.028
524 238 238 0 0.320 0.000 0.320 0.383 0.028
525 238 238 0 0.392 0.000 0.392 0.383 0.028
526 238 238 0 0.319 0.000 0.319 0.383 0.028
527 238 238 0 0.320 0.000 0.320 0.383 0.028
528 213 213 0 0.346 0.000 0.346 0.383 0.028
529 384 384 0 0.513 0.000 0.513 0.383 0.027
530 384 384 0 0.736 0.000 0.736 0.383 0.027
531 384 384 0 1.184 0.000 1.184 0.400 0.027
532 384 384 0 1.719 0.000 1.719 0.417 0.027
533 463 463 0 2.608 0.000 2.608 0.417 0.027
534 740 740 0 3.785 0.000 3.785 0.417 0.027
535 740 740 0 5.517 0.000 5.517 0.417 0.027
536 740 740 0 8.339 0.000 8.339 0.417 0.028
537 740 740 0 11.770 0.000 11.770 0.417 0.028
538 740 740 0 15.547 0.000 15.547 0.417 0.028
539 740 740 0 20.764 0.000 20.764 0.417 0.028
540 819 819 0 25.879 0.000 25.879 0.433 0.028
541 819 819 0 31.575 0.000 31.575 0.433 0.028
542 819 819 0 37.509 0.000 37.509 0.417 0.028
543 880 880 0 45.124 0.000 45.124 0.417 0.028
544 1026 1026 0 53.808 0.000 53.808 0.417 0.028
545 1026 1026 0 62.881 0.000 62.881 0.417 0.029
546 1069 1026 43 74.220 0.000 74.220 0.450 0.029
547 1069 1026 43 84.162 0.000 84.162 0.450 0.029
548 1276 1276 0 98.262 0.000 98.262 0.467 0.029
549 1276 1276 0 108.930 0.000 108.930 0.450 0.029
550 1276 1276 0 120.288 0.000 120.288 0.433 0.029
551 1356 1356 0 134.023 0.000 134.023 0.433 0.029
552 1640 1640 0 147.779 0.000 147.779 0.450 0.029
553 1640 1640 0 161.612 0.000 161.612 0.450 0.029
554 1640 1640 0 177.188 0.000 177.188 0.467 0.029
555 1640 1640 0 191.447 0.000 191.447 0.467 0.029
556 1640 1640 0 207.427 0.000 207.427 0.467 0.029
557 1640 1640 0 224.552 0.000 224.552 0.467 0.029
558 1640 1640 0 242.830 0.000 242.830 0.433 0.029
559 1640 1640 0 259.607 0.000 259.607 0.433 0.029
560 1640 1640 0 280.681 0.000 280.681 0.417 0.029
561 1640 1640 0 301.298 0.000 301.298 0.417 0.029
562 1640 1640 0 318.930 0.000 318.930 0.417 0.029
563 1674 1674 0 336.829 0.000 336.829 0.400 0.029
564 1674 1674 0 355.991 0.000 355.991 0.400 0.028
565 1818 1818 0 379.861 0.000 379.861 0.400 0.028
566 1866 1866 0 402.774 0.000 402.774 0.400 0.028
567 1866 1866 0 425.460 0.000 425.460 0.400 0.028
568 2042 2042 0 448.490 0.000 448.490 0.383 0.028
569 2042 2042 0 473.055 0.000 473.055 0.383 0.028
570 2042 2042 0 497.606 0.000 497.606 0.383 0.028
571 2042 2042 0 522.536 0.000 522.536 0.400 0.028
572 2526 2526 0 549.523 0.000 549.523 0.400 0.027
573 2526 2526 0 576.743 0.000 576.743 0.383 0.027
574 2526 2526 0 601.193 0.000 601.193 0.383 0.027
575 2526 2526 0 626.652 0.000 626.652 0.383 0.027
576 2526 2526 0 650.355 0.000 650.355 0.417 0.027
577 2526 2526 0 679.008 0.000 679.008 0.400 0.027
578 2526 2526 0 708.525 0.000 708.525 0.400 0.027
579 2526 2526 0 733.637 0.000 733.637 0.400 0.027
580 2526 2526 0 759.197 0.000 759.197 0.400 0.027
581 2526 2526 0 783.408 0.000 783.408 0.400 0.027
582 2526 2526 0 808.054 0.000 808.054 0.400 0.027
583 2526 2526 0 836.002 0.000 836.002 0.400 0.027
584 2526 2526 0 862.754 0.000 862.754 0.400 0.028
585 2526 2526 0 890.016 0.000 890.016 0.400 0.028
586 2526 2526 0 915.947 0.000 915.947 0.400 0.028
587 2526 2526 0 944.019 0.000 944.019 0.400 0.028
588 2526 2526 0 968.516 0.000 968.516 0.400 0.028
589 2526 2526 0 993.010 0.000 993.010 0.400 0.028
590 2526 2526 0 1017.412 0.000 1017.412 0.383 0.028
591 2526 2526 0 1044.654 0.000 1044.654 0.367 0.028
592 2526 2526 0 1071.064 0.000 1071.064 0.367 0.028
593 2526 2526 0 1096.762 0.000 1096.762 0.367 0.028
594 2526 2526 0 1120.395 0.000 1120.395 0.367 0.027
595 2526 2526 0 1144.831 0.000 1144.831 0.367 0.027
596 2526 2526 0 1168.483 0.000 1168.483 0.367 0.026
597 2526 2526 0 1188.665 0.000 1188.665 0.367 0.026
598 2526 2526 0 1209.063 0.000 1209.063 0.350 0.025
599 2526 2526 0 1229.210 0.000 1229.210 0.333 0.025
600 2526 2526 0 1247.704 0.000 1247.704 0.333 0.024
601 2526 2526 0 1264.672 0.000 1264.672 0.333 0.024
602 2526 2526 0 1279.610 0.000 1279.610 0.333 0.023
603 2526 2526 0 1294.350 0.000 1294.350 0.317 0.022
604 2526 2526 0 1309.021 0.000 1309.021 0.317 0.022
605 2526 2526 0 1321.691 0.000 1321.691 0.317 0.021
606 2526 2526 0 1335.029 0.000 1335.029 0.300 0.020
607 2526 2526 0 1344.940 0.000 1344.940 0.300 0.020
608 2526 2526 0 1356.886 0.000 1356.886 0.300 0.019
609 2526 2526 0 1364.231 0.000 1364.231 0.300 0.019
610 2526 2526 0 1370.938 0.000 1370.938 0.267 0.018
611 2526 2526 0 1377.299 0.000 1377.299 0.250 0.017
612 2526 2526 0 1380.330 0.000 1380.330 0.250 0.017
613 2526 2526 0 1383.496 0.000 1383.496 0.217 0.016
614 2526 2526 0 1385.554 0.000 1385.554 0.217 0.016
615 2526 2526 0 1386.349 0.000 1386.349 0.217 0.015
616 2526 2526 0 1386.070 0.000 1386.070 0.200 0.015
617 2526 2526 0 1384.793 0.000 1384.793 0.183 0.014
618 2526 2526 0 1381.816 0.000 1381.816 0.183 0.013
619 2526 2526 0 1377.680 0.000 1377.680 0.183 0.013
620 2526 2526 0 1372.225 0.000 1372.225 0.167 0.012
621 2526 2526 0 1365.548 0.000 1365.548 0.167 0.012
622 2526 2526 0 1358.354 0.000 1358.354 0.167 0.011
623 2526 2526 0 1348.951 0.000 1348.951 0.167 0.011
624 2526 2526 0 1337.528 0.000 1337.528 0.150 0.010
625 2526 2526 0 1327.362 0.000 1327.362 0.150 0.010
626 2526 2526 0 1314.630 0.000 1314.630 0.133 0.009
627 2526 2526 0 1299.671 0.000 1299.671 0.133 0.009
628 2526 2526 0 1284.493 0.000 1284.493 0.133 0.008
629 2526 2526 0 1267.825 0.000 1267.825 0.133 0.008
630 2526 2526 0 1253.281 0.000 1253.281 0.133 0.007
631 2526 2526 0 1232.879 0.000 1232.879 0.100 0.007
632 2283 2283 0 1214.043 0.000 1214.043 0.100 0.007
633 2283 2283 0 1194.904 0.000 1194.904 0.083 0.006
634 2283 2283 0 1173.833 0.000 1173.833 0.083 0.006
635 2283 2283 0 1150.780 0.000 1150.780 0.083 0.005
636 2283 2283 0 1129.089 0.000 1129.089 0.083 0.005
637 2283 2283 0 1103.894 0.000 1103.894 0.083 0.005
638 2283 2283 0 1079.838 0.000 1079.838 0.083 0.004
639 2283 2283 0 1051.809 0.000 1051.809 0.083 0.004
640 2283 2283 0 1025.601 0.000 1025.601 0.083 0.004
641 2283 2283 0 1000.748 0.000 1000.748 0.083 0.004
642 2283 2283 0 975.162 0.000 975.162 0.067 0.004
643 2283 2283 0 949.767 0.000 949.767 0.067 0.004
644 2283 2283 0 924.165 0.000 924.165 0.067 0.004
645 2283 2283 0 895.633 0.000 895.633 0.067 0.003
646 2283 2283 0 866.224 0.000 866.224 0.067 0.003
647 2283 2283 0 840.841 0.000 840.841 0.067 0.004
648 2283 2283 0 813.953 0.000 813.953 0.067 0.004
649 2283 2283 0 789.604 0.000 789.604 0.067 0.004
650 2131 2131 0 764.066 0.000 764.066 0.067 0.004
651 2131 2131 0 736.828 0.000 736.828 0.083 0.004
652 2131 2131 0 706.985 0.000 706.985 0.100 0.004
653 2131 2131 0 680.393 0.000 680.393 0.100 0.005
654 2131 2131 0 655.598 0.000 655.598 0.100 0.005
655 2131 2131 0 626.534 0.000 626.534 0.100 0.005
656 2131 2131 0 602.524 0.000 602.524 0.100 0.006
657 2131 2131 0 577.727 0.000 577.727 0.100 0.006
658 2131 2131 0 552.888 0.000 552.888 0.100 0.006
659 2131 2131 0 530.637 0.000 530.637 0.117 0.007
660 1819 1860 41 505.796 0.000 505.796 0.117 0.007
661 1819 1860 41 483.826 0.000 483.826 0.117 0.007
662 1819 1860 41 458.699 0.000 458.699 0.133 0.008
663 1769 1769 0 436.987 0.000 436.987 0.150 0.008
664 1700 1725 25 412.652 0.000 412.652 0.150 0.009
665 1696 1696 0 385.214 0.000 385.214 0.150 0.010
666 1696 1696 0 363.359 0.000 363.359 0.150 0.010
667 1696 1696 0 341.119 0.000 341.119 0.150 0.010
668 1696 1696 0 319.703 0.000 319.703 0.167 0.011
669 1696 1696 0 297.072 0.000 297.072 0.167 0.012
670 1696 1696 0 279.078 0.000 279.078 0.167 0.012
671 1696 1696 0 261.417 0.000 261.417 0.183 0.013
672 1696 1696 0 241.842 0.000 241.842 0.200 0.013
673 1539 1539 0 223.961 0.000 223.961 0.200 0.014
674 1539 1539 0 206.583 0.000 206.583 0.217 0.014
675 1539 1539 0 190.054 0.000 190.054 0.217 0.015
676 1539 1539 0 174.895 0.000 174.895 0.233 0.015
677 1539 1539 0 159.804 0.000 159.804 0.233 0.016
678 1539 1539 0 145.533 0.000 145.533 0.250 0.016
679 1539 1539 0 131.601 0.000 131.601 0.267 0.017
680 1478 1514 36 117.845 0.000 117.845 0.267 0.018
681 1478 1514 36 105.565 0.000 105.565 0.267 0.018
682 1478 1514 36 94.583 0.000 94.583 0.283 0.019
683 1301 1301 0 82.585 0.000 82.585 0.300 0.019
684 1032 1032 0 72.100 0.000 72.100 0.317 0.020
685 1032 1032 0 63.079 0.000 63.079 0.317 0.021
686 1032 1032 0 53.771 0.000 53.771 0.317 0.021
687 1032 1032 0 44.914 0.000 44.914 0.333 0.022
688 1032 1032 0 37.172 0.000 37.172 0.333 0.022
689 758 758 0 29.452 0.000 29.452 0.350 0.023
690 758 758 0 24.136 0.000 24.136 0.350 0.024
691 758 758 0 18.257 0.000 18.257 0.350 0.024
692 758 758 0 14.103 0.000 14.103 0.383 0.025
693 758 758 0 10.839 0.000 10.839 0.417 0.025
694 680 680 0 7.745 0.000 7.745 0.417 0.026
695 476 476 0 4.827 0.000 4.827 0.417 0.026
696 476 476 0 3.354 0.000 3.354 0.417 0.027
697 476 476 0 2.363 0.000 2.363 0.417 0.027
698 392 392 0 1.522 0.000 1.522 0.417 0.028
699 360 369 9 0.986 0.000 0.986 0.417 0.028
700 360 369 9 0.628 0.000 0.628 0.417 0.028
701 267 278 11 0.471 0.000 0.471 0.417 0.028
702 267 257 10 0.342 0.000 0.342 0.417 0.028
703 267 257 10 0.329 0.000 0.329 0.417 0.028
704 267 257 10 0.298 0.000 0.298 0.417 0.028
705 267 257 10 0.277 0.000 0.277 0.417 0.028
706 267 257 10 0.274 0.000 0.274 0.433 0.027
707 267 257 10 0.319 0.000 0.319 0.433 0.027
708 328 328 0 0.436 0.000 0.436 0.417 0.027
709 328 328 0 0.674 0.000 0.674 0.417 0.027
710 392 392 0 1.022 0.000 1.022 0.417 0.027
711 392 392 0 1.373 0.000 1.373 0.417 0.027
712 392 392 0 2.010 0.000 2.010 0.417 0.026
713 418 418 0 2.980 0.000 2.980 0.417 0.026
714 635 635 0 4.133 0.000 4.133 0.417 0.027
715 635 635 0 5.995 0.000 5.995 0.400 0.027
716 635 635 0 8.656 0.000 8.656 0.383 0.027
717 644 644 0 12.078 0.000 12.078 0.383 0.027
718 644 644 0 15.444 0.000 15.444 0.383 0.027
719 817 817 0 21.247 0.000 21.247 0.383 0.028
720 817 817 0 26.799 0.000 26.799 0.400 0.028
721 1078 1078 0 33.125 0.000 33.125 0.400 0.028
722 1078 1078 0 39.165 0.000 39.165 0.400 0.028
723 1078 1078 0 47.061 0.000 47.061 0.400 0.028
724 1078 1078 0 53.831 0.000 53.831 0.400 0.028
725 1078 1078 0 62.545 0.000 62.545 0.400 0.028
726 1078 1078 0 72.298 0.000 72.298 0.417 0.028
727 1184 1184 0 83.638 0.000 83.638 0.417 0.028
728 1184 1184 0 94.002 0.000 94.002 0.417 0.028
729 1184 1184 0 105.410 0.000 105.410 0.417 0.028
730 1268 1268 0 118.918 0.000 118.918 0.400 0.029
731 1268 1268 0 132.296 0.000 132.296 0.417 0.029
732 1268 1268 0 147.743 0.000 147.743 0.417 0.029
733 1401 1401 0 160.611 0.000 160.611 0.417 0.029
734 1401 1401 0 176.060 0.000 176.060 0.417 0.029
735 1401 1401 0 192.471 0.000 192.471 0.417 0.029
736 1528 1528 0 209.145 0.000 209.145 0.433 0.029
737 1528 1528 0 225.384 0.000 225.384 0.450 0.029
738 1528 1528 0 242.131 0.000 242.131 0.450 0.029
739 1604 1604 0 261.260 0.000 261.260 0.433 0.029
740 1645 1645 0 280.428 0.000 280.428 0.433 0.029
741 1645 1645 0 301.481 0.000 301.481 0.433 0.029
742 1684 1684 0 319.726 0.000 319.726 0.433 0.029
743 1762 1762 0 341.616 0.000 341.616 0.417 0.029
744 1812 1812 0 359.916 0.000 359.916 0.433 0.028
745 1812 1812 0 381.643 0.000 381.643 0.433 0.029
746 1822 1822 0 403.591 0.000 403.591 0.417 0.028
747 1822 1822 0 425.811 0.000 425.811 0.417 0.028
748 2091 2091 0 450.292 0.000 450.292 0.417 0.028
749 2091 2091 0 472.371 0.000 472.371 0.400 0.028
750 2171 2171 0 496.741 0.000 496.741 0.383 0.028
751 2171 2171 0 518.740 0.000 518.740 0.400 0.028
752 2171 2171 0 544.597 0.000 544.597 0.367 0.028
753 2171 2171 0 567.794 0.000 567.794 0.367 0.027
754 2171 2171 0 589.951 0.000 589.951 0.367 0.027
755 2171 2171 0 617.622 0.000 617.622 0.367 0.027
756 2171 2171 0 643.062 0.000 643.062 0.367 0.027
757 2171 2171 0 671.203 0.000 671.203 0.350 0.027
758 2171 2171 0 694.735 0.000 694.735 0.350 0.027
759 2171 2171 0 720.563 0.000 720.563 0.350 0.027
760 2171 2171 0 749.382 0.000 749.382 0.350 0.027
761 2171 2171 0 775.665 0.000 775.665 0.350 0.027
762 2171 2171 0 801.317 0.000 801.317 0.350 0.027
763 2171 2171 0 829.569 0.000 829.569 0.350 0.027
764 2293 2293 0 855.114 0.000 855.114 0.350 0.027
765 2293 2293 0 881.794 0.000 881.794 0.350 0.028
766 2293 2293 0 912.595 0.000 912.595 0.350 0.028
767 2293 2293 0 938.512 0.000 938.512 0.350 0.028
768 2293 2293 0 964.618 0.000 964.618 0.350 0.028
769 2293 2293 0 992.616 0.000 992.616 0.350 0.028
770 2293 2293 0 1022.140 0.000 1022.140 0.350 0.028
771 2293 2293 0 1047.419 0.000 1047.419 0.350 0.028
772 2293 2293 0 1072.467 0.000 1072.467 0.350 0.027
773 2293 2293 0 1098.106 0.000 1098.106 0.350 0.027
774 2293 2293 0 1122.926 0.000 1122.926 0.367 0.027
775 2293 2293 0 1146.641 0.000 1146.641 0.367 0.026
776 2293 2293 0 1170.820 0.000 1170.820 0.367 0.026
777 2293 2293 0 1192.284 0.000 1192.284 0.367 0.025
778 2293 2293 0 1210.909 0.000 1210.909 0.317 0.025
779 2293 2293 0 1232.717 0.000 1232.717 0.317 0.024
780 2293 2293 0 1251.707 0.000 1251.707 0.317 0.023
781 2293 2293 0 1269.938 0.000 1269.938 0.300 0.023
782 2293 2293 0 1283.819 0.000 1283.819 0.300 0.022
783 2293 2293 0 1300.154 0.000 1300.154 0.300 0.022
784 2293 2293 0 1311.651 0.000 1311.651 0.283 0.021
785 2293 2293 0 1324.493 0.000 1324.493 0.283 0.021
786 2293 2293 0 1335.974 0.000 1335.974 0.283 0.020
787 2293 2293 0 1347.191 0.000 1347.191 0.267 0.019
788 2293 2293 0 1355.043 0.000 1355.043 0.250 0.019
789 2293 2293 0 1361.061 0.000 1361.061 0.250 0.018
790 2293 2293 0 1368.382 0.000 1368.382 0.233 0.018
791 2293 2293 0 1374.331 0.000 1374.331 0.233 0.017
792 2293 2293 0 1380.694 0.000 1380.694 0.217 0.017
793 2293 2293 0 1382.862 0.000 1382.862 0.217 0.016
794 2293 2293 0 1385.706 0.000 1385.706 0.217 0.015
795 2293 2293 0 1387.878 0.000 1387.878 0.200 0.015
796 2293 2293 0 1388.524 0.000 1388.524 0.200 0.014
797 2293 2293 0 1386.463 0.000 1386.463 0.200 0.014
798 2293 2293 0 1383.315 0.000 1383.315 0.200 0.013
799 2293 2293 0 1380.230 0.000 1380.230 0.183 0.013
800 2293 2293 0 1374.289 0.000 1374.289 0.183 0.012
801 2293 2293 0 1369.130 0.000 1369.130 0.183 0.011
802 2293 2293 0 1360.694 0.000 1360.694 0.183 0.011
803 2293 2293 0 1350.422 0.000 1350.422 0.167 0.010
804 2293 2293 0 1343.571 0.000 1343.571 0.150 0.010
805 2293 2293 0 1333.901 0.000 1333.901 0.150 0.009
806 2293 2293 0 1319.839 0.000 1319.839 0.150 0.009
807 2293 2293 0 1302.974 0.000 1302.974 0.133 0.008
808 2293 2293 0 1287.269 0.000 1287.269 0.133 0.008
809 2293 2293 0 1272.346 0.000 1272.346 0.133 0.007
810 2293 2293 0 1253.800 0.000 1253.800 0.117 0.007
811 2293 2293 0 1237.127 0.000 1237.127 0.117 0.007
812 2293 2293 0 1217.915 0.000 1217.915 0.117 0.006
813 2293 2293 0 1200.246 0.000 1200.246 0.100 0.006
814 2293 2293 0 1179.435 0.000 1179.435 0.100 0.005
815 2293 2293 0 1156.952 0.000 1156.952 0.100 0.005
816 2293 2293 0 1133.429 0.000 1133.429 0.100 0.005
817 2293 2293 0 1105.944 0.000 1105.944 0.100 0.005
818 2293 2293 0 1081.180 0.000 1081.180 0.083 0.004
819 2293 2293 0 1052.393 0.000 1052.393 0.083 0.004
820 2293 2293 0 1021.857 0.000 1021.857 0.083 0.004
821 2293 2293 0 994.111 0.000 994.111 0.083 0.004
822 2293 2293 0 969.109 0.000 969.109 0.083 0.004
823 2293 2293 0 940.055 0.000 940.055 0.083 0.003
824 2136 2136 0 912.445 0.000 912.445 0.067 0.003
825 2136 2136 0 886.984 0.000 886.984 0.067 0.004
826 2136 2136 0 855.458 0.000 855.458 0.067 0.004
827 2136 2136 0 830.218 0.000 830.218 0.083 0.004
828 2136 2136 0 803.496 0.000 803.496 0.083 0.004
829 2136 2136 0 774.581 0.000 774.581 0.083 0.004
830 2136 2136 0 748.039 0.000 748.039 0.083 0.004
831 2136 2136 0 721.601 0.000 721.601 0.083 0.004
832 2136 2136 0 695.026 0.000 695.026 0.083 0.005
833 2136 2136 0 669.474 0.000 669.474 0.083 0.005
834 2061 2061 0 643.551 0.000 643.551 0.100 0.005
835 2061 2061 0 617.721 0.000 617.721 0.100 0.006
836 1847 1877 30 590.789 0.000 590.789 0.100 0.006
837 1847 1877 30 564.809 0.000 564.809 0.100 0.006
838 1847 1877 30 540.712 0.000 540.712 0.117 0.007
839 1847 1877 30 519.436 0.000 519.436 0.117 0.007
840 1802 1811 9 496.271 0.000 496.271 0.133 0.008
841 1763 1811 48 473.588 0.000 473.588 0.133 0.008
842 1763 1811 48 450.958 0.000 450.958 0.133 0.009
843 1761 1802 41 427.307 0.000 427.307 0.133 0.009
844 1761 1802 41 404.975 0.000 404.975 0.150 0.010
845 1761 1802 41 383.364 0.000 383.364 0.167 0.010
846 1761 1802 41 357.940 0.000 357.940 0.167 0.011
847 1761 1802 41 335.756 0.000 335.756 0.167 0.011
848 1761 1802 41 313.255 0.000 313.255 0.167 0.012
849 1761 1802 41 290.408 0.000 290.408 0.183 0.012
850 1761 1802 41 272.247 0.000 272.247 0.200 0.013
851 1524 1524 0 252.702 0.000 252.702 0.233 0.013
852 1524 1524 0 235.273 0.000 235.273 0.267 0.014
853 1524 1524 0 218.581 0.000 218.581 0.267 0.014
854 1501 1524 23 201.134 0.000 201.134 0.267 0.015
855 1501 1524 23 186.671 0.000 186.671 0.267 0.015
856 1414 1436 22 172.527 0.000 172.527 0.267 0.016
857 1414 1436 22 157.372 0.000 157.372 0.267 0.017
858 1186 1195 9 143.008 0.000 143.008 0.283 0.017
859 1174 1195 21 130.150 0.000 130.150 0.283 0.018
860 1174 1195 21 116.705 0.000 116.705 0.283 0.019
861 1059 1059 0 105.489 0.000 105.489 0.283 0.019
862 1026 1028 2 92.856 0.000 92.856 0.300 0.020
863 1026 1028 2 81.107 0.000 81.107 0.300 0.021
864 1026 1028 2 73.906 0.000 73.906 0.317 0.021
865 997 997 0 65.614 0.000 65.614 0.317 0.021
866 997 997 0 56.144 0.000 56.144 0.317 0.022
867 864 865 1 46.022 0.000 46.022 0.317 0.023
868 864 865 1 37.988 0.000 37.988 0.350 0.023
869 864 865 1 31.368 0.000 31.368 0.367 0.024
870 774 805 31 24.607 0.000 24.607 0.367 0.024
871 749 749 0 19.520 0.000 19.520 0.383 0.025
872 749 749 0 15.010 0.000 15.010 0.383 0.025
873 749 749 0 11.386 0.000 11.386 0.383 0.026
874 749 749 0 8.176 0.000 8.176 0.383 0.026
875 749 749 0 5.663 0.000 5.663 0.383 0.027
876 749 749 0 3.627 0.000 3.627 0.383 0.027
877 749 749 0 2.395 0.000 2.395 0.400 0.028
878 693 741 48 1.561 0.000 1.561 0.400 0.028
879 400 400 0 0.963 0.000 0.963 0.400 0.028
880 400 400 0 0.669 0.000 0.669 0.400 0.028
881 361 361 0 0.392 0.000 0.392 0.400 0.028
882 361 361 0 0.279 0.000 0.279 0.400 0.028
883 361 361 0 0.201 0.000 0.201 0.400 0.028
884 202 202 0 0.141 0.000 0.141 0.400 0.028
885 184 184 0 0.135 0.000 0.135 0.400 0.028
886 184 184 0 0.142 0.000 0.142 0.383 0.027
887 195 195 0 0.224 0.000 0.224 0.383 0.027
888 430 430 0 0.406 0.000 0.406 0.400 0.027
889 430 430 0 0.656 0.000 0.656 0.400 0.027
890 430 430 0 0.893 0.000 0.893 0.400 0.027
891 683 683 0 1.343 0.000 1.343 0.400 0.027
892 683 683 0 2.010 0.000 2.010 0.400 0.027
893 683 683 0 2.844 0.000 2.844 0.383 0.027
894 683 683 0 4.517 0.000 4.517 0.383 0.027
895 683 683 0 6.399 0.000 6.399 0.417 0.027
896 683 683 0 9.321 0.000 9.321 0.417 0.027
897 699 699 0 13.220 0.000 13.220 0.417 0.027
898 699 699 0 17.054 0.000 17.054 0.417 0.027
899 798 798 0 22.560 0.000 22.560 0.417 0.028
900 798 798 0 28.785 0.000 28.785 0.417 0.028
901 798 798 0 35.434 0.000 35.434 0.433 0.028
902 798 798 0 41.140 0.000 41.140 0.450 0.028
903 832 832 0 49.592 0.000 49.592 0.433 0.028
904 842 842 0 57.643 0.000 57.643 0.433 0.028
905 903 903 0 66.014 0.000 66.014 0.433 0.028
906 1015 1015 0 75.050 0.000 75.050 0.417 0.028
907 1015 1015 0 86.884 0.000 86.884 0.417 0.028
908 1042 1042 0 99.535 0.000 99.535 0.450 0.029
909 1179 1179 0 111.195 0.000 111.195 0.450 0.029
910 1179 1179 0 123.505 0.000 123.505 0.450 0.029
911 1240 1240 0 135.767 0.000 135.767 0.467 0.029
912 1369 1369 0 149.363 0.000 149.363 0.467 0.029
913 1474 1474 0 165.470 0.000 165.470 0.450 0.029
914 1474 1474 0 180.894 0.000 180.894 0.450 0.029
915 1474 1474 0 195.019 0.000 195.019 0.433 0.029
916 1474 1474 0 212.989 0.000 212.989 0.417 0.029
917 1503 1503 0 228.759 0.000 228.759 0.417 0.029
918 1849 1849 0 249.914 0.000 249.914 0.417 0.029
919 1849 1849 0 266.757 0.000 266.757 0.417 0.029
920 1849 1849 0 285.070 0.000 285.070 0.450 0.028
921 1849 1849 0 305.156 0.000 305.156 0.450 0.028
922 1849 1849 0 326.798 0.000 326.798 0.417 0.028
923 1849 1849 0 347.043 0.000 347.043 0.417 0.028
924 1849 1849 0 370.225 0.000 370.225 0.417 0.028
925 1849 1849 0 391.648 0.000 391.648 0.417 0.028
926 1849 1849 0 410.927 0.000 410.927 0.417 0.028
927 1849 1849 0 430.967 0.000 430.967 0.417 0.028
928 1869 1869 0 456.743 0.000 456.743 0.417 0.028
929 1869 1869 0 476.723 0.000 476.723 0.400 0.028
930 1869 1869 0 499.147 0.000 499.147 0.400 0.028
931 1869 1869 0 523.586 0.000 523.586 0.383 0.027
932 1869 1869 0 549.384 0.000 549.384 0.383 0.027
933 1869 1869 0 575.035 0.000 575.035 0.383 0.027
934 1950 1950 0 600.573 0.000 600.573 0.383 0.027
935 1950 1950 0 623.619 0.000 623.619 0.383 0.027
936 1950 1950 0 650.804 0.000 650.804 0.383 0.027
937 2017 2017 0 675.879 0.000 675.879 0.383 0.027
938 2017 2017 0 701.060 0.000 701.060 0.383 0.027
939 2224 2224 0 725.005 0.000 725.005 0.367 0.027
940 2224 2224 0 749.068 0.000 749.068 0.350 0.027
941 2224 2224 0 773.095 0.000 773.095 0.367 0.027
942 2386 2386 0 803.756 0.000 803.756 0.367 0.027
943 2462 2462 0 829.103 0.000 829.103 0.367 0.027
944 2462 2462 0 857.567 0.000 857.567 0.367 0.027
945 2462 2462 0 884.708 0.000 884.708 0.367 0.028
946 2462 2462 0 909.238 0.000 909.238 0.367 0.028
947 2462 2462 0 937.636 0.000 937.636 0.383 0.028
948 2462 2462 0 963.466 0.000 963.466 0.383 0.028
949 2462 2462 0 987.799 0.000 987.799 0.383 0.028
950 2462 2462 0 1014.552 0.000 1014.552 0.383 0.028
951 2462 2462 0 1038.030 0.000 1038.030 0.367 0.028
952 2462 2462 0 1065.560 0.000 1065.560 0.367 0.028
953 2462 2462 0 1090.133 0.000 1090.133 0.367 0.027
954 2462 2462 0 1115.696 0.000 1115.696 0.350 0.027
955 2462 2462 0 1139.656 0.000 1139.656 0.350 0.026
956 2462 2462 0 1164.226 0.000 1164.226 0.350 0.026
957 2462 2462 0 1188.958 0.000 1188.958 0.333 0.025
958 2462 2462 0 1208.861 0.000 1208.861 0.317 0.025
959 2462 2462 0 1231.179 0.000 1231.179 0.317 0.024
960 2462 2462 0 1250.973 0.000 1250.973 0.300 0.024
961 2462 2462 0 1268.605 0.000 1268.605 0.283 0.023
962 2462 2462 0 1282.737 0.000 1282.737 0.283 0.022
963 2462 2462 0 1298.781 0.000 1298.781 0.283 0.022
964 2462 2462 0 1312.522 0.000 1312.522 0.283 0.021
965 2462 2462 0 1324.174 0.000 1324.174 0.267 0.021
966 2462 2462 0 1334.042 0.000 1334.042 0.267 0.020
967 2462 2462 0 1346.691 0.000 1346.691 0.250 0.020
968 2462 2462 0 1357.623 0.000 1357.623 0.233 0.019
969 2462 2462 0 1365.054 0.000 1365.054 0.233 0.018
970 2462 2462 0 1371.932 0.000 1371.932 0.233 0.018
971 2462 2462 0 1375.443 0.000 1375.443 0.233 0.017
972 2462 2462 0 1379.596 0.000 1379.596 0.233 0.017
973 2462 2462 0 1383.970 0.000 1383.970 0.233 0.016
974 2462 2462 0 1385.975 0.000 1385.975 0.200 0.016
975 2462 2462 0 1385.404 0.000 1385.404 0.200 0.015
976 2462 2462 0 1386.056 0.000 1386.056 0.200 0.014
977 2462 2462 0 1381.838 0.000 1381.838 0.200 0.014
978 2462 2462 0 1380.032 0.000 1380.032 0.200 0.013
979 2462 2462 0 1373.951 0.000 1373.951 0.200 0.013
980 2462 2462 0 1369.586 0.000 1369.586 0.183 0.012
981 2462 2462 0 1362.778 0.000 1362.778 0.183 0.012
982 2462 2462 0 1356.368 0.000 1356.368 0.167 0.011
983 2462 2462 0 1347.454 0.000 1347.454 0.167 0.011
984 2462 2462 0 1336.758 0.000 1336.758 0.150 0.010
985 2462 2462 0 1324.634 0.000 1324.634 0.150 0.009
986 2462 2462 0 1313.054 0.000 1313.054 0.150 0.009
987 2462 2462 0 1296.964 0.000 1296.964 0.133 0.009
988 2462 2462 0 1281.621 0.000 1281.621 0.133 0.008
989 2462 2462 0 1264.674 0.000 1264.674 0.133 0.008
990 2462 2462 0 1250.006 0.000 1250.006 0.133 0.007
991 2462 2462 0 1233.753 0.000 1233.753 0.133 0.007
992 2462 2462 0 1216.258 0.000 1216.258 0.133 0.006
993 2462 2462 0 1196.207 0.000 1196.207 0.117 0.006
994 2462 2462 0 1175.178 0.000 1175.178 0.117 0.006
995 2462 2462 0 1152.677 0.000 1152.677 0.100 0.005
996 2462 2462 0 1126.434 0.000 1126.434 0.083 0.005
997 2462 2462 0 1101.897 0.000 1101.897 0.083 0.005
998 2462 2462 0 1074.506 0.000 1074.506 0.083 0.004
999 2462 2462 0 1053.723 0.000 1053.723 0.067 0.004
1000 2462 2462 0 1029.882 0.000 1029.882 0.067 0.004
1001 2462 2462 0 1006.957 0.000 1006.957 0.067 0.004
1002 2462 2462 0 981.694 0.000 981.694 0.067 0.004
1003 2260 2260 0 954.509 0.000 954.509 0.067 0.003
1004 2260 2260 0 925.901 0.000 925.901 0.050 0.003
1005 2260 2260 0 897.900 0.000 897.900 0.050 0.003
1006 2260 2260 0 872.563 0.000 872.563 0.050 0.003
1007 2260 2260 0 843.919 0.000 843.919 0.050 0.003
1008 2260 2260 0 813.408 0.000 813.408 0.083 0.004
1009 2110 2110 0 790.231 0.000 790.231 0.083 0.004
1010 2110 2110 0 763.487 0.000 763.487 0.083 0.004
1011 2110 2110 0 737.545 0.000 737.545 0.083 0.004
1012 2110 2110 0 709.600 0.000 709.600 0.083 0.004
1013 2110 2110 0 682.176 0.000 682.176 0.083 0.005
1014 2110 2110 0 657.364 0.000 657.364 0.100 0.005
1015 2110 2110 0 631.251 0.000 631.251 0.100 0.005
1016 2054 2054 0 604.906 0.000 604.906 0.100 0.006
1017 2054 2054 0 577.461 0.000 577.461 0.117 0.006
1018 2054 2054 0 553.167 0.000 553.167 0.133 0.006
1019 2029 2031 2 526.508 0.000 526.508 0.133 0.007
1020 1857 1857 0 503.305 0.000 503.305 0.150 0.007
1021 1857 1857 0 480.453 0.000 480.453 0.150 0.008
1022 1843 1857 14 458.976 0.000 458.976 0.150 0.008
1023 1721 1739 18 437.755 0.000 437.755 0.167 0.009
1024 1721 1721 0 414.288 0.000 414.288 0.167 0.009
1025 1681 1694 13 391.738 0.000 391.738 0.183 0.009
1026 1681 1694 13 367.729 0.000 367.729 0.183 0.010
1027 1681 1694 13 347.477 0.000 347.477 0.183 0.010
1028 1681 1694 13 329.132 0.000 329.132 0.183 0.011
1029 1681 1694 13 308.541 0.000 308.541 0.183 0.011
1030 1681 1694 13 288.424 0.000 288.424 0.183 0.012
1031 1681 1694 13 265.550 0.000 265.550 0.200 0.013
1032 1681 1694 13 247.180 0.000 247.180 0.200 0.013
1033 1681 1694 13 229.201 0.000 229.201 0.200 0.014
1034 1681 1694 13 211.126 0.000 211.126 0.200 0.014
1035 1681 1694 13 193.476 0.000 193.476 0.200 0.015
1036 1540 1588 48 176.633 0.000 176.633 0.200 0.015
1037 1396 1418 22 158.689 0.000 158.689 0.217 0.016
1038 1396 1418 22 144.781 0.000 144.781 0.233 0.017
1039 1396 1418 22 129.199 0.000 129.199 0.250 0.017
1040 1195 1195 0 116.394 0.000 116.394 0.250 0.018
1041 1195 1195 0 104.135 0.000 104.135 0.267 0.018
1042 1195 1195 0 93.912 0.000 93.912 0.267 0.019
1043 1195 1195 0 83.143 0.000 83.143 0.267 0.020
1044 1195 1195 0 73.024 0.000 73.024 0.317 0.020
1045 1195 1195 0 62.600 0.000 62.600 0.317 0.021
1046 1195 1195 0 53.900 0.000 53.900 0.317 0.021
1047 1180 1180 0 44.491 0.000 44.491 0.333 0.022
1048 1180 1180 0 36.833 0.000 36.833 0.333 0.023
1049 1180 1180 0 29.431 0.000 29.431 0.350 0.023
1050 1180 1180 0 24.071 0.000 24.071 0.350 0.024
1051 1180 1180 0 19.560 0.000 19.560 0.367 0.024
1052 840 840 0 15.024 0.000 15.024 0.367 0.025
1053 762 762 0 11.133 0.000 11.133 0.367 0.026
1054 762 762 0 8.156 0.000 8.156 0.367 0.026
1055 520 520 0 5.505 0.000 5.505 0.367 0.027
1056 520 520 0 3.720 0.000 3.720 0.367 0.027
1057 520 520 0 2.686 0.000 2.686 0.367 0.027
1058 449 449 0 1.702 0.000 1.702 0.383 0.028
1059 449 449 0 1.344 0.000 1.344 0.383 0.028
1060 449 449 0 0.871 0.000 0.871 0.383 0.028
1061 449 449 0 0.612 0.000 0.612 0.383 0.028
1062 449 449 0 0.533 0.000 0.533 0.383 0.028
1063 449 449 0 0.457 0.000 0.457 0.383 0.028
1064 449 449 0 0.397 0.000 0.397 0.400 0.028
1065 449 449 0 0.295 0.000 0.295 0.400 0.028
1066 449 449 0 0.263 0.000 0.263 0.400 0.027
1067 516 516 0 0.405 0.000 0.405 0.400 0.027
1068 516 516 0 0.513 0.000 0.513 0.383 0.027
1069 516 516 0 0.672 0.000 0.672 0.383 0.027
1070 551 551 0 0.891 0.000 0.891 0.383 0.027
1071 551 551 0 1.316 0.000 1.316 0.383 0.027
1072 551 551 0 1.932 0.000 1.932 0.383 0.027
1073 551 551 0 2.886 0.000 2.886 0.367 0.027
1074 643 643 0 3.933 0.000 3.933 0.367 0.027
1075 643 643 0 5.487 0.000 5.487 0.367 0.027
1076 643 643 0 8.309 0.000 8.309 0.383 0.027
1077 643 643 0 11.525 0.000 11.525 0.400 0.027
1078 760 743 17 15.511 0.000 15.511 0.400 0.027
1079 760 743 17 19.859 0.000 19.859 0.417 0.027
1080 840 840 0 25.215 0.000 25.215 0.417 0.027
1081 968 968 0 31.149 0.000 31.149 0.400 0.028
1082 1011 968 43 37.771 0.000 37.771 0.417 0.028
1083 1011 992 19 45.507 0.000 45.507 0.433 0.028
1084 1011 992 19 53.264 0.000 53.264 0.467 0.028
1085 1041 1041 0 61.947 0.000 61.947 0.450 0.028
1086 1069 1069 0 72.328 0.000 72.328 0.450 0.028
1087 1133 1133 0 82.681 0.000 82.681 0.467 0.028
1088 1321 1321 0 93.241 0.000 93.241 0.467 0.028
1089 1321 1321 0 103.278 0.000 103.278 0.483 0.028
1090 1321 1321 0 115.522 0.000 115.522 0.483 0.028
1091 1321 1321 0 128.011 0.000 128.011 0.467 0.028
1092 1352 1352 0 141.962 0.000 141.962 0.483 0.028
1093 1352 1352 0 154.767 0.000 154.767 0.483 0.028
1094 1352 1352 0 170.638 0.000 170.638 0.467 0.028
1095 1352 1352 0 187.590 0.000 187.590 0.467 0.028
1096 1363 1352 11 203.983 0.000 203.983 0.467 0.028
1097 1363 1352 11 219.611 0.000 219.611 0.467 0.028
1098 1370 1352 18 237.965 0.000 237.965 0.467 0.028
1099 1480 1480 0 255.945 0.000 255.945 0.467 0.028
1100 1480 1480 0 275.110 0.000 275.110 0.467 0.028
1101 1621 1621 0 293.911 0.000 293.911 0.483 0.028
1102 1621 1621 0 314.247 0.000 314.247 0.467 0.028
1103 1621 1621 0 332.939 0.000 332.939 0.450 0.028
1104 1709 1709 0 353.497 0.000 353.497 0.450 0.028
1105 1904 1904 0 376.071 0.000 376.071 0.433 0.028
1106 1904 1904 0 400.972 0.000 400.972 0.450 0.028
1107 2021 2021 0 423.681 0.000 423.681 0.433 0.028
1108 2021 2021 0 447.771 0.000 447.771 0.450 0.028
1109 2021 2021 0 470.917 0.000 470.917 0.433 0.027
1110 2021 2021 0 495.209 0.000 495.209 0.433 0.027
1111 2021 2021 0 516.624 0.000 516.624 0.417 0.027
1112 2021 2021 0 543.095 0.000 543.095 0.417 0.027
1113 2021 2021 0 567.425 0.000 567.425 0.417 0.027
1114 2021 2021 0 594.146 0.000 594.146 0.417 0.027
1115 2021 2021 0 620.954 0.000 620.954 0.417 0.027
1116 2093 2093 0 645.246 0.000 645.246 0.417 0.026
1117 2125 2093 32 672.163 0.000 672.163 0.417 0.026
1118 2125 2100 25 699.533 0.000 699.533 0.400 0.026
1119 2161 2161 0 726.972 0.000 726.972 0.417 0.027
1120 2161 2161 0 752.893 0.000 752.893 0.417 0.027
1121 2161 2161 0 781.355 0.000 781.355 0.417 0.027
1122 2161 2161 0 807.225 0.000 807.225 0.433 0.027
1123 2161 2161 0 834.503 0.000 834.503 0.417 0.027
1124 2161 2161 0 858.737 0.000 858.737 0.417 0.027
1125 2161 2161 0 887.194 0.000 887.194 0.417 0.028
1126 2161 2161 0 914.966 0.000 914.966 0.417 0.028
1127 2161 2161 0 942.028 0.000 942.028 0.417 0.028
1128 2161 2161 0 968.163 0.000 968.163 0.417 0.028
1129 2249 2249 0 994.328 0.000 994.328 0.417 0.028
1130 2249 2249 0 1020.619 0.000 1020.619 0.417 0.028
1131 2249 2249 0 1047.229 0.000 1047.229 0.400 0.028
1132 2249 2249 0 1073.508 0.000 1073.508 0.400 0.028
1133 2249 2249 0 1101.258 0.000 1101.258 0.400 0.027
1134 2249 2249 0 1124.509 0.000 1124.509 0.383 0.027
1135 2249 2249 0 1147.308 0.000 1147.308 0.383 0.027
1136 2249 2249 0 1170.196 0.000 1170.196 0.383 0.026
1137 2249 2249 0 1192.254 0.000 1192.254 0.367 0.025
1138 2249 2249 0 1213.712 0.000 1213.712 0.350 0.025
1139 2249 2249 0 1233.100 0.000 1233.100 0.333 0.024
1140 2249 2249 0 1251.453 0.000 1251.453 0.333 0.024
1141 2249 2249 0 1268.920 0.000 1268.920 0.317 0.023
1142 2249 2249 0 1285.326 0.000 1285.326 0.300 0.023
1143 2249 2249 0 1300.815 0.000 1300.815 0.300 0.022
1144 2249 2249 0 1314.500 0.000 1314.500 0.300 0.022
1145 2249 2249 0 1326.517 0.000 1326.517 0.283 0.021
1146 2249 2249 0 1339.868 0.000 1339.868 0.267 0.021
1147 2249 2249 0 1349.899 0.000 1349.899 0.267 0.020
1148 2249 2249 0 1357.726 0.000 1357.726 0.267 0.019
1149 2249 2249 0 1364.614 0.000 1364.614 0.267 0.019
1150 2249 2249 0 1371.658 0.000 1371.658 0.267 0.018
1151 2249 2249 0 1377.270 0.000 1377.270 0.250 0.018
1152 2249 2249 0 1380.904 0.000 1380.904 0.250 0.017
1153 2249 2249 0 1382.752 0.000 1382.752 0.250 0.017
1154 2249 2249 0 1385.012 0.000 1385.012 0.233 0.016
1155 2249 2249 0 1385.679 0.000 1385.679 0.233 0.015
1156 2249 2249 0 1384.394 0.000 1384.394 0.233 0.015
1157 2249 2249 0 1382.918 0.000 1382.918 0.200 0.014
1158 2249 2249 0 1379.538 0.000 1379.538 0.200 0.014
1159 2249 2249 0 1374.842 0.000 1374.842 0.200 0.013
1160 2249 2249 0 1370.658 0.000 1370.658 0.200 0.013
1161 2249 2249 0 1364.575 0.000 1364.575 0.167 0.012
1162 2249 2249 0 1356.517 0.000 1356.517 0.167 0.012
1163 2249 2249 0 1346.630 0.000 1346.630 0.167 0.011
1164 2249 2249 0 1335.723 0.000 1335.723 0.167 0.011
1165 2249 2249 0 1324.820 0.000 1324.820 0.167 0.010
1166 2249 2249 0 1313.494 0.000 1313.494 0.150 0.009
1167 2249 2249 0 1298.000 0.000 1298.000 0.133 0.009
1168 2249 2249 0 1285.351 0.000 1285.351 0.133 0.008
1169 2249 2249 0 1270.816 0.000 1270.816 0.133 0.008
1170 2249 2249 0 1253.789 0.000 1253.789 0.133 0.007
1171 2249 2249 0 1236.490 0.000 1236.490 0.117 0.007
1172 2249 2249 0 1216.583 0.000 1216.583 0.117 0.007
1173 2249 2249 0 1194.780 0.000 1194.780 0.100 0.006
1174 2249 2249 0 1174.147 0.000 1174.147 0.100 0.006
1175 2249 2249 0 1155.910 0.000 1155.910 0.100 0.006
1176 2249 2249 0 1132.199 0.000 1132.199 0.083 0.005
1177 2249 2249 0 1108.121 0.000 1108.121 0.083 0.005
1178 2249 2249 0 1081.747 0.000 1081.747 0.083 0.005
1179 2249 2249 0 1058.131 0.000 1058.131 0.083 0.004
1180 2249 2249 0 1032.249 0.000 1032.249 0.083 0.004
1181 2249 2249 0 1007.743 0.000 1007.743 0.083 0.004
1182 2249 2249 0 980.309 0.000 980.309 0.083 0.004
1183 2249 2249 0 954.325 0.000 954.325 0.083 0.004
1184 2249 2249 0 925.744 0.000 925.744 0.083 0.004
1185 2249 2249 0 894.829 0.000 894.829 0.083 0.004
1186 2249 2249 0 867.293 0.000 867.293 0.083 0.004
1187 2249 2249 0 845.808 0.000 845.808 0.083 0.004
1188 2249 2249 0 820.624 0.000 820.624 0.067 0.004
1189 2155 2146 9 791.834 0.000 791.834 0.067 0.004
1190 2155 2146 9 765.015 0.000 765.015 0.067 0.004
1191 2155 2146 9 737.053 0.000 737.053 0.067 0.004
1192 2155 2146 9 710.414 0.000 710.414 0.067 0.004
1193 2155 2146 9 687.510 0.000 687.510 0.083 0.005
1194 2109 2146 37 661.769 0.000 661.769 0.083 0.005
1195 2004 2022 18 634.945 0.000 634.945 0.083 0.005
1196 2004 2022 18 606.676 0.000 606.676 0.083 0.006
1197 2004 2022 18 581.536 0.000 581.536 0.100 0.006
1198 2004 2022 18 553.788 0.000 553.788 0.117 0.007
1199 2004 2022 18 527.176 0.000 527.176 0.133 0.007
