1 872 0 872 385.020 0.000 385.020 0.000 0.000
2 872 0 872 411.401 0.000 411.401 0.000 0.000
3 1024 0 1024 432.923 0.000 432.923 0.000 0.000
4 1024 0 1024 449.870 0.000 449.870 0.000 0.000
5 1098 0 1098 470.513 0.000 470.513 0.000 0.000
6 1098 1098 0 488.688 0.000 488.688 1.167 0.250
7 1098 1098 0 511.237 0.000 511.237 1.000 0.219
8 1098 1098 0 530.626 0.000 530.626 1.000 0.195
9 1306 1306 0 551.801 0.000 551.801 1.000 0.177
10 1306 1306 0 572.300 0.000 572.300 1.000 0.163
11 1306 1306 0 594.688 0.000 594.688 1.000 0.151
12 1306 1306 0 614.592 0.000 614.592 0.917 0.141
13 1362 1362 0 634.294 0.000 634.294 0.846 0.133
14 1362 1362 0 651.341 0.000 651.341 0.857 0.125
15 1529 1529 0 669.008 0.000 669.008 0.867 0.118
16 1529 1529 0 688.245 0.000 688.245 0.813 0.113
17 1651 1651 0 702.855 0.000 702.855 0.765 0.107
18 1651 1651 0 721.840 0.000 721.840 0.722 0.103
19 1651 1651 0 743.435 0.000 743.435 0.684 0.099
20 1651 1651 0 762.854 0.000 762.854 0.650 0.096
21 1651 1651 0 785.609 0.000 785.609 0.667 0.093
22 1651 1651 0 806.119 0.000 806.119 0.636 0.090
23 1815 1815 0 826.455 0.000 826.455 0.652 0.087
24 1815 1815 0 844.803 0.000 844.803 0.625 0.085
25 1815 1815 0 862.728 0.000 862.728 0.600 0.082
26 1815 1815 0 879.350 0.000 879.350 0.577 0.080
27 1815 1815 0 894.921 0.000 894.921 0.556 0.078
28 1815 1815 0 911.093 0.000 911.093 0.536 0.076
29 1886 1886 0 929.881 0.000 929.881 0.517 0.074
30 1886 1886 0 949.762 0.000 949.762 0.500 0.072
31 1886 1886 0 965.289 0.000 965.289 0.484 0.071
32 2110 2110 0 981.907 0.000 981.907 0.500 0.069
33 2110 2110 0 995.298 0.000 995.298 0.515 0.068
34 2110 2110 0 1008.061 0.000 1008.061 0.500 0.066
35 2128 2128 0 1023.911 0.000 1023.911 0.486 0.065
36 2128 2128 0 1040.392 0.000 1040.392 0.472 0.064
37 2148 2128 20 1055.529 0.000 1055.529 0.486 0.063
38 2148 2128 20 1068.997 0.000 1068.997 0.474 0.061
39 2148 2128 20 1080.048 0.000 1080.048 0.462 0.060
40 2148 2128 20 1093.007 0.000 1093.007 0.450 0.059
41 2148 2128 20 1105.036 0.000 1105.036 0.439 0.058
42 2148 2128 20 1116.690 0.000 1116.690 0.429 0.057
43 2148 2128 20 1128.147 0.000 1128.147 0.419 0.056
44 2148 2128 20 1137.312 0.000 1137.312 0.409 0.055
45 2148 2128 20 1146.721 0.000 1146.721 0.400 0.054
46 2148 2128 20 1156.781 0.000 1156.781 0.391 0.053
47 2148 2128 20 1166.433 0.000 1166.433 0.383 0.052
48 2148 2128 20 1176.023 0.000 1176.023 0.396 0.051
49 2148 2128 20 1184.700 0.000 1184.700 0.388 0.050
50 2148 2128 20 1193.240 0.000 1193.240 0.380 0.049
51 2148 2128 20 1201.636 0.000 1201.636 0.373 0.048
52 2148 2128 20 1208.348 0.000 1208.348 0.365 0.047
53 2200 2200 0 1214.877 0.000 1214.877 0.358 0.047
54 2200 2200 0 1220.651 0.000 1220.651 0.352 0.046
55 2200 2200 0 1225.660 0.000 1225.660 0.345 0.045
56 2200 2200 0 1231.797 0.000 1231.797 0.339 0.044
57 2200 2200 0 1235.737 0.000 1235.737 0.333 0.044
58 2200 2200 0 1240.265 0.000 1240.265 0.328 0.043
59 2200 2200 0 1244.514 0.000 1244.514 0.322 0.042
60 2200 2200 0 1248.101 0.000 1248.101 0.317 0.042
61 2200 2200 0 1264.127 0.000 1264.127 0.317 0.042
62 2200 2200 0 1280.223 0.000 1280.223 0.317 0.042
63 2200 2200 0 1295.499 0.000 1295.499 0.317 0.042
64 2200 2200 0 1309.167 0.000 1309.167 0.317 0.042
65 2200 2200 0 1324.438 0.000 1324.438 0.317 0.042
66 2200 2200 0 1337.304 0.000 1337.304 0.217 0.017
67 2200 2200 0 1349.564 0.000 1349.564 0.200 0.016
68 2200 2200 0 1358.182 0.000 1358.182 0.183 0.016
69 2200 2200 0 1366.068 0.000 1366.068 0.183 0.015
70 2200 2200 0 1372.895 0.000 1372.895 0.167 0.014
71 2200 2200 0 1379.667 0.000 1379.667 0.167 0.014
72 2200 2200 0 1384.300 0.000 1384.300 0.167 0.013
73 2200 2200 0 1387.836 0.000 1387.836 0.167 0.013
74 2200 2200 0 1389.896 0.000 1389.896 0.167 0.012
75 2200 2200 0 1389.271 0.000 1389.271 0.150 0.012
76 2200 2200 0 1387.871 0.000 1387.871 0.150 0.012
77 2200 2200 0 1383.956 0.000 1383.956 0.150 0.011
78 2200 2200 0 1381.071 0.000 1381.071 0.150 0.011
79 2200 2200 0 1378.576 0.000 1378.576 0.133 0.010
80 2200 2200 0 1374.542 0.000 1374.542 0.133 0.010
81 2200 2200 0 1370.504 0.000 1370.504 0.133 0.009
82 2200 2200 0 1362.492 0.000 1362.492 0.117 0.009
83 2200 2200 0 1353.749 0.000 1353.749 0.117 0.008
84 2200 2200 0 1344.150 0.000 1344.150 0.117 0.008
85 2200 2200 0 1332.457 0.000 1332.457 0.117 0.007
86 2200 2200 0 1320.786 0.000 1320.786 0.100 0.007
87 2200 2200 0 1304.987 0.000 1304.987 0.100 0.007
88 2200 2200 0 1292.071 0.000 1292.071 0.100 0.006
89 2200 2200 0 1274.501 0.000 1274.501 0.100 0.006
90 2200 2200 0 1257.212 0.000 1257.212 0.100 0.006
91 2200 2200 0 1237.941 0.000 1237.941 0.100 0.005
92 2200 2200 0 1218.524 0.000 1218.524 0.083 0.005
93 2200 2200 0 1200.116 0.000 1200.116 0.083 0.005
94 2200 2200 0 1177.021 0.000 1177.021 0.083 0.004
95 2200 2200 0 1156.859 0.000 1156.859 0.083 0.004
96 2200 2200 0 1136.039 0.000 1136.039 0.083 0.004
97 2200 2200 0 1107.465 0.000 1107.465 0.067 0.003
98 2200 2200 0 1082.513 0.000 1082.513 0.067 0.003
99 2200 2200 0 1058.889 0.000 1058.889 0.067 0.003
100 2200 2200 0 1035.416 0.000 1035.416 0.067 0.003
101 2200 2200 0 1009.226 0.000 1009.226 0.067 0.003
102 2200 2200 0 982.081 0.000 982.081 0.067 0.003
103 2200 2200 0 953.115 0.000 953.115 0.050 0.003
104 2200 2200 0 928.165 0.000 928.165 0.050 0.003
105 2200 2200 0 904.088 0.000 904.088 0.050 0.003
106 2200 2200 0 873.725 0.000 873.725 0.050 0.003
107 2200 2200 0 846.094 0.000 846.094 0.050 0.003
108 2200 2200 0 817.291 0.000 817.291 0.050 0.003
109 2200 2200 0 791.725 0.000 791.725 0.050 0.003
110 2200 2200 0 764.634 0.000 764.634 0.050 0.003
111 2200 2200 0 736.272 0.000 736.272 0.050 0.003
112 2200 2200 0 707.731 0.000 707.731 0.050 0.003
113 2190 2190 0 679.893 0.000 679.893 0.050 0.003
114 2190 2190 0 653.005 0.000 653.005 0.067 0.004
115 2190 2190 0 626.772 0.000 626.772 0.067 0.004
116 2190 2190 0 598.036 0.000 598.036 0.067 0.004
117 2190 2190 0 575.167 0.000 575.167 0.067 0.004
118 2190 2190 0 550.248 0.000 550.248 0.083 0.005
119 2190 2190 0 523.959 0.000 523.959 0.083 0.005
120 2190 2190 0 498.497 0.000 498.497 0.083 0.005
121 2190 2190 0 473.754 0.000 473.754 0.083 0.006
122 2190 2190 0 449.956 0.000 449.956 0.083 0.006
123 2190 2190 0 424.741 0.000 424.741 0.100 0.006
124 2190 2190 0 401.416 0.000 401.416 0.117 0.007
125 2190 2190 0 380.934 0.000 380.934 0.117 0.007
126 2029 2029 0 356.802 0.000 356.802 0.117 0.008
127 2029 2029 0 333.147 0.000 333.147 0.117 0.008
128 2029 2029 0 314.344 0.000 314.344 0.117 0.009
129 2029 2029 0 293.739 0.000 293.739 0.133 0.009
130 1688 1688 0 274.443 0.000 274.443 0.150 0.010
131 1688 1688 0 255.623 0.000 255.623 0.150 0.010
132 1688 1688 0 237.364 0.000 237.364 0.150 0.010
133 1688 1688 0 220.146 0.000 220.146 0.150 0.011
134 1688 1688 0 205.890 0.000 205.890 0.150 0.011
135 1688 1688 0 188.620 0.000 188.620 0.150 0.012
136 1688 1688 0 171.313 0.000 171.313 0.150 0.012
137 1688 1688 0 154.789 0.000 154.789 0.150 0.013
138 1688 1688 0 139.125 0.000 139.125 0.167 0.014
139 1688 1688 0 128.136 0.000 128.136 0.183 0.014
140 1688 1688 0 116.705 0.000 116.705 0.183 0.014
141 1469 1519 50 105.925 0.000 105.925 0.183 0.015
142 1469 1519 50 93.734 0.000 93.734 0.200 0.015
143 1469 1519 50 82.589 0.000 82.589 0.217 0.016
144 1122 1183 61 73.229 0.000 73.229 0.217 0.016
145 901 924 23 63.839 0.000 63.839 0.217 0.017
146 901 901 0 55.591 0.000 55.591 0.233 0.017
147 787 845 58 45.579 0.000 45.579 0.233 0.018
148 786 845 59 38.800 0.000 38.800 0.233 0.019
149 786 845 59 31.388 0.000 31.388 0.233 0.019
150 786 845 59 25.492 0.000 25.492 0.250 0.020
151 786 845 59 19.870 0.000 19.870 0.250 0.020
152 786 845 59 15.244 0.000 15.244 0.250 0.021
153 786 845 59 11.741 0.000 11.741 0.250 0.021
154 629 629 0 7.689 0.000 7.689 0.250 0.022
155 629 629 0 5.514 0.000 5.514 0.250 0.022
156 596 596 0 4.098 0.000 4.098 0.250 0.022
157 596 596 0 2.573 0.000 2.573 0.267 0.023
158 596 596 0 1.657 0.000 1.657 0.283 0.023
159 596 596 0 1.185 0.000 1.185 0.283 0.023
160 596 596 0 0.871 0.000 0.871 0.283 0.023
161 334 338 4 0.505 0.000 0.505 0.300 0.023
162 230 286 56 0.316 0.000 0.316 0.300 0.023
163 230 286 56 0.223 0.000 0.223 0.283 0.023
164 230 286 56 0.195 0.000 0.195 0.283 0.023
165 230 209 21 0.171 0.000 0.171 0.283 0.023
166 230 209 21 0.199 0.000 0.199 0.283 0.023
167 230 209 21 0.256 0.000 0.256 0.283 0.023
168 273 273 0 0.341 0.000 0.341 0.283 0.022
169 273 273 0 0.516 0.000 0.516 0.283 0.022
170 721 721 0 0.949 0.000 0.949 0.283 0.022
171 721 721 0 1.210 0.000 1.210 0.283 0.022
172 721 721 0 1.818 0.000 1.818 0.300 0.022
173 721 721 0 2.677 0.000 2.677 0.300 0.022
174 721 721 0 3.482 0.000 3.482 0.300 0.022
175 721 721 0 5.866 0.000 5.866 0.300 0.022
176 763 763 0 9.089 0.000 9.089 0.300 0.022
177 763 763 0 12.655 0.000 12.655 0.283 0.022
178 763 763 0 16.457 0.000 16.457 0.283 0.022
179 1042 1042 0 20.917 0.000 20.917 0.283 0.023
180 1042 1042 0 26.513 0.000 26.513 0.300 0.023
181 1042 1042 0 32.116 0.000 32.116 0.300 0.023
182 1042 1042 0 38.563 0.000 38.563 0.300 0.023
183 1042 1042 0 46.089 0.000 46.089 0.300 0.023
184 1042 1042 0 54.711 0.000 54.711 0.300 0.023
185 1409 1409 0 63.870 0.000 63.870 0.317 0.023
186 1409 1409 0 72.662 0.000 72.662 0.317 0.023
187 1409 1409 0 83.261 0.000 83.261 0.317 0.023
188 1409 1409 0 93.600 0.000 93.600 0.300 0.023
189 1437 1437 0 104.641 0.000 104.641 0.300 0.024
190 1437 1437 0 116.844 0.000 116.844 0.300 0.024
191 1437 1437 0 131.094 0.000 131.094 0.300 0.024
192 1437 1437 0 145.665 0.000 145.665 0.300 0.024
193 1437 1437 0 161.958 0.000 161.958 0.300 0.024
194 1437 1437 0 176.702 0.000 176.702 0.300 0.024
195 1437 1437 0 190.730 0.000 190.730 0.300 0.024
196 1467 1467 0 208.563 0.000 208.563 0.300 0.024
197 1467 1467 0 224.091 0.000 224.091 0.317 0.024
198 1467 1467 0 240.945 0.000 240.945 0.333 0.023
199 1658 1658 0 257.554 0.000 257.554 0.333 0.023
200 1658 1658 0 279.475 0.000 279.475 0.333 0.024
201 1658 1658 0 299.059 0.000 299.059 0.333 0.024
202 1658 1658 0 319.179 0.000 319.179 0.317 0.023
203 1658 1658 0 344.434 0.000 344.434 0.317 0.023
204 1724 1724 0 362.645 0.000 362.645 0.317 0.023
205 1724 1724 0 382.841 0.000 382.841 0.333 0.023
206 1724 1724 0 403.337 0.000 403.337 0.333 0.023
207 1752 1752 0 423.414 0.000 423.414 0.317 0.023
208 1752 1752 0 443.968 0.000 443.968 0.333 0.023
209 1808 1808 0 467.767 0.000 467.767 0.333 0.023
210 1818 1818 0 490.108 0.000 490.108 0.350 0.023
211 1818 1818 0 511.227 0.000 511.227 0.333 0.022
212 1986 1986 0 535.509 0.000 535.509 0.333 0.022
213 1987 1987 0 564.314 0.000 564.314 0.333 0.022
214 1987 1987 0 584.177 0.000 584.177 0.317 0.022
215 1987 1987 0 608.148 0.000 608.148 0.317 0.022
216 2023 1987 36 631.813 0.000 631.813 0.317 0.022
217 2023 1987 36 653.466 0.000 653.466 0.317 0.021
218 2253 2253 0 677.485 0.000 677.485 0.317 0.021
219 2253 2253 0 703.334 0.000 703.334 0.317 0.022
220 2253 2253 0 729.675 0.000 729.675 0.333 0.022
221 2253 2253 0 761.649 0.000 761.649 0.333 0.022
222 2253 2253 0 791.994 0.000 791.994 0.300 0.022
223 2325 2325 0 818.875 0.000 818.875 0.300 0.022
224 2325 2325 0 848.752 0.000 848.752 0.300 0.022
225 2325 2325 0 873.534 0.000 873.534 0.300 0.022
226 2325 2325 0 901.717 0.000 901.717 0.300 0.022
227 2325 2325 0 929.676 0.000 929.676 0.300 0.023
228 2325 2325 0 956.407 0.000 956.407 0.300 0.023
229 2325 2325 0 984.920 0.000 984.920 0.300 0.023
230 2325 2325 0 1012.578 0.000 1012.578 0.300 0.023
231 2325 2325 0 1038.108 0.000 1038.108 0.283 0.023
232 2325 2325 0 1064.736 0.000 1064.736 0.283 0.023
233 2325 2325 0 1090.474 0.000 1090.474 0.283 0.022
234 2325 2325 0 1113.737 0.000 1113.737 0.283 0.022
235 2325 2325 0 1137.869 0.000 1137.869 0.250 0.022
236 2325 2325 0 1164.250 0.000 1164.250 0.250 0.021
237 2325 2325 0 1187.518 0.000 1187.518 0.250 0.021
238 2325 2325 0 1207.621 0.000 1207.621 0.250 0.020
239 2325 2325 0 1227.581 0.000 1227.581 0.233 0.020
240 2325 2325 0 1248.137 0.000 1248.137 0.233 0.020
241 2325 2325 0 1265.163 0.000 1265.163 0.233 0.019
242 2325 2325 0 1280.524 0.000 1280.524 0.233 0.019
243 2325 2325 0 1295.530 0.000 1295.530 0.217 0.018
244 2325 2325 0 1311.064 0.000 1311.064 0.217 0.018
245 2325 2325 0 1323.440 0.000 1323.440 0.217 0.017
246 2325 2325 0 1333.941 0.000 1333.941 0.200 0.017
247 2325 2325 0 1344.155 0.000 1344.155 0.183 0.016
248 2325 2325 0 1352.466 0.000 1352.466 0.183 0.015
249 2325 2325 0 1359.145 0.000 1359.145 0.183 0.015
250 2325 2325 0 1365.606 0.000 1365.606 0.183 0.014
251 2325 2325 0 1371.731 0.000 1371.731 0.183 0.014
252 2325 2325 0 1376.059 0.000 1376.059 0.167 0.013
253 2325 2325 0 1379.711 0.000 1379.711 0.167 0.013
254 2325 2325 0 1380.835 0.000 1380.835 0.167 0.012
255 2325 2325 0 1380.749 0.000 1380.749 0.150 0.012
256 2325 2325 0 1380.176 0.000 1380.176 0.150 0.011
257 2325 2325 0 1378.306 0.000 1378.306 0.150 0.011
258 2325 2325 0 1374.813 0.000 1374.813 0.117 0.011
259 2325 2325 0 1369.997 0.000 1369.997 0.117 0.010
260 2325 2325 0 1365.961 0.000 1365.961 0.117 0.010
261 2325 2325 0 1358.966 0.000 1358.966 0.117 0.009
262 2325 2325 0 1349.131 0.000 1349.131 0.117 0.009
263 2325 2325 0 1341.625 0.000 1341.625 0.100 0.008
264 2325 2325 0 1331.722 0.000 1331.722 0.100 0.008
265 2325 2325 0 1319.415 0.000 1319.415 0.100 0.008
266 2325 2325 0 1306.770 0.000 1306.770 0.100 0.007
267 2325 2325 0 1292.871 0.000 1292.871 0.100 0.007
268 2325 2325 0 1279.847 0.000 1279.847 0.100 0.006
269 2325 2325 0 1264.523 0.000 1264.523 0.100 0.006
270 2325 2325 0 1247.286 0.000 1247.286 0.100 0.006
271 2325 2325 0 1226.906 0.000 1226.906 0.083 0.005
272 2325 2325 0 1208.019 0.000 1208.019 0.083 0.005
273 2325 2325 0 1186.794 0.000 1186.794 0.083 0.004
274 2325 2325 0 1167.648 0.000 1167.648 0.067 0.004
275 2325 2325 0 1145.464 0.000 1145.464 0.067 0.004
276 2325 2325 0 1121.517 0.000 1121.517 0.067 0.004
277 2325 2325 0 1098.324 0.000 1098.324 0.067 0.004
278 2325 2325 0 1075.135 0.000 1075.135 0.067 0.003
279 2325 2325 0 1050.747 0.000 1050.747 0.067 0.003
280 2325 2325 0 1027.419 0.000 1027.419 0.067 0.003
281 2325 2325 0 998.880 0.000 998.880 0.050 0.003
282 2325 2325 0 970.718 0.000 970.718 0.050 0.003
283 2174 2174 0 942.239 0.000 942.239 0.067 0.003
284 2174 2174 0 911.616 0.000 911.616 0.067 0.002
285 2174 2174 0 886.148 0.000 886.148 0.067 0.002
286 2174 2174 0 860.172 0.000 860.172 0.067 0.002
287 2174 2174 0 836.337 0.000 836.337 0.083 0.003
288 2174 2174 0 810.914 0.000 810.914 0.083 0.003
289 2174 2174 0 786.070 0.000 786.070 0.083 0.003
290 2174 2174 0 757.964 0.000 757.964 0.083 0.003
291 2174 2174 0 730.891 0.000 730.891 0.083 0.003
292 2071 2113 42 705.784 0.000 705.784 0.083 0.003
293 2071 2113 42 679.955 0.000 679.955 0.083 0.003
294 1937 1937 0 653.951 0.000 653.951 0.083 0.004
295 1937 1937 0 630.810 0.000 630.810 0.083 0.004
296 1937 1937 0 607.256 0.000 607.256 0.083 0.004
297 1937 1937 0 582.125 0.000 582.125 0.083 0.004
298 1937 1937 0 557.697 0.000 557.697 0.083 0.005
299 1893 1893 0 531.981 0.000 531.981 0.083 0.005
300 1893 1893 0 506.619 0.000 506.619 0.083 0.005
301 1893 1893 0 480.611 0.000 480.611 0.100 0.006
302 1893 1893 0 454.008 0.000 454.008 0.100 0.006
303 1893 1893 0 433.542 0.000 433.542 0.117 0.007
304 1893 1893 0 409.281 0.000 409.281 0.117 0.007
305 1893 1893 0 388.075 0.000 388.075 0.117 0.008
306 1893 1893 0 365.265 0.000 365.265 0.117 0.008
307 1893 1893 0 344.528 0.000 344.528 0.117 0.008
308 1893 1893 0 323.308 0.000 323.308 0.133 0.009
309 1893 1893 0 301.982 0.000 301.982 0.133 0.009
310 1893 1893 0 283.149 0.000 283.149 0.150 0.010
311 1893 1893 0 263.352 0.000 263.352 0.150 0.010
312 1893 1893 0 243.315 0.000 243.315 0.150 0.011
313 1470 1483 13 224.259 0.000 224.259 0.183 0.011
314 1470 1483 13 205.140 0.000 205.140 0.183 0.012
315 1395 1444 49 190.420 0.000 190.420 0.183 0.012
316 1326 1365 39 173.964 0.000 173.964 0.183 0.013
317 1326 1365 39 160.552 0.000 160.552 0.183 0.013
318 1173 1189 16 146.005 0.000 146.005 0.183 0.014
319 1173 1173 0 132.122 0.000 132.122 0.183 0.014
320 1141 1141 0 119.782 0.000 119.782 0.183 0.015
321 1090 1100 10 107.055 0.000 107.055 0.217 0.015
322 1090 1100 10 93.865 0.000 93.865 0.217 0.016
323 1078 1078 0 83.487 0.000 83.487 0.217 0.016
324 995 1046 51 73.660 0.000 73.660 0.217 0.017
325 995 1046 51 63.279 0.000 63.279 0.217 0.017
326 968 1046 78 54.225 0.000 54.225 0.250 0.018
327 968 1034 66 45.608 0.000 45.608 0.250 0.018
328 968 1034 66 38.597 0.000 38.597 0.250 0.019
329 968 1034 66 32.258 0.000 32.258 0.250 0.019
330 819 887 68 25.994 0.000 25.994 0.250 0.020
331 819 887 68 20.042 0.000 20.042 0.250 0.020
332 619 702 83 15.211 0.000 15.211 0.267 0.021
333 618 702 84 11.202 0.000 11.202 0.267 0.021
334 618 702 84 8.150 0.000 8.150 0.267 0.022
335 513 513 0 5.808 0.000 5.808 0.267 0.022
336 513 513 0 3.611 0.000 3.611 0.267 0.023
337 504 504 0 2.493 0.000 2.493 0.283 0.023
338 504 504 0 1.813 0.000 1.813 0.283 0.023
339 326 351 25 1.359 0.000 1.359 0.283 0.023
340 318 351 33 0.863 0.000 0.863 0.283 0.023
341 318 351 33 0.697 0.000 0.697 0.283 0.023
342 305 351 46 0.507 0.000 0.507 0.283 0.023
343 305 351 46 0.468 0.000 0.468 0.283 0.023
344 305 351 46 0.418 0.000 0.418 0.283 0.023
345 305 351 46 0.329 0.000 0.329 0.283 0.023
346 312 312 0 0.371 0.000 0.371 0.317 0.023
347 331 331 0 0.416 0.000 0.416 0.333 0.023
348 331 331 0 0.422 0.000 0.422 0.333 0.023
349 331 331 0 0.551 0.000 0.551 0.317 0.023
350 352 331 21 0.782 0.000 0.782 0.317 0.022
351 472 472 0 1.247 0.000 1.247 0.317 0.022
352 472 472 0 1.596 0.000 1.596 0.317 0.022
353 472 472 0 2.505 0.000 2.505 0.317 0.022
354 569 569 0 3.492 0.000 3.492 0.283 0.022
355 570 570 0 5.361 0.000 5.361 0.300 0.022
356 570 570 0 7.685 0.000 7.685 0.317 0.022
357 610 570 40 11.328 0.000 11.328 0.317 0.023
358 812 812 0 15.240 0.000 15.240 0.317 0.023
359 812 812 0 21.918 0.000 21.918 0.317 0.023
360 860 860 0 27.297 0.000 27.297 0.317 0.023
361 860 860 0 33.927 0.000 33.927 0.333 0.023
362 860 860 0 41.556 0.000 41.556 0.333 0.023
363 860 860 0 48.608 0.000 48.608 0.317 0.023
364 860 860 0 57.729 0.000 57.729 0.300 0.024
365 995 995 0 67.320 0.000 67.320 0.333 0.024
366 1045 1045 0 76.344 0.000 76.344 0.333 0.024
367 1045 1045 0 87.111 0.000 87.111 0.317 0.024
368 1163 1163 0 97.776 0.000 97.776 0.333 0.024
369 1207 1207 0 109.301 0.000 109.301 0.333 0.024
370 1207 1207 0 123.233 0.000 123.233 0.333 0.024
371 1207 1207 0 135.971 0.000 135.971 0.333 0.024
372 1399 1399 0 153.623 0.000 153.623 0.333 0.024
373 1399 1399 0 167.331 0.000 167.331 0.350 0.024
374 1602 1602 0 183.705 0.000 183.705 0.333 0.024
375 1602 1602 0 197.940 0.000 197.940 0.333 0.024
376 1602 1602 0 213.736 0.000 213.736 0.333 0.024
377 1646 1646 0 230.664 0.000 230.664 0.350 0.024
378 1704 1704 0 247.945 0.000 247.945 0.333 0.024
379 1704 1704 0 267.634 0.000 267.634 0.333 0.024
380 1704 1704 0 287.395 0.000 287.395 0.317 0.024
381 1704 1704 0 306.341 0.000 306.341 0.317 0.024
382 2209 2209 0 325.704 0.000 325.704 0.333 0.024
383 2209 2209 0 346.858 0.000 346.858 0.333 0.024
384 2209 2209 0 369.844 0.000 369.844 0.317 0.024
385 2209 2209 0 391.546 0.000 391.546 0.317 0.024
386 2209 2209 0 411.641 0.000 411.641 0.317 0.024
387 2209 2209 0 433.541 0.000 433.541 0.317 0.023
388 2209 2209 0 456.168 0.000 456.168 0.333 0.023
389 2209 2209 0 479.620 0.000 479.620 0.333 0.023
390 2209 2209 0 502.549 0.000 502.549 0.317 0.023
391 2209 2209 0 526.356 0.000 526.356 0.333 0.023
392 2209 2209 0 549.249 0.000 549.249 0.317 0.023
393 2209 2209 0 571.590 0.000 571.590 0.317 0.022
394 2209 2209 0 595.737 0.000 595.737 0.300 0.022
395 2209 2209 0 619.107 0.000 619.107 0.283 0.022
396 2209 2209 0 643.729 0.000 643.729 0.283 0.022
397 2209 2209 0 672.222 0.000 672.222 0.283 0.022
398 2209 2209 0 697.870 0.000 697.870 0.283 0.022
399 2209 2209 0 724.368 0.000 724.368 0.283 0.022
400 2209 2209 0 751.342 0.000 751.342 0.283 0.022
401 2209 2209 0 777.848 0.000 777.848 0.283 0.022
402 2209 2209 0 802.277 0.000 802.277 0.283 0.022
403 2209 2209 0 828.850 0.000 828.850 0.283 0.022
404 2209 2209 0 854.982 0.000 854.982 0.283 0.023
405 2209 2209 0 879.960 0.000 879.960 0.283 0.023
406 2209 2209 0 906.787 0.000 906.787 0.283 0.023
407 2209 2209 0 934.030 0.000 934.030 0.283 0.023
408 2209 2209 0 958.428 0.000 958.428 0.283 0.023
409 2209 2209 0 982.294 0.000 982.294 0.283 0.023
410 2209 2209 0 1009.967 0.000 1009.967 0.283 0.023
411 2209 2209 0 1036.064 0.000 1036.064 0.283 0.023
412 2209 2209 0 1060.241 0.000 1060.241 0.283 0.023
413 2209 2209 0 1086.697 0.000 1086.697 0.283 0.023
414 2209 2209 0 1109.752 0.000 1109.752 0.267 0.023
415 2209 2209 0 1133.936 0.000 1133.936 0.267 0.022
416 2209 2209 0 1157.021 0.000 1157.021 0.267 0.022
417 2209 2209 0 1179.330 0.000 1179.330 0.250 0.021
418 2209 2209 0 1199.111 0.000 1199.111 0.250 0.021
419 2209 2209 0 1224.646 0.000 1224.646 0.233 0.020
420 2209 2209 0 1241.923 0.000 1241.923 0.233 0.020
421 2209 2209 0 1260.250 0.000 1260.250 0.217 0.019
422 2209 2209 0 1278.484 0.000 1278.484 0.217 0.019
423 2209 2209 0 1293.322 0.000 1293.322 0.217 0.018
424 2209 2209 0 1308.773 0.000 1308.773 0.217 0.018
425 2209 2209 0 1322.498 0.000 1322.498 0.217 0.017
426 2209 2209 0 1333.287 0.000 1333.287 0.183 0.017
427 2209 2209 0 1344.148 0.000 1344.148 0.183 0.016
428 2209 2209 0 1352.560 0.000 1352.560 0.183 0.016
429 2209 2209 0 1360.463 0.000 1360.463 0.183 0.015
430 2209 2209 0 1368.660 0.000 1368.660 0.167 0.014
431 2209 2209 0 1374.583 0.000 1374.583 0.167 0.014
432 2209 2209 0 1381.923 0.000 1381.923 0.167 0.013
433 2209 2209 0 1384.875 0.000 1384.875 0.150 0.013
434 2209 2209 0 1386.952 0.000 1386.952 0.150 0.012
435 2209 2209 0 1387.415 0.000 1387.415 0.150 0.012
436 2209 2209 0 1386.980 0.000 1386.980 0.150 0.011
437 2209 2209 0 1384.760 0.000 1384.760 0.150 0.011
438 2209 2209 0 1382.108 0.000 1382.108 0.133 0.010
439 2209 2209 0 1378.356 0.000 1378.356 0.133 0.010
440 2209 2209 0 1372.482 0.000 1372.482 0.133 0.009
441 2209 2209 0 1365.038 0.000 1365.038 0.133 0.009
442 2172 2172 0 1356.486 0.000 1356.486 0.117 0.009
443 2172 2172 0 1346.361 0.000 1346.361 0.117 0.008
444 2172 2172 0 1334.605 0.000 1334.605 0.117 0.008
445 2172 2172 0 1321.315 0.000 1321.315 0.100 0.007
446 2172 2172 0 1308.289 0.000 1308.289 0.100 0.007
447 2172 2172 0 1294.336 0.000 1294.336 0.100 0.007
448 2172 2172 0 1280.367 0.000 1280.367 0.100 0.006
449 2172 2172 0 1261.135 0.000 1261.135 0.100 0.006
450 2172 2172 0 1243.873 0.000 1243.873 0.083 0.006
451 2172 2172 0 1227.836 0.000 1227.836 0.083 0.005
452 2172 2172 0 1205.451 0.000 1205.451 0.083 0.005
453 2172 2172 0 1183.538 0.000 1183.538 0.083 0.005
454 2172 2172 0 1162.160 0.000 1162.160 0.067 0.004
455 2172 2172 0 1143.416 0.000 1143.416 0.067 0.004
456 2172 2172 0 1122.837 0.000 1122.837 0.067 0.004
457 2172 2172 0 1096.576 0.000 1096.576 0.067 0.004
458 2172 2172 0 1073.746 0.000 1073.746 0.067 0.003
459 2172 2172 0 1048.288 0.000 1048.288 0.050 0.003
460 2172 2172 0 1021.418 0.000 1021.418 0.050 0.003
461 2156 2156 0 997.184 0.000 997.184 0.050 0.003
462 2149 2149 0 972.243 0.000 972.243 0.050 0.003
463 2149 2149 0 946.527 0.000 946.527 0.050 0.003
464 2149 2149 0 918.930 0.000 918.930 0.050 0.003
465 2149 2149 0 894.376 0.000 894.376 0.050 0.003
466 2149 2149 0 866.980 0.000 866.980 0.050 0.003
467 2149 2149 0 837.178 0.000 837.178 0.050 0.003
468 2054 2054 0 813.544 0.000 813.544 0.050 0.003
469 2054 2054 0 786.725 0.000 786.725 0.050 0.003
470 2054 2054 0 760.700 0.000 760.700 0.067 0.003
471 2054 2054 0 734.362 0.000 734.362 0.067 0.003
472 2054 2054 0 709.883 0.000 709.883 0.067 0.003
473 2054 2054 0 680.634 0.000 680.634 0.067 0.003
474 2054 2054 0 654.989 0.000 654.989 0.067 0.004
475 2054 2054 0 626.870 0.000 626.870 0.067 0.004
476 2054 2054 0 601.923 0.000 601.923 0.083 0.004
477 2054 2054 0 575.538 0.000 575.538 0.083 0.005
478 2054 2054 0 552.479 0.000 552.479 0.083 0.005
479 2021 2054 33 528.447 0.000 528.447 0.083 0.005
480 2021 2054 33 506.387 0.000 506.387 0.083 0.005
481 2021 2054 33 479.771 0.000 479.771 0.100 0.006
482 1824 1854 30 457.556 0.000 457.556 0.100 0.006
483 1824 1854 30 432.593 0.000 432.593 0.117 0.007
484 1824 1854 30 409.495 0.000 409.495 0.117 0.007
485 1789 1827 38 388.508 0.000 388.508 0.117 0.007
486 1705 1739 34 366.368 0.000 366.368 0.117 0.008
487 1705 1739 34 345.920 0.000 345.920 0.133 0.008
488 1705 1739 34 324.587 0.000 324.587 0.133 0.009
489 1680 1739 59 302.724 0.000 302.724 0.133 0.009
490 1680 1739 59 281.989 0.000 281.989 0.150 0.010
491 1680 1739 59 265.362 0.000 265.362 0.150 0.010
492 1656 1739 83 247.820 0.000 247.820 0.150 0.011
493 1656 1739 83 231.754 0.000 231.754 0.150 0.011
494 1656 1739 83 213.800 0.000 213.800 0.150 0.012
495 1656 1739 83 198.271 0.000 198.271 0.150 0.012
496 1656 1739 83 183.811 0.000 183.811 0.150 0.013
497 1656 1739 83 167.494 0.000 167.494 0.167 0.013
498 1656 1739 83 153.997 0.000 153.997 0.167 0.014
499 1449 1467 18 140.112 0.000 140.112 0.167 0.014
500 1420 1420 0 126.098 0.000 126.098 0.167 0.014
501 1420 1420 0 113.271 0.000 113.271 0.167 0.015
502 1344 1344 0 100.889 0.000 100.889 0.183 0.015
503 1123 1155 32 88.265 0.000 88.265 0.183 0.016
504 1028 1060 32 75.962 0.000 75.962 0.200 0.017
505 1028 1060 32 65.107 0.000 65.107 0.200 0.017
506 964 990 26 55.888 0.000 55.888 0.200 0.018
507 964 990 26 47.124 0.000 47.124 0.200 0.018
508 964 990 26 39.499 0.000 39.499 0.217 0.019
509 964 990 26 31.268 0.000 31.268 0.233 0.019
510 941 987 46 25.213 0.000 25.213 0.233 0.020
511 941 987 46 20.592 0.000 20.592 0.233 0.020
512 941 987 46 14.957 0.000 14.957 0.233 0.021
513 941 987 46 10.695 0.000 10.695 0.267 0.021
514 520 521 1 7.193 0.000 7.193 0.267 0.022
515 506 521 15 5.099 0.000 5.099 0.267 0.022
516 506 521 15 3.609 0.000 3.609 0.283 0.023
517 506 521 15 2.182 0.000 2.182 0.283 0.023
518 506 521 15 1.417 0.000 1.417 0.283 0.023
519 506 521 15 1.030 0.000 1.030 0.283 0.023
520 506 521 15 0.794 0.000 0.794 0.283 0.023
521 506 521 15 0.707 0.000 0.707 0.283 0.023
522 446 487 41 0.482 0.000 0.482 0.283 0.023
523 446 487 41 0.421 0.000 0.421 0.283 0.023
524 238 238 0 0.320 0.000 0.320 0.283 0.023
525 238 238 0 0.392 0.000 0.392 0.283 0.023
526 238 238 0 0.319 0.000 0.319 0.283 0.023
527 238 238 0 0.320 0.000 0.320 0.283 0.023
528 213 164 49 0.346 0.000 0.346 0.283 0.022
529 384 384 0 0.513 0.000 0.513 0.283 0.022
530 384 384 0 0.736 0.000 0.736 0.283 0.022
531 384 384 0 1.184 0.000 1.184 0.300 0.022
532 384 384 0 1.719 0.000 1.719 0.317 0.022
533 463 463 0 2.608 0.000 2.608 0.317 0.022
534 740 740 0 3.785 0.000 3.785 0.317 0.022
535 740 740 0 5.517 0.000 5.517 0.317 0.022
536 740 740 0 8.339 0.000 8.339 0.300 0.022
537 740 740 0 11.770 0.000 11.770 0.300 0.022
538 740 740 0 15.547 0.000 15.547 0.317 0.023
539 740 740 0 20.764 0.000 20.764 0.300 0.023
540 819 819 0 25.879 0.000 25.879 0.317 0.023
541 819 819 0 31.575 0.000 31.575 0.317 0.023
542 819 819 0 37.509 0.000 37.509 0.300 0.023
543 880 880 0 45.124 0.000 45.124 0.300 0.023
544 1026 1026 0 53.808 0.000 53.808 0.300 0.023
545 1026 1026 0 62.881 0.000 62.881 0.300 0.023
546 1069 1026 43 74.220 0.000 74.220 0.317 0.023
547 1069 1026 43 84.162 0.000 84.162 0.317 0.024
548 1276 1276 0 98.262 0.000 98.262 0.333 0.024
549 1276 1276 0 108.930 0.000 108.930 0.333 0.024
550 1276 1276 0 120.288 0.000 120.288 0.317 0.024
551 1356 1356 0 134.023 0.000 134.023 0.317 0.024
552 1640 1640 0 147.779 0.000 147.779 0.333 0.024
553 1640 1640 0 161.612 0.000 161.612 0.333 0.024
554 1640 1640 0 177.188 0.000 177.188 0.350 0.024
555 1640 1640 0 191.447 0.000 191.447 0.350 0.024
556 1640 1640 0 207.427 0.000 207.427 0.350 0.024
557 1640 1640 0 224.552 0.000 224.552 0.350 0.024
558 1640 1640 0 242.830 0.000 242.830 0.317 0.024
559 1640 1640 0 259.607 0.000 259.607 0.317 0.024
560 1640 1640 0 280.681 0.000 280.681 0.317 0.024
561 1640 1640 0 301.298 0.000 301.298 0.317 0.024
562 1640 1640 0 318.930 0.000 318.930 0.317 0.024
563 1674 1674 0 336.829 0.000 336.829 0.317 0.023
564 1674 1674 0 355.991 0.000 355.991 0.300 0.023
565 1818 1818 0 379.861 0.000 379.861 0.300 0.023
566 1866 1866 0 402.774 0.000 402.774 0.300 0.023
567 1866 1866 0 425.460 0.000 425.460 0.300 0.023
568 2042 2042 0 448.490 0.000 448.490 0.317 0.023
569 2042 2042 0 473.055 0.000 473.055 0.317 0.023
570 2042 2042 0 497.606 0.000 497.606 0.317 0.023
571 2042 2042 0 522.536 0.000 522.536 0.300 0.023
572 2526 2526 0 549.523 0.000 549.523 0.300 0.022
573 2526 2526 0 576.743 0.000 576.743 0.300 0.022
574 2526 2526 0 601.193 0.000 601.193 0.283 0.022
575 2526 2526 0 626.652 0.000 626.652 0.283 0.022
576 2526 2526 0 650.355 0.000 650.355 0.300 0.022
577 2526 2526 0 679.008 0.000 679.008 0.283 0.022
578 2526 2526 0 708.525 0.000 708.525 0.283 0.022
579 2526 2526 0 733.637 0.000 733.637 0.283 0.022
580 2526 2526 0 759.197 0.000 759.197 0.283 0.022
581 2526 2526 0 783.408 0.000 783.408 0.283 0.022
582 2526 2526 0 808.054 0.000 808.054 0.283 0.022
583 2526 2526 0 836.002 0.000 836.002 0.283 0.022
584 2526 2526 0 862.754 0.000 862.754 0.283 0.023
585 2526 2526 0 890.016 0.000 890.016 0.283 0.023
586 2526 2526 0 915.947 0.000 915.947 0.283 0.023
587 2526 2526 0 944.019 0.000 944.019 0.283 0.023
588 2526 2526 0 968.516 0.000 968.516 0.283 0.023
589 2526 2526 0 993.010 0.000 993.010 0.283 0.023
590 2526 2526 0 1017.412 0.000 1017.412 0.283 0.023
591 2526 2526 0 1044.654 0.000 1044.654 0.283 0.023
592 2526 2526 0 1071.064 0.000 1071.064 0.267 0.023
593 2526 2526 0 1096.762 0.000 1096.762 0.267 0.023
594 2526 2526 0 1120.395 0.000 1120.395 0.267 0.022
595 2526 2526 0 1144.831 0.000 1144.831 0.250 0.022
596 2526 2526 0 1168.483 0.000 1168.483 0.250 0.022
597 2526 2526 0 1188.665 0.000 1188.665 0.250 0.021
598 2526 2526 0 1209.063 0.000 1209.063 0.250 0.021
599 2526 2526 0 1229.210 0.000 1229.210 0.233 0.020
600 2526 2526 0 1247.704 0.000 1247.704 0.233 0.020
601 2526 2526 0 1264.672 0.000 1264.672 0.233 0.019
602 2526 2526 0 1279.610 0.000 1279.610 0.233 0.019
603 2526 2526 0 1294.350 0.000 1294.350 0.217 0.018
604 2526 2526 0 1309.021 0.000 1309.021 0.217 0.018
605 2526 2526 0 1321.691 0.000 1321.691 0.217 0.017
606 2526 2526 0 1335.029 0.000 1335.029 0.217 0.017
607 2526 2526 0 1344.940 0.000 1344.940 0.217 0.016
608 2526 2526 0 1356.886 0.000 1356.886 0.217 0.016
609 2526 2526 0 1364.231 0.000 1364.231 0.183 0.015
610 2526 2526 0 1370.938 0.000 1370.938 0.183 0.015
611 2526 2526 0 1377.299 0.000 1377.299 0.183 0.014
612 2526 2526 0 1380.330 0.000 1380.330 0.167 0.014
613 2526 2526 0 1383.496 0.000 1383.496 0.167 0.013
614 2526 2526 0 1385.554 0.000 1385.554 0.150 0.013
615 2526 2526 0 1386.349 0.000 1386.349 0.150 0.012
616 2526 2526 0 1386.070 0.000 1386.070 0.150 0.012
617 2526 2526 0 1384.793 0.000 1384.793 0.133 0.011
618 2526 2526 0 1381.816 0.000 1381.816 0.133 0.011
619 2526 2526 0 1377.680 0.000 1377.680 0.117 0.010
620 2526 2526 0 1372.225 0.000 1372.225 0.117 0.010
621 2526 2526 0 1365.548 0.000 1365.548 0.117 0.009
622 2526 2526 0 1358.354 0.000 1358.354 0.117 0.009
623 2526 2526 0 1348.951 0.000 1348.951 0.117 0.009
624 2526 2526 0 1337.528 0.000 1337.528 0.117 0.008
625 2526 2526 0 1327.362 0.000 1327.362 0.117 0.008
626 2526 2526 0 1314.630 0.000 1314.630 0.117 0.007
627 2526 2526 0 1299.671 0.000 1299.671 0.100 0.007
628 2526 2526 0 1284.493 0.000 1284.493 0.100 0.007
629 2526 2526 0 1267.825 0.000 1267.825 0.100 0.006
630 2526 2526 0 1253.281 0.000 1253.281 0.100 0.006
631 2526 2526 0 1232.879 0.000 1232.879 0.083 0.005
632 2283 2283 0 1214.043 0.000 1214.043 0.083 0.005
633 2283 2283 0 1194.904 0.000 1194.904 0.067 0.005
634 2283 2283 0 1173.833 0.000 1173.833 0.067 0.004
635 2283 2283 0 1150.780 0.000 1150.780 0.067 0.004
636 2283 2283 0 1129.089 0.000 1129.089 0.067 0.004
637 2283 2283 0 1103.894 0.000 1103.894 0.067 0.004
638 2283 2283 0 1079.838 0.000 1079.838 0.067 0.003
639 2283 2283 0 1051.809 0.000 1051.809 0.067 0.003
640 2283 2283 0 1025.601 0.000 1025.601 0.067 0.003
641 2283 2283 0 1000.748 0.000 1000.748 0.067 0.003
642 2283 2283 0 975.162 0.000 975.162 0.050 0.003
643 2283 2283 0 949.767 0.000 949.767 0.050 0.003
644 2283 2283 0 924.165 0.000 924.165 0.050 0.003
645 2283 2283 0 895.633 0.000 895.633 0.050 0.002
646 2283 2283 0 866.224 0.000 866.224 0.050 0.002
647 2283 2283 0 840.841 0.000 840.841 0.050 0.003
648 2283 2283 0 813.953 0.000 813.953 0.067 0.003
649 2283 2283 0 789.604 0.000 789.604 0.067 0.003
650 2131 2131 0 764.066 0.000 764.066 0.067 0.003
651 2131 2131 0 736.828 0.000 736.828 0.067 0.003
652 2131 2131 0 706.985 0.000 706.985 0.083 0.003
653 2131 2131 0 680.393 0.000 680.393 0.083 0.003
654 2131 2131 0 655.598 0.000 655.598 0.083 0.004
655 2131 2131 0 626.534 0.000 626.534 0.083 0.004
656 2131 2131 0 602.524 0.000 602.524 0.083 0.004
657 2131 2131 0 577.727 0.000 577.727 0.083 0.004
658 2131 2131 0 552.888 0.000 552.888 0.083 0.005
659 2131 2131 0 530.637 0.000 530.637 0.083 0.005
660 1819 1860 41 505.796 0.000 505.796 0.083 0.005
661 1819 1860 41 483.826 0.000 483.826 0.083 0.006
662 1819 1860 41 458.699 0.000 458.699 0.083 0.006
663 1769 1773 4 436.987 0.000 436.987 0.100 0.006
664 1700 1730 30 412.652 0.000 412.652 0.117 0.007
665 1696 1708 12 385.214 0.000 385.214 0.117 0.007
666 1696 1708 12 363.359 0.000 363.359 0.117 0.008
667 1696 1708 12 341.119 0.000 341.119 0.117 0.008
668 1696 1708 12 319.703 0.000 319.703 0.117 0.009
669 1696 1708 12 297.072 0.000 297.072 0.117 0.009
670 1696 1708 12 279.078 0.000 279.078 0.117 0.009
671 1696 1708 12 261.417 0.000 261.417 0.117 0.010
672 1696 1708 12 241.842 0.000 241.842 0.133 0.010
673 1539 1564 25 223.961 0.000 223.961 0.133 0.011
674 1539 1564 25 206.583 0.000 206.583 0.150 0.011
675 1539 1564 25 190.054 0.000 190.054 0.150 0.012
676 1539 1564 25 174.895 0.000 174.895 0.167 0.012
677 1539 1564 25 159.804 0.000 159.804 0.167 0.013
678 1539 1564 25 145.533 0.000 145.533 0.167 0.013
679 1539 1564 25 131.601 0.000 131.601 0.183 0.014
680 1478 1564 86 117.845 0.000 117.845 0.183 0.014
681 1478 1564 86 105.565 0.000 105.565 0.183 0.015
682 1478 1564 86 94.583 0.000 94.583 0.183 0.015
683 1301 1301 0 82.585 0.000 82.585 0.200 0.016
684 1032 1032 0 72.100 0.000 72.100 0.200 0.016
685 1032 1032 0 63.079 0.000 63.079 0.217 0.017
686 1032 1032 0 53.771 0.000 53.771 0.217 0.017
687 1032 1032 0 44.914 0.000 44.914 0.233 0.018
688 1032 1032 0 37.172 0.000 37.172 0.233 0.018
689 758 821 63 29.452 0.000 29.452 0.250 0.019
690 758 821 63 24.136 0.000 24.136 0.250 0.019
691 758 821 63 18.257 0.000 18.257 0.250 0.020
692 758 821 63 14.103 0.000 14.103 0.250 0.020
693 758 821 63 10.839 0.000 10.839 0.267 0.021
694 680 680 0 7.745 0.000 7.745 0.267 0.021
695 476 476 0 4.827 0.000 4.827 0.300 0.022
696 476 476 0 3.354 0.000 3.354 0.300 0.022
697 476 476 0 2.363 0.000 2.363 0.300 0.022
698 392 406 14 1.522 0.000 1.522 0.300 0.023
699 360 406 46 0.986 0.000 0.986 0.300 0.023
700 360 406 46 0.628 0.000 0.628 0.300 0.023
701 267 294 27 0.471 0.000 0.471 0.300 0.023
702 267 257 10 0.342 0.000 0.342 0.300 0.023
703 267 257 10 0.329 0.000 0.329 0.300 0.023
704 267 257 10 0.298 0.000 0.298 0.300 0.023
705 267 257 10 0.277 0.000 0.277 0.300 0.023
706 267 257 10 0.274 0.000 0.274 0.300 0.022
707 267 257 10 0.319 0.000 0.319 0.300 0.022
708 328 328 0 0.436 0.000 0.436 0.300 0.022
709 328 328 0 0.674 0.000 0.674 0.300 0.022
710 392 392 0 1.022 0.000 1.022 0.300 0.022
711 392 392 0 1.373 0.000 1.373 0.300 0.022
712 392 392 0 2.010 0.000 2.010 0.300 0.022
713 418 418 0 2.980 0.000 2.980 0.300 0.022
714 635 635 0 4.133 0.000 4.133 0.300 0.022
715 635 635 0 5.995 0.000 5.995 0.300 0.022
716 635 635 0 8.656 0.000 8.656 0.300 0.022
717 644 644 0 12.078 0.000 12.078 0.300 0.022
718 644 644 0 15.444 0.000 15.444 0.300 0.022
719 817 817 0 21.247 0.000 21.247 0.333 0.023
720 817 817 0 26.799 0.000 26.799 0.317 0.023
721 1078 1078 0 33.125 0.000 33.125 0.317 0.023
722 1078 1078 0 39.165 0.000 39.165 0.317 0.023
723 1078 1078 0 47.061 0.000 47.061 0.317 0.023
724 1078 1078 0 53.831 0.000 53.831 0.333 0.023
725 1078 1078 0 62.545 0.000 62.545 0.350 0.023
726 1078 1078 0 72.298 0.000 72.298 0.350 0.023
727 1184 1184 0 83.638 0.000 83.638 0.350 0.023
728 1184 1184 0 94.002 0.000 94.002 0.350 0.023
729 1184 1184 0 105.410 0.000 105.410 0.333 0.024
730 1268 1268 0 118.918 0.000 118.918 0.333 0.024
731 1268 1268 0 132.296 0.000 132.296 0.350 0.024
732 1268 1268 0 147.743 0.000 147.743 0.350 0.024
733 1401 1401 0 160.611 0.000 160.611 0.367 0.024
734 1401 1401 0 176.060 0.000 176.060 0.367 0.024
735 1401 1401 0 192.471 0.000 192.471 0.367 0.024
736 1528 1528 0 209.145 0.000 209.145 0.383 0.024
737 1528 1528 0 225.384 0.000 225.384 0.367 0.024
738 1528 1528 0 242.131 0.000 242.131 0.367 0.024
739 1604 1604 0 261.260 0.000 261.260 0.367 0.024
740 1645 1645 0 280.428 0.000 280.428 0.367 0.024
741 1645 1645 0 301.481 0.000 301.481 0.350 0.024
742 1684 1684 0 319.726 0.000 319.726 0.333 0.024
743 1762 1762 0 341.616 0.000 341.616 0.333 0.023
744 1812 1812 0 359.916 0.000 359.916 0.333 0.023
745 1812 1812 0 381.643 0.000 381.643 0.333 0.023
746 1822 1822 0 403.591 0.000 403.591 0.350 0.023
747 1822 1822 0 425.811 0.000 425.811 0.350 0.023
748 2091 2091 0 450.292 0.000 450.292 0.350 0.023
749 2091 2091 0 472.371 0.000 472.371 0.333 0.023
750 2171 2171 0 496.741 0.000 496.741 0.350 0.023
751 2171 2171 0 518.740 0.000 518.740 0.350 0.022
752 2171 2171 0 544.597 0.000 544.597 0.333 0.022
753 2171 2171 0 567.794 0.000 567.794 0.333 0.022
754 2171 2171 0 589.951 0.000 589.951 0.333 0.022
755 2171 2171 0 617.622 0.000 617.622 0.317 0.022
756 2171 2171 0 643.062 0.000 643.062 0.317 0.022
757 2171 2171 0 671.203 0.000 671.203 0.300 0.022
758 2171 2171 0 694.735 0.000 694.735 0.300 0.022
759 2171 2171 0 720.563 0.000 720.563 0.300 0.022
760 2171 2171 0 749.382 0.000 749.382 0.317 0.022
761 2171 2171 0 775.665 0.000 775.665 0.300 0.022
762 2171 2171 0 801.317 0.000 801.317 0.300 0.022
763 2171 2171 0 829.569 0.000 829.569 0.300 0.022
764 2293 2293 0 855.114 0.000 855.114 0.300 0.022
765 2293 2293 0 881.794 0.000 881.794 0.300 0.023
766 2293 2293 0 912.595 0.000 912.595 0.300 0.023
767 2293 2293 0 938.512 0.000 938.512 0.300 0.023
768 2293 2293 0 964.618 0.000 964.618 0.300 0.023
769 2293 2293 0 992.616 0.000 992.616 0.283 0.023
770 2293 2293 0 1022.140 0.000 1022.140 0.283 0.023
771 2293 2293 0 1047.419 0.000 1047.419 0.283 0.023
772 2293 2293 0 1072.467 0.000 1072.467 0.283 0.022
773 2293 2293 0 1098.106 0.000 1098.106 0.283 0.022
774 2293 2293 0 1122.926 0.000 1122.926 0.283 0.022
775 2293 2293 0 1146.641 0.000 1146.641 0.283 0.022
776 2293 2293 0 1170.820 0.000 1170.820 0.267 0.021
777 2293 2293 0 1192.284 0.000 1192.284 0.267 0.021
778 2293 2293 0 1210.909 0.000 1210.909 0.267 0.020
779 2293 2293 0 1232.717 0.000 1232.717 0.250 0.020
780 2293 2293 0 1251.707 0.000 1251.707 0.250 0.019
781 2293 2293 0 1269.938 0.000 1269.938 0.233 0.019
782 2293 2293 0 1283.819 0.000 1283.819 0.217 0.018
783 2293 2293 0 1300.154 0.000 1300.154 0.217 0.018
784 2293 2293 0 1311.651 0.000 1311.651 0.200 0.017
785 2293 2293 0 1324.493 0.000 1324.493 0.200 0.017
786 2293 2293 0 1335.974 0.000 1335.974 0.200 0.016
787 2293 2293 0 1347.191 0.000 1347.191 0.200 0.016
788 2293 2293 0 1355.043 0.000 1355.043 0.200 0.015
789 2293 2293 0 1361.061 0.000 1361.061 0.200 0.015
790 2293 2293 0 1368.382 0.000 1368.382 0.200 0.014
791 2293 2293 0 1374.331 0.000 1374.331 0.183 0.014
792 2293 2293 0 1380.694 0.000 1380.694 0.167 0.013
793 2293 2293 0 1382.862 0.000 1382.862 0.167 0.013
794 2293 2293 0 1385.706 0.000 1385.706 0.167 0.012
795 2293 2293 0 1387.878 0.000 1387.878 0.150 0.012
796 2293 2293 0 1388.524 0.000 1388.524 0.150 0.011
797 2293 2293 0 1386.463 0.000 1386.463 0.150 0.011
798 2293 2293 0 1383.315 0.000 1383.315 0.133 0.011
799 2293 2293 0 1380.230 0.000 1380.230 0.133 0.010
800 2293 2293 0 1374.289 0.000 1374.289 0.133 0.010
801 2293 2293 0 1369.130 0.000 1369.130 0.117 0.009
802 2293 2293 0 1360.694 0.000 1360.694 0.117 0.009
803 2293 2293 0 1350.422 0.000 1350.422 0.117 0.008
804 2293 2293 0 1343.571 0.000 1343.571 0.117 0.008
805 2293 2293 0 1333.901 0.000 1333.901 0.100 0.007
806 2293 2293 0 1319.839 0.000 1319.839 0.100 0.007
807 2293 2293 0 1302.974 0.000 1302.974 0.100 0.006
808 2293 2293 0 1287.269 0.000 1287.269 0.100 0.006
809 2293 2293 0 1272.346 0.000 1272.346 0.100 0.006
810 2293 2293 0 1253.800 0.000 1253.800 0.100 0.005
811 2293 2293 0 1237.127 0.000 1237.127 0.100 0.005
812 2293 2293 0 1217.915 0.000 1217.915 0.100 0.005
813 2293 2293 0 1200.246 0.000 1200.246 0.100 0.004
814 2293 2293 0 1179.435 0.000 1179.435 0.083 0.004
815 2293 2293 0 1156.952 0.000 1156.952 0.067 0.004
816 2293 2293 0 1133.429 0.000 1133.429 0.067 0.004
817 2293 2293 0 1105.944 0.000 1105.944 0.067 0.003
818 2293 2293 0 1081.180 0.000 1081.180 0.067 0.003
819 2293 2293 0 1052.393 0.000 1052.393 0.067 0.003
820 2293 2293 0 1021.857 0.000 1021.857 0.067 0.003
821 2293 2293 0 994.111 0.000 994.111 0.067 0.003
822 2293 2293 0 969.109 0.000 969.109 0.067 0.003
823 2293 2293 0 940.055 0.000 940.055 0.067 0.002
824 2136 2136 0 912.445 0.000 912.445 0.050 0.002
825 2136 2136 0 886.984 0.000 886.984 0.050 0.003
826 2136 2136 0 855.458 0.000 855.458 0.050 0.003
827 2136 2136 0 830.218 0.000 830.218 0.050 0.003
828 2136 2136 0 803.496 0.000 803.496 0.050 0.003
829 2136 2136 0 774.581 0.000 774.581 0.050 0.003
830 2136 2136 0 748.039 0.000 748.039 0.067 0.003
831 2136 2136 0 721.601 0.000 721.601 0.067 0.003
832 2136 2136 0 695.026 0.000 695.026 0.067 0.003
833 2136 2136 0 669.474 0.000 669.474 0.067 0.004
834 2061 2061 0 643.551 0.000 643.551 0.067 0.004
835 2061 2061 0 617.721 0.000 617.721 0.067 0.004
836 1847 1856 9 590.789 0.000 590.789 0.083 0.005
837 1847 1856 9 564.809 0.000 564.809 0.100 0.005
838 1847 1856 9 540.712 0.000 540.712 0.100 0.005
839 1847 1856 9 519.436 0.000 519.436 0.100 0.006
840 1802 1811 9 496.271 0.000 496.271 0.100 0.006
841 1763 1811 48 473.588 0.000 473.588 0.100 0.006
842 1763 1811 48 450.958 0.000 450.958 0.100 0.007
843 1761 1802 41 427.307 0.000 427.307 0.100 0.007
844 1761 1802 41 404.975 0.000 404.975 0.100 0.007
845 1761 1802 41 383.364 0.000 383.364 0.117 0.008
846 1761 1802 41 357.940 0.000 357.940 0.117 0.008
847 1761 1802 41 335.756 0.000 335.756 0.117 0.009
848 1761 1802 41 313.255 0.000 313.255 0.117 0.009
849 1761 1802 41 290.408 0.000 290.408 0.117 0.010
850 1761 1802 41 272.247 0.000 272.247 0.133 0.010
851 1524 1571 47 252.702 0.000 252.702 0.133 0.011
852 1524 1571 47 235.273 0.000 235.273 0.167 0.011
853 1524 1571 47 218.581 0.000 218.581 0.167 0.012
854 1501 1501 0 201.134 0.000 201.134 0.167 0.012
855 1501 1501 0 186.671 0.000 186.671 0.167 0.013
856 1414 1450 36 172.527 0.000 172.527 0.167 0.013
857 1414 1450 36 157.372 0.000 157.372 0.167 0.014
858 1186 1195 9 143.008 0.000 143.008 0.183 0.014
859 1174 1195 21 130.150 0.000 130.150 0.183 0.015
860 1174 1195 21 116.705 0.000 116.705 0.183 0.015
861 1059 1059 0 105.489 0.000 105.489 0.183 0.016
862 1026 1058 32 92.856 0.000 92.856 0.200 0.016
863 1026 1058 32 81.107 0.000 81.107 0.200 0.017
864 1026 1058 32 73.906 0.000 73.906 0.217 0.017
865 997 1039 42 65.614 0.000 65.614 0.217 0.018
866 997 1039 42 56.144 0.000 56.144 0.217 0.018
867 864 865 1 46.022 0.000 46.022 0.217 0.019
868 864 865 1 37.988 0.000 37.988 0.250 0.019
869 864 865 1 31.368 0.000 31.368 0.250 0.020
870 774 805 31 24.607 0.000 24.607 0.250 0.020
871 749 768 19 19.520 0.000 19.520 0.267 0.021
872 749 768 19 15.010 0.000 15.010 0.267 0.021
873 749 749 0 11.386 0.000 11.386 0.267 0.022
874 749 749 0 8.176 0.000 8.176 0.267 0.022
875 749 749 0 5.663 0.000 5.663 0.267 0.022
876 749 749 0 3.627 0.000 3.627 0.267 0.023
877 749 749 0 2.395 0.000 2.395 0.283 0.023
878 693 741 48 1.561 0.000 1.561 0.283 0.023
879 400 435 35 0.963 0.000 0.963 0.283 0.023
880 400 435 35 0.669 0.000 0.669 0.300 0.023
881 361 361 0 0.392 0.000 0.392 0.300 0.023
882 361 361 0 0.279 0.000 0.279 0.300 0.023
883 361 361 0 0.201 0.000 0.201 0.300 0.023
884 202 239 37 0.141 0.000 0.141 0.300 0.023
885 184 184 0 0.135 0.000 0.135 0.300 0.023
886 184 184 0 0.142 0.000 0.142 0.300 0.023
887 195 195 0 0.224 0.000 0.224 0.300 0.023
888 430 430 0 0.406 0.000 0.406 0.300 0.023
889 430 430 0 0.656 0.000 0.656 0.317 0.022
890 430 430 0 0.893 0.000 0.893 0.317 0.022
891 683 683 0 1.343 0.000 1.343 0.317 0.022
892 683 683 0 2.010 0.000 2.010 0.317 0.022
893 683 683 0 2.844 0.000 2.844 0.317 0.022
894 683 683 0 4.517 0.000 4.517 0.317 0.022
895 683 683 0 6.399 0.000 6.399 0.333 0.022
896 683 683 0 9.321 0.000 9.321 0.333 0.022
897 699 699 0 13.220 0.000 13.220 0.333 0.022
898 699 699 0 17.054 0.000 17.054 0.350 0.022
899 798 798 0 22.560 0.000 22.560 0.350 0.023
900 798 798 0 28.785 0.000 28.785 0.350 0.023
901 798 798 0 35.434 0.000 35.434 0.367 0.023
902 798 798 0 41.140 0.000 41.140 0.383 0.023
903 832 832 0 49.592 0.000 49.592 0.367 0.023
904 842 842 0 57.643 0.000 57.643 0.367 0.023
905 903 903 0 66.014 0.000 66.014 0.367 0.023
906 1015 1015 0 75.050 0.000 75.050 0.350 0.023
907 1015 1015 0 86.884 0.000 86.884 0.333 0.023
908 1042 1042 0 99.535 0.000 99.535 0.350 0.024
909 1179 1179 0 111.195 0.000 111.195 0.350 0.024
910 1179 1179 0 123.505 0.000 123.505 0.350 0.024
911 1240 1240 0 135.767 0.000 135.767 0.333 0.024
912 1369 1369 0 149.363 0.000 149.363 0.350 0.024
913 1474 1474 0 165.470 0.000 165.470 0.350 0.024
914 1474 1474 0 180.894 0.000 180.894 0.333 0.024
915 1474 1474 0 195.019 0.000 195.019 0.333 0.024
916 1474 1474 0 212.989 0.000 212.989 0.333 0.024
917 1503 1503 0 228.759 0.000 228.759 0.350 0.024
918 1849 1849 0 249.914 0.000 249.914 0.333 0.024
919 1849 1849 0 266.757 0.000 266.757 0.333 0.024
920 1849 1849 0 285.070 0.000 285.070 0.333 0.023
921 1849 1849 0 305.156 0.000 305.156 0.333 0.024
922 1849 1849 0 326.798 0.000 326.798 0.333 0.023
923 1849 1849 0 347.043 0.000 347.043 0.333 0.023
924 1849 1849 0 370.225 0.000 370.225 0.350 0.023
925 1849 1849 0 391.648 0.000 391.648 0.333 0.023
926 1849 1849 0 410.927 0.000 410.927 0.333 0.023
927 1849 1849 0 430.967 0.000 430.967 0.333 0.023
928 1869 1869 0 456.743 0.000 456.743 0.317 0.023
929 1869 1869 0 476.723 0.000 476.723 0.317 0.023
930 1869 1869 0 499.147 0.000 499.147 0.317 0.023
931 1869 1869 0 523.586 0.000 523.586 0.317 0.022
932 1869 1869 0 549.384 0.000 549.384 0.333 0.022
933 1869 1869 0 575.035 0.000 575.035 0.333 0.022
934 1950 1950 0 600.573 0.000 600.573 0.350 0.022
935 1950 1950 0 623.619 0.000 623.619 0.350 0.022
936 1950 1950 0 650.804 0.000 650.804 0.350 0.022
937 2017 2017 0 675.879 0.000 675.879 0.350 0.022
938 2017 2017 0 701.060 0.000 701.060 0.350 0.022
939 2224 2224 0 725.005 0.000 725.005 0.333 0.022
940 2224 2224 0 749.068 0.000 749.068 0.300 0.022
941 2224 2224 0 773.095 0.000 773.095 0.300 0.022
942 2386 2386 0 803.756 0.000 803.756 0.317 0.022
943 2462 2462 0 829.103 0.000 829.103 0.317 0.022
944 2462 2462 0 857.567 0.000 857.567 0.333 0.023
945 2462 2462 0 884.708 0.000 884.708 0.333 0.023
946 2462 2462 0 909.238 0.000 909.238 0.333 0.023
947 2462 2462 0 937.636 0.000 937.636 0.333 0.023
948 2462 2462 0 963.466 0.000 963.466 0.333 0.023
949 2462 2462 0 987.799 0.000 987.799 0.333 0.023
950 2462 2462 0 1014.552 0.000 1014.552 0.333 0.023
951 2462 2462 0 1038.030 0.000 1038.030 0.317 0.023
952 2462 2462 0 1065.560 0.000 1065.560 0.300 0.023
953 2462 2462 0 1090.133 0.000 1090.133 0.300 0.023
954 2462 2462 0 1115.696 0.000 1115.696 0.283 0.022
955 2462 2462 0 1139.656 0.000 1139.656 0.283 0.022
956 2462 2462 0 1164.226 0.000 1164.226 0.283 0.021
957 2462 2462 0 1188.958 0.000 1188.958 0.283 0.021
958 2462 2462 0 1208.861 0.000 1208.861 0.283 0.021
959 2462 2462 0 1231.179 0.000 1231.179 0.250 0.020
960 2462 2462 0 1250.973 0.000 1250.973 0.250 0.019
961 2462 2462 0 1268.605 0.000 1268.605 0.250 0.019
962 2462 2462 0 1282.737 0.000 1282.737 0.233 0.019
963 2462 2462 0 1298.781 0.000 1298.781 0.217 0.018
964 2462 2462 0 1312.522 0.000 1312.522 0.217 0.018
965 2462 2462 0 1324.174 0.000 1324.174 0.217 0.017
966 2462 2462 0 1334.042 0.000 1334.042 0.217 0.017
967 2462 2462 0 1346.691 0.000 1346.691 0.217 0.016
968 2462 2462 0 1357.623 0.000 1357.623 0.217 0.015
969 2462 2462 0 1365.054 0.000 1365.054 0.217 0.015
970 2462 2462 0 1371.932 0.000 1371.932 0.200 0.014
971 2462 2462 0 1375.443 0.000 1375.443 0.183 0.014
972 2462 2462 0 1379.596 0.000 1379.596 0.183 0.014
973 2462 2462 0 1383.970 0.000 1383.970 0.183 0.013
974 2462 2462 0 1385.975 0.000 1385.975 0.183 0.013
975 2462 2462 0 1385.404 0.000 1385.404 0.167 0.012
976 2462 2462 0 1386.056 0.000 1386.056 0.150 0.012
977 2462 2462 0 1381.838 0.000 1381.838 0.133 0.011
978 2462 2462 0 1380.032 0.000 1380.032 0.133 0.010
979 2462 2462 0 1373.951 0.000 1373.951 0.133 0.010
980 2462 2462 0 1369.586 0.000 1369.586 0.133 0.010
981 2462 2462 0 1362.778 0.000 1362.778 0.117 0.009
982 2462 2462 0 1356.368 0.000 1356.368 0.117 0.009
983 2462 2462 0 1347.454 0.000 1347.454 0.117 0.008
984 2462 2462 0 1336.758 0.000 1336.758 0.117 0.008
985 2462 2462 0 1324.634 0.000 1324.634 0.117 0.007
986 2462 2462 0 1313.054 0.000 1313.054 0.100 0.007
987 2462 2462 0 1296.964 0.000 1296.964 0.100 0.007
988 2462 2462 0 1281.621 0.000 1281.621 0.100 0.006
989 2462 2462 0 1264.674 0.000 1264.674 0.100 0.006
990 2462 2462 0 1250.006 0.000 1250.006 0.100 0.006
991 2462 2462 0 1233.753 0.000 1233.753 0.100 0.005
992 2462 2462 0 1216.258 0.000 1216.258 0.083 0.005
993 2462 2462 0 1196.207 0.000 1196.207 0.083 0.005
994 2462 2462 0 1175.178 0.000 1175.178 0.083 0.004
995 2462 2462 0 1152.677 0.000 1152.677 0.083 0.004
996 2462 2462 0 1126.434 0.000 1126.434 0.067 0.004
997 2462 2462 0 1101.897 0.000 1101.897 0.067 0.003
998 2462 2462 0 1074.506 0.000 1074.506 0.067 0.003
999 2462 2462 0 1053.723 0.000 1053.723 0.067 0.003
1000 2462 2462 0 1029.882 0.000 1029.882 0.067 0.003
1001 2462 2462 0 1006.957 0.000 1006.957 0.067 0.003
1002 2462 2462 0 981.694 0.000 981.694 0.050 0.003
1003 2260 2260 0 954.509 0.000 954.509 0.050 0.003
1004 2260 2260 0 925.901 0.000 925.901 0.050 0.002
1005 2260 2260 0 897.900 0.000 897.900 0.050 0.002
1006 2260 2260 0 872.563 0.000 872.563 0.050 0.002
1007 2260 2260 0 843.919 0.000 843.919 0.050 0.002
1008 2260 2260 0 813.408 0.000 813.408 0.050 0.003
1009 2110 2110 0 790.231 0.000 790.231 0.050 0.003
1010 2110 2110 0 763.487 0.000 763.487 0.050 0.003
1011 2110 2110 0 737.545 0.000 737.545 0.050 0.003
1012 2110 2110 0 709.600 0.000 709.600 0.067 0.003
1013 2110 2110 0 682.176 0.000 682.176 0.067 0.003
1014 2110 2110 0 657.364 0.000 657.364 0.067 0.004
1015 2110 2110 0 631.251 0.000 631.251 0.067 0.004
1016 2054 2054 0 604.906 0.000 604.906 0.067 0.004
1017 2054 2054 0 577.461 0.000 577.461 0.067 0.005
1018 2054 2054 0 553.167 0.000 553.167 0.067 0.005
1019 2029 2031 2 526.508 0.000 526.508 0.083 0.005
1020 1857 1869 12 503.305 0.000 503.305 0.083 0.006
1021 1857 1869 12 480.453 0.000 480.453 0.083 0.006
1022 1843 1869 26 458.976 0.000 458.976 0.100 0.006
1023 1721 1768 47 437.755 0.000 437.755 0.100 0.007
1024 1721 1768 47 414.288 0.000 414.288 0.100 0.007
1025 1681 1683 2 391.738 0.000 391.738 0.117 0.008
1026 1681 1683 2 367.729 0.000 367.729 0.133 0.008
1027 1681 1683 2 347.477 0.000 347.477 0.133 0.008
1028 1681 1683 2 329.132 0.000 329.132 0.133 0.009
1029 1681 1683 2 308.541 0.000 308.541 0.133 0.009
1030 1681 1681 0 288.424 0.000 288.424 0.133 0.010
1031 1681 1681 0 265.550 0.000 265.550 0.150 0.010
1032 1681 1681 0 247.180 0.000 247.180 0.150 0.011
1033 1681 1681 0 229.201 0.000 229.201 0.150 0.011
1034 1681 1681 0 211.126 0.000 211.126 0.167 0.012
1035 1681 1681 0 193.476 0.000 193.476 0.167 0.012
1036 1540 1609 69 176.633 0.000 176.633 0.167 0.012
1037 1396 1475 79 158.689 0.000 158.689 0.167 0.013
1038 1396 1475 79 144.781 0.000 144.781 0.183 0.013
1039 1396 1475 79 129.199 0.000 129.199 0.183 0.014
1040 1195 1244 49 116.394 0.000 116.394 0.183 0.015
1041 1195 1244 49 104.135 0.000 104.135 0.183 0.015
1042 1195 1244 49 93.912 0.000 93.912 0.200 0.016
1043 1195 1244 49 83.143 0.000 83.143 0.217 0.016
1044 1195 1244 49 73.024 0.000 73.024 0.217 0.017
1045 1195 1244 49 62.600 0.000 62.600 0.217 0.017
1046 1195 1244 49 53.900 0.000 53.900 0.217 0.018
1047 1180 1180 0 44.491 0.000 44.491 0.233 0.018
1048 1180 1180 0 36.833 0.000 36.833 0.233 0.019
1049 1180 1180 0 29.431 0.000 29.431 0.250 0.019
1050 1180 1180 0 24.071 0.000 24.071 0.250 0.020
1051 1180 1180 0 19.560 0.000 19.560 0.267 0.020
1052 840 840 0 15.024 0.000 15.024 0.283 0.020
1053 762 762 0 11.133 0.000 11.133 0.283 0.021
1054 762 762 0 8.156 0.000 8.156 0.283 0.021
1055 520 549 29 5.505 0.000 5.505 0.283 0.022
1056 520 549 29 3.720 0.000 3.720 0.283 0.022
1057 520 549 29 2.686 0.000 2.686 0.283 0.022
1058 449 497 48 1.702 0.000 1.702 0.300 0.023
1059 449 497 48 1.344 0.000 1.344 0.300 0.023
1060 449 497 48 0.871 0.000 0.871 0.300 0.023
1061 449 497 48 0.612 0.000 0.612 0.300 0.023
1062 449 497 48 0.533 0.000 0.533 0.283 0.023
1063 449 497 48 0.457 0.000 0.457 0.283 0.023
1064 449 497 48 0.397 0.000 0.397 0.283 0.023
1065 449 497 48 0.295 0.000 0.295 0.283 0.023
1066 449 497 48 0.263 0.000 0.263 0.283 0.023
1067 516 516 0 0.405 0.000 0.405 0.283 0.022
1068 516 516 0 0.513 0.000 0.513 0.283 0.022
1069 516 516 0 0.672 0.000 0.672 0.283 0.022
1070 551 551 0 0.891 0.000 0.891 0.283 0.022
1071 551 551 0 1.316 0.000 1.316 0.283 0.022
1072 551 551 0 1.932 0.000 1.932 0.283 0.022
1073 551 551 0 2.886 0.000 2.886 0.300 0.022
1074 643 643 0 3.933 0.000 3.933 0.300 0.022
1075 643 643 0 5.487 0.000 5.487 0.300 0.022
1076 643 643 0 8.309 0.000 8.309 0.300 0.022
1077 643 643 0 11.525 0.000 11.525 0.300 0.022
1078 760 743 17 15.511 0.000 15.511 0.300 0.022
1079 760 743 17 19.859 0.000 19.859 0.300 0.022
1080 840 840 0 25.215 0.000 25.215 0.300 0.023
1081 968 968 0 31.149 0.000 31.149 0.300 0.023
1082 1011 968 43 37.771 0.000 37.771 0.300 0.023
1083 1011 992 19 45.507 0.000 45.507 0.300 0.023
1084 1011 992 19 53.264 0.000 53.264 0.317 0.023
1085 1041 1041 0 61.947 0.000 61.947 0.283 0.023
1086 1069 1069 0 72.328 0.000 72.328 0.300 0.023
1087 1133 1133 0 82.681 0.000 82.681 0.317 0.023
1088 1321 1321 0 93.241 0.000 93.241 0.317 0.023
1089 1321 1321 0 103.278 0.000 103.278 0.317 0.023
1090 1321 1321 0 115.522 0.000 115.522 0.317 0.023
1091 1321 1321 0 128.011 0.000 128.011 0.300 0.023
1092 1352 1352 0 141.962 0.000 141.962 0.317 0.023
1093 1352 1352 0 154.767 0.000 154.767 0.333 0.023
1094 1352 1352 0 170.638 0.000 170.638 0.317 0.023
1095 1352 1352 0 187.590 0.000 187.590 0.317 0.024
1096 1363 1352 11 203.983 0.000 203.983 0.317 0.024
1097 1363 1352 11 219.611 0.000 219.611 0.317 0.023
1098 1370 1352 18 237.965 0.000 237.965 0.317 0.023
1099 1480 1480 0 255.945 0.000 255.945 0.317 0.023
1100 1480 1480 0 275.110 0.000 275.110 0.317 0.023
1101 1621 1621 0 293.911 0.000 293.911 0.317 0.023
1102 1621 1621 0 314.247 0.000 314.247 0.317 0.023
1103 1621 1621 0 332.939 0.000 332.939 0.317 0.023
1104 1709 1709 0 353.497 0.000 353.497 0.333 0.023
1105 1904 1904 0 376.071 0.000 376.071 0.350 0.023
1106 1904 1904 0 400.972 0.000 400.972 0.350 0.023
1107 2021 2021 0 423.681 0.000 423.681 0.367 0.023
1108 2021 2021 0 447.771 0.000 447.771 0.367 0.023
1109 2021 2021 0 470.917 0.000 470.917 0.367 0.023
1110 2021 2021 0 495.209 0.000 495.209 0.367 0.023
1111 2021 2021 0 516.624 0.000 516.624 0.367 0.023
1112 2021 2021 0 543.095 0.000 543.095 0.350 0.022
1113 2021 2021 0 567.425 0.000 567.425 0.317 0.022
1114 2021 2021 0 594.146 0.000 594.146 0.317 0.022
1115 2021 2021 0 620.954 0.000 620.954 0.317 0.022
1116 2093 2093 0 645.246 0.000 645.246 0.317 0.022
1117 2125 2093 32 672.163 0.000 672.163 0.300 0.022
1118 2125 2100 25 699.533 0.000 699.533 0.317 0.022
1119 2161 2161 0 726.972 0.000 726.972 0.317 0.022
1120 2161 2161 0 752.893 0.000 752.893 0.300 0.022
1121 2161 2161 0 781.355 0.000 781.355 0.300 0.022
1122 2161 2161 0 807.225 0.000 807.225 0.300 0.022
1123 2161 2161 0 834.503 0.000 834.503 0.300 0.022
1124 2161 2161 0 858.737 0.000 858.737 0.300 0.023
1125 2161 2161 0 887.194 0.000 887.194 0.300 0.023
1126 2161 2161 0 914.966 0.000 914.966 0.300 0.023
1127 2161 2161 0 942.028 0.000 942.028 0.300 0.023
1128 2161 2161 0 968.163 0.000 968.163 0.283 0.023
1129 2249 2249 0 994.328 0.000 994.328 0.283 0.023
1130 2249 2249 0 1020.619 0.000 1020.619 0.283 0.023
1131 2249 2249 0 1047.229 0.000 1047.229 0.267 0.023
1132 2249 2249 0 1073.508 0.000 1073.508 0.267 0.023
1133 2249 2249 0 1101.258 0.000 1101.258 0.267 0.023
1134 2249 2249 0 1124.509 0.000 1124.509 0.267 0.022
1135 2249 2249 0 1147.308 0.000 1147.308 0.267 0.022
1136 2249 2249 0 1170.196 0.000 1170.196 0.267 0.022
1137 2249 2249 0 1192.254 0.000 1192.254 0.267 0.021
1138 2249 2249 0 1213.712 0.000 1213.712 0.250 0.021
1139 2249 2249 0 1233.100 0.000 1233.100 0.250 0.020
1140 2249 2249 0 1251.453 0.000 1251.453 0.250 0.020
1141 2249 2249 0 1268.920 0.000 1268.920 0.250 0.019
1142 2249 2249 0 1285.326 0.000 1285.326 0.250 0.019
1143 2249 2249 0 1300.815 0.000 1300.815 0.250 0.018
1144 2249 2249 0 1314.500 0.000 1314.500 0.233 0.018
1145 2249 2249 0 1326.517 0.000 1326.517 0.233 0.017
1146 2249 2249 0 1339.868 0.000 1339.868 0.217 0.017
1147 2249 2249 0 1349.899 0.000 1349.899 0.217 0.016
1148 2249 2249 0 1357.726 0.000 1357.726 0.200 0.016
1149 2249 2249 0 1364.614 0.000 1364.614 0.200 0.016
1150 2249 2249 0 1371.658 0.000 1371.658 0.200 0.015
1151 2249 2249 0 1377.270 0.000 1377.270 0.183 0.015
1152 2249 2249 0 1380.904 0.000 1380.904 0.183 0.014
1153 2249 2249 0 1382.752 0.000 1382.752 0.183 0.014
1154 2249 2249 0 1385.012 0.000 1385.012 0.183 0.013
1155 2249 2249 0 1385.679 0.000 1385.679 0.183 0.012
1156 2249 2249 0 1384.394 0.000 1384.394 0.167 0.012
1157 2249 2249 0 1382.918 0.000 1382.918 0.150 0.012
1158 2249 2249 0 1379.538 0.000 1379.538 0.150 0.011
1159 2249 2249 0 1374.842 0.000 1374.842 0.150 0.010
1160 2249 2249 0 1370.658 0.000 1370.658 0.150 0.010
1161 2249 2249 0 1364.575 0.000 1364.575 0.133 0.010
1162 2249 2249 0 1356.517 0.000 1356.517 0.117 0.009
1163 2249 2249 0 1346.630 0.000 1346.630 0.117 0.009
1164 2249 2249 0 1335.723 0.000 1335.723 0.117 0.008
1165 2249 2249 0 1324.820 0.000 1324.820 0.117 0.008
1166 2249 2249 0 1313.494 0.000 1313.494 0.100 0.007
1167 2249 2249 0 1298.000 0.000 1298.000 0.083 0.007
1168 2249 2249 0 1285.351 0.000 1285.351 0.083 0.006
1169 2249 2249 0 1270.816 0.000 1270.816 0.083 0.006
1170 2249 2249 0 1253.789 0.000 1253.789 0.083 0.006
1171 2249 2249 0 1236.490 0.000 1236.490 0.083 0.005
1172 2249 2249 0 1216.583 0.000 1216.583 0.083 0.005
1173 2249 2249 0 1194.780 0.000 1194.780 0.083 0.005
1174 2249 2249 0 1174.147 0.000 1174.147 0.083 0.004
1175 2249 2249 0 1155.910 0.000 1155.910 0.067 0.004
1176 2249 2249 0 1132.199 0.000 1132.199 0.067 0.004
1177 2249 2249 0 1108.121 0.000 1108.121 0.067 0.004
1178 2249 2249 0 1081.747 0.000 1081.747 0.067 0.003
1179 2249 2249 0 1058.131 0.000 1058.131 0.067 0.003
1180 2249 2249 0 1032.249 0.000 1032.249 0.050 0.003
1181 2249 2249 0 1007.743 0.000 1007.743 0.050 0.003
1182 2249 2249 0 980.309 0.000 980.309 0.050 0.003
1183 2249 2249 0 954.325 0.000 954.325 0.050 0.003
1184 2249 2249 0 925.744 0.000 925.744 0.050 0.003
1185 2249 2249 0 894.829 0.000 894.829 0.050 0.003
1186 2249 2249 0 867.293 0.000 867.293 0.050 0.003
1187 2249 2249 0 845.808 0.000 845.808 0.050 0.003
1188 2249 2249 0 820.624 0.000 820.624 0.050 0.003
1189 2155 2146 9 791.834 0.000 791.834 0.050 0.003
1190 2155 2146 9 765.015 0.000 765.015 0.050 0.003
1191 2155 2146 9 737.053 0.000 737.053 0.050 0.003
1192 2155 2146 9 710.414 0.000 710.414 0.050 0.003
1193 2155 2146 9 687.510 0.000 687.510 0.067 0.003
1194 2109 2146 37 661.769 0.000 661.769 0.067 0.004
1195 2004 1998 6 634.945 0.000 634.945 0.083 0.004
1196 2004 1998 6 606.676 0.000 606.676 0.083 0.004
1197 2004 1998 6 581.536 0.000 581.536 0.083 0.004
1198 2004 1998 6 553.788 0.000 553.788 0.083 0.005
1199 2004 1998 6 527.176 0.000 527.176 0.083 0.005
