1 872 0 872 385.020 0.000 385.020 0.000 0.000
2 872 0 872 411.401 0.000 411.401 0.000 0.000
3 1024 0 1024 432.923 0.000 432.923 0.000 0.000
4 1024 0 1024 449.870 0.000 449.870 0.000 0.000
5 1098 0 1098 470.513 0.000 470.513 0.000 0.000
6 1098 538 560 488.688 0.000 488.688 0.000 0.000
7 1098 538 560 511.237 0.000 511.237 0.000 0.000
8 1098 538 560 530.626 0.000 530.626 0.000 0.000
9 1306 538 768 551.801 0.000 551.801 0.000 0.000
10 1306 538 768 572.300 0.000 572.300 0.000 0.000
11 1306 538 768 594.688 0.000 594.688 0.000 0.000
12 1306 538 768 614.592 0.000 614.592 0.000 0.000
13 1362 538 824 634.294 0.000 634.294 0.000 0.000
14 1362 538 824 651.341 0.000 651.341 0.000 0.000
15 1529 538 991 669.008 0.000 669.008 0.000 0.000
16 1529 538 991 688.245 0.000 688.245 0.000 0.000
17 1651 538 1113 702.855 0.000 702.855 0.000 0.000
18 1651 538 1113 721.840 0.000 721.840 0.000 0.000
19 1651 538 1113 743.435 0.000 743.435 0.000 0.000
20 1651 538 1113 762.854 0.000 762.854 0.000 0.000
21 1651 538 1113 785.609 0.000 785.609 0.000 0.000
22 1651 538 1113 806.119 0.000 806.119 0.000 0.000
23 1815 538 1277 826.455 0.000 826.455 0.000 0.000
24 1815 538 1277 844.803 0.000 844.803 0.000 0.000
25 1815 538 1277 862.728 0.000 862.728 0.000 0.000
26 1815 538 1277 879.350 0.000 879.350 0.000 0.000
27 1815 538 1277 894.921 0.000 894.921 0.000 0.000
28 1815 538 1277 911.093 0.000 911.093 0.000 0.000
29 1886 538 1348 929.881 0.000 929.881 0.000 0.000
30 1886 1886 0 949.762 0.000 949.762 0.133 0.046
31 1886 1886 0 965.289 0.000 965.289 0.129 0.045
32 2110 1886 224 981.907 0.000 981.907 0.125 0.043
33 2110 1886 224 995.298 0.000 995.298 0.121 0.042
34 2110 1886 224 1008.061 0.000 1008.061 0.118 0.041
35 2128 2128 0 1023.911 0.000 1023.911 0.114 0.040
36 2128 2128 0 1040.392 0.000 1040.392 0.111 0.039
37 2148 2128 20 1055.529 0.000 1055.529 0.108 0.038
38 2148 2128 20 1068.997 0.000 1068.997 0.105 0.037
39 2148 2128 20 1080.048 0.000 1080.048 0.103 0.036
40 2148 2128 20 1093.007 0.000 1093.007 0.100 0.035
41 2148 2128 20 1105.036 0.000 1105.036 0.098 0.034
42 2148 2128 20 1116.690 0.000 1116.690 0.095 0.034
43 2148 2128 20 1128.147 0.000 1128.147 0.093 0.033
44 2148 2131 17 1137.312 0.000 1137.312 0.091 0.032
45 2148 2131 17 1146.721 0.000 1146.721 0.089 0.032
46 2148 2131 17 1156.781 0.000 1156.781 0.087 0.031
47 2148 2131 17 1166.433 0.000 1166.433 0.085 0.030
48 2148 2131 17 1176.023 0.000 1176.023 0.083 0.030
49 2148 2131 17 1184.700 0.000 1184.700 0.082 0.029
50 2148 2131 17 1193.240 0.000 1193.240 0.080 0.029
51 2148 2131 17 1201.636 0.000 1201.636 0.078 0.028
52 2148 2131 17 1208.348 0.000 1208.348 0.077 0.028
53 2200 2131 69 1214.877 0.000 1214.877 0.075 0.027
54 2200 2131 69 1220.651 0.000 1220.651 0.074 0.027
55 2200 2131 69 1225.660 0.000 1225.660 0.073 0.026
56 2200 2131 69 1231.797 0.000 1231.797 0.071 0.026
57 2200 2131 69 1235.737 0.000 1235.737 0.070 0.025
58 2200 2131 69 1240.265 0.000 1240.265 0.069 0.025
59 2200 2131 69 1244.514 0.000 1244.514 0.068 0.025
60 2200 2131 69 1248.101 0.000 1248.101 0.067 0.024
61 2200 2131 69 1264.127 0.000 1264.127 0.067 0.024
62 2200 2131 69 1280.223 0.000 1280.223 0.067 0.024
63 2200 2131 69 1295.499 0.000 1295.499 0.067 0.024
64 2200 2131 69 1309.167 0.000 1309.167 0.067 0.024
65 2200 2131 69 1324.438 0.000 1324.438 0.067 0.024
66 2200 2131 69 1337.304 0.000 1337.304 0.067 0.024
67 2200 2131 69 1349.564 0.000 1349.564 0.067 0.024
68 2200 2131 69 1358.182 0.000 1358.182 0.067 0.024
69 2200 2131 69 1366.068 0.000 1366.068 0.067 0.024
70 2200 2131 69 1372.895 0.000 1372.895 0.067 0.024
71 2200 2131 69 1379.667 0.000 1379.667 0.067 0.024
72 2200 2131 69 1384.300 0.000 1384.300 0.067 0.024
73 2200 2131 69 1387.836 0.000 1387.836 0.067 0.024
74 2200 2131 69 1389.896 0.000 1389.896 0.067 0.024
75 2200 2131 69 1389.271 0.000 1389.271 0.067 0.024
76 2200 2131 69 1387.871 0.000 1387.871 0.067 0.024
77 2200 2131 69 1383.956 0.000 1383.956 0.067 0.024
78 2200 2131 69 1381.071 0.000 1381.071 0.067 0.024
79 2200 2131 69 1378.576 0.000 1378.576 0.067 0.024
80 2200 2131 69 1374.542 0.000 1374.542 0.067 0.024
81 2200 2131 69 1370.504 0.000 1370.504 0.067 0.024
82 2200 2131 69 1362.492 0.000 1362.492 0.067 0.024
83 2200 2131 69 1353.749 0.000 1353.749 0.067 0.024
84 2200 2131 69 1344.150 0.000 1344.150 0.067 0.024
85 2200 2131 69 1332.457 0.000 1332.457 0.067 0.024
86 2200 2131 69 1320.786 0.000 1320.786 0.067 0.024
87 2200 2131 69 1304.987 0.000 1304.987 0.067 0.024
88 2200 2131 69 1292.071 0.000 1292.071 0.067 0.024
89 2200 2131 69 1274.501 0.000 1274.501 0.067 0.024
90 2200 2131 69 1257.212 0.000 1257.212 0.017 0.001
91 2200 2131 69 1237.941 0.000 1237.941 0.017 0.001
92 2200 2131 69 1218.524 0.000 1218.524 0.017 0.001
93 2200 2131 69 1200.116 0.000 1200.116 0.017 0.001
94 2200 2131 69 1177.021 0.000 1177.021 0.017 0.001
95 2200 2131 69 1156.859 0.000 1156.859 0.017 0.001
96 2200 2131 69 1136.039 0.000 1136.039 0.017 0.001
97 2200 2131 69 1107.465 0.000 1107.465 0.017 0.001
98 2200 2131 69 1082.513 0.000 1082.513 0.017 0.001
99 2200 2131 69 1058.889 0.000 1058.889 0.017 0.001
100 2200 2131 69 1035.416 0.000 1035.416 0.017 0.001
101 2200 2131 69 1009.226 0.000 1009.226 0.017 0.001
102 2200 2131 69 982.081 0.000 982.081 0.017 0.001
103 2200 2131 69 953.115 0.000 953.115 0.017 0.001
104 2200 2131 69 928.165 0.000 928.165 0.017 0.000
105 2200 2131 69 904.088 0.000 904.088 0.017 0.000
106 2200 2131 69 873.725 0.000 873.725 0.017 0.000
107 2200 2131 69 846.094 0.000 846.094 0.017 0.000
108 2200 2131 69 817.291 0.000 817.291 0.017 0.000
109 2200 2131 69 791.725 0.000 791.725 0.017 0.000
110 2200 2131 69 764.634 0.000 764.634 0.017 0.000
111 2200 2131 69 736.272 0.000 736.272 0.017 0.000
112 2200 2131 69 707.731 0.000 707.731 0.017 0.000
113 2190 2131 59 679.893 0.000 679.893 0.017 0.000
114 2190 2131 59 653.005 0.000 653.005 0.017 0.000
115 2190 2131 59 626.772 0.000 626.772 0.017 0.000
116 2190 2131 59 598.036 0.000 598.036 0.017 0.000
117 2190 2131 59 575.167 0.000 575.167 0.017 0.000
118 2190 2131 59 550.248 0.000 550.248 0.017 0.000
119 2190 2131 59 523.959 0.000 523.959 0.017 0.000
120 2190 2131 59 498.497 0.000 498.497 0.017 0.000
121 2190 2131 59 473.754 0.000 473.754 0.017 0.000
122 2190 2131 59 449.956 0.000 449.956 0.017 0.000
123 2190 2131 59 424.741 0.000 424.741 0.017 0.000
124 2190 2131 59 401.416 0.000 401.416 0.017 0.000
125 2190 2131 59 380.934 0.000 380.934 0.017 0.000
126 2029 2131 102 356.802 0.000 356.802 0.017 0.000
127 2029 2131 102 333.147 0.000 333.147 0.017 0.000
128 2029 2131 102 314.344 0.000 314.344 0.017 0.000
129 2029 2131 102 293.739 0.000 293.739 0.017 0.000
130 1688 2131 443 274.443 0.000 274.443 0.017 0.000
131 1688 2131 443 255.623 0.000 255.623 0.017 0.000
132 1688 2131 443 237.364 0.000 237.364 0.017 0.000
133 1688 2131 443 220.146 0.000 220.146 0.017 0.000
134 1688 2131 443 205.890 0.000 205.890 0.017 0.001
135 1688 2131 443 188.620 0.000 188.620 0.033 0.001
136 1688 2131 443 171.313 0.000 171.313 0.033 0.001
137 1688 2131 443 154.789 0.000 154.789 0.033 0.001
138 1688 2131 443 139.125 0.000 139.125 0.033 0.001
139 1688 2131 443 128.136 0.000 128.136 0.033 0.001
140 1688 2131 443 116.705 0.000 116.705 0.033 0.001
141 1469 2131 662 105.925 0.000 105.925 0.033 0.001
142 1469 2131 662 93.734 0.000 93.734 0.033 0.001
143 1469 2131 662 82.589 0.000 82.589 0.033 0.001
144 1122 2131 1009 73.229 0.000 73.229 0.033 0.001
145 901 2131 1230 63.839 0.000 63.839 0.033 0.001
146 901 2131 1230 55.591 0.000 55.591 0.033 0.001
147 787 2131 1344 45.579 0.000 45.579 0.033 0.001
148 786 2131 1345 38.800 0.000 38.800 0.033 0.001
149 786 2131 1345 31.388 0.000 31.388 0.033 0.001
150 786 2131 1345 25.492 0.000 25.492 0.033 0.002
151 786 2131 1345 19.870 0.000 19.870 0.033 0.002
152 786 2131 1345 15.244 0.000 15.244 0.033 0.002
153 786 2131 1345 11.741 0.000 11.741 0.033 0.002
154 629 2131 1502 7.689 0.000 7.689 0.033 0.002
155 629 2131 1502 5.514 0.000 5.514 0.033 0.002
156 596 2131 1535 4.098 0.000 4.098 0.033 0.002
157 596 2131 1535 2.573 0.000 2.573 0.033 0.003
158 596 2131 1535 1.657 0.000 1.657 0.033 0.003
159 596 2131 1535 1.185 0.000 1.185 0.033 0.003
160 596 2131 1535 0.871 0.000 0.871 0.033 0.003
161 334 2131 1797 0.505 0.000 0.505 0.033 0.003
162 230 2131 1901 0.316 0.000 0.316 0.033 0.003
163 230 2131 1901 0.223 0.000 0.223 0.033 0.003
164 230 2131 1901 0.195 0.000 0.195 0.033 0.003
165 230 2131 1901 0.171 0.000 0.171 0.033 0.003
166 230 2131 1901 0.199 0.000 0.199 0.033 0.003
167 230 2131 1901 0.256 0.000 0.256 0.033 0.003
168 273 2131 1858 0.341 0.000 0.341 0.033 0.003
169 273 2131 1858 0.516 0.000 0.516 0.033 0.003
170 721 2131 1410 0.949 0.000 0.949 0.033 0.003
171 721 2131 1410 1.210 0.000 1.210 0.033 0.003
172 721 2131 1410 1.818 0.000 1.818 0.033 0.003
173 721 2131 1410 2.677 0.000 2.677 0.033 0.003
174 721 2131 1410 3.482 0.000 3.482 0.033 0.003
175 721 2131 1410 5.866 0.000 5.866 0.033 0.003
176 763 2131 1368 9.089 0.000 9.089 0.033 0.003
177 763 2131 1368 12.655 0.000 12.655 0.033 0.003
178 763 2131 1368 16.457 0.000 16.457 0.033 0.003
179 1042 2131 1089 20.917 0.000 20.917 0.050 0.003
180 1042 2131 1089 26.513 0.000 26.513 0.050 0.003
181 1042 2131 1089 32.116 0.000 32.116 0.050 0.003
182 1042 2131 1089 38.563 0.000 38.563 0.050 0.003
183 1042 2131 1089 46.089 0.000 46.089 0.050 0.003
184 1042 2131 1089 54.711 0.000 54.711 0.050 0.003
185 1409 2131 722 63.870 0.000 63.870 0.050 0.003
186 1409 2131 722 72.662 0.000 72.662 0.050 0.003
187 1409 2131 722 83.261 0.000 83.261 0.050 0.003
188 1409 2131 722 93.600 0.000 93.600 0.050 0.003
189 1437 2131 694 104.641 0.000 104.641 0.050 0.003
190 1437 2131 694 116.844 0.000 116.844 0.050 0.003
191 1437 2131 694 131.094 0.000 131.094 0.050 0.003
192 1437 2131 694 145.665 0.000 145.665 0.050 0.003
193 1437 2131 694 161.958 0.000 161.958 0.050 0.003
194 1437 2131 694 176.702 0.000 176.702 0.050 0.003
195 1437 2131 694 190.730 0.000 190.730 0.050 0.003
196 1467 2131 664 208.563 0.000 208.563 0.050 0.003
197 1467 2131 664 224.091 0.000 224.091 0.050 0.003
198 1467 2131 664 240.945 0.000 240.945 0.050 0.003
199 1658 2131 473 257.554 0.000 257.554 0.050 0.003
200 1658 2131 473 279.475 0.000 279.475 0.050 0.003
201 1658 2131 473 299.059 0.000 299.059 0.050 0.003
202 1658 2131 473 319.179 0.000 319.179 0.050 0.003
203 1658 2131 473 344.434 0.000 344.434 0.050 0.003
204 1724 2131 407 362.645 0.000 362.645 0.050 0.003
205 1724 2131 407 382.841 0.000 382.841 0.050 0.003
206 1724 2131 407 403.337 0.000 403.337 0.050 0.003
207 1752 2131 379 423.414 0.000 423.414 0.033 0.003
208 1752 2131 379 443.968 0.000 443.968 0.033 0.003
209 1808 2131 323 467.767 0.000 467.767 0.050 0.003
210 1818 2131 313 490.108 0.000 490.108 0.050 0.003
211 1818 2131 313 511.227 0.000 511.227 0.050 0.003
212 1986 2131 145 535.509 0.000 535.509 0.050 0.003
213 1987 2131 144 564.314 0.000 564.314 0.050 0.003
214 1987 2131 144 584.177 0.000 584.177 0.050 0.002
215 1987 2131 144 608.148 0.000 608.148 0.050 0.002
216 2023 2131 108 631.813 0.000 631.813 0.050 0.002
217 2023 2131 108 653.466 0.000 653.466 0.050 0.002
218 2253 2131 122 677.485 0.000 677.485 0.050 0.002
219 2253 2131 122 703.334 0.000 703.334 0.050 0.002
220 2253 2131 122 729.675 0.000 729.675 0.050 0.002
221 2253 2131 122 761.649 0.000 761.649 0.050 0.002
222 2253 2131 122 791.994 0.000 791.994 0.050 0.003
223 2325 2325 0 818.875 0.000 818.875 0.050 0.003
224 2325 2325 0 848.752 0.000 848.752 0.050 0.003
225 2325 2325 0 873.534 0.000 873.534 0.050 0.003
226 2325 2325 0 901.717 0.000 901.717 0.033 0.003
227 2325 2325 0 929.676 0.000 929.676 0.033 0.003
228 2325 2325 0 956.407 0.000 956.407 0.033 0.003
229 2325 2325 0 984.920 0.000 984.920 0.033 0.003
230 2325 2325 0 1012.578 0.000 1012.578 0.033 0.003
231 2325 2325 0 1038.108 0.000 1038.108 0.033 0.003
232 2325 2325 0 1064.736 0.000 1064.736 0.033 0.003
233 2325 2325 0 1090.474 0.000 1090.474 0.033 0.003
234 2325 2325 0 1113.737 0.000 1113.737 0.033 0.003
235 2325 2325 0 1137.869 0.000 1137.869 0.033 0.003
236 2325 2325 0 1164.250 0.000 1164.250 0.033 0.003
237 2325 2325 0 1187.518 0.000 1187.518 0.033 0.003
238 2325 2325 0 1207.621 0.000 1207.621 0.033 0.003
239 2325 2325 0 1227.581 0.000 1227.581 0.033 0.003
240 2325 2325 0 1248.137 0.000 1248.137 0.033 0.003
241 2325 2325 0 1265.163 0.000 1265.163 0.033 0.003
242 2325 2325 0 1280.524 0.000 1280.524 0.033 0.003
243 2325 2325 0 1295.530 0.000 1295.530 0.033 0.003
244 2325 2325 0 1311.064 0.000 1311.064 0.033 0.003
245 2325 2325 0 1323.440 0.000 1323.440 0.033 0.003
246 2325 2325 0 1333.941 0.000 1333.941 0.033 0.003
247 2325 2325 0 1344.155 0.000 1344.155 0.033 0.003
248 2325 2325 0 1352.466 0.000 1352.466 0.033 0.003
249 2325 2325 0 1359.145 0.000 1359.145 0.033 0.003
250 2325 2325 0 1365.606 0.000 1365.606 0.033 0.003
251 2325 2325 0 1371.731 0.000 1371.731 0.033 0.003
252 2325 2325 0 1376.059 0.000 1376.059 0.033 0.002
253 2325 2325 0 1379.711 0.000 1379.711 0.033 0.002
254 2325 2325 0 1380.835 0.000 1380.835 0.033 0.002
255 2325 2325 0 1380.749 0.000 1380.749 0.033 0.002
256 2325 2325 0 1380.176 0.000 1380.176 0.033 0.002
257 2325 2325 0 1378.306 0.000 1378.306 0.033 0.002
258 2325 2325 0 1374.813 0.000 1374.813 0.033 0.002
259 2325 2325 0 1369.997 0.000 1369.997 0.033 0.002
260 2325 2325 0 1365.961 0.000 1365.961 0.033 0.001
261 2325 2325 0 1358.966 0.000 1358.966 0.033 0.001
262 2325 2325 0 1349.131 0.000 1349.131 0.033 0.001
263 2325 2325 0 1341.625 0.000 1341.625 0.017 0.001
264 2325 2325 0 1331.722 0.000 1331.722 0.017 0.001
265 2325 2325 0 1319.415 0.000 1319.415 0.017 0.001
266 2325 2325 0 1306.770 0.000 1306.770 0.017 0.001
267 2325 2325 0 1292.871 0.000 1292.871 0.017 0.001
268 2325 2325 0 1279.847 0.000 1279.847 0.017 0.001
269 2325 2325 0 1264.523 0.000 1264.523 0.017 0.001
270 2325 2325 0 1247.286 0.000 1247.286 0.017 0.001
271 2325 2325 0 1226.906 0.000 1226.906 0.017 0.001
272 2325 2325 0 1208.019 0.000 1208.019 0.017 0.001
273 2325 2325 0 1186.794 0.000 1186.794 0.017 0.001
274 2325 2325 0 1167.648 0.000 1167.648 0.017 0.001
275 2325 2325 0 1145.464 0.000 1145.464 0.017 0.001
276 2325 2325 0 1121.517 0.000 1121.517 0.017 0.001
277 2325 2325 0 1098.324 0.000 1098.324 0.017 0.001
278 2325 2325 0 1075.135 0.000 1075.135 0.017 0.001
279 2325 2325 0 1050.747 0.000 1050.747 0.017 0.001
280 2325 2325 0 1027.419 0.000 1027.419 0.017 0.001
281 2325 2325 0 998.880 0.000 998.880 0.017 0.001
282 2325 2325 0 970.718 0.000 970.718 0.017 0.000
283 2174 2325 151 942.239 0.000 942.239 0.017 0.000
284 2174 2325 151 911.616 0.000 911.616 0.017 0.000
285 2174 2325 151 886.148 0.000 886.148 0.017 0.000
286 2174 2325 151 860.172 0.000 860.172 0.017 0.000
287 2174 2325 151 836.337 0.000 836.337 0.017 0.000
288 2174 2325 151 810.914 0.000 810.914 0.017 0.000
289 2174 2325 151 786.070 0.000 786.070 0.017 0.000
290 2174 2325 151 757.964 0.000 757.964 0.017 0.000
291 2174 2325 151 730.891 0.000 730.891 0.017 0.000
292 2071 2325 254 705.784 0.000 705.784 0.017 0.000
293 2071 2325 254 679.955 0.000 679.955 0.017 0.000
294 1937 2325 388 653.951 0.000 653.951 0.017 0.000
295 1937 2325 388 630.810 0.000 630.810 0.017 0.000
296 1937 2325 388 607.256 0.000 607.256 0.017 0.000
297 1937 2325 388 582.125 0.000 582.125 0.017 0.000
298 1937 2325 388 557.697 0.000 557.697 0.017 0.000
299 1893 2325 432 531.981 0.000 531.981 0.017 0.000
300 1893 2325 432 506.619 0.000 506.619 0.017 0.000
301 1893 2325 432 480.611 0.000 480.611 0.017 0.000
302 1893 2325 432 454.008 0.000 454.008 0.017 0.000
303 1893 2325 432 433.542 0.000 433.542 0.017 0.000
304 1893 2325 432 409.281 0.000 409.281 0.017 0.000
305 1893 2325 432 388.075 0.000 388.075 0.017 0.000
306 1893 2325 432 365.265 0.000 365.265 0.017 0.000
307 1893 2325 432 344.528 0.000 344.528 0.017 0.000
308 1893 2325 432 323.308 0.000 323.308 0.017 0.000
309 1893 2325 432 301.982 0.000 301.982 0.017 0.000
310 1893 2325 432 283.149 0.000 283.149 0.017 0.000
311 1893 2325 432 263.352 0.000 263.352 0.017 0.000
312 1893 2325 432 243.315 0.000 243.315 0.017 0.000
313 1470 2325 855 224.259 0.000 224.259 0.017 0.000
314 1470 2325 855 205.140 0.000 205.140 0.017 0.001
315 1395 2325 930 190.420 0.000 190.420 0.017 0.001
316 1326 2325 999 173.964 0.000 173.964 0.017 0.001
317 1326 2325 999 160.552 0.000 160.552 0.017 0.001
318 1173 2325 1152 146.005 0.000 146.005 0.017 0.001
319 1173 2325 1152 132.122 0.000 132.122 0.033 0.001
320 1141 2325 1184 119.782 0.000 119.782 0.033 0.001
321 1090 2325 1235 107.055 0.000 107.055 0.033 0.001
322 1090 2325 1235 93.865 0.000 93.865 0.033 0.001
323 1078 2325 1247 83.487 0.000 83.487 0.033 0.001
324 995 2325 1330 73.660 0.000 73.660 0.033 0.001
325 995 2325 1330 63.279 0.000 63.279 0.033 0.001
326 968 2325 1357 54.225 0.000 54.225 0.033 0.001
327 968 2325 1357 45.608 0.000 45.608 0.033 0.002
328 968 2325 1357 38.597 0.000 38.597 0.033 0.002
329 968 2325 1357 32.258 0.000 32.258 0.033 0.002
330 819 2325 1506 25.994 0.000 25.994 0.033 0.002
331 819 2325 1506 20.042 0.000 20.042 0.033 0.002
332 619 2325 1706 15.211 0.000 15.211 0.033 0.002
333 618 2325 1707 11.202 0.000 11.202 0.033 0.002
334 618 2325 1707 8.150 0.000 8.150 0.033 0.002
335 513 2325 1812 5.808 0.000 5.808 0.033 0.002
336 513 2325 1812 3.611 0.000 3.611 0.033 0.002
337 504 2325 1821 2.493 0.000 2.493 0.033 0.003
338 504 2325 1821 1.813 0.000 1.813 0.033 0.003
339 326 2325 1999 1.359 0.000 1.359 0.033 0.003
340 318 2325 2007 0.863 0.000 0.863 0.033 0.003
341 318 2325 2007 0.697 0.000 0.697 0.033 0.003
342 305 2325 2020 0.507 0.000 0.507 0.033 0.003
343 305 2325 2020 0.468 0.000 0.468 0.033 0.003
344 305 2325 2020 0.418 0.000 0.418 0.033 0.003
345 305 2325 2020 0.329 0.000 0.329 0.033 0.003
346 312 2325 2013 0.371 0.000 0.371 0.033 0.003
347 331 2325 1994 0.416 0.000 0.416 0.033 0.003
348 331 2325 1994 0.422 0.000 0.422 0.033 0.003
349 331 2325 1994 0.551 0.000 0.551 0.033 0.003
350 352 2325 1973 0.782 0.000 0.782 0.033 0.003
351 472 2325 1853 1.247 0.000 1.247 0.033 0.003
352 472 2325 1853 1.596 0.000 1.596 0.033 0.003
353 472 2325 1853 2.505 0.000 2.505 0.033 0.003
354 569 2325 1756 3.492 0.000 3.492 0.033 0.003
355 570 2325 1755 5.361 0.000 5.361 0.033 0.003
356 570 2325 1755 7.685 0.000 7.685 0.033 0.003
357 610 2325 1715 11.328 0.000 11.328 0.033 0.003
358 812 2325 1513 15.240 0.000 15.240 0.033 0.003
359 812 2325 1513 21.918 0.000 21.918 0.033 0.003
360 860 2325 1465 27.297 0.000 27.297 0.033 0.003
361 860 2325 1465 33.927 0.000 33.927 0.033 0.003
362 860 2325 1465 41.556 0.000 41.556 0.033 0.003
363 860 2325 1465 48.608 0.000 48.608 0.033 0.003
364 860 2325 1465 57.729 0.000 57.729 0.033 0.003
365 995 2325 1330 67.320 0.000 67.320 0.033 0.002
366 1045 2325 1280 76.344 0.000 76.344 0.033 0.002
367 1045 2325 1280 87.111 0.000 87.111 0.033 0.002
368 1163 2325 1162 97.776 0.000 97.776 0.050 0.003
369 1207 2325 1118 109.301 0.000 109.301 0.050 0.003
370 1207 2325 1118 123.233 0.000 123.233 0.050 0.003
371 1207 2325 1118 135.971 0.000 135.971 0.050 0.003
372 1399 2325 926 153.623 0.000 153.623 0.050 0.003
373 1399 2325 926 167.331 0.000 167.331 0.050 0.003
374 1602 2325 723 183.705 0.000 183.705 0.050 0.003
375 1602 2325 723 197.940 0.000 197.940 0.050 0.003
376 1602 2325 723 213.736 0.000 213.736 0.050 0.003
377 1646 2325 679 230.664 0.000 230.664 0.050 0.003
378 1704 2325 621 247.945 0.000 247.945 0.050 0.003
379 1704 2325 621 267.634 0.000 267.634 0.050 0.003
380 1704 2325 621 287.395 0.000 287.395 0.050 0.003
381 1704 2325 621 306.341 0.000 306.341 0.033 0.003
382 2209 2325 116 325.704 0.000 325.704 0.033 0.003
383 2209 2325 116 346.858 0.000 346.858 0.033 0.003
384 2209 2325 116 369.844 0.000 369.844 0.033 0.003
385 2209 2325 116 391.546 0.000 391.546 0.033 0.003
386 2209 2325 116 411.641 0.000 411.641 0.033 0.003
387 2209 2325 116 433.541 0.000 433.541 0.033 0.003
388 2209 2325 116 456.168 0.000 456.168 0.033 0.003
389 2209 2325 116 479.620 0.000 479.620 0.033 0.003
390 2209 2325 116 502.549 0.000 502.549 0.050 0.003
391 2209 2325 116 526.356 0.000 526.356 0.050 0.003
392 2209 2325 116 549.249 0.000 549.249 0.050 0.002
393 2209 2325 116 571.590 0.000 571.590 0.050 0.002
394 2209 2325 116 595.737 0.000 595.737 0.050 0.002
395 2209 2325 116 619.107 0.000 619.107 0.050 0.002
396 2209 2325 116 643.729 0.000 643.729 0.050 0.002
397 2209 2325 116 672.222 0.000 672.222 0.050 0.002
398 2209 2325 116 697.870 0.000 697.870 0.050 0.002
399 2209 2325 116 724.368 0.000 724.368 0.050 0.002
400 2209 2325 116 751.342 0.000 751.342 0.050 0.002
401 2209 2325 116 777.848 0.000 777.848 0.050 0.002
402 2209 2325 116 802.277 0.000 802.277 0.050 0.002
403 2209 2325 116 828.850 0.000 828.850 0.050 0.002
404 2209 2325 116 854.982 0.000 854.982 0.050 0.002
405 2209 2325 116 879.960 0.000 879.960 0.033 0.002
406 2209 2325 116 906.787 0.000 906.787 0.033 0.002
407 2209 2325 116 934.030 0.000 934.030 0.033 0.002
408 2209 2325 116 958.428 0.000 958.428 0.033 0.002
409 2209 2325 116 982.294 0.000 982.294 0.033 0.003
410 2209 2325 116 1009.967 0.000 1009.967 0.033 0.003
411 2209 2325 116 1036.064 0.000 1036.064 0.033 0.003
412 2209 2325 116 1060.241 0.000 1060.241 0.033 0.003
413 2209 2325 116 1086.697 0.000 1086.697 0.033 0.003
414 2209 2325 116 1109.752 0.000 1109.752 0.033 0.003
415 2209 2325 116 1133.936 0.000 1133.936 0.033 0.003
416 2209 2325 116 1157.021 0.000 1157.021 0.033 0.003
417 2209 2325 116 1179.330 0.000 1179.330 0.033 0.003
418 2209 2325 116 1199.111 0.000 1199.111 0.033 0.003
419 2209 2325 116 1224.646 0.000 1224.646 0.033 0.003
420 2209 2325 116 1241.923 0.000 1241.923 0.033 0.003
421 2209 2325 116 1260.250 0.000 1260.250 0.033 0.003
422 2209 2325 116 1278.484 0.000 1278.484 0.033 0.003
423 2209 2325 116 1293.322 0.000 1293.322 0.033 0.003
424 2209 2325 116 1308.773 0.000 1308.773 0.033 0.003
425 2209 2325 116 1322.498 0.000 1322.498 0.033 0.003
426 2209 2325 116 1333.287 0.000 1333.287 0.033 0.003
427 2209 2325 116 1344.148 0.000 1344.148 0.033 0.003
428 2209 2325 116 1352.560 0.000 1352.560 0.033 0.003
429 2209 2325 116 1360.463 0.000 1360.463 0.033 0.003
430 2209 2325 116 1368.660 0.000 1368.660 0.033 0.002
431 2209 2325 116 1374.583 0.000 1374.583 0.033 0.002
432 2209 2325 116 1381.923 0.000 1381.923 0.033 0.002
433 2209 2325 116 1384.875 0.000 1384.875 0.033 0.002
434 2209 2325 116 1386.952 0.000 1386.952 0.033 0.002
435 2209 2325 116 1387.415 0.000 1387.415 0.033 0.002
436 2209 2325 116 1386.980 0.000 1386.980 0.033 0.002
437 2209 2325 116 1384.760 0.000 1384.760 0.033 0.002
438 2209 2325 116 1382.108 0.000 1382.108 0.033 0.002
439 2209 2325 116 1378.356 0.000 1378.356 0.033 0.002
440 2209 2325 116 1372.482 0.000 1372.482 0.033 0.001
441 2209 2325 116 1365.038 0.000 1365.038 0.033 0.001
442 2172 2325 153 1356.486 0.000 1356.486 0.033 0.001
443 2172 2325 153 1346.361 0.000 1346.361 0.033 0.001
444 2172 2325 153 1334.605 0.000 1334.605 0.017 0.001
445 2172 2325 153 1321.315 0.000 1321.315 0.017 0.001
446 2172 2325 153 1308.289 0.000 1308.289 0.017 0.001
447 2172 2325 153 1294.336 0.000 1294.336 0.017 0.001
448 2172 2325 153 1280.367 0.000 1280.367 0.017 0.001
449 2172 2325 153 1261.135 0.000 1261.135 0.017 0.001
450 2172 2325 153 1243.873 0.000 1243.873 0.017 0.001
451 2172 2325 153 1227.836 0.000 1227.836 0.017 0.001
452 2172 2325 153 1205.451 0.000 1205.451 0.017 0.001
453 2172 2325 153 1183.538 0.000 1183.538 0.017 0.001
454 2172 2325 153 1162.160 0.000 1162.160 0.017 0.001
455 2172 2325 153 1143.416 0.000 1143.416 0.017 0.001
456 2172 2325 153 1122.837 0.000 1122.837 0.017 0.001
457 2172 2325 153 1096.576 0.000 1096.576 0.017 0.000
458 2172 2325 153 1073.746 0.000 1073.746 0.017 0.000
459 2172 2325 153 1048.288 0.000 1048.288 0.017 0.000
460 2172 2325 153 1021.418 0.000 1021.418 0.017 0.000
461 2156 2325 169 997.184 0.000 997.184 0.017 0.000
462 2149 2325 176 972.243 0.000 972.243 0.017 0.000
463 2149 2325 176 946.527 0.000 946.527 0.017 0.000
464 2149 2325 176 918.930 0.000 918.930 0.017 0.000
465 2149 2325 176 894.376 0.000 894.376 0.017 0.000
466 2149 2325 176 866.980 0.000 866.980 0.017 0.000
467 2149 2325 176 837.178 0.000 837.178 0.017 0.000
468 2054 2325 271 813.544 0.000 813.544 0.017 0.000
469 2054 2325 271 786.725 0.000 786.725 0.017 0.000
470 2054 2325 271 760.700 0.000 760.700 0.017 0.000
471 2054 2325 271 734.362 0.000 734.362 0.017 0.000
472 2054 2325 271 709.883 0.000 709.883 0.017 0.000
473 2054 2325 271 680.634 0.000 680.634 0.017 0.000
474 2054 2325 271 654.989 0.000 654.989 0.017 0.000
475 2054 2325 271 626.870 0.000 626.870 0.017 0.000
476 2054 2325 271 601.923 0.000 601.923 0.017 0.000
477 2054 2325 271 575.538 0.000 575.538 0.017 0.000
478 2054 2325 271 552.479 0.000 552.479 0.017 0.000
479 2021 2325 304 528.447 0.000 528.447 0.017 0.000
480 2021 2325 304 506.387 0.000 506.387 0.017 0.000
481 2021 2325 304 479.771 0.000 479.771 0.017 0.000
482 1824 2325 501 457.556 0.000 457.556 0.017 0.000
483 1824 2325 501 432.593 0.000 432.593 0.017 0.000
484 1824 2325 501 409.495 0.000 409.495 0.017 0.000
485 1789 2325 536 388.508 0.000 388.508 0.017 0.000
486 1705 2325 620 366.368 0.000 366.368 0.017 0.000
487 1705 2325 620 345.920 0.000 345.920 0.017 0.000
488 1705 2325 620 324.587 0.000 324.587 0.017 0.000
489 1680 2325 645 302.724 0.000 302.724 0.017 0.000
490 1680 2325 645 281.989 0.000 281.989 0.017 0.000
491 1680 2325 645 265.362 0.000 265.362 0.017 0.000
492 1656 2325 669 247.820 0.000 247.820 0.017 0.000
493 1656 2325 669 231.754 0.000 231.754 0.017 0.000
494 1656 2325 669 213.800 0.000 213.800 0.017 0.000
495 1656 2325 669 198.271 0.000 198.271 0.017 0.000
496 1656 2325 669 183.811 0.000 183.811 0.033 0.001
497 1656 2325 669 167.494 0.000 167.494 0.033 0.001
498 1656 2325 669 153.997 0.000 153.997 0.033 0.001
499 1449 2325 876 140.112 0.000 140.112 0.033 0.001
500 1420 2325 905 126.098 0.000 126.098 0.033 0.001
501 1420 2325 905 113.271 0.000 113.271 0.033 0.001
502 1344 2325 981 100.889 0.000 100.889 0.033 0.001
503 1123 2325 1202 88.265 0.000 88.265 0.033 0.001
504 1028 2325 1297 75.962 0.000 75.962 0.033 0.001
505 1028 2325 1297 65.107 0.000 65.107 0.033 0.001
506 964 2325 1361 55.888 0.000 55.888 0.033 0.001
507 964 2325 1361 47.124 0.000 47.124 0.033 0.001
508 964 2325 1361 39.499 0.000 39.499 0.033 0.002
509 964 2325 1361 31.268 0.000 31.268 0.033 0.002
510 941 2325 1384 25.213 0.000 25.213 0.033 0.002
511 941 2325 1384 20.592 0.000 20.592 0.033 0.002
512 941 2325 1384 14.957 0.000 14.957 0.033 0.002
513 941 2325 1384 10.695 0.000 10.695 0.033 0.002
514 520 2325 1805 7.193 0.000 7.193 0.033 0.002
515 506 2325 1819 5.099 0.000 5.099 0.033 0.002
516 506 2325 1819 3.609 0.000 3.609 0.033 0.002
517 506 2325 1819 2.182 0.000 2.182 0.033 0.002
518 506 2325 1819 1.417 0.000 1.417 0.033 0.002
519 506 2325 1819 1.030 0.000 1.030 0.033 0.002
520 506 2325 1819 0.794 0.000 0.794 0.033 0.003
521 506 2325 1819 0.707 0.000 0.707 0.033 0.003
522 446 2325 1879 0.482 0.000 0.482 0.033 0.003
523 446 2325 1879 0.421 0.000 0.421 0.033 0.003
524 238 2325 2087 0.320 0.000 0.320 0.033 0.003
525 238 2325 2087 0.392 0.000 0.392 0.033 0.003
526 238 2325 2087 0.319 0.000 0.319 0.033 0.003
527 238 2325 2087 0.320 0.000 0.320 0.033 0.003
528 213 2325 2112 0.346 0.000 0.346 0.033 0.003
529 384 2325 1941 0.513 0.000 0.513 0.033 0.003
530 384 2325 1941 0.736 0.000 0.736 0.033 0.003
531 384 2325 1941 1.184 0.000 1.184 0.033 0.003
532 384 2325 1941 1.719 0.000 1.719 0.033 0.003
533 463 2325 1862 2.608 0.000 2.608 0.033 0.003
534 740 2325 1585 3.785 0.000 3.785 0.033 0.003
535 740 2325 1585 5.517 0.000 5.517 0.033 0.003
536 740 2325 1585 8.339 0.000 8.339 0.033 0.003
537 740 2325 1585 11.770 0.000 11.770 0.033 0.003
538 740 2325 1585 15.547 0.000 15.547 0.033 0.003
539 740 2325 1585 20.764 0.000 20.764 0.033 0.003
540 819 2325 1506 25.879 0.000 25.879 0.033 0.003
541 819 2325 1506 31.575 0.000 31.575 0.033 0.003
542 819 2325 1506 37.509 0.000 37.509 0.033 0.003
543 880 2325 1445 45.124 0.000 45.124 0.033 0.003
544 1026 2325 1299 53.808 0.000 53.808 0.033 0.003
545 1026 2325 1299 62.881 0.000 62.881 0.033 0.003
546 1069 2325 1256 74.220 0.000 74.220 0.033 0.003
547 1069 2325 1256 84.162 0.000 84.162 0.050 0.002
548 1276 2325 1049 98.262 0.000 98.262 0.050 0.002
549 1276 2325 1049 108.930 0.000 108.930 0.050 0.002
550 1276 2325 1049 120.288 0.000 120.288 0.050 0.002
551 1356 2325 969 134.023 0.000 134.023 0.050 0.002
552 1640 2325 685 147.779 0.000 147.779 0.050 0.003
553 1640 2325 685 161.612 0.000 161.612 0.050 0.003
554 1640 2325 685 177.188 0.000 177.188 0.050 0.003
555 1640 2325 685 191.447 0.000 191.447 0.050 0.003
556 1640 2325 685 207.427 0.000 207.427 0.050 0.003
557 1640 2325 685 224.552 0.000 224.552 0.050 0.003
558 1640 2325 685 242.830 0.000 242.830 0.050 0.003
559 1640 2325 685 259.607 0.000 259.607 0.050 0.003
560 1640 2325 685 280.681 0.000 280.681 0.050 0.003
561 1640 2325 685 301.298 0.000 301.298 0.033 0.003
562 1640 2325 685 318.930 0.000 318.930 0.033 0.003
563 1674 2325 651 336.829 0.000 336.829 0.033 0.003
564 1674 2325 651 355.991 0.000 355.991 0.033 0.003
565 1818 2325 507 379.861 0.000 379.861 0.033 0.003
566 1866 2325 459 402.774 0.000 402.774 0.033 0.003
567 1866 2325 459 425.460 0.000 425.460 0.033 0.003
568 2042 2325 283 448.490 0.000 448.490 0.050 0.003
569 2042 2325 283 473.055 0.000 473.055 0.050 0.003
570 2042 2325 283 497.606 0.000 497.606 0.050 0.003
571 2042 2325 283 522.536 0.000 522.536 0.050 0.003
572 2526 2325 201 549.523 0.000 549.523 0.033 0.002
573 2526 2325 201 576.743 0.000 576.743 0.050 0.002
574 2526 2325 201 601.193 0.000 601.193 0.033 0.002
575 2526 2325 201 626.652 0.000 626.652 0.050 0.002
576 2526 2325 201 650.355 0.000 650.355 0.050 0.002
577 2526 2325 201 679.008 0.000 679.008 0.050 0.002
578 2526 2325 201 708.525 0.000 708.525 0.050 0.002
579 2526 2325 201 733.637 0.000 733.637 0.050 0.002
580 2526 2325 201 759.197 0.000 759.197 0.033 0.002
581 2526 2325 201 783.408 0.000 783.408 0.033 0.002
582 2526 2325 201 808.054 0.000 808.054 0.033 0.002
583 2526 2325 201 836.002 0.000 836.002 0.033 0.002
584 2526 2325 201 862.754 0.000 862.754 0.033 0.002
585 2526 2325 201 890.016 0.000 890.016 0.033 0.003
586 2526 2325 201 915.947 0.000 915.947 0.033 0.003
587 2526 2325 201 944.019 0.000 944.019 0.033 0.003
588 2526 2325 201 968.516 0.000 968.516 0.033 0.003
589 2526 2325 201 993.010 0.000 993.010 0.033 0.003
590 2526 2325 201 1017.412 0.000 1017.412 0.033 0.003
591 2526 2325 201 1044.654 0.000 1044.654 0.033 0.003
592 2526 2325 201 1071.064 0.000 1071.064 0.033 0.003
593 2526 2325 201 1096.762 0.000 1096.762 0.033 0.003
594 2526 2325 201 1120.395 0.000 1120.395 0.033 0.003
595 2526 2325 201 1144.831 0.000 1144.831 0.033 0.003
596 2526 2325 201 1168.483 0.000 1168.483 0.033 0.003
597 2526 2325 201 1188.665 0.000 1188.665 0.033 0.003
598 2526 2325 201 1209.063 0.000 1209.063 0.033 0.003
599 2526 2325 201 1229.210 0.000 1229.210 0.033 0.003
600 2526 2325 201 1247.704 0.000 1247.704 0.033 0.003
601 2526 2325 201 1264.672 0.000 1264.672 0.033 0.003
602 2526 2325 201 1279.610 0.000 1279.610 0.033 0.003
603 2526 2325 201 1294.350 0.000 1294.350 0.033 0.003
604 2526 2325 201 1309.021 0.000 1309.021 0.033 0.003
605 2526 2325 201 1321.691 0.000 1321.691 0.033 0.003
606 2526 2325 201 1335.029 0.000 1335.029 0.033 0.003
607 2526 2325 201 1344.940 0.000 1344.940 0.033 0.003
608 2526 2325 201 1356.886 0.000 1356.886 0.033 0.003
609 2526 2325 201 1364.231 0.000 1364.231 0.033 0.003
610 2526 2325 201 1370.938 0.000 1370.938 0.033 0.003
611 2526 2325 201 1377.299 0.000 1377.299 0.033 0.003
612 2526 2325 201 1380.330 0.000 1380.330 0.033 0.002
613 2526 2325 201 1383.496 0.000 1383.496 0.033 0.002
614 2526 2325 201 1385.554 0.000 1385.554 0.033 0.002
615 2526 2325 201 1386.349 0.000 1386.349 0.033 0.002
616 2526 2325 201 1386.070 0.000 1386.070 0.033 0.002
617 2526 2325 201 1384.793 0.000 1384.793 0.033 0.002
618 2526 2325 201 1381.816 0.000 1381.816 0.033 0.002
619 2526 2325 201 1377.680 0.000 1377.680 0.033 0.002
620 2526 2325 201 1372.225 0.000 1372.225 0.033 0.001
621 2526 2325 201 1365.548 0.000 1365.548 0.033 0.001
622 2526 2325 201 1358.354 0.000 1358.354 0.033 0.001
623 2526 2325 201 1348.951 0.000 1348.951 0.033 0.001
624 2526 2325 201 1337.528 0.000 1337.528 0.033 0.001
625 2526 2325 201 1327.362 0.000 1327.362 0.033 0.001
626 2526 2325 201 1314.630 0.000 1314.630 0.033 0.001
627 2526 2325 201 1299.671 0.000 1299.671 0.033 0.001
628 2526 2325 201 1284.493 0.000 1284.493 0.033 0.001
629 2526 2325 201 1267.825 0.000 1267.825 0.033 0.001
630 2526 2325 201 1253.281 0.000 1253.281 0.017 0.001
631 2526 2325 201 1232.879 0.000 1232.879 0.017 0.001
632 2283 2325 42 1214.043 0.000 1214.043 0.017 0.001
633 2283 2325 42 1194.904 0.000 1194.904 0.017 0.001
634 2283 2325 42 1173.833 0.000 1173.833 0.017 0.001
635 2283 2325 42 1150.780 0.000 1150.780 0.017 0.001
636 2283 2325 42 1129.089 0.000 1129.089 0.017 0.001
637 2283 2325 42 1103.894 0.000 1103.894 0.017 0.001
638 2283 2325 42 1079.838 0.000 1079.838 0.017 0.001
639 2283 2325 42 1051.809 0.000 1051.809 0.017 0.000
640 2283 2325 42 1025.601 0.000 1025.601 0.017 0.000
641 2283 2325 42 1000.748 0.000 1000.748 0.017 0.000
642 2283 2325 42 975.162 0.000 975.162 0.017 0.000
643 2283 2325 42 949.767 0.000 949.767 0.017 0.000
644 2283 2325 42 924.165 0.000 924.165 0.017 0.000
645 2283 2325 42 895.633 0.000 895.633 0.017 0.000
646 2283 2325 42 866.224 0.000 866.224 0.017 0.000
647 2283 2325 42 840.841 0.000 840.841 0.017 0.000
648 2283 2325 42 813.953 0.000 813.953 0.017 0.000
649 2283 2325 42 789.604 0.000 789.604 0.017 0.000
650 2131 2325 194 764.066 0.000 764.066 0.017 0.000
651 2131 2325 194 736.828 0.000 736.828 0.017 0.000
652 2131 2325 194 706.985 0.000 706.985 0.017 0.000
653 2131 2325 194 680.393 0.000 680.393 0.017 0.000
654 2131 2325 194 655.598 0.000 655.598 0.017 0.000
655 2131 2325 194 626.534 0.000 626.534 0.017 0.000
656 2131 2325 194 602.524 0.000 602.524 0.017 0.000
657 2131 2325 194 577.727 0.000 577.727 0.017 0.000
658 2131 2325 194 552.888 0.000 552.888 0.017 0.000
659 2131 2325 194 530.637 0.000 530.637 0.017 0.000
660 1819 2325 506 505.796 0.000 505.796 0.017 0.000
661 1819 2325 506 483.826 0.000 483.826 0.017 0.000
662 1819 2325 506 458.699 0.000 458.699 0.017 0.000
663 1769 2325 556 436.987 0.000 436.987 0.017 0.000
664 1700 2325 625 412.652 0.000 412.652 0.017 0.000
665 1696 2325 629 385.214 0.000 385.214 0.017 0.000
666 1696 2325 629 363.359 0.000 363.359 0.017 0.000
667 1696 2325 629 341.119 0.000 341.119 0.017 0.000
668 1696 2325 629 319.703 0.000 319.703 0.017 0.000
669 1696 2325 629 297.072 0.000 297.072 0.017 0.000
670 1696 2325 629 279.078 0.000 279.078 0.017 0.000
671 1696 2325 629 261.417 0.000 261.417 0.033 0.000
672 1696 2325 629 241.842 0.000 241.842 0.033 0.000
673 1539 2325 786 223.961 0.000 223.961 0.033 0.000
674 1539 2325 786 206.583 0.000 206.583 0.033 0.000
675 1539 2325 786 190.054 0.000 190.054 0.033 0.000
676 1539 2325 786 174.895 0.000 174.895 0.033 0.001
677 1539 2325 786 159.804 0.000 159.804 0.033 0.001
678 1539 2325 786 145.533 0.000 145.533 0.033 0.001
679 1539 2325 786 131.601 0.000 131.601 0.033 0.001
680 1478 2325 847 117.845 0.000 117.845 0.033 0.001
681 1478 2325 847 105.565 0.000 105.565 0.033 0.001
682 1478 2325 847 94.583 0.000 94.583 0.033 0.001
683 1301 2325 1024 82.585 0.000 82.585 0.033 0.001
684 1032 2325 1293 72.100 0.000 72.100 0.033 0.001
685 1032 2325 1293 63.079 0.000 63.079 0.033 0.001
686 1032 2325 1293 53.771 0.000 53.771 0.033 0.001
687 1032 2325 1293 44.914 0.000 44.914 0.033 0.002
688 1032 2325 1293 37.172 0.000 37.172 0.033 0.002
689 758 2325 1567 29.452 0.000 29.452 0.033 0.002
690 758 2325 1567 24.136 0.000 24.136 0.033 0.002
691 758 2325 1567 18.257 0.000 18.257 0.033 0.002
692 758 2325 1567 14.103 0.000 14.103 0.033 0.002
693 758 2325 1567 10.839 0.000 10.839 0.033 0.002
694 680 2325 1645 7.745 0.000 7.745 0.033 0.002
695 476 2325 1849 4.827 0.000 4.827 0.033 0.002
696 476 2325 1849 3.354 0.000 3.354 0.033 0.002
697 476 2325 1849 2.363 0.000 2.363 0.033 0.002
698 392 2325 1933 1.522 0.000 1.522 0.033 0.002
699 360 2325 1965 0.986 0.000 0.986 0.033 0.002
700 360 2325 1965 0.628 0.000 0.628 0.033 0.002
701 267 2325 2058 0.471 0.000 0.471 0.033 0.002
702 267 2325 2058 0.342 0.000 0.342 0.033 0.002
703 267 2325 2058 0.329 0.000 0.329 0.033 0.002
704 267 2325 2058 0.298 0.000 0.298 0.033 0.002
705 267 2325 2058 0.277 0.000 0.277 0.033 0.002
706 267 2325 2058 0.274 0.000 0.274 0.033 0.002
707 267 2325 2058 0.319 0.000 0.319 0.033 0.002
708 328 2325 1997 0.436 0.000 0.436 0.033 0.002
709 328 2325 1997 0.674 0.000 0.674 0.033 0.002
710 392 2325 1933 1.022 0.000 1.022 0.033 0.002
711 392 2325 1933 1.373 0.000 1.373 0.033 0.002
712 392 2325 1933 2.010 0.000 2.010 0.033 0.002
713 418 2325 1907 2.980 0.000 2.980 0.033 0.002
714 635 2325 1690 4.133 0.000 4.133 0.033 0.002
715 635 2325 1690 5.995 0.000 5.995 0.033 0.002
716 635 2325 1690 8.656 0.000 8.656 0.033 0.002
717 644 2325 1681 12.078 0.000 12.078 0.033 0.002
718 644 2325 1681 15.444 0.000 15.444 0.033 0.002
719 817 2325 1508 21.247 0.000 21.247 0.033 0.002
720 817 2325 1508 26.799 0.000 26.799 0.033 0.002
721 1078 2325 1247 33.125 0.000 33.125 0.033 0.002
722 1078 2325 1247 39.165 0.000 39.165 0.033 0.002
723 1078 2325 1247 47.061 0.000 47.061 0.033 0.002
724 1078 2325 1247 53.831 0.000 53.831 0.033 0.002
725 1078 2325 1247 62.545 0.000 62.545 0.033 0.002
726 1078 2325 1247 72.298 0.000 72.298 0.033 0.002
727 1184 2325 1141 83.638 0.000 83.638 0.033 0.002
728 1184 2325 1141 94.002 0.000 94.002 0.050 0.002
729 1184 2325 1141 105.410 0.000 105.410 0.050 0.002
730 1268 2325 1057 118.918 0.000 118.918 0.050 0.002
731 1268 2325 1057 132.296 0.000 132.296 0.050 0.002
732 1268 2325 1057 147.743 0.000 147.743 0.050 0.002
733 1401 2325 924 160.611 0.000 160.611 0.050 0.002
734 1401 2325 924 176.060 0.000 176.060 0.050 0.002
735 1401 2325 924 192.471 0.000 192.471 0.050 0.003
736 1528 2325 797 209.145 0.000 209.145 0.033 0.003
737 1528 2325 797 225.384 0.000 225.384 0.033 0.003
738 1528 2325 797 242.131 0.000 242.131 0.033 0.003
739 1604 2325 721 261.260 0.000 261.260 0.033 0.003
740 1645 2325 680 280.428 0.000 280.428 0.033 0.003
741 1645 2325 680 301.481 0.000 301.481 0.033 0.003
742 1684 2325 641 319.726 0.000 319.726 0.033 0.003
743 1762 2325 563 341.616 0.000 341.616 0.033 0.003
744 1812 2325 513 359.916 0.000 359.916 0.050 0.003
745 1812 2325 513 381.643 0.000 381.643 0.050 0.003
746 1822 2325 503 403.591 0.000 403.591 0.050 0.003
747 1822 2325 503 425.811 0.000 425.811 0.050 0.003
748 2091 2325 234 450.292 0.000 450.292 0.050 0.003
749 2091 2325 234 472.371 0.000 472.371 0.050 0.002
750 2171 2325 154 496.741 0.000 496.741 0.050 0.002
751 2171 2325 154 518.740 0.000 518.740 0.050 0.002
752 2171 2325 154 544.597 0.000 544.597 0.050 0.002
753 2171 2325 154 567.794 0.000 567.794 0.050 0.002
754 2171 2325 154 589.951 0.000 589.951 0.050 0.002
755 2171 2325 154 617.622 0.000 617.622 0.050 0.002
756 2171 2325 154 643.062 0.000 643.062 0.050 0.002
757 2171 2325 154 671.203 0.000 671.203 0.050 0.002
758 2171 2325 154 694.735 0.000 694.735 0.050 0.002
759 2171 2325 154 720.563 0.000 720.563 0.033 0.002
760 2171 2325 154 749.382 0.000 749.382 0.033 0.002
761 2171 2325 154 775.665 0.000 775.665 0.033 0.002
762 2171 2325 154 801.317 0.000 801.317 0.033 0.002
763 2171 2325 154 829.569 0.000 829.569 0.033 0.002
764 2293 2325 32 855.114 0.000 855.114 0.033 0.002
765 2293 2325 32 881.794 0.000 881.794 0.033 0.002
766 2293 2325 32 912.595 0.000 912.595 0.033 0.002
767 2293 2325 32 938.512 0.000 938.512 0.033 0.003
768 2293 2325 32 964.618 0.000 964.618 0.033 0.003
769 2293 2325 32 992.616 0.000 992.616 0.033 0.003
770 2293 2325 32 1022.140 0.000 1022.140 0.033 0.003
771 2293 2325 32 1047.419 0.000 1047.419 0.033 0.003
772 2293 2325 32 1072.467 0.000 1072.467 0.033 0.003
773 2293 2325 32 1098.106 0.000 1098.106 0.033 0.003
774 2293 2325 32 1122.926 0.000 1122.926 0.033 0.003
775 2293 2325 32 1146.641 0.000 1146.641 0.033 0.003
776 2293 2325 32 1170.820 0.000 1170.820 0.033 0.003
777 2293 2325 32 1192.284 0.000 1192.284 0.033 0.003
778 2293 2325 32 1210.909 0.000 1210.909 0.033 0.003
779 2293 2325 32 1232.717 0.000 1232.717 0.033 0.003
780 2293 2325 32 1251.707 0.000 1251.707 0.033 0.003
781 2293 2325 32 1269.938 0.000 1269.938 0.033 0.003
782 2293 2325 32 1283.819 0.000 1283.819 0.033 0.003
783 2293 2325 32 1300.154 0.000 1300.154 0.033 0.003
784 2293 2325 32 1311.651 0.000 1311.651 0.033 0.003
785 2293 2325 32 1324.493 0.000 1324.493 0.033 0.003
786 2293 2325 32 1335.974 0.000 1335.974 0.033 0.003
787 2293 2325 32 1347.191 0.000 1347.191 0.033 0.003
788 2293 2325 32 1355.043 0.000 1355.043 0.033 0.003
789 2293 2325 32 1361.061 0.000 1361.061 0.033 0.003
790 2293 2325 32 1368.382 0.000 1368.382 0.033 0.003
791 2293 2325 32 1374.331 0.000 1374.331 0.033 0.002
792 2293 2325 32 1380.694 0.000 1380.694 0.033 0.002
793 2293 2325 32 1382.862 0.000 1382.862 0.033 0.002
794 2293 2325 32 1385.706 0.000 1385.706 0.033 0.002
795 2293 2325 32 1387.878 0.000 1387.878 0.033 0.002
796 2293 2325 32 1388.524 0.000 1388.524 0.033 0.002
797 2293 2325 32 1386.463 0.000 1386.463 0.033 0.002
798 2293 2325 32 1383.315 0.000 1383.315 0.033 0.002
799 2293 2325 32 1380.230 0.000 1380.230 0.033 0.002
800 2293 2325 32 1374.289 0.000 1374.289 0.033 0.002
801 2293 2325 32 1369.130 0.000 1369.130 0.033 0.002
802 2293 2325 32 1360.694 0.000 1360.694 0.033 0.001
803 2293 2325 32 1350.422 0.000 1350.422 0.033 0.001
804 2293 2325 32 1343.571 0.000 1343.571 0.033 0.001
805 2293 2325 32 1333.901 0.000 1333.901 0.033 0.001
806 2293 2325 32 1319.839 0.000 1319.839 0.033 0.001
807 2293 2325 32 1302.974 0.000 1302.974 0.017 0.001
808 2293 2325 32 1287.269 0.000 1287.269 0.017 0.001
809 2293 2325 32 1272.346 0.000 1272.346 0.017 0.001
810 2293 2325 32 1253.800 0.000 1253.800 0.017 0.001
811 2293 2325 32 1237.127 0.000 1237.127 0.017 0.001
812 2293 2325 32 1217.915 0.000 1217.915 0.017 0.001
813 2293 2325 32 1200.246 0.000 1200.246 0.017 0.001
814 2293 2325 32 1179.435 0.000 1179.435 0.017 0.001
815 2293 2325 32 1156.952 0.000 1156.952 0.017 0.001
816 2293 2325 32 1133.429 0.000 1133.429 0.017 0.001
817 2293 2325 32 1105.944 0.000 1105.944 0.017 0.000
818 2293 2325 32 1081.180 0.000 1081.180 0.017 0.000
819 2293 2325 32 1052.393 0.000 1052.393 0.017 0.000
820 2293 2325 32 1021.857 0.000 1021.857 0.017 0.000
821 2293 2325 32 994.111 0.000 994.111 0.017 0.000
822 2293 2325 32 969.109 0.000 969.109 0.017 0.000
823 2293 2325 32 940.055 0.000 940.055 0.017 0.000
824 2136 2325 189 912.445 0.000 912.445 0.017 0.000
825 2136 2325 189 886.984 0.000 886.984 0.017 0.000
826 2136 2325 189 855.458 0.000 855.458 0.017 0.000
827 2136 2325 189 830.218 0.000 830.218 0.017 0.000
828 2136 2325 189 803.496 0.000 803.496 0.017 0.000
829 2136 2325 189 774.581 0.000 774.581 0.017 0.000
830 2136 2325 189 748.039 0.000 748.039 0.017 0.000
831 2136 2325 189 721.601 0.000 721.601 0.017 0.000
832 2136 2325 189 695.026 0.000 695.026 0.017 0.000
833 2136 2325 189 669.474 0.000 669.474 0.017 0.000
834 2061 2325 264 643.551 0.000 643.551 0.017 0.000
835 2061 2325 264 617.721 0.000 617.721 0.017 0.000
836 1847 2325 478 590.789 0.000 590.789 0.017 0.000
837 1847 2325 478 564.809 0.000 564.809 0.017 0.000
838 1847 2325 478 540.712 0.000 540.712 0.017 0.000
839 1847 2325 478 519.436 0.000 519.436 0.017 0.000
840 1802 2325 523 496.271 0.000 496.271 0.017 0.000
841 1763 2325 562 473.588 0.000 473.588 0.017 0.000
842 1763 2325 562 450.958 0.000 450.958 0.017 0.000
843 1761 2325 564 427.307 0.000 427.307 0.017 0.000
844 1761 2325 564 404.975 0.000 404.975 0.017 0.000
845 1761 2325 564 383.364 0.000 383.364 0.017 0.000
846 1761 2325 564 357.940 0.000 357.940 0.017 0.000
847 1761 2325 564 335.756 0.000 335.756 0.017 0.000
848 1761 2325 564 313.255 0.000 313.255 0.017 0.000
849 1761 2325 564 290.408 0.000 290.408 0.017 0.000
850 1761 2325 564 272.247 0.000 272.247 0.017 0.000
851 1524 2325 801 252.702 0.000 252.702 0.017 0.000
852 1524 2325 801 235.273 0.000 235.273 0.017 0.000
853 1524 2325 801 218.581 0.000 218.581 0.017 0.000
854 1501 2325 824 201.134 0.000 201.134 0.017 0.000
855 1501 2325 824 186.671 0.000 186.671 0.033 0.000
856 1414 2325 911 172.527 0.000 172.527 0.033 0.001
857 1414 2325 911 157.372 0.000 157.372 0.033 0.001
858 1186 2325 1139 143.008 0.000 143.008 0.033 0.001
859 1174 2325 1151 130.150 0.000 130.150 0.033 0.001
860 1174 2325 1151 116.705 0.000 116.705 0.033 0.001
861 1059 2325 1266 105.489 0.000 105.489 0.033 0.001
862 1026 2325 1299 92.856 0.000 92.856 0.033 0.001
863 1026 2325 1299 81.107 0.000 81.107 0.033 0.001
864 1026 2325 1299 73.906 0.000 73.906 0.033 0.001
865 997 2325 1328 65.614 0.000 65.614 0.033 0.001
866 997 2325 1328 56.144 0.000 56.144 0.033 0.001
867 864 2325 1461 46.022 0.000 46.022 0.033 0.002
868 864 2325 1461 37.988 0.000 37.988 0.033 0.002
869 864 2325 1461 31.368 0.000 31.368 0.033 0.002
870 774 2325 1551 24.607 0.000 24.607 0.033 0.002
871 749 2325 1576 19.520 0.000 19.520 0.033 0.002
872 749 2325 1576 15.010 0.000 15.010 0.033 0.002
873 749 2325 1576 11.386 0.000 11.386 0.033 0.002
874 749 2325 1576 8.176 0.000 8.176 0.033 0.002
875 749 2325 1576 5.663 0.000 5.663 0.033 0.002
876 749 2325 1576 3.627 0.000 3.627 0.033 0.002
877 749 2325 1576 2.395 0.000 2.395 0.033 0.002
878 693 2325 1632 1.561 0.000 1.561 0.033 0.002
879 400 2325 1925 0.963 0.000 0.963 0.033 0.003
880 400 2325 1925 0.669 0.000 0.669 0.033 0.003
881 361 2325 1964 0.392 0.000 0.392 0.033 0.003
882 361 2325 1964 0.279 0.000 0.279 0.033 0.003
883 361 2325 1964 0.201 0.000 0.201 0.033 0.003
884 202 2325 2123 0.141 0.000 0.141 0.033 0.003
885 184 2325 2141 0.135 0.000 0.135 0.033 0.003
886 184 2325 2141 0.142 0.000 0.142 0.033 0.003
887 195 2325 2130 0.224 0.000 0.224 0.033 0.003
888 430 2325 1895 0.406 0.000 0.406 0.033 0.003
889 430 2325 1895 0.656 0.000 0.656 0.033 0.003
890 430 2325 1895 0.893 0.000 0.893 0.033 0.003
891 683 2325 1642 1.343 0.000 1.343 0.033 0.003
892 683 2325 1642 2.010 0.000 2.010 0.033 0.003
893 683 2325 1642 2.844 0.000 2.844 0.033 0.003
894 683 2325 1642 4.517 0.000 4.517 0.033 0.003
895 683 2325 1642 6.399 0.000 6.399 0.033 0.003
896 683 2325 1642 9.321 0.000 9.321 0.033 0.003
897 699 2325 1626 13.220 0.000 13.220 0.033 0.003
898 699 2325 1626 17.054 0.000 17.054 0.033 0.003
899 798 2325 1527 22.560 0.000 22.560 0.033 0.003
900 798 2325 1527 28.785 0.000 28.785 0.033 0.003
901 798 2325 1527 35.434 0.000 35.434 0.033 0.003
902 798 2325 1527 41.140 0.000 41.140 0.033 0.003
903 832 2325 1493 49.592 0.000 49.592 0.050 0.003
904 842 2325 1483 57.643 0.000 57.643 0.050 0.003
905 903 2325 1422 66.014 0.000 66.014 0.033 0.003
906 1015 2325 1310 75.050 0.000 75.050 0.033 0.002
907 1015 2325 1310 86.884 0.000 86.884 0.033 0.002
908 1042 2325 1283 99.535 0.000 99.535 0.050 0.002
909 1179 2325 1146 111.195 0.000 111.195 0.050 0.002
910 1179 2325 1146 123.505 0.000 123.505 0.050 0.002
911 1240 2325 1085 135.767 0.000 135.767 0.050 0.003
912 1369 2325 956 149.363 0.000 149.363 0.050 0.003
913 1474 2325 851 165.470 0.000 165.470 0.050 0.003
914 1474 2325 851 180.894 0.000 180.894 0.050 0.003
915 1474 2325 851 195.019 0.000 195.019 0.050 0.003
916 1474 2325 851 212.989 0.000 212.989 0.050 0.003
917 1503 2325 822 228.759 0.000 228.759 0.050 0.003
918 1849 2325 476 249.914 0.000 249.914 0.050 0.003
919 1849 2325 476 266.757 0.000 266.757 0.050 0.003
920 1849 2325 476 285.070 0.000 285.070 0.050 0.003
921 1849 2325 476 305.156 0.000 305.156 0.050 0.003
922 1849 2325 476 326.798 0.000 326.798 0.050 0.003
923 1849 2325 476 347.043 0.000 347.043 0.050 0.003
924 1849 2325 476 370.225 0.000 370.225 0.050 0.003
925 1849 2325 476 391.648 0.000 391.648 0.050 0.003
926 1849 2325 476 410.927 0.000 410.927 0.050 0.003
927 1849 2325 476 430.967 0.000 430.967 0.050 0.003
928 1869 2325 456 456.743 0.000 456.743 0.050 0.003
929 1869 2325 456 476.723 0.000 476.723 0.050 0.002
930 1869 2325 456 499.147 0.000 499.147 0.050 0.002
931 1869 2325 456 523.586 0.000 523.586 0.050 0.002
932 1869 2325 456 549.384 0.000 549.384 0.050 0.002
933 1869 2325 456 575.035 0.000 575.035 0.050 0.002
934 1950 2325 375 600.573 0.000 600.573 0.050 0.002
935 1950 2325 375 623.619 0.000 623.619 0.050 0.002
936 1950 2325 375 650.804 0.000 650.804 0.050 0.002
937 2017 2325 308 675.879 0.000 675.879 0.050 0.002
938 2017 2325 308 701.060 0.000 701.060 0.050 0.002
939 2224 2325 101 725.005 0.000 725.005 0.033 0.002
940 2224 2325 101 749.068 0.000 749.068 0.033 0.002
941 2224 2325 101 773.095 0.000 773.095 0.033 0.002
942 2386 2325 61 803.756 0.000 803.756 0.033 0.002
943 2462 2325 137 829.103 0.000 829.103 0.033 0.002
944 2462 2325 137 857.567 0.000 857.567 0.033 0.002
945 2462 2325 137 884.708 0.000 884.708 0.033 0.002
946 2462 2325 137 909.238 0.000 909.238 0.033 0.002
947 2462 2325 137 937.636 0.000 937.636 0.033 0.003
948 2462 2325 137 963.466 0.000 963.466 0.033 0.003
949 2462 2325 137 987.799 0.000 987.799 0.033 0.003
950 2462 2325 137 1014.552 0.000 1014.552 0.033 0.003
951 2462 2325 137 1038.030 0.000 1038.030 0.033 0.003
952 2462 2325 137 1065.560 0.000 1065.560 0.033 0.003
953 2462 2325 137 1090.133 0.000 1090.133 0.033 0.003
954 2462 2325 137 1115.696 0.000 1115.696 0.033 0.003
955 2462 2325 137 1139.656 0.000 1139.656 0.033 0.003
956 2462 2325 137 1164.226 0.000 1164.226 0.033 0.003
957 2462 2325 137 1188.958 0.000 1188.958 0.033 0.003
958 2462 2325 137 1208.861 0.000 1208.861 0.033 0.003
959 2462 2325 137 1231.179 0.000 1231.179 0.033 0.003
960 2462 2325 137 1250.973 0.000 1250.973 0.033 0.003
961 2462 2325 137 1268.605 0.000 1268.605 0.033 0.003
962 2462 2325 137 1282.737 0.000 1282.737 0.033 0.003
963 2462 2325 137 1298.781 0.000 1298.781 0.033 0.003
964 2462 2325 137 1312.522 0.000 1312.522 0.033 0.003
965 2462 2325 137 1324.174 0.000 1324.174 0.033 0.003
966 2462 2325 137 1334.042 0.000 1334.042 0.033 0.003
967 2462 2325 137 1346.691 0.000 1346.691 0.033 0.003
968 2462 2325 137 1357.623 0.000 1357.623 0.033 0.003
969 2462 2325 137 1365.054 0.000 1365.054 0.033 0.003
970 2462 2325 137 1371.932 0.000 1371.932 0.033 0.003
971 2462 2325 137 1375.443 0.000 1375.443 0.033 0.002
972 2462 2325 137 1379.596 0.000 1379.596 0.033 0.002
973 2462 2325 137 1383.970 0.000 1383.970 0.033 0.002
974 2462 2325 137 1385.975 0.000 1385.975 0.033 0.002
975 2462 2325 137 1385.404 0.000 1385.404 0.033 0.002
976 2462 2325 137 1386.056 0.000 1386.056 0.033 0.002
977 2462 2325 137 1381.838 0.000 1381.838 0.033 0.002
978 2462 2325 137 1380.032 0.000 1380.032 0.033 0.002
979 2462 2325 137 1373.951 0.000 1373.951 0.033 0.002
980 2462 2325 137 1369.586 0.000 1369.586 0.033 0.002
981 2462 2325 137 1362.778 0.000 1362.778 0.033 0.001
982 2462 2325 137 1356.368 0.000 1356.368 0.033 0.001
983 2462 2325 137 1347.454 0.000 1347.454 0.033 0.001
984 2462 2325 137 1336.758 0.000 1336.758 0.033 0.001
985 2462 2325 137 1324.634 0.000 1324.634 0.033 0.001
986 2462 2325 137 1313.054 0.000 1313.054 0.033 0.001
987 2462 2325 137 1296.964 0.000 1296.964 0.017 0.001
988 2462 2325 137 1281.621 0.000 1281.621 0.017 0.001
989 2462 2325 137 1264.674 0.000 1264.674 0.017 0.001
990 2462 2325 137 1250.006 0.000 1250.006 0.017 0.001
991 2462 2325 137 1233.753 0.000 1233.753 0.017 0.001
992 2462 2325 137 1216.258 0.000 1216.258 0.017 0.001
993 2462 2325 137 1196.207 0.000 1196.207 0.017 0.001
994 2462 2325 137 1175.178 0.000 1175.178 0.017 0.001
995 2462 2325 137 1152.677 0.000 1152.677 0.017 0.001
996 2462 2325 137 1126.434 0.000 1126.434 0.017 0.001
997 2462 2325 137 1101.897 0.000 1101.897 0.017 0.000
998 2462 2325 137 1074.506 0.000 1074.506 0.017 0.000
999 2462 2325 137 1053.723 0.000 1053.723 0.017 0.000
1000 2462 2325 137 1029.882 0.000 1029.882 0.017 0.000
1001 2462 2325 137 1006.957 0.000 1006.957 0.017 0.000
1002 2462 2325 137 981.694 0.000 981.694 0.017 0.000
1003 2260 2325 65 954.509 0.000 954.509 0.017 0.000
1004 2260 2325 65 925.901 0.000 925.901 0.017 0.000
1005 2260 2325 65 897.900 0.000 897.900 0.017 0.000
1006 2260 2325 65 872.563 0.000 872.563 0.017 0.000
1007 2260 2325 65 843.919 0.000 843.919 0.017 0.000
1008 2260 2325 65 813.408 0.000 813.408 0.017 0.000
1009 2110 2325 215 790.231 0.000 790.231 0.017 0.000
1010 2110 2325 215 763.487 0.000 763.487 0.017 0.000
1011 2110 2325 215 737.545 0.000 737.545 0.017 0.000
1012 2110 2325 215 709.600 0.000 709.600 0.017 0.000
1013 2110 2325 215 682.176 0.000 682.176 0.017 0.000
1014 2110 2325 215 657.364 0.000 657.364 0.017 0.000
1015 2110 2325 215 631.251 0.000 631.251 0.017 0.000
1016 2054 2325 271 604.906 0.000 604.906 0.017 0.000
1017 2054 2325 271 577.461 0.000 577.461 0.017 0.000
1018 2054 2325 271 553.167 0.000 553.167 0.017 0.000
1019 2029 2325 296 526.508 0.000 526.508 0.017 0.000
1020 1857 2325 468 503.305 0.000 503.305 0.017 0.000
1021 1857 2325 468 480.453 0.000 480.453 0.017 0.000
1022 1843 2325 482 458.976 0.000 458.976 0.017 0.000
1023 1721 2325 604 437.755 0.000 437.755 0.017 0.000
1024 1721 2325 604 414.288 0.000 414.288 0.017 0.000
1025 1681 2325 644 391.738 0.000 391.738 0.017 0.000
1026 1681 2325 644 367.729 0.000 367.729 0.017 0.000
1027 1681 2325 644 347.477 0.000 347.477 0.017 0.000
1028 1681 2325 644 329.132 0.000 329.132 0.017 0.000
1029 1681 2325 644 308.541 0.000 308.541 0.017 0.000
1030 1681 2325 644 288.424 0.000 288.424 0.017 0.000
1031 1681 2325 644 265.550 0.000 265.550 0.017 0.000
1032 1681 2325 644 247.180 0.000 247.180 0.017 0.000
1033 1681 2325 644 229.201 0.000 229.201 0.017 0.000
1034 1681 2325 644 211.126 0.000 211.126 0.017 0.000
1035 1681 2325 644 193.476 0.000 193.476 0.017 0.001
1036 1540 2325 785 176.633 0.000 176.633 0.017 0.001
1037 1396 2325 929 158.689 0.000 158.689 0.017 0.001
1038 1396 2325 929 144.781 0.000 144.781 0.033 0.001
1039 1396 2325 929 129.199 0.000 129.199 0.033 0.001
1040 1195 2325 1130 116.394 0.000 116.394 0.033 0.001
1041 1195 2325 1130 104.135 0.000 104.135 0.033 0.001
1042 1195 2325 1130 93.912 0.000 93.912 0.033 0.001
1043 1195 2325 1130 83.143 0.000 83.143 0.033 0.001
1044 1195 2325 1130 73.024 0.000 73.024 0.033 0.001
1045 1195 2325 1130 62.600 0.000 62.600 0.033 0.001
1046 1195 2325 1130 53.900 0.000 53.900 0.033 0.001
1047 1180 2325 1145 44.491 0.000 44.491 0.033 0.002
1048 1180 2325 1145 36.833 0.000 36.833 0.033 0.002
1049 1180 2325 1145 29.431 0.000 29.431 0.033 0.002
1050 1180 2325 1145 24.071 0.000 24.071 0.033 0.002
1051 1180 2325 1145 19.560 0.000 19.560 0.033 0.002
1052 840 2325 1485 15.024 0.000 15.024 0.033 0.002
1053 762 2325 1563 11.133 0.000 11.133 0.033 0.002
1054 762 2325 1563 8.156 0.000 8.156 0.033 0.002
1055 520 2325 1805 5.505 0.000 5.505 0.033 0.002
1056 520 2325 1805 3.720 0.000 3.720 0.033 0.002
1057 520 2325 1805 2.686 0.000 2.686 0.033 0.002
1058 449 2325 1876 1.702 0.000 1.702 0.033 0.002
1059 449 2325 1876 1.344 0.000 1.344 0.033 0.002
1060 449 2325 1876 0.871 0.000 0.871 0.033 0.003
1061 449 2325 1876 0.612 0.000 0.612 0.033 0.003
1062 449 2325 1876 0.533 0.000 0.533 0.033 0.003
1063 449 2325 1876 0.457 0.000 0.457 0.033 0.003
1064 449 2325 1876 0.397 0.000 0.397 0.033 0.003
1065 449 2325 1876 0.295 0.000 0.295 0.033 0.003
1066 449 2325 1876 0.263 0.000 0.263 0.033 0.003
1067 516 2325 1809 0.405 0.000 0.405 0.033 0.003
1068 516 2325 1809 0.513 0.000 0.513 0.033 0.003
1069 516 2325 1809 0.672 0.000 0.672 0.033 0.003
1070 551 2325 1774 0.891 0.000 0.891 0.033 0.003
1071 551 2325 1774 1.316 0.000 1.316 0.033 0.003
1072 551 2325 1774 1.932 0.000 1.932 0.033 0.003
1073 551 2325 1774 2.886 0.000 2.886 0.033 0.003
1074 643 2325 1682 3.933 0.000 3.933 0.033 0.003
1075 643 2325 1682 5.487 0.000 5.487 0.033 0.003
1076 643 2325 1682 8.309 0.000 8.309 0.033 0.003
1077 643 2325 1682 11.525 0.000 11.525 0.033 0.003
1078 760 2325 1565 15.511 0.000 15.511 0.033 0.003
1079 760 2325 1565 19.859 0.000 19.859 0.033 0.002
1080 840 2325 1485 25.215 0.000 25.215 0.033 0.002
1081 968 2325 1357 31.149 0.000 31.149 0.033 0.002
1082 1011 2325 1314 37.771 0.000 37.771 0.033 0.002
1083 1011 2325 1314 45.507 0.000 45.507 0.050 0.002
1084 1011 2325 1314 53.264 0.000 53.264 0.050 0.002
1085 1041 2325 1284 61.947 0.000 61.947 0.050 0.002
1086 1069 2325 1256 72.328 0.000 72.328 0.050 0.002
1087 1133 2325 1192 82.681 0.000 82.681 0.050 0.002
1088 1321 2325 1004 93.241 0.000 93.241 0.050 0.002
1089 1321 2325 1004 103.278 0.000 103.278 0.050 0.002
1090 1321 2325 1004 115.522 0.000 115.522 0.050 0.002
1091 1321 2325 1004 128.011 0.000 128.011 0.033 0.002
1092 1352 2325 973 141.962 0.000 141.962 0.050 0.002
1093 1352 2325 973 154.767 0.000 154.767 0.050 0.003
1094 1352 2325 973 170.638 0.000 170.638 0.050 0.003
1095 1352 2325 973 187.590 0.000 187.590 0.050 0.003
1096 1363 2325 962 203.983 0.000 203.983 0.050 0.003
1097 1363 2325 962 219.611 0.000 219.611 0.050 0.003
1098 1370 2325 955 237.965 0.000 237.965 0.050 0.003
1099 1480 2325 845 255.945 0.000 255.945 0.050 0.003
1100 1480 2325 845 275.110 0.000 275.110 0.033 0.003
1101 1621 2325 704 293.911 0.000 293.911 0.033 0.003
1102 1621 2325 704 314.247 0.000 314.247 0.033 0.003
1103 1621 2325 704 332.939 0.000 332.939 0.033 0.003
1104 1709 2325 616 353.497 0.000 353.497 0.033 0.003
1105 1904 2325 421 376.071 0.000 376.071 0.033 0.003
1106 1904 2325 421 400.972 0.000 400.972 0.033 0.003
1107 2021 2325 304 423.681 0.000 423.681 0.033 0.003
1108 2021 2325 304 447.771 0.000 447.771 0.033 0.003
1109 2021 2325 304 470.917 0.000 470.917 0.033 0.002
1110 2021 2325 304 495.209 0.000 495.209 0.050 0.002
1111 2021 2325 304 516.624 0.000 516.624 0.050 0.002
1112 2021 2325 304 543.095 0.000 543.095 0.050 0.002
1113 2021 2325 304 567.425 0.000 567.425 0.050 0.002
1114 2021 2325 304 594.146 0.000 594.146 0.050 0.002
1115 2021 2325 304 620.954 0.000 620.954 0.050 0.002
1116 2093 2325 232 645.246 0.000 645.246 0.033 0.002
1117 2125 2325 200 672.163 0.000 672.163 0.033 0.002
1118 2125 2325 200 699.533 0.000 699.533 0.050 0.002
1119 2161 2325 164 726.972 0.000 726.972 0.050 0.002
1120 2161 2325 164 752.893 0.000 752.893 0.033 0.002
1121 2161 2325 164 781.355 0.000 781.355 0.033 0.002
1122 2161 2325 164 807.225 0.000 807.225 0.033 0.002
1123 2161 2325 164 834.503 0.000 834.503 0.033 0.002
1124 2161 2325 164 858.737 0.000 858.737 0.033 0.002
1125 2161 2325 164 887.194 0.000 887.194 0.033 0.002
1126 2161 2325 164 914.966 0.000 914.966 0.033 0.002
1127 2161 2325 164 942.028 0.000 942.028 0.033 0.002
1128 2161 2325 164 968.163 0.000 968.163 0.033 0.002
1129 2249 2325 76 994.328 0.000 994.328 0.033 0.003
1130 2249 2325 76 1020.619 0.000 1020.619 0.033 0.003
1131 2249 2325 76 1047.229 0.000 1047.229 0.033 0.003
1132 2249 2325 76 1073.508 0.000 1073.508 0.033 0.003
1133 2249 2325 76 1101.258 0.000 1101.258 0.033 0.003
1134 2249 2325 76 1124.509 0.000 1124.509 0.033 0.003
1135 2249 2325 76 1147.308 0.000 1147.308 0.033 0.003
1136 2249 2325 76 1170.196 0.000 1170.196 0.033 0.003
1137 2249 2325 76 1192.254 0.000 1192.254 0.033 0.003
1138 2249 2325 76 1213.712 0.000 1213.712 0.033 0.003
1139 2249 2325 76 1233.100 0.000 1233.100 0.033 0.003
1140 2249 2325 76 1251.453 0.000 1251.453 0.033 0.003
1141 2249 2325 76 1268.920 0.000 1268.920 0.033 0.003
1142 2249 2325 76 1285.326 0.000 1285.326 0.033 0.003
1143 2249 2325 76 1300.815 0.000 1300.815 0.033 0.003
1144 2249 2325 76 1314.500 0.000 1314.500 0.033 0.003
1145 2249 2325 76 1326.517 0.000 1326.517 0.033 0.003
1146 2249 2325 76 1339.868 0.000 1339.868 0.033 0.003
1147 2249 2325 76 1349.899 0.000 1349.899 0.033 0.003
1148 2249 2325 76 1357.726 0.000 1357.726 0.033 0.003
1149 2249 2325 76 1364.614 0.000 1364.614 0.033 0.003
1150 2249 2325 76 1371.658 0.000 1371.658 0.033 0.002
1151 2249 2325 76 1377.270 0.000 1377.270 0.033 0.002
1152 2249 2325 76 1380.904 0.000 1380.904 0.033 0.002
1153 2249 2325 76 1382.752 0.000 1382.752 0.033 0.002
1154 2249 2325 76 1385.012 0.000 1385.012 0.033 0.002
1155 2249 2325 76 1385.679 0.000 1385.679 0.033 0.002
1156 2249 2325 76 1384.394 0.000 1384.394 0.033 0.002
1157 2249 2325 76 1382.918 0.000 1382.918 0.033 0.002
1158 2249 2325 76 1379.538 0.000 1379.538 0.033 0.002
1159 2249 2325 76 1374.842 0.000 1374.842 0.033 0.002
1160 2249 2325 76 1370.658 0.000 1370.658 0.033 0.002
1161 2249 2325 76 1364.575 0.000 1364.575 0.033 0.002
1162 2249 2325 76 1356.517 0.000 1356.517 0.033 0.001
1163 2249 2325 76 1346.630 0.000 1346.630 0.017 0.001
1164 2249 2325 76 1335.723 0.000 1335.723 0.017 0.001
1165 2249 2325 76 1324.820 0.000 1324.820 0.017 0.001
1166 2249 2325 76 1313.494 0.000 1313.494 0.017 0.001
1167 2249 2325 76 1298.000 0.000 1298.000 0.017 0.001
1168 2249 2325 76 1285.351 0.000 1285.351 0.017 0.001
1169 2249 2325 76 1270.816 0.000 1270.816 0.017 0.001
1170 2249 2325 76 1253.789 0.000 1253.789 0.017 0.001
1171 2249 2325 76 1236.490 0.000 1236.490 0.017 0.001
1172 2249 2325 76 1216.583 0.000 1216.583 0.017 0.001
1173 2249 2325 76 1194.780 0.000 1194.780 0.017 0.001
1174 2249 2325 76 1174.147 0.000 1174.147 0.017 0.001
1175 2249 2325 76 1155.910 0.000 1155.910 0.017 0.001
1176 2249 2325 76 1132.199 0.000 1132.199 0.017 0.001
1177 2249 2325 76 1108.121 0.000 1108.121 0.017 0.000
1178 2249 2325 76 1081.747 0.000 1081.747 0.017 0.000
1179 2249 2325 76 1058.131 0.000 1058.131 0.017 0.000
1180 2249 2325 76 1032.249 0.000 1032.249 0.017 0.000
1181 2249 2325 76 1007.743 0.000 1007.743 0.017 0.000
1182 2249 2325 76 980.309 0.000 980.309 0.017 0.000
1183 2249 2325 76 954.325 0.000 954.325 0.017 0.000
1184 2249 2325 76 925.744 0.000 925.744 0.017 0.000
1185 2249 2325 76 894.829 0.000 894.829 0.017 0.000
1186 2249 2325 76 867.293 0.000 867.293 0.017 0.000
1187 2249 2325 76 845.808 0.000 845.808 0.017 0.000
1188 2249 2325 76 820.624 0.000 820.624 0.017 0.000
1189 2155 2325 170 791.834 0.000 791.834 0.017 0.000
1190 2155 2325 170 765.015 0.000 765.015 0.017 0.000
1191 2155 2325 170 737.053 0.000 737.053 0.017 0.000
1192 2155 2325 170 710.414 0.000 710.414 0.017 0.000
1193 2155 2325 170 687.510 0.000 687.510 0.017 0.000
1194 2109 2325 216 661.769 0.000 661.769 0.017 0.000
1195 2004 2325 321 634.945 0.000 634.945 0.017 0.000
1196 2004 2325 321 606.676 0.000 606.676 0.017 0.000
1197 2004 2325 321 581.536 0.000 581.536 0.017 0.000
1198 2004 2325 321 553.788 0.000 553.788 0.017 0.000
1199 2004 2325 321 527.176 0.000 527.176 0.017 0.000
