1 449 0 449 262.041 271.326 9.284 9.000 1.457
2 449 0 449 275.567 277.440 1.874 5.000 0.746
3 518 0 518 295.202 291.786 3.416 3.667 0.513
4 518 0 518 310.022 300.383 9.638 2.750 0.397
5 780 0 780 322.483 313.988 8.496 2.600 0.324
6 780 0 780 342.619 337.106 5.512 2.333 0.282
7 780 0 780 354.499 342.956 11.542 2.143 0.247
8 780 0 780 372.663 363.962 8.701 2.000 0.225
9 831 0 831 393.258 387.606 5.652 2.111 0.206
10 1102 0 1102 414.651 407.862 6.789 2.200 0.191
11 1279 0 1279 435.503 426.786 8.717 2.545 0.179
12 1763 0 1763 458.789 451.231 7.558 2.917 0.168
13 1930 0 1930 487.411 482.772 4.639 3.462 0.160
14 2216 0 2216 514.429 507.612 6.817 3.786 0.152
15 2514 0 2514 540.908 535.654 5.255 4.067 0.146
16 2723 0 2723 574.323 567.857 6.466 4.438 0.140
17 2800 0 2800 601.010 599.467 1.543 4.765 0.135
18 2967 0 2967 628.046 622.970 5.075 5.056 0.131
19 2967 0 2967 661.160 655.738 5.422 5.211 0.128
20 2967 0 2967 682.067 674.982 7.085 5.250 0.124
21 2967 0 2967 714.929 707.811 7.118 5.429 0.121
22 2967 0 2967 737.634 731.771 5.863 5.364 0.118
23 2967 0 2967 758.735 748.698 10.037 5.348 0.117
24 3096 0 3096 775.961 767.796 8.165 5.292 0.114
25 3385 0 3385 793.693 783.851 9.841 5.320 0.112
26 3423 0 3423 811.681 805.779 5.902 5.346 0.110
27 3511 0 3511 825.216 816.092 9.124 5.296 0.109
28 3665 0 3665 837.000 831.446 5.555 5.250 0.107
29 3665 0 3665 851.355 845.113 6.242 5.207 0.105
30 3665 0 3665 863.081 855.856 7.225 5.100 0.104
31 3665 0 3665 867.382 859.230 8.152 4.968 0.103
32 3665 0 3665 870.498 860.709 9.789 4.844 0.101
33 3665 0 3665 874.336 869.349 4.987 4.727 0.101
34 3665 0 3665 877.509 871.402 6.107 4.618 0.100
35 3665 0 3665 880.789 874.364 6.426 4.514 0.099
36 3665 0 3665 884.497 877.533 6.965 4.389 0.098
37 3665 0 3665 888.320 881.649 6.671 4.297 0.097
38 3665 0 3665 891.373 884.209 7.164 4.211 0.096
39 3665 0 3665 894.395 887.656 6.738 4.103 0.095
40 3665 0 3665 897.334 889.688 7.646 4.025 0.093
41 3665 0 3665 900.331 893.540 6.792 3.927 0.092
42 3665 0 3665 903.876 896.102 7.774 3.833 0.092
43 3665 0 3665 906.444 898.153 8.292 3.767 0.091
44 3665 0 3665 909.812 901.214 8.598 3.682 0.090
45 3665 0 3665 912.222 905.226 6.996 3.600 0.089
46 3665 0 3665 914.294 905.662 8.631 3.543 0.088
47 3665 0 3665 916.427 908.033 8.394 3.468 0.087
48 3665 0 3665 918.904 910.403 8.500 3.396 0.086
49 3665 0 3665 920.803 912.607 8.196 3.327 0.085
50 3665 0 3665 922.582 914.469 8.113 3.280 0.084
51 3665 0 3665 924.230 915.241 8.989 3.216 0.083
52 3665 0 3665 925.737 918.869 6.868 3.154 0.082
53 3665 0 3665 926.925 921.683 5.241 3.113 0.081
54 3665 0 3665 928.131 921.683 6.448 3.074 0.080
55 3665 0 3665 928.941 921.683 7.258 3.018 0.078
56 3665 0 3665 929.616 923.556 6.060 2.964 0.077
57 3665 0 3665 930.079 923.556 6.523 2.912 0.076
58 3665 0 3665 930.539 923.917 6.622 2.879 0.075
59 3665 0 3665 930.808 925.044 5.764 2.831 0.074
60 3665 0 3665 931.016 925.538 5.478 2.800 0.073
61 3665 0 3665 939.580 933.158 6.421 2.767 0.050
62 3665 0 3665 946.609 937.237 9.372 2.733 0.050
63 3665 0 3665 955.422 945.331 10.092 2.750 0.050
64 3665 0 3665 965.230 954.799 10.431 2.783 0.050
65 3665 0 3665 971.887 963.144 8.743 2.800 0.050
66 3665 0 3665 982.038 972.702 9.336 2.833 0.050
67 3665 0 3665 988.676 982.170 6.506 2.817 0.050
68 3665 0 3665 997.601 989.821 7.780 2.800 0.050
69 3665 0 3665 1004.808 994.966 9.841 2.767 0.050
70 3665 0 3665 1011.829 1004.750 7.079 2.717 0.049
71 3665 0 3665 1017.392 1007.531 9.861 2.617 0.049
72 3665 0 3665 1021.377 1011.609 9.767 2.500 0.049
73 3665 0 3665 1023.488 1015.803 7.685 2.367 0.049
74 3665 0 3665 1024.929 1011.837 13.093 2.267 0.048
75 3665 0 3665 1022.446 1017.116 5.329 2.200 0.048
76 3665 0 3665 1018.197 1013.268 4.929 2.133 0.048
77 3665 0 3665 1014.172 1011.874 2.298 2.067 0.047
78 3665 0 3665 1009.345 1003.685 5.660 2.000 0.047
79 3665 0 3665 1001.835 1000.255 1.581 1.950 0.046
80 3665 0 3665 994.877 989.669 5.209 1.950 0.046
81 3665 0 3665 983.387 982.197 1.190 1.950 0.046
82 3665 0 3665 973.982 975.348 1.366 2.017 0.045
83 3665 0 3665 963.752 966.284 2.533 2.050 0.045
84 3665 0 3665 953.583 956.950 3.367 2.083 0.044
85 3665 0 3665 939.321 946.154 6.833 2.150 0.044
86 3665 0 3665 924.148 932.031 7.883 2.233 0.044
87 3665 0 3665 909.666 917.354 7.688 2.333 0.043
88 3624 0 3624 894.096 903.627 9.531 2.400 0.043
89 2989 0 2989 874.290 886.387 12.097 2.517 0.044
90 2179 0 2179 855.437 866.654 11.217 2.633 0.044
91 1515 0 1515 841.532 853.369 11.837 2.667 0.044
92 1515 0 1515 828.673 841.773 13.101 2.667 0.044
93 1515 0 1515 810.807 824.467 13.661 2.667 0.044
94 1515 0 1515 794.061 808.927 14.866 2.667 0.044
95 1515 0 1515 774.286 789.304 15.017 2.667 0.045
96 1515 0 1515 751.929 763.722 11.793 2.683 0.046
97 1515 0 1515 727.084 740.148 13.065 2.683 0.047
98 1515 0 1515 704.628 715.589 10.961 2.683 0.049
99 1515 0 1515 677.836 686.274 8.438 2.700 0.050
100 1515 0 1515 653.717 667.349 13.632 2.700 0.052
101 1515 0 1515 629.746 640.039 10.293 2.700 0.053
102 1515 0 1515 602.669 611.474 8.805 2.717 0.055
103 1515 0 1515 577.163 586.018 8.855 2.700 0.056
104 1515 0 1515 550.821 561.768 10.947 2.717 0.058
105 1515 0 1515 529.506 536.837 7.331 2.733 0.059
106 1515 0 1515 505.528 516.838 11.310 2.717 0.061
107 1515 0 1515 482.109 496.015 13.906 2.733 0.063
108 1515 0 1515 457.620 471.742 14.121 2.733 0.065
109 1515 0 1515 434.680 447.354 12.674 2.750 0.066
110 1273 0 1273 411.801 422.873 11.072 2.733 0.068
111 1220 0 1220 389.751 401.959 12.209 2.750 0.070
112 1211 0 1211 368.763 380.209 11.446 2.750 0.071
113 1211 0 1211 348.594 360.440 11.846 2.750 0.073
114 1208 0 1208 329.401 338.635 9.233 2.750 0.075
115 1208 0 1208 310.486 322.704 12.218 2.750 0.076
116 1208 0 1208 294.432 307.713 13.282 2.767 0.078
117 1208 0 1208 279.832 290.390 10.558 2.783 0.079
118 1208 0 1208 265.510 279.885 14.375 2.783 0.080
119 1208 0 1208 251.916 268.425 16.509 2.800 0.081
120 1208 0 1208 237.727 249.065 11.338 2.817 0.083
121 1208 0 1208 223.831 236.950 13.120 2.833 0.083
122 1208 0 1208 209.453 223.551 14.098 2.850 0.083
123 1064 0 1064 196.906 211.918 15.012 2.850 0.084
124 1048 0 1048 188.462 204.002 15.541 2.817 0.084
125 1040 0 1040 177.574 191.200 13.626 2.800 0.084
126 1040 0 1040 167.679 182.677 14.999 2.783 0.084
127 1018 0 1018 157.621 174.354 16.733 2.800 0.084
128 1018 0 1018 148.130 162.967 14.837 2.817 0.084
129 1018 0 1018 140.094 151.362 11.268 2.800 0.084
130 1018 0 1018 132.099 147.999 15.900 2.800 0.084
131 1018 0 1018 124.631 140.630 15.999 2.800 0.083
132 1018 0 1018 118.434 131.821 13.387 2.833 0.083
133 964 0 964 111.388 122.953 11.565 2.850 0.083
134 964 0 964 105.327 121.568 16.241 2.833 0.083
135 964 0 964 96.826 108.351 11.525 2.817 0.083
136 964 0 964 87.857 101.465 13.608 2.750 0.083
137 964 0 964 80.881 94.940 14.059 2.683 0.083
138 905 0 905 75.483 88.324 12.841 2.600 0.083
139 905 0 905 69.888 81.447 11.559 2.533 0.083
140 905 0 905 63.544 76.015 12.471 2.467 0.083
141 733 0 733 57.779 69.707 11.928 2.333 0.083
142 733 0 733 52.471 66.215 13.744 2.233 0.082
143 733 0 733 47.517 60.613 13.096 2.133 0.082
144 733 0 733 43.450 57.865 14.415 2.050 0.082
145 733 0 733 38.409 50.522 12.113 1.900 0.082
146 733 0 733 33.630 47.345 13.714 1.750 0.081
147 686 0 686 28.864 43.709 14.846 1.600 0.081
148 686 0 686 24.858 33.350 8.492 1.483 0.080
149 509 0 509 20.640 32.667 12.027 1.367 0.080
150 509 0 509 17.161 31.721 14.560 1.350 0.079
151 509 0 509 14.366 24.481 10.115 1.350 0.078
152 494 0 494 11.937 21.123 9.187 1.333 0.078
153 414 0 414 9.226 21.120 11.894 1.300 0.076
154 414 0 414 7.329 20.384 13.055 1.283 0.075
155 414 0 414 5.498 20.384 14.886 1.250 0.074
156 298 0 298 3.826 19.064 15.238 1.217 0.072
157 277 0 277 2.564 19.064 16.500 1.167 0.070
158 240 0 240 1.580 13.465 11.885 1.117 0.068
159 240 0 240 0.952 13.465 12.513 1.067 0.066
160 240 0 240 0.565 12.461 11.896 1.033 0.064
161 234 0 234 0.290 11.743 11.453 0.983 0.062
162 234 0 234 0.187 11.743 11.557 0.950 0.059
163 234 0 234 0.155 11.743 11.588 0.950 0.056
164 234 0 234 0.097 11.743 11.646 0.933 0.054
165 197 0 197 0.046 11.743 11.698 0.917 0.052
166 197 0 197 0.053 11.743 11.690 0.917 0.049
167 197 0 197 0.057 11.743 11.686 0.900 0.047
168 197 0 197 0.133 11.743 11.610 0.900 0.044
169 234 0 234 0.256 11.743 11.488 0.883 0.042
170 234 0 234 0.425 11.743 11.318 0.883 0.040
171 234 0 234 0.575 11.745 11.170 0.867 0.038
172 234 0 234 0.983 11.745 10.763 0.867 0.036
173 234 0 234 1.515 11.745 10.230 0.850 0.033
174 264 0 264 2.601 11.745 9.144 0.833 0.032
175 264 0 264 3.689 11.752 8.063 0.833 0.030
176 356 0 356 5.820 11.752 5.931 0.817 0.028
177 392 0 392 8.658 11.752 3.093 0.800 0.027
178 400 0 400 11.454 11.752 0.297 0.783 0.026
179 400 0 400 15.051 11.753 3.297 0.767 0.025
180 496 0 496 20.059 11.753 8.306 0.750 0.025
181 496 0 496 26.214 14.562 11.652 0.733 0.024
182 496 0 496 32.584 17.649 14.935 0.717 0.024
183 580 0 580 40.391 25.150 15.242 0.700 0.023
184 598 0 598 49.146 37.031 12.114 0.700 0.023
185 618 0 618 57.287 41.434 15.853 0.700 0.023
186 618 0 618 66.388 54.619 11.769 0.683 0.023
187 618 0 618 76.024 61.640 14.383 0.683 0.023
188 723 0 723 87.892 72.347 15.545 0.700 0.023
189 1188 0 1188 102.758 83.622 19.135 0.733 0.024
190 1221 0 1221 119.258 107.886 11.372 0.733 0.025
191 1364 0 1364 135.409 123.369 12.041 0.767 0.025
192 1364 0 1364 146.997 132.521 14.476 0.767 0.026
193 1364 0 1364 162.270 148.832 13.438 0.783 0.026
194 1364 0 1364 179.609 165.929 13.680 0.817 0.027
195 1364 0 1364 199.759 183.920 15.840 0.867 0.027
196 1364 0 1364 218.819 202.618 16.201 0.917 0.028
197 1397 0 1397 239.681 224.268 15.413 0.967 0.029
198 1397 0 1397 258.424 242.858 15.566 1.017 0.030
199 1631 0 1631 279.393 260.447 18.945 1.083 0.030
200 1719 0 1719 303.872 288.385 15.486 1.167 0.031
201 1854 0 1854 327.343 311.559 15.785 1.250 0.032
202 1854 0 1854 349.762 333.470 16.293 1.317 0.033
203 1854 0 1854 369.079 349.175 19.904 1.350 0.034
204 1854 0 1854 388.214 374.320 13.894 1.383 0.035
205 1854 0 1854 407.575 391.773 15.802 1.417 0.036
206 1854 0 1854 425.338 409.000 16.337 1.433 0.037
207 1854 0 1854 443.205 427.039 16.165 1.450 0.038
208 1854 0 1854 460.738 445.134 15.604 1.483 0.039
209 1854 0 1854 479.000 463.670 15.330 1.500 0.040
210 1854 0 1854 494.009 476.856 17.153 1.500 0.041
211 1854 0 1854 509.736 495.980 13.756 1.500 0.042
212 1854 0 1854 524.611 513.283 11.329 1.517 0.043
213 1854 0 1854 540.803 527.412 13.391 1.533 0.045
214 1854 0 1854 554.109 538.764 15.345 1.533 0.046
215 1854 0 1854 569.623 559.408 10.216 1.550 0.047
216 1854 0 1854 583.293 568.557 14.736 1.550 0.049
217 1854 0 1854 597.668 583.962 13.706 1.550 0.050
218 1854 0 1854 610.239 596.555 13.685 1.567 0.052
219 1854 0 1854 624.776 612.594 12.182 1.567 0.053
220 1854 0 1854 637.066 625.143 11.922 1.567 0.055
221 1854 0 1854 650.901 634.986 15.915 1.567 0.056
222 1854 0 1854 662.905 652.104 10.801 1.567 0.058
223 1854 0 1854 676.325 662.063 14.261 1.567 0.059
224 1854 0 1854 687.232 673.904 13.327 1.567 0.061
225 1854 0 1854 699.338 683.070 16.268 1.567 0.062
226 1854 0 1854 707.484 694.793 12.691 1.567 0.063
227 1854 0 1854 717.806 702.580 15.226 1.567 0.065
228 1854 0 1854 727.918 715.275 12.643 1.567 0.066
229 1854 0 1854 739.454 723.259 16.195 1.567 0.068
230 1854 0 1854 751.293 738.626 12.667 1.567 0.069
231 1854 0 1854 762.508 750.327 12.181 1.567 0.070
232 1854 0 1854 772.804 764.687 8.118 1.583 0.071
233 1854 0 1854 782.056 770.209 11.847 1.583 0.072
234 1854 0 1854 792.388 780.590 11.798 1.583 0.074
235 1854 0 1854 800.715 785.021 15.693 1.600 0.074
236 1854 0 1854 810.502 799.207 11.295 1.600 0.075
237 1854 0 1854 821.506 811.662 9.844 1.600 0.076
238 1854 0 1854 829.931 819.644 10.287 1.600 0.077
239 1854 0 1854 838.567 825.900 12.667 1.617 0.077
240 1854 0 1854 848.292 832.574 15.718 1.633 0.078
241 1854 0 1854 858.977 844.973 14.004 1.650 0.078
242 1854 0 1854 868.233 855.416 12.817 1.650 0.078
243 1854 0 1854 877.829 865.432 12.397 1.633 0.078
244 1854 0 1854 887.430 875.975 11.454 1.650 0.078
245 1854 0 1854 895.249 884.517 10.732 1.650 0.078
246 1854 0 1854 902.608 892.660 9.948 1.650 0.078
247 1854 0 1854 909.632 899.782 9.850 1.650 0.078
248 1854 0 1854 916.892 908.221 8.670 1.633 0.078
249 1854 0 1854 922.826 912.254 10.572 1.600 0.077
250 1854 0 1854 928.799 918.371 10.427 1.517 0.077
251 1854 0 1854 933.177 925.537 7.640 1.450 0.076
252 1854 0 1854 936.701 928.161 8.540 1.417 0.076
253 1854 0 1854 939.544 932.420 7.124 1.367 0.076
254 1854 0 1854 943.573 935.137 8.436 1.300 0.075
255 1854 0 1854 945.369 939.316 6.052 1.233 0.074
256 1854 0 1854 945.709 941.891 3.818 1.233 0.074
257 1854 0 1854 945.760 942.579 3.180 1.200 0.073
258 1854 0 1854 944.936 942.579 2.357 1.183 0.072
259 1854 0 1854 943.124 938.582 4.542 1.167 0.071
260 1854 0 1854 937.716 935.836 1.879 1.150 0.071
261 1632 0 1632 930.925 932.024 1.099 1.133 0.070
262 1632 0 1632 924.186 926.084 1.898 1.100 0.069
263 1535 0 1535 918.894 924.497 5.604 1.083 0.069
264 1535 0 1535 912.958 919.166 6.208 1.050 0.068
265 1535 0 1535 906.427 912.959 6.532 1.033 0.067
266 1535 0 1535 899.336 905.442 6.106 1.017 0.066
267 1535 0 1535 890.601 901.716 11.114 0.983 0.066
268 1427 0 1427 879.675 890.038 10.363 0.967 0.065
269 1427 0 1427 867.209 878.038 10.829 0.950 0.064
270 1427 0 1427 853.924 866.428 12.504 0.950 0.064
271 1427 0 1427 838.054 849.372 11.318 0.950 0.064
272 1427 0 1427 822.290 832.763 10.472 0.950 0.064
273 1427 0 1427 803.490 816.067 12.577 0.983 0.064
274 1427 0 1427 786.461 801.408 14.948 0.983 0.064
275 1427 0 1427 765.206 779.160 13.953 1.017 0.064
276 1427 0 1427 742.354 754.774 12.420 1.000 0.064
277 1427 0 1427 718.291 731.733 13.442 1.000 0.065
278 1427 0 1427 695.025 705.828 10.803 0.983 0.065
279 1427 0 1427 671.004 684.010 13.006 1.033 0.066
280 1427 0 1427 646.452 658.706 12.254 1.050 0.067
281 1365 0 1365 619.524 626.561 7.037 1.083 0.068
282 1365 0 1365 592.278 604.871 12.593 1.100 0.069
283 1365 0 1365 564.933 573.351 8.418 1.133 0.069
284 1316 0 1316 540.875 552.408 11.534 1.150 0.070
285 1316 0 1316 514.582 525.934 11.352 1.133 0.071
286 1316 0 1316 490.705 503.536 12.831 1.150 0.073
287 1316 0 1316 466.348 473.877 7.529 1.183 0.074
288 1316 0 1316 444.092 454.186 10.094 1.183 0.074
289 1309 0 1309 423.325 438.442 15.117 1.167 0.075
290 1257 0 1257 398.662 409.085 10.423 1.200 0.076
291 1257 0 1257 377.845 388.528 10.683 1.233 0.077
292 1257 0 1257 360.230 369.952 9.723 1.233 0.078
293 1251 0 1251 342.019 354.399 12.380 1.250 0.078
294 1251 0 1251 323.051 334.905 11.854 1.250 0.079
295 1251 0 1251 303.143 314.051 10.908 1.283 0.080
296 1251 0 1251 286.463 299.174 12.711 1.317 0.081
297 1213 0 1213 270.988 284.617 13.629 1.283 0.081
298 1213 0 1213 257.010 271.897 14.887 1.300 0.082
299 1181 0 1181 244.390 257.929 13.538 1.317 0.082
300 1181 0 1181 231.057 244.740 13.683 1.300 0.082
301 1181 0 1181 217.753 235.846 18.093 1.300 0.082
302 1181 0 1181 206.341 221.599 15.258 1.300 0.082
303 1181 0 1181 192.956 205.777 12.820 1.300 0.082
304 1181 0 1181 180.674 195.931 15.258 1.300 0.082
305 1181 0 1181 170.681 184.469 13.788 1.300 0.082
306 1181 0 1181 161.187 174.913 13.726 1.300 0.082
307 1027 0 1027 151.634 163.553 11.918 1.317 0.083
308 1027 0 1027 143.888 160.959 17.071 1.300 0.083
309 1027 0 1027 135.405 148.601 13.196 1.317 0.083
310 1027 0 1027 128.074 143.113 15.039 1.333 0.083
311 1027 0 1027 120.888 136.009 15.121 1.367 0.083
312 1027 0 1027 112.701 124.684 11.983 1.400 0.083
313 1027 0 1027 105.461 119.415 13.954 1.433 0.083
314 1027 0 1027 99.339 114.283 14.944 1.450 0.083
315 1027 0 1027 93.160 107.727 14.567 1.483 0.083
316 1018 0 1018 85.222 98.142 12.920 1.517 0.083
317 910 0 910 79.495 94.233 14.738 1.517 0.083
318 857 0 857 72.969 86.894 13.925 1.533 0.083
319 857 0 857 67.306 81.472 14.166 1.517 0.083
320 857 0 857 61.079 75.409 14.330 1.483 0.083
321 857 0 857 55.973 66.419 10.446 1.417 0.082
322 856 0 856 50.145 62.762 12.617 1.367 0.082
323 715 0 715 45.433 57.850 12.417 1.350 0.082
324 715 0 715 40.984 55.574 14.590 1.367 0.082
325 630 0 630 36.745 47.929 11.184 1.367 0.081
326 564 0 564 33.026 45.171 12.145 1.367 0.081
327 513 0 513 29.307 44.127 14.820 1.367 0.081
328 506 0 506 25.683 36.967 11.285 1.367 0.081
329 452 0 452 21.732 34.279 12.547 1.367 0.080
330 452 0 452 18.425 31.951 13.526 1.367 0.079
331 452 0 452 15.048 25.565 10.517 1.333 0.079
332 452 0 452 12.029 25.565 13.536 1.317 0.078
333 452 0 452 9.159 24.156 14.997 1.300 0.077
334 387 0 387 6.943 21.638 14.696 1.283 0.075
335 333 0 333 4.982 17.963 12.981 1.250 0.074
336 333 0 333 3.300 17.963 14.663 1.217 0.072
337 208 0 208 2.042 15.432 13.390 1.167 0.070
338 208 0 208 1.256 14.714 13.458 1.117 0.068
339 170 0 170 0.720 12.212 11.492 1.067 0.066
340 161 0 161 0.541 12.212 11.671 1.017 0.064
341 161 0 161 0.414 12.211 11.797 0.983 0.061
342 161 0 161 0.257 12.211 11.954 0.983 0.059
343 152 0 152 0.203 12.212 12.009 0.983 0.056
344 152 0 152 0.174 12.212 12.038 0.967 0.054
345 152 0 152 0.160 12.212 12.052 0.950 0.051
346 194 0 194 0.193 12.212 12.020 0.950 0.049
347 194 0 194 0.211 12.212 12.002 0.933 0.046
348 237 0 237 0.258 12.211 11.953 0.933 0.044
349 237 0 237 0.324 12.211 11.886 0.917 0.042
350 237 0 237 0.405 12.211 11.806 0.900 0.040
351 237 0 237 0.580 12.211 11.631 0.900 0.038
352 306 0 306 0.990 12.211 11.220 0.883 0.036
353 327 0 327 1.461 12.212 10.751 0.883 0.034
354 379 0 379 2.421 12.212 9.791 0.850 0.032
355 379 0 379 3.677 12.212 8.535 0.850 0.030
356 468 0 468 5.960 12.220 6.259 0.833 0.029
357 468 0 468 9.004 12.221 3.217 0.817 0.027
358 468 0 468 12.262 12.221 0.041 0.800 0.026
359 468 0 468 16.040 12.221 3.819 0.783 0.026
360 468 0 468 20.068 12.221 7.847 0.733 0.025
361 497 0 497 24.938 12.951 11.987 0.717 0.024
362 497 0 497 30.350 15.398 14.952 0.700 0.024
363 499 0 499 36.783 20.094 16.688 0.700 0.024
364 561 0 561 43.941 27.484 16.457 0.667 0.023
365 563 0 563 52.205 34.774 17.431 0.650 0.023
366 668 0 668 60.891 47.330 13.560 0.633 0.023
367 668 0 668 72.614 58.052 14.562 0.650 0.023
368 668 0 668 83.293 67.799 15.493 0.617 0.024
369 758 0 758 93.581 79.332 14.249 0.617 0.024
370 758 0 758 107.875 93.036 14.839 0.633 0.025
371 803 0 803 120.524 104.110 16.414 0.633 0.025
372 1003 0 1003 136.469 122.250 14.219 0.667 0.025
373 1003 0 1003 152.277 136.361 15.916 0.667 0.026
374 1003 0 1003 169.444 155.105 14.340 0.700 0.027
375 1241 0 1241 187.116 173.230 13.886 0.733 0.027
376 1241 0 1241 204.344 185.240 19.104 0.783 0.028
377 1241 0 1241 222.458 208.836 13.622 0.817 0.029
378 1617 0 1617 244.783 225.940 18.843 0.867 0.029
379 2229 0 2229 267.236 251.888 15.348 0.917 0.030
380 2667 0 2667 297.117 276.715 20.402 1.050 0.031
381 2790 0 2790 326.853 309.257 17.596 1.200 0.032
382 2986 0 2986 357.356 341.478 15.878 1.350 0.033
383 3004 0 3004 389.604 372.854 16.750 1.533 0.034
384 3004 0 3004 416.581 400.264 16.316 1.633 0.035
385 3004 0 3004 445.268 431.865 13.404 1.717 0.036
386 3004 0 3004 467.175 450.671 16.503 1.817 0.037
387 3004 0 3004 493.010 480.224 12.786 1.883 0.039
388 3004 0 3004 517.233 500.579 16.654 1.950 0.040
389 3004 0 3004 535.545 519.756 15.789 1.967 0.041
390 3004 0 3004 551.924 537.726 14.198 1.967 0.042
391 3004 0 3004 566.650 552.631 14.018 1.967 0.043
392 3004 0 3004 581.128 568.767 12.361 1.967 0.044
393 3004 0 3004 596.669 583.115 13.553 1.967 0.046
394 3004 0 3004 609.906 596.085 13.821 2.000 0.047
395 3004 0 3004 623.578 609.517 14.061 2.000 0.048
396 3004 0 3004 636.559 625.572 10.986 1.983 0.049
397 3004 0 3004 649.296 634.998 14.298 1.983 0.051
398 3004 0 3004 661.876 644.248 17.628 1.983 0.052
399 3004 0 3004 674.499 663.102 11.397 1.983 0.054
400 3004 0 3004 687.062 673.050 14.012 1.983 0.055
401 3004 0 3004 698.266 685.377 12.889 2.000 0.057
402 3004 0 3004 709.666 698.409 11.257 2.000 0.058
403 3004 0 3004 720.756 708.053 12.702 2.000 0.060
404 3004 0 3004 733.263 719.707 13.556 2.000 0.061
405 3004 0 3004 744.174 731.776 12.397 2.000 0.062
406 3004 0 3004 756.668 744.073 12.595 2.000 0.064
407 3004 0 3004 768.406 757.065 11.341 2.000 0.066
408 3004 0 3004 780.850 769.135 11.715 2.000 0.067
409 3004 0 3004 791.643 780.213 11.431 2.000 0.069
410 3004 0 3004 803.150 787.000 16.151 2.000 0.070
411 3004 0 3004 813.584 800.036 13.548 2.000 0.071
412 3004 0 3004 823.075 811.458 11.616 2.000 0.073
413 3004 0 3004 832.029 819.454 12.576 2.000 0.074
414 3004 0 3004 842.336 827.752 14.584 2.000 0.075
415 3004 0 3004 851.815 843.576 8.239 2.017 0.076
416 3004 0 3004 863.228 849.329 13.899 2.017 0.077
417 3004 0 3004 874.541 864.167 10.374 2.033 0.078
418 3004 0 3004 884.591 874.362 10.229 2.033 0.078
419 3004 0 3004 894.817 885.017 9.800 2.050 0.079
420 3004 0 3004 903.394 890.195 13.199 2.050 0.079
421 3004 0 3004 912.106 900.864 11.242 2.050 0.080
422 3004 0 3004 920.782 907.881 12.901 2.067 0.080
423 3004 0 3004 928.847 918.836 10.011 2.050 0.080
424 3004 0 3004 936.719 924.085 12.634 2.050 0.080
425 3004 0 3004 945.164 936.770 8.393 2.067 0.080
426 3004 0 3004 951.956 940.335 11.621 2.067 0.080
427 3004 0 3004 961.042 950.279 10.763 2.067 0.079
428 3004 0 3004 968.499 955.457 13.042 2.067 0.079
429 3004 0 3004 973.448 966.354 7.095 2.050 0.079
430 3004 0 3004 980.431 970.782 9.649 2.050 0.078
431 3004 0 3004 986.241 979.293 6.948 2.033 0.078
432 3004 0 3004 992.111 982.609 9.502 2.017 0.078
433 3004 0 3004 998.220 990.321 7.899 2.017 0.077
434 3004 0 3004 1002.786 995.125 7.661 2.017 0.077
435 3004 0 3004 1006.191 997.303 8.888 1.967 0.076
436 3004 0 3004 1009.052 1000.700 8.352 1.917 0.075
437 3004 0 3004 1011.854 1000.700 11.154 1.900 0.075
438 3004 0 3004 1010.990 1004.189 6.801 1.850 0.074
439 3004 0 3004 1006.930 1004.189 2.741 1.817 0.073
440 3004 0 3004 998.259 995.808 2.451 1.750 0.073
441 3004 0 3004 989.023 985.589 3.434 1.667 0.072
442 3004 0 3004 975.754 975.743 0.011 1.617 0.071
443 2979 0 2979 959.085 959.285 0.200 1.600 0.070
444 2979 0 2979 945.090 946.000 0.910 1.600 0.069
445 2803 0 2803 929.054 935.125 6.070 1.633 0.069
446 2803 0 2803 915.811 922.748 6.937 1.633 0.068
447 2469 0 2469 899.097 908.397 9.300 1.683 0.067
448 1915 0 1915 879.707 891.201 11.494 1.750 0.067
449 1671 0 1671 865.310 877.543 12.233 1.783 0.066
450 1671 0 1671 851.484 858.647 7.163 1.800 0.066
451 1671 0 1671 840.032 854.356 14.324 1.800 0.065
452 1671 0 1671 824.171 838.975 14.804 1.833 0.065
453 1671 0 1671 806.337 820.146 13.809 1.850 0.065
454 1671 0 1671 786.848 799.792 12.945 1.833 0.065
455 1671 0 1671 765.521 779.381 13.860 1.850 0.065
456 1671 0 1671 742.249 756.908 14.659 1.867 0.066
457 1671 0 1671 721.667 737.685 16.018 1.867 0.066
458 1671 0 1671 699.840 710.916 11.076 1.883 0.066
459 1328 0 1328 674.889 691.231 16.342 1.900 0.067
460 1328 0 1328 649.981 664.377 14.396 1.900 0.068
461 1328 0 1328 622.938 636.440 13.502 1.900 0.069
462 1328 0 1328 596.891 610.328 13.437 1.900 0.070
463 1328 0 1328 572.674 584.771 12.097 1.900 0.071
464 1301 0 1301 550.534 560.456 9.922 1.917 0.071
465 1301 0 1301 527.122 537.920 10.798 1.933 0.072
466 1301 0 1301 502.934 511.841 8.907 1.950 0.073
467 1301 0 1301 478.348 491.197 12.848 1.950 0.074
468 1301 0 1301 452.999 461.145 8.146 1.967 0.075
469 1301 0 1301 429.108 441.748 12.639 1.967 0.076
470 1301 0 1301 407.108 418.806 11.698 1.967 0.077
471 1301 0 1301 386.469 397.533 11.063 1.983 0.078
472 1301 0 1301 366.235 379.343 13.108 2.000 0.079
473 1301 0 1301 347.522 360.175 12.652 2.017 0.079
474 1301 0 1301 329.406 341.413 12.007 2.033 0.080
475 1301 0 1301 312.374 324.959 12.585 2.033 0.081
476 1301 0 1301 295.735 309.991 14.255 2.050 0.081
477 1301 0 1301 279.782 289.797 10.015 2.050 0.081
478 1301 0 1301 265.773 277.508 11.735 2.067 0.082
479 1301 0 1301 249.646 265.093 15.447 2.067 0.082
480 1301 0 1301 236.432 249.666 13.234 2.100 0.083
481 1301 0 1301 224.222 238.352 14.129 2.083 0.083
482 1301 0 1301 212.213 227.284 15.071 2.083 0.083
483 1301 0 1301 199.890 216.968 17.078 2.117 0.084
484 1301 0 1301 189.918 207.612 17.694 2.133 0.084
485 1301 0 1301 179.677 195.467 15.790 2.150 0.084
486 1301 0 1301 170.214 182.645 12.431 2.150 0.084
487 1301 0 1301 160.658 174.173 13.515 2.167 0.084
488 1301 0 1301 151.209 166.879 15.670 2.200 0.084
489 1301 0 1301 142.349 155.762 13.414 2.217 0.084
490 1301 0 1301 132.367 146.576 14.209 2.200 0.084
491 1301 0 1301 127.290 143.645 16.355 2.200 0.084
492 1301 0 1301 120.520 132.912 12.391 2.183 0.084
493 949 0 949 112.638 126.512 13.874 2.200 0.084
494 949 0 949 105.430 115.634 10.204 2.167 0.083
495 949 0 949 99.148 112.900 13.753 2.167 0.083
496 949 0 949 92.405 105.871 13.466 2.167 0.083
497 942 0 942 85.365 98.443 13.078 2.150 0.083
498 942 0 942 78.312 92.428 14.115 2.167 0.083
499 942 0 942 72.389 83.564 11.175 2.150 0.083
500 942 0 942 67.989 77.632 9.643 2.050 0.083
501 942 0 942 62.939 76.263 13.324 1.983 0.083
502 942 0 942 57.218 70.290 13.072 1.883 0.082
503 942 0 942 51.629 64.151 12.521 1.717 0.082
504 813 0 813 45.936 61.902 15.966 1.633 0.082
505 631 0 631 41.288 55.234 13.947 1.517 0.081
506 585 0 585 37.310 49.155 11.845 1.417 0.081
507 585 0 585 32.735 48.457 15.722 1.367 0.080
508 552 0 552 28.221 41.038 12.817 1.367 0.080
509 552 0 552 24.304 37.893 13.589 1.350 0.079
510 552 0 552 20.638 32.852 12.214 1.317 0.079
511 552 0 552 18.144 28.804 10.659 1.317 0.078
512 552 0 552 15.067 27.350 12.282 1.300 0.077
513 552 0 552 12.289 25.002 12.713 1.267 0.076
514 552 0 552 9.668 24.243 14.575 1.250 0.075
515 552 0 552 7.495 21.878 14.384 1.217 0.073
516 552 0 552 5.665 19.107 13.443 1.200 0.072
517 552 0 552 4.493 16.839 12.346 1.167 0.070
518 552 0 552 3.808 14.212 10.404 1.117 0.068
519 552 0 552 3.378 14.212 10.834 1.083 0.066
520 552 0 552 3.013 14.212 11.199 1.033 0.064
521 552 0 552 2.780 14.212 11.432 0.983 0.061
522 552 0 552 2.701 14.212 11.511 0.983 0.059
523 552 0 552 2.613 14.212 11.599 0.983 0.056
524 552 0 552 2.596 14.212 11.616 0.967 0.054
525 552 0 552 2.580 14.212 11.632 0.950 0.052
526 552 0 552 2.657 14.212 11.555 0.933 0.049
527 552 0 552 2.715 14.212 11.497 0.933 0.047
528 552 0 552 2.762 14.212 11.450 0.917 0.044
529 552 0 552 2.843 14.212 11.369 0.917 0.042
530 552 0 552 2.999 14.212 11.213 0.917 0.040
531 552 0 552 3.225 14.212 10.987 0.900 0.037
532 552 0 552 3.689 14.210 10.521 0.883 0.035
533 552 0 552 4.339 14.212 9.873 0.867 0.034
534 552 0 552 5.351 14.212 8.861 0.850 0.032
535 552 0 552 6.703 14.214 7.511 0.833 0.030
536 552 0 552 9.019 14.214 5.195 0.817 0.029
537 552 0 552 11.578 14.214 2.636 0.800 0.027
538 552 0 552 14.701 14.264 0.438 0.783 0.027
539 552 0 552 18.701 14.264 4.438 0.783 0.025
540 552 0 552 23.643 14.264 9.380 0.767 0.025
541 552 0 552 29.475 15.073 14.403 0.767 0.024
542 552 0 552 35.805 22.651 13.154 0.750 0.024
543 552 0 552 42.173 28.337 13.836 0.733 0.024
544 552 0 552 50.502 38.497 12.005 0.733 0.024
545 586 0 586 59.463 44.456 15.007 0.733 0.024
546 647 0 647 70.176 51.816 18.360 0.717 0.024
547 647 0 647 78.748 63.736 15.013 0.683 0.024
548 748 0 748 90.595 74.972 15.623 0.717 0.024
549 748 0 748 101.146 84.845 16.301 0.683 0.025
550 926 0 926 114.567 95.776 18.791 0.700 0.025
551 956 0 956 126.887 107.667 19.220 0.733 0.026
552 1013 0 1013 139.735 123.770 15.965 0.733 0.026
553 1046 0 1046 157.567 143.460 14.107 0.767 0.027
554 1046 0 1046 173.782 157.941 15.841 0.783 0.027
555 1377 0 1377 187.117 169.765 17.351 0.800 0.028
556 1452 0 1452 205.433 186.580 18.853 0.800 0.029
557 1711 0 1711 224.885 209.926 14.960 0.817 0.029
558 1889 0 1889 245.135 230.091 15.044 0.833 0.030
559 2169 0 2169 268.189 251.704 16.485 0.917 0.031
560 2332 0 2332 290.590 274.463 16.127 1.050 0.032
561 2358 0 2358 313.163 295.205 17.958 1.167 0.033
562 2576 0 2576 340.191 323.820 16.371 1.300 0.034
563 2582 0 2582 364.522 346.460 18.062 1.417 0.035
564 2582 0 2582 391.282 374.841 16.441 1.550 0.036
565 2582 0 2582 412.672 393.531 19.141 1.617 0.037
566 2582 0 2582 435.564 416.888 18.676 1.717 0.038
567 2582 0 2582 454.962 441.248 13.714 1.733 0.039
568 2582 0 2582 470.065 453.107 16.958 1.733 0.040
569 2582 0 2582 486.196 468.570 17.626 1.750 0.041
570 2582 0 2582 501.804 486.670 15.134 1.750 0.042
571 2582 0 2582 518.753 501.535 17.218 1.750 0.043
572 2582 0 2582 536.232 524.224 12.008 1.767 0.045
573 2582 0 2582 550.597 532.932 17.665 1.783 0.046
574 2582 0 2582 564.460 549.215 15.245 1.800 0.047
575 2582 0 2582 578.208 562.813 15.395 1.783 0.048
576 2582 0 2582 593.379 579.347 14.033 1.783 0.050
577 2582 0 2582 607.619 592.799 14.821 1.783 0.051
578 2582 0 2582 621.463 605.999 15.464 1.783 0.053
579 2582 0 2582 634.786 617.658 17.128 1.783 0.054
580 2582 0 2582 647.341 633.968 13.373 1.783 0.056
581 2582 0 2582 659.652 645.148 14.504 1.783 0.058
582 2582 0 2582 671.215 657.280 13.935 1.783 0.059
583 2582 0 2582 682.080 667.704 14.375 1.783 0.061
584 2582 0 2582 693.416 677.431 15.984 1.783 0.062
585 2582 0 2582 705.353 690.605 14.748 1.783 0.064
586 2582 0 2582 716.498 699.971 16.528 1.783 0.065
587 2582 0 2582 729.036 717.358 11.678 1.783 0.067
588 2582 0 2582 740.924 726.671 14.253 1.783 0.068
589 2582 0 2582 752.759 737.960 14.799 1.783 0.070
590 2582 0 2582 764.198 747.928 16.270 1.783 0.071
591 2582 0 2582 774.522 761.054 13.469 1.783 0.072
592 2582 0 2582 785.701 771.132 14.569 1.783 0.074
593 2582 0 2582 796.333 782.233 14.100 1.783 0.075
594 2582 0 2582 806.349 789.147 17.202 1.783 0.076
595 2582 0 2582 815.850 800.411 15.439 1.783 0.077
596 2582 0 2582 827.262 816.327 10.935 1.800 0.078
597 2582 0 2582 836.450 826.234 10.216 1.800 0.079
598 2582 0 2582 846.275 835.527 10.748 1.817 0.079
599 2582 0 2582 855.496 844.277 11.219 1.833 0.080
600 2582 0 2582 865.724 852.856 12.868 1.817 0.080
601 2582 0 2582 876.053 866.268 9.785 1.833 0.080
602 2582 0 2582 885.489 872.197 13.292 1.850 0.080
603 2582 0 2582 893.559 883.578 9.980 1.850 0.080
604 2582 0 2582 902.891 891.280 11.610 1.850 0.080
605 2582 0 2582 911.103 899.880 11.223 1.850 0.080
606 2582 0 2582 920.201 910.910 9.291 1.850 0.080
607 2582 0 2582 926.423 916.389 10.034 1.850 0.080
608 2582 0 2582 933.029 923.053 9.976 1.850 0.080
609 2582 0 2582 938.950 929.265 9.685 1.850 0.080
610 2582 0 2582 944.416 934.841 9.575 1.850 0.079
611 2582 0 2582 949.597 940.306 9.291 1.833 0.079
612 2582 0 2582 954.433 943.065 11.368 1.850 0.078
613 2582 0 2582 960.308 952.222 8.085 1.800 0.078
614 2582 0 2582 963.471 954.511 8.960 1.767 0.077
615 2582 0 2582 964.355 956.853 7.502 1.717 0.077
616 2582 0 2582 966.075 956.853 9.222 1.650 0.076
617 2582 0 2582 964.735 960.543 4.192 1.583 0.075
618 2582 0 2582 964.834 956.997 7.837 1.567 0.075
619 2582 0 2582 961.958 955.790 6.168 1.533 0.074
620 2582 0 2582 956.919 953.423 3.497 1.467 0.073
621 2582 0 2582 951.213 950.123 1.090 1.417 0.072
622 2582 0 2582 943.038 944.281 1.243 1.383 0.071
623 2475 0 2475 934.011 937.142 3.131 1.367 0.070
624 2419 0 2419 921.483 927.518 6.035 1.367 0.070
625 2255 0 2255 911.933 916.959 5.026 1.367 0.069
626 1506 0 1506 899.724 908.095 8.371 1.400 0.068
627 1415 0 1415 888.228 896.107 7.879 1.433 0.068
628 1415 0 1415 879.307 889.287 9.979 1.450 0.067
629 1415 0 1415 870.152 880.518 10.365 1.450 0.067
630 1415 0 1415 858.663 869.806 11.142 1.467 0.066
631 1415 0 1415 842.151 858.902 16.751 1.500 0.066
632 1408 0 1408 826.932 840.487 13.556 1.500 0.065
633 1408 0 1408 809.247 823.357 14.110 1.500 0.065
634 1408 0 1408 790.926 803.540 12.614 1.517 0.065
635 1408 0 1408 769.037 781.900 12.864 1.533 0.066
636 1408 0 1408 745.757 759.415 13.659 1.550 0.066
637 1408 0 1408 723.890 733.314 9.424 1.583 0.066
638 1408 0 1408 699.007 711.400 12.393 1.583 0.067
639 1408 0 1408 673.670 687.355 13.685 1.600 0.068
640 1408 0 1408 650.672 661.451 10.779 1.617 0.068
641 1408 0 1408 623.913 638.216 14.303 1.617 0.069
642 1408 0 1408 597.441 610.970 13.529 1.633 0.070
643 1408 0 1408 576.160 589.366 13.206 1.650 0.071
644 1408 0 1408 553.597 564.239 10.642 1.650 0.071
645 1408 0 1408 527.013 538.314 11.302 1.683 0.072
646 1361 0 1361 499.851 514.023 14.172 1.683 0.073
647 1361 0 1361 473.838 486.815 12.977 1.683 0.074
648 1329 0 1329 450.128 464.889 14.760 1.683 0.075
649 1329 0 1329 428.890 439.085 10.195 1.700 0.076
650 1329 0 1329 405.412 417.075 11.662 1.700 0.077
651 1281 0 1281 384.698 398.672 13.974 1.700 0.078
652 1281 0 1281 364.549 379.783 15.234 1.717 0.078
653 1281 0 1281 343.818 356.106 12.287 1.717 0.079
654 1281 0 1281 326.086 340.878 14.791 1.733 0.080
655 1281 0 1281 310.605 324.424 13.819 1.733 0.080
656 1281 0 1281 293.659 308.006 14.347 1.750 0.080
657 1281 0 1281 278.555 296.463 17.908 1.767 0.081
658 1281 0 1281 263.655 278.051 14.395 1.767 0.081
659 1192 0 1192 250.116 264.696 14.579 1.767 0.082
660 1192 0 1192 234.591 250.732 16.141 1.783 0.082
661 1192 0 1192 221.071 235.539 14.468 1.800 0.082
662 1192 0 1192 210.337 226.160 15.823 1.800 0.082
663 1159 0 1159 198.637 215.397 16.761 1.817 0.082
664 1121 0 1121 187.792 201.435 13.643 1.833 0.082
665 1121 0 1121 178.520 194.233 15.713 1.850 0.082
666 1121 0 1121 169.001 187.830 18.829 1.867 0.082
667 1119 0 1119 158.632 173.234 14.602 1.883 0.082
668 1119 0 1119 149.469 166.029 16.560 1.850 0.082
669 1119 0 1119 140.890 155.777 14.887 1.867 0.082
670 1119 0 1119 131.295 146.965 15.670 1.883 0.082
671 962 0 962 122.644 136.224 13.580 1.933 0.082
672 859 0 859 115.548 135.254 19.706 1.933 0.082
673 836 0 836 109.314 125.615 16.300 1.933 0.082
674 836 0 836 100.909 115.354 14.446 1.950 0.082
675 836 0 836 94.522 112.157 17.635 1.983 0.082
676 836 0 836 87.571 100.099 12.528 2.000 0.082
677 781 0 781 81.562 97.826 16.264 1.983 0.082
678 729 0 729 75.592 86.655 11.063 1.967 0.082
679 726 0 726 69.612 83.493 13.881 1.900 0.082
680 703 0 703 63.224 74.088 10.864 1.850 0.082
681 703 0 703 58.152 73.401 15.249 1.783 0.081
682 665 0 665 52.591 65.916 13.325 1.700 0.081
683 656 0 656 48.013 61.953 13.940 1.600 0.081
684 656 0 656 43.283 53.357 10.074 1.450 0.081
685 656 0 656 38.746 52.102 13.356 1.400 0.080
686 656 0 656 34.305 48.132 13.826 1.400 0.080
687 656 0 656 29.499 39.557 10.058 1.400 0.080
688 484 0 484 25.994 37.339 11.345 1.400 0.079
689 484 0 484 22.963 37.339 14.376 1.400 0.079
690 484 0 484 19.687 32.595 12.909 1.383 0.078
691 484 0 484 15.821 31.712 15.891 1.350 0.077
692 366 0 366 12.953 24.747 11.793 1.350 0.077
693 364 0 364 10.207 21.804 11.597 1.333 0.075
694 306 0 306 7.852 20.863 13.011 1.300 0.074
695 302 0 302 5.557 20.863 15.306 1.267 0.073
696 298 0 298 3.770 20.098 16.328 1.233 0.071
697 298 0 298 2.638 20.098 17.460 1.183 0.069
698 298 0 298 1.560 13.436 11.876 1.150 0.067
699 298 0 298 0.996 10.532 9.536 1.100 0.065
700 225 0 225 0.685 10.532 9.847 1.050 0.062
701 225 0 225 0.525 10.533 10.008 0.983 0.060
702 225 0 225 0.401 10.535 10.134 0.933 0.058
703 225 0 225 0.355 10.535 10.180 0.933 0.055
704 225 0 225 0.289 10.535 10.246 0.917 0.053
705 225 0 225 0.289 10.536 10.247 0.900 0.051
706 225 0 225 0.293 10.538 10.245 0.900 0.048
707 225 0 225 0.288 10.538 10.249 0.900 0.045
708 225 0 225 0.315 10.539 10.224 0.883 0.043
709 225 0 225 0.320 10.539 10.219 0.883 0.041
710 225 0 225 0.380 10.539 10.160 0.867 0.039
711 225 0 225 0.547 10.539 9.993 0.867 0.037
712 225 0 225 0.877 10.539 9.662 0.850 0.035
713 225 0 225 1.465 10.539 9.074 0.850 0.033
714 255 0 255 2.489 10.539 8.050 0.833 0.031
715 364 0 364 4.075 10.539 6.464 0.833 0.030
716 365 0 365 6.187 10.539 4.352 0.817 0.028
717 365 0 365 8.890 10.539 1.649 0.800 0.027
718 365 0 365 11.473 10.539 0.934 0.767 0.026
719 522 0 522 15.694 10.539 5.155 0.767 0.026
720 522 0 522 18.899 10.541 8.359 0.733 0.025
721 522 0 522 24.336 12.759 11.577 0.733 0.024
722 522 0 522 30.517 16.612 13.905 0.717 0.024
723 617 0 617 37.462 24.065 13.397 0.700 0.024
724 617 0 617 44.796 28.232 16.565 0.683 0.024
725 617 0 617 53.279 39.675 13.604 0.667 0.024
726 716 0 716 64.092 47.484 16.607 0.650 0.024
727 716 0 716 73.298 55.877 17.421 0.650 0.024
728 841 0 841 83.574 69.607 13.967 0.650 0.024
729 1038 0 1038 96.676 83.691 12.985 0.650 0.024
730 1038 0 1038 110.037 95.226 14.811 0.667 0.025
731 1038 0 1038 123.602 106.353 17.248 0.650 0.025
732 1038 0 1038 136.265 122.192 14.073 0.650 0.026
733 1180 0 1180 151.473 134.204 17.269 0.683 0.026
734 1559 0 1559 168.077 151.719 16.358 0.733 0.027
735 1628 0 1628 189.414 170.456 18.958 0.817 0.028
736 1628 0 1628 210.142 192.419 17.723 0.900 0.028
737 1638 0 1638 229.524 213.152 16.372 0.967 0.029
738 1638 0 1638 252.491 234.570 17.921 1.017 0.030
739 1638 0 1638 272.518 257.064 15.454 1.100 0.031
740 1670 0 1670 293.225 279.620 13.605 1.150 0.031
741 1670 0 1670 316.382 298.253 18.129 1.217 0.032
742 1670 0 1670 338.867 322.664 16.203 1.267 0.033
743 1670 0 1670 358.252 341.492 16.761 1.300 0.034
744 1958 0 1958 378.611 366.130 12.480 1.367 0.035
745 2323 0 2323 402.162 383.281 18.881 1.383 0.036
746 2776 0 2776 423.518 408.755 14.762 1.400 0.037
747 2791 0 2791 449.463 435.802 13.661 1.450 0.038
748 3025 0 3025 472.941 459.683 13.259 1.600 0.039
749 3025 0 3025 494.588 479.976 14.612 1.667 0.041
750 3025 0 3025 511.296 497.637 13.659 1.667 0.042
751 3025 0 3025 527.651 512.368 15.283 1.667 0.043
752 3025 0 3025 541.596 528.130 13.467 1.667 0.044
753 3025 0 3025 556.230 543.170 13.060 1.667 0.045
754 3025 0 3025 572.471 559.430 13.041 1.667 0.047
755 3025 0 3025 585.710 567.549 18.162 1.667 0.048
756 3025 0 3025 597.976 580.855 17.121 1.667 0.049
757 3025 0 3025 612.268 596.532 15.736 1.667 0.050
758 3025 0 3025 624.486 610.883 13.603 1.667 0.052
759 3025 0 3025 636.691 622.330 14.361 1.683 0.053
760 3025 0 3025 649.095 637.836 11.259 1.683 0.054
761 3025 0 3025 661.435 649.669 11.766 1.683 0.056
762 3025 0 3025 672.669 659.387 13.281 1.683 0.057
763 3025 0 3025 685.928 677.253 8.675 1.700 0.059
764 3025 0 3025 699.542 686.034 13.509 1.700 0.060
765 3025 0 3025 711.462 701.359 10.103 1.700 0.062
766 3025 0 3025 723.178 709.841 13.337 1.700 0.063
767 3025 0 3025 736.534 725.728 10.806 1.700 0.065
768 3025 0 3025 746.988 737.325 9.663 1.700 0.066
769 3025 0 3025 757.201 741.961 15.240 1.700 0.068
770 3025 0 3025 769.505 756.198 13.307 1.700 0.069
771 3025 0 3025 782.153 767.785 14.369 1.700 0.071
772 3025 0 3025 792.225 782.525 9.700 1.717 0.072
773 3025 0 3025 802.477 792.107 10.370 1.717 0.073
774 3025 0 3025 813.284 803.572 9.712 1.717 0.074
775 3025 0 3025 823.768 813.880 9.888 1.733 0.075
776 3025 0 3025 834.223 819.953 14.270 1.750 0.076
777 3025 0 3025 845.360 832.091 13.270 1.750 0.077
778 3025 0 3025 853.404 844.734 8.671 1.750 0.077
779 3025 0 3025 863.849 850.377 13.472 1.750 0.078
780 3025 0 3025 870.930 858.023 12.907 1.783 0.078
781 3025 0 3025 880.530 868.924 11.606 1.783 0.078
782 3025 0 3025 889.893 879.681 10.212 1.800 0.079
783 3025 0 3025 898.801 888.802 9.999 1.783 0.079
784 3025 0 3025 906.799 898.534 8.265 1.800 0.079
785 3025 0 3025 914.970 904.794 10.176 1.800 0.079
786 3025 0 3025 924.688 911.939 12.749 1.783 0.078
787 3025 0 3025 931.857 921.632 10.225 1.783 0.078
788 3025 0 3025 937.888 931.673 6.215 1.783 0.078
789 3025 0 3025 945.150 934.099 11.050 1.767 0.078
790 3025 0 3025 952.257 942.529 9.728 1.767 0.077
791 3025 0 3025 958.502 949.353 9.149 1.767 0.077
792 3025 0 3025 962.723 954.238 8.485 1.750 0.077
793 3025 0 3025 965.956 956.899 9.057 1.700 0.076
794 3025 0 3025 968.213 956.899 11.314 1.683 0.075
795 3025 0 3025 969.754 961.343 8.411 1.617 0.075
796 3025 0 3025 969.164 965.472 3.691 1.533 0.074
797 3025 0 3025 969.665 962.197 7.468 1.483 0.073
798 3025 0 3025 968.036 963.501 4.535 1.417 0.073
799 3025 0 3025 965.032 960.071 4.961 1.333 0.072
800 3025 0 3025 961.614 960.071 1.543 1.267 0.071
801 3025 0 3025 956.983 957.096 0.113 1.217 0.071
802 3025 0 3025 951.347 949.715 1.632 1.167 0.070
803 3025 0 3025 946.358 949.715 3.356 1.117 0.069
804 3025 0 3025 938.601 943.294 4.693 1.133 0.068
805 3025 0 3025 925.329 935.842 10.514 1.133 0.068
806 3025 0 3025 915.175 925.074 9.899 1.133 0.067
807 3025 0 3025 896.274 903.289 7.015 1.150 0.067
808 2468 0 2468 880.579 890.708 10.129 1.167 0.066
809 1382 0 1382 863.811 877.383 13.572 1.200 0.065
810 1382 0 1382 849.896 861.586 11.690 1.200 0.065
811 1382 0 1382 835.785 853.213 17.428 1.217 0.064
812 1382 0 1382 820.339 834.098 13.759 1.233 0.064
813 1382 0 1382 802.840 817.676 14.835 1.250 0.064
814 1382 0 1382 783.611 797.715 14.104 1.267 0.064
815 1382 0 1382 764.385 776.173 11.788 1.283 0.064
816 1382 0 1382 743.810 760.044 16.234 1.300 0.065
817 1382 0 1382 722.344 735.964 13.620 1.333 0.065
818 1382 0 1382 697.872 707.295 9.423 1.350 0.066
819 1382 0 1382 674.757 685.117 10.360 1.350 0.067
820 1382 0 1382 650.341 659.940 9.600 1.367 0.067
821 1382 0 1382 622.294 633.173 10.879 1.367 0.068
822 1382 0 1382 599.649 611.183 11.535 1.383 0.069
823 1382 0 1382 573.020 583.898 10.878 1.367 0.070
824 1350 0 1350 546.941 556.966 10.025 1.383 0.071
825 1350 0 1350 523.163 532.562 9.399 1.383 0.072
826 1350 0 1350 497.072 508.380 11.308 1.383 0.073
827 1350 0 1350 470.827 480.756 9.928 1.400 0.074
828 1350 0 1350 449.459 460.674 11.215 1.417 0.074
829 1350 0 1350 425.053 438.092 13.039 1.417 0.075
830 1350 0 1350 404.938 417.746 12.807 1.433 0.076
831 1350 0 1350 384.611 397.686 13.075 1.450 0.076
832 1350 0 1350 366.962 379.049 12.087 1.450 0.077
833 1350 0 1350 343.815 354.512 10.697 1.450 0.078
834 1350 0 1350 322.492 333.904 11.412 1.467 0.079
835 1350 0 1350 305.703 318.410 12.707 1.467 0.080
836 1257 0 1257 286.565 297.472 10.908 1.450 0.080
837 1257 0 1257 268.503 283.254 14.752 1.467 0.081
838 1257 0 1257 253.407 267.446 14.039 1.500 0.081
839 1257 0 1257 240.324 252.587 12.262 1.517 0.081
840 1148 0 1148 226.584 241.136 14.552 1.517 0.082
841 1148 0 1148 214.286 230.984 16.698 1.550 0.082
842 1148 0 1148 202.986 219.797 16.811 1.550 0.082
843 1148 0 1148 190.897 206.776 15.880 1.567 0.082
844 1064 0 1064 180.922 194.317 13.396 1.583 0.082
845 1014 0 1014 171.595 188.912 17.317 1.583 0.082
846 998 0 998 162.263 177.345 15.082 1.600 0.082
847 998 0 998 152.745 168.198 15.453 1.617 0.082
848 981 0 981 143.750 158.079 14.329 1.617 0.082
849 919 0 919 135.669 153.942 18.273 1.633 0.082
850 919 0 919 127.653 143.449 15.796 1.650 0.082
851 889 0 889 119.752 137.379 17.627 1.650 0.082
852 880 0 880 113.475 131.501 18.026 1.650 0.082
853 880 0 880 105.432 120.454 15.021 1.683 0.082
854 860 0 860 99.387 110.722 11.336 1.717 0.082
855 860 0 860 92.581 108.080 15.499 1.733 0.082
856 860 0 860 86.985 101.185 14.200 1.767 0.082
857 824 0 824 81.620 92.099 10.480 1.783 0.082
858 824 0 824 75.141 89.560 14.418 1.783 0.082
859 824 0 824 69.288 80.592 11.305 1.800 0.081
860 824 0 824 64.667 77.253 12.585 1.800 0.081
861 802 0 802 59.818 76.316 16.497 1.767 0.081
862 787 0 787 53.788 67.488 13.701 1.767 0.081
863 787 0 787 49.430 60.795 11.365 1.767 0.081
864 715 0 715 44.323 56.271 11.948 1.733 0.081
865 715 0 715 38.830 51.497 12.667 1.650 0.080
866 680 0 680 34.339 44.541 10.203 1.567 0.080
867 680 0 680 29.011 43.104 14.093 1.417 0.080
868 560 0 560 25.164 35.788 10.624 1.383 0.079
869 560 0 560 21.024 32.922 11.898 1.367 0.078
870 560 0 560 17.368 30.081 12.712 1.350 0.078
871 419 0 419 14.103 25.351 11.248 1.350 0.077
872 415 0 415 11.225 24.655 13.430 1.317 0.076
873 415 0 415 8.501 22.137 13.636 1.300 0.075
874 280 0 280 6.111 19.449 13.338 1.267 0.074
875 274 0 274 4.259 18.099 13.841 1.233 0.072
876 274 0 274 2.838 15.567 12.728 1.200 0.071
877 262 0 262 1.882 15.549 13.667 1.150 0.069
878 262 0 262 1.185 15.549 14.363 1.083 0.067
879 262 0 262 0.795 15.549 14.754 1.050 0.065
880 188 0 188 0.550 15.551 15.001 1.017 0.063
881 188 0 188 0.361 15.549 15.188 0.983 0.060
882 152 0 152 0.227 15.549 15.322 0.983 0.058
883 152 0 152 0.187 15.549 15.361 0.967 0.055
884 152 0 152 0.192 15.549 15.356 0.950 0.053
885 152 0 152 0.174 15.549 15.374 0.950 0.050
886 152 0 152 0.173 15.549 15.376 0.933 0.048
887 216 0 216 0.221 15.547 15.326 0.933 0.045
888 216 0 216 0.258 15.547 15.289 0.933 0.043
889 216 0 216 0.306 15.547 15.241 0.917 0.041
890 216 0 216 0.371 15.549 15.178 0.917 0.039
891 295 0 295 0.561 15.549 14.988 0.900 0.037
892 295 0 295 0.902 15.549 14.647 0.900 0.035
893 295 0 295 1.484 15.551 14.067 0.867 0.033
894 295 0 295 2.395 15.551 13.156 0.867 0.031
895 358 0 358 3.946 15.551 11.605 0.850 0.030
896 574 0 574 5.993 15.551 9.558 0.817 0.028
897 574 0 574 8.392 15.551 7.159 0.817 0.026
898 574 0 574 11.641 15.551 3.909 0.783 0.025
899 574 0 574 15.729 15.551 0.178 0.767 0.025
900 574 0 574 21.019 15.551 5.468 0.750 0.024
901 574 0 574 26.422 15.551 10.871 0.717 0.024
902 576 0 576 32.642 20.473 12.170 0.700 0.024
903 576 0 576 38.988 23.647 15.341 0.683 0.023
904 625 0 625 47.430 32.333 15.096 0.667 0.023
905 625 0 625 55.288 41.701 13.587 0.667 0.023
906 625 0 625 63.157 48.701 14.456 0.633 0.023
907 779 0 779 73.962 56.684 17.277 0.633 0.023
908 947 0 947 86.098 70.282 15.816 0.633 0.024
909 947 0 947 98.703 81.333 17.371 0.633 0.024
910 947 0 947 113.441 98.335 15.107 0.667 0.025
911 947 0 947 126.992 111.964 15.028 0.650 0.025
912 947 0 947 139.895 125.703 14.192 0.667 0.026
913 947 0 947 155.630 140.043 15.587 0.683 0.026
914 1110 0 1110 173.254 160.272 12.982 0.700 0.027
915 1312 0 1312 192.232 179.088 13.144 0.750 0.028
916 1312 0 1312 211.654 196.647 15.007 0.783 0.028
917 1312 0 1312 228.460 213.867 14.593 0.833 0.029
918 1312 0 1312 244.657 232.128 12.529 0.850 0.030
919 1459 0 1459 267.642 250.523 17.119 0.917 0.030
920 1459 0 1459 287.234 270.608 16.626 0.967 0.031
921 1787 0 1787 308.476 295.018 13.458 1.017 0.032
922 1989 0 1989 330.718 317.233 13.485 1.117 0.033
923 1992 0 1992 354.473 338.242 16.231 1.183 0.034
924 1992 0 1992 373.746 360.556 13.190 1.233 0.035
925 1992 0 1992 391.036 378.604 12.432 1.267 0.036
926 1992 0 1992 409.269 397.256 12.013 1.250 0.037
927 1992 0 1992 425.895 411.414 14.481 1.267 0.038
928 1992 0 1992 443.372 431.480 11.892 1.283 0.039
929 1992 0 1992 461.433 448.521 12.911 1.317 0.040
930 1992 0 1992 479.182 464.774 14.408 1.317 0.041
931 1992 0 1992 495.559 479.540 16.018 1.333 0.042
932 1992 0 1992 511.049 501.314 9.736 1.350 0.044
933 1992 0 1992 528.260 517.171 11.089 1.350 0.045
934 1992 0 1992 543.010 525.789 17.221 1.367 0.046
935 1992 0 1992 558.542 546.724 11.818 1.367 0.048
936 1992 0 1992 574.183 560.261 13.921 1.367 0.049
937 1992 0 1992 588.164 577.782 10.381 1.383 0.051
938 1992 0 1992 602.038 590.159 11.879 1.383 0.052
939 1992 0 1992 615.249 604.727 10.522 1.383 0.054
940 1992 0 1992 628.162 617.204 10.958 1.383 0.055
941 1992 0 1992 639.495 626.274 13.221 1.383 0.057
942 1992 0 1992 650.877 636.261 14.616 1.383 0.058
943 1992 0 1992 664.427 654.583 9.843 1.400 0.060
944 1992 0 1992 675.264 661.965 13.299 1.400 0.061
945 1992 0 1992 687.660 673.470 14.191 1.400 0.063
946 1992 0 1992 698.961 684.861 14.100 1.400 0.064
947 1992 0 1992 709.754 697.016 12.738 1.400 0.065
948 1992 0 1992 720.628 706.476 14.152 1.400 0.067
949 1992 0 1992 731.670 719.260 12.410 1.400 0.068
950 1992 0 1992 740.870 728.319 12.551 1.417 0.069
951 1992 0 1992 749.874 733.193 16.681 1.417 0.070
952 1992 0 1992 761.521 749.409 12.113 1.417 0.071
953 1992 0 1992 772.825 757.642 15.183 1.417 0.073
954 1992 0 1992 782.745 769.771 12.973 1.433 0.074
955 1992 0 1992 792.020 777.093 14.927 1.433 0.075
956 1992 0 1992 802.146 788.903 13.243 1.450 0.075
957 1992 0 1992 811.025 797.133 13.892 1.450 0.076
958 1992 0 1992 821.087 807.725 13.362 1.467 0.077
959 1992 0 1992 830.983 816.839 14.145 1.467 0.077
960 1992 0 1992 841.471 828.564 12.907 1.483 0.078
961 1992 0 1992 851.186 839.147 12.039 1.500 0.078
962 1992 0 1992 860.335 849.655 10.680 1.500 0.078
963 1992 0 1992 868.607 861.163 7.443 1.500 0.078
964 1992 0 1992 878.165 863.956 14.209 1.500 0.078
965 1992 0 1992 885.961 876.464 9.497 1.483 0.078
966 1992 0 1992 891.973 881.902 10.071 1.483 0.078
967 1992 0 1992 899.505 887.025 12.480 1.483 0.078
968 1992 0 1992 906.458 896.934 9.524 1.450 0.078
969 1992 0 1992 912.814 900.976 11.838 1.450 0.077
970 1992 0 1992 918.738 909.746 8.992 1.400 0.077
971 1992 0 1992 923.818 910.931 12.887 1.383 0.076
972 1992 0 1992 928.593 920.273 8.320 1.367 0.076
973 1992 0 1992 932.964 923.165 9.799 1.333 0.076
974 1992 0 1992 936.311 926.196 10.115 1.283 0.075
975 1992 0 1992 936.831 926.196 10.635 1.217 0.074
976 1992 0 1992 937.465 929.216 8.250 1.217 0.074
977 1992 0 1992 938.101 934.203 3.898 1.217 0.073
978 1992 0 1992 937.330 934.203 3.127 1.183 0.073
979 1992 0 1992 934.905 934.203 0.703 1.167 0.072
980 1992 0 1992 932.791 934.203 1.412 1.150 0.071
981 1992 0 1992 929.518 927.946 1.572 1.117 0.070
982 1992 0 1992 923.488 925.350 1.863 1.083 0.069
983 1594 0 1594 917.124 920.283 3.160 1.067 0.068
984 1594 0 1594 909.840 917.397 7.557 1.050 0.067
985 1594 0 1594 905.701 911.899 6.197 1.017 0.067
986 1594 0 1594 898.363 909.439 11.075 1.000 0.066
987 1594 0 1594 890.626 900.713 10.087 1.000 0.065
988 1594 0 1594 880.764 890.738 9.974 0.983 0.064
989 1594 0 1594 866.919 878.646 11.727 0.983 0.064
990 1499 0 1499 853.663 863.733 10.070 0.967 0.064
991 1499 0 1499 839.864 852.062 12.198 0.950 0.063
992 1499 0 1499 822.727 835.662 12.935 0.950 0.063
993 1499 0 1499 806.678 821.007 14.329 0.933 0.062
994 1499 0 1499 790.521 806.105 15.584 0.950 0.062
995 1499 0 1499 769.626 783.820 14.194 0.950 0.062
996 1499 0 1499 749.757 763.235 13.478 0.950 0.063
997 1499 0 1499 724.582 737.396 12.814 0.967 0.063
998 1499 0 1499 698.919 713.886 14.968 0.967 0.064
999 1499 0 1499 670.768 683.182 12.414 0.983 0.065
1000 1499 0 1499 644.752 655.687 10.935 1.017 0.065
1001 1499 0 1499 621.844 633.891 12.047 1.017 0.066
1002 1499 0 1499 595.485 603.453 7.969 1.033 0.068
1003 1499 0 1499 567.349 578.668 11.318 1.067 0.069
1004 1499 0 1499 543.839 550.564 6.725 1.083 0.069
1005 1499 0 1499 518.127 528.732 10.605 1.117 0.070
1006 1297 0 1297 495.280 507.201 11.921 1.117 0.071
1007 1297 0 1297 474.158 484.224 10.066 1.133 0.072
1008 1297 0 1297 451.511 466.208 14.697 1.150 0.073
1009 1297 0 1297 428.438 438.946 10.508 1.183 0.074
1010 1267 0 1267 409.308 418.162 8.854 1.200 0.075
1011 1267 0 1267 389.237 399.455 10.219 1.217 0.076
1012 1267 0 1267 368.961 382.586 13.625 1.217 0.077
1013 1267 0 1267 350.382 362.942 12.561 1.233 0.077
1014 1267 0 1267 334.595 349.521 14.926 1.233 0.078
1015 1237 0 1237 316.676 330.278 13.603 1.283 0.079
1016 1237 0 1237 297.361 310.456 13.095 1.267 0.079
1017 1237 0 1237 281.837 296.544 14.707 1.267 0.080
1018 1237 0 1237 264.804 280.163 15.359 1.300 0.080
1019 1237 0 1237 248.987 265.452 16.464 1.300 0.081
1020 1189 0 1189 235.123 249.964 14.841 1.283 0.081
1021 1189 0 1189 222.008 237.803 15.795 1.300 0.081
1022 1189 0 1189 209.842 225.186 15.344 1.317 0.081
1023 1189 0 1189 198.411 214.931 16.520 1.317 0.081
1024 1189 0 1189 187.325 202.587 15.263 1.317 0.081
1025 1189 0 1189 177.057 190.267 13.210 1.300 0.082
1026 1189 0 1189 166.564 184.565 18.001 1.317 0.082
1027 1189 0 1189 156.865 172.010 15.145 1.333 0.082
1028 1189 0 1189 148.627 166.046 17.419 1.317 0.082
1029 1189 0 1189 137.732 153.740 16.008 1.317 0.082
1030 1137 0 1137 129.792 143.634 13.842 1.317 0.082
1031 1137 0 1137 122.688 136.499 13.811 1.317 0.082
1032 1137 0 1137 115.642 132.756 17.114 1.317 0.082
1033 970 0 970 107.386 121.920 14.534 1.350 0.082
1034 970 0 970 99.832 112.285 12.453 1.383 0.082
1035 970 0 970 93.112 108.152 15.040 1.417 0.082
1036 892 0 892 85.569 100.937 15.368 1.450 0.082
1037 892 0 892 79.675 93.693 14.017 1.467 0.082
1038 892 0 892 73.098 87.398 14.300 1.483 0.082
1039 892 0 892 67.616 83.125 15.509 1.500 0.082
1040 736 0 736 62.314 80.355 18.041 1.500 0.082
1041 736 0 736 57.198 74.039 16.842 1.450 0.082
1042 736 0 736 51.897 63.127 11.229 1.383 0.082
1043 736 0 736 47.322 60.373 13.051 1.367 0.081
1044 736 0 736 41.471 55.449 13.979 1.367 0.081
1045 736 0 736 37.661 49.037 11.376 1.383 0.081
1046 736 0 736 33.400 45.586 12.186 1.383 0.081
1047 736 0 736 29.831 43.566 13.735 1.383 0.080
1048 736 0 736 25.784 37.388 11.604 1.367 0.080
1049 736 0 736 21.493 35.029 13.535 1.350 0.079
1050 736 0 736 17.863 31.476 13.612 1.333 0.079
1051 444 0 444 14.854 27.632 12.778 1.317 0.078
1052 444 0 444 11.653 26.747 15.094 1.283 0.077
1053 433 0 433 9.289 24.115 14.825 1.267 0.076
1054 433 0 433 7.320 19.724 12.405 1.250 0.075
1055 255 0 255 5.034 17.220 12.186 1.217 0.073
1056 255 0 255 3.645 17.220 13.576 1.183 0.072
1057 255 0 255 2.401 16.366 13.965 1.133 0.070
1058 255 0 255 1.533 16.366 14.833 1.100 0.067
1059 255 0 255 0.928 16.368 15.440 1.050 0.065
1060 233 0 233 0.518 16.368 15.850 1.000 0.063
1061 233 0 233 0.357 16.371 16.014 0.983 0.060
1062 233 0 233 0.274 16.371 16.097 0.983 0.058
1063 233 0 233 0.231 16.371 16.140 0.967 0.055
1064 233 0 233 0.216 16.371 16.154 0.950 0.053
1065 233 0 233 0.173 15.615 15.442 0.950 0.050
1066 233 0 233 0.182 15.615 15.433 0.950 0.048
1067 233 0 233 0.199 15.615 15.416 0.933 0.046
1068 233 0 233 0.207 15.613 15.406 0.933 0.043
1069 233 0 233 0.286 15.613 15.327 0.917 0.041
1070 272 0 272 0.443 15.613 15.170 0.917 0.039
1071 288 0 288 0.653 15.613 14.960 0.900 0.037
1072 288 0 288 1.015 15.613 14.598 0.883 0.035
1073 356 0 356 1.789 15.613 13.824 0.867 0.033
1074 356 0 356 2.785 15.613 12.828 0.867 0.032
1075 356 0 356 4.166 15.613 11.447 0.850 0.030
1076 356 0 356 6.066 15.622 9.556 0.833 0.029
1077 356 0 356 8.535 15.622 7.088 0.833 0.027
1078 418 0 418 11.659 15.622 3.963 0.800 0.026
1079 444 0 444 15.453 15.622 0.169 0.783 0.025
1080 486 0 486 19.742 15.622 4.120 0.767 0.024
1081 583 0 583 24.216 15.677 8.539 0.767 0.024
1082 634 0 634 30.216 17.615 12.600 0.733 0.023
1083 634 0 634 36.924 26.327 10.597 0.733 0.023
1084 634 0 634 44.586 30.836 13.750 0.717 0.023
1085 634 0 634 53.063 37.385 15.678 0.683 0.023
1086 634 0 634 62.706 45.731 16.975 0.667 0.023
1087 651 0 651 73.743 56.398 17.346 0.633 0.023
1088 660 0 660 83.037 68.567 14.470 0.650 0.024
1089 838 0 838 96.752 82.868 13.884 0.667 0.024
1090 838 0 838 108.341 90.647 17.694 0.650 0.024
1091 847 0 847 121.120 105.297 15.822 0.650 0.025
1092 847 0 847 135.954 120.158 15.795 0.667 0.025
1093 929 0 929 150.575 137.820 12.755 0.667 0.026
1094 1062 0 1062 169.745 154.467 15.278 0.700 0.026
1095 1117 0 1117 186.155 173.763 12.392 0.733 0.027
1096 1200 0 1200 203.853 187.692 16.161 0.767 0.027
1097 1431 0 1431 224.435 208.539 15.896 0.817 0.028
1098 1633 0 1633 242.674 225.993 16.682 0.867 0.029
1099 1633 0 1633 262.717 249.486 13.231 0.917 0.030
1100 1951 0 1951 283.236 267.083 16.153 1.000 0.031
1101 2193 0 2193 309.835 296.961 12.873 1.100 0.032
1102 2193 0 2193 336.475 321.023 15.452 1.217 0.033
1103 2193 0 2193 357.807 342.148 15.659 1.300 0.034
1104 2193 0 2193 381.570 367.235 14.336 1.367 0.035
1105 2193 0 2193 400.938 386.290 14.648 1.400 0.036
1106 2193 0 2193 420.407 407.491 12.916 1.433 0.037
1107 2193 0 2193 440.407 428.587 11.820 1.467 0.038
1108 2193 0 2193 457.486 441.733 15.753 1.483 0.039
1109 2193 0 2193 475.500 462.477 13.022 1.483 0.040
1110 2193 0 2193 492.138 476.716 15.422 1.483 0.041
1111 2193 0 2193 507.049 492.579 14.470 1.500 0.042
1112 2193 0 2193 521.079 507.221 13.858 1.517 0.043
1113 2193 0 2193 536.898 523.668 13.230 1.500 0.045
1114 2193 0 2193 551.687 539.782 11.905 1.500 0.046
1115 2193 0 2193 568.399 557.254 11.145 1.517 0.048
1116 2193 0 2193 582.591 570.830 11.761 1.517 0.049
1117 2193 0 2193 595.269 582.727 12.542 1.517 0.050
1118 2193 0 2193 607.690 596.533 11.157 1.517 0.052
1119 2193 0 2193 619.993 606.601 13.392 1.517 0.053
1120 2193 0 2193 632.504 619.267 13.237 1.517 0.055
1121 2193 0 2193 644.965 631.012 13.953 1.517 0.056
1122 2193 0 2193 656.079 640.315 15.765 1.517 0.057
1123 2193 0 2193 667.286 656.112 11.174 1.533 0.059
1124 2193 0 2193 677.943 668.856 9.087 1.533 0.060
1125 2193 0 2193 691.726 681.246 10.480 1.533 0.062
1126 2193 0 2193 703.478 691.364 12.114 1.533 0.064
1127 2193 0 2193 714.846 705.519 9.327 1.533 0.065
1128 2193 0 2193 725.097 710.634 14.463 1.533 0.066
1129 2193 0 2193 736.337 723.299 13.038 1.533 0.068
1130 2193 0 2193 747.464 735.585 11.878 1.533 0.069
1131 2193 0 2193 758.972 747.432 11.541 1.550 0.070
1132 2193 0 2193 770.392 757.293 13.099 1.550 0.072
1133 2193 0 2193 783.041 771.819 11.222 1.550 0.073
1134 2193 0 2193 793.172 783.707 9.465 1.550 0.074
1135 2193 0 2193 804.090 796.005 8.085 1.550 0.075
1136 2193 0 2193 814.754 805.056 9.698 1.567 0.076
1137 2193 0 2193 825.069 811.004 14.065 1.567 0.077
1138 2193 0 2193 835.128 821.525 13.603 1.567 0.078
1139 2193 0 2193 844.374 834.132 10.242 1.567 0.078
1140 2193 0 2193 853.180 841.578 11.602 1.583 0.079
1141 2193 0 2193 861.212 850.338 10.874 1.600 0.079
1142 2193 0 2193 870.330 859.116 11.214 1.600 0.079
1143 2193 0 2193 879.018 868.483 10.534 1.600 0.079
1144 2193 0 2193 887.466 877.999 9.467 1.600 0.079
1145 2193 0 2193 895.499 883.310 12.188 1.600 0.079
1146 2193 0 2193 903.854 892.549 11.305 1.600 0.079
1147 2193 0 2193 912.107 904.282 7.825 1.617 0.079
1148 2193 0 2193 917.921 907.875 10.046 1.600 0.078
1149 2193 0 2193 924.849 915.045 9.804 1.583 0.078
1150 2193 0 2193 930.128 920.336 9.792 1.567 0.078
1151 2193 0 2193 934.999 925.024 9.975 1.550 0.077
1152 2193 0 2193 940.672 928.102 12.570 1.533 0.077
1153 2193 0 2193 943.805 930.931 12.873 1.483 0.076
1154 2193 0 2193 948.658 938.658 10.000 1.433 0.076
1155 2193 0 2193 950.990 938.658 12.332 1.367 0.075
1156 2193 0 2193 951.475 942.740 8.735 1.317 0.074
1157 2193 0 2193 951.596 948.023 3.573 1.250 0.074
1158 2193 0 2193 949.680 948.023 1.657 1.217 0.073
1159 2193 0 2193 948.415 945.687 2.728 1.183 0.072
1160 2193 0 2193 943.389 942.397 0.992 1.150 0.072
1161 2182 0 2182 937.750 936.729 1.021 1.133 0.071
1162 2095 0 2095 928.178 930.454 2.277 1.117 0.070
1163 1830 0 1830 920.913 923.603 2.690 1.100 0.069
1164 1441 0 1441 910.595 916.223 5.628 1.067 0.068
1165 1422 0 1422 902.962 911.335 8.373 1.050 0.068
1166 1422 0 1422 893.747 905.757 12.010 1.050 0.067
1167 1422 0 1422 884.601 895.833 11.232 1.033 0.066
1168 1422 0 1422 873.948 883.904 9.956 1.050 0.065
1169 1422 0 1422 863.146 874.514 11.368 1.050 0.065
1170 1422 0 1422 848.672 857.709 9.037 1.067 0.064
1171 1422 0 1422 833.412 847.028 13.616 1.100 0.064
1172 1422 0 1422 818.986 832.457 13.471 1.100 0.064
1173 1422 0 1422 801.084 817.276 16.192 1.117 0.063
1174 1422 0 1422 783.648 798.298 14.650 1.133 0.063
1175 1422 0 1422 761.506 776.439 14.933 1.133 0.063
1176 1422 0 1422 739.413 752.530 13.117 1.150 0.064
1177 1422 0 1422 718.145 729.739 11.594 1.167 0.064
1178 1422 0 1422 699.133 712.071 12.938 1.183 0.065
1179 1422 0 1422 674.385 684.596 10.211 1.200 0.066
1180 1422 0 1422 653.214 663.875 10.661 1.217 0.066
1181 1422 0 1422 627.876 638.827 10.950 1.217 0.067
1182 1422 0 1422 603.059 613.135 10.076 1.233 0.068
1183 1422 0 1422 577.630 587.890 10.260 1.217 0.069
1184 1422 0 1422 551.705 561.708 10.003 1.233 0.070
1185 1422 0 1422 524.257 534.398 10.142 1.250 0.071
1186 1417 0 1417 500.377 508.653 8.276 1.250 0.072
1187 1417 0 1417 476.689 486.889 10.199 1.267 0.073
1188 1417 0 1417 453.761 461.292 7.531 1.267 0.074
1189 1417 0 1417 433.017 442.171 9.154 1.283 0.074
1190 1304 0 1304 412.098 421.955 9.857 1.300 0.075
1191 1304 0 1304 392.010 403.516 11.506 1.283 0.076
1192 1286 0 1286 372.413 384.045 11.632 1.300 0.077
1193 1283 0 1283 352.078 362.830 10.753 1.317 0.077
1194 1283 0 1283 334.603 346.265 11.662 1.333 0.078
1195 1233 0 1233 315.019 328.530 13.511 1.333 0.079
1196 1168 0 1168 294.890 304.746 9.856 1.333 0.079
1197 1147 0 1147 278.090 291.486 13.396 1.350 0.080
1198 1147 0 1147 262.381 276.907 14.526 1.350 0.080
1199 1145 0 1145 249.051 261.859 12.808 1.383 0.081
