1 449 0 449 262.041 253.714 8.327 6.000 1.426
2 449 0 449 275.567 253.714 21.852 3.000 0.722
3 518 0 518 295.202 253.714 41.488 2.333 0.487
4 518 0 518 310.022 260.625 49.397 1.750 0.369
5 780 0 780 322.483 260.625 61.858 1.400 0.296
6 780 0 780 342.619 260.625 81.994 1.167 0.249
7 780 0 780 354.499 260.625 93.874 1.000 0.214
8 780 0 780 372.663 260.625 112.038 0.875 0.189
9 831 0 831 393.258 260.625 132.633 0.778 0.168
10 1102 0 1102 414.651 286.111 128.539 0.700 0.152
11 1279 0 1279 435.503 286.111 149.392 0.636 0.139
12 1763 0 1763 458.789 527.314 68.524 0.583 0.128
13 1930 0 1930 487.411 508.731 21.320 0.538 0.119
14 2216 0 2216 514.429 624.701 110.272 0.500 0.111
15 2514 0 2514 540.908 624.701 83.792 0.467 0.104
16 2723 0 2723 574.323 624.701 50.378 0.438 0.098
17 2800 0 2800 601.010 785.049 184.039 0.412 0.092
18 2967 0 2967 628.046 773.854 145.808 0.444 0.088
19 2967 0 2967 661.160 907.151 245.991 0.474 0.084
20 2967 0 2967 682.067 907.151 225.084 0.450 0.080
21 2967 0 2967 714.929 900.234 185.305 0.476 0.077
22 2967 0 2967 737.634 900.234 162.600 0.455 0.074
23 2967 0 2967 758.735 900.234 141.499 0.435 0.071
24 3096 0 3096 775.961 1023.196 247.234 0.458 0.068
25 3385 0 3385 793.693 1023.196 229.503 0.440 0.066
26 3423 0 3423 811.681 1023.196 211.515 0.423 0.064
27 3511 0 3511 825.216 1023.196 197.979 0.444 0.062
28 3665 0 3665 837.000 1023.196 186.195 0.429 0.060
29 3665 0 3665 851.355 1023.196 171.841 0.414 0.058
30 3665 0 3665 863.081 1023.196 160.115 0.400 0.057
31 3665 0 3665 867.382 997.028 129.646 0.387 0.055
32 3665 0 3665 870.498 997.028 126.530 0.375 0.054
33 3665 0 3665 874.336 896.273 21.938 0.364 0.052
34 3665 0 3665 877.509 896.273 18.765 0.353 0.051
35 3665 0 3665 880.789 872.573 8.217 0.343 0.050
36 3665 0 3665 884.497 872.573 11.925 0.333 0.049
37 3665 0 3665 888.320 859.893 28.427 0.324 0.048
38 3665 0 3665 891.373 859.893 31.480 0.316 0.047
39 3665 0 3665 894.395 859.893 34.501 0.308 0.046
40 3665 0 3665 897.334 860.070 37.264 0.300 0.045
41 3665 0 3665 900.331 860.149 40.183 0.293 0.044
42 3665 0 3665 903.876 860.149 43.727 0.286 0.043
43 3665 0 3665 906.444 847.091 59.353 0.279 0.042
44 3665 0 3665 909.812 847.091 62.721 0.273 0.041
45 3665 0 3665 912.222 847.175 65.047 0.267 0.041
46 3665 0 3665 914.294 847.175 67.119 0.261 0.040
47 3665 0 3665 916.427 847.175 69.252 0.255 0.039
48 3665 0 3665 918.904 847.175 71.729 0.250 0.038
49 3665 0 3665 920.803 847.280 73.523 0.245 0.038
50 3665 0 3665 922.582 847.280 75.303 0.240 0.037
51 3665 0 3665 924.230 847.280 76.950 0.235 0.036
52 3665 0 3665 925.737 847.280 78.458 0.231 0.036
53 3665 0 3665 926.925 847.280 79.645 0.226 0.035
54 3665 0 3665 928.131 847.280 80.852 0.222 0.034
55 3665 0 3665 928.941 847.280 81.661 0.218 0.034
56 3665 0 3665 929.616 847.280 82.337 0.214 0.033
57 3665 0 3665 930.079 847.280 82.800 0.211 0.033
58 3665 0 3665 930.539 847.280 83.260 0.207 0.032
59 3665 0 3665 930.808 847.280 83.529 0.203 0.032
60 3665 0 3665 931.016 847.280 83.736 0.200 0.031
61 3665 0 3665 939.580 847.569 92.010 0.183 0.007
62 3665 0 3665 946.609 847.569 99.040 0.183 0.007
63 3665 0 3665 955.422 838.761 116.661 0.183 0.007
64 3665 0 3665 965.230 838.954 126.275 0.183 0.007
65 3665 0 3665 971.887 838.954 132.932 0.183 0.007
66 3665 0 3665 982.038 846.169 135.869 0.183 0.007
67 3665 0 3665 988.676 846.169 142.507 0.183 0.007
68 3665 0 3665 997.601 846.169 151.432 0.183 0.007
69 3665 0 3665 1004.808 846.042 158.766 0.183 0.007
70 3665 0 3665 1011.829 846.147 165.682 0.183 0.007
71 3665 0 3665 1017.392 846.147 171.246 0.183 0.007
72 3665 0 3665 1021.377 846.147 175.230 0.167 0.007
73 3665 0 3665 1023.488 846.147 177.342 0.150 0.007
74 3665 0 3665 1024.929 846.147 178.783 0.133 0.007
75 3665 0 3665 1022.446 846.147 176.299 0.117 0.006
76 3665 0 3665 1018.197 851.047 167.150 0.117 0.007
77 3665 0 3665 1014.172 851.047 163.124 0.117 0.006
78 3665 0 3665 1009.345 851.047 158.298 0.100 0.006
79 3665 0 3665 1001.835 851.047 150.788 0.100 0.006
80 3665 0 3665 994.877 851.047 143.830 0.100 0.006
81 3665 0 3665 983.387 851.047 132.340 0.100 0.006
82 3665 0 3665 973.982 851.047 122.935 0.100 0.006
83 3665 0 3665 963.752 839.125 124.626 0.117 0.006
84 3665 0 3665 953.583 839.134 114.449 0.100 0.005
85 3665 0 3665 939.321 839.012 100.309 0.117 0.005
86 3665 0 3665 924.148 839.012 85.136 0.133 0.005
87 3665 0 3665 909.666 839.012 70.654 0.117 0.005
88 3624 0 3624 894.096 839.012 55.084 0.133 0.005
89 2989 0 2989 874.290 773.008 101.282 0.150 0.005
90 2179 0 2179 855.437 773.008 82.429 0.167 0.005
91 1515 0 1515 841.532 773.008 68.524 0.167 0.005
92 1515 0 1515 828.673 773.008 55.665 0.167 0.005
93 1515 0 1515 810.807 773.008 37.799 0.167 0.005
94 1515 0 1515 794.061 773.008 21.053 0.167 0.005
95 1515 0 1515 774.286 773.008 1.278 0.167 0.005
96 1515 0 1515 751.929 773.008 21.079 0.167 0.005
97 1515 0 1515 727.084 773.008 45.924 0.167 0.005
98 1515 0 1515 704.628 772.838 68.210 0.167 0.005
99 1515 0 1515 677.836 772.838 95.002 0.167 0.005
100 1515 0 1515 653.717 772.732 119.015 0.167 0.005
101 1515 0 1515 629.746 772.673 142.927 0.183 0.005
102 1515 0 1515 602.669 772.673 170.003 0.183 0.006
103 1515 0 1515 577.163 772.673 195.510 0.183 0.006
104 1515 0 1515 550.821 772.673 221.852 0.183 0.006
105 1515 0 1515 529.506 772.609 243.103 0.183 0.006
106 1515 0 1515 505.528 720.934 215.406 0.183 0.007
107 1515 0 1515 482.109 720.934 238.825 0.183 0.007
108 1515 0 1515 457.620 670.974 213.354 0.183 0.008
109 1515 0 1515 434.680 659.152 224.471 0.183 0.008
110 1273 0 1273 411.801 610.675 198.874 0.183 0.008
111 1220 0 1220 389.751 610.675 220.924 0.183 0.008
112 1211 0 1211 368.763 610.675 241.912 0.183 0.009
113 1211 0 1211 348.594 610.675 262.080 0.183 0.009
114 1208 0 1208 329.401 531.245 201.844 0.183 0.009
115 1208 0 1208 310.486 531.245 220.759 0.183 0.010
116 1208 0 1208 294.432 531.245 236.814 0.183 0.010
117 1208 0 1208 279.832 494.388 214.556 0.183 0.010
118 1208 0 1208 265.510 494.388 228.877 0.183 0.010
119 1208 0 1208 251.916 453.398 201.482 0.183 0.010
120 1208 0 1208 237.727 453.398 215.671 0.183 0.011
121 1208 0 1208 223.831 453.398 229.567 0.200 0.011
122 1208 0 1208 209.453 453.398 243.945 0.200 0.011
123 1064 0 1064 196.906 430.764 233.858 0.200 0.011
124 1048 0 1048 188.462 430.764 242.302 0.200 0.011
125 1040 0 1040 177.574 430.764 253.190 0.200 0.011
126 1040 0 1040 167.679 430.764 263.085 0.200 0.011
127 1018 0 1018 157.621 390.840 233.219 0.200 0.011
128 1018 0 1018 148.130 390.840 242.710 0.200 0.011
129 1018 0 1018 140.094 390.773 250.679 0.200 0.011
130 1018 0 1018 132.099 390.773 258.674 0.183 0.011
131 1018 0 1018 124.631 377.309 252.678 0.200 0.011
132 1018 0 1018 118.434 377.309 258.876 0.200 0.011
133 964 0 964 111.388 377.309 265.921 0.200 0.011
134 964 0 964 105.327 377.309 271.982 0.200 0.011
135 964 0 964 96.826 377.309 280.483 0.200 0.011
136 964 0 964 87.857 321.565 233.707 0.200 0.011
137 964 0 964 80.881 307.428 226.547 0.183 0.011
138 905 0 905 75.483 307.428 231.944 0.183 0.011
139 905 0 905 69.888 307.428 237.539 0.183 0.011
140 905 0 905 63.544 307.428 243.884 0.183 0.011
141 733 0 733 57.779 307.428 249.649 0.167 0.011
142 733 0 733 52.471 307.428 254.956 0.167 0.011
143 733 0 733 47.517 307.428 259.911 0.150 0.011
144 733 0 733 43.450 307.428 263.977 0.150 0.011
145 733 0 733 38.409 307.421 269.012 0.133 0.011
146 733 0 733 33.630 266.861 233.231 0.117 0.011
147 686 0 686 28.864 266.818 237.954 0.117 0.011
148 686 0 686 24.858 266.818 241.960 0.100 0.011
149 509 0 509 20.640 266.818 246.178 0.100 0.011
150 509 0 509 17.161 266.818 249.657 0.100 0.011
151 509 0 509 14.366 266.818 252.452 0.100 0.011
152 494 0 494 11.937 266.818 254.881 0.100 0.011
153 414 0 414 9.226 266.774 257.549 0.100 0.011
154 414 0 414 7.329 266.774 259.445 0.100 0.011
155 414 0 414 5.498 266.774 261.276 0.100 0.011
156 298 0 298 3.826 266.774 262.948 0.100 0.011
157 277 0 277 2.564 266.774 264.210 0.100 0.010
158 240 0 240 1.580 266.802 265.222 0.100 0.010
159 240 0 240 0.952 266.802 265.850 0.100 0.010
160 240 0 240 0.565 266.802 266.237 0.100 0.009
161 234 0 234 0.290 266.802 266.511 0.100 0.009
162 234 0 234 0.187 266.802 266.615 0.100 0.009
163 234 0 234 0.155 266.802 266.647 0.100 0.008
164 234 0 234 0.097 266.802 266.705 0.100 0.008
165 197 0 197 0.046 266.802 266.756 0.100 0.007
166 197 0 197 0.053 266.802 266.748 0.083 0.007
167 197 0 197 0.057 266.802 266.744 0.083 0.007
168 197 0 197 0.133 266.802 266.669 0.083 0.006
169 234 0 234 0.256 266.802 266.546 0.083 0.006
170 234 0 234 0.425 266.802 266.376 0.083 0.005
171 234 0 234 0.575 266.763 266.187 0.083 0.005
172 234 0 234 0.983 266.763 265.780 0.067 0.005
173 234 0 234 1.515 266.763 265.248 0.067 0.004
174 264 0 264 2.601 266.763 264.162 0.067 0.004
175 264 0 264 3.689 266.729 263.040 0.067 0.004
176 356 0 356 5.820 266.729 260.908 0.050 0.003
177 392 0 392 8.658 266.729 258.071 0.050 0.003
178 400 0 400 11.454 266.729 255.274 0.050 0.003
179 400 0 400 15.051 266.772 251.721 0.050 0.003
180 496 0 496 20.059 266.772 246.712 0.050 0.003
181 496 0 496 26.214 266.772 240.558 0.050 0.002
182 496 0 496 32.584 266.772 234.188 0.050 0.002
183 580 0 580 40.391 266.771 226.379 0.050 0.002
184 598 0 598 49.146 266.788 217.642 0.050 0.002
185 618 0 618 57.287 266.801 209.514 0.050 0.002
186 618 0 618 66.388 266.801 200.413 0.050 0.002
187 618 0 618 76.024 266.801 190.778 0.050 0.002
188 723 0 723 87.892 266.801 178.910 0.050 0.002
189 1188 0 1188 102.758 266.845 164.087 0.050 0.002
190 1221 0 1221 119.258 266.845 147.586 0.033 0.002
191 1364 0 1364 135.409 266.845 131.435 0.033 0.001
192 1364 0 1364 146.997 266.845 119.848 0.050 0.001
193 1364 0 1364 162.270 266.845 104.575 0.050 0.001
194 1364 0 1364 179.609 266.845 87.235 0.050 0.001
195 1364 0 1364 199.759 266.845 67.085 0.067 0.001
196 1364 0 1364 218.819 266.845 48.026 0.050 0.001
197 1397 0 1397 239.681 266.845 27.163 0.050 0.001
198 1397 0 1397 258.424 266.845 8.421 0.067 0.002
199 1631 0 1631 279.393 266.845 12.548 0.067 0.002
200 1719 0 1719 303.872 266.845 37.027 0.067 0.002
201 1854 0 1854 327.343 266.845 60.499 0.083 0.002
202 1854 0 1854 349.762 266.930 82.832 0.083 0.002
203 1854 0 1854 369.079 266.930 102.149 0.083 0.002
204 1854 0 1854 388.214 266.930 121.284 0.100 0.002
205 1854 0 1854 407.575 266.930 140.645 0.083 0.002
206 1854 0 1854 425.338 267.160 158.177 0.083 0.002
207 1854 0 1854 443.205 267.204 176.001 0.083 0.002
208 1854 0 1854 460.738 267.204 193.534 0.083 0.003
209 1854 0 1854 479.000 267.204 211.796 0.083 0.003
210 1854 0 1854 494.009 267.204 226.805 0.083 0.003
211 1854 0 1854 509.736 267.310 242.426 0.083 0.003
212 1854 0 1854 524.611 267.310 257.301 0.083 0.003
213 1854 0 1854 540.803 321.008 219.795 0.083 0.004
214 1854 0 1854 554.109 361.698 192.410 0.100 0.004
215 1854 0 1854 569.623 361.807 207.816 0.100 0.004
216 1854 0 1854 583.293 361.902 221.391 0.100 0.004
217 1854 0 1854 597.668 400.369 197.298 0.100 0.004
218 1854 0 1854 610.239 400.369 209.870 0.100 0.005
219 1854 0 1854 624.776 400.369 224.406 0.100 0.005
220 1854 0 1854 637.066 413.921 223.145 0.100 0.005
221 1854 0 1854 650.901 435.480 215.421 0.100 0.006
222 1854 0 1854 662.905 435.572 227.333 0.100 0.006
223 1854 0 1854 676.325 435.572 240.753 0.100 0.006
224 1854 0 1854 687.232 446.685 240.546 0.100 0.006
225 1854 0 1854 699.338 446.685 252.653 0.100 0.007
226 1854 0 1854 707.484 446.776 260.709 0.100 0.007
227 1854 0 1854 717.806 446.776 271.030 0.100 0.007
228 1854 0 1854 727.918 446.776 281.142 0.100 0.007
229 1854 0 1854 739.454 446.862 292.591 0.100 0.007
230 1854 0 1854 751.293 487.391 263.902 0.100 0.008
231 1854 0 1854 762.508 523.284 239.224 0.100 0.008
232 1854 0 1854 772.804 523.284 249.520 0.100 0.008
233 1854 0 1854 782.056 569.305 212.752 0.100 0.008
234 1854 0 1854 792.388 579.591 212.797 0.100 0.008
235 1854 0 1854 800.715 579.667 221.047 0.100 0.009
236 1854 0 1854 810.502 579.667 230.835 0.100 0.009
237 1854 0 1854 821.506 579.667 241.839 0.100 0.009
238 1854 0 1854 829.931 579.667 250.264 0.100 0.009
239 1854 0 1854 838.567 579.740 258.827 0.100 0.009
240 1854 0 1854 848.292 579.740 268.552 0.100 0.009
241 1854 0 1854 858.977 618.683 240.294 0.100 0.010
242 1854 0 1854 868.233 658.290 209.944 0.100 0.010
243 1854 0 1854 877.829 658.346 219.483 0.100 0.010
244 1854 0 1854 887.430 658.386 229.044 0.100 0.010
245 1854 0 1854 895.249 668.797 226.452 0.100 0.010
246 1854 0 1854 902.608 668.797 233.810 0.100 0.010
247 1854 0 1854 909.632 709.619 200.013 0.100 0.010
248 1854 0 1854 916.892 709.619 207.273 0.100 0.010
249 1854 0 1854 922.826 722.473 200.353 0.100 0.011
250 1854 0 1854 928.799 722.473 206.326 0.100 0.011
251 1854 0 1854 933.177 722.473 210.704 0.100 0.011
252 1854 0 1854 936.701 742.610 194.091 0.083 0.011
253 1854 0 1854 939.544 742.610 196.934 0.083 0.011
254 1854 0 1854 943.573 742.610 200.963 0.083 0.011
255 1854 0 1854 945.369 742.610 202.759 0.083 0.011
256 1854 0 1854 945.709 742.610 203.099 0.083 0.010
257 1854 0 1854 945.760 742.610 203.150 0.083 0.010
258 1854 0 1854 944.936 742.610 202.327 0.083 0.010
259 1854 0 1854 943.124 742.610 200.514 0.083 0.010
260 1854 0 1854 937.716 742.610 195.106 0.083 0.010
261 1632 0 1632 930.925 742.610 188.315 0.083 0.010
262 1632 0 1632 924.186 742.603 181.583 0.083 0.010
263 1535 0 1535 918.894 742.603 176.291 0.083 0.010
264 1535 0 1535 912.958 742.603 170.355 0.083 0.010
265 1535 0 1535 906.427 742.603 163.824 0.083 0.010
266 1535 0 1535 899.336 742.537 156.799 0.083 0.009
267 1535 0 1535 890.601 742.537 148.064 0.083 0.009
268 1427 0 1427 879.675 742.537 137.138 0.100 0.009
269 1427 0 1427 867.209 742.537 124.671 0.100 0.009
270 1427 0 1427 853.924 742.537 111.386 0.100 0.009
271 1427 0 1427 838.054 742.513 95.541 0.100 0.009
272 1427 0 1427 822.290 742.513 79.778 0.100 0.009
273 1427 0 1427 803.490 742.513 60.977 0.100 0.008
274 1427 0 1427 786.461 742.513 43.948 0.100 0.008
275 1427 0 1427 765.206 742.469 22.737 0.100 0.008
276 1427 0 1427 742.354 742.438 0.084 0.117 0.008
277 1427 0 1427 718.291 742.438 24.147 0.117 0.008
278 1427 0 1427 695.025 742.438 47.413 0.117 0.008
279 1427 0 1427 671.004 742.335 71.331 0.117 0.008
280 1427 0 1427 646.452 742.335 95.883 0.117 0.008
281 1365 0 1365 619.524 742.300 122.776 0.117 0.008
282 1365 0 1365 592.278 742.259 149.981 0.117 0.009
283 1365 0 1365 564.933 742.156 177.223 0.117 0.009
284 1316 0 1316 540.875 742.156 201.281 0.100 0.009
285 1316 0 1316 514.582 704.646 190.064 0.100 0.009
286 1316 0 1316 490.705 693.259 202.553 0.117 0.009
287 1316 0 1316 466.348 658.878 192.530 0.117 0.009
288 1316 0 1316 444.092 658.878 214.786 0.117 0.010
289 1309 0 1309 423.325 658.823 235.498 0.133 0.010
290 1257 0 1257 398.662 619.854 221.192 0.133 0.010
291 1257 0 1257 377.845 619.854 242.009 0.133 0.010
292 1257 0 1257 360.230 585.955 225.725 0.133 0.010
293 1251 0 1251 342.019 585.955 243.935 0.133 0.010
294 1251 0 1251 323.051 565.003 241.952 0.133 0.010
295 1251 0 1251 303.143 553.429 250.286 0.133 0.010
296 1251 0 1251 286.463 539.150 252.686 0.133 0.011
297 1213 0 1213 270.988 484.750 213.762 0.133 0.011
298 1213 0 1213 257.010 484.750 227.740 0.133 0.011
299 1181 0 1181 244.390 484.645 240.255 0.133 0.011
300 1181 0 1181 231.057 484.645 253.588 0.117 0.011
301 1181 0 1181 217.753 440.590 222.837 0.117 0.011
302 1181 0 1181 206.341 404.754 198.413 0.117 0.011
303 1181 0 1181 192.956 404.754 211.797 0.117 0.011
304 1181 0 1181 180.674 404.685 224.011 0.117 0.011
305 1181 0 1181 170.681 383.901 213.219 0.117 0.011
306 1181 0 1181 161.187 373.026 211.839 0.117 0.011
307 1027 0 1027 151.634 373.026 221.392 0.100 0.011
308 1027 0 1027 143.888 373.026 229.138 0.100 0.011
309 1027 0 1027 135.405 372.959 237.554 0.100 0.011
310 1027 0 1027 128.074 372.959 244.885 0.100 0.011
311 1027 0 1027 120.888 357.377 236.490 0.100 0.011
312 1027 0 1027 112.701 357.377 244.676 0.100 0.011
313 1027 0 1027 105.461 357.377 251.916 0.100 0.011
314 1027 0 1027 99.339 306.291 206.952 0.100 0.011
315 1027 0 1027 93.160 306.291 213.131 0.100 0.011
316 1018 0 1018 85.222 306.291 221.069 0.100 0.011
317 910 0 910 79.495 306.291 226.797 0.100 0.011
318 857 0 857 72.969 306.291 233.322 0.100 0.011
319 857 0 857 67.306 306.291 238.986 0.100 0.011
320 857 0 857 61.079 306.291 245.212 0.100 0.011
321 857 0 857 55.973 306.291 250.318 0.100 0.011
322 856 0 856 50.145 306.291 256.146 0.100 0.011
323 715 0 715 45.433 306.291 260.859 0.100 0.011
324 715 0 715 40.984 306.291 265.307 0.100 0.011
325 630 0 630 36.745 259.885 223.140 0.100 0.011
326 564 0 564 33.026 259.885 226.859 0.100 0.011
327 513 0 513 29.307 259.885 230.578 0.100 0.011
328 506 0 506 25.683 259.885 234.202 0.100 0.011
329 452 0 452 21.732 259.885 238.153 0.100 0.011
330 452 0 452 18.425 259.885 241.460 0.100 0.011
331 452 0 452 15.048 259.885 244.837 0.100 0.011
332 452 0 452 12.029 259.885 247.856 0.100 0.011
333 452 0 452 9.159 259.885 250.726 0.100 0.011
334 387 0 387 6.943 221.013 214.071 0.100 0.011
335 333 0 333 4.982 221.013 216.032 0.100 0.010
336 333 0 333 3.300 221.013 217.713 0.083 0.010
337 208 0 208 2.042 221.013 218.971 0.083 0.010
338 208 0 208 1.256 221.013 219.757 0.083 0.010
339 170 0 170 0.720 221.048 220.327 0.083 0.009
340 161 0 161 0.541 221.048 220.506 0.083 0.009
341 161 0 161 0.414 221.013 220.600 0.083 0.009
342 161 0 161 0.257 221.013 220.756 0.083 0.008
343 152 0 152 0.203 221.048 220.844 0.083 0.008
344 152 0 152 0.174 221.048 220.874 0.083 0.007
345 152 0 152 0.160 221.048 220.888 0.083 0.007
346 194 0 194 0.193 221.048 220.855 0.067 0.006
347 194 0 194 0.211 221.048 220.837 0.067 0.006
348 237 0 237 0.258 221.013 220.755 0.067 0.006
349 237 0 237 0.324 221.013 220.689 0.067 0.005
350 237 0 237 0.405 221.013 220.609 0.067 0.005
351 237 0 237 0.580 221.013 220.434 0.067 0.005
352 306 0 306 0.990 221.013 220.023 0.067 0.004
353 327 0 327 1.461 220.982 219.521 0.067 0.004
354 379 0 379 2.421 220.982 218.561 0.050 0.004
355 379 0 379 3.677 220.982 217.305 0.050 0.003
356 468 0 468 5.960 220.958 214.997 0.050 0.003
357 468 0 468 9.004 220.992 211.988 0.050 0.003
358 468 0 468 12.262 220.992 208.731 0.050 0.003
359 468 0 468 16.040 220.992 204.952 0.050 0.003
360 468 0 468 20.068 220.992 200.925 0.050 0.003
361 497 0 497 24.938 221.027 196.089 0.050 0.002
362 497 0 497 30.350 221.027 190.677 0.050 0.002
363 499 0 499 36.783 221.027 184.244 0.050 0.002
364 561 0 561 43.941 221.062 177.121 0.050 0.002
365 563 0 563 52.205 221.062 168.857 0.050 0.002
366 668 0 668 60.891 221.062 160.171 0.033 0.002
367 668 0 668 72.614 221.062 148.448 0.033 0.002
368 668 0 668 83.293 221.062 137.769 0.033 0.001
369 758 0 758 93.581 221.062 127.481 0.050 0.001
370 758 0 758 107.875 221.062 113.187 0.050 0.001
371 803 0 803 120.524 221.062 100.538 0.050 0.001
372 1003 0 1003 136.469 221.062 84.593 0.050 0.001
373 1003 0 1003 152.277 221.062 68.785 0.050 0.001
374 1003 0 1003 169.444 221.062 51.618 0.033 0.001
375 1241 0 1241 187.116 221.062 33.946 0.033 0.001
376 1241 0 1241 204.344 221.131 16.787 0.033 0.001
377 1241 0 1241 222.458 221.131 1.328 0.050 0.001
378 1617 0 1617 244.783 221.210 23.573 0.050 0.001
379 2229 0 2229 267.236 221.210 46.026 0.050 0.001
380 2667 0 2667 297.117 221.210 75.908 0.067 0.002
381 2790 0 2790 326.853 221.210 105.643 0.083 0.002
382 2986 0 2986 357.356 221.210 136.146 0.083 0.002
383 3004 0 3004 389.604 268.277 121.328 0.100 0.002
384 3004 0 3004 416.581 268.277 148.304 0.100 0.002
385 3004 0 3004 445.268 268.277 176.992 0.100 0.002
386 3004 0 3004 467.175 268.277 198.898 0.117 0.002
387 3004 0 3004 493.010 318.398 174.612 0.117 0.002
388 3004 0 3004 517.233 360.479 156.754 0.117 0.002
389 3004 0 3004 535.545 360.479 175.066 0.117 0.003
390 3004 0 3004 551.924 360.479 191.445 0.117 0.003
391 3004 0 3004 566.650 360.479 206.171 0.117 0.003
392 3004 0 3004 581.128 360.479 220.649 0.117 0.003
393 3004 0 3004 596.669 360.479 236.190 0.117 0.004
394 3004 0 3004 609.906 413.090 196.816 0.133 0.004
395 3004 0 3004 623.578 413.090 210.488 0.133 0.004
396 3004 0 3004 636.559 457.340 179.218 0.133 0.004
397 3004 0 3004 649.296 457.340 191.956 0.133 0.005
398 3004 0 3004 661.876 457.340 204.536 0.133 0.005
399 3004 0 3004 674.499 457.340 217.158 0.133 0.005
400 3004 0 3004 687.062 471.878 215.184 0.133 0.005
401 3004 0 3004 698.266 471.949 226.317 0.133 0.006
402 3004 0 3004 709.666 471.949 237.717 0.133 0.006
403 3004 0 3004 720.756 512.332 208.424 0.133 0.006
404 3004 0 3004 733.263 512.332 220.931 0.133 0.006
405 3004 0 3004 744.174 522.951 221.223 0.133 0.006
406 3004 0 3004 756.668 543.719 212.949 0.133 0.007
407 3004 0 3004 768.406 543.719 224.687 0.133 0.007
408 3004 0 3004 780.850 543.801 237.049 0.133 0.007
409 3004 0 3004 791.643 543.801 247.842 0.133 0.007
410 3004 0 3004 803.150 543.801 259.349 0.133 0.008
411 3004 0 3004 813.584 543.801 269.782 0.133 0.008
412 3004 0 3004 823.075 559.850 263.225 0.133 0.008
413 3004 0 3004 832.029 571.561 260.469 0.133 0.008
414 3004 0 3004 842.336 629.575 212.761 0.133 0.009
415 3004 0 3004 851.815 629.575 222.240 0.133 0.009
416 3004 0 3004 863.228 629.658 233.571 0.133 0.009
417 3004 0 3004 874.541 629.658 244.884 0.133 0.009
418 3004 0 3004 884.591 629.658 254.934 0.133 0.009
419 3004 0 3004 894.817 668.141 226.676 0.133 0.009
420 3004 0 3004 903.394 668.141 235.253 0.133 0.010
421 3004 0 3004 912.106 711.888 200.218 0.133 0.010
422 3004 0 3004 920.782 711.888 208.895 0.133 0.010
423 3004 0 3004 928.847 711.888 216.960 0.133 0.010
424 3004 0 3004 936.719 711.888 224.831 0.133 0.010
425 3004 0 3004 945.164 781.532 163.632 0.133 0.010
426 3004 0 3004 951.956 781.532 170.424 0.133 0.010
427 3004 0 3004 961.042 781.532 179.510 0.133 0.010
428 3004 0 3004 968.499 781.532 186.967 0.133 0.010
429 3004 0 3004 973.448 781.532 191.916 0.133 0.010
430 3004 0 3004 980.431 794.814 185.617 0.150 0.011
431 3004 0 3004 986.241 794.814 191.427 0.150 0.011
432 3004 0 3004 992.111 794.814 197.297 0.150 0.011
433 3004 0 3004 998.220 804.185 194.035 0.133 0.011
434 3004 0 3004 1002.786 804.185 198.601 0.133 0.011
435 3004 0 3004 1006.191 804.185 202.006 0.133 0.011
436 3004 0 3004 1009.052 804.205 204.846 0.133 0.011
437 3004 0 3004 1011.854 804.205 207.649 0.117 0.011
438 3004 0 3004 1010.990 804.216 206.774 0.117 0.010
439 3004 0 3004 1006.930 804.216 202.714 0.117 0.010
440 3004 0 3004 998.259 804.216 194.043 0.100 0.010
441 3004 0 3004 989.023 804.216 184.807 0.083 0.010
442 3004 0 3004 975.754 804.216 171.538 0.100 0.010
443 2979 0 2979 959.085 804.216 154.869 0.083 0.010
444 2979 0 2979 945.090 804.216 140.874 0.100 0.010
445 2803 0 2803 929.054 804.216 124.838 0.100 0.010
446 2803 0 2803 915.811 804.216 111.595 0.100 0.010
447 2469 0 2469 899.097 804.216 94.881 0.100 0.009
448 1915 0 1915 879.707 804.216 75.491 0.100 0.009
449 1671 0 1671 865.310 804.216 61.094 0.100 0.009
450 1671 0 1671 851.484 804.216 47.268 0.100 0.009
451 1671 0 1671 840.032 804.216 35.816 0.100 0.008
452 1671 0 1671 824.171 804.216 19.955 0.100 0.008
453 1671 0 1671 806.337 804.216 2.121 0.100 0.008
454 1671 0 1671 786.848 804.216 17.368 0.100 0.008
455 1671 0 1671 765.521 804.216 38.695 0.100 0.008
456 1671 0 1671 742.249 804.216 61.967 0.100 0.008
457 1671 0 1671 721.667 804.216 82.549 0.100 0.008
458 1671 0 1671 699.840 804.216 104.376 0.100 0.008
459 1328 0 1328 674.889 761.254 86.365 0.117 0.008
460 1328 0 1328 649.981 761.254 111.273 0.117 0.008
461 1328 0 1328 622.938 761.254 138.316 0.117 0.008
462 1328 0 1328 596.891 761.254 164.362 0.117 0.008
463 1328 0 1328 572.674 761.254 188.580 0.117 0.008
464 1301 0 1301 550.534 761.254 210.720 0.117 0.009
465 1301 0 1301 527.122 717.149 190.027 0.117 0.009
466 1301 0 1301 502.934 696.599 193.665 0.117 0.009
467 1301 0 1301 478.348 696.599 218.251 0.117 0.009
468 1301 0 1301 452.999 681.013 228.014 0.117 0.009
469 1301 0 1301 429.108 681.013 251.904 0.117 0.009
470 1301 0 1301 407.108 634.815 227.707 0.117 0.010
471 1301 0 1301 386.469 634.815 248.346 0.117 0.010
472 1301 0 1301 366.235 634.815 268.580 0.117 0.010
473 1301 0 1301 347.522 591.950 244.428 0.117 0.010
474 1301 0 1301 329.406 591.950 262.545 0.117 0.010
475 1301 0 1301 312.374 576.033 263.658 0.117 0.010
476 1301 0 1301 295.735 551.437 255.702 0.117 0.010
477 1301 0 1301 279.782 551.437 271.655 0.117 0.010
478 1301 0 1301 265.773 539.140 273.366 0.117 0.010
479 1301 0 1301 249.646 457.649 208.003 0.117 0.010
480 1301 0 1301 236.432 457.649 221.218 0.117 0.010
481 1301 0 1301 224.222 417.384 193.162 0.117 0.010
482 1301 0 1301 212.213 417.384 205.171 0.133 0.010
483 1301 0 1301 199.890 417.384 217.494 0.133 0.010
484 1301 0 1301 189.918 417.384 227.466 0.133 0.011
485 1301 0 1301 179.677 417.384 237.707 0.117 0.011
486 1301 0 1301 170.214 393.233 223.018 0.117 0.011
487 1301 0 1301 160.658 393.167 232.509 0.117 0.011
488 1301 0 1301 151.209 393.167 241.958 0.133 0.010
489 1301 0 1301 142.349 393.167 250.819 0.133 0.011
490 1301 0 1301 132.367 352.847 220.481 0.133 0.011
491 1301 0 1301 127.290 352.847 225.557 0.133 0.011
492 1301 0 1301 120.520 352.847 232.327 0.133 0.011
493 949 0 949 112.638 352.847 240.209 0.133 0.011
494 949 0 949 105.430 336.218 230.788 0.133 0.011
495 949 0 949 99.148 336.218 237.070 0.117 0.011
496 949 0 949 92.405 336.218 243.813 0.133 0.011
497 942 0 942 85.365 336.218 250.853 0.133 0.011
498 942 0 942 78.312 336.218 257.905 0.133 0.011
499 942 0 942 72.389 286.941 214.552 0.133 0.011
500 942 0 942 67.989 286.941 218.952 0.133 0.011
501 942 0 942 62.939 286.941 224.002 0.133 0.011
502 942 0 942 57.218 286.941 229.723 0.133 0.011
503 942 0 942 51.629 286.941 235.312 0.117 0.011
504 813 0 813 45.936 286.941 241.005 0.100 0.011
505 631 0 631 41.288 286.941 245.653 0.100 0.011
506 585 0 585 37.310 286.941 249.631 0.100 0.011
507 585 0 585 32.735 286.941 254.206 0.100 0.011
508 552 0 552 28.221 243.550 215.329 0.100 0.011
509 552 0 552 24.304 243.550 219.246 0.100 0.011
510 552 0 552 20.638 243.550 222.912 0.100 0.011
511 552 0 552 18.144 243.550 225.406 0.100 0.011
512 552 0 552 15.067 243.550 228.483 0.083 0.011
513 552 0 552 12.289 243.550 231.261 0.083 0.011
514 552 0 552 9.668 243.550 233.882 0.083 0.010
515 552 0 552 7.495 234.209 226.714 0.083 0.010
516 552 0 552 5.665 234.209 228.544 0.083 0.010
517 552 0 552 4.493 234.209 229.716 0.083 0.010
518 552 0 552 3.808 234.209 230.401 0.083 0.010
519 552 0 552 3.378 234.209 230.831 0.083 0.009
520 552 0 552 3.013 234.209 231.196 0.083 0.009
521 552 0 552 2.780 234.209 231.429 0.083 0.009
522 552 0 552 2.701 234.209 231.508 0.083 0.008
523 552 0 552 2.613 234.209 231.596 0.083 0.008
524 552 0 552 2.596 234.209 231.612 0.083 0.007
525 552 0 552 2.580 234.209 231.629 0.083 0.007
526 552 0 552 2.657 234.209 231.552 0.083 0.007
527 552 0 552 2.715 234.209 231.494 0.083 0.006
528 552 0 552 2.762 234.209 231.447 0.083 0.006
529 552 0 552 2.843 234.209 231.366 0.083 0.005
530 552 0 552 2.999 234.209 231.209 0.083 0.005
531 552 0 552 3.225 234.209 230.984 0.067 0.005
532 552 0 552 3.689 234.171 230.483 0.067 0.004
533 552 0 552 4.339 234.209 229.870 0.067 0.004
534 552 0 552 5.351 234.209 228.858 0.067 0.004
535 552 0 552 6.703 234.246 227.543 0.067 0.003
536 552 0 552 9.019 234.246 225.227 0.067 0.003
537 552 0 552 11.578 234.246 222.668 0.067 0.003
538 552 0 552 14.701 234.266 219.565 0.067 0.003
539 552 0 552 18.701 234.266 215.565 0.050 0.003
540 552 0 552 23.643 234.266 210.623 0.050 0.002
541 552 0 552 29.475 234.304 204.828 0.050 0.002
542 552 0 552 35.805 234.304 198.499 0.050 0.002
543 552 0 552 42.173 234.304 192.131 0.050 0.002
544 552 0 552 50.502 234.304 183.802 0.050 0.002
545 586 0 586 59.463 234.304 174.841 0.050 0.002
546 647 0 647 70.176 234.304 164.128 0.050 0.002
547 647 0 647 78.748 234.341 155.593 0.050 0.002
548 748 0 748 90.595 234.341 143.746 0.033 0.001
549 748 0 748 101.146 234.341 133.195 0.033 0.001
550 926 0 926 114.567 234.341 119.774 0.033 0.001
551 956 0 956 126.887 234.341 107.454 0.033 0.001
552 1013 0 1013 139.735 234.341 94.606 0.033 0.001
553 1046 0 1046 157.567 234.341 76.774 0.050 0.001
554 1046 0 1046 173.782 234.341 60.559 0.050 0.001
555 1377 0 1377 187.117 234.341 47.224 0.050 0.001
556 1452 0 1452 205.433 234.341 28.908 0.033 0.001
557 1711 0 1711 224.885 234.341 9.456 0.050 0.001
558 1889 0 1889 245.135 234.341 10.794 0.050 0.001
559 2169 0 2169 268.189 234.341 33.848 0.067 0.001
560 2332 0 2332 290.590 234.418 56.172 0.067 0.001
561 2358 0 2358 313.163 234.418 78.745 0.083 0.002
562 2576 0 2576 340.191 234.418 105.773 0.083 0.002
563 2582 0 2582 364.522 234.418 130.104 0.100 0.002
564 2582 0 2582 391.282 234.418 156.864 0.117 0.002
565 2582 0 2582 412.672 234.418 178.254 0.117 0.002
566 2582 0 2582 435.564 234.418 201.146 0.117 0.002
567 2582 0 2582 454.962 234.418 220.544 0.117 0.002
568 2582 0 2582 470.065 288.196 181.869 0.133 0.002
569 2582 0 2582 486.196 288.196 198.000 0.133 0.003
570 2582 0 2582 501.804 288.196 213.608 0.117 0.003
571 2582 0 2582 518.753 288.298 230.455 0.117 0.003
572 2582 0 2582 536.232 325.626 210.606 0.117 0.003
573 2582 0 2582 550.597 325.626 224.971 0.117 0.003
574 2582 0 2582 564.460 325.626 238.835 0.117 0.004
575 2582 0 2582 578.208 325.735 252.473 0.117 0.004
576 2582 0 2582 593.379 370.808 222.571 0.117 0.004
577 2582 0 2582 607.619 370.808 236.811 0.117 0.004
578 2582 0 2582 621.463 370.808 250.655 0.117 0.005
579 2582 0 2582 634.786 387.130 247.656 0.117 0.005
580 2582 0 2582 647.341 398.801 248.541 0.117 0.005
581 2582 0 2582 659.652 420.701 238.951 0.117 0.005
582 2582 0 2582 671.215 420.701 250.514 0.117 0.006
583 2582 0 2582 682.080 459.227 222.853 0.117 0.006
584 2582 0 2582 693.416 459.227 234.189 0.117 0.006
585 2582 0 2582 705.353 505.956 199.397 0.117 0.006
586 2582 0 2582 716.498 505.956 210.542 0.117 0.007
587 2582 0 2582 729.036 505.956 223.080 0.117 0.007
588 2582 0 2582 740.924 505.956 234.968 0.117 0.007
589 2582 0 2582 752.759 515.857 236.902 0.117 0.007
590 2582 0 2582 764.198 557.705 206.493 0.117 0.008
591 2582 0 2582 774.522 572.156 202.366 0.117 0.008
592 2582 0 2582 785.701 592.848 192.853 0.117 0.008
593 2582 0 2582 796.333 592.848 203.485 0.117 0.008
594 2582 0 2582 806.349 592.848 213.501 0.117 0.008
595 2582 0 2582 815.850 592.848 223.002 0.117 0.009
596 2582 0 2582 827.262 592.848 234.414 0.117 0.009
597 2582 0 2582 836.450 592.848 243.602 0.117 0.009
598 2582 0 2582 846.275 592.882 253.393 0.117 0.009
599 2582 0 2582 855.496 592.882 262.614 0.117 0.009
600 2582 0 2582 865.724 633.018 232.706 0.117 0.009
601 2582 0 2582 876.053 644.138 231.915 0.117 0.010
602 2582 0 2582 885.489 680.787 204.703 0.117 0.010
603 2582 0 2582 893.559 680.787 212.772 0.117 0.010
604 2582 0 2582 902.891 700.283 202.607 0.117 0.010
605 2582 0 2582 911.103 741.945 169.157 0.133 0.010
606 2582 0 2582 920.201 741.945 178.256 0.133 0.010
607 2582 0 2582 926.423 756.092 170.331 0.133 0.010
608 2582 0 2582 933.029 756.092 176.937 0.133 0.010
609 2582 0 2582 938.950 756.092 182.858 0.133 0.010
610 2582 0 2582 944.416 756.092 188.324 0.133 0.011
611 2582 0 2582 949.597 756.092 193.505 0.133 0.011
612 2582 0 2582 954.433 756.092 198.341 0.133 0.011
613 2582 0 2582 960.308 756.092 204.216 0.117 0.011
614 2582 0 2582 963.471 756.092 207.379 0.117 0.011
615 2582 0 2582 964.355 756.092 208.263 0.117 0.011
616 2582 0 2582 966.075 756.092 209.983 0.117 0.011
617 2582 0 2582 964.735 756.092 208.643 0.100 0.010
618 2582 0 2582 964.834 756.092 208.742 0.100 0.010
619 2582 0 2582 961.958 756.092 205.866 0.083 0.010
620 2582 0 2582 956.919 756.098 200.822 0.083 0.010
621 2582 0 2582 951.213 756.098 195.115 0.083 0.010
622 2582 0 2582 943.038 756.098 186.941 0.083 0.010
623 2475 0 2475 934.011 756.098 177.913 0.083 0.010
624 2419 0 2419 921.483 756.098 165.385 0.083 0.010
625 2255 0 2255 911.933 756.098 155.836 0.083 0.010
626 1506 0 1506 899.724 756.098 143.627 0.083 0.010
627 1415 0 1415 888.228 756.098 132.130 0.083 0.009
628 1415 0 1415 879.307 756.098 123.210 0.083 0.009
629 1415 0 1415 870.152 756.098 114.055 0.083 0.009
630 1415 0 1415 858.663 756.098 102.566 0.083 0.009
631 1415 0 1415 842.151 756.073 86.078 0.100 0.009
632 1408 0 1408 826.932 756.073 70.859 0.100 0.008
633 1408 0 1408 809.247 756.073 53.174 0.100 0.008
634 1408 0 1408 790.926 756.073 34.853 0.100 0.008
635 1408 0 1408 769.037 756.036 13.000 0.100 0.008
636 1408 0 1408 745.757 756.036 10.280 0.100 0.008
637 1408 0 1408 723.890 756.036 32.147 0.100 0.008
638 1408 0 1408 699.007 756.036 57.029 0.100 0.008
639 1408 0 1408 673.670 756.036 82.366 0.100 0.008
640 1408 0 1408 650.672 756.036 105.365 0.100 0.008
641 1408 0 1408 623.913 755.934 132.020 0.100 0.008
642 1408 0 1408 597.441 755.831 158.390 0.100 0.008
643 1408 0 1408 576.160 755.794 179.634 0.117 0.008
644 1408 0 1408 553.597 755.794 202.197 0.117 0.009
645 1408 0 1408 527.013 755.691 228.678 0.117 0.009
646 1361 0 1361 499.851 755.589 255.737 0.100 0.009
647 1361 0 1361 473.838 755.589 281.750 0.100 0.009
648 1329 0 1329 450.128 755.486 305.358 0.100 0.009
649 1329 0 1329 428.890 691.106 262.217 0.100 0.010
650 1329 0 1329 405.412 679.946 274.534 0.100 0.010
651 1281 0 1281 384.698 664.702 280.004 0.117 0.010
652 1281 0 1281 364.549 581.572 217.023 0.117 0.010
653 1281 0 1281 343.818 581.572 237.754 0.117 0.010
654 1281 0 1281 326.086 581.572 255.485 0.117 0.010
655 1281 0 1281 310.605 517.875 207.270 0.117 0.010
656 1281 0 1281 293.659 517.875 224.216 0.100 0.010
657 1281 0 1281 278.555 490.341 211.785 0.117 0.010
658 1281 0 1281 263.655 490.341 226.685 0.117 0.010
659 1192 0 1192 250.116 490.341 240.224 0.117 0.010
660 1192 0 1192 234.591 490.253 255.662 0.117 0.010
661 1192 0 1192 221.071 446.804 225.733 0.117 0.010
662 1192 0 1192 210.337 446.804 236.467 0.117 0.011
663 1159 0 1159 198.637 446.804 248.167 0.117 0.011
664 1121 0 1121 187.792 424.430 236.637 0.100 0.011
665 1121 0 1121 178.520 385.825 207.305 0.100 0.011
666 1121 0 1121 169.001 385.825 216.824 0.100 0.010
667 1119 0 1119 158.632 385.825 227.193 0.100 0.010
668 1119 0 1119 149.469 344.833 195.365 0.100 0.010
669 1119 0 1119 140.890 344.833 203.943 0.100 0.010
670 1119 0 1119 131.295 344.833 213.538 0.100 0.010
671 962 0 962 122.644 344.833 222.189 0.100 0.010
672 859 0 859 115.548 344.833 229.285 0.100 0.010
673 836 0 836 109.314 344.833 235.519 0.117 0.010
674 836 0 836 100.909 344.833 243.924 0.117 0.010
675 836 0 836 94.522 344.833 250.311 0.117 0.011
676 836 0 836 87.571 344.833 257.262 0.117 0.010
677 781 0 781 81.562 294.807 213.245 0.117 0.011
678 729 0 729 75.592 294.807 219.215 0.117 0.011
679 726 0 726 69.612 294.807 225.196 0.117 0.011
680 703 0 703 63.224 294.807 231.583 0.117 0.011
681 703 0 703 58.152 276.634 218.482 0.117 0.011
682 665 0 665 52.591 276.588 223.997 0.100 0.011
683 656 0 656 48.013 238.092 190.079 0.100 0.011
684 656 0 656 43.283 187.204 143.921 0.100 0.011
685 656 0 656 38.746 187.204 148.458 0.100 0.011
686 656 0 656 34.305 187.204 152.899 0.100 0.011
687 656 0 656 29.499 187.204 157.705 0.100 0.011
688 484 0 484 25.994 187.204 161.211 0.100 0.011
689 484 0 484 22.963 187.204 164.241 0.100 0.011
690 484 0 484 19.687 187.204 167.518 0.100 0.011
691 484 0 484 15.821 187.204 171.383 0.100 0.011
692 366 0 366 12.953 187.204 174.251 0.100 0.011
693 364 0 364 10.207 187.204 176.997 0.100 0.011
694 306 0 306 7.852 187.204 179.352 0.083 0.011
695 302 0 302 5.557 187.204 181.647 0.083 0.010
696 298 0 298 3.770 187.204 183.434 0.083 0.010
697 298 0 298 2.638 187.204 184.566 0.083 0.010
698 298 0 298 1.560 187.204 185.645 0.083 0.010
699 298 0 298 0.996 187.204 186.208 0.083 0.009
700 225 0 225 0.685 187.204 186.519 0.083 0.009
701 225 0 225 0.525 187.234 186.709 0.083 0.009
702 225 0 225 0.401 187.263 186.862 0.083 0.008
703 225 0 225 0.355 187.263 186.908 0.083 0.008
704 225 0 225 0.289 187.263 186.974 0.083 0.007
705 225 0 225 0.289 187.292 187.003 0.067 0.007
706 225 0 225 0.293 187.322 187.029 0.067 0.007
707 225 0 225 0.288 187.322 187.034 0.067 0.006
708 225 0 225 0.315 187.351 187.037 0.067 0.006
709 225 0 225 0.320 187.351 187.031 0.067 0.005
710 225 0 225 0.380 187.351 186.972 0.067 0.005
711 225 0 225 0.547 187.351 186.805 0.067 0.005
712 225 0 225 0.877 187.351 186.474 0.067 0.004
713 225 0 225 1.465 187.351 185.887 0.067 0.004
714 255 0 255 2.489 187.351 184.863 0.067 0.004
715 364 0 364 4.075 187.351 183.276 0.050 0.003
716 365 0 365 6.187 187.351 181.164 0.050 0.003
717 365 0 365 8.890 187.351 178.462 0.050 0.003
718 365 0 365 11.473 187.351 175.878 0.050 0.003
719 522 0 522 15.694 187.351 171.657 0.050 0.003
720 522 0 522 18.899 187.381 168.482 0.050 0.002
721 522 0 522 24.336 187.381 163.045 0.050 0.002
722 522 0 522 30.517 187.381 156.864 0.050 0.002
723 617 0 617 37.462 187.399 149.937 0.050 0.002
724 617 0 617 44.796 187.399 142.603 0.050 0.002
725 617 0 617 53.279 187.399 134.120 0.033 0.002
726 716 0 716 64.092 187.399 123.307 0.033 0.002
727 716 0 716 73.298 187.399 114.101 0.033 0.001
728 841 0 841 83.574 187.399 103.825 0.033 0.001
729 1038 0 1038 96.676 187.399 90.723 0.033 0.001
730 1038 0 1038 110.037 187.399 77.362 0.033 0.001
731 1038 0 1038 123.602 187.399 63.797 0.033 0.001
732 1038 0 1038 136.265 187.399 51.134 0.033 0.001
733 1180 0 1180 151.473 187.399 35.926 0.050 0.001
734 1559 0 1559 168.077 187.399 19.321 0.050 0.001
735 1628 0 1628 189.414 187.399 2.016 0.033 0.001
736 1628 0 1628 210.142 187.399 22.743 0.033 0.001
737 1638 0 1638 229.524 187.399 42.125 0.033 0.001
738 1638 0 1638 252.491 187.399 65.092 0.050 0.001
739 1638 0 1638 272.518 187.399 85.120 0.050 0.002
740 1670 0 1670 293.225 187.399 105.826 0.050 0.002
741 1670 0 1670 316.382 187.399 128.983 0.067 0.002
742 1670 0 1670 338.867 230.108 108.758 0.067 0.002
743 1670 0 1670 358.252 230.108 128.144 0.067 0.002
744 1958 0 1958 378.611 274.992 103.619 0.067 0.002
745 2323 0 2323 402.162 274.992 127.170 0.067 0.002
746 2776 0 2776 423.518 274.992 148.526 0.067 0.002
747 2791 0 2791 449.463 274.992 174.471 0.083 0.002
748 3025 0 3025 472.941 274.992 197.949 0.100 0.003
749 3025 0 3025 494.588 327.901 166.687 0.100 0.003
750 3025 0 3025 511.296 327.901 183.395 0.100 0.003
751 3025 0 3025 527.651 327.901 199.750 0.100 0.003
752 3025 0 3025 541.596 327.901 213.696 0.100 0.003
753 3025 0 3025 556.230 327.901 228.330 0.100 0.004
754 3025 0 3025 572.471 365.389 207.082 0.100 0.004
755 3025 0 3025 585.710 365.389 220.321 0.100 0.004
756 3025 0 3025 597.976 380.090 217.886 0.100 0.004
757 3025 0 3025 612.268 380.184 232.084 0.100 0.005
758 3025 0 3025 624.486 420.727 203.759 0.100 0.005
759 3025 0 3025 636.691 420.816 215.875 0.100 0.005
760 3025 0 3025 649.095 441.076 208.019 0.100 0.005
761 3025 0 3025 661.435 441.076 220.359 0.100 0.005
762 3025 0 3025 672.669 441.076 231.592 0.100 0.006
763 3025 0 3025 685.928 489.939 195.989 0.100 0.006
764 3025 0 3025 699.542 489.939 209.603 0.100 0.006
765 3025 0 3025 711.462 489.939 221.523 0.100 0.006
766 3025 0 3025 723.178 490.027 233.151 0.100 0.007
767 3025 0 3025 736.534 490.113 246.421 0.100 0.007
768 3025 0 3025 746.988 502.211 244.777 0.100 0.007
769 3025 0 3025 757.201 502.298 254.902 0.100 0.007
770 3025 0 3025 769.505 517.679 251.825 0.100 0.008
771 3025 0 3025 782.153 578.909 203.245 0.100 0.008
772 3025 0 3025 792.225 578.909 213.316 0.100 0.008
773 3025 0 3025 802.477 578.909 223.568 0.100 0.008
774 3025 0 3025 813.284 578.909 234.375 0.100 0.008
775 3025 0 3025 823.768 618.676 205.091 0.100 0.009
776 3025 0 3025 834.223 618.676 215.547 0.100 0.009
777 3025 0 3025 845.360 618.676 226.684 0.100 0.009
778 3025 0 3025 853.404 618.676 234.728 0.100 0.009
779 3025 0 3025 863.849 618.676 245.173 0.100 0.009
780 3025 0 3025 870.930 618.676 252.253 0.100 0.010
781 3025 0 3025 880.530 664.412 216.118 0.100 0.010
782 3025 0 3025 889.893 709.533 180.360 0.117 0.010
783 3025 0 3025 898.801 709.591 189.210 0.117 0.010
784 3025 0 3025 906.799 709.591 197.208 0.117 0.010
785 3025 0 3025 914.970 750.696 164.273 0.117 0.010
786 3025 0 3025 924.688 750.696 173.991 0.117 0.010
787 3025 0 3025 931.857 750.696 181.160 0.117 0.010
788 3025 0 3025 937.888 750.696 187.192 0.117 0.010
789 3025 0 3025 945.150 750.696 194.453 0.117 0.010
790 3025 0 3025 952.257 786.864 165.394 0.117 0.010
791 3025 0 3025 958.502 786.864 171.639 0.117 0.011
792 3025 0 3025 962.723 786.864 175.859 0.117 0.011
793 3025 0 3025 965.956 786.864 179.092 0.117 0.011
794 3025 0 3025 968.213 786.864 181.350 0.117 0.011
795 3025 0 3025 969.754 786.864 182.890 0.100 0.010
796 3025 0 3025 969.164 786.864 182.300 0.100 0.010
797 3025 0 3025 969.665 786.864 182.801 0.100 0.010
798 3025 0 3025 968.036 786.864 181.172 0.083 0.010
799 3025 0 3025 965.032 786.864 178.168 0.083 0.010
800 3025 0 3025 961.614 786.864 174.751 0.083 0.010
801 3025 0 3025 956.983 786.864 170.119 0.083 0.010
802 3025 0 3025 951.347 786.870 164.477 0.083 0.010
803 3025 0 3025 946.358 786.870 159.488 0.083 0.010
804 3025 0 3025 938.601 786.870 151.731 0.083 0.010
805 3025 0 3025 925.329 786.870 138.459 0.083 0.010
806 3025 0 3025 915.175 786.870 128.305 0.083 0.009
807 3025 0 3025 896.274 786.870 109.405 0.083 0.009
808 2468 0 2468 880.579 786.870 93.709 0.083 0.009
809 1382 0 1382 863.811 786.870 76.942 0.083 0.009
810 1382 0 1382 849.896 786.870 63.026 0.083 0.009
811 1382 0 1382 835.785 786.870 48.915 0.083 0.008
812 1382 0 1382 820.339 786.870 33.469 0.083 0.008
813 1382 0 1382 802.840 786.870 15.970 0.100 0.008
814 1382 0 1382 783.611 786.870 3.259 0.100 0.008
815 1382 0 1382 764.385 786.870 22.485 0.100 0.008
816 1382 0 1382 743.810 786.768 42.957 0.100 0.008
817 1382 0 1382 722.344 786.652 64.308 0.100 0.008
818 1382 0 1382 697.872 786.652 88.780 0.117 0.008
819 1382 0 1382 674.757 786.625 111.868 0.117 0.008
820 1382 0 1382 650.341 786.515 136.174 0.117 0.008
821 1382 0 1382 622.294 786.515 164.221 0.117 0.008
822 1382 0 1382 599.649 786.515 186.866 0.117 0.008
823 1382 0 1382 573.020 786.515 213.495 0.117 0.008
824 1350 0 1350 546.941 786.515 239.574 0.117 0.009
825 1350 0 1350 523.163 744.132 220.969 0.117 0.009
826 1350 0 1350 497.072 725.436 228.364 0.117 0.009
827 1350 0 1350 470.827 715.439 244.611 0.117 0.009
828 1350 0 1350 449.459 675.639 226.180 0.117 0.009
829 1350 0 1350 425.053 675.578 250.524 0.117 0.010
830 1350 0 1350 404.938 623.458 218.519 0.117 0.010
831 1350 0 1350 384.611 608.749 224.138 0.117 0.010
832 1350 0 1350 366.962 608.749 241.787 0.117 0.010
833 1350 0 1350 343.815 587.986 244.171 0.117 0.010
834 1350 0 1350 322.492 553.339 230.847 0.117 0.010
835 1350 0 1350 305.703 553.339 247.636 0.117 0.010
836 1257 0 1257 286.565 491.371 204.806 0.100 0.010
837 1257 0 1257 268.503 479.475 210.972 0.100 0.010
838 1257 0 1257 253.407 436.402 182.995 0.100 0.010
839 1257 0 1257 240.324 436.402 196.077 0.117 0.010
840 1148 0 1148 226.584 436.402 209.818 0.117 0.010
841 1148 0 1148 214.286 436.402 222.116 0.117 0.010
842 1148 0 1148 202.986 436.402 233.416 0.100 0.010
843 1148 0 1148 190.897 436.402 245.505 0.100 0.010
844 1064 0 1064 180.922 436.402 255.480 0.100 0.010
845 1014 0 1014 171.595 436.325 264.730 0.100 0.010
846 998 0 998 162.263 398.896 236.633 0.100 0.010
847 998 0 998 152.745 356.819 204.074 0.100 0.010
848 981 0 981 143.750 333.520 189.770 0.100 0.010
849 919 0 919 135.669 333.520 197.852 0.100 0.010
850 919 0 919 127.653 333.520 205.867 0.100 0.010
851 889 0 889 119.752 333.520 213.769 0.100 0.010
852 880 0 880 113.475 333.520 220.046 0.100 0.010
853 880 0 880 105.432 333.520 228.088 0.100 0.010
854 860 0 860 99.387 333.520 234.134 0.100 0.010
855 860 0 860 92.581 333.520 240.940 0.100 0.010
856 860 0 860 86.985 333.520 246.535 0.100 0.010
857 824 0 824 81.620 333.520 251.901 0.100 0.010
858 824 0 824 75.141 333.520 258.379 0.100 0.010
859 824 0 824 69.288 333.520 264.233 0.100 0.010
860 824 0 824 64.667 333.520 268.853 0.100 0.010
861 802 0 802 59.818 333.520 273.702 0.100 0.010
862 787 0 787 53.788 287.684 233.897 0.100 0.010
863 787 0 787 49.430 287.684 238.254 0.100 0.010
864 715 0 715 44.323 275.973 231.650 0.117 0.010
865 715 0 715 38.830 275.973 237.143 0.117 0.011
866 680 0 680 34.339 275.973 241.635 0.117 0.011
867 680 0 680 29.011 275.973 246.962 0.100 0.011
868 560 0 560 25.164 238.815 213.651 0.100 0.011
869 560 0 560 21.024 238.815 217.791 0.100 0.011
870 560 0 560 17.368 226.180 208.812 0.100 0.011
871 419 0 419 14.103 226.180 212.077 0.100 0.011
872 415 0 415 11.225 226.180 214.955 0.100 0.011
873 415 0 415 8.501 226.180 217.679 0.100 0.010
874 280 0 280 6.111 226.180 220.069 0.100 0.010
875 274 0 274 4.259 226.180 221.921 0.100 0.010
876 274 0 274 2.838 226.208 223.369 0.100 0.010
877 262 0 262 1.882 226.221 224.339 0.083 0.010
878 262 0 262 1.185 226.221 225.036 0.083 0.010
879 262 0 262 0.795 226.221 225.426 0.083 0.009
880 188 0 188 0.550 226.258 225.708 0.083 0.009
881 188 0 188 0.361 226.221 225.860 0.083 0.008
882 152 0 152 0.227 226.221 225.994 0.083 0.008
883 152 0 152 0.187 226.221 226.034 0.083 0.008
884 152 0 152 0.192 226.221 226.028 0.083 0.007
885 152 0 152 0.174 226.221 226.047 0.083 0.007
886 152 0 152 0.173 226.221 226.048 0.083 0.007
887 216 0 216 0.221 226.184 225.963 0.083 0.006
888 216 0 216 0.258 226.184 225.926 0.083 0.006
889 216 0 216 0.306 226.184 225.878 0.083 0.005
890 216 0 216 0.371 226.221 225.850 0.083 0.005
891 295 0 295 0.561 226.221 225.660 0.067 0.005
892 295 0 295 0.902 226.221 225.319 0.067 0.004
893 295 0 295 1.484 226.258 224.774 0.050 0.004
894 295 0 295 2.395 226.258 223.863 0.050 0.004
895 358 0 358 3.946 226.258 222.312 0.050 0.004
896 574 0 574 5.993 226.258 220.265 0.050 0.003
897 574 0 574 8.392 226.258 217.866 0.050 0.003
898 574 0 574 11.641 226.258 214.616 0.050 0.003
899 574 0 574 15.729 226.258 210.529 0.050 0.003
900 574 0 574 21.019 226.258 205.239 0.050 0.002
901 574 0 574 26.422 226.258 199.836 0.050 0.002
902 576 0 576 32.642 226.258 193.615 0.050 0.002
903 576 0 576 38.988 226.258 187.270 0.050 0.002
904 625 0 625 47.430 226.258 178.828 0.050 0.002
905 625 0 625 55.288 226.295 171.007 0.050 0.002
906 625 0 625 63.157 226.295 163.138 0.033 0.002
907 779 0 779 73.962 226.295 152.333 0.033 0.002
908 947 0 947 86.098 226.295 140.197 0.033 0.002
909 947 0 947 98.703 226.295 127.591 0.033 0.001
910 947 0 947 113.441 226.295 112.853 0.033 0.001
911 947 0 947 126.992 226.295 99.302 0.050 0.001
912 947 0 947 139.895 226.295 86.400 0.050 0.001
913 947 0 947 155.630 226.360 70.730 0.050 0.001
914 1110 0 1110 173.254 226.360 53.106 0.050 0.001
915 1312 0 1312 192.232 226.360 34.129 0.050 0.002
916 1312 0 1312 211.654 226.360 14.706 0.050 0.002
917 1312 0 1312 228.460 226.360 2.100 0.050 0.002
918 1312 0 1312 244.657 226.360 18.296 0.050 0.002
919 1459 0 1459 267.642 226.360 41.281 0.050 0.002
920 1459 0 1459 287.234 226.360 60.874 0.050 0.002
921 1787 0 1787 308.476 226.360 82.115 0.067 0.002
922 1989 0 1989 330.718 226.360 104.358 0.067 0.002
923 1992 0 1992 354.473 226.360 128.113 0.067 0.002
924 1992 0 1992 373.746 226.360 147.386 0.050 0.002
925 1992 0 1992 391.036 276.183 114.853 0.067 0.002
926 1992 0 1992 409.269 276.183 133.085 0.067 0.002
927 1992 0 1992 425.895 276.183 149.712 0.067 0.003
928 1992 0 1992 443.372 276.183 167.188 0.067 0.003
929 1992 0 1992 461.433 276.183 185.249 0.067 0.003
930 1992 0 1992 479.182 276.183 202.998 0.067 0.003
931 1992 0 1992 495.559 276.183 219.375 0.067 0.003
932 1992 0 1992 511.049 276.183 234.866 0.067 0.003
933 1992 0 1992 528.260 276.183 252.077 0.067 0.004
934 1992 0 1992 543.010 276.183 266.827 0.067 0.004
935 1992 0 1992 558.542 286.647 271.895 0.067 0.004
936 1992 0 1992 574.183 332.293 241.890 0.067 0.004
937 1992 0 1992 588.164 378.162 210.001 0.067 0.005
938 1992 0 1992 602.038 378.162 223.876 0.067 0.005
939 1992 0 1992 615.249 414.672 200.578 0.067 0.005
940 1992 0 1992 628.162 414.672 213.490 0.067 0.006
941 1992 0 1992 639.495 414.831 224.664 0.067 0.006
942 1992 0 1992 650.877 414.831 236.045 0.067 0.006
943 1992 0 1992 664.427 414.831 249.595 0.067 0.006
944 1992 0 1992 675.264 463.428 211.836 0.067 0.006
945 1992 0 1992 687.660 463.428 224.232 0.067 0.007
946 1992 0 1992 698.961 463.428 235.533 0.067 0.007
947 1992 0 1992 709.754 477.252 232.502 0.067 0.007
948 1992 0 1992 720.628 477.252 243.376 0.083 0.007
949 1992 0 1992 731.670 477.348 254.323 0.083 0.008
950 1992 0 1992 740.870 477.348 263.523 0.083 0.008
951 1992 0 1992 749.874 477.348 272.526 0.083 0.008
952 1992 0 1992 761.521 539.040 222.482 0.083 0.008
953 1992 0 1992 772.825 539.040 233.786 0.083 0.008
954 1992 0 1992 782.745 539.107 243.637 0.083 0.009
955 1992 0 1992 792.020 548.701 243.319 0.083 0.009
956 1992 0 1992 802.146 548.701 253.445 0.083 0.009
957 1992 0 1992 811.025 548.701 262.324 0.083 0.009
958 1992 0 1992 821.087 601.430 219.658 0.083 0.009
959 1992 0 1992 830.983 601.430 229.554 0.083 0.009
960 1992 0 1992 841.471 601.430 240.042 0.083 0.010
961 1992 0 1992 851.186 651.433 199.754 0.083 0.010
962 1992 0 1992 860.335 651.433 208.902 0.083 0.010
963 1992 0 1992 868.607 651.433 217.174 0.083 0.010
964 1992 0 1992 878.165 705.271 172.894 0.083 0.010
965 1992 0 1992 885.961 705.271 180.689 0.083 0.010
966 1992 0 1992 891.973 705.271 186.701 0.083 0.010
967 1992 0 1992 899.505 705.271 194.234 0.083 0.010
968 1992 0 1992 906.458 705.271 201.186 0.083 0.010
969 1992 0 1992 912.814 723.194 189.620 0.083 0.010
970 1992 0 1992 918.738 723.194 195.545 0.083 0.010
971 1992 0 1992 923.818 723.194 200.625 0.083 0.010
972 1992 0 1992 928.593 723.194 205.399 0.083 0.010
973 1992 0 1992 932.964 723.207 209.758 0.083 0.010
974 1992 0 1992 936.311 723.207 213.104 0.083 0.010
975 1992 0 1992 936.831 723.207 213.624 0.083 0.010
976 1992 0 1992 937.465 723.207 214.259 0.083 0.010
977 1992 0 1992 938.101 723.207 214.894 0.083 0.010
978 1992 0 1992 937.330 723.207 214.123 0.083 0.010
979 1992 0 1992 934.905 723.207 211.699 0.083 0.010
980 1992 0 1992 932.791 723.207 209.584 0.083 0.010
981 1992 0 1992 929.518 723.207 206.312 0.083 0.010
982 1992 0 1992 923.488 723.207 200.281 0.083 0.010
983 1594 0 1594 917.124 723.207 193.917 0.083 0.010
984 1594 0 1594 909.840 723.207 186.634 0.083 0.010
985 1594 0 1594 905.701 723.207 182.495 0.083 0.009
986 1594 0 1594 898.363 723.207 175.157 0.083 0.009
987 1594 0 1594 890.626 723.207 167.419 0.083 0.009
988 1594 0 1594 880.764 723.207 157.558 0.083 0.009
989 1594 0 1594 866.919 723.207 143.712 0.083 0.009
990 1499 0 1499 853.663 723.207 130.456 0.083 0.009
991 1499 0 1499 839.864 723.207 116.658 0.083 0.008
992 1499 0 1499 822.727 723.207 99.521 0.100 0.008
993 1499 0 1499 806.678 723.207 83.471 0.100 0.008
994 1499 0 1499 790.521 723.207 67.314 0.100 0.008
995 1499 0 1499 769.626 723.207 46.419 0.100 0.008
996 1499 0 1499 749.757 723.207 26.550 0.100 0.008
997 1499 0 1499 724.582 723.207 1.375 0.100 0.008
998 1499 0 1499 698.919 723.207 24.288 0.100 0.008
999 1499 0 1499 670.768 723.107 52.339 0.117 0.008
1000 1499 0 1499 644.752 723.107 78.354 0.117 0.008
1001 1499 0 1499 621.844 722.968 101.123 0.117 0.008
1002 1499 0 1499 595.485 722.968 127.483 0.117 0.008
1003 1499 0 1499 567.349 722.968 155.618 0.117 0.008
1004 1499 0 1499 543.839 722.968 179.129 0.117 0.009
1005 1499 0 1499 518.127 722.968 204.841 0.117 0.009
1006 1297 0 1297 495.280 722.968 227.688 0.117 0.009
1007 1297 0 1297 474.158 722.968 248.810 0.117 0.009
1008 1297 0 1297 451.511 705.645 254.134 0.100 0.009
1009 1297 0 1297 428.438 671.626 243.187 0.100 0.009
1010 1267 0 1267 409.308 615.791 206.483 0.100 0.010
1011 1267 0 1267 389.237 603.781 214.544 0.100 0.010
1012 1267 0 1267 368.961 603.781 234.820 0.100 0.010
1013 1267 0 1267 350.382 603.781 253.399 0.100 0.010
1014 1267 0 1267 334.595 603.717 269.122 0.100 0.010
1015 1237 0 1237 316.676 603.717 287.042 0.100 0.010
1016 1237 0 1237 297.361 544.552 247.192 0.100 0.010
1017 1237 0 1237 281.837 522.366 240.529 0.100 0.010
1018 1237 0 1237 264.804 503.176 238.372 0.100 0.010
1019 1237 0 1237 248.987 503.176 254.189 0.100 0.010
1020 1189 0 1189 235.123 447.850 212.727 0.100 0.010
1021 1189 0 1189 222.008 407.530 185.522 0.100 0.011
1022 1189 0 1189 209.842 384.459 174.618 0.100 0.011
1023 1189 0 1189 198.411 384.392 185.981 0.100 0.011
1024 1189 0 1189 187.325 384.392 197.067 0.100 0.011
1025 1189 0 1189 177.057 384.392 207.335 0.100 0.011
1026 1189 0 1189 166.564 384.392 217.828 0.100 0.011
1027 1189 0 1189 156.865 339.132 182.267 0.100 0.011
1028 1189 0 1189 148.627 339.132 190.505 0.100 0.011
1029 1189 0 1189 137.732 339.132 201.400 0.100 0.011
1030 1137 0 1137 129.792 339.132 209.340 0.100 0.011
1031 1137 0 1137 122.688 339.132 216.444 0.100 0.011
1032 1137 0 1137 115.642 339.074 223.431 0.100 0.011
1033 970 0 970 107.386 339.074 231.688 0.100 0.011
1034 970 0 970 99.832 339.074 239.242 0.100 0.011
1035 970 0 970 93.112 339.074 245.962 0.100 0.011
1036 892 0 892 85.569 293.467 207.898 0.100 0.011
1037 892 0 892 79.675 293.467 213.791 0.100 0.011
1038 892 0 892 73.098 293.467 220.369 0.100 0.011
1039 892 0 892 67.616 293.467 225.851 0.100 0.011
1040 736 0 736 62.314 293.467 231.153 0.100 0.011
1041 736 0 736 57.198 293.467 236.269 0.100 0.011
1042 736 0 736 51.897 293.467 241.570 0.100 0.011
1043 736 0 736 47.322 293.467 246.145 0.100 0.011
1044 736 0 736 41.471 293.467 251.996 0.100 0.011
1045 736 0 736 37.661 250.432 212.771 0.100 0.011
1046 736 0 736 33.400 250.432 217.032 0.100 0.011
1047 736 0 736 29.831 250.432 220.601 0.100 0.011
1048 736 0 736 25.784 250.432 224.648 0.100 0.011
1049 736 0 736 21.493 250.432 228.939 0.100 0.011
1050 736 0 736 17.863 250.391 232.528 0.100 0.011
1051 444 0 444 14.854 250.391 235.537 0.100 0.011
1052 444 0 444 11.653 250.391 238.738 0.100 0.011
1053 433 0 433 9.289 209.488 200.198 0.100 0.011
1054 433 0 433 7.320 209.488 202.168 0.100 0.011
1055 255 0 255 5.034 209.488 204.454 0.100 0.010
1056 255 0 255 3.645 209.488 205.843 0.100 0.010
1057 255 0 255 2.401 209.488 207.087 0.100 0.010
1058 255 0 255 1.533 209.488 207.955 0.100 0.010
1059 255 0 255 0.928 209.521 208.593 0.083 0.009
1060 233 0 233 0.518 209.521 209.003 0.083 0.009
1061 233 0 233 0.357 209.555 209.198 0.083 0.009
1062 233 0 233 0.274 209.555 209.281 0.083 0.008
1063 233 0 233 0.231 209.555 209.324 0.083 0.008
1064 233 0 233 0.216 209.555 209.338 0.083 0.007
1065 233 0 233 0.173 209.555 209.381 0.083 0.007
1066 233 0 233 0.182 209.555 209.373 0.083 0.007
1067 233 0 233 0.199 209.555 209.356 0.083 0.006
1068 233 0 233 0.207 209.521 209.314 0.083 0.006
1069 233 0 233 0.286 209.521 209.235 0.083 0.005
1070 272 0 272 0.443 209.521 209.078 0.067 0.005
1071 288 0 288 0.653 209.521 208.868 0.067 0.005
1072 288 0 288 1.015 209.521 208.506 0.067 0.004
1073 356 0 356 1.789 209.521 207.733 0.067 0.004
1074 356 0 356 2.785 209.521 206.737 0.067 0.004
1075 356 0 356 4.166 209.521 205.355 0.067 0.004
1076 356 0 356 6.066 209.501 203.434 0.050 0.003
1077 356 0 356 8.535 209.501 200.966 0.050 0.003
1078 418 0 418 11.659 209.501 197.842 0.050 0.003
1079 444 0 444 15.453 209.501 194.048 0.050 0.003
1080 486 0 486 19.742 209.501 189.759 0.050 0.002
1081 583 0 583 24.216 209.533 185.317 0.050 0.002
1082 634 0 634 30.216 209.533 179.318 0.050 0.002
1083 634 0 634 36.924 209.566 172.643 0.050 0.002
1084 634 0 634 44.586 209.566 164.981 0.050 0.002
1085 634 0 634 53.063 209.566 156.503 0.050 0.002
1086 634 0 634 62.706 209.566 146.861 0.050 0.002
1087 651 0 651 73.743 209.566 135.823 0.050 0.001
1088 660 0 660 83.037 209.566 126.529 0.050 0.001
1089 838 0 838 96.752 209.566 112.814 0.050 0.001
1090 838 0 838 108.341 209.566 101.226 0.033 0.001
1091 847 0 847 121.120 209.566 88.447 0.033 0.001
1092 847 0 847 135.954 209.600 73.646 0.033 0.001
1093 929 0 929 150.575 209.600 59.024 0.033 0.001
1094 1062 0 1062 169.745 209.600 39.855 0.033 0.001
1095 1117 0 1117 186.155 209.600 23.444 0.033 0.001
1096 1200 0 1200 203.853 209.600 5.747 0.050 0.001
1097 1431 0 1431 224.435 209.600 14.835 0.050 0.001
1098 1633 0 1633 242.674 209.600 33.075 0.050 0.001
1099 1633 0 1633 262.717 209.600 53.117 0.050 0.002
1100 1951 0 1951 283.236 209.600 73.636 0.050 0.002
1101 2193 0 2193 309.835 209.600 100.235 0.050 0.002
1102 2193 0 2193 336.475 209.600 126.875 0.067 0.002
1103 2193 0 2193 357.807 209.600 148.207 0.067 0.002
1104 2193 0 2193 381.570 209.600 171.971 0.067 0.002
1105 2193 0 2193 400.938 209.600 191.338 0.067 0.002
1106 2193 0 2193 420.407 209.600 210.808 0.067 0.002
1107 2193 0 2193 440.407 251.969 188.438 0.067 0.002
1108 2193 0 2193 457.486 251.969 205.517 0.067 0.003
1109 2193 0 2193 475.500 291.654 183.845 0.083 0.003
1110 2193 0 2193 492.138 291.701 200.438 0.083 0.003
1111 2193 0 2193 507.049 291.701 215.348 0.083 0.003
1112 2193 0 2193 521.079 291.701 229.378 0.083 0.003
1113 2193 0 2193 536.898 291.701 245.198 0.083 0.004
1114 2193 0 2193 551.687 291.701 259.986 0.083 0.004
1115 2193 0 2193 568.399 377.572 190.827 0.083 0.004
1116 2193 0 2193 582.591 377.572 205.019 0.083 0.004
1117 2193 0 2193 595.269 377.572 217.697 0.083 0.005
1118 2193 0 2193 607.690 430.299 177.392 0.083 0.005
1119 2193 0 2193 619.993 430.384 189.609 0.083 0.005
1120 2193 0 2193 632.504 450.989 181.515 0.083 0.005
1121 2193 0 2193 644.965 450.989 193.976 0.083 0.006
1122 2193 0 2193 656.079 450.989 205.090 0.083 0.006
1123 2193 0 2193 667.286 450.989 216.297 0.083 0.006
1124 2193 0 2193 677.943 450.989 226.954 0.083 0.006
1125 2193 0 2193 691.726 450.989 240.737 0.083 0.006
1126 2193 0 2193 703.478 462.714 240.764 0.083 0.007
1127 2193 0 2193 714.846 500.261 214.585 0.083 0.007
1128 2193 0 2193 725.097 500.338 224.758 0.083 0.007
1129 2193 0 2193 736.337 500.338 235.998 0.083 0.007
1130 2193 0 2193 747.464 515.643 231.821 0.083 0.008
1131 2193 0 2193 758.972 535.170 223.803 0.083 0.008
1132 2193 0 2193 770.392 535.170 235.222 0.083 0.008
1133 2193 0 2193 783.041 535.170 247.872 0.083 0.008
1134 2193 0 2193 793.172 535.170 258.003 0.083 0.009
1135 2193 0 2193 804.090 545.611 258.479 0.083 0.009
1136 2193 0 2193 814.754 594.988 219.767 0.083 0.009
1137 2193 0 2193 825.069 594.988 230.082 0.083 0.009
1138 2193 0 2193 835.128 594.988 240.140 0.083 0.009
1139 2193 0 2193 844.374 594.988 249.386 0.083 0.009
1140 2193 0 2193 853.180 634.949 218.231 0.083 0.010
1141 2193 0 2193 861.212 634.981 226.231 0.083 0.010
1142 2193 0 2193 870.330 651.830 218.500 0.083 0.010
1143 2193 0 2193 879.018 673.773 205.244 0.083 0.010
1144 2193 0 2193 887.466 713.789 173.677 0.083 0.010
1145 2193 0 2193 895.499 713.789 181.710 0.083 0.010
1146 2193 0 2193 903.854 713.789 190.065 0.083 0.010
1147 2193 0 2193 912.107 713.789 198.318 0.083 0.010
1148 2193 0 2193 917.921 713.789 204.132 0.100 0.010
1149 2193 0 2193 924.849 713.789 211.060 0.100 0.010
1150 2193 0 2193 930.128 713.789 216.339 0.100 0.011
1151 2193 0 2193 934.999 713.789 221.210 0.100 0.011
1152 2193 0 2193 940.672 713.789 226.883 0.100 0.011
1153 2193 0 2193 943.805 713.789 230.016 0.100 0.011
1154 2193 0 2193 948.658 724.210 224.447 0.100 0.011
1155 2193 0 2193 950.990 724.210 226.779 0.100 0.011
1156 2193 0 2193 951.475 724.210 227.264 0.083 0.011
1157 2193 0 2193 951.596 724.210 227.385 0.083 0.010
1158 2193 0 2193 949.680 724.210 225.469 0.083 0.010
1159 2193 0 2193 948.415 724.210 224.204 0.083 0.010
1160 2193 0 2193 943.389 765.275 178.114 0.083 0.010
1161 2182 0 2182 937.750 765.275 172.476 0.083 0.010
1162 2095 0 2095 928.178 765.275 162.903 0.083 0.010
1163 1830 0 1830 920.913 765.275 155.639 0.083 0.010
1164 1441 0 1441 910.595 765.275 145.320 0.083 0.010
1165 1422 0 1422 902.962 765.275 137.688 0.083 0.010
1166 1422 0 1422 893.747 765.275 128.473 0.083 0.010
1167 1422 0 1422 884.601 765.275 119.327 0.100 0.009
1168 1422 0 1422 873.948 765.275 108.673 0.083 0.009
1169 1422 0 1422 863.146 765.275 97.871 0.083 0.009
1170 1422 0 1422 848.672 765.275 83.397 0.083 0.009
1171 1422 0 1422 833.412 765.275 68.138 0.083 0.009
1172 1422 0 1422 818.986 765.275 53.712 0.083 0.008
1173 1422 0 1422 801.084 765.275 35.809 0.100 0.008
1174 1422 0 1422 783.648 765.275 18.373 0.100 0.008
1175 1422 0 1422 761.506 765.275 3.769 0.100 0.008
1176 1422 0 1422 739.413 765.275 25.861 0.100 0.008
1177 1422 0 1422 718.145 765.275 47.130 0.100 0.008
1178 1422 0 1422 699.133 765.275 66.142 0.100 0.008
1179 1422 0 1422 674.385 765.245 90.860 0.100 0.008
1180 1422 0 1422 653.214 765.245 112.031 0.100 0.008
1181 1422 0 1422 627.876 765.245 137.369 0.100 0.008
1182 1422 0 1422 603.059 765.137 162.078 0.100 0.008
1183 1422 0 1422 577.630 765.137 187.507 0.100 0.008
1184 1422 0 1422 551.705 720.898 169.194 0.117 0.009
1185 1422 0 1422 524.257 710.419 186.162 0.117 0.009
1186 1417 0 1417 500.377 710.419 210.042 0.100 0.009
1187 1417 0 1417 476.689 710.354 233.664 0.100 0.009
1188 1417 0 1417 453.761 710.354 256.593 0.100 0.009
1189 1417 0 1417 433.017 690.377 257.360 0.100 0.010
1190 1304 0 1304 412.098 675.649 263.551 0.117 0.010
1191 1304 0 1304 392.010 675.649 283.640 0.117 0.010
1192 1286 0 1286 372.413 636.449 264.036 0.100 0.010
1193 1283 0 1283 352.078 580.465 228.388 0.117 0.010
1194 1283 0 1283 334.603 538.698 204.095 0.117 0.010
1195 1233 0 1233 315.019 515.392 200.374 0.100 0.010
1196 1168 0 1168 294.890 515.392 220.503 0.117 0.010
1197 1147 0 1147 278.090 501.450 223.360 0.117 0.011
1198 1147 0 1147 262.381 501.450 239.069 0.117 0.011
1199 1145 0 1145 249.051 501.450 252.398 0.100 0.011
