1 449 0 449 262.041 276.793 14.752 6.000 1.442
2 449 0 449 275.567 284.450 8.883 3.000 0.735
3 518 0 518 295.202 288.336 6.866 2.333 0.502
4 518 0 518 310.022 297.736 12.285 1.750 0.385
5 780 0 780 322.483 310.802 11.682 1.400 0.313
6 780 0 780 342.619 325.632 16.987 1.333 0.268
7 780 0 780 354.499 337.713 16.785 1.286 0.234
8 780 0 780 372.663 348.879 23.784 1.250 0.210
9 831 0 831 393.258 377.539 15.719 1.222 0.191
10 1102 0 1102 414.651 397.227 17.423 1.300 0.176
11 1279 0 1279 435.503 414.865 20.638 1.273 0.164
12 1763 0 1763 458.789 441.633 17.157 1.583 0.153
13 1930 0 1930 487.411 471.154 16.257 2.000 0.144
14 2216 0 2216 514.429 507.237 7.192 2.214 0.136
15 2514 0 2514 540.908 521.201 19.707 2.400 0.129
16 2723 0 2723 574.323 571.440 2.884 2.688 0.124
17 2800 0 2800 601.010 592.557 8.452 2.824 0.119
18 2967 0 2967 628.046 623.659 4.386 3.000 0.114
19 2967 0 2967 661.160 649.654 11.506 3.053 0.111
20 2967 0 2967 682.067 660.154 21.913 3.050 0.107
21 2967 0 2967 714.929 702.420 12.509 3.143 0.104
22 2967 0 2967 737.634 724.917 12.717 3.136 0.101
23 2967 0 2967 758.735 743.727 15.008 3.087 0.099
24 3096 0 3096 775.961 755.957 20.004 3.042 0.096
25 3385 0 3385 793.693 784.572 9.121 3.080 0.094
26 3423 0 3423 811.681 796.720 14.961 3.077 0.093
27 3511 0 3511 825.216 810.377 14.840 3.037 0.091
28 3665 0 3665 837.000 810.677 26.323 3.000 0.089
29 3665 0 3665 851.355 832.639 18.716 2.966 0.088
30 3665 0 3665 863.081 834.651 28.430 2.900 0.086
31 3665 0 3665 867.382 834.928 32.454 2.806 0.085
32 3665 0 3665 870.498 836.408 34.090 2.719 0.084
33 3665 0 3665 874.336 849.164 25.172 2.667 0.083
34 3665 0 3665 877.509 849.585 27.923 2.588 0.082
35 3665 0 3665 880.789 853.008 27.782 2.543 0.081
36 3665 0 3665 884.497 858.232 26.265 2.472 0.080
37 3665 0 3665 888.320 862.046 26.274 2.405 0.079
38 3665 0 3665 891.373 862.597 28.776 2.368 0.078
39 3665 0 3665 894.395 864.949 29.445 2.308 0.077
40 3665 0 3665 897.334 868.034 29.300 2.275 0.076
41 3665 0 3665 900.331 871.108 29.223 2.220 0.075
42 3665 0 3665 903.876 873.719 30.157 2.167 0.074
43 3665 0 3665 906.444 876.813 29.631 2.116 0.073
44 3665 0 3665 909.812 895.384 14.429 2.068 0.072
45 3665 0 3665 912.222 895.407 16.814 2.022 0.071
46 3665 0 3665 914.294 897.841 16.452 1.978 0.070
47 3665 0 3665 916.427 898.674 17.753 1.957 0.069
48 3665 0 3665 918.904 901.302 17.602 1.917 0.068
49 3665 0 3665 920.803 903.935 16.868 1.878 0.067
50 3665 0 3665 922.582 903.935 18.648 1.840 0.066
51 3665 0 3665 924.230 908.764 15.465 1.804 0.066
52 3665 0 3665 925.737 912.332 13.406 1.769 0.065
53 3665 0 3665 926.925 914.196 12.729 1.736 0.064
54 3665 0 3665 928.131 915.538 12.594 1.722 0.063
55 3665 0 3665 928.941 915.538 13.403 1.691 0.062
56 3665 0 3665 929.616 915.538 14.079 1.661 0.061
57 3665 0 3665 930.079 915.538 14.542 1.632 0.060
58 3665 0 3665 930.539 918.012 12.527 1.621 0.059
59 3665 0 3665 930.808 918.012 12.796 1.593 0.058
60 3665 0 3665 931.016 918.012 13.004 1.567 0.057
61 3665 0 3665 939.580 923.662 15.917 1.550 0.034
62 3665 0 3665 946.609 927.904 18.705 1.533 0.034
63 3665 0 3665 955.422 932.667 22.755 1.533 0.034
64 3665 0 3665 965.230 943.225 22.005 1.550 0.034
65 3665 0 3665 971.887 943.225 28.662 1.550 0.034
66 3665 0 3665 982.038 964.399 17.640 1.567 0.034
67 3665 0 3665 988.676 970.419 18.258 1.567 0.034
68 3665 0 3665 997.601 970.419 27.183 1.567 0.034
69 3665 0 3665 1004.808 980.729 24.079 1.533 0.034
70 3665 0 3665 1011.829 990.608 21.220 1.517 0.034
71 3665 0 3665 1017.392 990.608 26.784 1.467 0.033
72 3665 0 3665 1021.377 996.555 24.821 1.383 0.033
73 3665 0 3665 1023.488 1010.885 12.603 1.267 0.033
74 3665 0 3665 1024.929 1016.694 8.235 1.200 0.033
75 3665 0 3665 1022.446 1008.481 13.965 1.150 0.032
76 3665 0 3665 1018.197 1008.481 9.717 1.083 0.032
77 3665 0 3665 1014.172 1000.358 13.814 1.050 0.032
78 3665 0 3665 1009.345 993.018 16.326 1.000 0.031
79 3665 0 3665 1001.835 993.018 8.817 0.983 0.031
80 3665 0 3665 994.877 984.384 10.493 0.983 0.031
81 3665 0 3665 983.387 976.981 6.406 0.967 0.030
82 3665 0 3665 973.982 964.562 9.420 1.000 0.030
83 3665 0 3665 963.752 959.259 4.492 1.017 0.029
84 3665 0 3665 953.583 946.575 7.008 1.050 0.029
85 3665 0 3665 939.321 939.852 0.531 1.067 0.029
86 3665 0 3665 924.148 929.552 5.404 1.133 0.028
87 3665 0 3665 909.666 919.301 9.635 1.183 0.028
88 3624 0 3624 894.096 907.870 13.775 1.233 0.028
89 2989 0 2989 874.290 900.810 26.520 1.300 0.028
90 2179 0 2179 855.437 877.097 21.659 1.367 0.028
91 1515 0 1515 841.532 863.833 22.301 1.383 0.028
92 1515 0 1515 828.673 854.271 25.598 1.400 0.028
93 1515 0 1515 810.807 837.907 27.100 1.400 0.028
94 1515 0 1515 794.061 826.008 31.947 1.400 0.028
95 1515 0 1515 774.286 798.508 24.221 1.400 0.029
96 1515 0 1515 751.929 782.216 30.287 1.400 0.030
97 1515 0 1515 727.084 752.600 25.516 1.400 0.030
98 1515 0 1515 704.628 736.069 31.442 1.400 0.031
99 1515 0 1515 677.836 710.660 32.824 1.417 0.032
100 1515 0 1515 653.717 680.153 26.436 1.400 0.034
101 1515 0 1515 629.746 661.643 31.897 1.400 0.035
102 1515 0 1515 602.669 630.365 27.696 1.417 0.036
103 1515 0 1515 577.163 603.284 26.121 1.417 0.037
104 1515 0 1515 550.821 579.514 28.693 1.417 0.039
105 1515 0 1515 529.506 554.377 24.871 1.433 0.040
106 1515 0 1515 505.528 534.279 28.750 1.433 0.041
107 1515 0 1515 482.109 505.804 23.695 1.417 0.043
108 1515 0 1515 457.620 476.598 18.978 1.433 0.044
109 1515 0 1515 434.680 456.981 22.300 1.433 0.045
110 1273 0 1273 411.801 435.861 24.060 1.433 0.047
111 1220 0 1220 389.751 418.544 28.793 1.433 0.048
112 1211 0 1211 368.763 395.249 26.486 1.433 0.049
113 1211 0 1211 348.594 373.280 24.686 1.450 0.050
114 1208 0 1208 329.401 356.759 27.357 1.433 0.051
115 1208 0 1208 310.486 332.635 22.149 1.450 0.052
116 1208 0 1208 294.432 315.878 21.446 1.450 0.053
117 1208 0 1208 279.832 314.231 34.399 1.467 0.054
118 1208 0 1208 265.510 299.294 33.784 1.450 0.055
119 1208 0 1208 251.916 278.747 26.831 1.467 0.056
120 1208 0 1208 237.727 272.074 34.347 1.467 0.057
121 1208 0 1208 223.831 251.605 27.774 1.483 0.057
122 1208 0 1208 209.453 239.651 30.198 1.500 0.057
123 1064 0 1064 196.906 225.063 28.157 1.500 0.057
124 1048 0 1048 188.462 219.923 31.461 1.500 0.057
125 1040 0 1040 177.574 209.166 31.592 1.483 0.057
126 1040 0 1040 167.679 193.458 25.779 1.467 0.057
127 1018 0 1018 157.621 189.953 32.332 1.483 0.057
128 1018 0 1018 148.130 174.784 26.654 1.483 0.057
129 1018 0 1018 140.094 169.255 29.161 1.483 0.057
130 1018 0 1018 132.099 169.255 37.156 1.467 0.057
131 1018 0 1018 124.631 156.098 31.467 1.483 0.057
132 1018 0 1018 118.434 147.532 29.099 1.500 0.057
133 964 0 964 111.388 141.698 30.310 1.517 0.057
134 964 0 964 105.327 135.909 30.582 1.517 0.057
135 964 0 964 96.826 127.513 30.687 1.517 0.057
136 964 0 964 87.857 111.637 23.780 1.483 0.057
137 964 0 964 80.881 108.862 27.981 1.450 0.057
138 905 0 905 75.483 103.130 27.647 1.400 0.057
139 905 0 905 69.888 95.534 25.645 1.367 0.057
140 905 0 905 63.544 90.138 26.595 1.333 0.057
141 733 0 733 57.779 90.138 32.359 1.267 0.057
142 733 0 733 52.471 82.852 30.381 1.200 0.057
143 733 0 733 47.517 75.820 28.302 1.167 0.057
144 733 0 733 43.450 70.721 27.271 1.100 0.057
145 733 0 733 38.409 58.164 19.755 1.033 0.057
146 733 0 733 33.630 58.164 24.534 0.933 0.056
147 686 0 686 28.864 51.229 22.365 0.850 0.056
148 686 0 686 24.858 45.883 21.025 0.783 0.056
149 509 0 509 20.640 45.883 25.243 0.683 0.056
150 509 0 509 17.161 45.883 28.722 0.667 0.055
151 509 0 509 14.366 38.398 24.033 0.683 0.055
152 494 0 494 11.937 35.169 23.232 0.667 0.054
153 414 0 414 9.226 35.164 25.938 0.650 0.053
154 414 0 414 7.329 29.330 22.001 0.650 0.053
155 414 0 414 5.498 29.330 23.832 0.633 0.051
156 298 0 298 3.826 29.330 25.504 0.617 0.050
157 277 0 277 2.564 29.330 26.766 0.583 0.049
158 240 0 240 1.580 24.224 22.644 0.567 0.047
159 240 0 240 0.952 24.224 23.272 0.550 0.046
160 240 0 240 0.565 24.224 23.659 0.533 0.044
161 234 0 234 0.290 24.224 23.933 0.517 0.042
162 234 0 234 0.187 24.224 24.037 0.500 0.040
163 234 0 234 0.155 24.224 24.069 0.500 0.039
164 234 0 234 0.097 24.224 24.127 0.500 0.036
165 197 0 197 0.046 24.224 24.178 0.483 0.035
166 197 0 197 0.053 24.224 24.170 0.483 0.033
167 197 0 197 0.057 24.224 24.166 0.483 0.031
168 197 0 197 0.133 24.224 24.091 0.467 0.029
169 234 0 234 0.256 24.224 23.968 0.467 0.028
170 234 0 234 0.425 24.224 23.798 0.467 0.026
171 234 0 234 0.575 24.224 23.649 0.467 0.025
172 234 0 234 0.983 24.224 23.241 0.467 0.023
173 234 0 234 1.515 24.224 22.709 0.450 0.022
174 264 0 264 2.601 24.224 21.623 0.450 0.020
175 264 0 264 3.689 24.228 20.540 0.433 0.019
176 356 0 356 5.820 24.228 18.408 0.433 0.018
177 392 0 392 8.658 24.228 15.570 0.417 0.017
178 400 0 400 11.454 24.228 12.774 0.417 0.016
179 400 0 400 15.051 24.232 9.181 0.400 0.016
180 496 0 496 20.059 24.232 4.172 0.400 0.015
181 496 0 496 26.214 24.232 1.983 0.383 0.015
182 496 0 496 32.584 24.232 8.352 0.367 0.014
183 580 0 580 40.391 24.264 16.127 0.383 0.014
184 598 0 598 49.146 24.313 24.833 0.367 0.014
185 618 0 618 57.287 27.471 29.816 0.383 0.014
186 618 0 618 66.388 37.730 28.658 0.367 0.014
187 618 0 618 76.024 47.035 28.989 0.367 0.014
188 723 0 723 87.892 57.859 30.033 0.367 0.014
189 1188 0 1188 102.758 73.287 29.470 0.383 0.015
190 1221 0 1221 119.258 92.604 26.655 0.400 0.015
191 1364 0 1364 135.409 105.901 29.508 0.417 0.015
192 1364 0 1364 146.997 119.622 27.375 0.400 0.016
193 1364 0 1364 162.270 136.210 26.060 0.417 0.016
194 1364 0 1364 179.609 150.128 29.481 0.433 0.016
195 1364 0 1364 199.759 168.665 31.095 0.467 0.017
196 1364 0 1364 218.819 190.277 28.542 0.467 0.017
197 1397 0 1397 239.681 210.457 29.224 0.500 0.017
198 1397 0 1397 258.424 229.349 29.075 0.533 0.018
199 1631 0 1631 279.393 253.367 26.026 0.567 0.018
200 1719 0 1719 303.872 271.926 31.946 0.617 0.019
201 1854 0 1854 327.343 292.362 34.982 0.650 0.020
202 1854 0 1854 349.762 317.417 32.345 0.683 0.020
203 1854 0 1854 369.079 345.219 23.860 0.700 0.021
204 1854 0 1854 388.214 359.226 28.988 0.733 0.022
205 1854 0 1854 407.575 375.619 31.956 0.733 0.022
206 1854 0 1854 425.338 396.197 29.140 0.750 0.023
207 1854 0 1854 443.205 418.343 24.862 0.750 0.024
208 1854 0 1854 460.738 434.277 26.461 0.767 0.025
209 1854 0 1854 479.000 449.833 29.167 0.783 0.026
210 1854 0 1854 494.009 459.984 34.026 0.783 0.026
211 1854 0 1854 509.736 477.655 32.081 0.783 0.027
212 1854 0 1854 524.611 500.303 24.308 0.783 0.028
213 1854 0 1854 540.803 517.010 23.792 0.800 0.029
214 1854 0 1854 554.109 525.452 28.657 0.800 0.030
215 1854 0 1854 569.623 548.795 20.828 0.800 0.031
216 1854 0 1854 583.293 557.790 25.503 0.817 0.032
217 1854 0 1854 597.668 565.897 31.771 0.817 0.033
218 1854 0 1854 610.239 582.209 28.030 0.817 0.034
219 1854 0 1854 624.776 591.861 32.914 0.817 0.035
220 1854 0 1854 637.066 613.128 23.937 0.817 0.036
221 1854 0 1854 650.901 622.119 28.782 0.817 0.038
222 1854 0 1854 662.905 633.997 28.908 0.817 0.039
223 1854 0 1854 676.325 648.383 27.942 0.817 0.040
224 1854 0 1854 687.232 657.487 29.744 0.817 0.041
225 1854 0 1854 699.338 665.654 33.684 0.817 0.042
226 1854 0 1854 707.484 678.589 28.895 0.817 0.043
227 1854 0 1854 717.806 689.800 28.007 0.817 0.044
228 1854 0 1854 727.918 703.015 24.902 0.817 0.045
229 1854 0 1854 739.454 706.801 32.653 0.817 0.046
230 1854 0 1854 751.293 726.791 24.502 0.817 0.047
231 1854 0 1854 762.508 734.847 27.661 0.817 0.048
232 1854 0 1854 772.804 740.620 32.184 0.817 0.049
233 1854 0 1854 782.056 749.317 32.739 0.817 0.049
234 1854 0 1854 792.388 763.196 29.191 0.833 0.050
235 1854 0 1854 800.715 767.099 33.616 0.833 0.051
236 1854 0 1854 810.502 787.457 23.045 0.833 0.052
237 1854 0 1854 821.506 793.449 28.057 0.833 0.052
238 1854 0 1854 829.931 802.627 27.305 0.833 0.053
239 1854 0 1854 838.567 807.753 30.814 0.833 0.053
240 1854 0 1854 848.292 824.361 23.931 0.850 0.054
241 1854 0 1854 858.977 835.093 23.884 0.850 0.054
242 1854 0 1854 868.233 835.093 33.140 0.867 0.054
243 1854 0 1854 877.829 855.432 22.397 0.867 0.054
244 1854 0 1854 887.430 860.911 26.519 0.867 0.055
245 1854 0 1854 895.249 868.775 26.474 0.867 0.054
246 1854 0 1854 902.608 875.983 26.624 0.867 0.054
247 1854 0 1854 909.632 888.699 20.933 0.867 0.054
248 1854 0 1854 916.892 888.699 28.193 0.850 0.054
249 1854 0 1854 922.826 901.661 21.165 0.833 0.054
250 1854 0 1854 928.799 907.688 21.111 0.800 0.054
251 1854 0 1854 933.177 909.789 23.388 0.750 0.053
252 1854 0 1854 936.701 912.482 24.219 0.733 0.053
253 1854 0 1854 939.544 912.482 27.062 0.717 0.053
254 1854 0 1854 943.573 923.089 20.484 0.667 0.052
255 1854 0 1854 945.369 924.388 20.980 0.633 0.052
256 1854 0 1854 945.709 924.388 21.321 0.617 0.051
257 1854 0 1854 945.760 929.992 15.767 0.617 0.051
258 1854 0 1854 944.936 929.992 14.944 0.600 0.050
259 1854 0 1854 943.124 929.992 13.132 0.583 0.050
260 1854 0 1854 937.716 929.992 7.724 0.583 0.049
261 1632 0 1632 930.925 918.196 12.728 0.567 0.049
262 1632 0 1632 924.186 918.216 5.970 0.567 0.048
263 1535 0 1535 918.894 918.216 0.678 0.550 0.048
264 1535 0 1535 912.958 911.385 1.573 0.550 0.047
265 1535 0 1535 906.427 911.385 4.958 0.550 0.046
266 1535 0 1535 899.336 906.582 7.246 0.567 0.046
267 1535 0 1535 890.601 901.590 10.988 0.550 0.045
268 1427 0 1427 879.675 901.590 21.914 0.533 0.045
269 1427 0 1427 867.209 890.179 22.970 0.517 0.044
270 1427 0 1427 853.924 876.490 22.566 0.517 0.044
271 1427 0 1427 838.054 860.932 22.879 0.517 0.044
272 1427 0 1427 822.290 847.544 25.253 0.517 0.044
273 1427 0 1427 803.490 833.708 30.218 0.517 0.044
274 1427 0 1427 786.461 811.695 25.234 0.533 0.044
275 1427 0 1427 765.206 790.391 25.185 0.550 0.044
276 1427 0 1427 742.354 772.465 30.111 0.533 0.044
277 1427 0 1427 718.291 745.116 26.825 0.550 0.044
278 1427 0 1427 695.025 720.634 25.608 0.550 0.045
279 1427 0 1427 671.004 694.465 23.461 0.583 0.045
280 1427 0 1427 646.452 673.721 27.269 0.583 0.046
281 1365 0 1365 619.524 645.101 25.577 0.583 0.046
282 1365 0 1365 592.278 620.421 28.144 0.600 0.047
283 1365 0 1365 564.933 591.274 26.341 0.617 0.048
284 1316 0 1316 540.875 567.468 26.594 0.617 0.049
285 1316 0 1316 514.582 539.136 24.554 0.617 0.049
286 1316 0 1316 490.705 508.270 17.564 0.633 0.050
287 1316 0 1316 466.348 491.146 24.797 0.633 0.051
288 1316 0 1316 444.092 474.502 30.410 0.633 0.052
289 1309 0 1309 423.325 449.875 26.550 0.633 0.052
290 1257 0 1257 398.662 425.170 26.509 0.633 0.053
291 1257 0 1257 377.845 399.734 21.890 0.633 0.054
292 1257 0 1257 360.230 392.332 32.103 0.633 0.054
293 1251 0 1251 342.019 365.101 23.082 0.633 0.055
294 1251 0 1251 323.051 349.981 26.930 0.650 0.055
295 1251 0 1251 303.143 330.590 27.447 0.650 0.056
296 1251 0 1251 286.463 310.679 24.215 0.650 0.056
297 1213 0 1213 270.988 300.195 29.208 0.650 0.056
298 1213 0 1213 257.010 285.454 28.444 0.650 0.056
299 1181 0 1181 244.390 276.722 32.332 0.650 0.056
300 1181 0 1181 231.057 266.910 35.854 0.650 0.056
301 1181 0 1181 217.753 247.042 29.289 0.667 0.056
302 1181 0 1181 206.341 237.154 30.813 0.667 0.056
303 1181 0 1181 192.956 221.484 28.528 0.683 0.057
304 1181 0 1181 180.674 209.278 28.605 0.667 0.057
305 1181 0 1181 170.681 201.060 30.379 0.667 0.057
306 1181 0 1181 161.187 185.794 24.607 0.667 0.057
307 1027 0 1027 151.634 180.666 29.032 0.667 0.057
308 1027 0 1027 143.888 170.557 26.669 0.667 0.057
309 1027 0 1027 135.405 160.106 24.701 0.667 0.057
310 1027 0 1027 128.074 154.479 26.406 0.683 0.056
311 1027 0 1027 120.888 147.623 26.735 0.700 0.057
312 1027 0 1027 112.701 134.068 21.367 0.717 0.057
313 1027 0 1027 105.461 134.068 28.607 0.717 0.057
314 1027 0 1027 99.339 125.843 26.504 0.733 0.057
315 1027 0 1027 93.160 125.843 32.683 0.750 0.057
316 1018 0 1018 85.222 115.591 30.369 0.767 0.057
317 910 0 910 79.495 109.851 30.356 0.783 0.057
318 857 0 857 72.969 105.267 32.298 0.800 0.057
319 857 0 857 67.306 94.145 26.840 0.783 0.057
320 857 0 857 61.079 89.139 28.060 0.767 0.057
321 857 0 857 55.973 80.303 24.330 0.733 0.057
322 856 0 856 50.145 73.485 23.340 0.717 0.057
323 715 0 715 45.433 68.137 22.705 0.683 0.057
324 715 0 715 40.984 68.137 27.153 0.667 0.056
325 630 0 630 36.745 66.575 29.830 0.667 0.056
326 564 0 564 33.026 59.846 26.820 0.667 0.056
327 513 0 513 29.307 57.346 28.039 0.683 0.056
328 506 0 506 25.683 47.538 21.855 0.683 0.056
329 452 0 452 21.732 47.538 25.806 0.683 0.055
330 452 0 452 18.425 45.797 27.372 0.683 0.055
331 452 0 452 15.048 43.140 28.092 0.683 0.054
332 452 0 452 12.029 37.298 25.269 0.683 0.053
333 452 0 452 9.159 37.298 28.139 0.667 0.053
334 387 0 387 6.943 35.964 29.022 0.650 0.052
335 333 0 333 4.982 35.964 30.983 0.633 0.051
336 333 0 333 3.300 29.265 25.965 0.617 0.050
337 208 0 208 2.042 29.265 27.223 0.600 0.048
338 208 0 208 1.256 24.088 22.832 0.567 0.047
339 170 0 170 0.720 24.091 23.371 0.550 0.045
340 161 0 161 0.541 24.091 23.550 0.517 0.043
341 161 0 161 0.414 24.088 23.675 0.517 0.041
342 161 0 161 0.257 24.088 23.831 0.517 0.039
343 152 0 152 0.203 24.091 23.888 0.500 0.037
344 152 0 152 0.174 24.091 23.917 0.500 0.036
345 152 0 152 0.160 24.091 23.931 0.500 0.034
346 194 0 194 0.193 24.091 23.899 0.483 0.032
347 194 0 194 0.211 24.091 23.881 0.483 0.030
348 237 0 237 0.258 24.088 23.830 0.483 0.029
349 237 0 237 0.324 24.088 23.764 0.483 0.027
350 237 0 237 0.405 24.088 23.684 0.467 0.025
351 237 0 237 0.580 24.088 23.509 0.467 0.024
352 306 0 306 0.990 24.088 23.098 0.467 0.023
353 327 0 327 1.461 24.088 22.627 0.450 0.021
354 379 0 379 2.421 24.088 21.666 0.450 0.020
355 379 0 379 3.677 24.088 20.411 0.433 0.019
356 468 0 468 5.960 24.094 18.133 0.433 0.018
357 468 0 468 9.004 24.097 15.093 0.417 0.017
358 468 0 468 12.262 24.097 11.835 0.417 0.016
359 468 0 468 16.040 24.097 8.057 0.400 0.016
360 468 0 468 20.068 24.097 4.029 0.383 0.015
361 497 0 497 24.938 24.100 0.838 0.367 0.014
362 497 0 497 30.350 24.100 6.250 0.367 0.014
363 499 0 499 36.783 24.100 12.683 0.350 0.014
364 561 0 561 43.941 24.103 19.837 0.333 0.014
365 563 0 563 52.205 24.103 28.101 0.333 0.013
366 668 0 668 60.891 30.467 30.423 0.317 0.014
367 668 0 668 72.614 45.454 27.160 0.333 0.014
368 668 0 668 83.293 50.544 32.748 0.333 0.014
369 758 0 758 93.581 68.709 24.872 0.317 0.014
370 758 0 758 107.875 75.597 32.278 0.317 0.015
371 803 0 803 120.524 90.067 30.457 0.333 0.015
372 1003 0 1003 136.469 105.951 30.518 0.350 0.015
373 1003 0 1003 152.277 116.031 36.246 0.350 0.015
374 1003 0 1003 169.444 137.422 32.023 0.350 0.016
375 1241 0 1241 187.116 156.266 30.850 0.383 0.016
376 1241 0 1241 204.344 172.184 32.160 0.400 0.017
377 1241 0 1241 222.458 197.406 25.052 0.417 0.017
378 1617 0 1617 244.783 214.290 30.493 0.433 0.018
379 2229 0 2229 267.236 234.678 32.558 0.467 0.018
380 2667 0 2667 297.117 264.734 32.384 0.533 0.019
381 2790 0 2790 326.853 297.938 28.916 0.633 0.019
382 2986 0 2986 357.356 325.952 31.404 0.700 0.020
383 3004 0 3004 389.604 355.752 33.852 0.800 0.021
384 3004 0 3004 416.581 389.014 27.566 0.850 0.022
385 3004 0 3004 445.268 420.606 24.663 0.900 0.022
386 3004 0 3004 467.175 440.882 26.293 0.950 0.023
387 3004 0 3004 493.010 463.148 29.861 0.983 0.024
388 3004 0 3004 517.233 485.043 32.190 1.033 0.025
389 3004 0 3004 535.545 504.195 31.350 1.033 0.026
390 3004 0 3004 551.924 525.149 26.775 1.033 0.027
391 3004 0 3004 566.650 537.439 29.210 1.050 0.028
392 3004 0 3004 581.128 555.748 25.380 1.050 0.028
393 3004 0 3004 596.669 565.685 30.983 1.033 0.029
394 3004 0 3004 609.906 581.009 28.897 1.033 0.030
395 3004 0 3004 623.578 596.157 27.421 1.033 0.031
396 3004 0 3004 636.559 611.205 25.353 1.050 0.032
397 3004 0 3004 649.296 625.699 23.598 1.050 0.033
398 3004 0 3004 661.876 635.522 26.354 1.050 0.034
399 3004 0 3004 674.499 647.079 27.420 1.050 0.035
400 3004 0 3004 687.062 661.317 25.745 1.050 0.037
401 3004 0 3004 698.266 675.349 22.917 1.050 0.038
402 3004 0 3004 709.666 687.810 21.856 1.050 0.039
403 3004 0 3004 720.756 696.110 24.645 1.050 0.040
404 3004 0 3004 733.263 709.755 23.508 1.050 0.041
405 3004 0 3004 744.174 716.985 27.189 1.050 0.042
406 3004 0 3004 756.668 728.548 28.120 1.050 0.043
407 3004 0 3004 768.406 743.968 24.438 1.050 0.044
408 3004 0 3004 780.850 754.510 26.340 1.050 0.046
409 3004 0 3004 791.643 770.063 21.580 1.050 0.047
410 3004 0 3004 803.150 774.872 28.278 1.050 0.047
411 3004 0 3004 813.584 780.662 32.921 1.050 0.048
412 3004 0 3004 823.075 794.047 29.028 1.050 0.049
413 3004 0 3004 832.029 809.547 22.483 1.050 0.050
414 3004 0 3004 842.336 818.413 23.923 1.050 0.051
415 3004 0 3004 851.815 825.608 26.208 1.050 0.052
416 3004 0 3004 863.228 843.388 19.840 1.067 0.052
417 3004 0 3004 874.541 844.837 29.704 1.067 0.053
418 3004 0 3004 884.591 864.069 20.523 1.067 0.054
419 3004 0 3004 894.817 875.206 19.611 1.083 0.054
420 3004 0 3004 903.394 876.613 26.781 1.083 0.055
421 3004 0 3004 912.106 892.210 19.896 1.083 0.055
422 3004 0 3004 920.782 899.350 21.432 1.100 0.055
423 3004 0 3004 928.847 910.778 18.069 1.083 0.055
424 3004 0 3004 936.719 915.355 21.364 1.100 0.055
425 3004 0 3004 945.164 915.355 29.809 1.100 0.055
426 3004 0 3004 951.956 926.764 25.192 1.083 0.055
427 3004 0 3004 961.042 935.102 25.941 1.083 0.055
428 3004 0 3004 968.499 943.338 25.161 1.100 0.055
429 3004 0 3004 973.448 953.814 19.634 1.100 0.055
430 3004 0 3004 980.431 956.335 24.097 1.083 0.054
431 3004 0 3004 986.241 966.692 19.549 1.067 0.054
432 3004 0 3004 992.111 970.001 22.110 1.067 0.054
433 3004 0 3004 998.220 970.001 28.219 1.067 0.054
434 3004 0 3004 1002.786 983.265 19.521 1.050 0.053
435 3004 0 3004 1006.191 988.311 17.879 1.017 0.053
436 3004 0 3004 1009.052 988.360 20.692 1.000 0.052
437 3004 0 3004 1011.854 989.597 22.257 0.983 0.052
438 3004 0 3004 1010.990 994.119 16.872 0.967 0.051
439 3004 0 3004 1006.930 994.119 12.811 0.933 0.051
440 3004 0 3004 998.259 994.119 4.141 0.900 0.050
441 3004 0 3004 989.023 985.545 3.478 0.850 0.050
442 3004 0 3004 975.754 966.179 9.576 0.833 0.049
443 2979 0 2979 959.085 951.971 7.114 0.833 0.048
444 2979 0 2979 945.090 941.183 3.907 0.833 0.048
445 2803 0 2803 929.054 929.864 0.810 0.850 0.047
446 2803 0 2803 915.811 924.090 8.279 0.850 0.047
447 2469 0 2469 899.097 913.086 13.989 0.867 0.046
448 1915 0 1915 879.707 898.983 19.277 0.900 0.046
449 1671 0 1671 865.310 887.037 21.727 0.917 0.045
450 1671 0 1671 851.484 875.085 23.601 0.933 0.045
451 1671 0 1671 840.032 872.239 32.207 0.917 0.044
452 1671 0 1671 824.171 847.170 22.999 0.933 0.044
453 1671 0 1671 806.337 835.490 29.153 0.950 0.044
454 1671 0 1671 786.848 818.802 31.954 0.950 0.044
455 1671 0 1671 765.521 790.999 25.478 0.967 0.044
456 1671 0 1671 742.249 771.684 29.436 0.950 0.044
457 1671 0 1671 721.667 752.554 30.886 0.950 0.044
458 1671 0 1671 699.840 735.390 35.550 0.967 0.045
459 1328 0 1328 674.889 700.977 26.088 0.967 0.045
460 1328 0 1328 649.981 684.130 34.149 0.967 0.046
461 1328 0 1328 622.938 649.308 26.370 0.983 0.047
462 1328 0 1328 596.891 618.882 21.991 0.983 0.047
463 1328 0 1328 572.674 602.640 29.966 0.983 0.048
464 1301 0 1301 550.534 570.442 19.908 0.983 0.049
465 1301 0 1301 527.122 548.075 20.953 1.000 0.049
466 1301 0 1301 502.934 530.195 27.261 1.000 0.050
467 1301 0 1301 478.348 504.153 25.804 1.000 0.051
468 1301 0 1301 452.999 473.384 20.385 1.017 0.051
469 1301 0 1301 429.108 460.103 30.995 1.017 0.052
470 1301 0 1301 407.108 434.459 27.351 1.017 0.053
471 1301 0 1301 386.469 410.893 24.424 1.033 0.053
472 1301 0 1301 366.235 389.971 23.736 1.033 0.054
473 1301 0 1301 347.522 378.500 30.978 1.033 0.055
474 1301 0 1301 329.406 359.508 30.102 1.050 0.055
475 1301 0 1301 312.374 341.336 28.962 1.067 0.056
476 1301 0 1301 295.735 325.794 30.059 1.050 0.056
477 1301 0 1301 279.782 307.797 28.016 1.050 0.056
478 1301 0 1301 265.773 293.908 28.134 1.067 0.056
479 1301 0 1301 249.646 276.562 26.916 1.067 0.057
480 1301 0 1301 236.432 268.534 32.103 1.083 0.057
481 1301 0 1301 224.222 252.916 28.694 1.083 0.057
482 1301 0 1301 212.213 246.226 34.013 1.067 0.057
483 1301 0 1301 199.890 230.667 30.777 1.083 0.057
484 1301 0 1301 189.918 224.196 34.278 1.083 0.057
485 1301 0 1301 179.677 209.763 30.085 1.100 0.057
486 1301 0 1301 170.214 197.301 27.087 1.117 0.057
487 1301 0 1301 160.658 197.271 36.613 1.117 0.057
488 1301 0 1301 151.209 186.066 34.857 1.133 0.057
489 1301 0 1301 142.349 168.324 25.975 1.133 0.057
490 1301 0 1301 132.367 162.728 30.361 1.133 0.057
491 1301 0 1301 127.290 156.141 28.851 1.133 0.057
492 1301 0 1301 120.520 145.965 25.444 1.133 0.057
493 949 0 949 112.638 135.862 23.223 1.150 0.057
494 949 0 949 105.430 135.862 30.431 1.150 0.057
495 949 0 949 99.148 130.313 31.166 1.133 0.057
496 949 0 949 92.405 118.621 26.217 1.133 0.057
497 942 0 942 85.365 113.291 27.926 1.133 0.057
498 942 0 942 78.312 104.460 26.148 1.133 0.057
499 942 0 942 72.389 102.804 30.415 1.133 0.057
500 942 0 942 67.989 88.944 20.956 1.083 0.057
501 942 0 942 62.939 88.944 26.005 1.050 0.057
502 942 0 942 57.218 88.944 31.726 0.983 0.057
503 942 0 942 51.629 82.468 30.839 0.900 0.057
504 813 0 813 45.936 66.702 20.766 0.850 0.057
505 631 0 631 41.288 66.702 25.414 0.783 0.057
506 585 0 585 37.310 66.702 29.392 0.750 0.056
507 585 0 585 32.735 59.974 27.239 0.683 0.056
508 552 0 552 28.221 54.552 26.331 0.667 0.056
509 552 0 552 24.304 54.552 30.248 0.667 0.055
510 552 0 552 20.638 47.856 27.218 0.667 0.055
511 552 0 552 18.144 43.424 25.280 0.667 0.054
512 552 0 552 15.067 40.684 25.617 0.650 0.054
513 552 0 552 12.289 40.684 28.395 0.650 0.053
514 552 0 552 9.668 38.958 29.290 0.633 0.052
515 552 0 552 7.495 38.958 31.463 0.633 0.051
516 552 0 552 5.665 38.958 33.293 0.600 0.050
517 552 0 552 4.493 38.958 34.465 0.600 0.049
518 552 0 552 3.808 38.958 35.150 0.567 0.047
519 552 0 552 3.378 36.277 32.899 0.567 0.045
520 552 0 552 3.013 36.277 33.263 0.533 0.044
521 552 0 552 2.780 36.277 33.497 0.517 0.042
522 552 0 552 2.701 36.277 33.576 0.500 0.040
523 552 0 552 2.613 36.277 33.664 0.500 0.038
524 552 0 552 2.596 36.277 33.680 0.500 0.036
525 552 0 552 2.580 36.277 33.696 0.483 0.035
526 552 0 552 2.657 36.277 33.620 0.483 0.033
527 552 0 552 2.715 36.277 33.562 0.483 0.031
528 552 0 552 2.762 36.277 33.515 0.467 0.029
529 552 0 552 2.843 36.277 33.434 0.467 0.027
530 552 0 552 2.999 36.277 33.277 0.467 0.026
531 552 0 552 3.225 36.277 33.052 0.450 0.024
532 552 0 552 3.689 36.271 32.583 0.450 0.023
533 552 0 552 4.339 36.277 31.937 0.450 0.021
534 552 0 552 5.351 36.277 30.926 0.433 0.020
535 552 0 552 6.703 36.282 29.579 0.417 0.019
536 552 0 552 9.019 36.282 27.262 0.417 0.018
537 552 0 552 11.578 36.282 24.704 0.417 0.017
538 552 0 552 14.701 36.328 21.626 0.400 0.016
539 552 0 552 18.701 36.328 17.626 0.400 0.015
540 552 0 552 23.643 36.328 12.684 0.383 0.015
541 552 0 552 29.475 36.333 6.857 0.383 0.015
542 552 0 552 35.805 36.333 0.528 0.383 0.014
543 552 0 552 42.173 36.333 5.840 0.383 0.014
544 552 0 552 50.502 39.138 11.364 0.367 0.014
545 586 0 586 59.463 39.138 20.325 0.367 0.014
546 647 0 647 70.176 41.045 29.130 0.367 0.014
547 647 0 647 78.748 51.249 27.499 0.350 0.014
548 748 0 748 90.595 64.182 26.414 0.350 0.014
549 748 0 748 101.146 66.134 35.012 0.350 0.014
550 926 0 926 114.567 87.836 26.731 0.350 0.015
551 956 0 956 126.887 94.973 31.914 0.367 0.015
552 1013 0 1013 139.735 111.009 28.725 0.367 0.015
553 1046 0 1046 157.567 129.722 27.846 0.400 0.016
554 1046 0 1046 173.782 146.652 27.130 0.400 0.016
555 1377 0 1377 187.117 158.427 28.690 0.400 0.017
556 1452 0 1452 205.433 173.467 31.966 0.417 0.017
557 1711 0 1711 224.885 191.690 33.195 0.417 0.017
558 1889 0 1889 245.135 213.779 31.355 0.433 0.018
559 2169 0 2169 268.189 235.150 33.039 0.467 0.018
560 2332 0 2332 290.590 260.948 29.641 0.533 0.019
561 2358 0 2358 313.163 284.170 28.993 0.583 0.020
562 2576 0 2576 340.191 306.461 33.730 0.667 0.021
563 2582 0 2582 364.522 333.888 30.634 0.717 0.021
564 2582 0 2582 391.282 365.832 25.450 0.800 0.022
565 2582 0 2582 412.672 378.776 33.896 0.833 0.023
566 2582 0 2582 435.564 400.868 34.695 0.867 0.023
567 2582 0 2582 454.962 422.030 32.931 0.883 0.024
568 2582 0 2582 470.065 435.949 34.117 0.900 0.025
569 2582 0 2582 486.196 456.169 30.027 0.883 0.025
570 2582 0 2582 501.804 471.935 29.869 0.900 0.026
571 2582 0 2582 518.753 486.815 31.938 0.900 0.027
572 2582 0 2582 536.232 508.660 27.572 0.900 0.028
573 2582 0 2582 550.597 524.785 25.812 0.917 0.029
574 2582 0 2582 564.460 537.884 26.576 0.917 0.030
575 2582 0 2582 578.208 551.965 26.243 0.917 0.031
576 2582 0 2582 593.379 562.050 31.330 0.917 0.032
577 2582 0 2582 607.619 570.916 36.703 0.917 0.033
578 2582 0 2582 621.463 592.802 28.661 0.917 0.034
579 2582 0 2582 634.786 608.026 26.760 0.917 0.035
580 2582 0 2582 647.341 614.064 33.277 0.917 0.037
581 2582 0 2582 659.652 633.819 25.832 0.933 0.038
582 2582 0 2582 671.215 644.261 26.954 0.933 0.039
583 2582 0 2582 682.080 656.971 25.108 0.933 0.040
584 2582 0 2582 693.416 667.959 25.457 0.933 0.041
585 2582 0 2582 705.353 678.500 26.853 0.933 0.042
586 2582 0 2582 716.498 692.241 24.258 0.933 0.043
587 2582 0 2582 729.036 700.638 28.398 0.933 0.044
588 2582 0 2582 740.924 717.640 23.283 0.933 0.046
589 2582 0 2582 752.759 726.691 26.069 0.933 0.047
590 2582 0 2582 764.198 737.796 26.403 0.933 0.048
591 2582 0 2582 774.522 753.000 21.522 0.933 0.048
592 2582 0 2582 785.701 756.400 29.301 0.933 0.049
593 2582 0 2582 796.333 769.447 26.886 0.933 0.050
594 2582 0 2582 806.349 782.448 23.901 0.933 0.051
595 2582 0 2582 815.850 790.779 25.071 0.933 0.052
596 2582 0 2582 827.262 800.619 26.642 0.933 0.052
597 2582 0 2582 836.450 805.369 31.081 0.933 0.053
598 2582 0 2582 846.275 822.444 23.831 0.950 0.053
599 2582 0 2582 855.496 824.939 30.557 0.950 0.054
600 2582 0 2582 865.724 838.604 27.119 0.950 0.054
601 2582 0 2582 876.053 854.156 21.897 0.967 0.055
602 2582 0 2582 885.489 860.997 24.492 0.967 0.055
603 2582 0 2582 893.559 868.919 24.639 0.983 0.055
604 2582 0 2582 902.891 876.468 26.423 0.983 0.055
605 2582 0 2582 911.103 887.632 23.471 0.983 0.055
606 2582 0 2582 920.201 894.067 26.134 0.983 0.055
607 2582 0 2582 926.423 904.798 21.625 0.983 0.055
608 2582 0 2582 933.029 909.976 23.053 0.983 0.055
609 2582 0 2582 938.950 917.641 21.309 0.983 0.055
610 2582 0 2582 944.416 919.489 24.926 0.983 0.054
611 2582 0 2582 949.597 926.769 22.828 0.967 0.054
612 2582 0 2582 954.433 926.769 27.664 0.983 0.054
613 2582 0 2582 960.308 940.063 20.245 0.967 0.053
614 2582 0 2582 963.471 946.097 17.374 0.933 0.053
615 2582 0 2582 964.355 947.951 16.405 0.917 0.053
616 2582 0 2582 966.075 947.951 18.124 0.883 0.052
617 2582 0 2582 964.735 949.616 15.119 0.833 0.052
618 2582 0 2582 964.834 949.616 15.218 0.817 0.051
619 2582 0 2582 961.958 949.616 12.342 0.800 0.050
620 2582 0 2582 956.919 941.325 15.594 0.767 0.050
621 2582 0 2582 951.213 941.325 9.888 0.750 0.049
622 2582 0 2582 943.038 933.087 9.951 0.717 0.049
623 2475 0 2475 934.011 926.755 7.256 0.717 0.048
624 2419 0 2419 921.483 921.315 0.168 0.700 0.047
625 2255 0 2255 911.933 910.968 0.966 0.717 0.047
626 1506 0 1506 899.724 910.968 11.243 0.733 0.046
627 1415 0 1415 888.228 905.016 16.788 0.750 0.046
628 1415 0 1415 879.307 900.066 20.759 0.750 0.045
629 1415 0 1415 870.152 898.077 27.925 0.750 0.045
630 1415 0 1415 858.663 881.031 22.367 0.750 0.045
631 1415 0 1415 842.151 872.678 30.527 0.767 0.044
632 1408 0 1408 826.932 850.401 23.469 0.783 0.044
633 1408 0 1408 809.247 837.808 28.561 0.767 0.044
634 1408 0 1408 790.926 813.324 22.397 0.800 0.044
635 1408 0 1408 769.037 798.876 29.839 0.800 0.044
636 1408 0 1408 745.757 775.437 29.681 0.817 0.044
637 1408 0 1408 723.890 750.382 26.492 0.817 0.045
638 1408 0 1408 699.007 728.270 29.263 0.833 0.045
639 1408 0 1408 673.670 702.133 28.463 0.833 0.046
640 1408 0 1408 650.672 686.183 35.511 0.833 0.046
641 1408 0 1408 623.913 643.219 19.306 0.833 0.047
642 1408 0 1408 597.441 626.956 29.516 0.833 0.047
643 1408 0 1408 576.160 603.626 27.466 0.850 0.048
644 1408 0 1408 553.597 581.467 27.870 0.850 0.048
645 1408 0 1408 527.013 551.490 24.477 0.867 0.049
646 1361 0 1361 499.851 521.981 22.130 0.867 0.050
647 1361 0 1361 473.838 503.109 29.271 0.867 0.051
648 1329 0 1329 450.128 474.979 24.850 0.867 0.052
649 1329 0 1329 428.890 462.907 34.018 0.867 0.052
650 1329 0 1329 405.412 431.724 26.312 0.867 0.053
651 1281 0 1281 384.698 415.859 31.161 0.867 0.053
652 1281 0 1281 364.549 393.518 28.969 0.883 0.054
653 1281 0 1281 343.818 365.830 22.012 0.883 0.054
654 1281 0 1281 326.086 361.837 35.750 0.883 0.055
655 1281 0 1281 310.605 341.344 30.739 0.900 0.055
656 1281 0 1281 293.659 321.876 28.217 0.900 0.055
657 1281 0 1281 278.555 306.513 27.957 0.917 0.055
658 1281 0 1281 263.655 299.746 36.091 0.900 0.056
659 1192 0 1192 250.116 280.005 29.888 0.917 0.056
660 1192 0 1192 234.591 262.953 28.362 0.933 0.056
661 1192 0 1192 221.071 254.870 33.799 0.917 0.056
662 1192 0 1192 210.337 244.294 33.957 0.933 0.056
663 1159 0 1159 198.637 227.704 29.068 0.933 0.056
664 1121 0 1121 187.792 217.342 29.549 0.950 0.056
665 1121 0 1121 178.520 206.181 27.661 0.950 0.056
666 1121 0 1121 169.001 206.181 37.180 0.967 0.056
667 1119 0 1119 158.632 193.453 34.821 0.967 0.056
668 1119 0 1119 149.469 186.629 37.160 0.967 0.056
669 1119 0 1119 140.890 173.268 32.379 0.967 0.056
670 1119 0 1119 131.295 168.403 37.108 0.967 0.056
671 962 0 962 122.644 156.352 33.709 1.000 0.056
672 859 0 859 115.548 140.651 25.102 1.000 0.056
673 836 0 836 109.314 138.672 29.358 0.983 0.056
674 836 0 836 100.909 123.908 22.999 1.017 0.056
675 836 0 836 94.522 122.427 27.905 1.017 0.056
676 836 0 836 87.571 120.359 32.788 1.033 0.056
677 781 0 781 81.562 103.713 22.151 1.033 0.056
678 729 0 729 75.592 101.208 25.616 1.033 0.056
679 726 0 726 69.612 96.064 26.452 0.983 0.056
680 703 0 703 63.224 89.395 26.171 0.967 0.056
681 703 0 703 58.152 83.755 25.603 0.917 0.056
682 665 0 665 52.591 78.711 26.120 0.883 0.056
683 656 0 656 48.013 76.866 28.853 0.817 0.056
684 656 0 656 43.283 74.339 31.056 0.750 0.056
685 656 0 656 38.746 63.458 24.712 0.700 0.056
686 656 0 656 34.305 62.085 27.780 0.683 0.056
687 656 0 656 29.499 56.326 26.827 0.683 0.055
688 484 0 484 25.994 56.326 30.333 0.683 0.055
689 484 0 484 22.963 53.618 30.656 0.700 0.055
690 484 0 484 19.687 46.656 26.970 0.700 0.054
691 484 0 484 15.821 40.324 24.503 0.683 0.054
692 366 0 366 12.953 40.324 27.371 0.667 0.053
693 364 0 364 10.207 40.324 30.118 0.667 0.052
694 306 0 306 7.852 40.324 32.472 0.650 0.051
695 302 0 302 5.557 32.978 27.421 0.633 0.050
696 298 0 298 3.770 32.978 29.208 0.617 0.049
697 298 0 298 2.638 32.978 30.340 0.600 0.048
698 298 0 298 1.560 32.978 31.418 0.567 0.046
699 298 0 298 0.996 32.978 31.982 0.533 0.044
700 225 0 225 0.685 32.978 32.293 0.517 0.043
701 225 0 225 0.525 32.982 32.458 0.483 0.041
702 225 0 225 0.401 32.987 32.586 0.483 0.039
703 225 0 225 0.355 32.987 32.632 0.467 0.037
704 225 0 225 0.289 32.987 32.698 0.467 0.036
705 225 0 225 0.289 32.992 32.703 0.467 0.034
706 225 0 225 0.293 32.996 32.704 0.450 0.032
707 225 0 225 0.288 32.996 32.708 0.450 0.030
708 225 0 225 0.315 33.001 32.686 0.450 0.028
709 225 0 225 0.320 33.001 32.681 0.450 0.027
710 225 0 225 0.380 33.001 32.622 0.450 0.025
711 225 0 225 0.547 33.001 32.454 0.450 0.023
712 225 0 225 0.877 33.001 32.124 0.433 0.022
713 225 0 225 1.465 33.001 31.536 0.433 0.021
714 255 0 255 2.489 33.001 30.512 0.433 0.020
715 364 0 364 4.075 33.001 28.926 0.417 0.019
716 365 0 365 6.187 33.001 26.814 0.417 0.018
717 365 0 365 8.890 33.001 24.111 0.400 0.017
718 365 0 365 11.473 33.001 21.528 0.400 0.016
719 522 0 522 15.694 33.001 17.307 0.383 0.016
720 522 0 522 18.899 33.006 14.107 0.367 0.015
721 522 0 522 24.336 33.006 8.670 0.367 0.014
722 522 0 522 30.517 33.006 2.489 0.350 0.014
723 617 0 617 37.462 33.044 4.418 0.333 0.014
724 617 0 617 44.796 33.044 11.753 0.317 0.014
725 617 0 617 53.279 33.044 20.235 0.317 0.014
726 716 0 716 64.092 39.476 24.616 0.317 0.014
727 716 0 716 73.298 42.540 30.758 0.317 0.014
728 841 0 841 83.574 42.540 41.033 0.300 0.014
729 1038 0 1038 96.676 63.547 33.129 0.300 0.014
730 1038 0 1038 110.037 79.329 30.708 0.300 0.015
731 1038 0 1038 123.602 92.711 30.890 0.317 0.015
732 1038 0 1038 136.265 107.376 28.889 0.300 0.015
733 1180 0 1180 151.473 119.952 31.521 0.333 0.016
734 1559 0 1559 168.077 135.511 32.566 0.350 0.016
735 1628 0 1628 189.414 152.372 37.043 0.383 0.016
736 1628 0 1628 210.142 178.008 32.134 0.433 0.017
737 1638 0 1638 229.524 206.344 23.181 0.467 0.017
738 1638 0 1638 252.491 226.316 26.175 0.500 0.018
739 1638 0 1638 272.518 235.296 37.222 0.533 0.018
740 1670 0 1670 293.225 263.488 29.737 0.567 0.019
741 1670 0 1670 316.382 281.588 34.794 0.600 0.019
742 1670 0 1670 338.867 308.585 30.282 0.633 0.020
743 1670 0 1670 358.252 323.956 34.296 0.650 0.020
744 1958 0 1958 378.611 344.042 34.569 0.667 0.021
745 2323 0 2323 402.162 366.338 35.824 0.700 0.022
746 2776 0 2776 423.518 399.182 24.336 0.700 0.023
747 2791 0 2791 449.463 428.684 20.779 0.750 0.023
748 3025 0 3025 472.941 438.527 34.414 0.817 0.024
749 3025 0 3025 494.588 460.812 33.776 0.850 0.025
750 3025 0 3025 511.296 483.980 27.316 0.850 0.026
751 3025 0 3025 527.651 504.838 22.812 0.850 0.027
752 3025 0 3025 541.596 519.897 21.699 0.850 0.028
753 3025 0 3025 556.230 528.657 27.573 0.850 0.029
754 3025 0 3025 572.471 548.539 23.932 0.850 0.030
755 3025 0 3025 585.710 565.723 19.987 0.850 0.031
756 3025 0 3025 597.976 569.527 28.449 0.850 0.032
757 3025 0 3025 612.268 576.896 35.372 0.850 0.033
758 3025 0 3025 624.486 600.690 23.796 0.850 0.034
759 3025 0 3025 636.691 601.937 34.754 0.850 0.035
760 3025 0 3025 649.095 623.716 25.379 0.867 0.036
761 3025 0 3025 661.435 633.080 28.354 0.867 0.037
762 3025 0 3025 672.669 650.331 22.338 0.867 0.038
763 3025 0 3025 685.928 663.580 22.348 0.867 0.039
764 3025 0 3025 699.542 676.175 23.368 0.867 0.041
765 3025 0 3025 711.462 688.366 23.095 0.867 0.042
766 3025 0 3025 723.178 698.895 24.283 0.867 0.043
767 3025 0 3025 736.534 706.469 30.065 0.867 0.044
768 3025 0 3025 746.988 714.346 32.643 0.867 0.045
769 3025 0 3025 757.201 737.079 20.122 0.867 0.046
770 3025 0 3025 769.505 741.837 27.668 0.867 0.047
771 3025 0 3025 782.153 752.350 29.803 0.867 0.048
772 3025 0 3025 792.225 762.991 29.234 0.867 0.049
773 3025 0 3025 802.477 776.099 26.378 0.883 0.050
774 3025 0 3025 813.284 785.919 27.364 0.883 0.050
775 3025 0 3025 823.768 795.053 28.715 0.883 0.051
776 3025 0 3025 834.223 809.468 24.755 0.883 0.052
777 3025 0 3025 845.360 819.651 25.710 0.883 0.053
778 3025 0 3025 853.404 831.026 22.378 0.900 0.053
779 3025 0 3025 863.849 838.822 25.028 0.900 0.054
780 3025 0 3025 870.930 842.363 28.566 0.900 0.054
781 3025 0 3025 880.530 858.309 22.221 0.917 0.054
782 3025 0 3025 889.893 863.827 26.066 0.917 0.055
783 3025 0 3025 898.801 870.189 28.612 0.917 0.055
784 3025 0 3025 906.799 879.964 26.835 0.933 0.055
785 3025 0 3025 914.970 890.351 24.619 0.917 0.055
786 3025 0 3025 924.688 897.093 27.594 0.933 0.055
787 3025 0 3025 931.857 905.949 25.908 0.917 0.055
788 3025 0 3025 937.888 913.331 24.557 0.917 0.055
789 3025 0 3025 945.150 918.075 27.075 0.917 0.054
790 3025 0 3025 952.257 928.290 23.967 0.900 0.054
791 3025 0 3025 958.502 940.824 17.678 0.900 0.054
792 3025 0 3025 962.723 940.824 21.898 0.900 0.054
793 3025 0 3025 965.956 940.824 25.132 0.883 0.053
794 3025 0 3025 968.213 947.411 20.802 0.867 0.053
795 3025 0 3025 969.754 953.224 16.530 0.850 0.052
796 3025 0 3025 969.164 953.224 15.939 0.800 0.052
797 3025 0 3025 969.665 952.145 17.520 0.767 0.051
798 3025 0 3025 968.036 952.145 15.891 0.717 0.051
799 3025 0 3025 965.032 952.145 12.887 0.683 0.050
800 3025 0 3025 961.614 947.527 14.088 0.650 0.050
801 3025 0 3025 956.983 947.527 9.456 0.617 0.049
802 3025 0 3025 951.347 947.558 3.788 0.600 0.049
803 3025 0 3025 946.358 942.951 3.408 0.567 0.048
804 3025 0 3025 938.601 942.951 4.349 0.567 0.048
805 3025 0 3025 925.329 929.204 3.875 0.583 0.047
806 3025 0 3025 915.175 921.512 6.337 0.583 0.046
807 3025 0 3025 896.274 914.447 18.173 0.600 0.046
808 2468 0 2468 880.579 898.974 18.395 0.617 0.046
809 1382 0 1382 863.811 889.895 26.084 0.633 0.045
810 1382 0 1382 849.896 870.172 20.276 0.650 0.045
811 1382 0 1382 835.785 857.058 21.273 0.633 0.044
812 1382 0 1382 820.339 847.503 27.164 0.650 0.044
813 1382 0 1382 802.840 824.454 21.614 0.667 0.044
814 1382 0 1382 783.611 812.128 28.517 0.667 0.044
815 1382 0 1382 764.385 793.264 28.879 0.683 0.044
816 1382 0 1382 743.810 768.274 24.464 0.683 0.044
817 1382 0 1382 722.344 750.201 27.856 0.700 0.044
818 1382 0 1382 697.872 724.057 26.185 0.717 0.045
819 1382 0 1382 674.757 700.657 25.900 0.717 0.045
820 1382 0 1382 650.341 680.009 29.669 0.717 0.046
821 1382 0 1382 622.294 649.368 27.074 0.717 0.047
822 1382 0 1382 599.649 626.769 27.120 0.717 0.047
823 1382 0 1382 573.020 596.271 23.252 0.717 0.048
824 1350 0 1350 546.941 575.702 28.761 0.733 0.049
825 1350 0 1350 523.163 548.132 24.969 0.733 0.049
826 1350 0 1350 497.072 520.097 23.025 0.733 0.050
827 1350 0 1350 470.827 502.653 31.825 0.733 0.051
828 1350 0 1350 449.459 470.886 21.427 0.750 0.051
829 1350 0 1350 425.053 451.053 26.000 0.750 0.052
830 1350 0 1350 404.938 433.025 28.087 0.750 0.052
831 1350 0 1350 384.611 411.068 26.457 0.767 0.053
832 1350 0 1350 366.962 394.211 27.249 0.767 0.053
833 1350 0 1350 343.815 366.389 22.574 0.750 0.054
834 1350 0 1350 322.492 349.710 27.218 0.767 0.055
835 1350 0 1350 305.703 338.664 32.961 0.767 0.055
836 1257 0 1257 286.565 315.186 28.621 0.783 0.055
837 1257 0 1257 268.503 297.782 29.280 0.783 0.056
838 1257 0 1257 253.407 284.283 30.876 0.783 0.056
839 1257 0 1257 240.324 270.533 30.209 0.800 0.056
840 1148 0 1148 226.584 261.401 34.818 0.800 0.056
841 1148 0 1148 214.286 240.722 26.436 0.800 0.056
842 1148 0 1148 202.986 234.181 31.195 0.817 0.056
843 1148 0 1148 190.897 214.985 24.088 0.833 0.056
844 1064 0 1064 180.922 213.207 32.285 0.817 0.056
845 1014 0 1014 171.595 196.588 24.993 0.833 0.056
846 998 0 998 162.263 189.616 27.353 0.833 0.056
847 998 0 998 152.745 179.101 26.356 0.850 0.056
848 981 0 981 143.750 179.101 35.350 0.850 0.056
849 919 0 919 135.669 171.297 35.628 0.850 0.056
850 919 0 919 127.653 159.300 31.647 0.867 0.056
851 889 0 889 119.752 150.392 30.640 0.867 0.056
852 880 0 880 113.475 144.677 31.203 0.867 0.056
853 880 0 880 105.432 128.427 22.995 0.883 0.056
854 860 0 860 99.387 127.123 27.736 0.900 0.056
855 860 0 860 92.581 121.360 28.779 0.900 0.056
856 860 0 860 86.985 107.954 20.969 0.917 0.056
857 824 0 824 81.620 105.101 23.482 0.933 0.056
858 824 0 824 75.141 105.101 29.960 0.933 0.056
859 824 0 824 69.288 99.612 30.325 0.950 0.056
860 824 0 824 64.667 88.481 23.814 0.933 0.056
861 802 0 802 59.818 88.481 28.663 0.933 0.056
862 787 0 787 53.788 86.561 32.773 0.933 0.056
863 787 0 787 49.430 74.729 25.298 0.933 0.056
864 715 0 715 44.323 72.110 27.787 0.917 0.056
865 715 0 715 38.830 66.842 28.012 0.850 0.056
866 680 0 680 34.339 58.049 23.711 0.817 0.056
867 680 0 680 29.011 52.949 23.938 0.717 0.055
868 560 0 560 25.164 52.949 27.785 0.683 0.055
869 560 0 560 21.024 48.979 27.955 0.683 0.055
870 560 0 560 17.368 48.979 31.611 0.683 0.054
871 419 0 419 14.103 36.178 22.075 0.667 0.054
872 415 0 415 11.225 36.178 24.953 0.667 0.053
873 415 0 415 8.501 36.178 27.677 0.650 0.052
874 280 0 280 6.111 36.178 30.068 0.633 0.051
875 274 0 274 4.259 36.178 31.920 0.617 0.050
876 274 0 274 2.838 36.175 33.337 0.600 0.049
877 262 0 262 1.882 36.160 34.279 0.567 0.048
878 262 0 262 1.185 36.160 34.975 0.550 0.046
879 262 0 262 0.795 36.160 35.365 0.533 0.044
880 188 0 188 0.550 31.578 31.028 0.517 0.043
881 188 0 188 0.361 31.574 31.213 0.500 0.041
882 152 0 152 0.227 31.574 31.347 0.483 0.039
883 152 0 152 0.187 31.574 31.386 0.483 0.037
884 152 0 152 0.192 31.574 31.381 0.483 0.036
885 152 0 152 0.174 31.574 31.399 0.483 0.034
886 152 0 152 0.173 31.574 31.401 0.467 0.032
887 216 0 216 0.221 31.569 31.349 0.467 0.030
888 216 0 216 0.258 31.569 31.311 0.467 0.029
889 216 0 216 0.306 31.569 31.263 0.467 0.027
890 216 0 216 0.371 31.574 31.203 0.450 0.025
891 295 0 295 0.561 31.574 31.013 0.450 0.024
892 295 0 295 0.902 31.574 30.672 0.450 0.023
893 295 0 295 1.484 31.578 30.094 0.433 0.021
894 295 0 295 2.395 31.578 29.183 0.433 0.020
895 358 0 358 3.946 31.578 27.632 0.417 0.019
896 574 0 574 5.993 31.578 25.585 0.417 0.017
897 574 0 574 8.392 31.578 23.186 0.417 0.016
898 574 0 574 11.641 31.578 19.937 0.400 0.016
899 574 0 574 15.729 31.578 15.849 0.383 0.015
900 574 0 574 21.019 31.578 10.559 0.367 0.015
901 574 0 574 26.422 31.578 5.156 0.367 0.014
902 576 0 576 32.642 31.578 1.064 0.350 0.014
903 576 0 576 38.988 31.578 7.410 0.333 0.014
904 625 0 625 47.430 31.578 15.852 0.317 0.014
905 625 0 625 55.288 31.582 23.705 0.300 0.014
906 625 0 625 63.157 33.235 29.922 0.300 0.014
907 779 0 779 73.962 51.564 22.398 0.300 0.014
908 947 0 947 86.098 51.564 34.533 0.300 0.014
909 947 0 947 98.703 68.223 30.480 0.300 0.014
910 947 0 947 113.441 83.622 29.819 0.317 0.015
911 947 0 947 126.992 96.269 30.723 0.317 0.015
912 947 0 947 139.895 114.994 24.901 0.317 0.015
913 947 0 947 155.630 124.162 31.468 0.317 0.015
914 1110 0 1110 173.254 145.058 28.196 0.333 0.016
915 1312 0 1312 192.232 160.107 32.125 0.350 0.017
916 1312 0 1312 211.654 175.055 36.599 0.383 0.017
917 1312 0 1312 228.460 192.949 35.512 0.417 0.017
918 1312 0 1312 244.657 206.213 38.443 0.417 0.018
919 1459 0 1459 267.642 227.844 39.798 0.450 0.018
920 1459 0 1459 287.234 258.831 28.403 0.483 0.019
921 1787 0 1787 308.476 273.422 35.054 0.500 0.019
922 1989 0 1989 330.718 293.388 37.330 0.550 0.020
923 1992 0 1992 354.473 318.765 35.708 0.600 0.021
924 1992 0 1992 373.746 344.463 29.283 0.600 0.021
925 1992 0 1992 391.036 357.903 33.133 0.617 0.022
926 1992 0 1992 409.269 379.553 29.716 0.633 0.023
927 1992 0 1992 425.895 395.740 30.155 0.617 0.024
928 1992 0 1992 443.372 411.700 31.672 0.633 0.024
929 1992 0 1992 461.433 437.927 23.506 0.650 0.025
930 1992 0 1992 479.182 455.677 23.505 0.667 0.026
931 1992 0 1992 495.559 472.647 22.911 0.667 0.027
932 1992 0 1992 511.049 489.675 21.375 0.683 0.028
933 1992 0 1992 528.260 500.043 28.217 0.683 0.029
934 1992 0 1992 543.010 513.919 29.091 0.683 0.030
935 1992 0 1992 558.542 533.739 24.803 0.700 0.031
936 1992 0 1992 574.183 543.338 30.844 0.700 0.032
937 1992 0 1992 588.164 559.972 28.191 0.700 0.033
938 1992 0 1992 602.038 570.835 31.204 0.700 0.034
939 1992 0 1992 615.249 587.511 27.739 0.700 0.036
940 1992 0 1992 628.162 609.451 18.711 0.700 0.037
941 1992 0 1992 639.495 612.684 26.811 0.700 0.038
942 1992 0 1992 650.877 627.513 23.364 0.700 0.039
943 1992 0 1992 664.427 637.584 26.842 0.700 0.040
944 1992 0 1992 675.264 642.878 32.386 0.700 0.041
945 1992 0 1992 687.660 664.359 23.301 0.700 0.042
946 1992 0 1992 698.961 666.633 32.328 0.700 0.043
947 1992 0 1992 709.754 683.132 26.622 0.717 0.044
948 1992 0 1992 720.628 695.850 24.779 0.717 0.045
949 1992 0 1992 731.670 702.070 29.600 0.717 0.046
950 1992 0 1992 740.870 711.670 29.200 0.717 0.047
951 1992 0 1992 749.874 724.019 25.855 0.717 0.048
952 1992 0 1992 761.521 732.790 28.731 0.717 0.049
953 1992 0 1992 772.825 747.998 24.827 0.717 0.049
954 1992 0 1992 782.745 751.573 31.172 0.717 0.050
955 1992 0 1992 792.020 764.673 27.347 0.733 0.051
956 1992 0 1992 802.146 775.689 26.457 0.733 0.052
957 1992 0 1992 811.025 785.848 25.176 0.733 0.052
958 1992 0 1992 821.087 788.767 32.320 0.733 0.053
959 1992 0 1992 830.983 808.376 22.607 0.750 0.053
960 1992 0 1992 841.471 816.451 25.020 0.750 0.054
961 1992 0 1992 851.186 825.999 25.188 0.767 0.054
962 1992 0 1992 860.335 834.992 25.343 0.767 0.054
963 1992 0 1992 868.607 841.740 26.867 0.767 0.054
964 1992 0 1992 878.165 849.773 28.392 0.783 0.055
965 1992 0 1992 885.961 860.918 25.042 0.783 0.055
966 1992 0 1992 891.973 869.001 22.972 0.767 0.054
967 1992 0 1992 899.505 871.059 28.446 0.767 0.054
968 1992 0 1992 906.458 887.678 18.779 0.750 0.054
969 1992 0 1992 912.814 888.943 23.871 0.750 0.054
970 1992 0 1992 918.738 893.131 25.608 0.733 0.054
971 1992 0 1992 923.818 897.769 26.050 0.717 0.053
972 1992 0 1992 928.593 908.877 19.716 0.700 0.053
973 1992 0 1992 932.964 908.917 24.047 0.683 0.053
974 1992 0 1992 936.311 908.917 27.394 0.650 0.052
975 1992 0 1992 936.831 908.917 27.914 0.617 0.052
976 1992 0 1992 937.465 914.574 22.891 0.617 0.051
977 1992 0 1992 938.101 920.786 17.314 0.600 0.051
978 1992 0 1992 937.330 920.786 16.543 0.600 0.051
979 1992 0 1992 934.905 920.786 14.119 0.583 0.050
980 1992 0 1992 932.791 923.291 9.500 0.583 0.050
981 1992 0 1992 929.518 923.291 6.227 0.583 0.049
982 1992 0 1992 923.488 917.762 5.725 0.567 0.048
983 1594 0 1594 917.124 913.184 3.939 0.550 0.048
984 1594 0 1594 909.840 913.184 3.344 0.567 0.047
985 1594 0 1594 905.701 913.184 7.483 0.550 0.046
986 1594 0 1594 898.363 913.184 14.821 0.550 0.046
987 1594 0 1594 890.626 901.456 10.830 0.533 0.045
988 1594 0 1594 880.764 898.860 18.095 0.533 0.045
989 1594 0 1594 866.919 890.931 24.011 0.533 0.044
990 1499 0 1499 853.663 875.447 21.784 0.517 0.044
991 1499 0 1499 839.864 863.928 24.064 0.533 0.043
992 1499 0 1499 822.727 852.392 29.665 0.500 0.043
993 1499 0 1499 806.678 835.443 28.765 0.500 0.043
994 1499 0 1499 790.521 818.386 27.865 0.500 0.043
995 1499 0 1499 769.626 792.763 23.138 0.500 0.043
996 1499 0 1499 749.757 780.459 30.702 0.500 0.043
997 1499 0 1499 724.582 755.100 30.518 0.533 0.043
998 1499 0 1499 698.919 726.778 27.860 0.517 0.044
999 1499 0 1499 670.768 695.040 24.272 0.533 0.044
1000 1499 0 1499 644.752 674.957 30.205 0.533 0.045
1001 1499 0 1499 621.844 651.502 29.658 0.550 0.046
1002 1499 0 1499 595.485 616.706 21.221 0.550 0.046
1003 1499 0 1499 567.349 589.782 22.433 0.550 0.047
1004 1499 0 1499 543.839 573.928 30.089 0.583 0.048
1005 1499 0 1499 518.127 547.404 29.277 0.583 0.049
1006 1297 0 1297 495.280 521.614 26.334 0.600 0.049
1007 1297 0 1297 474.158 502.614 28.456 0.617 0.050
1008 1297 0 1297 451.511 475.428 23.918 0.617 0.051
1009 1297 0 1297 428.438 457.216 28.778 0.600 0.051
1010 1267 0 1267 409.308 439.581 30.273 0.617 0.052
1011 1267 0 1267 389.237 416.102 26.865 0.633 0.053
1012 1267 0 1267 368.961 399.669 30.708 0.633 0.053
1013 1267 0 1267 350.382 381.106 30.724 0.633 0.054
1014 1267 0 1267 334.595 362.662 28.067 0.633 0.054
1015 1237 0 1237 316.676 349.462 32.787 0.650 0.055
1016 1237 0 1237 297.361 328.821 31.460 0.633 0.055
1017 1237 0 1237 281.837 309.293 27.457 0.633 0.055
1018 1237 0 1237 264.804 289.040 24.236 0.650 0.056
1019 1237 0 1237 248.987 272.948 23.961 0.650 0.056
1020 1189 0 1189 235.123 267.256 32.134 0.650 0.056
1021 1189 0 1189 222.008 250.989 28.981 0.650 0.056
1022 1189 0 1189 209.842 237.206 27.364 0.667 0.056
1023 1189 0 1189 198.411 223.632 25.221 0.667 0.056
1024 1189 0 1189 187.325 223.632 36.307 0.650 0.056
1025 1189 0 1189 177.057 205.661 28.604 0.650 0.056
1026 1189 0 1189 166.564 192.289 25.724 0.650 0.056
1027 1189 0 1189 156.865 186.440 29.574 0.650 0.056
1028 1189 0 1189 148.627 184.447 35.820 0.650 0.056
1029 1189 0 1189 137.732 169.053 31.321 0.667 0.056
1030 1137 0 1137 129.792 163.963 34.171 0.650 0.056
1031 1137 0 1137 122.688 157.713 35.024 0.667 0.056
1032 1137 0 1137 115.642 149.290 33.648 0.667 0.056
1033 970 0 970 107.386 135.427 28.041 0.700 0.056
1034 970 0 970 99.832 130.204 30.372 0.717 0.056
1035 970 0 970 93.112 123.787 30.675 0.733 0.056
1036 892 0 892 85.569 105.127 19.558 0.750 0.056
1037 892 0 892 79.675 101.024 21.349 0.750 0.056
1038 892 0 892 73.098 101.024 27.926 0.767 0.056
1039 892 0 892 67.616 95.704 28.089 0.783 0.056
1040 736 0 736 62.314 88.883 26.570 0.783 0.057
1041 736 0 736 57.198 83.391 26.193 0.767 0.056
1042 736 0 736 51.897 77.875 25.978 0.717 0.056
1043 736 0 736 47.322 77.875 30.553 0.667 0.056
1044 736 0 736 41.471 75.005 33.535 0.683 0.056
1045 736 0 736 37.661 69.714 32.053 0.683 0.056
1046 736 0 736 33.400 56.929 23.529 0.683 0.056
1047 736 0 736 29.831 55.156 25.325 0.683 0.056
1048 736 0 736 25.784 55.156 29.372 0.667 0.055
1049 736 0 736 21.493 55.156 33.663 0.667 0.055
1050 736 0 736 17.863 44.185 26.322 0.650 0.055
1051 444 0 444 14.854 36.349 21.495 0.667 0.054
1052 444 0 444 11.653 34.350 22.697 0.650 0.053
1053 433 0 433 9.289 34.350 25.060 0.633 0.053
1054 433 0 433 7.320 34.350 27.030 0.633 0.052
1055 255 0 255 5.034 34.350 29.316 0.617 0.051
1056 255 0 255 3.645 31.806 28.161 0.617 0.050
1057 255 0 255 2.401 31.806 29.405 0.600 0.048
1058 255 0 255 1.533 25.517 23.983 0.583 0.046
1059 255 0 255 0.928 25.520 24.592 0.583 0.045
1060 233 0 233 0.518 25.520 25.002 0.567 0.043
1061 233 0 233 0.357 25.524 25.167 0.533 0.041
1062 233 0 233 0.274 25.524 25.250 0.517 0.039
1063 233 0 233 0.231 25.524 25.293 0.500 0.037
1064 233 0 233 0.216 25.524 25.307 0.500 0.036
1065 233 0 233 0.173 25.524 25.350 0.500 0.034
1066 233 0 233 0.182 25.524 25.342 0.483 0.032
1067 233 0 233 0.199 25.524 25.325 0.483 0.030
1068 233 0 233 0.207 25.520 25.313 0.483 0.029
1069 233 0 233 0.286 25.520 25.234 0.483 0.027
1070 272 0 272 0.443 25.520 25.077 0.483 0.026
1071 288 0 288 0.653 25.520 24.867 0.467 0.024
1072 288 0 288 1.015 25.520 24.505 0.450 0.023
1073 356 0 356 1.789 25.520 23.731 0.450 0.021
1074 356 0 356 2.785 25.520 22.735 0.450 0.020
1075 356 0 356 4.166 25.520 21.354 0.433 0.019
1076 356 0 356 6.066 25.528 19.461 0.433 0.018
1077 356 0 356 8.535 25.528 16.993 0.417 0.017
1078 418 0 418 11.659 25.528 13.869 0.400 0.016
1079 444 0 444 15.453 25.528 10.075 0.400 0.015
1080 486 0 486 19.742 25.528 5.786 0.383 0.015
1081 583 0 583 24.216 25.582 1.366 0.383 0.014
1082 634 0 634 30.216 25.582 4.634 0.367 0.014
1083 634 0 634 36.924 25.585 11.338 0.350 0.014
1084 634 0 634 44.586 25.585 19.000 0.350 0.014
1085 634 0 634 53.063 28.020 25.043 0.333 0.014
1086 634 0 634 62.706 33.435 29.271 0.317 0.014
1087 651 0 651 73.743 40.021 33.723 0.317 0.014
1088 660 0 660 83.037 48.643 34.394 0.317 0.014
1089 838 0 838 96.752 69.304 27.448 0.317 0.014
1090 838 0 838 108.341 75.328 33.013 0.317 0.014
1091 847 0 847 121.120 99.176 21.944 0.317 0.015
1092 847 0 847 135.954 101.615 34.339 0.333 0.015
1093 929 0 929 150.575 118.800 31.775 0.333 0.015
1094 1062 0 1062 169.745 142.890 26.855 0.333 0.016
1095 1117 0 1117 186.155 153.939 32.216 0.350 0.016
1096 1200 0 1200 203.853 173.254 30.598 0.367 0.017
1097 1431 0 1431 224.435 192.349 32.086 0.417 0.017
1098 1633 0 1633 242.674 216.401 26.274 0.433 0.018
1099 1633 0 1633 262.717 233.587 29.130 0.467 0.018
1100 1951 0 1951 283.236 252.353 30.883 0.500 0.019
1101 2193 0 2193 309.835 277.054 32.781 0.550 0.019
1102 2193 0 2193 336.475 304.639 31.836 0.617 0.020
1103 2193 0 2193 357.807 330.079 27.728 0.667 0.021
1104 2193 0 2193 381.570 347.463 34.107 0.700 0.022
1105 2193 0 2193 400.938 364.577 36.360 0.717 0.022
1106 2193 0 2193 420.407 387.180 33.228 0.717 0.023
1107 2193 0 2193 440.407 407.514 32.893 0.733 0.024
1108 2193 0 2193 457.486 425.546 31.941 0.750 0.025
1109 2193 0 2193 475.500 448.689 26.811 0.750 0.026
1110 2193 0 2193 492.138 460.958 31.181 0.750 0.026
1111 2193 0 2193 507.049 476.630 30.418 0.750 0.027
1112 2193 0 2193 521.079 493.627 27.452 0.767 0.028
1113 2193 0 2193 536.898 513.788 23.110 0.767 0.029
1114 2193 0 2193 551.687 528.933 22.754 0.767 0.030
1115 2193 0 2193 568.399 545.434 22.965 0.767 0.031
1116 2193 0 2193 582.591 557.276 25.315 0.767 0.032
1117 2193 0 2193 595.269 568.517 26.753 0.767 0.033
1118 2193 0 2193 607.690 583.636 24.054 0.767 0.034
1119 2193 0 2193 619.993 587.230 32.763 0.767 0.035
1120 2193 0 2193 632.504 609.231 23.273 0.767 0.036
1121 2193 0 2193 644.965 614.787 30.178 0.767 0.037
1122 2193 0 2193 656.079 636.169 19.910 0.783 0.038
1123 2193 0 2193 667.286 638.498 28.788 0.783 0.039
1124 2193 0 2193 677.943 654.014 23.929 0.783 0.040
1125 2193 0 2193 691.726 664.583 27.143 0.783 0.042
1126 2193 0 2193 703.478 679.319 24.158 0.783 0.043
1127 2193 0 2193 714.846 685.894 28.952 0.783 0.044
1128 2193 0 2193 725.097 696.697 28.400 0.783 0.045
1129 2193 0 2193 736.337 702.632 33.704 0.783 0.046
1130 2193 0 2193 747.464 721.013 26.451 0.783 0.047
1131 2193 0 2193 758.972 732.394 26.578 0.783 0.048
1132 2193 0 2193 770.392 747.857 22.535 0.800 0.049
1133 2193 0 2193 783.041 756.578 26.463 0.800 0.050
1134 2193 0 2193 793.172 764.015 29.157 0.800 0.050
1135 2193 0 2193 804.090 778.392 25.699 0.800 0.051
1136 2193 0 2193 814.754 784.305 30.449 0.800 0.052
1137 2193 0 2193 825.069 796.018 29.051 0.800 0.053
1138 2193 0 2193 835.128 808.079 27.049 0.800 0.053
1139 2193 0 2193 844.374 814.246 30.128 0.800 0.054
1140 2193 0 2193 853.180 829.867 23.313 0.817 0.054
1141 2193 0 2193 861.212 829.924 31.288 0.817 0.054
1142 2193 0 2193 870.330 837.611 32.719 0.817 0.055
1143 2193 0 2193 879.018 849.987 29.031 0.833 0.055
1144 2193 0 2193 887.466 859.561 27.905 0.833 0.055
1145 2193 0 2193 895.499 869.038 26.461 0.833 0.055
1146 2193 0 2193 903.854 874.755 29.099 0.833 0.055
1147 2193 0 2193 912.107 891.968 20.139 0.833 0.055
1148 2193 0 2193 917.921 893.426 24.495 0.817 0.055
1149 2193 0 2193 924.849 898.901 25.948 0.817 0.054
1150 2193 0 2193 930.128 906.702 23.425 0.817 0.054
1151 2193 0 2193 934.999 911.372 23.627 0.800 0.054
1152 2193 0 2193 940.672 914.086 26.585 0.800 0.054
1153 2193 0 2193 943.805 922.714 21.091 0.767 0.053
1154 2193 0 2193 948.658 924.814 23.844 0.750 0.053
1155 2193 0 2193 950.990 930.121 20.869 0.717 0.052
1156 2193 0 2193 951.475 935.548 15.927 0.683 0.052
1157 2193 0 2193 951.596 935.548 16.048 0.650 0.051
1158 2193 0 2193 949.680 935.548 14.132 0.617 0.051
1159 2193 0 2193 948.415 935.548 12.867 0.583 0.050
1160 2193 0 2193 943.389 935.548 7.841 0.583 0.050
1161 2182 0 2182 937.750 928.036 9.714 0.567 0.049
1162 2095 0 2095 928.178 922.669 5.508 0.550 0.048
1163 1830 0 1830 920.913 922.669 1.756 0.550 0.048
1164 1441 0 1441 910.595 917.721 7.126 0.533 0.047
1165 1422 0 1422 902.962 912.930 9.968 0.533 0.047
1166 1422 0 1422 893.747 908.224 14.477 0.533 0.046
1167 1422 0 1422 884.601 903.094 18.492 0.533 0.045
1168 1422 0 1422 873.948 897.916 23.968 0.517 0.045
1169 1422 0 1422 863.146 891.755 28.609 0.533 0.044
1170 1422 0 1422 848.672 875.493 26.821 0.533 0.044
1171 1422 0 1422 833.412 858.693 25.281 0.567 0.044
1172 1422 0 1422 818.986 847.197 28.210 0.550 0.044
1173 1422 0 1422 801.084 820.531 19.447 0.567 0.043
1174 1422 0 1422 783.648 812.665 29.017 0.567 0.043
1175 1422 0 1422 761.506 789.517 28.011 0.583 0.043
1176 1422 0 1422 739.413 764.568 25.155 0.583 0.043
1177 1422 0 1422 718.145 749.743 31.597 0.600 0.044
1178 1422 0 1422 699.133 726.130 26.997 0.600 0.044
1179 1422 0 1422 674.385 702.035 27.650 0.617 0.044
1180 1422 0 1422 653.214 680.563 27.349 0.617 0.045
1181 1422 0 1422 627.876 658.622 30.745 0.617 0.045
1182 1422 0 1422 603.059 633.256 30.197 0.617 0.046
1183 1422 0 1422 577.630 607.063 29.433 0.617 0.047
1184 1422 0 1422 551.705 574.204 22.499 0.617 0.048
1185 1422 0 1422 524.257 544.038 19.781 0.633 0.049
1186 1417 0 1417 500.377 526.928 26.552 0.633 0.049
1187 1417 0 1417 476.689 505.197 28.508 0.633 0.050
1188 1417 0 1417 453.761 482.015 28.254 0.633 0.051
1189 1417 0 1417 433.017 465.374 32.357 0.650 0.051
1190 1304 0 1304 412.098 443.163 31.065 0.650 0.052
1191 1304 0 1304 392.010 414.272 22.263 0.650 0.052
1192 1286 0 1286 372.413 393.082 20.669 0.650 0.053
1193 1283 0 1283 352.078 385.209 33.131 0.650 0.053
1194 1283 0 1283 334.603 363.477 28.874 0.667 0.054
1195 1233 0 1233 315.019 342.088 27.069 0.667 0.054
1196 1168 0 1168 294.890 325.716 30.827 0.667 0.055
1197 1147 0 1147 278.090 300.189 22.099 0.683 0.055
1198 1147 0 1147 262.381 289.237 26.856 0.683 0.055
1199 1145 0 1145 249.051 280.176 31.124 0.700 0.055
