1 449 0 449 262.041 272.643 10.602 6.000 1.431
2 449 0 449 275.567 272.643 2.924 3.000 0.727
3 518 0 518 295.202 272.643 22.559 2.333 0.492
4 518 0 518 310.022 289.722 20.300 1.750 0.375
5 780 0 780 322.483 300.912 21.572 1.400 0.303
6 780 0 780 342.619 304.102 38.517 1.167 0.259
7 780 0 780 354.499 325.887 28.612 1.000 0.224
8 780 0 780 372.663 330.193 42.471 1.000 0.200
9 831 0 831 393.258 345.480 47.778 0.889 0.180
10 1102 0 1102 414.651 368.803 45.848 0.800 0.164
11 1279 0 1279 435.503 403.361 32.142 0.727 0.152
12 1763 0 1763 458.789 440.834 17.955 0.917 0.141
13 1930 0 1930 487.411 471.228 16.183 1.077 0.132
14 2216 0 2216 514.429 504.567 9.862 1.214 0.124
15 2514 0 2514 540.908 505.584 35.324 1.333 0.117
16 2723 0 2723 574.323 566.159 8.165 1.438 0.111
17 2800 0 2800 601.010 576.671 24.339 1.529 0.107
18 2967 0 2967 628.046 626.207 1.839 1.611 0.102
19 2967 0 2967 661.160 643.730 17.429 1.632 0.098
20 2967 0 2967 682.067 661.946 20.121 1.650 0.094
21 2967 0 2967 714.929 711.403 3.526 1.714 0.091
22 2967 0 2967 737.634 723.939 13.695 1.682 0.088
23 2967 0 2967 758.735 747.475 11.260 1.652 0.086
24 3096 0 3096 775.961 747.892 28.069 1.625 0.083
25 3385 0 3385 793.693 771.428 22.264 1.640 0.081
26 3423 0 3423 811.681 770.806 40.875 1.615 0.079
27 3511 0 3511 825.216 803.409 21.807 1.630 0.077
28 3665 0 3665 837.000 826.763 10.237 1.607 0.076
29 3665 0 3665 851.355 826.715 24.639 1.586 0.074
30 3665 0 3665 863.081 827.954 35.127 1.533 0.073
31 3665 0 3665 867.382 829.714 37.668 1.484 0.071
32 3665 0 3665 870.498 831.514 38.983 1.438 0.070
33 3665 0 3665 874.336 834.964 39.372 1.394 0.069
34 3665 0 3665 877.509 836.558 40.951 1.353 0.068
35 3665 0 3665 880.789 836.558 44.231 1.314 0.066
36 3665 0 3665 884.497 837.660 46.837 1.278 0.066
37 3665 0 3665 888.320 838.547 49.773 1.270 0.064
38 3665 0 3665 891.373 844.939 46.434 1.237 0.063
39 3665 0 3665 894.395 847.076 47.318 1.205 0.062
40 3665 0 3665 897.334 847.157 50.177 1.175 0.061
41 3665 0 3665 900.331 853.205 47.126 1.146 0.060
42 3665 0 3665 903.876 858.247 45.629 1.119 0.060
43 3665 0 3665 906.444 865.519 40.925 1.093 0.059
44 3665 0 3665 909.812 865.519 44.293 1.068 0.058
45 3665 0 3665 912.222 865.551 46.671 1.044 0.057
46 3665 0 3665 914.294 865.551 48.743 1.043 0.056
47 3665 0 3665 916.427 865.551 50.876 1.021 0.055
48 3665 0 3665 918.904 870.025 48.879 1.000 0.054
49 3665 0 3665 920.803 873.199 47.604 0.980 0.053
50 3665 0 3665 922.582 873.199 49.383 0.960 0.053
51 3665 0 3665 924.230 873.199 51.031 0.941 0.052
52 3665 0 3665 925.737 873.199 52.538 0.923 0.051
53 3665 0 3665 926.925 873.199 53.726 0.906 0.050
54 3665 0 3665 928.131 879.115 49.016 0.889 0.049
55 3665 0 3665 928.941 879.115 49.826 0.873 0.049
56 3665 0 3665 929.616 879.115 50.501 0.875 0.048
57 3665 0 3665 930.079 879.115 50.964 0.860 0.047
58 3665 0 3665 930.539 879.115 51.425 0.845 0.046
59 3665 0 3665 930.808 879.115 51.694 0.831 0.046
60 3665 0 3665 931.016 879.115 51.901 0.817 0.045
61 3665 0 3665 939.580 886.867 52.713 0.800 0.022
62 3665 0 3665 946.609 893.071 53.538 0.800 0.022
63 3665 0 3665 955.422 895.930 59.492 0.800 0.022
64 3665 0 3665 965.230 912.760 52.470 0.783 0.022
65 3665 0 3665 971.887 912.760 59.127 0.800 0.022
66 3665 0 3665 982.038 912.760 69.278 0.817 0.021
67 3665 0 3665 988.676 918.320 70.356 0.817 0.021
68 3665 0 3665 997.601 920.676 76.925 0.800 0.021
69 3665 0 3665 1004.808 965.429 39.379 0.800 0.021
70 3665 0 3665 1011.829 965.497 46.331 0.783 0.021
71 3665 0 3665 1017.392 976.398 40.995 0.750 0.021
72 3665 0 3665 1021.377 976.398 44.979 0.700 0.021
73 3665 0 3665 1023.488 976.398 47.091 0.650 0.021
74 3665 0 3665 1024.929 976.398 48.532 0.600 0.020
75 3665 0 3665 1022.446 976.398 46.048 0.567 0.020
76 3665 0 3665 1018.197 976.398 41.800 0.550 0.020
77 3665 0 3665 1014.172 968.847 45.325 0.517 0.020
78 3665 0 3665 1009.345 968.847 40.498 0.500 0.019
79 3665 0 3665 1001.835 968.847 32.988 0.483 0.019
80 3665 0 3665 994.877 957.686 37.192 0.483 0.019
81 3665 0 3665 983.387 957.686 25.701 0.467 0.018
82 3665 0 3665 973.982 944.632 29.350 0.500 0.018
83 3665 0 3665 963.752 947.529 16.223 0.500 0.018
84 3665 0 3665 953.583 935.995 17.588 0.517 0.018
85 3665 0 3665 939.321 925.354 13.967 0.533 0.017
86 3665 0 3665 924.148 915.109 9.039 0.583 0.017
87 3665 0 3665 909.666 902.413 7.253 0.583 0.017
88 3624 0 3624 894.096 892.105 1.990 0.617 0.017
89 2989 0 2989 874.290 882.236 7.946 0.650 0.016
90 2179 0 2179 855.437 882.236 26.798 0.700 0.016
91 1515 0 1515 841.532 882.236 40.704 0.700 0.016
92 1515 0 1515 828.673 868.550 39.878 0.717 0.016
93 1515 0 1515 810.807 868.550 57.744 0.717 0.016
94 1515 0 1515 794.061 850.732 56.671 0.717 0.017
95 1515 0 1515 774.286 817.413 43.127 0.717 0.017
96 1515 0 1515 751.929 808.490 56.561 0.733 0.018
97 1515 0 1515 727.084 788.578 61.494 0.717 0.018
98 1515 0 1515 704.628 764.765 60.137 0.717 0.019
99 1515 0 1515 677.836 732.233 54.397 0.733 0.019
100 1515 0 1515 653.717 700.045 46.328 0.733 0.020
101 1515 0 1515 629.746 699.990 70.244 0.733 0.021
102 1515 0 1515 602.669 657.419 54.750 0.733 0.022
103 1515 0 1515 577.163 634.888 57.725 0.733 0.023
104 1515 0 1515 550.821 614.860 64.039 0.733 0.024
105 1515 0 1515 529.506 587.401 57.896 0.733 0.025
106 1515 0 1515 505.528 568.618 63.090 0.733 0.025
107 1515 0 1515 482.109 527.548 45.439 0.733 0.026
108 1515 0 1515 457.620 520.520 62.900 0.733 0.027
109 1515 0 1515 434.680 503.390 68.709 0.733 0.028
110 1273 0 1273 411.801 461.029 49.227 0.733 0.029
111 1220 0 1220 389.751 448.458 58.707 0.733 0.030
112 1211 0 1211 368.763 416.513 47.750 0.733 0.031
113 1211 0 1211 348.594 400.651 52.056 0.750 0.032
114 1208 0 1208 329.401 384.099 54.698 0.750 0.032
115 1208 0 1208 310.486 370.711 60.225 0.750 0.033
116 1208 0 1208 294.432 360.026 65.595 0.733 0.034
117 1208 0 1208 279.832 328.054 48.223 0.750 0.034
118 1208 0 1208 265.510 328.054 62.544 0.750 0.035
119 1208 0 1208 251.916 309.912 57.996 0.750 0.035
120 1208 0 1208 237.727 284.049 46.322 0.750 0.036
121 1208 0 1208 223.831 280.838 57.008 0.767 0.036
122 1208 0 1208 209.453 269.369 59.917 0.767 0.036
123 1064 0 1064 196.906 259.712 62.806 0.767 0.036
124 1048 0 1048 188.462 249.591 61.129 0.783 0.036
125 1040 0 1040 177.574 237.147 59.573 0.767 0.036
126 1040 0 1040 167.679 237.147 69.468 0.750 0.036
127 1018 0 1018 157.621 215.245 57.624 0.767 0.036
128 1018 0 1018 148.130 212.406 64.276 0.767 0.036
129 1018 0 1018 140.094 200.201 60.107 0.767 0.036
130 1018 0 1018 132.099 200.201 68.102 0.750 0.036
131 1018 0 1018 124.631 182.966 58.335 0.767 0.036
132 1018 0 1018 118.434 179.268 60.835 0.767 0.036
133 964 0 964 111.388 159.337 47.949 0.783 0.036
134 964 0 964 105.327 149.256 43.929 0.783 0.036
135 964 0 964 96.826 149.256 52.430 0.783 0.036
136 964 0 964 87.857 149.256 61.398 0.767 0.036
137 964 0 964 80.881 128.725 47.844 0.750 0.036
138 905 0 905 75.483 116.333 40.850 0.733 0.036
139 905 0 905 69.888 116.333 46.445 0.717 0.036
140 905 0 905 63.544 113.913 50.369 0.683 0.036
141 733 0 733 57.779 104.892 47.112 0.667 0.036
142 733 0 733 52.471 94.077 41.605 0.617 0.036
143 733 0 733 47.517 94.077 46.559 0.600 0.036
144 733 0 733 43.450 84.607 41.157 0.583 0.036
145 733 0 733 38.409 84.569 46.161 0.533 0.036
146 733 0 733 33.630 84.569 50.939 0.467 0.036
147 686 0 686 28.864 84.557 55.694 0.450 0.036
148 686 0 686 24.858 84.557 59.700 0.400 0.036
149 509 0 509 20.640 74.692 54.052 0.350 0.036
150 509 0 509 17.161 74.692 57.531 0.333 0.035
151 509 0 509 14.366 63.204 48.838 0.333 0.035
152 494 0 494 11.937 63.204 51.267 0.333 0.035
153 414 0 414 9.226 63.195 53.969 0.333 0.034
154 414 0 414 7.329 63.195 55.866 0.317 0.034
155 414 0 414 5.498 63.195 57.697 0.317 0.033
156 298 0 298 3.826 63.195 59.369 0.300 0.032
157 277 0 277 2.564 60.536 57.971 0.300 0.031
158 240 0 240 1.580 60.530 58.951 0.300 0.030
159 240 0 240 0.952 60.530 59.578 0.283 0.029
160 240 0 240 0.565 55.247 54.682 0.267 0.028
161 234 0 234 0.290 55.247 54.956 0.267 0.027
162 234 0 234 0.187 55.247 55.060 0.250 0.025
163 234 0 234 0.155 55.247 55.092 0.250 0.024
164 234 0 234 0.097 55.247 55.150 0.250 0.023
165 197 0 197 0.046 55.247 55.201 0.250 0.022
166 197 0 197 0.053 55.247 55.193 0.233 0.021
167 197 0 197 0.057 55.247 55.189 0.233 0.019
168 197 0 197 0.133 55.247 55.114 0.233 0.018
169 234 0 234 0.256 55.247 54.991 0.233 0.017
170 234 0 234 0.425 55.247 54.821 0.233 0.016
171 234 0 234 0.575 55.243 54.667 0.233 0.015
172 234 0 234 0.983 55.243 54.260 0.233 0.014
173 234 0 234 1.515 55.243 53.728 0.217 0.013
174 264 0 264 2.601 55.243 52.642 0.217 0.012
175 264 0 264 3.689 55.243 51.554 0.217 0.011
176 356 0 356 5.820 55.243 49.423 0.217 0.011
177 392 0 392 8.658 55.243 46.585 0.217 0.010
178 400 0 400 11.454 55.243 43.789 0.200 0.010
179 400 0 400 15.051 55.251 40.200 0.200 0.009
180 496 0 496 20.059 55.251 35.191 0.200 0.009
181 496 0 496 26.214 55.251 29.036 0.200 0.008
182 496 0 496 32.584 55.251 22.667 0.183 0.008
183 580 0 580 40.391 55.279 14.888 0.183 0.008
184 598 0 598 49.146 55.324 6.179 0.183 0.007
185 618 0 618 57.287 55.366 1.921 0.167 0.007
186 618 0 618 66.388 55.366 11.022 0.167 0.007
187 618 0 618 76.024 55.366 20.658 0.167 0.007
188 723 0 723 87.892 55.366 32.526 0.167 0.007
189 1188 0 1188 102.758 58.003 44.754 0.167 0.007
190 1221 0 1221 119.258 58.003 61.255 0.183 0.008
191 1364 0 1364 135.409 77.955 57.455 0.200 0.008
192 1364 0 1364 146.997 87.641 59.356 0.200 0.008
193 1364 0 1364 162.270 105.489 56.781 0.217 0.008
194 1364 0 1364 179.609 105.489 74.120 0.217 0.008
195 1364 0 1364 199.759 138.533 61.227 0.233 0.008
196 1364 0 1364 218.819 166.819 52.000 0.250 0.009
197 1397 0 1397 239.681 183.985 55.697 0.250 0.009
198 1397 0 1397 258.424 199.950 58.474 0.267 0.009
199 1631 0 1631 279.393 230.901 48.491 0.300 0.010
200 1719 0 1719 303.872 239.690 64.182 0.300 0.010
201 1854 0 1854 327.343 275.491 51.852 0.333 0.010
202 1854 0 1854 349.762 300.838 48.924 0.333 0.011
203 1854 0 1854 369.079 305.922 63.156 0.350 0.011
204 1854 0 1854 388.214 321.052 67.163 0.367 0.012
205 1854 0 1854 407.575 346.299 61.276 0.367 0.012
206 1854 0 1854 425.338 363.565 61.773 0.383 0.013
207 1854 0 1854 443.205 376.178 67.026 0.383 0.013
208 1854 0 1854 460.738 412.559 48.178 0.400 0.014
209 1854 0 1854 479.000 421.912 57.088 0.400 0.014
210 1854 0 1854 494.009 430.010 63.999 0.383 0.015
211 1854 0 1854 509.736 456.770 52.966 0.383 0.015
212 1854 0 1854 524.611 480.291 44.320 0.400 0.016
213 1854 0 1854 540.803 493.414 47.389 0.400 0.017
214 1854 0 1854 554.109 501.750 52.359 0.400 0.017
215 1854 0 1854 569.623 512.231 57.392 0.400 0.018
216 1854 0 1854 583.293 536.866 46.426 0.400 0.019
217 1854 0 1854 597.668 544.510 53.158 0.400 0.020
218 1854 0 1854 610.239 564.922 45.317 0.400 0.020
219 1854 0 1854 624.776 574.440 50.336 0.400 0.021
220 1854 0 1854 637.066 574.440 62.626 0.400 0.022
221 1854 0 1854 650.901 582.337 68.564 0.400 0.023
222 1854 0 1854 662.905 605.828 57.077 0.400 0.023
223 1854 0 1854 676.325 628.280 48.045 0.417 0.024
224 1854 0 1854 687.232 638.557 48.674 0.417 0.025
225 1854 0 1854 699.338 647.342 51.996 0.417 0.026
226 1854 0 1854 707.484 647.396 60.088 0.417 0.026
227 1854 0 1854 717.806 650.019 67.787 0.417 0.027
228 1854 0 1854 727.918 670.392 57.526 0.417 0.027
229 1854 0 1854 739.454 692.824 46.629 0.417 0.028
230 1854 0 1854 751.293 692.824 58.469 0.417 0.029
231 1854 0 1854 762.508 705.250 57.258 0.417 0.029
232 1854 0 1854 772.804 714.007 58.797 0.417 0.030
233 1854 0 1854 782.056 714.007 68.049 0.417 0.030
234 1854 0 1854 792.388 730.057 62.331 0.417 0.031
235 1854 0 1854 800.715 735.205 65.509 0.417 0.031
236 1854 0 1854 810.502 745.091 65.411 0.417 0.032
237 1854 0 1854 821.506 771.678 49.829 0.417 0.033
238 1854 0 1854 829.931 781.275 48.656 0.417 0.033
239 1854 0 1854 838.567 781.315 57.252 0.417 0.033
240 1854 0 1854 848.292 796.495 51.797 0.433 0.034
241 1854 0 1854 858.977 821.183 37.794 0.433 0.034
242 1854 0 1854 868.233 821.183 47.050 0.433 0.034
243 1854 0 1854 877.829 821.258 56.571 0.433 0.035
244 1854 0 1854 887.430 834.898 52.532 0.433 0.035
245 1854 0 1854 895.249 837.558 57.691 0.433 0.035
246 1854 0 1854 902.608 848.563 54.045 0.433 0.035
247 1854 0 1854 909.632 865.867 43.765 0.433 0.035
248 1854 0 1854 916.892 865.867 51.024 0.433 0.035
249 1854 0 1854 922.826 865.854 56.972 0.417 0.035
250 1854 0 1854 928.799 889.429 39.370 0.400 0.035
251 1854 0 1854 933.177 889.429 43.748 0.383 0.034
252 1854 0 1854 936.701 891.735 44.966 0.367 0.034
253 1854 0 1854 939.544 891.735 47.809 0.350 0.034
254 1854 0 1854 943.573 891.735 51.838 0.333 0.034
255 1854 0 1854 945.369 891.735 53.634 0.317 0.033
256 1854 0 1854 945.709 891.735 53.974 0.317 0.033
257 1854 0 1854 945.760 891.735 54.025 0.317 0.033
258 1854 0 1854 944.936 891.735 53.202 0.317 0.033
259 1854 0 1854 943.124 891.735 51.390 0.317 0.032
260 1854 0 1854 937.716 891.735 45.981 0.300 0.032
261 1632 0 1632 930.925 891.735 39.190 0.317 0.031
262 1632 0 1632 924.186 891.749 32.438 0.317 0.031
263 1535 0 1535 918.894 891.749 27.145 0.317 0.031
264 1535 0 1535 912.958 891.749 21.209 0.317 0.030
265 1535 0 1535 906.427 891.749 14.679 0.317 0.030
266 1535 0 1535 899.336 891.724 7.612 0.300 0.029
267 1535 0 1535 890.601 891.724 1.123 0.300 0.029
268 1427 0 1427 879.675 880.543 0.867 0.300 0.028
269 1427 0 1427 867.209 880.543 13.334 0.317 0.028
270 1427 0 1427 853.924 880.543 26.619 0.317 0.028
271 1427 0 1427 838.054 880.536 42.483 0.317 0.028
272 1427 0 1427 822.290 859.915 37.625 0.317 0.027
273 1427 0 1427 803.490 851.276 47.787 0.333 0.027
274 1427 0 1427 786.461 848.321 61.861 0.333 0.027
275 1427 0 1427 765.206 820.869 55.663 0.333 0.028
276 1427 0 1427 742.354 796.612 54.259 0.317 0.028
277 1427 0 1427 718.291 766.759 48.468 0.317 0.028
278 1427 0 1427 695.025 758.192 63.167 0.333 0.028
279 1427 0 1427 671.004 719.938 48.934 0.333 0.028
280 1427 0 1427 646.452 699.734 53.282 0.333 0.029
281 1365 0 1365 619.524 676.442 56.918 0.333 0.029
282 1365 0 1365 592.278 639.650 47.372 0.333 0.030
283 1365 0 1365 564.933 622.792 57.859 0.333 0.030
284 1316 0 1316 540.875 590.121 49.246 0.350 0.031
285 1316 0 1316 514.582 569.572 54.990 0.350 0.031
286 1316 0 1316 490.705 557.636 66.931 0.350 0.032
287 1316 0 1316 466.348 520.145 53.797 0.350 0.033
288 1316 0 1316 444.092 508.628 64.536 0.350 0.033
289 1309 0 1309 423.325 481.434 58.109 0.350 0.033
290 1257 0 1257 398.662 451.967 53.305 0.350 0.034
291 1257 0 1257 377.845 441.529 63.684 0.350 0.034
292 1257 0 1257 360.230 411.332 51.102 0.350 0.034
293 1251 0 1251 342.019 408.699 66.680 0.333 0.035
294 1251 0 1251 323.051 398.221 75.170 0.333 0.035
295 1251 0 1251 303.143 356.978 53.835 0.333 0.036
296 1251 0 1251 286.463 342.790 56.327 0.350 0.036
297 1213 0 1213 270.988 322.771 51.783 0.350 0.036
298 1213 0 1213 257.010 309.309 52.298 0.350 0.036
299 1181 0 1181 244.390 299.911 55.521 0.350 0.036
300 1181 0 1181 231.057 289.510 58.453 0.333 0.036
301 1181 0 1181 217.753 276.007 58.254 0.350 0.036
302 1181 0 1181 206.341 257.527 51.186 0.350 0.036
303 1181 0 1181 192.956 246.290 53.334 0.350 0.036
304 1181 0 1181 180.674 236.759 56.085 0.350 0.036
305 1181 0 1181 170.681 229.112 58.431 0.350 0.036
306 1181 0 1181 161.187 223.119 61.932 0.350 0.036
307 1027 0 1027 151.634 200.516 48.882 0.350 0.036
308 1027 0 1027 143.888 191.349 47.461 0.350 0.036
309 1027 0 1027 135.405 191.259 55.855 0.350 0.036
310 1027 0 1027 128.074 191.259 63.186 0.333 0.036
311 1027 0 1027 120.888 181.015 60.128 0.350 0.036
312 1027 0 1027 112.701 181.015 68.314 0.350 0.036
313 1027 0 1027 105.461 175.055 69.594 0.367 0.036
314 1027 0 1027 99.339 148.114 48.774 0.367 0.036
315 1027 0 1027 93.160 137.799 44.639 0.383 0.036
316 1018 0 1018 85.222 134.408 49.186 0.383 0.036
317 910 0 910 79.495 134.408 54.914 0.383 0.036
318 857 0 857 72.969 134.408 61.439 0.400 0.036
319 857 0 857 67.306 120.160 52.855 0.417 0.036
320 857 0 857 61.079 120.160 59.081 0.383 0.036
321 857 0 857 55.973 110.698 54.724 0.367 0.036
322 856 0 856 50.145 100.202 50.057 0.350 0.036
323 715 0 715 45.433 100.202 54.770 0.367 0.036
324 715 0 715 40.984 100.202 59.218 0.350 0.036
325 630 0 630 36.745 100.202 63.457 0.333 0.036
326 564 0 564 33.026 100.202 67.176 0.317 0.036
327 513 0 513 29.307 100.202 70.895 0.333 0.036
328 506 0 506 25.683 100.202 74.520 0.317 0.036
329 452 0 452 21.732 91.876 70.144 0.317 0.036
330 452 0 452 18.425 81.443 63.018 0.333 0.035
331 452 0 452 15.048 77.573 62.525 0.333 0.035
332 452 0 452 12.029 55.467 43.437 0.333 0.035
333 452 0 452 9.159 55.467 46.308 0.333 0.034
334 387 0 387 6.943 55.467 48.524 0.333 0.033
335 333 0 333 4.982 55.467 50.485 0.333 0.033
336 333 0 333 3.300 55.467 52.167 0.333 0.032
337 208 0 208 2.042 55.467 53.424 0.317 0.031
338 208 0 208 1.256 55.467 54.211 0.300 0.030
339 170 0 170 0.720 55.474 54.754 0.300 0.029
340 161 0 161 0.541 55.474 54.933 0.283 0.027
341 161 0 161 0.414 55.467 55.053 0.267 0.026
342 161 0 161 0.257 55.467 55.210 0.267 0.025
343 152 0 152 0.203 55.474 55.271 0.267 0.024
344 152 0 152 0.174 55.474 55.300 0.250 0.022
345 152 0 152 0.160 55.474 55.314 0.250 0.021
346 194 0 194 0.193 55.474 55.282 0.250 0.020
347 194 0 194 0.211 55.474 55.264 0.250 0.019
348 237 0 237 0.258 55.467 55.209 0.250 0.018
349 237 0 237 0.324 55.467 55.142 0.250 0.017
350 237 0 237 0.405 55.467 55.062 0.233 0.016
351 237 0 237 0.580 55.467 54.887 0.233 0.015
352 306 0 306 0.990 55.467 54.476 0.233 0.014
353 327 0 327 1.461 55.462 54.001 0.233 0.013
354 379 0 379 2.421 55.462 53.041 0.233 0.012
355 379 0 379 3.677 55.462 51.785 0.217 0.011
356 468 0 468 5.960 55.464 49.503 0.217 0.011
357 468 0 468 9.004 55.471 46.467 0.217 0.010
358 468 0 468 12.262 55.471 43.210 0.217 0.009
359 468 0 468 16.040 55.471 39.431 0.200 0.009
360 468 0 468 20.068 55.471 35.404 0.200 0.009
361 497 0 497 24.938 55.479 30.541 0.183 0.008
362 497 0 497 30.350 55.479 25.129 0.183 0.008
363 499 0 499 36.783 55.479 18.696 0.183 0.008
364 561 0 561 43.941 55.487 11.546 0.167 0.007
365 563 0 563 52.205 55.487 3.282 0.150 0.007
366 668 0 668 60.891 55.487 5.404 0.167 0.007
367 668 0 668 72.614 55.487 17.127 0.167 0.007
368 668 0 668 83.293 55.487 27.806 0.150 0.007
369 758 0 758 93.581 55.487 38.095 0.150 0.007
370 758 0 758 107.875 55.487 52.389 0.167 0.008
371 803 0 803 120.524 55.487 65.038 0.150 0.008
372 1003 0 1003 136.469 73.653 62.816 0.167 0.008
373 1003 0 1003 152.277 93.568 58.708 0.167 0.008
374 1003 0 1003 169.444 103.614 65.830 0.167 0.008
375 1241 0 1241 187.116 121.151 65.966 0.183 0.009
376 1241 0 1241 204.344 141.339 63.004 0.200 0.009
377 1241 0 1241 222.458 157.649 64.809 0.200 0.009
378 1617 0 1617 244.783 168.645 76.138 0.217 0.010
379 2229 0 2229 267.236 208.963 58.273 0.217 0.010
380 2667 0 2667 297.117 233.392 63.726 0.267 0.010
381 2790 0 2790 326.853 274.383 52.470 0.317 0.011
382 2986 0 2986 357.356 293.992 63.364 0.350 0.011
383 3004 0 3004 389.604 331.613 57.991 0.400 0.012
384 3004 0 3004 416.581 353.826 62.755 0.433 0.012
385 3004 0 3004 445.268 376.714 68.554 0.450 0.012
386 3004 0 3004 467.175 408.448 58.726 0.483 0.013
387 3004 0 3004 493.010 434.470 58.540 0.500 0.014
388 3004 0 3004 517.233 462.263 54.970 0.533 0.014
389 3004 0 3004 535.545 462.263 73.282 0.517 0.015
390 3004 0 3004 551.924 484.086 67.838 0.517 0.015
391 3004 0 3004 566.650 493.652 72.998 0.517 0.016
392 3004 0 3004 581.128 520.044 61.084 0.517 0.017
393 3004 0 3004 596.669 542.039 54.629 0.517 0.017
394 3004 0 3004 609.906 561.022 48.884 0.533 0.018
395 3004 0 3004 623.578 564.214 59.364 0.533 0.019
396 3004 0 3004 636.559 578.198 58.361 0.533 0.019
397 3004 0 3004 649.296 585.257 64.039 0.533 0.020
398 3004 0 3004 661.876 609.292 52.584 0.533 0.021
399 3004 0 3004 674.499 629.640 44.858 0.533 0.021
400 3004 0 3004 687.062 634.421 52.641 0.533 0.022
401 3004 0 3004 698.266 637.181 61.085 0.533 0.023
402 3004 0 3004 709.666 647.299 62.368 0.533 0.024
403 3004 0 3004 720.756 658.800 61.955 0.533 0.024
404 3004 0 3004 733.263 668.950 64.312 0.533 0.025
405 3004 0 3004 744.174 682.578 61.595 0.533 0.026
406 3004 0 3004 756.668 697.435 59.233 0.533 0.026
407 3004 0 3004 768.406 705.714 62.692 0.533 0.027
408 3004 0 3004 780.850 723.241 57.609 0.533 0.028
409 3004 0 3004 791.643 723.241 68.402 0.533 0.029
410 3004 0 3004 803.150 737.199 65.952 0.533 0.029
411 3004 0 3004 813.584 744.603 68.980 0.533 0.030
412 3004 0 3004 823.075 764.031 59.044 0.533 0.030
413 3004 0 3004 832.029 764.178 67.851 0.533 0.031
414 3004 0 3004 842.336 782.238 60.099 0.533 0.031
415 3004 0 3004 851.815 786.338 65.477 0.533 0.032
416 3004 0 3004 863.228 798.855 64.373 0.533 0.033
417 3004 0 3004 874.541 813.150 61.391 0.533 0.033
418 3004 0 3004 884.591 840.205 44.386 0.550 0.034
419 3004 0 3004 894.817 854.626 40.190 0.550 0.034
420 3004 0 3004 903.394 857.134 46.260 0.550 0.034
421 3004 0 3004 912.106 861.898 50.208 0.550 0.035
422 3004 0 3004 920.782 861.898 58.884 0.550 0.035
423 3004 0 3004 928.847 873.641 55.206 0.550 0.035
424 3004 0 3004 936.719 897.954 38.764 0.567 0.035
425 3004 0 3004 945.164 900.236 44.928 0.567 0.035
426 3004 0 3004 951.956 904.952 47.004 0.567 0.035
427 3004 0 3004 961.042 904.952 56.090 0.567 0.035
428 3004 0 3004 968.499 904.952 63.547 0.567 0.035
429 3004 0 3004 973.448 921.614 51.834 0.550 0.035
430 3004 0 3004 980.431 933.236 47.195 0.567 0.035
431 3004 0 3004 986.241 949.058 37.183 0.550 0.035
432 3004 0 3004 992.111 949.058 43.053 0.550 0.035
433 3004 0 3004 998.220 949.058 49.162 0.550 0.034
434 3004 0 3004 1002.786 952.297 50.489 0.550 0.034
435 3004 0 3004 1006.191 960.864 45.327 0.533 0.034
436 3004 0 3004 1009.052 960.908 48.144 0.500 0.034
437 3004 0 3004 1011.854 960.908 50.947 0.517 0.033
438 3004 0 3004 1010.990 960.942 50.049 0.483 0.033
439 3004 0 3004 1006.930 960.942 45.988 0.483 0.033
440 3004 0 3004 998.259 960.942 37.318 0.450 0.032
441 3004 0 3004 989.023 960.942 28.081 0.433 0.032
442 3004 0 3004 975.754 948.724 27.030 0.433 0.031
443 2979 0 2979 959.085 933.104 25.981 0.417 0.031
444 2979 0 2979 945.090 921.937 23.153 0.417 0.030
445 2803 0 2803 929.054 921.937 7.117 0.433 0.030
446 2803 0 2803 915.811 907.576 8.236 0.433 0.030
447 2469 0 2469 899.097 907.576 8.478 0.450 0.029
448 1915 0 1915 879.707 894.387 14.680 0.450 0.029
449 1671 0 1671 865.310 881.041 15.731 0.467 0.029
450 1671 0 1671 851.484 881.041 29.557 0.467 0.028
451 1671 0 1671 840.032 872.123 32.092 0.483 0.028
452 1671 0 1671 824.171 872.123 47.952 0.483 0.028
453 1671 0 1671 806.337 864.030 57.693 0.483 0.027
454 1671 0 1671 786.848 842.213 55.365 0.483 0.027
455 1671 0 1671 765.521 826.012 60.491 0.483 0.028
456 1671 0 1671 742.249 797.075 54.826 0.483 0.028
457 1671 0 1671 721.667 791.336 69.669 0.483 0.028
458 1671 0 1671 699.840 752.622 52.782 0.483 0.028
459 1328 0 1328 674.889 733.319 58.431 0.500 0.029
460 1328 0 1328 649.981 709.039 59.058 0.500 0.029
461 1328 0 1328 622.938 685.896 62.959 0.500 0.029
462 1328 0 1328 596.891 656.573 59.682 0.500 0.030
463 1328 0 1328 572.674 612.290 39.616 0.500 0.031
464 1301 0 1301 550.534 606.488 55.954 0.500 0.031
465 1301 0 1301 527.122 588.931 61.809 0.500 0.031
466 1301 0 1301 502.934 550.414 47.480 0.517 0.032
467 1301 0 1301 478.348 540.576 62.228 0.517 0.032
468 1301 0 1301 452.999 502.844 49.845 0.517 0.033
469 1301 0 1301 429.108 497.368 68.260 0.517 0.033
470 1301 0 1301 407.108 453.199 46.091 0.517 0.034
471 1301 0 1301 386.469 443.133 56.664 0.517 0.034
472 1301 0 1301 366.235 411.276 45.042 0.533 0.034
473 1301 0 1301 347.522 411.083 63.560 0.533 0.035
474 1301 0 1301 329.406 387.040 57.634 0.533 0.035
475 1301 0 1301 312.374 374.330 61.956 0.533 0.035
476 1301 0 1301 295.735 353.909 58.173 0.550 0.035
477 1301 0 1301 279.782 340.664 60.882 0.550 0.035
478 1301 0 1301 265.773 329.622 63.849 0.533 0.036
479 1301 0 1301 249.646 307.313 57.666 0.550 0.036
480 1301 0 1301 236.432 296.742 60.310 0.550 0.036
481 1301 0 1301 224.222 296.692 72.470 0.550 0.036
482 1301 0 1301 212.213 266.279 54.066 0.550 0.036
483 1301 0 1301 199.890 256.757 56.867 0.567 0.036
484 1301 0 1301 189.918 256.757 66.839 0.550 0.036
485 1301 0 1301 179.677 231.398 51.720 0.567 0.036
486 1301 0 1301 170.214 221.676 51.461 0.567 0.036
487 1301 0 1301 160.658 213.005 52.348 0.567 0.036
488 1301 0 1301 151.209 200.499 49.290 0.583 0.036
489 1301 0 1301 142.349 200.499 58.151 0.583 0.036
490 1301 0 1301 132.367 200.499 68.132 0.583 0.036
491 1301 0 1301 127.290 200.499 73.209 0.583 0.036
492 1301 0 1301 120.520 180.169 59.649 0.567 0.036
493 949 0 949 112.638 168.738 56.100 0.583 0.036
494 949 0 949 105.430 168.738 63.308 0.583 0.036
495 949 0 949 99.148 168.738 69.590 0.583 0.036
496 949 0 949 92.405 155.278 62.873 0.583 0.036
497 942 0 942 85.365 131.262 45.897 0.583 0.036
498 942 0 942 78.312 131.262 52.949 0.583 0.036
499 942 0 942 72.389 131.262 58.873 0.583 0.036
500 942 0 942 67.989 120.544 52.555 0.567 0.036
501 942 0 942 62.939 120.544 57.605 0.533 0.036
502 942 0 942 57.218 120.544 63.326 0.500 0.036
503 942 0 942 51.629 106.670 55.041 0.467 0.036
504 813 0 813 45.936 106.670 60.734 0.433 0.036
505 631 0 631 41.288 96.681 55.393 0.400 0.036
506 585 0 585 37.310 96.681 59.371 0.383 0.036
507 585 0 585 32.735 87.536 54.801 0.350 0.036
508 552 0 552 28.221 87.536 59.315 0.333 0.036
509 552 0 552 24.304 87.536 63.232 0.333 0.035
510 552 0 552 20.638 83.627 62.989 0.333 0.035
511 552 0 552 18.144 77.722 59.577 0.333 0.035
512 552 0 552 15.067 57.939 42.872 0.333 0.034
513 552 0 552 12.289 57.939 45.650 0.333 0.034
514 552 0 552 9.668 55.399 45.731 0.333 0.033
515 552 0 552 7.495 55.399 47.905 0.317 0.032
516 552 0 552 5.665 55.399 49.735 0.317 0.032
517 552 0 552 4.493 55.399 50.907 0.300 0.031
518 552 0 552 3.808 55.399 51.591 0.300 0.030
519 552 0 552 3.378 55.399 52.022 0.300 0.029
520 552 0 552 3.013 55.399 52.386 0.300 0.028
521 552 0 552 2.780 55.399 52.620 0.300 0.026
522 552 0 552 2.701 55.399 52.699 0.300 0.025
523 552 0 552 2.613 55.399 52.787 0.283 0.024
524 552 0 552 2.596 55.399 52.803 0.250 0.023
525 552 0 552 2.580 55.399 52.819 0.250 0.022
526 552 0 552 2.657 55.399 52.743 0.233 0.020
527 552 0 552 2.715 55.399 52.685 0.233 0.019
528 552 0 552 2.762 55.399 52.638 0.233 0.018
529 552 0 552 2.843 55.399 52.557 0.233 0.017
530 552 0 552 2.999 55.399 52.400 0.233 0.016
531 552 0 552 3.225 55.399 52.174 0.233 0.015
532 552 0 552 3.689 55.392 51.703 0.217 0.014
533 552 0 552 4.339 55.399 51.060 0.217 0.013
534 552 0 552 5.351 55.399 50.049 0.217 0.012
535 552 0 552 6.703 55.407 48.704 0.217 0.011
536 552 0 552 9.019 55.407 46.388 0.200 0.011
537 552 0 552 11.578 55.407 43.829 0.200 0.010
538 552 0 552 14.701 55.451 40.749 0.200 0.009
539 552 0 552 18.701 55.451 36.749 0.200 0.009
540 552 0 552 23.643 55.451 31.807 0.183 0.009
541 552 0 552 29.475 55.458 25.983 0.183 0.008
542 552 0 552 35.805 55.458 19.653 0.183 0.008
543 552 0 552 42.173 55.458 13.286 0.183 0.008
544 552 0 552 50.502 55.458 4.957 0.167 0.008
545 586 0 586 59.463 55.458 4.004 0.167 0.007
546 647 0 647 70.176 55.458 14.717 0.167 0.007
547 647 0 647 78.748 55.466 23.282 0.150 0.007
548 748 0 748 90.595 55.466 35.129 0.150 0.007
549 748 0 748 101.146 55.466 45.680 0.150 0.007
550 926 0 926 114.567 55.466 59.101 0.150 0.008
551 956 0 956 126.887 64.720 62.167 0.167 0.008
552 1013 0 1013 139.735 64.720 75.015 0.167 0.008
553 1046 0 1046 157.567 82.059 75.508 0.183 0.008
554 1046 0 1046 173.782 109.404 64.378 0.167 0.009
555 1377 0 1377 187.117 122.388 64.728 0.183 0.009
556 1452 0 1452 205.433 152.042 53.392 0.183 0.009
557 1711 0 1711 224.885 168.826 56.059 0.183 0.009
558 1889 0 1889 245.135 172.979 72.155 0.200 0.010
559 2169 0 2169 268.189 210.645 57.544 0.217 0.010
560 2332 0 2332 290.590 240.065 50.525 0.250 0.010
561 2358 0 2358 313.163 260.924 52.239 0.283 0.011
562 2576 0 2576 340.191 280.815 59.376 0.333 0.011
563 2582 0 2582 364.522 294.633 69.890 0.350 0.012
564 2582 0 2582 391.282 331.698 59.584 0.400 0.012
565 2582 0 2582 412.672 367.430 45.242 0.417 0.013
566 2582 0 2582 435.564 367.430 68.134 0.433 0.013
567 2582 0 2582 454.962 398.871 56.091 0.433 0.014
568 2582 0 2582 470.065 412.800 57.265 0.450 0.014
569 2582 0 2582 486.196 412.800 73.396 0.450 0.014
570 2582 0 2582 501.804 449.476 52.328 0.450 0.015
571 2582 0 2582 518.753 453.229 65.524 0.450 0.016
572 2582 0 2582 536.232 477.645 58.586 0.450 0.016
573 2582 0 2582 550.597 496.716 53.881 0.467 0.017
574 2582 0 2582 564.460 509.977 54.483 0.467 0.017
575 2582 0 2582 578.208 524.149 54.059 0.467 0.018
576 2582 0 2582 593.379 526.816 66.563 0.467 0.019
577 2582 0 2582 607.619 557.447 50.173 0.467 0.020
578 2582 0 2582 621.463 567.167 54.296 0.467 0.021
579 2582 0 2582 634.786 588.372 46.414 0.467 0.021
580 2582 0 2582 647.341 588.372 58.969 0.467 0.022
581 2582 0 2582 659.652 592.280 67.372 0.467 0.023
582 2582 0 2582 671.215 600.653 70.562 0.467 0.024
583 2582 0 2582 682.080 614.075 68.004 0.467 0.024
584 2582 0 2582 693.416 643.823 49.593 0.467 0.025
585 2582 0 2582 705.353 643.823 61.530 0.467 0.026
586 2582 0 2582 716.498 653.759 62.740 0.467 0.026
587 2582 0 2582 729.036 674.631 54.405 0.467 0.027
588 2582 0 2582 740.924 688.989 51.935 0.467 0.028
589 2582 0 2582 752.759 697.287 55.473 0.467 0.029
590 2582 0 2582 764.198 706.679 57.519 0.467 0.029
591 2582 0 2582 774.522 725.357 49.165 0.467 0.030
592 2582 0 2582 785.701 725.454 60.247 0.467 0.030
593 2582 0 2582 796.333 738.221 58.112 0.467 0.031
594 2582 0 2582 806.349 738.221 68.128 0.467 0.031
595 2582 0 2582 815.850 747.223 68.628 0.467 0.032
596 2582 0 2582 827.262 777.056 50.205 0.467 0.033
597 2582 0 2582 836.450 777.056 59.393 0.467 0.033
598 2582 0 2582 846.275 789.187 57.087 0.467 0.033
599 2582 0 2582 855.496 789.187 66.308 0.483 0.034
600 2582 0 2582 865.724 813.998 51.725 0.483 0.034
601 2582 0 2582 876.053 827.468 48.585 0.483 0.034
602 2582 0 2582 885.489 839.370 46.119 0.483 0.035
603 2582 0 2582 893.559 849.497 44.061 0.500 0.035
604 2582 0 2582 902.891 849.497 53.393 0.500 0.035
605 2582 0 2582 911.103 849.497 61.605 0.500 0.035
606 2582 0 2582 920.201 859.775 60.426 0.500 0.035
607 2582 0 2582 926.423 864.894 61.529 0.517 0.035
608 2582 0 2582 933.029 879.126 53.903 0.500 0.035
609 2582 0 2582 938.950 879.126 59.825 0.517 0.035
610 2582 0 2582 944.416 879.126 65.290 0.500 0.035
611 2582 0 2582 949.597 900.101 49.496 0.500 0.035
612 2582 0 2582 954.433 915.555 38.878 0.517 0.035
613 2582 0 2582 960.308 915.555 44.753 0.500 0.034
614 2582 0 2582 963.471 915.555 47.916 0.483 0.034
615 2582 0 2582 964.355 915.555 48.800 0.467 0.034
616 2582 0 2582 966.075 915.555 50.520 0.450 0.033
617 2582 0 2582 964.735 924.781 39.954 0.417 0.033
618 2582 0 2582 964.834 924.781 40.053 0.400 0.033
619 2582 0 2582 961.958 924.781 37.177 0.400 0.032
620 2582 0 2582 956.919 924.811 32.108 0.383 0.032
621 2582 0 2582 951.213 924.811 26.402 0.367 0.031
622 2582 0 2582 943.038 908.278 34.760 0.350 0.031
623 2475 0 2475 934.011 908.278 25.733 0.350 0.030
624 2419 0 2419 921.483 908.278 13.204 0.350 0.030
625 2255 0 2255 911.933 893.985 17.948 0.350 0.029
626 1506 0 1506 899.724 893.985 5.739 0.350 0.029
627 1415 0 1415 888.228 893.985 5.757 0.367 0.029
628 1415 0 1415 879.307 893.985 14.678 0.367 0.029
629 1415 0 1415 870.152 893.985 23.833 0.367 0.028
630 1415 0 1415 858.663 893.985 35.322 0.367 0.028
631 1415 0 1415 842.151 870.158 28.007 0.383 0.028
632 1408 0 1408 826.932 870.158 43.226 0.383 0.027
633 1408 0 1408 809.247 856.088 46.841 0.383 0.027
634 1408 0 1408 790.926 842.552 51.625 0.383 0.027
635 1408 0 1408 769.037 826.417 57.381 0.383 0.028
636 1408 0 1408 745.757 809.323 63.566 0.400 0.027
637 1408 0 1408 723.890 781.102 57.213 0.400 0.028
638 1408 0 1408 699.007 752.290 53.283 0.400 0.028
639 1408 0 1408 673.670 733.302 59.633 0.400 0.028
640 1408 0 1408 650.672 719.167 68.496 0.417 0.029
641 1408 0 1408 623.913 675.158 51.245 0.417 0.029
642 1408 0 1408 597.441 661.545 64.105 0.417 0.030
643 1408 0 1408 576.160 636.635 60.476 0.417 0.030
644 1408 0 1408 553.597 612.788 59.191 0.417 0.030
645 1408 0 1408 527.013 589.448 62.435 0.433 0.031
646 1361 0 1361 499.851 547.414 47.562 0.433 0.032
647 1361 0 1361 473.838 538.808 64.970 0.433 0.032
648 1329 0 1329 450.128 505.183 55.054 0.433 0.032
649 1329 0 1329 428.890 481.754 52.864 0.433 0.033
650 1329 0 1329 405.412 462.573 57.161 0.433 0.033
651 1281 0 1281 384.698 453.146 68.448 0.433 0.034
652 1281 0 1281 364.549 420.091 55.542 0.433 0.034
653 1281 0 1281 343.818 414.608 70.790 0.433 0.034
654 1281 0 1281 326.086 379.636 53.550 0.433 0.035
655 1281 0 1281 310.605 376.354 65.749 0.450 0.035
656 1281 0 1281 293.659 355.579 61.920 0.450 0.035
657 1281 0 1281 278.555 343.837 65.282 0.450 0.035
658 1281 0 1281 263.655 324.344 60.689 0.450 0.035
659 1192 0 1192 250.116 309.932 59.816 0.450 0.035
660 1192 0 1192 234.591 300.764 66.173 0.450 0.035
661 1192 0 1192 221.071 283.253 62.182 0.467 0.035
662 1192 0 1192 210.337 265.977 55.640 0.467 0.035
663 1159 0 1159 198.637 256.929 58.293 0.450 0.035
664 1121 0 1121 187.792 247.468 59.676 0.467 0.035
665 1121 0 1121 178.520 247.468 68.948 0.467 0.035
666 1121 0 1121 169.001 234.234 65.233 0.483 0.035
667 1119 0 1119 158.632 213.394 54.762 0.483 0.035
668 1119 0 1119 149.469 213.394 63.926 0.483 0.035
669 1119 0 1119 140.890 201.523 60.633 0.483 0.035
670 1119 0 1119 131.295 191.247 59.953 0.483 0.035
671 962 0 962 122.644 179.773 57.129 0.500 0.035
672 859 0 859 115.548 179.773 64.225 0.483 0.035
673 836 0 836 109.314 179.773 70.459 0.500 0.035
674 836 0 836 100.909 165.675 64.767 0.500 0.035
675 836 0 836 94.522 147.073 52.551 0.517 0.035
676 836 0 836 87.571 147.073 59.501 0.517 0.036
677 781 0 781 81.562 133.848 52.286 0.517 0.036
678 729 0 729 75.592 122.573 46.981 0.533 0.036
679 726 0 726 69.612 110.815 41.203 0.500 0.036
680 703 0 703 63.224 110.815 47.591 0.483 0.036
681 703 0 703 58.152 106.692 48.540 0.483 0.036
682 665 0 665 52.591 106.677 54.086 0.450 0.036
683 656 0 656 48.013 106.677 58.663 0.417 0.036
684 656 0 656 43.283 106.677 63.393 0.367 0.036
685 656 0 656 38.746 106.677 67.931 0.350 0.036
686 656 0 656 34.305 86.890 52.584 0.333 0.036
687 656 0 656 29.499 64.814 35.315 0.333 0.036
688 484 0 484 25.994 64.814 38.820 0.333 0.035
689 484 0 484 22.963 61.570 38.607 0.333 0.035
690 484 0 484 19.687 61.570 41.883 0.333 0.035
691 484 0 484 15.821 61.570 45.749 0.333 0.035
692 366 0 366 12.953 61.570 48.616 0.333 0.034
693 364 0 364 10.207 61.570 51.363 0.333 0.034
694 306 0 306 7.852 61.570 53.717 0.333 0.033
695 302 0 302 5.557 61.570 56.013 0.317 0.032
696 298 0 298 3.770 61.570 57.800 0.317 0.031
697 298 0 298 2.638 61.570 58.932 0.300 0.030
698 298 0 298 1.560 57.991 56.432 0.300 0.029
699 298 0 298 0.996 57.991 56.995 0.283 0.028
700 225 0 225 0.685 57.991 57.306 0.283 0.027
701 225 0 225 0.525 57.999 57.474 0.267 0.026
702 225 0 225 0.401 58.008 57.607 0.267 0.025
703 225 0 225 0.355 58.008 57.653 0.250 0.024
704 225 0 225 0.289 58.008 57.719 0.250 0.023
705 225 0 225 0.289 58.016 57.727 0.250 0.021
706 225 0 225 0.293 58.024 57.731 0.233 0.020
707 225 0 225 0.288 58.024 57.736 0.233 0.019
708 225 0 225 0.315 58.033 57.718 0.233 0.018
709 225 0 225 0.320 58.033 57.712 0.233 0.017
710 225 0 225 0.380 58.033 57.653 0.233 0.015
711 225 0 225 0.547 58.033 57.486 0.233 0.014
712 225 0 225 0.877 58.033 57.155 0.233 0.014
713 225 0 225 1.465 58.033 56.568 0.233 0.013
714 255 0 255 2.489 58.033 55.544 0.233 0.012
715 364 0 364 4.075 58.033 53.957 0.217 0.011
716 365 0 365 6.187 58.033 51.845 0.217 0.011
717 365 0 365 8.890 58.033 49.143 0.217 0.010
718 365 0 365 11.473 58.033 46.559 0.217 0.009
719 522 0 522 15.694 58.033 42.338 0.200 0.009
720 522 0 522 18.899 58.041 39.142 0.200 0.009
721 522 0 522 24.336 58.041 33.705 0.183 0.008
722 522 0 522 30.517 58.041 27.524 0.183 0.008
723 617 0 617 37.462 58.076 20.614 0.183 0.008
724 617 0 617 44.796 58.076 13.279 0.167 0.007
725 617 0 617 53.279 58.076 4.796 0.167 0.008
726 716 0 716 64.092 58.076 6.016 0.167 0.008
727 716 0 716 73.298 58.076 15.223 0.150 0.008
728 841 0 841 83.574 58.076 25.498 0.150 0.008
729 1038 0 1038 96.676 58.076 38.600 0.150 0.008
730 1038 0 1038 110.037 61.607 48.430 0.150 0.008
731 1038 0 1038 123.602 71.113 52.488 0.150 0.008
732 1038 0 1038 136.265 71.113 65.152 0.150 0.008
733 1180 0 1180 151.473 97.330 54.143 0.150 0.008
734 1559 0 1559 168.077 109.198 58.880 0.167 0.008
735 1628 0 1628 189.414 120.213 69.201 0.183 0.009
736 1628 0 1628 210.142 149.384 60.759 0.200 0.009
737 1638 0 1638 229.524 165.215 64.309 0.233 0.009
738 1638 0 1638 252.491 189.969 62.522 0.250 0.010
739 1638 0 1638 272.518 189.969 82.549 0.250 0.010
740 1670 0 1670 293.225 239.863 53.362 0.283 0.010
741 1670 0 1670 316.382 257.202 59.180 0.300 0.011
742 1670 0 1670 338.867 273.772 65.095 0.300 0.011
743 1670 0 1670 358.252 301.515 56.737 0.317 0.011
744 1958 0 1958 378.611 314.430 64.181 0.333 0.012
745 2323 0 2323 402.162 352.976 49.186 0.350 0.012
746 2776 0 2776 423.518 356.613 66.904 0.350 0.013
747 2791 0 2791 449.463 386.208 63.255 0.383 0.013
748 3025 0 3025 472.941 414.144 58.797 0.433 0.014
749 3025 0 3025 494.588 433.722 60.866 0.450 0.015
750 3025 0 3025 511.296 450.299 60.997 0.450 0.015
751 3025 0 3025 527.651 455.223 72.428 0.450 0.016
752 3025 0 3025 541.596 477.710 63.887 0.450 0.016
753 3025 0 3025 556.230 502.020 54.211 0.450 0.017
754 3025 0 3025 572.471 508.698 63.773 0.433 0.018
755 3025 0 3025 585.710 535.499 50.211 0.433 0.018
756 3025 0 3025 597.976 551.521 46.455 0.433 0.019
757 3025 0 3025 612.268 556.299 55.969 0.433 0.020
758 3025 0 3025 624.486 562.293 62.193 0.433 0.021
759 3025 0 3025 636.691 562.356 74.335 0.433 0.021
760 3025 0 3025 649.095 595.273 53.822 0.450 0.022
761 3025 0 3025 661.435 616.966 44.469 0.450 0.023
762 3025 0 3025 672.669 631.040 41.628 0.450 0.023
763 3025 0 3025 685.928 631.040 54.888 0.450 0.024
764 3025 0 3025 699.542 642.964 56.578 0.450 0.025
765 3025 0 3025 711.462 666.620 44.842 0.450 0.026
766 3025 0 3025 723.178 671.488 51.690 0.450 0.026
767 3025 0 3025 736.534 687.292 49.243 0.450 0.027
768 3025 0 3025 746.988 697.720 49.269 0.450 0.028
769 3025 0 3025 757.201 701.513 55.687 0.450 0.028
770 3025 0 3025 769.505 706.168 63.336 0.450 0.029
771 3025 0 3025 782.153 729.467 52.686 0.450 0.030
772 3025 0 3025 792.225 732.850 59.375 0.450 0.030
773 3025 0 3025 802.477 737.822 64.655 0.450 0.031
774 3025 0 3025 813.284 751.863 61.421 0.450 0.031
775 3025 0 3025 823.768 775.550 48.218 0.450 0.032
776 3025 0 3025 834.223 778.119 56.104 0.450 0.032
777 3025 0 3025 845.360 783.014 62.347 0.450 0.033
778 3025 0 3025 853.404 805.960 47.444 0.467 0.033
779 3025 0 3025 863.849 812.034 51.815 0.467 0.034
780 3025 0 3025 870.930 821.815 49.115 0.467 0.034
781 3025 0 3025 880.530 839.327 41.203 0.467 0.034
782 3025 0 3025 889.893 839.327 50.566 0.467 0.035
783 3025 0 3025 898.801 843.107 55.694 0.467 0.035
784 3025 0 3025 906.799 855.659 51.140 0.483 0.035
785 3025 0 3025 914.970 872.782 42.188 0.483 0.035
786 3025 0 3025 924.688 883.035 41.653 0.467 0.035
787 3025 0 3025 931.857 886.470 45.387 0.467 0.035
788 3025 0 3025 937.888 886.470 51.418 0.483 0.035
789 3025 0 3025 945.150 886.470 58.680 0.467 0.035
790 3025 0 3025 952.257 889.096 63.161 0.467 0.035
791 3025 0 3025 958.502 900.794 57.708 0.467 0.035
792 3025 0 3025 962.723 900.794 61.928 0.467 0.034
793 3025 0 3025 965.956 900.794 65.162 0.450 0.034
794 3025 0 3025 968.213 921.517 46.696 0.433 0.034
795 3025 0 3025 969.754 921.517 48.237 0.433 0.034
796 3025 0 3025 969.164 921.517 47.646 0.417 0.033
797 3025 0 3025 969.665 932.513 37.152 0.400 0.033
798 3025 0 3025 968.036 932.513 35.523 0.383 0.033
799 3025 0 3025 965.032 932.513 32.519 0.350 0.032
800 3025 0 3025 961.614 922.621 38.993 0.333 0.032
801 3025 0 3025 956.983 922.621 34.361 0.317 0.031
802 3025 0 3025 951.347 922.648 28.699 0.300 0.031
803 3025 0 3025 946.358 922.648 23.710 0.300 0.031
804 3025 0 3025 938.601 922.648 15.953 0.300 0.030
805 3025 0 3025 925.329 922.648 2.681 0.300 0.030
806 3025 0 3025 915.175 922.648 7.473 0.300 0.029
807 3025 0 3025 896.274 899.886 3.612 0.317 0.029
808 2468 0 2468 880.579 899.886 19.307 0.300 0.029
809 1382 0 1382 863.811 886.217 22.406 0.317 0.028
810 1382 0 1382 849.896 886.217 36.321 0.333 0.028
811 1382 0 1382 835.785 877.827 42.042 0.333 0.028
812 1382 0 1382 820.339 874.418 54.079 0.333 0.028
813 1382 0 1382 802.840 855.542 52.701 0.350 0.027
814 1382 0 1382 783.611 844.566 60.955 0.350 0.027
815 1382 0 1382 764.385 823.778 59.393 0.350 0.027
816 1382 0 1382 743.810 802.990 59.180 0.350 0.028
817 1382 0 1382 722.344 786.809 64.465 0.367 0.028
818 1382 0 1382 697.872 752.782 54.909 0.367 0.028
819 1382 0 1382 674.757 726.245 51.488 0.367 0.028
820 1382 0 1382 650.341 705.062 54.722 0.367 0.029
821 1382 0 1382 622.294 679.532 57.238 0.367 0.030
822 1382 0 1382 599.649 660.453 60.805 0.367 0.030
823 1382 0 1382 573.020 630.410 57.391 0.367 0.030
824 1350 0 1350 546.941 621.684 74.743 0.367 0.031
825 1350 0 1350 523.163 575.952 52.789 0.367 0.031
826 1350 0 1350 497.072 558.681 61.609 0.367 0.032
827 1350 0 1350 470.827 531.449 60.621 0.367 0.032
828 1350 0 1350 449.459 506.207 56.748 0.383 0.033
829 1350 0 1350 425.053 483.903 58.849 0.383 0.033
830 1350 0 1350 404.938 453.205 48.267 0.383 0.034
831 1350 0 1350 384.611 435.039 50.428 0.383 0.034
832 1350 0 1350 366.962 431.569 64.607 0.383 0.034
833 1350 0 1350 343.815 405.686 61.871 0.383 0.034
834 1350 0 1350 322.492 372.850 50.358 0.400 0.035
835 1350 0 1350 305.703 370.329 64.626 0.400 0.035
836 1257 0 1257 286.565 350.632 64.067 0.400 0.035
837 1257 0 1257 268.503 324.467 55.965 0.400 0.035
838 1257 0 1257 253.407 309.401 55.994 0.400 0.035
839 1257 0 1257 240.324 291.722 51.398 0.400 0.035
840 1148 0 1148 226.584 282.292 55.709 0.400 0.036
841 1148 0 1148 214.286 263.098 48.812 0.417 0.036
842 1148 0 1148 202.986 263.098 60.112 0.417 0.036
843 1148 0 1148 190.897 263.098 72.201 0.433 0.036
844 1064 0 1064 180.922 252.247 71.325 0.417 0.036
845 1014 0 1014 171.595 236.892 65.298 0.417 0.036
846 998 0 998 162.263 225.990 63.727 0.433 0.036
847 998 0 998 152.745 213.053 60.308 0.450 0.036
848 981 0 981 143.750 202.299 58.548 0.433 0.036
849 919 0 919 135.669 195.945 60.276 0.450 0.036
850 919 0 919 127.653 195.945 68.292 0.450 0.036
851 889 0 889 119.752 186.900 67.148 0.433 0.036
852 880 0 880 113.475 161.350 47.875 0.450 0.036
853 880 0 880 105.432 154.880 49.447 0.450 0.036
854 860 0 860 99.387 145.197 45.810 0.467 0.036
855 860 0 860 92.581 145.197 52.616 0.450 0.036
856 860 0 860 86.985 145.197 58.212 0.467 0.036
857 824 0 824 81.620 131.674 50.055 0.467 0.036
858 824 0 824 75.141 126.058 50.917 0.483 0.036
859 824 0 824 69.288 126.058 56.770 0.483 0.036
860 824 0 824 64.667 126.058 61.391 0.483 0.036
861 802 0 802 59.818 105.679 45.861 0.467 0.036
862 787 0 787 53.788 105.679 51.891 0.483 0.036
863 787 0 787 49.430 105.679 56.249 0.483 0.036
864 715 0 715 44.323 105.679 61.356 0.467 0.036
865 715 0 715 38.830 93.672 54.842 0.450 0.036
866 680 0 680 34.339 89.574 55.236 0.417 0.036
867 680 0 680 29.011 84.008 54.996 0.367 0.036
868 560 0 560 25.164 81.179 56.015 0.333 0.036
869 560 0 560 21.024 81.179 60.156 0.333 0.035
870 560 0 560 17.368 81.179 63.811 0.333 0.035
871 419 0 419 14.103 70.982 56.879 0.333 0.035
872 415 0 415 11.225 60.606 49.381 0.333 0.034
873 415 0 415 8.501 60.606 52.104 0.333 0.034
874 280 0 280 6.111 60.606 54.495 0.333 0.033
875 274 0 274 4.259 60.606 56.347 0.317 0.032
876 274 0 274 2.838 60.606 57.768 0.317 0.032
877 262 0 262 1.882 60.594 58.712 0.317 0.031
878 262 0 262 1.185 60.594 59.409 0.317 0.029
879 262 0 262 0.795 60.594 59.799 0.300 0.028
880 188 0 188 0.550 60.603 60.053 0.300 0.027
881 188 0 188 0.361 60.594 60.233 0.300 0.026
882 152 0 152 0.227 60.594 60.368 0.283 0.025
883 152 0 152 0.187 60.594 60.407 0.267 0.024
884 152 0 152 0.192 60.594 60.402 0.250 0.022
885 152 0 152 0.174 60.594 60.420 0.250 0.021
886 152 0 152 0.173 60.594 60.422 0.250 0.020
887 216 0 216 0.221 60.586 60.365 0.250 0.019
888 216 0 216 0.258 60.586 60.328 0.233 0.018
889 216 0 216 0.306 60.586 60.280 0.233 0.017
890 216 0 216 0.371 60.594 60.224 0.233 0.016
891 295 0 295 0.561 60.594 60.034 0.233 0.015
892 295 0 295 0.902 60.594 59.692 0.233 0.014
893 295 0 295 1.484 60.603 59.119 0.233 0.013
894 295 0 295 2.395 60.603 58.208 0.217 0.012
895 358 0 358 3.946 60.603 56.657 0.217 0.011
896 574 0 574 5.993 60.603 54.610 0.217 0.010
897 574 0 574 8.392 60.603 52.211 0.217 0.010
898 574 0 574 11.641 60.603 48.961 0.200 0.009
899 574 0 574 15.729 60.603 44.874 0.200 0.009
900 574 0 574 21.019 60.603 39.584 0.200 0.008
901 574 0 574 26.422 60.603 34.181 0.183 0.008
902 576 0 576 32.642 60.603 27.960 0.183 0.008
903 576 0 576 38.988 60.603 21.615 0.167 0.007
904 625 0 625 47.430 60.603 13.173 0.183 0.007
905 625 0 625 55.288 60.611 5.324 0.167 0.007
906 625 0 625 63.157 60.611 2.546 0.167 0.007
907 779 0 779 73.962 60.611 13.350 0.150 0.007
908 947 0 947 86.098 60.611 25.486 0.150 0.007
909 947 0 947 98.703 60.611 38.092 0.150 0.007
910 947 0 947 113.441 60.611 52.830 0.167 0.008
911 947 0 947 126.992 72.880 54.113 0.167 0.008
912 947 0 947 139.895 83.973 55.922 0.167 0.008
913 947 0 947 155.630 94.734 60.896 0.183 0.008
914 1110 0 1110 173.254 108.223 65.032 0.183 0.008
915 1312 0 1312 192.232 142.270 49.962 0.200 0.009
916 1312 0 1312 211.654 151.047 60.607 0.200 0.009
917 1312 0 1312 228.460 164.904 63.556 0.217 0.009
918 1312 0 1312 244.657 194.117 50.539 0.217 0.010
919 1459 0 1459 267.642 197.644 69.998 0.233 0.010
920 1459 0 1459 287.234 231.199 56.036 0.250 0.010
921 1787 0 1787 308.476 240.864 67.612 0.267 0.011
922 1989 0 1989 330.718 261.627 69.091 0.267 0.011
923 1992 0 1992 354.473 302.219 52.255 0.300 0.012
924 1992 0 1992 373.746 318.566 55.180 0.317 0.012
925 1992 0 1992 391.036 331.051 59.985 0.300 0.013
926 1992 0 1992 409.269 343.318 65.951 0.300 0.013
927 1992 0 1992 425.895 377.915 47.980 0.317 0.013
928 1992 0 1992 443.372 380.739 62.633 0.317 0.014
929 1992 0 1992 461.433 395.404 66.029 0.317 0.014
930 1992 0 1992 479.182 424.918 54.263 0.333 0.015
931 1992 0 1992 495.559 440.052 55.507 0.333 0.016
932 1992 0 1992 511.049 442.581 68.468 0.333 0.016
933 1992 0 1992 528.260 469.301 58.959 0.333 0.017
934 1992 0 1992 543.010 484.110 58.900 0.350 0.018
935 1992 0 1992 558.542 509.620 48.922 0.350 0.018
936 1992 0 1992 574.183 516.163 58.020 0.350 0.019
937 1992 0 1992 588.164 533.246 54.917 0.350 0.020
938 1992 0 1992 602.038 548.834 53.205 0.350 0.021
939 1992 0 1992 615.249 556.016 59.233 0.350 0.022
940 1992 0 1992 628.162 590.787 37.375 0.350 0.022
941 1992 0 1992 639.495 593.111 46.384 0.350 0.023
942 1992 0 1992 650.877 597.429 53.447 0.350 0.024
943 1992 0 1992 664.427 597.429 66.997 0.350 0.024
944 1992 0 1992 675.264 616.342 58.922 0.350 0.025
945 1992 0 1992 687.660 629.046 58.614 0.350 0.026
946 1992 0 1992 698.961 645.556 53.404 0.350 0.027
947 1992 0 1992 709.754 648.286 61.468 0.350 0.027
948 1992 0 1992 720.628 664.041 56.587 0.350 0.028
949 1992 0 1992 731.670 664.100 67.571 0.350 0.028
950 1992 0 1992 740.870 688.017 52.854 0.350 0.029
951 1992 0 1992 749.874 688.017 61.857 0.350 0.030
952 1992 0 1992 761.521 699.387 62.134 0.350 0.030
953 1992 0 1992 772.825 717.577 55.248 0.367 0.031
954 1992 0 1992 782.745 728.237 54.507 0.367 0.031
955 1992 0 1992 792.020 738.614 53.406 0.367 0.032
956 1992 0 1992 802.146 741.946 60.199 0.367 0.032
957 1992 0 1992 811.025 746.715 64.309 0.367 0.033
958 1992 0 1992 821.087 772.469 48.619 0.367 0.033
959 1992 0 1992 830.983 775.569 55.414 0.367 0.033
960 1992 0 1992 841.471 793.903 47.568 0.383 0.034
961 1992 0 1992 851.186 797.454 53.732 0.383 0.034
962 1992 0 1992 860.335 799.842 60.493 0.383 0.034
963 1992 0 1992 868.607 810.495 58.111 0.383 0.035
964 1992 0 1992 878.165 834.512 43.653 0.383 0.035
965 1992 0 1992 885.961 836.904 49.057 0.383 0.035
966 1992 0 1992 891.973 840.141 51.831 0.400 0.035
967 1992 0 1992 899.505 845.114 54.391 0.400 0.035
968 1992 0 1992 906.458 845.114 61.344 0.383 0.035
969 1992 0 1992 912.814 855.789 57.025 0.383 0.035
970 1992 0 1992 918.738 865.248 53.490 0.367 0.034
971 1992 0 1992 923.818 865.248 58.570 0.367 0.034
972 1992 0 1992 928.593 865.248 63.344 0.350 0.034
973 1992 0 1992 932.964 878.755 54.209 0.367 0.034
974 1992 0 1992 936.311 883.560 52.751 0.350 0.034
975 1992 0 1992 936.831 883.560 53.272 0.333 0.033
976 1992 0 1992 937.465 892.322 45.143 0.317 0.033
977 1992 0 1992 938.101 892.322 45.779 0.317 0.033
978 1992 0 1992 937.330 892.322 45.008 0.300 0.032
979 1992 0 1992 934.905 902.792 32.113 0.300 0.032
980 1992 0 1992 932.791 902.792 29.999 0.300 0.032
981 1992 0 1992 929.518 907.112 22.406 0.300 0.031
982 1992 0 1992 923.488 907.112 16.376 0.300 0.031
983 1594 0 1594 917.124 896.825 20.298 0.300 0.030
984 1594 0 1594 909.840 896.825 13.015 0.283 0.030
985 1594 0 1594 905.701 899.656 6.045 0.283 0.029
986 1594 0 1594 898.363 899.656 1.293 0.283 0.029
987 1594 0 1594 890.626 899.656 9.030 0.283 0.029
988 1594 0 1594 880.764 899.656 18.892 0.283 0.028
989 1594 0 1594 866.919 899.656 32.737 0.300 0.028
990 1499 0 1499 853.663 889.593 35.930 0.300 0.028
991 1499 0 1499 839.864 880.271 40.407 0.283 0.027
992 1499 0 1499 822.727 880.271 57.544 0.283 0.027
993 1499 0 1499 806.678 867.594 60.916 0.267 0.027
994 1499 0 1499 790.521 846.577 56.056 0.283 0.027
995 1499 0 1499 769.626 843.230 73.604 0.283 0.027
996 1499 0 1499 749.757 799.968 50.211 0.283 0.027
997 1499 0 1499 724.582 777.309 52.727 0.300 0.027
998 1499 0 1499 698.919 758.879 59.960 0.300 0.027
999 1499 0 1499 670.768 732.011 61.243 0.300 0.028
1000 1499 0 1499 644.752 698.313 53.561 0.300 0.028
1001 1499 0 1499 621.844 684.357 62.512 0.300 0.029
1002 1499 0 1499 595.485 655.555 60.071 0.300 0.029
1003 1499 0 1499 567.349 621.648 54.298 0.317 0.030
1004 1499 0 1499 543.839 588.990 45.151 0.333 0.030
1005 1499 0 1499 518.127 570.583 52.456 0.333 0.031
1006 1297 0 1297 495.280 566.597 71.317 0.333 0.031
1007 1297 0 1297 474.158 529.603 55.445 0.350 0.032
1008 1297 0 1297 451.511 512.512 61.001 0.350 0.032
1009 1297 0 1297 428.438 489.556 61.118 0.333 0.033
1010 1267 0 1267 409.308 465.716 56.408 0.333 0.033
1011 1267 0 1267 389.237 449.178 59.941 0.333 0.033
1012 1267 0 1267 368.961 414.970 46.010 0.350 0.034
1013 1267 0 1267 350.382 405.088 54.706 0.350 0.034
1014 1267 0 1267 334.595 395.677 61.082 0.333 0.034
1015 1237 0 1237 316.676 365.228 48.553 0.350 0.035
1016 1237 0 1237 297.361 360.942 63.581 0.333 0.035
1017 1237 0 1237 281.837 342.606 60.770 0.333 0.035
1018 1237 0 1237 264.804 327.910 63.106 0.350 0.035
1019 1237 0 1237 248.987 312.590 63.602 0.333 0.035
1020 1189 0 1189 235.123 298.809 63.686 0.333 0.035
1021 1189 0 1189 222.008 278.136 56.128 0.350 0.035
1022 1189 0 1189 209.842 278.136 68.294 0.350 0.035
1023 1189 0 1189 198.411 267.847 69.436 0.350 0.035
1024 1189 0 1189 187.325 240.110 52.785 0.350 0.035
1025 1189 0 1189 177.057 229.489 52.432 0.333 0.035
1026 1189 0 1189 166.564 229.489 62.924 0.333 0.036
1027 1189 0 1189 156.865 223.750 66.885 0.333 0.036
1028 1189 0 1189 148.627 201.488 52.862 0.333 0.036
1029 1189 0 1189 137.732 191.418 53.686 0.333 0.036
1030 1137 0 1137 129.792 188.464 58.671 0.333 0.036
1031 1137 0 1137 122.688 188.464 65.775 0.350 0.036
1032 1137 0 1137 115.642 173.981 58.338 0.350 0.036
1033 970 0 970 107.386 173.981 66.595 0.350 0.036
1034 970 0 970 99.832 163.624 63.792 0.367 0.036
1035 970 0 970 93.112 137.888 44.775 0.367 0.036
1036 892 0 892 85.569 137.888 52.319 0.383 0.036
1037 892 0 892 79.675 137.888 58.212 0.383 0.036
1038 892 0 892 73.098 137.888 64.789 0.383 0.036
1039 892 0 892 67.616 137.888 70.272 0.400 0.036
1040 736 0 736 62.314 127.470 65.157 0.383 0.036
1041 736 0 736 57.198 124.841 67.644 0.383 0.036
1042 736 0 736 51.897 104.309 52.412 0.367 0.036
1043 736 0 736 47.322 104.309 56.987 0.350 0.036
1044 736 0 736 41.471 104.309 62.838 0.333 0.036
1045 736 0 736 37.661 104.309 66.647 0.333 0.036
1046 736 0 736 33.400 93.420 60.020 0.333 0.036
1047 736 0 736 29.831 88.778 58.946 0.333 0.036
1048 736 0 736 25.784 88.778 62.994 0.333 0.036
1049 736 0 736 21.493 83.517 62.024 0.333 0.035
1050 736 0 736 17.863 59.453 41.590 0.333 0.035
1051 444 0 444 14.854 59.453 44.599 0.333 0.035
1052 444 0 444 11.653 59.453 47.800 0.333 0.034
1053 433 0 433 9.289 59.453 50.164 0.333 0.034
1054 433 0 433 7.320 59.453 52.133 0.317 0.033
1055 255 0 255 5.034 59.453 54.419 0.317 0.032
1056 255 0 255 3.645 59.453 55.808 0.300 0.032
1057 255 0 255 2.401 59.453 57.052 0.300 0.031
1058 255 0 255 1.533 59.453 57.920 0.300 0.030
1059 255 0 255 0.928 59.461 58.534 0.300 0.028
1060 233 0 233 0.518 59.461 58.943 0.283 0.027
1061 233 0 233 0.357 59.470 59.113 0.283 0.026
1062 233 0 233 0.274 59.470 59.196 0.267 0.025
1063 233 0 233 0.231 59.470 59.239 0.250 0.023
1064 233 0 233 0.216 59.470 59.253 0.250 0.022
1065 233 0 233 0.173 59.470 59.296 0.250 0.021
1066 233 0 233 0.182 59.470 59.288 0.250 0.020
1067 233 0 233 0.199 59.470 59.271 0.233 0.019
1068 233 0 233 0.207 59.461 59.255 0.233 0.018
1069 233 0 233 0.286 59.461 59.175 0.233 0.017
1070 272 0 272 0.443 59.461 59.019 0.233 0.016
1071 288 0 288 0.653 59.461 58.808 0.233 0.015
1072 288 0 288 1.015 59.461 58.446 0.233 0.014
1073 356 0 356 1.789 59.461 57.673 0.217 0.013
1074 356 0 356 2.785 59.461 56.677 0.217 0.012
1075 356 0 356 4.166 59.461 55.295 0.217 0.011
1076 356 0 356 6.066 59.464 53.398 0.217 0.011
1077 356 0 356 8.535 59.464 50.930 0.200 0.010
1078 418 0 418 11.659 59.464 47.806 0.200 0.009
1079 444 0 444 15.453 59.464 44.012 0.200 0.009
1080 486 0 486 19.742 59.464 39.723 0.183 0.009
1081 583 0 583 24.216 59.514 35.298 0.183 0.008
1082 634 0 634 30.216 59.514 29.299 0.183 0.008
1083 634 0 634 36.924 59.523 22.599 0.167 0.008
1084 634 0 634 44.586 59.523 14.937 0.167 0.007
1085 634 0 634 53.063 59.523 6.460 0.167 0.007
1086 634 0 634 62.706 59.523 3.183 0.150 0.007
1087 651 0 651 73.743 59.523 14.220 0.150 0.007
1088 660 0 660 83.037 59.523 23.515 0.150 0.007
1089 838 0 838 96.752 59.523 37.229 0.150 0.007
1090 838 0 838 108.341 59.523 48.818 0.150 0.007
1091 847 0 847 121.120 59.523 61.597 0.150 0.008
1092 847 0 847 135.954 90.553 45.401 0.150 0.008
1093 929 0 929 150.575 90.553 60.022 0.150 0.008
1094 1062 0 1062 169.745 96.348 73.397 0.167 0.008
1095 1117 0 1117 186.155 139.600 46.556 0.167 0.009
1096 1200 0 1200 203.853 139.600 64.253 0.167 0.009
1097 1431 0 1431 224.435 163.194 61.241 0.183 0.009
1098 1633 0 1633 242.674 182.447 60.228 0.217 0.009
1099 1633 0 1633 262.717 195.826 66.890 0.217 0.010
1100 1951 0 1951 283.236 225.523 57.714 0.250 0.010
1101 2193 0 2193 309.835 240.214 69.620 0.283 0.011
1102 2193 0 2193 336.475 280.900 55.575 0.300 0.011
1103 2193 0 2193 357.807 290.770 67.037 0.317 0.011
1104 2193 0 2193 381.570 306.078 75.493 0.350 0.012
1105 2193 0 2193 400.938 330.646 70.291 0.350 0.012
1106 2193 0 2193 420.407 363.691 56.716 0.350 0.013
1107 2193 0 2193 440.407 385.037 55.370 0.367 0.013
1108 2193 0 2193 457.486 394.658 62.829 0.367 0.014
1109 2193 0 2193 475.500 419.450 56.050 0.367 0.014
1110 2193 0 2193 492.138 448.427 43.711 0.383 0.015
1111 2193 0 2193 507.049 460.125 46.924 0.383 0.016
1112 2193 0 2193 521.079 469.706 51.373 0.383 0.016
1113 2193 0 2193 536.898 476.499 60.399 0.383 0.017
1114 2193 0 2193 551.687 496.995 54.692 0.383 0.018
1115 2193 0 2193 568.399 521.562 46.837 0.383 0.018
1116 2193 0 2193 582.591 526.766 55.825 0.383 0.019
1117 2193 0 2193 595.269 541.220 54.049 0.383 0.020
1118 2193 0 2193 607.690 554.566 53.124 0.383 0.020
1119 2193 0 2193 619.993 561.862 58.131 0.383 0.021
1120 2193 0 2193 632.504 565.100 67.404 0.383 0.022
1121 2193 0 2193 644.965 587.984 56.981 0.383 0.023
1122 2193 0 2193 656.079 603.459 52.620 0.383 0.023
1123 2193 0 2193 667.286 607.063 60.223 0.383 0.024
1124 2193 0 2193 677.943 624.708 53.235 0.383 0.025
1125 2193 0 2193 691.726 639.590 52.136 0.400 0.026
1126 2193 0 2193 703.478 645.932 57.545 0.400 0.026
1127 2193 0 2193 714.846 660.548 54.298 0.400 0.027
1128 2193 0 2193 725.097 679.993 45.104 0.400 0.028
1129 2193 0 2193 736.337 682.963 53.374 0.400 0.028
1130 2193 0 2193 747.464 687.935 59.529 0.400 0.029
1131 2193 0 2193 758.972 708.348 50.624 0.400 0.029
1132 2193 0 2193 770.392 714.764 55.628 0.400 0.030
1133 2193 0 2193 783.041 720.144 62.897 0.400 0.031
1134 2193 0 2193 793.172 732.793 60.379 0.400 0.031
1135 2193 0 2193 804.090 741.940 62.151 0.400 0.032
1136 2193 0 2193 814.754 752.872 61.882 0.400 0.032
1137 2193 0 2193 825.069 755.742 69.327 0.400 0.033
1138 2193 0 2193 835.128 783.901 51.227 0.400 0.033
1139 2193 0 2193 844.374 787.370 57.004 0.400 0.034
1140 2193 0 2193 853.180 802.657 50.523 0.400 0.034
1141 2193 0 2193 861.212 802.711 58.501 0.400 0.034
1142 2193 0 2193 870.330 807.667 62.663 0.417 0.035
1143 2193 0 2193 879.018 817.609 61.408 0.417 0.035
1144 2193 0 2193 887.466 832.114 55.352 0.417 0.035
1145 2193 0 2193 895.499 843.430 52.069 0.417 0.035
1146 2193 0 2193 903.854 853.017 50.836 0.433 0.035
1147 2193 0 2193 912.107 858.096 54.011 0.433 0.035
1148 2193 0 2193 917.921 858.096 59.825 0.417 0.035
1149 2193 0 2193 924.849 885.103 39.745 0.433 0.035
1150 2193 0 2193 930.128 885.103 45.025 0.417 0.035
1151 2193 0 2193 934.999 885.103 49.896 0.417 0.035
1152 2193 0 2193 940.672 895.586 45.086 0.417 0.034
1153 2193 0 2193 943.805 897.913 45.891 0.400 0.034
1154 2193 0 2193 948.658 897.913 50.744 0.383 0.034
1155 2193 0 2193 950.990 897.913 53.076 0.367 0.033
1156 2193 0 2193 951.475 897.913 53.561 0.350 0.033
1157 2193 0 2193 951.596 900.132 51.464 0.333 0.033
1158 2193 0 2193 949.680 900.132 49.548 0.317 0.032
1159 2193 0 2193 948.415 900.132 48.283 0.300 0.032
1160 2193 0 2193 943.389 911.743 31.646 0.300 0.032
1161 2182 0 2182 937.750 911.743 26.007 0.300 0.031
1162 2095 0 2095 928.178 911.743 16.435 0.300 0.031
1163 1830 0 1830 920.913 899.205 21.708 0.300 0.031
1164 1441 0 1441 910.595 899.205 11.390 0.300 0.030
1165 1422 0 1422 902.962 899.205 3.757 0.283 0.030
1166 1422 0 1422 893.747 899.205 5.458 0.283 0.029
1167 1422 0 1422 884.601 904.567 19.965 0.283 0.029
1168 1422 0 1422 873.948 904.567 30.619 0.283 0.028
1169 1422 0 1422 863.146 904.567 41.421 0.283 0.028
1170 1422 0 1422 848.672 904.567 55.895 0.283 0.028
1171 1422 0 1422 833.412 882.534 49.122 0.283 0.027
1172 1422 0 1422 818.986 873.766 54.779 0.283 0.027
1173 1422 0 1422 801.084 845.370 44.286 0.283 0.027
1174 1422 0 1422 783.648 845.370 61.722 0.283 0.027
1175 1422 0 1422 761.506 812.498 50.992 0.283 0.027
1176 1422 0 1422 739.413 789.947 50.533 0.283 0.027
1177 1422 0 1422 718.145 778.699 60.554 0.300 0.027
1178 1422 0 1422 699.133 755.684 56.551 0.300 0.027
1179 1422 0 1422 674.385 738.825 64.440 0.300 0.028
1180 1422 0 1422 653.214 709.324 56.109 0.300 0.028
1181 1422 0 1422 627.876 687.735 59.858 0.300 0.029
1182 1422 0 1422 603.059 659.251 56.193 0.317 0.029
1183 1422 0 1422 577.630 636.951 59.321 0.317 0.030
1184 1422 0 1422 551.705 609.167 57.462 0.317 0.030
1185 1422 0 1422 524.257 581.324 57.067 0.317 0.031
1186 1417 0 1417 500.377 551.802 51.425 0.317 0.031
1187 1417 0 1417 476.689 528.217 51.528 0.333 0.032
1188 1417 0 1417 453.761 504.801 51.040 0.333 0.032
1189 1417 0 1417 433.017 492.659 59.642 0.333 0.033
1190 1304 0 1304 412.098 457.780 45.681 0.350 0.033
1191 1304 0 1304 392.010 449.712 57.703 0.350 0.033
1192 1286 0 1286 372.413 433.277 60.864 0.350 0.034
1193 1283 0 1283 352.078 413.717 61.639 0.350 0.034
1194 1283 0 1283 334.603 391.164 56.561 0.350 0.034
1195 1233 0 1233 315.019 374.764 59.745 0.350 0.035
1196 1168 0 1168 294.890 350.847 55.958 0.350 0.035
1197 1147 0 1147 278.090 336.705 58.615 0.350 0.035
1198 1147 0 1147 262.381 316.604 54.224 0.350 0.035
1199 1145 0 1145 249.051 316.604 67.553 0.350 0.035
