1 449 0 449 262.041 253.714 8.327 6.000 1.427
2 449 0 449 275.567 253.714 21.852 3.000 0.722
3 518 0 518 295.202 294.963 0.239 2.333 0.488
4 518 0 518 310.022 295.464 14.557 1.750 0.370
5 780 0 780 322.483 295.464 27.019 1.400 0.298
6 780 0 780 342.619 333.626 8.992 1.167 0.252
7 780 0 780 354.499 333.626 20.872 1.000 0.217
8 780 0 780 372.663 339.775 32.889 0.875 0.193
9 831 0 831 393.258 339.775 53.483 0.778 0.173
10 1102 0 1102 414.651 374.007 40.644 0.700 0.157
11 1279 0 1279 435.503 374.007 61.496 0.636 0.144
12 1763 0 1763 458.789 477.772 18.983 0.583 0.133
13 1930 0 1930 487.411 467.601 19.810 0.538 0.124
14 2216 0 2216 514.429 506.949 7.480 0.643 0.116
15 2514 0 2514 540.908 552.883 11.974 0.667 0.109
16 2723 0 2723 574.323 604.401 30.077 0.750 0.103
17 2800 0 2800 601.010 647.994 46.984 0.824 0.098
18 2967 0 2967 628.046 647.994 19.948 0.833 0.093
19 2967 0 2967 661.160 640.753 20.407 0.842 0.089
20 2967 0 2967 682.067 704.535 22.467 0.850 0.086
21 2967 0 2967 714.929 738.545 23.616 0.857 0.082
22 2967 0 2967 737.634 708.642 28.992 0.864 0.079
23 2967 0 2967 758.735 784.613 25.879 0.870 0.077
24 3096 0 3096 775.961 781.965 6.004 0.833 0.074
25 3385 0 3385 793.693 781.965 11.727 0.840 0.072
26 3423 0 3423 811.681 781.965 29.716 0.846 0.070
27 3511 0 3511 825.216 781.965 43.251 0.852 0.068
28 3665 0 3665 837.000 767.123 69.878 0.821 0.066
29 3665 0 3665 851.355 864.610 13.255 0.828 0.064
30 3665 0 3665 863.081 852.499 10.582 0.800 0.063
31 3665 0 3665 867.382 852.499 14.884 0.774 0.061
32 3665 0 3665 870.498 852.251 18.247 0.750 0.060
33 3665 0 3665 874.336 851.072 23.264 0.727 0.059
34 3665 0 3665 877.509 851.072 26.437 0.706 0.058
35 3665 0 3665 880.789 851.072 29.718 0.686 0.056
36 3665 0 3665 884.497 851.072 33.426 0.667 0.055
37 3665 0 3665 888.320 852.022 36.299 0.649 0.054
38 3665 0 3665 891.373 852.555 38.818 0.632 0.053
39 3665 0 3665 894.395 852.555 41.839 0.615 0.052
40 3665 0 3665 897.334 855.014 42.320 0.600 0.051
41 3665 0 3665 900.331 857.283 43.048 0.585 0.050
42 3665 0 3665 903.876 857.283 46.593 0.571 0.049
43 3665 0 3665 906.444 857.283 49.161 0.558 0.048
44 3665 0 3665 909.812 857.283 52.529 0.545 0.047
45 3665 0 3665 912.222 855.710 56.512 0.533 0.047
46 3665 0 3665 914.294 855.710 58.584 0.543 0.046
47 3665 0 3665 916.427 855.710 60.717 0.532 0.045
48 3665 0 3665 918.904 855.710 63.194 0.521 0.044
49 3665 0 3665 920.803 855.760 65.042 0.510 0.044
50 3665 0 3665 922.582 855.760 66.822 0.500 0.043
51 3665 0 3665 924.230 855.760 68.469 0.490 0.042
52 3665 0 3665 925.737 855.760 69.977 0.481 0.042
53 3665 0 3665 926.925 855.760 71.164 0.472 0.041
54 3665 0 3665 928.131 855.760 72.371 0.463 0.040
55 3665 0 3665 928.941 855.760 73.181 0.455 0.039
56 3665 0 3665 929.616 863.884 65.733 0.446 0.039
57 3665 0 3665 930.079 863.884 66.196 0.439 0.038
58 3665 0 3665 930.539 863.884 66.656 0.431 0.038
59 3665 0 3665 930.808 863.884 66.925 0.424 0.037
60 3665 0 3665 931.016 863.884 67.132 0.417 0.036
61 3665 0 3665 939.580 868.887 70.693 0.400 0.013
62 3665 0 3665 946.609 868.887 77.722 0.400 0.013
63 3665 0 3665 955.422 877.244 78.178 0.400 0.013
64 3665 0 3665 965.230 877.358 87.871 0.400 0.013
65 3665 0 3665 971.887 877.358 94.528 0.400 0.013
66 3665 0 3665 982.038 894.074 87.964 0.400 0.013
67 3665 0 3665 988.676 894.074 94.602 0.400 0.013
68 3665 0 3665 997.601 903.185 94.416 0.383 0.013
69 3665 0 3665 1004.808 903.185 101.623 0.400 0.012
70 3665 0 3665 1011.829 903.261 108.568 0.383 0.012
71 3665 0 3665 1017.392 918.383 99.010 0.367 0.012
72 3665 0 3665 1021.377 918.383 102.994 0.333 0.012
73 3665 0 3665 1023.488 918.383 105.106 0.317 0.012
74 3665 0 3665 1024.929 918.383 106.547 0.283 0.012
75 3665 0 3665 1022.446 918.383 104.063 0.267 0.012
76 3665 0 3665 1018.197 918.383 99.815 0.250 0.012
77 3665 0 3665 1014.172 918.383 95.789 0.233 0.011
78 3665 0 3665 1009.345 918.383 90.962 0.217 0.011
79 3665 0 3665 1001.835 918.834 83.002 0.217 0.011
80 3665 0 3665 994.877 918.834 76.044 0.217 0.011
81 3665 0 3665 983.387 918.834 64.553 0.217 0.011
82 3665 0 3665 973.982 918.834 55.148 0.217 0.010
83 3665 0 3665 963.752 893.785 69.967 0.217 0.010
84 3665 0 3665 953.583 893.799 59.784 0.233 0.010
85 3665 0 3665 939.321 898.683 40.638 0.250 0.010
86 3665 0 3665 924.148 875.492 48.655 0.250 0.010
87 3665 0 3665 909.666 875.492 34.174 0.267 0.009
88 3624 0 3624 894.096 875.492 18.603 0.283 0.009
89 2989 0 2989 874.290 855.637 18.652 0.300 0.009
90 2179 0 2179 855.437 855.637 0.200 0.317 0.009
91 1515 0 1515 841.532 855.637 14.105 0.317 0.009
92 1515 0 1515 828.673 855.637 26.965 0.333 0.009
93 1515 0 1515 810.807 855.637 44.831 0.333 0.009
94 1515 0 1515 794.061 855.637 61.577 0.333 0.009
95 1515 0 1515 774.286 855.637 81.351 0.333 0.009
96 1515 0 1515 751.929 855.637 103.709 0.333 0.009
97 1515 0 1515 727.084 855.637 128.554 0.333 0.010
98 1515 0 1515 704.628 808.345 103.717 0.333 0.010
99 1515 0 1515 677.836 792.757 114.921 0.350 0.011
100 1515 0 1515 653.717 771.753 118.036 0.350 0.011
101 1515 0 1515 629.746 737.758 108.013 0.350 0.011
102 1515 0 1515 602.669 726.928 124.259 0.350 0.012
103 1515 0 1515 577.163 685.273 108.110 0.350 0.013
104 1515 0 1515 550.821 660.244 109.423 0.350 0.013
105 1515 0 1515 529.506 640.356 110.850 0.350 0.014
106 1515 0 1515 505.528 619.113 113.585 0.333 0.014
107 1515 0 1515 482.109 613.322 131.213 0.333 0.015
108 1515 0 1515 457.620 571.766 114.145 0.333 0.015
109 1515 0 1515 434.680 571.676 136.996 0.333 0.016
110 1273 0 1273 411.801 519.426 107.625 0.333 0.017
111 1220 0 1220 389.751 507.925 118.175 0.350 0.017
112 1211 0 1211 368.763 500.125 131.362 0.350 0.018
113 1211 0 1211 348.594 500.125 151.530 0.350 0.018
114 1208 0 1208 329.401 459.045 129.643 0.350 0.018
115 1208 0 1208 310.486 411.344 100.857 0.350 0.019
116 1208 0 1208 294.432 411.344 116.912 0.350 0.019
117 1208 0 1208 279.832 411.344 131.512 0.350 0.020
118 1208 0 1208 265.510 389.564 124.053 0.350 0.020
119 1208 0 1208 251.916 358.409 106.493 0.350 0.020
120 1208 0 1208 237.727 339.833 102.106 0.367 0.021
121 1208 0 1208 223.831 327.538 103.707 0.367 0.021
122 1208 0 1208 209.453 327.538 118.085 0.367 0.021
123 1064 0 1064 196.906 327.538 130.632 0.367 0.021
124 1048 0 1048 188.462 306.340 117.878 0.367 0.021
125 1040 0 1040 177.574 294.352 116.778 0.367 0.021
126 1040 0 1040 167.679 274.742 107.063 0.367 0.021
127 1018 0 1018 157.621 251.545 93.924 0.383 0.021
128 1018 0 1018 148.130 251.545 103.415 0.383 0.021
129 1018 0 1018 140.094 251.505 111.411 0.367 0.021
130 1018 0 1018 132.099 245.960 113.861 0.383 0.021
131 1018 0 1018 124.631 245.960 121.329 0.383 0.021
132 1018 0 1018 118.434 245.960 127.527 0.383 0.021
133 964 0 964 111.388 245.960 134.572 0.383 0.021
134 964 0 964 105.327 224.094 118.766 0.400 0.021
135 964 0 964 96.826 217.024 120.198 0.400 0.021
136 964 0 964 87.857 192.448 104.591 0.383 0.021
137 964 0 964 80.881 173.596 92.715 0.367 0.021
138 905 0 905 75.483 173.596 98.113 0.383 0.021
139 905 0 905 69.888 173.596 103.707 0.367 0.021
140 905 0 905 63.544 173.596 110.052 0.350 0.021
141 733 0 733 57.779 173.596 115.817 0.333 0.021
142 733 0 733 52.471 173.596 121.125 0.317 0.021
143 733 0 733 47.517 173.596 126.079 0.300 0.021
144 733 0 733 43.450 173.596 130.146 0.300 0.021
145 733 0 733 38.409 163.202 124.793 0.267 0.021
146 733 0 733 33.630 163.202 129.572 0.250 0.021
147 686 0 686 28.864 163.177 134.314 0.217 0.021
148 686 0 686 24.858 163.177 138.319 0.200 0.021
149 509 0 509 20.640 163.177 142.537 0.167 0.021
150 509 0 509 17.161 163.177 146.016 0.167 0.021
151 509 0 509 14.366 163.177 148.812 0.167 0.021
152 494 0 494 11.937 163.177 151.241 0.167 0.020
153 414 0 414 9.226 133.702 124.476 0.167 0.020
154 414 0 414 7.329 133.702 126.372 0.167 0.020
155 414 0 414 5.498 133.702 128.204 0.167 0.020
156 298 0 298 3.826 133.702 129.876 0.167 0.019
157 277 0 277 2.564 133.702 131.137 0.167 0.019
158 240 0 240 1.580 133.707 132.127 0.167 0.018
159 240 0 240 0.952 133.707 132.755 0.167 0.017
160 240 0 240 0.565 133.707 133.142 0.167 0.017
161 234 0 234 0.290 133.707 133.416 0.150 0.016
162 234 0 234 0.187 127.989 127.803 0.150 0.015
163 234 0 234 0.155 127.989 127.835 0.150 0.014
164 234 0 234 0.097 127.989 127.892 0.150 0.014
165 197 0 197 0.046 127.989 127.944 0.150 0.013
166 197 0 197 0.053 127.989 127.936 0.150 0.012
167 197 0 197 0.057 127.989 127.932 0.133 0.012
168 197 0 197 0.133 127.989 127.857 0.117 0.011
169 234 0 234 0.256 127.989 127.734 0.117 0.010
170 234 0 234 0.425 127.989 127.564 0.117 0.009
171 234 0 234 0.575 127.974 127.399 0.117 0.009
172 234 0 234 0.983 127.974 126.992 0.117 0.008
173 234 0 234 1.515 127.974 126.459 0.117 0.008
174 264 0 264 2.601 127.974 125.374 0.117 0.007
175 264 0 264 3.689 127.964 124.275 0.117 0.007
176 356 0 356 5.820 127.964 122.143 0.117 0.006
177 392 0 392 8.658 127.964 119.306 0.117 0.006
178 400 0 400 11.454 127.964 116.510 0.100 0.005
179 400 0 400 15.051 127.983 112.932 0.100 0.005
180 496 0 496 20.059 127.983 107.923 0.100 0.005
181 496 0 496 26.214 127.983 101.768 0.100 0.005
182 496 0 496 32.584 127.983 95.399 0.100 0.004
183 580 0 580 40.391 128.002 87.611 0.100 0.004
184 598 0 598 49.146 128.038 78.893 0.100 0.004
185 618 0 618 57.287 128.071 70.784 0.100 0.004
186 618 0 618 66.388 128.071 61.683 0.083 0.004
187 618 0 618 76.024 128.071 52.048 0.083 0.003
188 723 0 723 87.892 128.071 40.180 0.083 0.003
189 1188 0 1188 102.758 128.090 25.333 0.083 0.003
190 1221 0 1221 119.258 128.090 8.832 0.083 0.003
191 1364 0 1364 135.409 128.090 7.319 0.083 0.003
192 1364 0 1364 146.997 128.090 18.907 0.083 0.004
193 1364 0 1364 162.270 128.090 34.180 0.083 0.004
194 1364 0 1364 179.609 128.090 51.519 0.100 0.004
195 1364 0 1364 199.759 128.090 71.669 0.100 0.004
196 1364 0 1364 218.819 153.847 64.971 0.100 0.004
197 1397 0 1397 239.681 153.847 85.834 0.117 0.004
198 1397 0 1397 258.424 153.847 104.577 0.117 0.004
199 1631 0 1631 279.393 176.463 102.929 0.133 0.004
200 1719 0 1719 303.872 210.532 93.340 0.133 0.005
201 1854 0 1854 327.343 210.532 116.811 0.150 0.005
202 1854 0 1854 349.762 237.056 112.706 0.167 0.005
203 1854 0 1854 369.079 256.559 112.520 0.167 0.005
204 1854 0 1854 388.214 256.559 131.656 0.183 0.006
205 1854 0 1854 407.575 268.705 138.870 0.167 0.006
206 1854 0 1854 425.338 292.501 132.837 0.167 0.006
207 1854 0 1854 443.205 319.678 123.526 0.167 0.007
208 1854 0 1854 460.738 356.512 104.226 0.183 0.007
209 1854 0 1854 479.000 366.135 112.865 0.183 0.007
210 1854 0 1854 494.009 376.075 117.934 0.183 0.008
211 1854 0 1854 509.736 396.737 112.999 0.183 0.008
212 1854 0 1854 524.611 418.244 106.367 0.183 0.008
213 1854 0 1854 540.803 432.147 108.656 0.183 0.009
214 1854 0 1854 554.109 455.631 98.478 0.183 0.009
215 1854 0 1854 569.623 462.102 107.521 0.200 0.009
216 1854 0 1854 583.293 462.179 121.114 0.200 0.010
217 1854 0 1854 597.668 498.168 99.500 0.200 0.010
218 1854 0 1854 610.239 498.168 112.071 0.200 0.011
219 1854 0 1854 624.776 498.168 126.608 0.200 0.011
220 1854 0 1854 637.066 502.971 134.095 0.200 0.012
221 1854 0 1854 650.901 534.253 116.648 0.200 0.012
222 1854 0 1854 662.905 561.332 101.573 0.200 0.013
223 1854 0 1854 676.325 561.332 114.993 0.200 0.013
224 1854 0 1854 687.232 561.332 125.900 0.200 0.013
225 1854 0 1854 699.338 590.503 108.835 0.200 0.014
226 1854 0 1854 707.484 607.102 100.382 0.200 0.014
227 1854 0 1854 717.806 607.102 110.704 0.200 0.015
228 1854 0 1854 727.918 607.102 120.816 0.200 0.015
229 1854 0 1854 739.454 626.921 112.533 0.200 0.015
230 1854 0 1854 751.293 632.905 118.388 0.200 0.016
231 1854 0 1854 762.508 632.989 129.519 0.200 0.016
232 1854 0 1854 772.804 632.989 139.815 0.200 0.016
233 1854 0 1854 782.056 650.336 131.721 0.200 0.017
234 1854 0 1854 792.388 691.831 100.557 0.200 0.017
235 1854 0 1854 800.715 691.918 108.797 0.200 0.018
236 1854 0 1854 810.502 713.319 97.183 0.200 0.018
237 1854 0 1854 821.506 718.031 103.475 0.200 0.018
238 1854 0 1854 829.931 728.772 101.159 0.200 0.018
239 1854 0 1854 838.567 754.839 83.728 0.200 0.019
240 1854 0 1854 848.292 754.839 93.453 0.200 0.019
241 1854 0 1854 858.977 754.839 104.138 0.200 0.019
242 1854 0 1854 868.233 774.980 93.253 0.200 0.019
243 1854 0 1854 877.829 775.049 102.780 0.200 0.020
244 1854 0 1854 887.430 780.308 107.122 0.200 0.020
245 1854 0 1854 895.249 780.365 114.884 0.200 0.020
246 1854 0 1854 902.608 780.365 122.242 0.217 0.020
247 1854 0 1854 909.632 780.365 129.267 0.217 0.020
248 1854 0 1854 916.892 827.237 89.655 0.217 0.020
249 1854 0 1854 922.826 827.230 95.596 0.217 0.020
250 1854 0 1854 928.799 833.876 94.923 0.200 0.020
251 1854 0 1854 933.177 845.339 87.838 0.200 0.020
252 1854 0 1854 936.701 845.339 91.362 0.183 0.020
253 1854 0 1854 939.544 845.339 94.205 0.183 0.020
254 1854 0 1854 943.573 865.301 78.272 0.167 0.020
255 1854 0 1854 945.369 865.301 80.068 0.167 0.020
256 1854 0 1854 945.709 865.301 80.408 0.167 0.019
257 1854 0 1854 945.760 865.301 80.459 0.167 0.019
258 1854 0 1854 944.936 865.301 79.636 0.167 0.019
259 1854 0 1854 943.124 865.301 77.823 0.167 0.019
260 1854 0 1854 937.716 865.301 72.415 0.167 0.019
261 1632 0 1632 930.925 865.301 65.624 0.167 0.019
262 1632 0 1632 924.186 865.311 58.875 0.167 0.018
263 1535 0 1535 918.894 865.311 53.583 0.167 0.018
264 1535 0 1535 912.958 865.311 47.647 0.167 0.018
265 1535 0 1535 906.427 865.311 41.116 0.167 0.017
266 1535 0 1535 899.336 865.279 34.057 0.167 0.017
267 1535 0 1535 890.601 865.279 25.322 0.167 0.017
268 1427 0 1427 879.675 865.279 14.396 0.167 0.017
269 1427 0 1427 867.209 865.279 1.929 0.167 0.016
270 1427 0 1427 853.924 865.279 11.356 0.167 0.016
271 1427 0 1427 838.054 865.272 27.218 0.183 0.016
272 1427 0 1427 822.290 865.272 42.981 0.183 0.016
273 1427 0 1427 803.490 865.272 61.782 0.200 0.016
274 1427 0 1427 786.461 845.096 58.635 0.200 0.016
275 1427 0 1427 765.206 845.065 79.858 0.200 0.016
276 1427 0 1427 742.354 845.047 102.693 0.183 0.016
277 1427 0 1427 718.291 845.047 126.756 0.183 0.016
278 1427 0 1427 695.025 796.982 101.957 0.183 0.016
279 1427 0 1427 671.004 784.149 113.145 0.200 0.016
280 1427 0 1427 646.452 756.402 109.950 0.200 0.017
281 1365 0 1365 619.524 722.980 103.456 0.200 0.017
282 1365 0 1365 592.278 693.689 101.411 0.217 0.017
283 1365 0 1365 564.933 668.053 103.120 0.217 0.018
284 1316 0 1316 540.875 668.053 127.179 0.217 0.018
285 1316 0 1316 514.582 608.337 93.755 0.217 0.018
286 1316 0 1316 490.705 601.934 111.228 0.217 0.018
287 1316 0 1316 466.348 594.556 128.208 0.217 0.019
288 1316 0 1316 444.092 560.827 116.735 0.217 0.019
289 1309 0 1309 423.325 560.742 137.417 0.200 0.019
290 1257 0 1257 398.662 514.423 115.761 0.200 0.020
291 1257 0 1257 377.845 501.778 123.933 0.200 0.020
292 1257 0 1257 360.230 472.089 111.860 0.217 0.020
293 1251 0 1251 342.019 472.089 130.070 0.200 0.020
294 1251 0 1251 323.051 422.645 99.594 0.200 0.020
295 1251 0 1251 303.143 410.701 107.558 0.200 0.020
296 1251 0 1251 286.463 401.825 115.361 0.200 0.021
297 1213 0 1213 270.988 378.628 107.640 0.200 0.021
298 1213 0 1213 257.010 372.466 115.456 0.200 0.021
299 1181 0 1181 244.390 372.341 127.951 0.217 0.021
300 1181 0 1181 231.057 360.266 129.210 0.200 0.021
301 1181 0 1181 217.753 341.446 123.693 0.200 0.021
302 1181 0 1181 206.341 309.865 103.524 0.200 0.021
303 1181 0 1181 192.956 288.093 95.137 0.183 0.021
304 1181 0 1181 180.674 288.044 107.371 0.183 0.021
305 1181 0 1181 170.681 282.015 111.334 0.183 0.021
306 1181 0 1181 161.187 282.015 120.828 0.183 0.021
307 1027 0 1027 151.634 282.015 130.381 0.183 0.021
308 1027 0 1027 143.888 282.015 138.128 0.183 0.021
309 1027 0 1027 135.405 249.205 113.800 0.183 0.021
310 1027 0 1027 128.074 224.463 96.390 0.183 0.021
311 1027 0 1027 120.888 224.463 103.576 0.183 0.021
312 1027 0 1027 112.701 224.463 111.762 0.183 0.021
313 1027 0 1027 105.461 224.463 119.002 0.183 0.021
314 1027 0 1027 99.339 203.182 103.843 0.183 0.021
315 1027 0 1027 93.160 195.979 102.819 0.183 0.021
316 1018 0 1018 85.222 195.979 110.757 0.183 0.021
317 910 0 910 79.495 195.979 116.485 0.183 0.021
318 857 0 857 72.969 195.979 123.010 0.200 0.021
319 857 0 857 67.306 195.979 128.674 0.200 0.021
320 857 0 857 61.079 171.734 110.655 0.200 0.021
321 857 0 857 55.973 149.300 93.327 0.183 0.021
322 856 0 856 50.145 149.300 99.155 0.183 0.021
323 715 0 715 45.433 149.300 103.868 0.183 0.021
324 715 0 715 40.984 149.300 108.316 0.183 0.021
325 630 0 630 36.745 149.300 112.556 0.183 0.021
326 564 0 564 33.026 149.300 116.274 0.167 0.021
327 513 0 513 29.307 149.300 119.993 0.167 0.021
328 506 0 506 25.683 149.300 123.618 0.167 0.021
329 452 0 452 21.732 149.300 127.569 0.167 0.021
330 452 0 452 18.425 149.300 130.876 0.167 0.021
331 452 0 452 15.048 128.711 113.664 0.167 0.020
332 452 0 452 12.029 128.711 116.682 0.167 0.020
333 452 0 452 9.159 123.200 114.041 0.167 0.020
334 387 0 387 6.943 123.200 116.257 0.167 0.020
335 333 0 333 4.982 115.407 110.426 0.167 0.019
336 333 0 333 3.300 115.407 112.107 0.167 0.019
337 208 0 208 2.042 115.407 113.365 0.167 0.018
338 208 0 208 1.256 115.407 114.151 0.150 0.018
339 170 0 170 0.720 115.424 114.703 0.150 0.017
340 161 0 161 0.541 115.424 114.882 0.150 0.016
341 161 0 161 0.414 115.407 114.994 0.150 0.015
342 161 0 161 0.257 115.407 115.150 0.150 0.015
343 152 0 152 0.203 104.923 104.720 0.150 0.014
344 152 0 152 0.174 104.923 104.749 0.150 0.013
345 152 0 152 0.160 104.923 104.763 0.133 0.012
346 194 0 194 0.193 104.923 104.730 0.117 0.012
347 194 0 194 0.211 104.923 104.712 0.117 0.011
348 237 0 237 0.258 104.908 104.650 0.117 0.010
349 237 0 237 0.324 104.908 104.584 0.117 0.010
350 237 0 237 0.405 104.908 104.504 0.117 0.009
351 237 0 237 0.580 104.908 104.329 0.117 0.008
352 306 0 306 0.990 104.908 103.918 0.117 0.008
353 327 0 327 1.461 104.896 103.435 0.117 0.008
354 379 0 379 2.421 104.896 102.475 0.117 0.007
355 379 0 379 3.677 104.896 101.219 0.117 0.006
356 468 0 468 5.960 104.891 98.930 0.100 0.006
357 468 0 468 9.004 104.906 95.902 0.100 0.005
358 468 0 468 12.262 104.906 92.644 0.100 0.005
359 468 0 468 16.040 104.906 88.866 0.100 0.005
360 468 0 468 20.068 104.906 84.838 0.100 0.005
361 497 0 497 24.938 104.921 79.983 0.100 0.004
362 497 0 497 30.350 104.921 74.571 0.100 0.004
363 499 0 499 36.783 104.921 68.138 0.083 0.004
364 561 0 561 43.941 104.936 60.995 0.083 0.004
365 563 0 563 52.205 104.936 52.731 0.083 0.003
366 668 0 668 60.891 104.936 44.045 0.083 0.003
367 668 0 668 72.614 104.936 32.322 0.083 0.003
368 668 0 668 83.293 104.936 21.643 0.083 0.003
369 758 0 758 93.581 104.936 11.355 0.083 0.003
370 758 0 758 107.875 104.936 2.939 0.083 0.003
371 803 0 803 120.524 104.936 15.588 0.083 0.003
372 1003 0 1003 136.469 104.936 31.533 0.083 0.003
373 1003 0 1003 152.277 104.936 47.341 0.083 0.003
374 1003 0 1003 169.444 104.936 64.508 0.083 0.004
375 1241 0 1241 187.116 104.936 82.181 0.100 0.004
376 1241 0 1241 204.344 105.015 99.329 0.083 0.004
377 1241 0 1241 222.458 105.015 117.443 0.100 0.004
378 1617 0 1617 244.783 105.104 139.679 0.100 0.004
379 2229 0 2229 267.236 127.339 139.897 0.117 0.004
380 2667 0 2667 297.117 153.238 143.879 0.117 0.005
381 2790 0 2790 326.853 201.398 125.455 0.150 0.005
382 2986 0 2986 357.356 212.714 144.642 0.167 0.005
383 3004 0 3004 389.604 245.935 143.670 0.200 0.005
384 3004 0 3004 416.581 271.640 144.941 0.200 0.006
385 3004 0 3004 445.268 304.233 141.036 0.217 0.006
386 3004 0 3004 467.175 346.829 120.346 0.233 0.006
387 3004 0 3004 493.010 375.186 117.823 0.233 0.007
388 3004 0 3004 517.233 407.457 109.776 0.250 0.007
389 3004 0 3004 535.545 438.812 96.733 0.250 0.007
390 3004 0 3004 551.924 444.357 107.567 0.250 0.008
391 3004 0 3004 566.650 444.357 122.293 0.250 0.008
392 3004 0 3004 581.128 444.357 136.771 0.250 0.008
393 3004 0 3004 596.669 484.969 111.700 0.250 0.009
394 3004 0 3004 609.906 484.969 124.937 0.250 0.009
395 3004 0 3004 623.578 504.270 119.308 0.250 0.010
396 3004 0 3004 636.559 528.350 108.208 0.267 0.010
397 3004 0 3004 649.296 542.966 106.330 0.267 0.011
398 3004 0 3004 661.876 550.423 111.453 0.267 0.011
399 3004 0 3004 674.499 550.423 124.075 0.267 0.011
400 3004 0 3004 687.062 550.423 136.639 0.267 0.012
401 3004 0 3004 698.266 578.470 119.796 0.267 0.012
402 3004 0 3004 709.666 603.060 106.606 0.267 0.013
403 3004 0 3004 720.756 615.460 105.296 0.267 0.013
404 3004 0 3004 733.263 615.460 117.803 0.267 0.013
405 3004 0 3004 744.174 620.723 123.451 0.267 0.014
406 3004 0 3004 756.668 670.451 86.216 0.267 0.014
407 3004 0 3004 768.406 670.451 97.955 0.267 0.015
408 3004 0 3004 780.850 679.756 101.094 0.267 0.015
409 3004 0 3004 791.643 701.121 90.522 0.267 0.016
410 3004 0 3004 803.150 701.121 102.029 0.267 0.016
411 3004 0 3004 813.584 716.582 97.002 0.267 0.016
412 3004 0 3004 823.075 716.582 106.493 0.267 0.017
413 3004 0 3004 832.029 716.733 115.296 0.267 0.017
414 3004 0 3004 842.336 760.182 82.154 0.267 0.018
415 3004 0 3004 851.815 760.182 91.633 0.267 0.018
416 3004 0 3004 863.228 760.277 102.952 0.267 0.018
417 3004 0 3004 874.541 776.908 97.634 0.267 0.018
418 3004 0 3004 884.591 782.533 102.058 0.267 0.019
419 3004 0 3004 894.817 782.533 112.283 0.267 0.019
420 3004 0 3004 903.394 782.533 120.861 0.267 0.019
421 3004 0 3004 912.106 782.533 129.573 0.267 0.020
422 3004 0 3004 920.782 787.293 133.489 0.267 0.020
423 3004 0 3004 928.847 834.959 93.888 0.267 0.020
424 3004 0 3004 936.719 834.959 101.760 0.283 0.020
425 3004 0 3004 945.164 834.959 110.205 0.283 0.020
426 3004 0 3004 951.956 834.959 116.997 0.283 0.020
427 3004 0 3004 961.042 874.412 86.630 0.283 0.020
428 3004 0 3004 968.499 874.412 94.087 0.283 0.020
429 3004 0 3004 973.448 893.787 79.661 0.283 0.020
430 3004 0 3004 980.431 893.787 86.644 0.283 0.020
431 3004 0 3004 986.241 893.787 92.454 0.283 0.020
432 3004 0 3004 992.111 893.787 98.324 0.283 0.020
433 3004 0 3004 998.220 893.787 104.433 0.283 0.020
434 3004 0 3004 1002.786 893.787 108.999 0.283 0.020
435 3004 0 3004 1006.191 893.787 112.404 0.267 0.020
436 3004 0 3004 1009.052 893.819 115.232 0.267 0.020
437 3004 0 3004 1011.854 893.819 118.035 0.250 0.020
438 3004 0 3004 1010.990 893.843 117.147 0.250 0.019
439 3004 0 3004 1006.930 893.843 113.087 0.233 0.019
440 3004 0 3004 998.259 893.843 104.416 0.217 0.019
441 3004 0 3004 989.023 893.843 95.180 0.200 0.019
442 3004 0 3004 975.754 893.843 81.911 0.200 0.018
443 2979 0 2979 959.085 893.843 65.242 0.200 0.018
444 2979 0 2979 945.090 893.843 51.248 0.200 0.018
445 2803 0 2803 929.054 893.843 35.211 0.200 0.017
446 2803 0 2803 915.811 893.843 21.968 0.200 0.017
447 2469 0 2469 899.097 839.833 59.264 0.217 0.017
448 1915 0 1915 879.707 839.833 39.874 0.217 0.017
449 1671 0 1671 865.310 839.833 25.476 0.217 0.016
450 1671 0 1671 851.484 839.833 11.651 0.233 0.016
451 1671 0 1671 840.032 839.833 0.199 0.233 0.016
452 1671 0 1671 824.171 839.833 15.662 0.233 0.016
453 1671 0 1671 806.337 839.833 33.496 0.233 0.015
454 1671 0 1671 786.848 839.833 52.985 0.233 0.015
455 1671 0 1671 765.521 839.833 74.312 0.233 0.015
456 1671 0 1671 742.249 817.822 75.573 0.217 0.015
457 1671 0 1671 721.667 798.834 77.167 0.233 0.015
458 1671 0 1671 699.840 798.834 98.994 0.233 0.015
459 1328 0 1328 674.889 793.205 118.316 0.233 0.016
460 1328 0 1328 649.981 781.838 131.857 0.233 0.016
461 1328 0 1328 622.938 755.326 132.388 0.233 0.016
462 1328 0 1328 596.891 693.409 96.518 0.233 0.017
463 1328 0 1328 572.674 693.409 120.735 0.233 0.017
464 1301 0 1301 550.534 685.149 134.615 0.233 0.017
465 1301 0 1301 527.122 656.263 129.141 0.233 0.017
466 1301 0 1301 502.934 624.313 121.379 0.233 0.018
467 1301 0 1301 478.348 606.613 128.265 0.233 0.018
468 1301 0 1301 452.999 572.634 119.635 0.233 0.018
469 1301 0 1301 429.108 542.491 113.383 0.233 0.019
470 1301 0 1301 407.108 542.491 135.384 0.233 0.019
471 1301 0 1301 386.469 490.357 103.887 0.250 0.019
472 1301 0 1301 366.235 461.236 95.001 0.250 0.019
473 1301 0 1301 347.522 454.825 107.303 0.250 0.020
474 1301 0 1301 329.406 445.761 116.355 0.250 0.020
475 1301 0 1301 312.374 424.600 112.226 0.250 0.020
476 1301 0 1301 295.735 413.449 117.714 0.250 0.020
477 1301 0 1301 279.782 392.953 113.171 0.250 0.020
478 1301 0 1301 265.773 392.953 127.180 0.250 0.020
479 1301 0 1301 249.646 378.651 129.005 0.267 0.020
480 1301 0 1301 236.432 361.419 124.987 0.267 0.020
481 1301 0 1301 224.222 327.845 103.622 0.267 0.020
482 1301 0 1301 212.213 327.845 115.632 0.267 0.020
483 1301 0 1301 199.890 305.930 106.040 0.267 0.020
484 1301 0 1301 189.918 305.930 116.012 0.267 0.020
485 1301 0 1301 179.677 305.930 126.253 0.267 0.020
486 1301 0 1301 170.214 284.447 114.233 0.267 0.020
487 1301 0 1301 160.658 284.400 123.743 0.267 0.020
488 1301 0 1301 151.209 275.923 124.714 0.283 0.020
489 1301 0 1301 142.349 254.908 112.560 0.283 0.020
490 1301 0 1301 132.367 254.908 122.541 0.267 0.021
491 1301 0 1301 127.290 249.278 121.988 0.267 0.021
492 1301 0 1301 120.520 249.278 128.757 0.267 0.021
493 949 0 949 112.638 226.466 113.828 0.283 0.021
494 949 0 949 105.430 207.630 102.199 0.267 0.021
495 949 0 949 99.148 195.416 96.269 0.267 0.021
496 949 0 949 92.405 195.416 103.012 0.283 0.021
497 942 0 942 85.365 195.416 110.051 0.283 0.021
498 942 0 942 78.312 195.416 117.104 0.283 0.021
499 942 0 942 72.389 195.416 123.027 0.283 0.021
500 942 0 942 67.989 195.416 127.427 0.283 0.021
501 942 0 942 62.939 195.416 132.477 0.267 0.021
502 942 0 942 57.218 170.124 112.906 0.267 0.021
503 942 0 942 51.629 170.124 118.495 0.233 0.021
504 813 0 813 45.936 170.124 124.188 0.217 0.021
505 631 0 631 41.288 170.124 128.836 0.200 0.021
506 585 0 585 37.310 170.124 132.814 0.183 0.021
507 585 0 585 32.735 170.124 137.389 0.167 0.021
508 552 0 552 28.221 170.124 141.903 0.167 0.021
509 552 0 552 24.304 170.124 145.820 0.167 0.021
510 552 0 552 20.638 148.589 127.951 0.167 0.020
511 552 0 552 18.144 148.589 130.445 0.167 0.020
512 552 0 552 15.067 148.589 133.522 0.167 0.020
513 552 0 552 12.289 143.638 131.349 0.167 0.020
514 552 0 552 9.668 143.638 133.970 0.167 0.020
515 552 0 552 7.495 143.638 136.144 0.167 0.019
516 552 0 552 5.665 143.638 137.974 0.167 0.019
517 552 0 552 4.493 143.638 139.146 0.167 0.018
518 552 0 552 3.808 143.638 139.831 0.167 0.018
519 552 0 552 3.378 143.638 140.261 0.167 0.017
520 552 0 552 3.013 143.638 140.625 0.150 0.016
521 552 0 552 2.780 143.638 140.859 0.150 0.016
522 552 0 552 2.701 143.638 140.938 0.150 0.015
523 552 0 552 2.613 143.638 141.026 0.150 0.014
524 552 0 552 2.596 143.638 141.042 0.133 0.013
525 552 0 552 2.580 143.638 141.058 0.133 0.013
526 552 0 552 2.657 143.638 140.982 0.133 0.012
527 552 0 552 2.715 143.638 140.924 0.133 0.011
528 552 0 552 2.762 143.638 140.877 0.133 0.010
529 552 0 552 2.843 143.638 140.796 0.133 0.010
530 552 0 552 2.999 143.638 140.639 0.133 0.009
531 552 0 552 3.225 143.638 140.414 0.117 0.009
532 552 0 552 3.689 143.617 139.928 0.117 0.008
533 552 0 552 4.339 143.638 139.299 0.117 0.007
534 552 0 552 5.351 143.638 138.288 0.117 0.007
535 552 0 552 6.703 143.660 136.957 0.117 0.007
536 552 0 552 9.019 143.660 134.641 0.117 0.006
537 552 0 552 11.578 143.660 132.082 0.117 0.006
538 552 0 552 14.701 143.693 128.992 0.117 0.005
539 552 0 552 18.701 143.693 124.991 0.100 0.005
540 552 0 552 23.643 143.693 120.049 0.100 0.005
541 552 0 552 29.475 143.715 114.239 0.100 0.004
542 552 0 552 35.805 143.715 107.910 0.100 0.004
543 552 0 552 42.173 143.715 101.542 0.100 0.004
544 552 0 552 50.502 143.715 93.213 0.083 0.004
545 586 0 586 59.463 143.715 84.252 0.083 0.004
546 647 0 647 70.176 143.715 73.539 0.083 0.004
547 647 0 647 78.748 143.736 64.988 0.083 0.004
548 748 0 748 90.595 143.736 53.141 0.083 0.003
549 748 0 748 101.146 143.736 42.590 0.083 0.003
550 926 0 926 114.567 143.736 29.169 0.083 0.003
551 956 0 956 126.887 143.736 16.849 0.083 0.003
552 1013 0 1013 139.735 143.736 4.002 0.083 0.003
553 1046 0 1046 157.567 143.736 13.831 0.083 0.004
554 1046 0 1046 173.782 143.736 30.046 0.083 0.004
555 1377 0 1377 187.117 143.736 43.380 0.100 0.004
556 1452 0 1452 205.433 143.736 61.697 0.083 0.004
557 1711 0 1711 224.885 143.736 81.149 0.100 0.004
558 1889 0 1889 245.135 143.736 101.398 0.117 0.004
559 2169 0 2169 268.189 171.317 96.872 0.133 0.004
560 2332 0 2332 290.590 171.402 119.188 0.150 0.005
561 2358 0 2358 313.163 195.126 118.037 0.167 0.005
562 2576 0 2576 340.191 245.546 94.645 0.167 0.005
563 2582 0 2582 364.522 245.546 118.976 0.183 0.005
564 2582 0 2582 391.282 274.805 116.477 0.217 0.006
565 2582 0 2582 412.672 296.099 116.573 0.217 0.006
566 2582 0 2582 435.564 296.099 139.465 0.233 0.006
567 2582 0 2582 454.962 303.728 151.233 0.233 0.006
568 2582 0 2582 470.065 369.317 100.748 0.250 0.007
569 2582 0 2582 486.196 374.462 111.734 0.250 0.007
570 2582 0 2582 501.804 374.462 127.342 0.250 0.007
571 2582 0 2582 518.753 374.552 144.201 0.250 0.008
572 2582 0 2582 536.232 406.011 130.221 0.233 0.008
573 2582 0 2582 550.597 432.098 118.498 0.233 0.008
574 2582 0 2582 564.460 437.275 127.185 0.233 0.009
575 2582 0 2582 578.208 437.369 140.840 0.233 0.009
576 2582 0 2582 593.379 462.776 130.604 0.233 0.010
577 2582 0 2582 607.619 510.999 96.621 0.233 0.010
578 2582 0 2582 621.463 518.055 103.408 0.233 0.011
579 2582 0 2582 634.786 522.857 111.929 0.233 0.011
580 2582 0 2582 647.341 522.857 124.484 0.233 0.012
581 2582 0 2582 659.652 532.517 127.135 0.233 0.012
582 2582 0 2582 671.215 539.732 131.483 0.233 0.013
583 2582 0 2582 682.080 545.173 136.907 0.233 0.013
584 2582 0 2582 693.416 564.843 128.573 0.233 0.013
585 2582 0 2582 705.353 590.548 114.805 0.233 0.014
586 2582 0 2582 716.498 610.814 105.685 0.233 0.014
587 2582 0 2582 729.036 620.643 108.393 0.233 0.015
588 2582 0 2582 740.924 620.643 120.281 0.233 0.015
589 2582 0 2582 752.759 634.267 118.493 0.233 0.016
590 2582 0 2582 764.198 653.555 110.643 0.233 0.016
591 2582 0 2582 774.522 653.555 120.967 0.233 0.016
592 2582 0 2582 785.701 664.063 121.638 0.233 0.017
593 2582 0 2582 796.333 682.715 113.618 0.233 0.017
594 2582 0 2582 806.349 682.715 123.633 0.233 0.017
595 2582 0 2582 815.850 690.325 125.525 0.233 0.018
596 2582 0 2582 827.262 690.325 136.937 0.233 0.018
597 2582 0 2582 836.450 741.533 94.917 0.233 0.018
598 2582 0 2582 846.275 752.533 93.742 0.250 0.019
599 2582 0 2582 855.496 752.533 102.963 0.250 0.019
600 2582 0 2582 865.724 759.874 105.850 0.250 0.019
601 2582 0 2582 876.053 759.874 116.179 0.250 0.019
602 2582 0 2582 885.489 759.874 125.615 0.250 0.020
603 2582 0 2582 893.559 759.874 133.685 0.250 0.020
604 2582 0 2582 902.891 786.693 116.198 0.250 0.020
605 2582 0 2582 911.103 791.779 119.324 0.250 0.020
606 2582 0 2582 920.201 834.911 85.290 0.267 0.020
607 2582 0 2582 926.423 846.143 80.280 0.267 0.020
608 2582 0 2582 933.029 846.143 86.886 0.250 0.020
609 2582 0 2582 938.950 854.473 84.477 0.250 0.020
610 2582 0 2582 944.416 854.473 89.943 0.250 0.020
611 2582 0 2582 949.597 854.473 95.124 0.250 0.020
612 2582 0 2582 954.433 854.473 99.960 0.267 0.020
613 2582 0 2582 960.308 854.473 105.835 0.250 0.020
614 2582 0 2582 963.471 854.473 108.998 0.250 0.020
615 2582 0 2582 964.355 854.473 109.882 0.233 0.020
616 2582 0 2582 966.075 854.473 111.602 0.233 0.020
617 2582 0 2582 964.735 854.473 110.263 0.217 0.019
618 2582 0 2582 964.834 854.473 110.362 0.200 0.019
619 2582 0 2582 961.958 854.473 107.485 0.183 0.019
620 2582 0 2582 956.919 854.492 102.428 0.183 0.019
621 2582 0 2582 951.213 854.492 96.721 0.183 0.018
622 2582 0 2582 943.038 854.492 88.547 0.183 0.018
623 2475 0 2475 934.011 854.492 79.519 0.183 0.018
624 2419 0 2419 921.483 854.492 66.991 0.167 0.018
625 2255 0 2255 911.933 854.492 57.442 0.183 0.017
626 1506 0 1506 899.724 854.492 45.233 0.183 0.017
627 1415 0 1415 888.228 854.492 33.736 0.183 0.017
628 1415 0 1415 879.307 854.492 24.816 0.183 0.017
629 1415 0 1415 870.152 854.492 15.661 0.183 0.016
630 1415 0 1415 858.663 854.492 4.172 0.183 0.016
631 1415 0 1415 842.151 854.481 12.330 0.183 0.016
632 1408 0 1408 826.932 854.481 27.549 0.183 0.016
633 1408 0 1408 809.247 830.759 21.512 0.200 0.016
634 1408 0 1408 790.926 830.759 39.833 0.200 0.016
635 1408 0 1408 769.037 830.732 61.695 0.200 0.016
636 1408 0 1408 745.757 830.732 84.975 0.200 0.016
637 1408 0 1408 723.890 830.732 106.842 0.200 0.016
638 1408 0 1408 699.007 830.732 131.725 0.200 0.016
639 1408 0 1408 673.670 830.732 157.062 0.217 0.016
640 1408 0 1408 650.672 788.368 137.697 0.217 0.016
641 1408 0 1408 623.913 743.070 119.156 0.217 0.017
642 1408 0 1408 597.441 733.063 135.623 0.217 0.017
643 1408 0 1408 576.160 695.642 119.482 0.217 0.017
644 1408 0 1408 553.597 695.642 142.045 0.217 0.017
645 1408 0 1408 527.013 645.200 118.187 0.217 0.018
646 1361 0 1361 499.851 629.846 129.995 0.217 0.018
647 1361 0 1361 473.838 588.375 114.537 0.217 0.018
648 1329 0 1329 450.128 571.136 121.008 0.217 0.019
649 1329 0 1329 428.890 550.477 121.587 0.217 0.019
650 1329 0 1329 405.412 539.501 134.089 0.217 0.019
651 1281 0 1281 384.698 490.321 105.623 0.217 0.019
652 1281 0 1281 364.549 490.321 125.772 0.217 0.020
653 1281 0 1281 343.818 464.484 120.666 0.233 0.020
654 1281 0 1281 326.086 444.314 118.228 0.233 0.020
655 1281 0 1281 310.605 444.314 133.710 0.233 0.020
656 1281 0 1281 293.659 403.640 109.981 0.233 0.020
657 1281 0 1281 278.555 403.640 125.085 0.233 0.020
658 1281 0 1281 263.655 384.540 120.885 0.217 0.020
659 1192 0 1192 250.116 366.539 116.422 0.217 0.020
660 1192 0 1192 234.591 357.050 122.459 0.217 0.020
661 1192 0 1192 221.071 337.806 116.734 0.233 0.020
662 1192 0 1192 210.337 337.806 127.469 0.233 0.020
663 1159 0 1159 198.637 320.052 121.416 0.233 0.020
664 1121 0 1121 187.792 297.549 109.757 0.233 0.020
665 1121 0 1121 178.520 297.549 119.029 0.250 0.020
666 1121 0 1121 169.001 297.549 128.548 0.233 0.020
667 1119 0 1119 158.632 284.982 126.350 0.233 0.020
668 1119 0 1119 149.469 277.810 128.341 0.233 0.020
669 1119 0 1119 140.890 234.383 93.493 0.250 0.020
670 1119 0 1119 131.295 234.383 103.088 0.250 0.020
671 962 0 962 122.644 224.276 101.632 0.250 0.020
672 859 0 859 115.548 201.799 86.250 0.250 0.020
673 836 0 836 109.314 201.799 92.484 0.250 0.020
674 836 0 836 100.909 201.799 100.890 0.250 0.020
675 836 0 836 94.522 201.799 107.277 0.250 0.020
676 836 0 836 87.571 201.799 114.227 0.250 0.020
677 781 0 781 81.562 201.799 120.236 0.267 0.020
678 729 0 729 75.592 201.799 126.207 0.267 0.021
679 726 0 726 69.612 178.955 109.343 0.267 0.021
680 703 0 703 63.224 178.955 115.731 0.250 0.021
681 703 0 703 58.152 178.955 120.803 0.233 0.021
682 665 0 665 52.591 157.388 104.797 0.217 0.021
683 656 0 656 48.013 157.388 109.375 0.217 0.021
684 656 0 656 43.283 138.118 94.835 0.200 0.021
685 656 0 656 38.746 138.118 99.372 0.183 0.021
686 656 0 656 34.305 138.118 103.813 0.167 0.021
687 656 0 656 29.499 138.118 108.619 0.167 0.021
688 484 0 484 25.994 138.118 112.124 0.167 0.021
689 484 0 484 22.963 138.118 115.155 0.167 0.021
690 484 0 484 19.687 138.118 118.431 0.167 0.020
691 484 0 484 15.821 138.118 122.297 0.167 0.020
692 366 0 366 12.953 127.304 114.351 0.167 0.020
693 364 0 364 10.207 127.304 117.098 0.167 0.020
694 306 0 306 7.852 127.304 119.452 0.167 0.019
695 302 0 302 5.557 127.304 121.747 0.167 0.019
696 298 0 298 3.770 127.304 123.534 0.167 0.019
697 298 0 298 2.638 127.304 124.667 0.167 0.018
698 298 0 298 1.560 127.304 125.745 0.150 0.017
699 298 0 298 0.996 127.304 126.308 0.150 0.017
700 225 0 225 0.685 127.304 126.619 0.150 0.016
701 225 0 225 0.525 127.323 126.799 0.150 0.015
702 225 0 225 0.401 127.342 126.942 0.150 0.015
703 225 0 225 0.355 127.342 126.987 0.150 0.014
704 225 0 225 0.289 127.342 127.053 0.150 0.013
705 225 0 225 0.289 127.361 127.072 0.133 0.012
706 225 0 225 0.293 127.380 127.088 0.133 0.012
707 225 0 225 0.288 127.380 127.092 0.117 0.011
708 225 0 225 0.315 127.399 127.085 0.117 0.010
709 225 0 225 0.320 127.399 127.079 0.117 0.010
710 225 0 225 0.380 127.399 127.020 0.117 0.009
711 225 0 225 0.547 127.399 126.853 0.117 0.008
712 225 0 225 0.877 127.399 126.522 0.117 0.008
713 225 0 225 1.465 127.399 125.935 0.117 0.007
714 255 0 255 2.489 127.399 124.911 0.117 0.007
715 364 0 364 4.075 127.399 123.324 0.117 0.006
716 365 0 365 6.187 127.399 121.212 0.100 0.006
717 365 0 365 8.890 127.399 118.510 0.100 0.006
718 365 0 365 11.473 127.399 115.926 0.100 0.005
719 522 0 522 15.694 127.399 111.705 0.100 0.005
720 522 0 522 18.899 127.418 108.519 0.100 0.005
721 522 0 522 24.336 127.418 103.083 0.083 0.004
722 522 0 522 30.517 127.418 96.902 0.083 0.004
723 617 0 617 37.462 127.444 89.982 0.083 0.004
724 617 0 617 44.796 127.444 82.648 0.083 0.004
725 617 0 617 53.279 127.444 74.165 0.083 0.004
726 716 0 716 64.092 127.444 63.353 0.067 0.004
727 716 0 716 73.298 127.444 54.146 0.083 0.003
728 841 0 841 83.574 127.444 43.871 0.083 0.003
729 1038 0 1038 96.676 127.444 30.769 0.083 0.003
730 1038 0 1038 110.037 127.444 17.407 0.067 0.003
731 1038 0 1038 123.602 127.444 3.843 0.083 0.003
732 1038 0 1038 136.265 127.444 8.821 0.083 0.003
733 1180 0 1180 151.473 127.444 24.028 0.083 0.004
734 1559 0 1559 168.077 127.444 40.633 0.083 0.004
735 1628 0 1628 189.414 127.444 61.970 0.083 0.004
736 1628 0 1628 210.142 127.444 82.698 0.083 0.004
737 1638 0 1638 229.524 127.444 102.080 0.100 0.004
738 1638 0 1638 252.491 146.533 105.958 0.100 0.004
739 1638 0 1638 272.518 146.533 125.986 0.117 0.004
740 1670 0 1670 293.225 170.653 122.572 0.133 0.005
741 1670 0 1670 316.382 188.802 127.580 0.133 0.005
742 1670 0 1670 338.867 201.267 137.600 0.133 0.005
743 1670 0 1670 358.252 264.023 94.229 0.133 0.005
744 1958 0 1958 378.611 264.023 114.588 0.150 0.005
745 2323 0 2323 402.162 264.023 138.139 0.150 0.006
746 2776 0 2776 423.518 295.099 128.419 0.150 0.006
747 2791 0 2791 449.463 324.560 124.903 0.167 0.006
748 3025 0 3025 472.941 353.970 118.971 0.200 0.007
749 3025 0 3025 494.588 353.970 140.618 0.200 0.007
750 3025 0 3025 511.296 390.306 120.989 0.200 0.008
751 3025 0 3025 527.651 405.449 122.202 0.200 0.008
752 3025 0 3025 541.596 424.854 116.742 0.200 0.008
753 3025 0 3025 556.230 443.703 112.527 0.200 0.009
754 3025 0 3025 572.471 443.703 128.768 0.200 0.009
755 3025 0 3025 585.710 471.811 113.899 0.200 0.010
756 3025 0 3025 597.976 480.314 117.662 0.200 0.010
757 3025 0 3025 612.268 485.634 126.634 0.200 0.011
758 3025 0 3025 624.486 485.634 138.851 0.200 0.011
759 3025 0 3025 636.691 495.238 141.453 0.200 0.011
760 3025 0 3025 649.095 528.796 120.299 0.217 0.012
761 3025 0 3025 661.435 561.447 99.988 0.217 0.012
762 3025 0 3025 672.669 561.447 111.222 0.217 0.013
763 3025 0 3025 685.928 603.368 82.560 0.217 0.013
764 3025 0 3025 699.542 603.368 96.175 0.217 0.013
765 3025 0 3025 711.462 622.132 89.329 0.217 0.014
766 3025 0 3025 723.178 626.754 96.424 0.217 0.014
767 3025 0 3025 736.534 626.813 109.721 0.217 0.015
768 3025 0 3025 746.988 653.216 93.773 0.217 0.015
769 3025 0 3025 757.201 663.281 93.920 0.217 0.016
770 3025 0 3025 769.505 663.281 106.224 0.217 0.016
771 3025 0 3025 782.153 686.869 95.284 0.217 0.016
772 3025 0 3025 792.225 686.869 105.356 0.217 0.017
773 3025 0 3025 802.477 686.869 115.608 0.217 0.017
774 3025 0 3025 813.284 694.070 119.213 0.217 0.017
775 3025 0 3025 823.768 704.293 119.475 0.217 0.018
776 3025 0 3025 834.223 709.732 124.491 0.217 0.018
777 3025 0 3025 845.360 729.266 116.095 0.217 0.019
778 3025 0 3025 853.404 729.266 124.139 0.217 0.019
779 3025 0 3025 863.849 757.263 106.587 0.217 0.019
780 3025 0 3025 870.930 757.263 113.667 0.217 0.019
781 3025 0 3025 880.530 757.263 123.267 0.217 0.019
782 3025 0 3025 889.893 764.419 125.474 0.217 0.020
783 3025 0 3025 898.801 788.714 110.087 0.217 0.020
784 3025 0 3025 906.799 788.714 118.085 0.233 0.020
785 3025 0 3025 914.970 788.714 126.256 0.233 0.020
786 3025 0 3025 924.688 798.926 125.761 0.233 0.020
787 3025 0 3025 931.857 798.926 132.930 0.233 0.020
788 3025 0 3025 937.888 839.068 98.820 0.233 0.020
789 3025 0 3025 945.150 839.068 106.082 0.233 0.020
790 3025 0 3025 952.257 839.068 113.189 0.250 0.020
791 3025 0 3025 958.502 839.068 119.434 0.233 0.020
792 3025 0 3025 962.723 839.068 123.655 0.233 0.020
793 3025 0 3025 965.956 839.068 126.888 0.233 0.020
794 3025 0 3025 968.213 839.068 129.145 0.233 0.020
795 3025 0 3025 969.754 839.068 130.686 0.217 0.020
796 3025 0 3025 969.164 846.747 122.417 0.200 0.020
797 3025 0 3025 969.665 846.747 122.918 0.200 0.020
798 3025 0 3025 968.036 846.747 121.289 0.183 0.019
799 3025 0 3025 965.032 846.747 118.285 0.183 0.019
800 3025 0 3025 961.614 846.747 114.867 0.167 0.019
801 3025 0 3025 956.983 846.747 110.236 0.167 0.019
802 3025 0 3025 951.347 846.762 104.585 0.167 0.018
803 3025 0 3025 946.358 851.184 95.174 0.167 0.018
804 3025 0 3025 938.601 851.184 87.417 0.167 0.018
805 3025 0 3025 925.329 851.184 74.144 0.167 0.017
806 3025 0 3025 915.175 851.184 63.990 0.167 0.017
807 3025 0 3025 896.274 851.184 45.090 0.167 0.017
808 2468 0 2468 880.579 851.184 29.395 0.167 0.017
809 1382 0 1382 863.811 851.184 12.627 0.167 0.016
810 1382 0 1382 849.896 851.184 1.288 0.167 0.016
811 1382 0 1382 835.785 832.423 3.362 0.167 0.016
812 1382 0 1382 820.339 832.423 12.084 0.167 0.016
813 1382 0 1382 802.840 832.423 29.583 0.167 0.015
814 1382 0 1382 783.611 832.423 48.812 0.167 0.015
815 1382 0 1382 764.385 832.423 68.038 0.167 0.015
816 1382 0 1382 743.810 832.311 88.501 0.167 0.016
817 1382 0 1382 722.344 832.191 109.847 0.167 0.016
818 1382 0 1382 697.872 832.191 134.319 0.183 0.016
819 1382 0 1382 674.757 799.389 124.631 0.183 0.016
820 1382 0 1382 650.341 765.717 115.376 0.183 0.016
821 1382 0 1382 622.294 704.672 82.377 0.183 0.017
822 1382 0 1382 599.649 694.046 94.397 0.183 0.017
823 1382 0 1382 573.020 675.674 102.654 0.183 0.017
824 1350 0 1350 546.941 675.674 128.733 0.183 0.017
825 1350 0 1350 523.163 625.811 102.648 0.200 0.018
826 1350 0 1350 497.072 625.733 128.661 0.200 0.018
827 1350 0 1350 470.827 606.295 135.468 0.200 0.018
828 1350 0 1350 449.459 548.425 98.966 0.183 0.019
829 1350 0 1350 425.053 539.462 114.409 0.183 0.019
830 1350 0 1350 404.938 528.535 123.596 0.200 0.019
831 1350 0 1350 384.611 507.606 122.995 0.183 0.019
832 1350 0 1350 366.962 483.044 116.083 0.200 0.019
833 1350 0 1350 343.815 449.705 105.890 0.183 0.020
834 1350 0 1350 322.492 449.705 127.213 0.183 0.020
835 1350 0 1350 305.703 409.939 104.236 0.183 0.020
836 1257 0 1257 286.565 403.239 116.674 0.183 0.020
837 1257 0 1257 268.503 403.239 134.736 0.183 0.020
838 1257 0 1257 253.407 360.256 106.849 0.183 0.020
839 1257 0 1257 240.324 348.261 107.937 0.200 0.020
840 1148 0 1148 226.584 325.101 98.517 0.200 0.020
841 1148 0 1148 214.286 325.101 110.815 0.200 0.020
842 1148 0 1148 202.986 309.235 106.249 0.200 0.020
843 1148 0 1148 190.897 309.235 118.338 0.200 0.020
844 1064 0 1064 180.922 309.235 128.313 0.183 0.020
845 1014 0 1014 171.595 309.181 137.587 0.200 0.020
846 998 0 998 162.263 288.242 125.979 0.200 0.020
847 998 0 998 152.745 270.139 117.394 0.200 0.020
848 981 0 981 143.750 270.139 126.389 0.200 0.020
849 919 0 919 135.669 270.139 134.470 0.217 0.020
850 919 0 919 127.653 248.800 121.147 0.200 0.020
851 889 0 889 119.752 248.800 129.048 0.200 0.020
852 880 0 880 113.475 229.223 115.748 0.200 0.020
853 880 0 880 105.432 185.725 80.293 0.217 0.020
854 860 0 860 99.387 185.725 86.338 0.217 0.021
855 860 0 860 92.581 185.725 93.144 0.217 0.020
856 860 0 860 86.985 185.725 98.740 0.217 0.020
857 824 0 824 81.620 185.725 104.106 0.233 0.020
858 824 0 824 75.141 180.897 105.755 0.233 0.021
859 824 0 824 69.288 180.897 111.609 0.233 0.021
860 824 0 824 64.667 162.257 97.589 0.233 0.021
861 802 0 802 59.818 162.257 102.439 0.233 0.021
862 787 0 787 53.788 162.257 108.469 0.233 0.021
863 787 0 787 49.430 162.257 112.826 0.233 0.021
864 715 0 715 44.323 140.438 96.115 0.250 0.021
865 715 0 715 38.830 140.438 101.608 0.233 0.021
866 680 0 680 34.339 140.438 106.099 0.217 0.021
867 680 0 680 29.011 140.438 111.427 0.183 0.021
868 560 0 560 25.164 140.438 115.273 0.167 0.021
869 560 0 560 21.024 140.438 119.414 0.167 0.021
870 560 0 560 17.368 140.438 123.069 0.167 0.020
871 419 0 419 14.103 140.438 126.335 0.167 0.020
872 415 0 415 11.225 140.438 129.213 0.167 0.020
873 415 0 415 8.501 140.438 131.936 0.167 0.020
874 280 0 280 6.111 140.438 134.327 0.167 0.019
875 274 0 274 4.259 140.438 136.179 0.167 0.019
876 274 0 274 2.838 140.450 137.612 0.167 0.018
877 262 0 262 1.882 140.450 138.568 0.167 0.018
878 262 0 262 1.185 140.450 139.264 0.167 0.017
879 262 0 262 0.795 140.450 139.655 0.167 0.017
880 188 0 188 0.550 140.471 139.921 0.150 0.016
881 188 0 188 0.361 140.450 140.089 0.150 0.015
882 152 0 152 0.227 140.450 140.223 0.150 0.015
883 152 0 152 0.187 140.450 140.262 0.150 0.014
884 152 0 152 0.192 140.450 140.257 0.150 0.013
885 152 0 152 0.174 140.450 140.276 0.150 0.012
886 152 0 152 0.173 140.450 140.277 0.133 0.012
887 216 0 216 0.221 140.429 140.208 0.133 0.011
888 216 0 216 0.258 140.429 140.171 0.133 0.010
889 216 0 216 0.306 140.429 140.123 0.133 0.010
890 216 0 216 0.371 140.450 140.079 0.117 0.009
891 295 0 295 0.561 140.450 139.889 0.117 0.008
892 295 0 295 0.902 140.450 139.548 0.117 0.008
893 295 0 295 1.484 140.471 138.988 0.100 0.007
894 295 0 295 2.395 140.471 138.076 0.100 0.007
895 358 0 358 3.946 140.471 136.525 0.100 0.006
896 574 0 574 5.993 140.471 134.478 0.100 0.006
897 574 0 574 8.392 140.471 132.080 0.100 0.005
898 574 0 574 11.641 140.471 128.830 0.100 0.005
899 574 0 574 15.729 140.471 124.742 0.100 0.005
900 574 0 574 21.019 140.471 119.452 0.083 0.004
901 574 0 574 26.422 140.471 114.049 0.083 0.004
902 576 0 576 32.642 140.471 107.829 0.083 0.004
903 576 0 576 38.988 140.471 101.483 0.083 0.004
904 625 0 625 47.430 140.471 93.041 0.083 0.004
905 625 0 625 55.288 140.492 85.205 0.067 0.003
906 625 0 625 63.157 140.492 77.335 0.067 0.003
907 779 0 779 73.962 140.492 66.531 0.067 0.003
908 947 0 947 86.098 140.492 54.395 0.067 0.003
909 947 0 947 98.703 140.492 41.789 0.067 0.003
910 947 0 947 113.441 140.492 27.051 0.067 0.003
911 947 0 947 126.992 140.492 13.500 0.067 0.003
912 947 0 947 139.895 140.492 0.598 0.067 0.003
913 947 0 947 155.630 140.566 15.064 0.067 0.003
914 1110 0 1110 173.254 140.566 32.688 0.067 0.004
915 1312 0 1312 192.232 140.566 51.665 0.083 0.004
916 1312 0 1312 211.654 140.566 71.088 0.083 0.004
917 1312 0 1312 228.460 140.566 87.894 0.083 0.004
918 1312 0 1312 244.657 160.371 84.286 0.083 0.004
919 1459 0 1459 267.642 160.371 107.271 0.100 0.004
920 1459 0 1459 287.234 160.371 126.863 0.100 0.005
921 1787 0 1787 308.476 185.084 123.392 0.117 0.005
922 1989 0 1989 330.718 209.436 121.282 0.117 0.005
923 1992 0 1992 354.473 231.532 122.941 0.133 0.005
924 1992 0 1992 373.746 231.532 142.214 0.133 0.006
925 1992 0 1992 391.036 262.958 128.078 0.133 0.006
926 1992 0 1992 409.269 290.124 119.145 0.133 0.006
927 1992 0 1992 425.895 290.124 135.771 0.150 0.007
928 1992 0 1992 443.372 324.995 118.376 0.150 0.007
929 1992 0 1992 461.433 324.995 136.437 0.150 0.007
930 1992 0 1992 479.182 385.849 93.332 0.150 0.008
931 1992 0 1992 495.559 405.796 89.762 0.150 0.008
932 1992 0 1992 511.049 415.632 95.417 0.150 0.008
933 1992 0 1992 528.260 422.127 106.134 0.150 0.009
934 1992 0 1992 543.010 443.767 99.243 0.167 0.009
935 1992 0 1992 558.542 448.334 110.208 0.167 0.010
936 1992 0 1992 574.183 468.891 105.292 0.167 0.010
937 1992 0 1992 588.164 477.430 110.734 0.167 0.011
938 1992 0 1992 602.038 505.219 96.820 0.167 0.011
939 1992 0 1992 615.249 505.219 110.030 0.167 0.011
940 1992 0 1992 628.162 526.177 101.985 0.167 0.012
941 1992 0 1992 639.495 526.327 113.168 0.167 0.012
942 1992 0 1992 650.877 547.562 103.315 0.167 0.013
943 1992 0 1992 664.427 547.562 116.865 0.167 0.013
944 1992 0 1992 675.264 547.562 127.702 0.167 0.014
945 1992 0 1992 687.660 557.084 130.576 0.167 0.014
946 1992 0 1992 698.961 564.058 134.902 0.167 0.015
947 1992 0 1992 709.754 590.638 119.116 0.167 0.015
948 1992 0 1992 720.628 596.980 123.648 0.167 0.015
949 1992 0 1992 731.670 638.478 93.192 0.167 0.016
950 1992 0 1992 740.870 638.478 102.392 0.167 0.016
951 1992 0 1992 749.874 644.285 105.589 0.167 0.016
952 1992 0 1992 761.521 654.159 107.363 0.167 0.017
953 1992 0 1992 772.825 654.159 118.667 0.167 0.017
954 1992 0 1992 782.745 654.205 128.539 0.167 0.017
955 1992 0 1992 792.020 654.205 137.815 0.167 0.018
956 1992 0 1992 802.146 680.474 121.672 0.167 0.018
957 1992 0 1992 811.025 703.471 107.554 0.167 0.018
958 1992 0 1992 821.087 713.465 107.622 0.167 0.018
959 1992 0 1992 830.983 713.465 117.518 0.167 0.019
960 1992 0 1992 841.471 735.599 105.872 0.183 0.019
961 1992 0 1992 851.186 735.599 115.587 0.183 0.019
962 1992 0 1992 860.335 740.729 119.606 0.183 0.020
963 1992 0 1992 868.607 740.729 127.878 0.183 0.020
964 1992 0 1992 878.165 740.729 137.436 0.183 0.020
965 1992 0 1992 885.961 771.847 114.114 0.183 0.020
966 1992 0 1992 891.973 779.364 112.609 0.183 0.020
967 1992 0 1992 899.505 779.364 120.141 0.183 0.020
968 1992 0 1992 906.458 803.696 102.762 0.183 0.020
969 1992 0 1992 912.814 832.185 80.629 0.200 0.020
970 1992 0 1992 918.738 832.185 86.553 0.200 0.020
971 1992 0 1992 923.818 832.185 91.633 0.183 0.020
972 1992 0 1992 928.593 837.788 90.805 0.183 0.020
973 1992 0 1992 932.964 837.816 95.148 0.183 0.020
974 1992 0 1992 936.311 837.816 98.494 0.167 0.020
975 1992 0 1992 936.831 837.816 99.015 0.167 0.020
976 1992 0 1992 937.465 837.816 99.649 0.167 0.019
977 1992 0 1992 938.101 837.816 100.285 0.167 0.019
978 1992 0 1992 937.330 837.816 99.513 0.167 0.019
979 1992 0 1992 934.905 837.816 97.089 0.167 0.019
980 1992 0 1992 932.791 837.816 94.975 0.167 0.019
981 1992 0 1992 929.518 837.816 91.702 0.167 0.018
982 1992 0 1992 923.488 837.816 85.671 0.167 0.018
983 1594 0 1594 917.124 837.816 79.307 0.167 0.018
984 1594 0 1594 909.840 837.816 72.024 0.167 0.018
985 1594 0 1594 905.701 837.816 67.885 0.167 0.017
986 1594 0 1594 898.363 837.816 60.547 0.167 0.017
987 1594 0 1594 890.626 837.816 52.809 0.167 0.017
988 1594 0 1594 880.764 837.816 42.948 0.167 0.016
989 1594 0 1594 866.919 837.816 29.103 0.167 0.016
990 1499 0 1499 853.663 837.816 15.846 0.167 0.016
991 1499 0 1499 839.864 837.816 2.048 0.167 0.015
992 1499 0 1499 822.727 837.816 15.089 0.167 0.015
993 1499 0 1499 806.678 837.816 31.138 0.167 0.015
994 1499 0 1499 790.521 837.816 47.295 0.167 0.015
995 1499 0 1499 769.626 837.816 68.191 0.167 0.015
996 1499 0 1499 749.757 837.816 88.059 0.167 0.015
997 1499 0 1499 724.582 837.816 113.235 0.183 0.015
998 1499 0 1499 698.919 819.267 120.348 0.183 0.015
999 1499 0 1499 670.768 774.950 104.182 0.183 0.016
1000 1499 0 1499 644.752 774.950 130.198 0.183 0.016
1001 1499 0 1499 621.844 774.788 152.944 0.183 0.016
1002 1499 0 1499 595.485 709.425 113.941 0.183 0.017
1003 1499 0 1499 567.349 709.425 142.076 0.183 0.017
1004 1499 0 1499 543.839 655.694 111.855 0.183 0.017
1005 1499 0 1499 518.127 616.638 98.511 0.183 0.018
1006 1297 0 1297 495.280 616.638 121.358 0.183 0.018
1007 1297 0 1297 474.158 616.638 142.480 0.200 0.018
1008 1297 0 1297 451.511 581.190 129.679 0.200 0.018
1009 1297 0 1297 428.438 551.014 122.576 0.200 0.019
1010 1267 0 1267 409.308 530.426 121.118 0.200 0.019
1011 1267 0 1267 389.237 504.632 115.395 0.183 0.019
1012 1267 0 1267 368.961 484.349 115.388 0.183 0.019
1013 1267 0 1267 350.382 466.480 116.099 0.183 0.019
1014 1267 0 1267 334.595 466.387 131.791 0.183 0.020
1015 1237 0 1237 316.676 433.404 116.728 0.183 0.020
1016 1237 0 1237 297.361 433.404 136.043 0.183 0.020
1017 1237 0 1237 281.837 404.171 122.334 0.183 0.020
1018 1237 0 1237 264.804 396.900 132.096 0.183 0.020
1019 1237 0 1237 248.987 371.593 122.606 0.183 0.020
1020 1189 0 1189 235.123 348.954 113.832 0.183 0.020
1021 1189 0 1189 222.008 317.523 95.515 0.200 0.020
1022 1189 0 1189 209.842 309.075 99.234 0.200 0.020
1023 1189 0 1189 198.411 303.110 104.699 0.200 0.020
1024 1189 0 1189 187.325 303.110 115.785 0.183 0.020
1025 1189 0 1189 177.057 281.169 104.112 0.183 0.020
1026 1189 0 1189 166.564 262.323 95.758 0.183 0.021
1027 1189 0 1189 156.865 262.323 105.457 0.183 0.021
1028 1189 0 1189 148.627 242.642 94.015 0.183 0.020
1029 1189 0 1189 137.732 242.642 104.910 0.183 0.021
1030 1137 0 1137 129.792 242.642 112.850 0.183 0.021
1031 1137 0 1137 122.688 230.824 108.135 0.183 0.021
1032 1137 0 1137 115.642 230.786 115.144 0.183 0.021
1033 970 0 970 107.386 230.786 123.400 0.183 0.021
1034 970 0 970 99.832 230.786 130.954 0.183 0.021
1035 970 0 970 93.112 210.768 117.656 0.183 0.021
1036 892 0 892 85.569 210.768 125.199 0.183 0.021
1037 892 0 892 79.675 191.668 111.992 0.183 0.021
1038 892 0 892 73.098 191.668 118.569 0.183 0.021
1039 892 0 892 67.616 191.668 124.052 0.183 0.021
1040 736 0 736 62.314 191.668 129.354 0.200 0.021
1041 736 0 736 57.198 183.904 126.706 0.200 0.021
1042 736 0 736 51.897 159.465 107.567 0.183 0.021
1043 736 0 736 47.322 140.682 93.360 0.183 0.021
1044 736 0 736 41.471 140.682 99.212 0.167 0.021
1045 736 0 736 37.661 135.040 97.378 0.167 0.021
1046 736 0 736 33.400 135.040 101.640 0.167 0.021
1047 736 0 736 29.831 135.040 105.208 0.167 0.021
1048 736 0 736 25.784 135.040 109.256 0.167 0.021
1049 736 0 736 21.493 135.040 113.546 0.167 0.021
1050 736 0 736 17.863 135.019 117.156 0.167 0.021
1051 444 0 444 14.854 135.019 120.165 0.167 0.020
1052 444 0 444 11.653 135.019 123.366 0.167 0.020
1053 433 0 433 9.289 135.019 125.730 0.167 0.020
1054 433 0 433 7.320 135.019 127.700 0.167 0.020
1055 255 0 255 5.034 135.019 129.985 0.167 0.019
1056 255 0 255 3.645 135.019 131.375 0.167 0.019
1057 255 0 255 2.401 135.019 132.618 0.167 0.018
1058 255 0 255 1.533 135.019 133.486 0.150 0.018
1059 255 0 255 0.928 135.040 134.112 0.150 0.017
1060 233 0 233 0.518 135.040 134.522 0.150 0.016
1061 233 0 233 0.357 135.060 134.703 0.150 0.015
1062 233 0 233 0.274 135.060 134.786 0.150 0.014
1063 233 0 233 0.231 135.060 134.829 0.150 0.014
1064 233 0 233 0.216 135.060 134.843 0.133 0.013
1065 233 0 233 0.173 135.060 134.886 0.133 0.012
1066 233 0 233 0.182 135.060 134.878 0.133 0.012
1067 233 0 233 0.199 135.060 134.861 0.133 0.011
1068 233 0 233 0.207 135.040 134.833 0.133 0.010
1069 233 0 233 0.286 135.040 134.754 0.133 0.010
1070 272 0 272 0.443 135.040 134.597 0.133 0.009
1071 288 0 288 0.653 135.040 134.387 0.133 0.008
1072 288 0 288 1.015 135.040 134.024 0.117 0.008
1073 356 0 356 1.789 135.040 133.251 0.117 0.007
1074 356 0 356 2.785 135.040 132.255 0.117 0.007
1075 356 0 356 4.166 135.040 130.874 0.117 0.006
1076 356 0 356 6.066 135.031 128.965 0.117 0.006
1077 356 0 356 8.535 135.031 126.497 0.117 0.006
1078 418 0 418 11.659 135.031 123.373 0.117 0.005
1079 444 0 444 15.453 135.031 119.579 0.100 0.005
1080 486 0 486 19.742 135.031 115.290 0.100 0.005
1081 583 0 583 24.216 135.073 110.857 0.100 0.004
1082 634 0 634 30.216 135.073 104.858 0.100 0.004
1083 634 0 634 36.924 135.093 98.170 0.100 0.004
1084 634 0 634 44.586 135.093 90.508 0.100 0.004
1085 634 0 634 53.063 135.093 82.030 0.083 0.003
1086 634 0 634 62.706 135.093 72.387 0.083 0.003
1087 651 0 651 73.743 135.093 61.350 0.083 0.003
1088 660 0 660 83.037 135.093 52.056 0.083 0.003
1089 838 0 838 96.752 135.093 38.341 0.083 0.003
1090 838 0 838 108.341 135.093 26.753 0.083 0.003
1091 847 0 847 121.120 135.093 13.974 0.083 0.003
1092 847 0 847 135.954 135.114 0.840 0.083 0.003
1093 929 0 929 150.575 135.114 15.462 0.083 0.003
1094 1062 0 1062 169.745 135.114 34.631 0.100 0.003
1095 1117 0 1117 186.155 135.114 51.042 0.100 0.004
1096 1200 0 1200 203.853 135.114 68.739 0.100 0.004
1097 1431 0 1431 224.435 135.114 89.321 0.100 0.004
1098 1633 0 1633 242.674 135.114 107.561 0.117 0.004
1099 1633 0 1633 262.717 135.114 127.603 0.133 0.004
1100 1951 0 1951 283.236 157.546 125.690 0.133 0.004
1101 2193 0 2193 309.835 187.600 122.234 0.133 0.005
1102 2193 0 2193 336.475 207.738 128.737 0.167 0.005
1103 2193 0 2193 357.807 229.411 128.396 0.167 0.005
1104 2193 0 2193 381.570 258.561 123.010 0.183 0.005
1105 2193 0 2193 400.938 258.561 142.377 0.183 0.006
1106 2193 0 2193 420.407 293.123 127.284 0.200 0.006
1107 2193 0 2193 440.407 314.078 126.329 0.200 0.006
1108 2193 0 2193 457.486 334.791 122.695 0.200 0.007
1109 2193 0 2193 475.500 358.522 116.978 0.200 0.007
1110 2193 0 2193 492.138 374.890 117.248 0.200 0.007
1111 2193 0 2193 507.049 380.288 126.761 0.217 0.008
1112 2193 0 2193 521.079 400.481 120.598 0.200 0.008
1113 2193 0 2193 536.898 446.764 90.135 0.200 0.009
1114 2193 0 2193 551.687 446.764 104.923 0.200 0.009
1115 2193 0 2193 568.399 454.180 114.219 0.200 0.010
1116 2193 0 2193 582.591 486.339 96.252 0.200 0.010
1117 2193 0 2193 595.269 486.339 108.930 0.200 0.010
1118 2193 0 2193 607.690 486.339 121.352 0.200 0.011
1119 2193 0 2193 619.993 493.586 126.407 0.200 0.011
1120 2193 0 2193 632.504 521.907 110.597 0.200 0.012
1121 2193 0 2193 644.965 536.729 108.236 0.200 0.012
1122 2193 0 2193 656.079 536.729 119.351 0.200 0.012
1123 2193 0 2193 667.286 555.506 111.781 0.200 0.013
1124 2193 0 2193 677.943 577.757 100.185 0.200 0.013
1125 2193 0 2193 691.726 582.647 109.079 0.200 0.014
1126 2193 0 2193 703.478 599.192 104.286 0.200 0.014
1127 2193 0 2193 714.846 599.272 115.574 0.200 0.015
1128 2193 0 2193 725.097 599.360 125.737 0.200 0.015
1129 2193 0 2193 736.337 599.360 136.977 0.200 0.015
1130 2193 0 2193 747.464 599.360 148.104 0.200 0.016
1131 2193 0 2193 758.972 632.193 126.780 0.200 0.016
1132 2193 0 2193 770.392 665.665 104.726 0.200 0.017
1133 2193 0 2193 783.041 665.665 117.376 0.200 0.017
1134 2193 0 2193 793.172 691.592 101.580 0.200 0.017
1135 2193 0 2193 804.090 691.592 112.498 0.200 0.018
1136 2193 0 2193 814.754 727.061 87.693 0.200 0.018
1137 2193 0 2193 825.069 727.061 98.008 0.200 0.018
1138 2193 0 2193 835.128 734.883 100.244 0.200 0.019
1139 2193 0 2193 844.374 739.891 104.483 0.200 0.019
1140 2193 0 2193 853.180 739.891 113.289 0.200 0.019
1141 2193 0 2193 861.212 739.937 121.275 0.200 0.019
1142 2193 0 2193 870.330 762.605 107.724 0.200 0.020
1143 2193 0 2193 879.018 787.294 91.724 0.217 0.020
1144 2193 0 2193 887.466 787.294 100.172 0.217 0.020
1145 2193 0 2193 895.499 787.294 108.205 0.217 0.020
1146 2193 0 2193 903.854 809.410 94.443 0.217 0.020
1147 2193 0 2193 912.107 809.410 102.696 0.217 0.020
1148 2193 0 2193 917.921 809.410 108.511 0.217 0.020
1149 2193 0 2193 924.849 809.410 115.438 0.200 0.020
1150 2193 0 2193 930.128 820.257 109.871 0.217 0.020
1151 2193 0 2193 934.999 827.822 107.177 0.217 0.020
1152 2193 0 2193 940.672 827.822 112.850 0.200 0.020
1153 2193 0 2193 943.805 827.822 115.983 0.200 0.020
1154 2193 0 2193 948.658 827.822 120.836 0.183 0.020
1155 2193 0 2193 950.990 848.757 102.233 0.183 0.020
1156 2193 0 2193 951.475 848.757 102.718 0.167 0.020
1157 2193 0 2193 951.596 848.757 102.839 0.167 0.019
1158 2193 0 2193 949.680 848.757 100.923 0.167 0.019
1159 2193 0 2193 948.415 848.757 99.658 0.167 0.019
1160 2193 0 2193 943.389 848.757 94.632 0.167 0.019
1161 2182 0 2182 937.750 848.757 88.994 0.167 0.019
1162 2095 0 2095 928.178 848.757 79.421 0.167 0.018
1163 1830 0 1830 920.913 848.757 72.157 0.167 0.018
1164 1441 0 1441 910.595 848.757 61.838 0.167 0.018
1165 1422 0 1422 902.962 848.757 54.206 0.167 0.017
1166 1422 0 1422 893.747 848.757 44.991 0.167 0.017
1167 1422 0 1422 884.601 848.757 35.845 0.183 0.017
1168 1422 0 1422 873.948 848.757 25.191 0.167 0.016
1169 1422 0 1422 863.146 848.757 14.389 0.167 0.016
1170 1422 0 1422 848.672 848.757 0.085 0.167 0.016
1171 1422 0 1422 833.412 848.757 15.344 0.183 0.016
1172 1422 0 1422 818.986 848.757 29.770 0.183 0.016
1173 1422 0 1422 801.084 848.757 47.673 0.183 0.015
1174 1422 0 1422 783.648 848.757 65.109 0.183 0.015
1175 1422 0 1422 761.506 848.757 87.250 0.183 0.015
1176 1422 0 1422 739.413 830.352 90.939 0.183 0.015
1177 1422 0 1422 718.145 830.352 112.207 0.183 0.015
1178 1422 0 1422 699.133 803.678 104.545 0.183 0.016
1179 1422 0 1422 674.385 803.650 129.265 0.183 0.016
1180 1422 0 1422 653.214 783.121 129.907 0.200 0.016
1181 1422 0 1422 627.876 741.340 113.463 0.200 0.016
1182 1422 0 1422 603.059 717.607 114.548 0.200 0.017
1183 1422 0 1422 577.630 697.909 120.279 0.200 0.017
1184 1422 0 1422 551.705 682.738 131.033 0.200 0.017
1185 1422 0 1422 524.257 631.560 107.303 0.200 0.018
1186 1417 0 1417 500.377 631.560 131.183 0.183 0.018
1187 1417 0 1417 476.689 600.521 123.831 0.183 0.018
1188 1417 0 1417 453.761 546.595 92.834 0.183 0.019
1189 1417 0 1417 433.017 539.731 106.714 0.183 0.019
1190 1304 0 1304 412.098 513.354 101.256 0.183 0.019
1191 1304 0 1304 392.010 513.354 121.345 0.183 0.019
1192 1286 0 1286 372.413 493.842 121.429 0.200 0.019
1193 1283 0 1283 352.078 455.040 102.963 0.183 0.020
1194 1283 0 1283 334.603 450.258 115.655 0.183 0.020
1195 1233 0 1233 315.019 429.353 114.334 0.183 0.020
1196 1168 0 1168 294.890 412.424 117.534 0.183 0.020
1197 1147 0 1147 278.090 392.204 114.114 0.183 0.020
1198 1147 0 1147 262.381 384.353 121.972 0.183 0.020
1199 1145 0 1145 249.051 364.576 115.524 0.183 0.020
