1 449 449 0 262.041 0.000 262.041 6.000 1.430
2 449 449 0 275.567 0.000 275.567 3.000 0.726
3 518 518 0 295.202 0.000 295.202 2.333 0.492
4 518 518 0 310.022 0.000 310.022 1.750 0.375
5 780 780 0 322.483 0.000 322.483 1.400 0.303
6 780 780 0 342.619 0.000 342.619 1.167 0.257
7 780 780 0 354.499 0.000 354.499 1.000 0.223
8 780 780 0 372.663 0.000 372.663 1.000 0.198
9 831 780 51 393.258 0.000 393.258 0.889 0.178
10 1102 1102 0 414.651 0.000 414.651 0.800 0.162
11 1279 1210 69 435.503 0.000 435.503 0.727 0.149
12 1763 1763 0 458.789 0.000 458.789 0.833 0.138
13 1930 1868 62 487.411 0.000 487.411 0.846 0.129
14 2216 2216 0 514.429 0.000 514.429 0.929 0.121
15 2514 2437 77 540.908 0.000 540.908 1.000 0.114
16 2723 2704 19 574.323 0.000 574.323 1.063 0.108
17 2800 2704 96 601.010 0.000 601.010 1.000 0.103
18 2967 2880 87 628.046 0.000 628.046 1.000 0.098
19 2967 2880 87 661.160 0.000 661.160 0.947 0.094
20 2967 2880 87 682.067 0.000 682.067 0.900 0.090
21 2967 2880 87 714.929 0.000 714.929 0.857 0.086
22 2967 2880 87 737.634 0.000 737.634 0.818 0.083
23 2967 2880 87 758.735 0.000 758.735 0.783 0.080
24 3096 3096 0 775.961 0.000 775.961 0.833 0.078
25 3385 3342 43 793.693 0.000 793.693 0.880 0.075
26 3423 3342 81 811.681 0.000 811.681 0.846 0.073
27 3511 3470 41 825.216 0.000 825.216 0.852 0.071
28 3665 3597 68 837.000 0.000 837.000 0.857 0.069
29 3665 3597 68 851.355 0.000 851.355 0.828 0.067
30 3665 3597 68 863.081 0.000 863.081 0.800 0.065
31 3665 3597 68 867.382 0.000 867.382 0.774 0.064
32 3665 3597 68 870.498 0.000 870.498 0.750 0.062
33 3665 3597 68 874.336 0.000 874.336 0.727 0.061
34 3665 3597 68 877.509 0.000 877.509 0.706 0.060
35 3665 3597 68 880.789 0.000 880.789 0.686 0.058
36 3665 3597 68 884.497 0.000 884.497 0.667 0.057
37 3665 3597 68 888.320 0.000 888.320 0.649 0.056
38 3665 3597 68 891.373 0.000 891.373 0.632 0.055
39 3665 3597 68 894.395 0.000 894.395 0.615 0.053
40 3665 3597 68 897.334 0.000 897.334 0.600 0.052
41 3665 3597 68 900.331 0.000 900.331 0.585 0.051
42 3665 3597 68 903.876 0.000 903.876 0.571 0.050
43 3665 3597 68 906.444 0.000 906.444 0.558 0.049
44 3665 3597 68 909.812 0.000 909.812 0.545 0.048
45 3665 3597 68 912.222 0.000 912.222 0.533 0.047
46 3665 3597 68 914.294 0.000 914.294 0.522 0.046
47 3665 3597 68 916.427 0.000 916.427 0.511 0.046
48 3665 3597 68 918.904 0.000 918.904 0.500 0.045
49 3665 3597 68 920.803 0.000 920.803 0.490 0.044
50 3665 3597 68 922.582 0.000 922.582 0.480 0.043
51 3665 3597 68 924.230 0.000 924.230 0.471 0.042
52 3665 3597 68 925.737 0.000 925.737 0.462 0.042
53 3665 3597 68 926.925 0.000 926.925 0.453 0.041
54 3665 3597 68 928.131 0.000 928.131 0.444 0.040
55 3665 3597 68 928.941 0.000 928.941 0.436 0.039
56 3665 3597 68 929.616 0.000 929.616 0.429 0.039
57 3665 3597 68 930.079 0.000 930.079 0.421 0.038
58 3665 3597 68 930.539 0.000 930.539 0.414 0.037
59 3665 3597 68 930.808 0.000 930.808 0.407 0.037
60 3665 3597 68 931.016 0.000 931.016 0.400 0.036
61 3665 3597 68 939.580 0.000 939.580 0.383 0.012
62 3665 3597 68 946.609 0.000 946.609 0.367 0.012
63 3665 3597 68 955.422 0.000 955.422 0.367 0.011
64 3665 3597 68 965.230 0.000 965.230 0.367 0.011
65 3665 3597 68 971.887 0.000 971.887 0.367 0.011
66 3665 3597 68 982.038 0.000 982.038 0.367 0.010
67 3665 3597 68 988.676 0.000 988.676 0.350 0.010
68 3665 3597 68 997.601 0.000 997.601 0.350 0.010
69 3665 3597 68 1004.808 0.000 1004.808 0.317 0.009
70 3665 3597 68 1011.829 0.000 1011.829 0.300 0.009
71 3665 3597 68 1017.392 0.000 1017.392 0.283 0.009
72 3665 3597 68 1021.377 0.000 1021.377 0.233 0.008
73 3665 3597 68 1023.488 0.000 1023.488 0.217 0.008
74 3665 3597 68 1024.929 0.000 1024.929 0.183 0.008
75 3665 3597 68 1022.446 0.000 1022.446 0.150 0.008
76 3665 3597 68 1018.197 0.000 1018.197 0.117 0.007
77 3665 3597 68 1014.172 0.000 1014.172 0.117 0.007
78 3665 3597 68 1009.345 0.000 1009.345 0.100 0.007
79 3665 3597 68 1001.835 0.000 1001.835 0.100 0.006
80 3665 3597 68 994.877 0.000 994.877 0.100 0.006
81 3665 3597 68 983.387 0.000 983.387 0.100 0.006
82 3665 3597 68 973.982 0.000 973.982 0.100 0.006
83 3665 3597 68 963.752 0.000 963.752 0.100 0.005
84 3665 3597 68 953.583 0.000 953.583 0.067 0.005
85 3665 3597 68 939.321 0.000 939.321 0.067 0.005
86 3665 3597 68 924.148 0.000 924.148 0.067 0.005
87 3665 3597 68 909.666 0.000 909.666 0.067 0.004
88 3624 3597 27 894.096 0.000 894.096 0.067 0.004
89 2989 2989 0 874.290 0.000 874.290 0.067 0.004
90 2179 2203 24 855.437 0.000 855.437 0.100 0.004
91 1515 1438 77 841.532 0.000 841.532 0.167 0.003
92 1515 1438 77 828.673 0.000 828.673 0.167 0.003
93 1515 1438 77 810.807 0.000 810.807 0.167 0.003
94 1515 1438 77 794.061 0.000 794.061 0.167 0.003
95 1515 1438 77 774.286 0.000 774.286 0.167 0.002
96 1515 1438 77 751.929 0.000 751.929 0.167 0.002
97 1515 1438 77 727.084 0.000 727.084 0.167 0.002
98 1515 1438 77 704.628 0.000 704.628 0.167 0.002
99 1515 1438 77 677.836 0.000 677.836 0.167 0.002
100 1515 1438 77 653.717 0.000 653.717 0.167 0.002
101 1515 1438 77 629.746 0.000 629.746 0.167 0.002
102 1515 1438 77 602.669 0.000 602.669 0.167 0.001
103 1515 1438 77 577.163 0.000 577.163 0.167 0.001
104 1515 1438 77 550.821 0.000 550.821 0.167 0.001
105 1515 1438 77 529.506 0.000 529.506 0.167 0.001
106 1515 1438 77 505.528 0.000 505.528 0.167 0.001
107 1515 1438 77 482.109 0.000 482.109 0.167 0.001
108 1515 1438 77 457.620 0.000 457.620 0.167 0.001
109 1515 1438 77 434.680 0.000 434.680 0.167 0.001
110 1273 1303 30 411.801 0.000 411.801 0.167 0.001
111 1220 1303 83 389.751 0.000 389.751 0.167 0.002
112 1211 1303 92 368.763 0.000 368.763 0.167 0.002
113 1211 1303 92 348.594 0.000 348.594 0.167 0.002
114 1208 1303 95 329.401 0.000 329.401 0.167 0.002
115 1208 1303 95 310.486 0.000 310.486 0.167 0.002
116 1208 1232 24 294.432 0.000 294.432 0.183 0.002
117 1208 1232 24 279.832 0.000 279.832 0.183 0.003
118 1208 1232 24 265.510 0.000 265.510 0.183 0.003
119 1208 1232 24 251.916 0.000 251.916 0.183 0.003
120 1208 1232 24 237.727 0.000 237.727 0.183 0.003
121 1208 1232 24 223.831 0.000 223.831 0.183 0.003
122 1208 1232 24 209.453 0.000 209.453 0.183 0.004
123 1064 1218 154 196.906 0.000 196.906 0.183 0.004
124 1048 1218 170 188.462 0.000 188.462 0.183 0.004
125 1040 1180 140 177.574 0.000 177.574 0.183 0.004
126 1040 1180 140 167.679 0.000 167.679 0.183 0.005
127 1018 1180 162 157.621 0.000 157.621 0.183 0.005
128 1018 1180 162 148.130 0.000 148.130 0.183 0.005
129 1018 1180 162 140.094 0.000 140.094 0.183 0.005
130 1018 1180 162 132.099 0.000 132.099 0.183 0.005
131 1018 1180 162 124.631 0.000 124.631 0.183 0.006
132 1018 1180 162 118.434 0.000 118.434 0.183 0.006
133 964 1094 130 111.388 0.000 111.388 0.200 0.006
134 964 1094 130 105.327 0.000 105.327 0.200 0.006
135 964 1094 130 96.826 0.000 96.826 0.200 0.006
136 964 1094 130 87.857 0.000 87.857 0.200 0.007
137 964 1094 130 80.881 0.000 80.881 0.200 0.007
138 905 912 7 75.483 0.000 75.483 0.200 0.007
139 905 912 7 69.888 0.000 69.888 0.200 0.007
140 905 905 0 63.544 0.000 63.544 0.217 0.007
141 733 803 70 57.779 0.000 57.779 0.217 0.008
142 733 802 69 52.471 0.000 52.471 0.233 0.008
143 733 802 69 47.517 0.000 47.517 0.233 0.008
144 733 789 56 43.450 0.000 43.450 0.233 0.008
145 733 789 56 38.409 0.000 38.409 0.233 0.008
146 733 789 56 33.630 0.000 33.630 0.233 0.009
147 686 756 70 28.864 0.000 28.864 0.250 0.009
148 686 756 70 24.858 0.000 24.858 0.267 0.009
149 509 612 103 20.640 0.000 20.640 0.233 0.009
150 509 612 103 17.161 0.000 17.161 0.167 0.010
151 509 612 103 14.366 0.000 14.366 0.133 0.010
152 494 612 118 11.937 0.000 11.937 0.133 0.010
153 414 448 34 9.226 0.000 9.226 0.133 0.010
154 414 448 34 7.329 0.000 7.329 0.133 0.011
155 414 448 34 5.498 0.000 5.498 0.150 0.011
156 298 381 83 3.826 0.000 3.826 0.150 0.011
157 277 381 104 2.564 0.000 2.564 0.150 0.011
158 240 381 141 1.580 0.000 1.580 0.150 0.011
159 240 328 88 0.952 0.000 0.952 0.150 0.012
160 240 328 88 0.565 0.000 0.565 0.150 0.012
161 234 328 94 0.290 0.000 0.290 0.150 0.012
162 234 328 94 0.187 0.000 0.187 0.150 0.012
163 234 328 94 0.155 0.000 0.155 0.150 0.012
164 234 302 68 0.097 0.000 0.097 0.150 0.012
165 197 302 105 0.046 0.000 0.046 0.150 0.012
166 197 302 105 0.053 0.000 0.053 0.133 0.012
167 197 302 105 0.057 0.000 0.057 0.133 0.011
168 197 302 105 0.133 0.000 0.133 0.133 0.011
169 234 302 68 0.256 0.000 0.256 0.133 0.011
170 234 302 68 0.425 0.000 0.425 0.150 0.011
171 234 302 68 0.575 0.000 0.575 0.150 0.011
172 234 302 68 0.983 0.000 0.983 0.150 0.011
173 234 302 68 1.515 0.000 1.515 0.150 0.011
174 264 302 38 2.601 0.000 2.601 0.150 0.010
175 264 262 2 3.689 0.000 3.689 0.150 0.010
176 356 356 0 5.820 0.000 5.820 0.150 0.011
177 392 356 36 8.658 0.000 8.658 0.167 0.011
178 400 400 0 11.454 0.000 11.454 0.167 0.011
179 400 400 0 15.051 0.000 15.051 0.167 0.011
180 496 496 0 20.059 0.000 20.059 0.167 0.011
181 496 496 0 26.214 0.000 26.214 0.167 0.011
182 496 496 0 32.584 0.000 32.584 0.167 0.011
183 580 580 0 40.391 0.000 40.391 0.183 0.012
184 598 593 5 49.146 0.000 49.146 0.183 0.012
185 618 593 25 57.287 0.000 57.287 0.183 0.012
186 618 610 8 66.388 0.000 66.388 0.183 0.012
187 618 610 8 76.024 0.000 76.024 0.183 0.012
188 723 701 22 87.892 0.000 87.892 0.200 0.012
189 1188 1155 33 102.758 0.000 102.758 0.250 0.012
190 1221 1155 66 119.258 0.000 119.258 0.250 0.012
191 1364 1313 51 135.409 0.000 135.409 0.267 0.012
192 1364 1313 51 146.997 0.000 146.997 0.267 0.012
193 1364 1313 51 162.270 0.000 162.270 0.267 0.012
194 1364 1313 51 179.609 0.000 179.609 0.267 0.012
195 1364 1313 51 199.759 0.000 199.759 0.267 0.012
196 1364 1313 51 218.819 0.000 218.819 0.267 0.013
197 1397 1347 50 239.681 0.000 239.681 0.267 0.013
198 1397 1347 50 258.424 0.000 258.424 0.250 0.013
199 1631 1594 37 279.393 0.000 279.393 0.283 0.013
200 1719 1704 15 303.872 0.000 303.872 0.300 0.013
201 1854 1852 2 327.343 0.000 327.343 0.283 0.013
202 1854 1852 2 349.762 0.000 349.762 0.267 0.013
203 1854 1852 2 369.079 0.000 369.079 0.267 0.013
204 1854 1852 2 388.214 0.000 388.214 0.267 0.013
205 1854 1852 2 407.575 0.000 407.575 0.267 0.013
206 1854 1852 2 425.338 0.000 425.338 0.267 0.013
207 1854 1852 2 443.205 0.000 443.205 0.250 0.013
208 1854 1852 2 460.738 0.000 460.738 0.250 0.013
209 1854 1852 2 479.000 0.000 479.000 0.250 0.013
210 1854 1852 2 494.009 0.000 494.009 0.233 0.013
211 1854 1852 2 509.736 0.000 509.736 0.233 0.013
212 1854 1852 2 524.611 0.000 524.611 0.233 0.013
213 1854 1852 2 540.803 0.000 540.803 0.233 0.013
214 1854 1852 2 554.109 0.000 554.109 0.233 0.013
215 1854 1852 2 569.623 0.000 569.623 0.233 0.013
216 1854 1852 2 583.293 0.000 583.293 0.217 0.013
217 1854 1852 2 597.668 0.000 597.668 0.217 0.013
218 1854 1852 2 610.239 0.000 610.239 0.217 0.013
219 1854 1852 2 624.776 0.000 624.776 0.217 0.013
220 1854 1852 2 637.066 0.000 637.066 0.217 0.013
221 1854 1852 2 650.901 0.000 650.901 0.217 0.013
222 1854 1852 2 662.905 0.000 662.905 0.217 0.013
223 1854 1852 2 676.325 0.000 676.325 0.200 0.013
224 1854 1852 2 687.232 0.000 687.232 0.200 0.013
225 1854 1852 2 699.338 0.000 699.338 0.200 0.013
226 1854 1852 2 707.484 0.000 707.484 0.200 0.013
227 1854 1852 2 717.806 0.000 717.806 0.200 0.014
228 1854 1852 2 727.918 0.000 727.918 0.200 0.014
229 1854 1852 2 739.454 0.000 739.454 0.200 0.014
230 1854 1852 2 751.293 0.000 751.293 0.200 0.014
231 1854 1852 2 762.508 0.000 762.508 0.200 0.014
232 1854 1852 2 772.804 0.000 772.804 0.200 0.014
233 1854 1852 2 782.056 0.000 782.056 0.200 0.014
234 1854 1852 2 792.388 0.000 792.388 0.200 0.014
235 1854 1852 2 800.715 0.000 800.715 0.200 0.013
236 1854 1852 2 810.502 0.000 810.502 0.183 0.013
237 1854 1852 2 821.506 0.000 821.506 0.183 0.013
238 1854 1852 2 829.931 0.000 829.931 0.183 0.013
239 1854 1852 2 838.567 0.000 838.567 0.183 0.012
240 1854 1852 2 848.292 0.000 848.292 0.183 0.012
241 1854 1852 2 858.977 0.000 858.977 0.167 0.011
242 1854 1852 2 868.233 0.000 868.233 0.150 0.011
243 1854 1852 2 877.829 0.000 877.829 0.150 0.011
244 1854 1852 2 887.430 0.000 887.430 0.150 0.010
245 1854 1852 2 895.249 0.000 895.249 0.150 0.010
246 1854 1852 2 902.608 0.000 902.608 0.150 0.010
247 1854 1852 2 909.632 0.000 909.632 0.133 0.009
248 1854 1852 2 916.892 0.000 916.892 0.133 0.009
249 1854 1852 2 922.826 0.000 922.826 0.100 0.009
250 1854 1852 2 928.799 0.000 928.799 0.100 0.009
251 1854 1852 2 933.177 0.000 933.177 0.100 0.008
252 1854 1852 2 936.701 0.000 936.701 0.100 0.008
253 1854 1852 2 939.544 0.000 939.544 0.100 0.008
254 1854 1852 2 943.573 0.000 943.573 0.083 0.008
255 1854 1852 2 945.369 0.000 945.369 0.083 0.007
256 1854 1852 2 945.709 0.000 945.709 0.083 0.007
257 1854 1852 2 945.760 0.000 945.760 0.083 0.007
258 1854 1852 2 944.936 0.000 944.936 0.067 0.006
259 1854 1852 2 943.124 0.000 943.124 0.067 0.006
260 1854 1852 2 937.716 0.000 937.716 0.067 0.006
261 1632 1704 72 930.925 0.000 930.925 0.067 0.006
262 1632 1704 72 924.186 0.000 924.186 0.067 0.005
263 1535 1535 0 918.894 0.000 918.894 0.067 0.005
264 1535 1535 0 912.958 0.000 912.958 0.067 0.005
265 1535 1535 0 906.427 0.000 906.427 0.067 0.005
266 1535 1535 0 899.336 0.000 899.336 0.067 0.004
267 1535 1535 0 890.601 0.000 890.601 0.067 0.004
268 1427 1486 59 879.675 0.000 879.675 0.067 0.004
269 1427 1486 59 867.209 0.000 867.209 0.067 0.004
270 1427 1486 59 853.924 0.000 853.924 0.067 0.003
271 1427 1486 59 838.054 0.000 838.054 0.067 0.003
272 1427 1486 59 822.290 0.000 822.290 0.067 0.003
273 1427 1486 59 803.490 0.000 803.490 0.067 0.003
274 1427 1486 59 786.461 0.000 786.461 0.067 0.002
275 1427 1486 59 765.206 0.000 765.206 0.067 0.002
276 1427 1486 59 742.354 0.000 742.354 0.067 0.002
277 1427 1486 59 718.291 0.000 718.291 0.067 0.002
278 1427 1486 59 695.025 0.000 695.025 0.067 0.002
279 1427 1486 59 671.004 0.000 671.004 0.067 0.002
280 1427 1486 59 646.452 0.000 646.452 0.067 0.001
281 1365 1406 41 619.524 0.000 619.524 0.067 0.001
282 1365 1406 41 592.278 0.000 592.278 0.067 0.001
283 1365 1406 41 564.933 0.000 564.933 0.067 0.001
284 1316 1406 90 540.875 0.000 540.875 0.083 0.001
285 1316 1406 90 514.582 0.000 514.582 0.083 0.001
286 1316 1406 90 490.705 0.000 490.705 0.083 0.001
287 1316 1406 90 466.348 0.000 466.348 0.083 0.001
288 1316 1406 90 444.092 0.000 444.092 0.083 0.001
289 1309 1261 48 423.325 0.000 423.325 0.083 0.001
290 1257 1261 4 398.662 0.000 398.662 0.083 0.001
291 1257 1261 4 377.845 0.000 377.845 0.083 0.001
292 1257 1261 4 360.230 0.000 360.230 0.083 0.002
293 1251 1261 10 342.019 0.000 342.019 0.083 0.002
294 1251 1261 10 323.051 0.000 323.051 0.083 0.002
295 1251 1251 0 303.143 0.000 303.143 0.083 0.002
296 1251 1251 0 286.463 0.000 286.463 0.083 0.002
297 1213 1251 38 270.988 0.000 270.988 0.083 0.002
298 1213 1251 38 257.010 0.000 257.010 0.083 0.003
299 1181 1251 70 244.390 0.000 244.390 0.083 0.003
300 1181 1251 70 231.057 0.000 231.057 0.083 0.003
301 1181 1251 70 217.753 0.000 217.753 0.083 0.003
302 1181 1251 70 206.341 0.000 206.341 0.083 0.004
303 1181 1251 70 192.956 0.000 192.956 0.083 0.004
304 1181 1251 70 180.674 0.000 180.674 0.083 0.004
305 1181 1251 70 170.681 0.000 170.681 0.083 0.004
306 1181 1251 70 161.187 0.000 161.187 0.083 0.005
307 1027 1126 99 151.634 0.000 151.634 0.100 0.005
308 1027 1126 99 143.888 0.000 143.888 0.100 0.005
309 1027 1126 99 135.405 0.000 135.405 0.100 0.005
310 1027 1126 99 128.074 0.000 128.074 0.100 0.005
311 1027 1126 99 120.888 0.000 120.888 0.100 0.006
312 1027 1126 99 112.701 0.000 112.701 0.100 0.006
313 1027 1126 99 105.461 0.000 105.461 0.100 0.006
314 1027 1126 99 99.339 0.000 99.339 0.100 0.006
315 1027 1037 10 93.160 0.000 93.160 0.100 0.006
316 1018 1037 19 85.222 0.000 85.222 0.100 0.006
317 910 1037 127 79.495 0.000 79.495 0.133 0.007
318 857 896 39 72.969 0.000 72.969 0.150 0.007
319 857 896 39 67.306 0.000 67.306 0.150 0.007
320 857 896 39 61.079 0.000 61.079 0.150 0.007
321 857 896 39 55.973 0.000 55.973 0.117 0.007
322 856 877 21 50.145 0.000 50.145 0.117 0.008
323 715 877 162 45.433 0.000 45.433 0.117 0.008
324 715 737 22 40.984 0.000 40.984 0.117 0.008
325 630 737 107 36.745 0.000 36.745 0.117 0.008
326 564 737 173 33.026 0.000 33.026 0.117 0.008
327 513 737 224 29.307 0.000 29.307 0.117 0.009
328 506 578 72 25.683 0.000 25.683 0.117 0.009
329 452 578 126 21.732 0.000 21.732 0.117 0.009
330 452 578 126 18.425 0.000 18.425 0.117 0.009
331 452 578 126 15.048 0.000 15.048 0.133 0.010
332 452 578 126 12.029 0.000 12.029 0.133 0.010
333 452 578 126 9.159 0.000 9.159 0.133 0.010
334 387 525 138 6.943 0.000 6.943 0.150 0.011
335 333 525 192 4.982 0.000 4.982 0.150 0.011
336 333 387 54 3.300 0.000 3.300 0.150 0.011
337 208 387 179 2.042 0.000 2.042 0.150 0.011
338 208 387 179 1.256 0.000 1.256 0.150 0.012
339 170 325 155 0.720 0.000 0.720 0.150 0.012
340 161 325 164 0.541 0.000 0.541 0.150 0.012
341 161 325 164 0.414 0.000 0.414 0.150 0.012
342 161 325 164 0.257 0.000 0.257 0.150 0.012
343 152 325 173 0.203 0.000 0.203 0.150 0.012
344 152 325 173 0.174 0.000 0.174 0.150 0.012
345 152 325 173 0.160 0.000 0.160 0.150 0.012
346 194 325 131 0.193 0.000 0.193 0.150 0.012
347 194 325 131 0.211 0.000 0.211 0.150 0.011
348 237 325 88 0.258 0.000 0.258 0.150 0.011
349 237 325 88 0.324 0.000 0.324 0.150 0.011
350 237 325 88 0.405 0.000 0.405 0.150 0.011
351 237 325 88 0.580 0.000 0.580 0.150 0.011
352 306 325 19 0.990 0.000 0.990 0.150 0.011
353 327 327 0 1.461 0.000 1.461 0.150 0.011
354 379 379 0 2.421 0.000 2.421 0.150 0.011
355 379 379 0 3.677 0.000 3.677 0.167 0.011
356 468 468 0 5.960 0.000 5.960 0.183 0.011
357 468 468 0 9.004 0.000 9.004 0.183 0.011
358 468 468 0 12.262 0.000 12.262 0.183 0.011
359 468 468 0 16.040 0.000 16.040 0.183 0.011
360 468 468 0 20.068 0.000 20.068 0.183 0.011
361 497 468 29 24.938 0.000 24.938 0.183 0.011
362 497 468 29 30.350 0.000 30.350 0.183 0.011
363 499 499 0 36.783 0.000 36.783 0.183 0.011
364 561 546 15 43.941 0.000 43.941 0.183 0.011
365 563 546 17 52.205 0.000 52.205 0.200 0.011
366 668 668 0 60.891 0.000 60.891 0.200 0.012
367 668 668 0 72.614 0.000 72.614 0.200 0.012
368 668 668 0 83.293 0.000 83.293 0.200 0.012
369 758 758 0 93.581 0.000 93.581 0.200 0.012
370 758 758 0 107.875 0.000 107.875 0.217 0.012
371 803 758 45 120.524 0.000 120.524 0.233 0.012
372 1003 1000 3 136.469 0.000 136.469 0.233 0.012
373 1003 1000 3 152.277 0.000 152.277 0.233 0.012
374 1003 1000 3 169.444 0.000 169.444 0.250 0.012
375 1241 1166 75 187.116 0.000 187.116 0.283 0.012
376 1241 1166 75 204.344 0.000 204.344 0.283 0.013
377 1241 1166 75 222.458 0.000 222.458 0.283 0.013
378 1617 1617 0 244.783 0.000 244.783 0.300 0.013
379 2229 2229 0 267.236 0.000 267.236 0.367 0.013
380 2667 2667 0 297.117 0.000 297.117 0.417 0.013
381 2790 2790 0 326.853 0.000 326.853 0.433 0.013
382 2986 2895 91 357.356 0.000 357.356 0.450 0.013
383 3004 3004 0 389.604 0.000 389.604 0.433 0.013
384 3004 3004 0 416.581 0.000 416.581 0.433 0.013
385 3004 3004 0 445.268 0.000 445.268 0.417 0.013
386 3004 3004 0 467.175 0.000 467.175 0.417 0.013
387 3004 3004 0 493.010 0.000 493.010 0.417 0.013
388 3004 3004 0 517.233 0.000 517.233 0.417 0.014
389 3004 3004 0 535.545 0.000 535.545 0.417 0.013
390 3004 3004 0 551.924 0.000 551.924 0.417 0.014
391 3004 3004 0 566.650 0.000 566.650 0.383 0.013
392 3004 3004 0 581.128 0.000 581.128 0.383 0.013
393 3004 3004 0 596.669 0.000 596.669 0.383 0.013
394 3004 3004 0 609.906 0.000 609.906 0.383 0.013
395 3004 3004 0 623.578 0.000 623.578 0.367 0.013
396 3004 3004 0 636.559 0.000 636.559 0.367 0.013
397 3004 3004 0 649.296 0.000 649.296 0.367 0.013
398 3004 3004 0 661.876 0.000 661.876 0.367 0.013
399 3004 3004 0 674.499 0.000 674.499 0.367 0.013
400 3004 3004 0 687.062 0.000 687.062 0.367 0.013
401 3004 3004 0 698.266 0.000 698.266 0.367 0.013
402 3004 3004 0 709.666 0.000 709.666 0.350 0.013
403 3004 3004 0 720.756 0.000 720.756 0.350 0.013
404 3004 3004 0 733.263 0.000 733.263 0.350 0.013
405 3004 3004 0 744.174 0.000 744.174 0.350 0.013
406 3004 3004 0 756.668 0.000 756.668 0.350 0.013
407 3004 3004 0 768.406 0.000 768.406 0.350 0.014
408 3004 3004 0 780.850 0.000 780.850 0.350 0.014
409 3004 3004 0 791.643 0.000 791.643 0.350 0.014
410 3004 3004 0 803.150 0.000 803.150 0.350 0.014
411 3004 3004 0 813.584 0.000 813.584 0.350 0.014
412 3004 3004 0 823.075 0.000 823.075 0.350 0.014
413 3004 3004 0 832.029 0.000 832.029 0.350 0.014
414 3004 3004 0 842.336 0.000 842.336 0.350 0.014
415 3004 3004 0 851.815 0.000 851.815 0.333 0.013
416 3004 3004 0 863.228 0.000 863.228 0.317 0.013
417 3004 3004 0 874.541 0.000 874.541 0.317 0.013
418 3004 3004 0 884.591 0.000 884.591 0.317 0.013
419 3004 3004 0 894.817 0.000 894.817 0.317 0.012
420 3004 3004 0 903.394 0.000 903.394 0.317 0.012
421 3004 3004 0 912.106 0.000 912.106 0.317 0.012
422 3004 3004 0 920.782 0.000 920.782 0.317 0.011
423 3004 3004 0 928.847 0.000 928.847 0.317 0.011
424 3004 3004 0 936.719 0.000 936.719 0.300 0.011
425 3004 3004 0 945.164 0.000 945.164 0.300 0.010
426 3004 3004 0 951.956 0.000 951.956 0.283 0.010
427 3004 3004 0 961.042 0.000 961.042 0.283 0.010
428 3004 3004 0 968.499 0.000 968.499 0.283 0.009
429 3004 3004 0 973.448 0.000 973.448 0.283 0.009
430 3004 3004 0 980.431 0.000 980.431 0.267 0.009
431 3004 3004 0 986.241 0.000 986.241 0.250 0.009
432 3004 3004 0 992.111 0.000 992.111 0.250 0.008
433 3004 3004 0 998.220 0.000 998.220 0.250 0.008
434 3004 3004 0 1002.786 0.000 1002.786 0.233 0.008
435 3004 3004 0 1006.191 0.000 1006.191 0.200 0.007
436 3004 3004 0 1009.052 0.000 1009.052 0.200 0.007
437 3004 3004 0 1011.854 0.000 1011.854 0.200 0.007
438 3004 3004 0 1010.990 0.000 1010.990 0.167 0.007
439 3004 3004 0 1006.930 0.000 1006.930 0.100 0.006
440 3004 3004 0 998.259 0.000 998.259 0.083 0.006
441 3004 3004 0 989.023 0.000 989.023 0.067 0.006
442 3004 3004 0 975.754 0.000 975.754 0.067 0.005
443 2979 3004 25 959.085 0.000 959.085 0.067 0.005
444 2979 3004 25 945.090 0.000 945.090 0.067 0.005
445 2803 2803 0 929.054 0.000 929.054 0.067 0.005
446 2803 2803 0 915.811 0.000 915.811 0.067 0.004
447 2469 2469 0 899.097 0.000 899.097 0.067 0.004
448 1915 1994 79 879.707 0.000 879.707 0.117 0.004
449 1671 1671 0 865.310 0.000 865.310 0.167 0.004
450 1671 1671 0 851.484 0.000 851.484 0.167 0.003
451 1671 1671 0 840.032 0.000 840.032 0.167 0.003
452 1671 1671 0 824.171 0.000 824.171 0.167 0.003
453 1671 1671 0 806.337 0.000 806.337 0.167 0.003
454 1671 1671 0 786.848 0.000 786.848 0.167 0.003
455 1671 1671 0 765.521 0.000 765.521 0.167 0.002
456 1671 1671 0 742.249 0.000 742.249 0.167 0.002
457 1671 1671 0 721.667 0.000 721.667 0.167 0.002
458 1671 1671 0 699.840 0.000 699.840 0.167 0.002
459 1328 1328 0 674.889 0.000 674.889 0.167 0.002
460 1328 1328 0 649.981 0.000 649.981 0.167 0.002
461 1328 1328 0 622.938 0.000 622.938 0.167 0.002
462 1328 1328 0 596.891 0.000 596.891 0.167 0.002
463 1328 1328 0 572.674 0.000 572.674 0.167 0.001
464 1301 1328 27 550.534 0.000 550.534 0.167 0.001
465 1301 1328 27 527.122 0.000 527.122 0.167 0.001
466 1301 1328 27 502.934 0.000 502.934 0.167 0.001
467 1301 1328 27 478.348 0.000 478.348 0.167 0.001
468 1301 1328 27 452.999 0.000 452.999 0.167 0.001
469 1301 1328 27 429.108 0.000 429.108 0.167 0.001
470 1301 1328 27 407.108 0.000 407.108 0.167 0.002
471 1301 1328 27 386.469 0.000 386.469 0.167 0.002
472 1301 1328 27 366.235 0.000 366.235 0.167 0.002
473 1301 1328 27 347.522 0.000 347.522 0.167 0.002
474 1301 1328 27 329.406 0.000 329.406 0.167 0.002
475 1301 1328 27 312.374 0.000 312.374 0.167 0.002
476 1301 1325 24 295.735 0.000 295.735 0.167 0.003
477 1301 1325 24 279.782 0.000 279.782 0.167 0.003
478 1301 1325 24 265.773 0.000 265.773 0.167 0.003
479 1301 1325 24 249.646 0.000 249.646 0.167 0.003
480 1301 1325 24 236.432 0.000 236.432 0.167 0.003
481 1301 1325 24 224.222 0.000 224.222 0.167 0.004
482 1301 1325 24 212.213 0.000 212.213 0.167 0.004
483 1301 1325 24 199.890 0.000 199.890 0.167 0.004
484 1301 1325 24 189.918 0.000 189.918 0.167 0.004
485 1301 1325 24 179.677 0.000 179.677 0.167 0.005
486 1301 1325 24 170.214 0.000 170.214 0.167 0.005
487 1301 1325 24 160.658 0.000 160.658 0.167 0.005
488 1301 1325 24 151.209 0.000 151.209 0.167 0.005
489 1301 1325 24 142.349 0.000 142.349 0.167 0.006
490 1301 1325 24 132.367 0.000 132.367 0.167 0.006
491 1301 1325 24 127.290 0.000 127.290 0.167 0.006
492 1301 1325 24 120.520 0.000 120.520 0.167 0.006
493 949 1059 110 112.638 0.000 112.638 0.200 0.006
494 949 1059 110 105.430 0.000 105.430 0.200 0.006
495 949 1059 110 99.148 0.000 99.148 0.200 0.007
496 949 1059 110 92.405 0.000 92.405 0.200 0.007
497 942 1007 65 85.365 0.000 85.365 0.200 0.007
498 942 1007 65 78.312 0.000 78.312 0.200 0.007
499 942 1007 65 72.389 0.000 72.389 0.200 0.007
500 942 1007 65 67.989 0.000 67.989 0.200 0.007
501 942 1007 65 62.939 0.000 62.939 0.200 0.008
502 942 1007 65 57.218 0.000 57.218 0.200 0.008
503 942 1007 65 51.629 0.000 51.629 0.200 0.008
504 813 878 65 45.936 0.000 45.936 0.233 0.008
505 631 775 144 41.288 0.000 41.288 0.217 0.009
506 585 639 54 37.310 0.000 37.310 0.217 0.009
507 585 639 54 32.735 0.000 32.735 0.167 0.009
508 552 639 87 28.221 0.000 28.221 0.117 0.009
509 552 639 87 24.304 0.000 24.304 0.117 0.009
510 552 613 61 20.638 0.000 20.638 0.117 0.010
511 552 613 61 18.144 0.000 18.144 0.150 0.010
512 552 613 61 15.067 0.000 15.067 0.150 0.010
513 552 613 61 12.289 0.000 12.289 0.150 0.010
514 552 564 12 9.668 0.000 9.668 0.150 0.011
515 552 564 12 7.495 0.000 7.495 0.150 0.011
516 552 564 12 5.665 0.000 5.665 0.150 0.011
517 552 564 12 4.493 0.000 4.493 0.150 0.011
518 552 564 12 3.808 0.000 3.808 0.167 0.012
519 552 564 12 3.378 0.000 3.378 0.167 0.012
520 552 564 12 3.013 0.000 3.013 0.167 0.012
521 552 564 12 2.780 0.000 2.780 0.150 0.012
522 552 564 12 2.701 0.000 2.701 0.150 0.012
523 552 564 12 2.613 0.000 2.613 0.150 0.012
524 552 564 12 2.596 0.000 2.596 0.150 0.012
525 552 564 12 2.580 0.000 2.580 0.150 0.012
526 552 564 12 2.657 0.000 2.657 0.150 0.012
527 552 564 12 2.715 0.000 2.715 0.150 0.011
528 552 564 12 2.762 0.000 2.762 0.150 0.011
529 552 564 12 2.843 0.000 2.843 0.150 0.011
530 552 564 12 2.999 0.000 2.999 0.150 0.011
531 552 564 12 3.225 0.000 3.225 0.150 0.011
532 552 564 12 3.689 0.000 3.689 0.150 0.011
533 552 564 12 4.339 0.000 4.339 0.133 0.011
534 552 564 12 5.351 0.000 5.351 0.150 0.011
535 552 564 12 6.703 0.000 6.703 0.150 0.011
536 552 564 12 9.019 0.000 9.019 0.150 0.010
537 552 564 12 11.578 0.000 11.578 0.150 0.010
538 552 564 12 14.701 0.000 14.701 0.150 0.011
539 552 564 12 18.701 0.000 18.701 0.167 0.011
540 552 564 12 23.643 0.000 23.643 0.167 0.011
541 552 564 12 29.475 0.000 29.475 0.167 0.011
542 552 564 12 35.805 0.000 35.805 0.167 0.011
543 552 564 12 42.173 0.000 42.173 0.183 0.011
544 552 564 12 50.502 0.000 50.502 0.183 0.011
545 586 564 22 59.463 0.000 59.463 0.183 0.011
546 647 647 0 70.176 0.000 70.176 0.183 0.011
547 647 647 0 78.748 0.000 78.748 0.183 0.011
548 748 726 22 90.595 0.000 90.595 0.217 0.012
549 748 726 22 101.146 0.000 101.146 0.200 0.012
550 926 841 85 114.567 0.000 114.567 0.200 0.012
551 956 956 0 126.887 0.000 126.887 0.200 0.012
552 1013 956 57 139.735 0.000 139.735 0.200 0.012
553 1046 956 90 157.567 0.000 157.567 0.200 0.012
554 1046 956 90 173.782 0.000 173.782 0.183 0.012
555 1377 1283 94 187.117 0.000 187.117 0.200 0.012
556 1452 1417 35 205.433 0.000 205.433 0.200 0.012
557 1711 1711 0 224.885 0.000 224.885 0.217 0.013
558 1889 1889 0 245.135 0.000 245.135 0.217 0.013
559 2169 2169 0 268.189 0.000 268.189 0.217 0.013
560 2332 2332 0 290.590 0.000 290.590 0.233 0.013
561 2358 2332 26 313.163 0.000 313.163 0.233 0.013
562 2576 2568 8 340.191 0.000 340.191 0.267 0.013
563 2582 2568 14 364.522 0.000 364.522 0.267 0.013
564 2582 2568 14 391.282 0.000 391.282 0.250 0.013
565 2582 2568 14 412.672 0.000 412.672 0.250 0.013
566 2582 2568 14 435.564 0.000 435.564 0.233 0.013
567 2582 2568 14 454.962 0.000 454.962 0.233 0.013
568 2582 2568 14 470.065 0.000 470.065 0.233 0.013
569 2582 2568 14 486.196 0.000 486.196 0.233 0.013
570 2582 2568 14 501.804 0.000 501.804 0.233 0.013
571 2582 2568 14 518.753 0.000 518.753 0.233 0.013
572 2582 2568 14 536.232 0.000 536.232 0.233 0.013
573 2582 2568 14 550.597 0.000 550.597 0.233 0.013
574 2582 2568 14 564.460 0.000 564.460 0.233 0.013
575 2582 2568 14 578.208 0.000 578.208 0.233 0.013
576 2582 2568 14 593.379 0.000 593.379 0.233 0.013
577 2582 2568 14 607.619 0.000 607.619 0.233 0.013
578 2582 2568 14 621.463 0.000 621.463 0.233 0.013
579 2582 2568 14 634.786 0.000 634.786 0.233 0.013
580 2582 2568 14 647.341 0.000 647.341 0.233 0.013
581 2582 2568 14 659.652 0.000 659.652 0.233 0.013
582 2582 2568 14 671.215 0.000 671.215 0.233 0.013
583 2582 2568 14 682.080 0.000 682.080 0.233 0.013
584 2582 2568 14 693.416 0.000 693.416 0.233 0.013
585 2582 2568 14 705.353 0.000 705.353 0.233 0.013
586 2582 2568 14 716.498 0.000 716.498 0.233 0.013
587 2582 2568 14 729.036 0.000 729.036 0.233 0.014
588 2582 2568 14 740.924 0.000 740.924 0.233 0.014
589 2582 2568 14 752.759 0.000 752.759 0.233 0.014
590 2582 2568 14 764.198 0.000 764.198 0.233 0.014
591 2582 2568 14 774.522 0.000 774.522 0.233 0.014
592 2582 2568 14 785.701 0.000 785.701 0.233 0.014
593 2582 2568 14 796.333 0.000 796.333 0.233 0.014
594 2582 2568 14 806.349 0.000 806.349 0.233 0.014
595 2582 2568 14 815.850 0.000 815.850 0.233 0.013
596 2582 2568 14 827.262 0.000 827.262 0.233 0.013
597 2582 2568 14 836.450 0.000 836.450 0.233 0.013
598 2582 2568 14 846.275 0.000 846.275 0.233 0.013
599 2582 2568 14 855.496 0.000 855.496 0.233 0.012
600 2582 2568 14 865.724 0.000 865.724 0.233 0.012
601 2582 2568 14 876.053 0.000 876.053 0.233 0.012
602 2582 2568 14 885.489 0.000 885.489 0.233 0.011
603 2582 2568 14 893.559 0.000 893.559 0.233 0.011
604 2582 2568 14 902.891 0.000 902.891 0.233 0.011
605 2582 2568 14 911.103 0.000 911.103 0.233 0.010
606 2582 2568 14 920.201 0.000 920.201 0.233 0.010
607 2582 2568 14 926.423 0.000 926.423 0.233 0.010
608 2582 2568 14 933.029 0.000 933.029 0.217 0.009
609 2582 2568 14 938.950 0.000 938.950 0.217 0.009
610 2582 2568 14 944.416 0.000 944.416 0.217 0.009
611 2582 2568 14 949.597 0.000 949.597 0.217 0.009
612 2582 2568 14 954.433 0.000 954.433 0.217 0.008
613 2582 2568 14 960.308 0.000 960.308 0.217 0.008
614 2582 2568 14 963.471 0.000 963.471 0.200 0.008
615 2582 2568 14 964.355 0.000 964.355 0.150 0.007
616 2582 2568 14 966.075 0.000 966.075 0.133 0.007
617 2582 2568 14 964.735 0.000 964.735 0.100 0.007
618 2582 2568 14 964.834 0.000 964.834 0.083 0.006
619 2582 2568 14 961.958 0.000 961.958 0.067 0.006
620 2582 2568 14 956.919 0.000 956.919 0.067 0.006
621 2582 2568 14 951.213 0.000 951.213 0.067 0.006
622 2582 2568 14 943.038 0.000 943.038 0.067 0.005
623 2475 2568 93 934.011 0.000 934.011 0.067 0.005
624 2419 2419 0 921.483 0.000 921.483 0.067 0.005
625 2255 2258 3 911.933 0.000 911.933 0.067 0.005
626 1506 1585 79 899.724 0.000 899.724 0.117 0.004
627 1415 1473 58 888.228 0.000 888.228 0.150 0.004
628 1415 1473 58 879.307 0.000 879.307 0.150 0.004
629 1415 1473 58 870.152 0.000 870.152 0.150 0.004
630 1415 1473 58 858.663 0.000 858.663 0.150 0.003
631 1415 1473 58 842.151 0.000 842.151 0.150 0.003
632 1408 1403 5 826.932 0.000 826.932 0.150 0.003
633 1408 1403 5 809.247 0.000 809.247 0.150 0.003
634 1408 1403 5 790.926 0.000 790.926 0.150 0.003
635 1408 1403 5 769.037 0.000 769.037 0.150 0.002
636 1408 1403 5 745.757 0.000 745.757 0.150 0.002
637 1408 1403 5 723.890 0.000 723.890 0.150 0.002
638 1408 1403 5 699.007 0.000 699.007 0.150 0.002
639 1408 1403 5 673.670 0.000 673.670 0.150 0.002
640 1408 1403 5 650.672 0.000 650.672 0.150 0.002
641 1408 1403 5 623.913 0.000 623.913 0.150 0.002
642 1408 1403 5 597.441 0.000 597.441 0.150 0.001
643 1408 1403 5 576.160 0.000 576.160 0.150 0.001
644 1408 1403 5 553.597 0.000 553.597 0.150 0.001
645 1408 1403 5 527.013 0.000 527.013 0.150 0.001
646 1361 1403 42 499.851 0.000 499.851 0.150 0.001
647 1361 1403 42 473.838 0.000 473.838 0.150 0.001
648 1329 1403 74 450.128 0.000 450.128 0.150 0.001
649 1329 1403 74 428.890 0.000 428.890 0.150 0.001
650 1329 1403 74 405.412 0.000 405.412 0.150 0.002
651 1281 1337 56 384.698 0.000 384.698 0.150 0.002
652 1281 1337 56 364.549 0.000 364.549 0.150 0.002
653 1281 1337 56 343.818 0.000 343.818 0.150 0.002
654 1281 1337 56 326.086 0.000 326.086 0.150 0.002
655 1281 1337 56 310.605 0.000 310.605 0.167 0.002
656 1281 1337 56 293.659 0.000 293.659 0.167 0.003
657 1281 1337 56 278.555 0.000 278.555 0.167 0.003
658 1281 1337 56 263.655 0.000 263.655 0.167 0.003
659 1192 1297 105 250.116 0.000 250.116 0.167 0.003
660 1192 1297 105 234.591 0.000 234.591 0.167 0.003
661 1192 1297 105 221.071 0.000 221.071 0.167 0.004
662 1192 1297 105 210.337 0.000 210.337 0.167 0.004
663 1159 1297 138 198.637 0.000 198.637 0.167 0.004
664 1121 1192 71 187.792 0.000 187.792 0.167 0.004
665 1121 1192 71 178.520 0.000 178.520 0.167 0.004
666 1121 1192 71 169.001 0.000 169.001 0.167 0.005
667 1119 1192 73 158.632 0.000 158.632 0.183 0.005
668 1119 1192 73 149.469 0.000 149.469 0.183 0.005
669 1119 1192 73 140.890 0.000 140.890 0.183 0.005
670 1119 1192 73 131.295 0.000 131.295 0.183 0.006
671 962 1008 46 122.644 0.000 122.644 0.183 0.006
672 859 953 94 115.548 0.000 115.548 0.200 0.006
673 836 953 117 109.314 0.000 109.314 0.200 0.006
674 836 953 117 100.909 0.000 100.909 0.200 0.006
675 836 896 60 94.522 0.000 94.522 0.200 0.007
676 836 896 60 87.571 0.000 87.571 0.200 0.007
677 781 840 59 81.562 0.000 81.562 0.217 0.007
678 729 840 111 75.592 0.000 75.592 0.217 0.007
679 726 840 114 69.612 0.000 69.612 0.217 0.007
680 703 840 137 63.224 0.000 63.224 0.217 0.007
681 703 840 137 58.152 0.000 58.152 0.217 0.008
682 665 840 175 52.591 0.000 52.591 0.233 0.008
683 656 686 30 48.013 0.000 48.013 0.233 0.008
684 656 686 30 43.283 0.000 43.283 0.217 0.008
685 656 686 30 38.746 0.000 38.746 0.200 0.008
686 656 658 2 34.305 0.000 34.305 0.133 0.009
687 656 658 2 29.499 0.000 29.499 0.133 0.009
688 484 598 114 25.994 0.000 25.994 0.133 0.009
689 484 598 114 22.963 0.000 22.963 0.133 0.009
690 484 598 114 19.687 0.000 19.687 0.133 0.010
691 484 598 114 15.821 0.000 15.821 0.133 0.010
692 366 456 90 12.953 0.000 12.953 0.133 0.010
693 364 456 92 10.207 0.000 10.207 0.133 0.010
694 306 408 102 7.852 0.000 7.852 0.150 0.011
695 302 408 106 5.557 0.000 5.557 0.150 0.011
696 298 408 110 3.770 0.000 3.770 0.133 0.011
697 298 408 110 2.638 0.000 2.638 0.150 0.011
698 298 386 88 1.560 0.000 1.560 0.150 0.012
699 298 345 47 0.996 0.000 0.996 0.150 0.012
700 225 345 120 0.685 0.000 0.685 0.150 0.012
701 225 345 120 0.525 0.000 0.525 0.150 0.012
702 225 345 120 0.401 0.000 0.401 0.150 0.012
703 225 345 120 0.355 0.000 0.355 0.150 0.012
704 225 345 120 0.289 0.000 0.289 0.150 0.012
705 225 345 120 0.289 0.000 0.289 0.150 0.012
706 225 345 120 0.293 0.000 0.293 0.150 0.012
707 225 345 120 0.288 0.000 0.288 0.150 0.011
708 225 345 120 0.315 0.000 0.315 0.150 0.011
709 225 345 120 0.320 0.000 0.320 0.150 0.011
710 225 345 120 0.380 0.000 0.380 0.150 0.011
711 225 345 120 0.547 0.000 0.547 0.150 0.011
712 225 345 120 0.877 0.000 0.877 0.150 0.011
713 225 345 120 1.465 0.000 1.465 0.150 0.011
714 255 345 90 2.489 0.000 2.489 0.150 0.011
715 364 364 0 4.075 0.000 4.075 0.150 0.011
716 365 365 0 6.187 0.000 6.187 0.150 0.011
717 365 365 0 8.890 0.000 8.890 0.150 0.011
718 365 365 0 11.473 0.000 11.473 0.150 0.011
719 522 522 0 15.694 0.000 15.694 0.167 0.011
720 522 522 0 18.899 0.000 18.899 0.167 0.011
721 522 522 0 24.336 0.000 24.336 0.167 0.011
722 522 522 0 30.517 0.000 30.517 0.167 0.011
723 617 617 0 37.462 0.000 37.462 0.167 0.011
724 617 617 0 44.796 0.000 44.796 0.167 0.011
725 617 617 0 53.279 0.000 53.279 0.183 0.011
726 716 716 0 64.092 0.000 64.092 0.183 0.012
727 716 716 0 73.298 0.000 73.298 0.183 0.012
728 841 839 2 83.574 0.000 83.574 0.183 0.012
729 1038 1038 0 96.676 0.000 96.676 0.167 0.012
730 1038 1038 0 110.037 0.000 110.037 0.167 0.012
731 1038 1038 0 123.602 0.000 123.602 0.167 0.012
732 1038 1038 0 136.265 0.000 136.265 0.167 0.012
733 1180 1180 0 151.473 0.000 151.473 0.167 0.012
734 1559 1559 0 168.077 0.000 168.077 0.200 0.012
735 1628 1559 69 189.414 0.000 189.414 0.217 0.012
736 1628 1559 69 210.142 0.000 210.142 0.217 0.013
737 1638 1559 79 229.524 0.000 229.524 0.200 0.013
738 1638 1559 79 252.491 0.000 252.491 0.233 0.013
739 1638 1559 79 272.518 0.000 272.518 0.233 0.013
740 1670 1670 0 293.225 0.000 293.225 0.267 0.013
741 1670 1670 0 316.382 0.000 316.382 0.267 0.013
742 1670 1670 0 338.867 0.000 338.867 0.250 0.013
743 1670 1670 0 358.252 0.000 358.252 0.250 0.013
744 1958 1890 68 378.611 0.000 378.611 0.267 0.013
745 2323 2319 4 402.162 0.000 402.162 0.317 0.013
746 2776 2776 0 423.518 0.000 423.518 0.317 0.013
747 2791 2776 15 449.463 0.000 449.463 0.317 0.013
748 3025 3025 0 472.941 0.000 472.941 0.350 0.013
749 3025 3025 0 494.588 0.000 494.588 0.350 0.013
750 3025 3025 0 511.296 0.000 511.296 0.350 0.013
751 3025 3025 0 527.651 0.000 527.651 0.350 0.013
752 3025 3025 0 541.596 0.000 541.596 0.333 0.013
753 3025 3025 0 556.230 0.000 556.230 0.317 0.013
754 3025 3025 0 572.471 0.000 572.471 0.317 0.013
755 3025 3025 0 585.710 0.000 585.710 0.317 0.013
756 3025 3025 0 597.976 0.000 597.976 0.317 0.013
757 3025 3025 0 612.268 0.000 612.268 0.317 0.013
758 3025 3025 0 624.486 0.000 624.486 0.317 0.013
759 3025 3025 0 636.691 0.000 636.691 0.317 0.013
760 3025 3025 0 649.095 0.000 649.095 0.317 0.013
761 3025 3025 0 661.435 0.000 661.435 0.317 0.013
762 3025 3025 0 672.669 0.000 672.669 0.317 0.013
763 3025 3025 0 685.928 0.000 685.928 0.300 0.013
764 3025 3025 0 699.542 0.000 699.542 0.300 0.013
765 3025 3025 0 711.462 0.000 711.462 0.300 0.013
766 3025 3025 0 723.178 0.000 723.178 0.300 0.014
767 3025 3025 0 736.534 0.000 736.534 0.300 0.014
768 3025 3025 0 746.988 0.000 746.988 0.300 0.014
769 3025 3025 0 757.201 0.000 757.201 0.300 0.014
770 3025 3025 0 769.505 0.000 769.505 0.300 0.014
771 3025 3025 0 782.153 0.000 782.153 0.300 0.014
772 3025 3025 0 792.225 0.000 792.225 0.300 0.014
773 3025 3025 0 802.477 0.000 802.477 0.300 0.014
774 3025 3025 0 813.284 0.000 813.284 0.300 0.014
775 3025 3025 0 823.768 0.000 823.768 0.300 0.013
776 3025 3025 0 834.223 0.000 834.223 0.283 0.013
777 3025 3025 0 845.360 0.000 845.360 0.283 0.013
778 3025 3025 0 853.404 0.000 853.404 0.283 0.013
779 3025 3025 0 863.849 0.000 863.849 0.283 0.012
780 3025 3025 0 870.930 0.000 870.930 0.267 0.012
781 3025 3025 0 880.530 0.000 880.530 0.267 0.012
782 3025 3025 0 889.893 0.000 889.893 0.267 0.011
783 3025 3025 0 898.801 0.000 898.801 0.267 0.011
784 3025 3025 0 906.799 0.000 906.799 0.267 0.011
785 3025 3025 0 914.970 0.000 914.970 0.250 0.010
786 3025 3025 0 924.688 0.000 924.688 0.250 0.010
787 3025 3025 0 931.857 0.000 931.857 0.250 0.010
788 3025 3025 0 937.888 0.000 937.888 0.250 0.009
789 3025 3025 0 945.150 0.000 945.150 0.250 0.009
790 3025 3025 0 952.257 0.000 952.257 0.250 0.009
791 3025 3025 0 958.502 0.000 958.502 0.250 0.009
792 3025 3025 0 962.723 0.000 962.723 0.233 0.008
793 3025 3025 0 965.956 0.000 965.956 0.233 0.008
794 3025 3025 0 968.213 0.000 968.213 0.217 0.008
795 3025 3025 0 969.754 0.000 969.754 0.183 0.007
796 3025 3025 0 969.164 0.000 969.164 0.183 0.007
797 3025 3025 0 969.665 0.000 969.665 0.183 0.007
798 3025 3025 0 968.036 0.000 968.036 0.150 0.007
799 3025 3025 0 965.032 0.000 965.032 0.150 0.006
800 3025 3025 0 961.614 0.000 961.614 0.117 0.006
801 3025 3025 0 956.983 0.000 956.983 0.117 0.006
802 3025 3025 0 951.347 0.000 951.347 0.117 0.006
803 3025 3025 0 946.358 0.000 946.358 0.117 0.005
804 3025 3025 0 938.601 0.000 938.601 0.100 0.005
805 3025 3025 0 925.329 0.000 925.329 0.067 0.005
806 3025 3025 0 915.175 0.000 915.175 0.067 0.004
807 3025 3025 0 896.274 0.000 896.274 0.067 0.004
808 2468 2477 9 880.579 0.000 880.579 0.067 0.004
809 1382 1382 0 863.811 0.000 863.811 0.150 0.004
810 1382 1382 0 849.896 0.000 849.896 0.150 0.003
811 1382 1382 0 835.785 0.000 835.785 0.150 0.003
812 1382 1382 0 820.339 0.000 820.339 0.167 0.003
813 1382 1382 0 802.840 0.000 802.840 0.167 0.003
814 1382 1382 0 783.611 0.000 783.611 0.167 0.003
815 1382 1382 0 764.385 0.000 764.385 0.167 0.002
816 1382 1382 0 743.810 0.000 743.810 0.167 0.002
817 1382 1382 0 722.344 0.000 722.344 0.167 0.002
818 1382 1382 0 697.872 0.000 697.872 0.167 0.002
819 1382 1382 0 674.757 0.000 674.757 0.167 0.002
820 1382 1382 0 650.341 0.000 650.341 0.167 0.002
821 1382 1382 0 622.294 0.000 622.294 0.167 0.002
822 1382 1382 0 599.649 0.000 599.649 0.167 0.001
823 1382 1382 0 573.020 0.000 573.020 0.167 0.001
824 1350 1382 32 546.941 0.000 546.941 0.167 0.001
825 1350 1382 32 523.163 0.000 523.163 0.167 0.001
826 1350 1382 32 497.072 0.000 497.072 0.167 0.001
827 1350 1382 32 470.827 0.000 470.827 0.167 0.001
828 1350 1382 32 449.459 0.000 449.459 0.167 0.001
829 1350 1382 32 425.053 0.000 425.053 0.167 0.002
830 1350 1382 32 404.938 0.000 404.938 0.167 0.002
831 1350 1382 32 384.611 0.000 384.611 0.167 0.002
832 1350 1382 32 366.962 0.000 366.962 0.167 0.002
833 1350 1382 32 343.815 0.000 343.815 0.167 0.002
834 1350 1382 32 322.492 0.000 322.492 0.167 0.002
835 1350 1382 32 305.703 0.000 305.703 0.167 0.002
836 1257 1257 0 286.565 0.000 286.565 0.167 0.003
837 1257 1257 0 268.503 0.000 268.503 0.167 0.003
838 1257 1257 0 253.407 0.000 253.407 0.167 0.003
839 1257 1257 0 240.324 0.000 240.324 0.167 0.003
840 1148 1247 99 226.584 0.000 226.584 0.167 0.003
841 1148 1247 99 214.286 0.000 214.286 0.167 0.004
842 1148 1247 99 202.986 0.000 202.986 0.167 0.004
843 1148 1182 34 190.897 0.000 190.897 0.183 0.004
844 1064 1182 118 180.922 0.000 180.922 0.200 0.004
845 1014 1182 168 171.595 0.000 171.595 0.200 0.005
846 998 1182 184 162.263 0.000 162.263 0.200 0.005
847 998 1182 184 152.745 0.000 152.745 0.200 0.005
848 981 1148 167 143.750 0.000 143.750 0.200 0.005
849 919 1039 120 135.669 0.000 135.669 0.200 0.005
850 919 1039 120 127.653 0.000 127.653 0.200 0.006
851 889 932 43 119.752 0.000 119.752 0.200 0.006
852 880 932 52 113.475 0.000 113.475 0.200 0.006
853 880 932 52 105.432 0.000 105.432 0.200 0.006
854 860 932 72 99.387 0.000 99.387 0.200 0.006
855 860 932 72 92.581 0.000 92.581 0.217 0.006
856 860 932 72 86.985 0.000 86.985 0.217 0.007
857 824 917 93 81.620 0.000 81.620 0.217 0.007
858 824 917 93 75.141 0.000 75.141 0.217 0.007
859 824 917 93 69.288 0.000 69.288 0.217 0.007
860 824 917 93 64.667 0.000 64.667 0.217 0.007
861 802 917 115 59.818 0.000 59.818 0.217 0.008
862 787 917 130 53.788 0.000 53.788 0.217 0.008
863 787 917 130 49.430 0.000 49.430 0.217 0.008
864 715 801 86 44.323 0.000 44.323 0.233 0.008
865 715 801 86 38.830 0.000 38.830 0.233 0.008
866 680 702 22 34.339 0.000 34.339 0.233 0.009
867 680 702 22 29.011 0.000 29.011 0.250 0.009
868 560 608 48 25.164 0.000 25.164 0.200 0.009
869 560 595 35 21.024 0.000 21.024 0.133 0.009
870 560 595 35 17.368 0.000 17.368 0.133 0.010
871 419 595 176 14.103 0.000 14.103 0.133 0.010
872 415 595 180 11.225 0.000 11.225 0.133 0.010
873 415 595 180 8.501 0.000 8.501 0.133 0.011
874 280 387 107 6.111 0.000 6.111 0.133 0.011
875 274 387 113 4.259 0.000 4.259 0.133 0.011
876 274 387 113 2.838 0.000 2.838 0.133 0.011
877 262 387 125 1.882 0.000 1.882 0.150 0.011
878 262 348 86 1.185 0.000 1.185 0.150 0.012
879 262 348 86 0.795 0.000 0.795 0.150 0.012
880 188 329 141 0.550 0.000 0.550 0.150 0.012
881 188 329 141 0.361 0.000 0.361 0.150 0.012
882 152 314 162 0.227 0.000 0.227 0.150 0.012
883 152 314 162 0.187 0.000 0.187 0.150 0.012
884 152 314 162 0.192 0.000 0.192 0.150 0.012
885 152 314 162 0.174 0.000 0.174 0.150 0.012
886 152 314 162 0.173 0.000 0.173 0.150 0.011
887 216 314 98 0.221 0.000 0.221 0.150 0.011
888 216 314 98 0.258 0.000 0.258 0.150 0.011
889 216 314 98 0.306 0.000 0.306 0.150 0.011
890 216 314 98 0.371 0.000 0.371 0.150 0.011
891 295 314 19 0.561 0.000 0.561 0.150 0.011
892 295 314 19 0.902 0.000 0.902 0.150 0.011
893 295 314 19 1.484 0.000 1.484 0.150 0.011
894 295 314 19 2.395 0.000 2.395 0.133 0.010
895 358 314 44 3.946 0.000 3.946 0.150 0.010
896 574 574 0 5.993 0.000 5.993 0.150 0.010
897 574 574 0 8.392 0.000 8.392 0.150 0.010
898 574 574 0 11.641 0.000 11.641 0.150 0.010
899 574 574 0 15.729 0.000 15.729 0.150 0.011
900 574 574 0 21.019 0.000 21.019 0.150 0.011
901 574 574 0 26.422 0.000 26.422 0.150 0.011
902 576 576 0 32.642 0.000 32.642 0.150 0.011
903 576 576 0 38.988 0.000 38.988 0.150 0.011
904 625 576 49 47.430 0.000 47.430 0.167 0.011
905 625 576 49 55.288 0.000 55.288 0.167 0.011
906 625 625 0 63.157 0.000 63.157 0.167 0.011
907 779 779 0 73.962 0.000 73.962 0.167 0.011
908 947 947 0 86.098 0.000 86.098 0.167 0.011
909 947 947 0 98.703 0.000 98.703 0.167 0.011
910 947 947 0 113.441 0.000 113.441 0.183 0.011
911 947 947 0 126.992 0.000 126.992 0.183 0.011
912 947 947 0 139.895 0.000 139.895 0.183 0.012
913 947 947 0 155.630 0.000 155.630 0.183 0.012
914 1110 1108 2 173.254 0.000 173.254 0.200 0.012
915 1312 1228 84 192.232 0.000 192.232 0.200 0.012
916 1312 1228 84 211.654 0.000 211.654 0.200 0.012
917 1312 1228 84 228.460 0.000 228.460 0.200 0.012
918 1312 1228 84 244.657 0.000 244.657 0.200 0.012
919 1459 1378 81 267.642 0.000 267.642 0.217 0.012
920 1459 1378 81 287.234 0.000 287.234 0.217 0.012
921 1787 1767 20 308.476 0.000 308.476 0.267 0.013
922 1989 1914 75 330.718 0.000 330.718 0.283 0.013
923 1992 1914 78 354.473 0.000 354.473 0.283 0.013
924 1992 1914 78 373.746 0.000 373.746 0.233 0.013
925 1992 1914 78 391.036 0.000 391.036 0.233 0.013
926 1992 1914 78 409.269 0.000 409.269 0.233 0.013
927 1992 1914 78 425.895 0.000 425.895 0.233 0.013
928 1992 1914 78 443.372 0.000 443.372 0.217 0.013
929 1992 1914 78 461.433 0.000 461.433 0.217 0.013
930 1992 1914 78 479.182 0.000 479.182 0.217 0.013
931 1992 1914 78 495.559 0.000 495.559 0.217 0.013
932 1992 1914 78 511.049 0.000 511.049 0.217 0.013
933 1992 1914 78 528.260 0.000 528.260 0.200 0.012
934 1992 1914 78 543.010 0.000 543.010 0.200 0.012
935 1992 1914 78 558.542 0.000 558.542 0.200 0.012
936 1992 1914 78 574.183 0.000 574.183 0.200 0.012
937 1992 1914 78 588.164 0.000 588.164 0.200 0.012
938 1992 1914 78 602.038 0.000 602.038 0.200 0.012
939 1992 1914 78 615.249 0.000 615.249 0.200 0.012
940 1992 1914 78 628.162 0.000 628.162 0.200 0.013
941 1992 1914 78 639.495 0.000 639.495 0.200 0.013
942 1992 1914 78 650.877 0.000 650.877 0.200 0.013
943 1992 1914 78 664.427 0.000 664.427 0.200 0.013
944 1992 1914 78 675.264 0.000 675.264 0.200 0.013
945 1992 1914 78 687.660 0.000 687.660 0.200 0.013
946 1992 1914 78 698.961 0.000 698.961 0.200 0.013
947 1992 1914 78 709.754 0.000 709.754 0.200 0.013
948 1992 1914 78 720.628 0.000 720.628 0.200 0.013
949 1992 1914 78 731.670 0.000 731.670 0.200 0.013
950 1992 1914 78 740.870 0.000 740.870 0.200 0.013
951 1992 1914 78 749.874 0.000 749.874 0.200 0.013
952 1992 1914 78 761.521 0.000 761.521 0.200 0.013
953 1992 1914 78 772.825 0.000 772.825 0.200 0.013
954 1992 1914 78 782.745 0.000 782.745 0.200 0.013
955 1992 1914 78 792.020 0.000 792.020 0.200 0.013
956 1992 1914 78 802.146 0.000 802.146 0.200 0.013
957 1992 1914 78 811.025 0.000 811.025 0.200 0.013
958 1992 1914 78 821.087 0.000 821.087 0.183 0.012
959 1992 1914 78 830.983 0.000 830.983 0.183 0.012
960 1992 1914 78 841.471 0.000 841.471 0.183 0.012
961 1992 1914 78 851.186 0.000 851.186 0.183 0.011
962 1992 1914 78 860.335 0.000 860.335 0.183 0.011
963 1992 1914 78 868.607 0.000 868.607 0.167 0.011
964 1992 1914 78 878.165 0.000 878.165 0.167 0.010
965 1992 1914 78 885.961 0.000 885.961 0.167 0.010
966 1992 1914 78 891.973 0.000 891.973 0.150 0.010
967 1992 1914 78 899.505 0.000 899.505 0.150 0.010
968 1992 1914 78 906.458 0.000 906.458 0.117 0.009
969 1992 1914 78 912.814 0.000 912.814 0.117 0.009
970 1992 1914 78 918.738 0.000 918.738 0.117 0.009
971 1992 1914 78 923.818 0.000 923.818 0.117 0.008
972 1992 1914 78 928.593 0.000 928.593 0.117 0.008
973 1992 1914 78 932.964 0.000 932.964 0.117 0.008
974 1992 1914 78 936.311 0.000 936.311 0.100 0.008
975 1992 1914 78 936.831 0.000 936.831 0.083 0.007
976 1992 1914 78 937.465 0.000 937.465 0.083 0.007
977 1992 1914 78 938.101 0.000 938.101 0.083 0.007
978 1992 1914 78 937.330 0.000 937.330 0.083 0.007
979 1992 1914 78 934.905 0.000 934.905 0.083 0.006
980 1992 1914 78 932.791 0.000 932.791 0.083 0.006
981 1992 1914 78 929.518 0.000 929.518 0.067 0.006
982 1992 1914 78 923.488 0.000 923.488 0.067 0.005
983 1594 1594 0 917.124 0.000 917.124 0.067 0.005
984 1594 1594 0 909.840 0.000 909.840 0.067 0.005
985 1594 1594 0 905.701 0.000 905.701 0.067 0.005
986 1594 1594 0 898.363 0.000 898.363 0.050 0.004
987 1594 1594 0 890.626 0.000 890.626 0.050 0.004
988 1594 1594 0 880.764 0.000 880.764 0.050 0.004
989 1594 1594 0 866.919 0.000 866.919 0.050 0.004
990 1499 1499 0 853.663 0.000 853.663 0.067 0.003
991 1499 1499 0 839.864 0.000 839.864 0.067 0.003
992 1499 1499 0 822.727 0.000 822.727 0.067 0.003
993 1499 1499 0 806.678 0.000 806.678 0.067 0.002
994 1499 1499 0 790.521 0.000 790.521 0.067 0.002
995 1499 1499 0 769.626 0.000 769.626 0.067 0.002
996 1499 1499 0 749.757 0.000 749.757 0.067 0.002
997 1499 1499 0 724.582 0.000 724.582 0.067 0.002
998 1499 1499 0 698.919 0.000 698.919 0.067 0.002
999 1499 1499 0 670.768 0.000 670.768 0.067 0.001
1000 1499 1499 0 644.752 0.000 644.752 0.067 0.001
1001 1499 1499 0 621.844 0.000 621.844 0.067 0.001
1002 1499 1499 0 595.485 0.000 595.485 0.067 0.001
1003 1499 1499 0 567.349 0.000 567.349 0.067 0.001
1004 1499 1499 0 543.839 0.000 543.839 0.067 0.001
1005 1499 1499 0 518.127 0.000 518.127 0.067 0.001
1006 1297 1298 1 495.280 0.000 495.280 0.067 0.001
1007 1297 1298 1 474.158 0.000 474.158 0.067 0.001
1008 1297 1298 1 451.511 0.000 451.511 0.067 0.001
1009 1297 1298 1 428.438 0.000 428.438 0.067 0.001
1010 1267 1298 31 409.308 0.000 409.308 0.067 0.001
1011 1267 1298 31 389.237 0.000 389.237 0.067 0.001
1012 1267 1298 31 368.961 0.000 368.961 0.067 0.001
1013 1267 1298 31 350.382 0.000 350.382 0.067 0.002
1014 1267 1298 31 334.595 0.000 334.595 0.067 0.002
1015 1237 1298 61 316.676 0.000 316.676 0.067 0.002
1016 1237 1298 61 297.361 0.000 297.361 0.067 0.002
1017 1237 1298 61 281.837 0.000 281.837 0.067 0.002
1018 1237 1271 34 264.804 0.000 264.804 0.067 0.003
1019 1237 1271 34 248.987 0.000 248.987 0.067 0.003
1020 1189 1271 82 235.123 0.000 235.123 0.067 0.003
1021 1189 1271 82 222.008 0.000 222.008 0.067 0.003
1022 1189 1271 82 209.842 0.000 209.842 0.067 0.003
1023 1189 1271 82 198.411 0.000 198.411 0.067 0.004
1024 1189 1264 75 187.325 0.000 187.325 0.067 0.004
1025 1189 1264 75 177.057 0.000 177.057 0.067 0.004
1026 1189 1264 75 166.564 0.000 166.564 0.067 0.004
1027 1189 1264 75 156.865 0.000 156.865 0.067 0.004
1028 1189 1264 75 148.627 0.000 148.627 0.067 0.005
1029 1189 1264 75 137.732 0.000 137.732 0.083 0.005
1030 1137 1264 127 129.792 0.000 129.792 0.083 0.005
1031 1137 1264 127 122.688 0.000 122.688 0.083 0.005
1032 1137 1264 127 115.642 0.000 115.642 0.083 0.005
1033 970 1089 119 107.386 0.000 107.386 0.083 0.006
1034 970 1089 119 99.832 0.000 99.832 0.083 0.006
1035 970 1089 119 93.112 0.000 93.112 0.083 0.006
1036 892 892 0 85.569 0.000 85.569 0.100 0.006
1037 892 892 0 79.675 0.000 79.675 0.100 0.007
1038 892 892 0 73.098 0.000 73.098 0.100 0.007
1039 892 892 0 67.616 0.000 67.616 0.100 0.007
1040 736 770 34 62.314 0.000 62.314 0.133 0.007
1041 736 770 34 57.198 0.000 57.198 0.133 0.007
1042 736 748 12 51.897 0.000 51.897 0.133 0.007
1043 736 748 12 47.322 0.000 47.322 0.100 0.008
1044 736 748 12 41.471 0.000 41.471 0.117 0.008
1045 736 748 12 37.661 0.000 37.661 0.133 0.008
1046 736 748 12 33.400 0.000 33.400 0.133 0.008
1047 736 748 12 29.831 0.000 29.831 0.133 0.009
1048 736 748 12 25.784 0.000 25.784 0.133 0.009
1049 736 748 12 21.493 0.000 21.493 0.133 0.009
1050 736 748 12 17.863 0.000 17.863 0.117 0.009
1051 444 619 175 14.854 0.000 14.854 0.133 0.010
1052 444 619 175 11.653 0.000 11.653 0.133 0.010
1053 433 619 186 9.289 0.000 9.289 0.133 0.010
1054 433 619 186 7.320 0.000 7.320 0.133 0.010
1055 255 452 197 5.034 0.000 5.034 0.133 0.011
1056 255 452 197 3.645 0.000 3.645 0.133 0.011
1057 255 452 197 2.401 0.000 2.401 0.133 0.011
1058 255 400 145 1.533 0.000 1.533 0.150 0.011
1059 255 400 145 0.928 0.000 0.928 0.150 0.011
1060 233 259 26 0.518 0.000 0.518 0.150 0.012
1061 233 259 26 0.357 0.000 0.357 0.150 0.012
1062 233 259 26 0.274 0.000 0.274 0.150 0.012
1063 233 259 26 0.231 0.000 0.231 0.150 0.011
1064 233 259 26 0.216 0.000 0.216 0.150 0.011
1065 233 259 26 0.173 0.000 0.173 0.150 0.011
1066 233 259 26 0.182 0.000 0.182 0.150 0.011
1067 233 259 26 0.199 0.000 0.199 0.150 0.011
1068 233 259 26 0.207 0.000 0.207 0.150 0.011
1069 233 259 26 0.286 0.000 0.286 0.150 0.011
1070 272 259 13 0.443 0.000 0.443 0.150 0.011
1071 288 288 0 0.653 0.000 0.653 0.150 0.011
1072 288 288 0 1.015 0.000 1.015 0.150 0.011
1073 356 356 0 1.789 0.000 1.789 0.150 0.011
1074 356 356 0 2.785 0.000 2.785 0.150 0.011
1075 356 356 0 4.166 0.000 4.166 0.167 0.010
1076 356 356 0 6.066 0.000 6.066 0.167 0.010
1077 356 356 0 8.535 0.000 8.535 0.167 0.010
1078 418 418 0 11.659 0.000 11.659 0.183 0.011
1079 444 418 26 15.453 0.000 15.453 0.183 0.011
1080 486 486 0 19.742 0.000 19.742 0.183 0.011
1081 583 583 0 24.216 0.000 24.216 0.183 0.011
1082 634 583 51 30.216 0.000 30.216 0.183 0.011
1083 634 583 51 36.924 0.000 36.924 0.200 0.011
1084 634 633 1 44.586 0.000 44.586 0.200 0.011
1085 634 633 1 53.063 0.000 53.063 0.217 0.011
1086 634 633 1 62.706 0.000 62.706 0.217 0.011
1087 651 633 18 73.743 0.000 73.743 0.217 0.012
1088 660 633 27 83.037 0.000 83.037 0.217 0.012
1089 838 803 35 96.752 0.000 96.752 0.233 0.012
1090 838 803 35 108.341 0.000 108.341 0.233 0.012
1091 847 803 44 121.120 0.000 121.120 0.233 0.012
1092 847 803 44 135.954 0.000 135.954 0.233 0.012
1093 929 929 0 150.575 0.000 150.575 0.233 0.012
1094 1062 1059 3 169.745 0.000 169.745 0.250 0.012
1095 1117 1059 58 186.155 0.000 186.155 0.250 0.012
1096 1200 1200 0 203.853 0.000 203.853 0.250 0.012
1097 1431 1355 76 224.435 0.000 224.435 0.250 0.012
1098 1633 1633 0 242.674 0.000 242.674 0.300 0.012
1099 1633 1633 0 262.717 0.000 262.717 0.300 0.013
1100 1951 1951 0 283.236 0.000 283.236 0.317 0.013
1101 2193 2193 0 309.835 0.000 309.835 0.333 0.013
1102 2193 2193 0 336.475 0.000 336.475 0.333 0.013
1103 2193 2193 0 357.807 0.000 357.807 0.333 0.013
1104 2193 2193 0 381.570 0.000 381.570 0.317 0.013
1105 2193 2193 0 400.938 0.000 400.938 0.300 0.013
1106 2193 2193 0 420.407 0.000 420.407 0.300 0.013
1107 2193 2193 0 440.407 0.000 440.407 0.300 0.013
1108 2193 2193 0 457.486 0.000 457.486 0.300 0.013
1109 2193 2193 0 475.500 0.000 475.500 0.300 0.013
1110 2193 2193 0 492.138 0.000 492.138 0.300 0.013
1111 2193 2193 0 507.049 0.000 507.049 0.300 0.013
1112 2193 2193 0 521.079 0.000 521.079 0.283 0.013
1113 2193 2193 0 536.898 0.000 536.898 0.283 0.013
1114 2193 2193 0 551.687 0.000 551.687 0.267 0.013
1115 2193 2193 0 568.399 0.000 568.399 0.267 0.013
1116 2193 2193 0 582.591 0.000 582.591 0.267 0.013
1117 2193 2193 0 595.269 0.000 595.269 0.267 0.013
1118 2193 2193 0 607.690 0.000 607.690 0.267 0.013
1119 2193 2193 0 619.993 0.000 619.993 0.267 0.013
1120 2193 2193 0 632.504 0.000 632.504 0.250 0.013
1121 2193 2193 0 644.965 0.000 644.965 0.250 0.013
1122 2193 2193 0 656.079 0.000 656.079 0.250 0.013
1123 2193 2193 0 667.286 0.000 667.286 0.250 0.013
1124 2193 2193 0 677.943 0.000 677.943 0.250 0.013
1125 2193 2193 0 691.726 0.000 691.726 0.250 0.013
1126 2193 2193 0 703.478 0.000 703.478 0.250 0.013
1127 2193 2193 0 714.846 0.000 714.846 0.250 0.013
1128 2193 2193 0 725.097 0.000 725.097 0.250 0.014
1129 2193 2193 0 736.337 0.000 736.337 0.250 0.014
1130 2193 2193 0 747.464 0.000 747.464 0.250 0.014
1131 2193 2193 0 758.972 0.000 758.972 0.250 0.014
1132 2193 2193 0 770.392 0.000 770.392 0.250 0.014
1133 2193 2193 0 783.041 0.000 783.041 0.250 0.014
1134 2193 2193 0 793.172 0.000 793.172 0.250 0.013
1135 2193 2193 0 804.090 0.000 804.090 0.233 0.013
1136 2193 2193 0 814.754 0.000 814.754 0.233 0.013
1137 2193 2193 0 825.069 0.000 825.069 0.233 0.013
1138 2193 2193 0 835.128 0.000 835.128 0.217 0.013
1139 2193 2193 0 844.374 0.000 844.374 0.217 0.012
1140 2193 2193 0 853.180 0.000 853.180 0.217 0.012
1141 2193 2193 0 861.212 0.000 861.212 0.217 0.012
1142 2193 2193 0 870.330 0.000 870.330 0.217 0.011
1143 2193 2193 0 879.018 0.000 879.018 0.217 0.011
1144 2193 2193 0 887.466 0.000 887.466 0.200 0.011
1145 2193 2193 0 895.499 0.000 895.499 0.183 0.010
1146 2193 2193 0 903.854 0.000 903.854 0.183 0.010
1147 2193 2193 0 912.107 0.000 912.107 0.183 0.010
1148 2193 2193 0 917.921 0.000 917.921 0.183 0.009
1149 2193 2193 0 924.849 0.000 924.849 0.167 0.009
1150 2193 2193 0 930.128 0.000 930.128 0.167 0.009
1151 2193 2193 0 934.999 0.000 934.999 0.167 0.009
1152 2193 2193 0 940.672 0.000 940.672 0.167 0.008
1153 2193 2193 0 943.805 0.000 943.805 0.150 0.008
1154 2193 2193 0 948.658 0.000 948.658 0.133 0.008
1155 2193 2193 0 950.990 0.000 950.990 0.133 0.007
1156 2193 2193 0 951.475 0.000 951.475 0.117 0.007
1157 2193 2193 0 951.596 0.000 951.596 0.117 0.007
1158 2193 2193 0 949.680 0.000 949.680 0.083 0.007
1159 2193 2193 0 948.415 0.000 948.415 0.083 0.006
1160 2193 2193 0 943.389 0.000 943.389 0.083 0.006
1161 2182 2193 11 937.750 0.000 937.750 0.083 0.006
1162 2095 2193 98 928.178 0.000 928.178 0.083 0.005
1163 1830 1854 24 920.913 0.000 920.913 0.067 0.005
1164 1441 1527 86 910.595 0.000 910.595 0.083 0.005
1165 1422 1441 19 902.962 0.000 902.962 0.100 0.005
1166 1422 1441 19 893.747 0.000 893.747 0.100 0.004
1167 1422 1422 0 884.601 0.000 884.601 0.100 0.004
1168 1422 1422 0 873.948 0.000 873.948 0.100 0.004
1169 1422 1422 0 863.146 0.000 863.146 0.100 0.004
1170 1422 1422 0 848.672 0.000 848.672 0.100 0.003
1171 1422 1422 0 833.412 0.000 833.412 0.100 0.003
1172 1422 1422 0 818.986 0.000 818.986 0.100 0.003
1173 1422 1422 0 801.084 0.000 801.084 0.100 0.003
1174 1422 1422 0 783.648 0.000 783.648 0.100 0.003
1175 1422 1422 0 761.506 0.000 761.506 0.100 0.002
1176 1422 1422 0 739.413 0.000 739.413 0.100 0.002
1177 1422 1422 0 718.145 0.000 718.145 0.100 0.002
1178 1422 1422 0 699.133 0.000 699.133 0.100 0.002
1179 1422 1422 0 674.385 0.000 674.385 0.100 0.002
1180 1422 1422 0 653.214 0.000 653.214 0.100 0.002
1181 1422 1422 0 627.876 0.000 627.876 0.100 0.001
1182 1422 1422 0 603.059 0.000 603.059 0.100 0.001
1183 1422 1422 0 577.630 0.000 577.630 0.100 0.001
1184 1422 1422 0 551.705 0.000 551.705 0.100 0.001
1185 1422 1422 0 524.257 0.000 524.257 0.100 0.001
1186 1417 1417 0 500.377 0.000 500.377 0.100 0.001
1187 1417 1417 0 476.689 0.000 476.689 0.100 0.001
1188 1417 1417 0 453.761 0.000 453.761 0.100 0.001
1189 1417 1417 0 433.017 0.000 433.017 0.100 0.001
1190 1304 1369 65 412.098 0.000 412.098 0.100 0.001
1191 1304 1369 65 392.010 0.000 392.010 0.100 0.002
1192 1286 1369 83 372.413 0.000 372.413 0.100 0.002
1193 1283 1310 27 352.078 0.000 352.078 0.117 0.002
1194 1283 1286 3 334.603 0.000 334.603 0.117 0.002
1195 1233 1286 53 315.019 0.000 315.019 0.133 0.002
1196 1168 1286 118 294.890 0.000 294.890 0.133 0.002
1197 1147 1286 139 278.090 0.000 278.090 0.133 0.003
1198 1147 1286 139 262.381 0.000 262.381 0.133 0.003
1199 1145 1286 141 249.051 0.000 249.051 0.133 0.003
