1 449 332 117 262.041 0.000 262.041 6.000 1.426
2 449 332 117 275.567 0.000 275.567 3.000 0.722
3 518 518 0 295.202 0.000 295.202 2.333 0.487
4 518 518 0 310.022 0.000 310.022 1.750 0.369
5 780 780 0 322.483 0.000 322.483 1.400 0.298
6 780 780 0 342.619 0.000 342.619 1.167 0.251
7 780 780 0 354.499 0.000 354.499 1.000 0.217
8 780 780 0 372.663 0.000 372.663 0.875 0.192
9 831 780 51 393.258 0.000 393.258 0.778 0.172
10 1102 1102 0 414.651 0.000 414.651 0.700 0.156
11 1279 1102 177 435.503 0.000 435.503 0.636 0.143
12 1763 1611 152 458.789 0.000 458.789 0.583 0.132
13 1930 1868 62 487.411 0.000 487.411 0.538 0.123
14 2216 2088 128 514.429 0.000 514.429 0.571 0.115
15 2514 2514 0 540.908 0.000 540.908 0.667 0.108
16 2723 2723 0 574.323 0.000 574.323 0.688 0.102
17 2800 2723 77 601.010 0.000 601.010 0.647 0.097
18 2967 2932 35 628.046 0.000 628.046 0.667 0.092
19 2967 2932 35 661.160 0.000 661.160 0.632 0.088
20 2967 2932 35 682.067 0.000 682.067 0.600 0.084
21 2967 2932 35 714.929 0.000 714.929 0.571 0.081
22 2967 2932 35 737.634 0.000 737.634 0.545 0.077
23 2967 2932 35 758.735 0.000 758.735 0.522 0.075
24 3096 2932 164 775.961 0.000 775.961 0.500 0.072
25 3385 3239 146 793.693 0.000 793.693 0.520 0.070
26 3423 3239 184 811.681 0.000 811.681 0.500 0.067
27 3511 3470 41 825.216 0.000 825.216 0.519 0.065
28 3665 3470 195 837.000 0.000 837.000 0.500 0.063
29 3665 3470 195 851.355 0.000 851.355 0.483 0.062
30 3665 3470 195 863.081 0.000 863.081 0.467 0.060
31 3665 3470 195 867.382 0.000 867.382 0.452 0.058
32 3665 3470 195 870.498 0.000 870.498 0.438 0.057
33 3665 3470 195 874.336 0.000 874.336 0.424 0.055
34 3665 3470 195 877.509 0.000 877.509 0.412 0.054
35 3665 3470 195 880.789 0.000 880.789 0.400 0.053
36 3665 3470 195 884.497 0.000 884.497 0.389 0.051
37 3665 3470 195 888.320 0.000 888.320 0.378 0.050
38 3665 3470 195 891.373 0.000 891.373 0.368 0.049
39 3665 3470 195 894.395 0.000 894.395 0.359 0.048
40 3665 3470 195 897.334 0.000 897.334 0.350 0.047
41 3665 3470 195 900.331 0.000 900.331 0.341 0.046
42 3665 3470 195 903.876 0.000 903.876 0.333 0.045
43 3665 3470 195 906.444 0.000 906.444 0.326 0.044
44 3665 3470 195 909.812 0.000 909.812 0.318 0.043
45 3665 3470 195 912.222 0.000 912.222 0.311 0.042
46 3665 3470 195 914.294 0.000 914.294 0.304 0.041
47 3665 3470 195 916.427 0.000 916.427 0.298 0.041
48 3665 3470 195 918.904 0.000 918.904 0.292 0.040
49 3665 3470 195 920.803 0.000 920.803 0.286 0.039
50 3665 3470 195 922.582 0.000 922.582 0.280 0.038
51 3665 3470 195 924.230 0.000 924.230 0.275 0.038
52 3665 3470 195 925.737 0.000 925.737 0.269 0.037
53 3665 3470 195 926.925 0.000 926.925 0.264 0.036
54 3665 3470 195 928.131 0.000 928.131 0.259 0.036
55 3665 3470 195 928.941 0.000 928.941 0.255 0.035
56 3665 3470 195 929.616 0.000 929.616 0.250 0.034
57 3665 3470 195 930.079 0.000 930.079 0.246 0.034
58 3665 3470 195 930.539 0.000 930.539 0.241 0.033
59 3665 3470 195 930.808 0.000 930.808 0.237 0.033
60 3665 3470 195 931.016 0.000 931.016 0.233 0.032
61 3665 3470 195 939.580 0.000 939.580 0.217 0.008
62 3665 3470 195 946.609 0.000 946.609 0.217 0.008
63 3665 3470 195 955.422 0.000 955.422 0.217 0.008
64 3665 3470 195 965.230 0.000 965.230 0.217 0.007
65 3665 3470 195 971.887 0.000 971.887 0.217 0.007
66 3665 3470 195 982.038 0.000 982.038 0.217 0.007
67 3665 3470 195 988.676 0.000 988.676 0.200 0.007
68 3665 3470 195 997.601 0.000 997.601 0.200 0.006
69 3665 3470 195 1004.808 0.000 1004.808 0.183 0.006
70 3665 3470 195 1011.829 0.000 1011.829 0.167 0.006
71 3665 3470 195 1017.392 0.000 1017.392 0.167 0.006
72 3665 3470 195 1021.377 0.000 1021.377 0.133 0.006
73 3665 3470 195 1023.488 0.000 1023.488 0.117 0.005
74 3665 3470 195 1024.929 0.000 1024.929 0.100 0.005
75 3665 3470 195 1022.446 0.000 1022.446 0.067 0.005
76 3665 3470 195 1018.197 0.000 1018.197 0.050 0.005
77 3665 3470 195 1014.172 0.000 1014.172 0.050 0.004
78 3665 3470 195 1009.345 0.000 1009.345 0.050 0.004
79 3665 3470 195 1001.835 0.000 1001.835 0.050 0.004
80 3665 3470 195 994.877 0.000 994.877 0.050 0.004
81 3665 3470 195 983.387 0.000 983.387 0.050 0.004
82 3665 3470 195 973.982 0.000 973.982 0.050 0.004
83 3665 3470 195 963.752 0.000 963.752 0.050 0.003
84 3665 3470 195 953.583 0.000 953.583 0.050 0.003
85 3665 3470 195 939.321 0.000 939.321 0.050 0.003
86 3665 3470 195 924.148 0.000 924.148 0.050 0.003
87 3665 3470 195 909.666 0.000 909.666 0.050 0.003
88 3624 3470 154 894.096 0.000 894.096 0.033 0.002
89 2989 2989 0 874.290 0.000 874.290 0.033 0.002
90 2179 2203 24 855.437 0.000 855.437 0.083 0.002
91 1515 1628 113 841.532 0.000 841.532 0.150 0.002
92 1515 1448 67 828.673 0.000 828.673 0.150 0.002
93 1515 1448 67 810.807 0.000 810.807 0.150 0.002
94 1515 1448 67 794.061 0.000 794.061 0.150 0.002
95 1515 1448 67 774.286 0.000 774.286 0.150 0.002
96 1515 1448 67 751.929 0.000 751.929 0.150 0.001
97 1515 1448 67 727.084 0.000 727.084 0.150 0.001
98 1515 1448 67 704.628 0.000 704.628 0.150 0.001
99 1515 1448 67 677.836 0.000 677.836 0.150 0.001
100 1515 1448 67 653.717 0.000 653.717 0.150 0.001
101 1515 1448 67 629.746 0.000 629.746 0.150 0.001
102 1515 1448 67 602.669 0.000 602.669 0.150 0.001
103 1515 1448 67 577.163 0.000 577.163 0.150 0.001
104 1515 1448 67 550.821 0.000 550.821 0.150 0.001
105 1515 1448 67 529.506 0.000 529.506 0.150 0.001
106 1515 1448 67 505.528 0.000 505.528 0.150 0.001
107 1515 1448 67 482.109 0.000 482.109 0.150 0.001
108 1515 1448 67 457.620 0.000 457.620 0.150 0.001
109 1515 1448 67 434.680 0.000 434.680 0.150 0.001
110 1273 1448 175 411.801 0.000 411.801 0.150 0.001
111 1220 1448 228 389.751 0.000 389.751 0.150 0.001
112 1211 1448 237 368.763 0.000 368.763 0.150 0.001
113 1211 1448 237 348.594 0.000 348.594 0.150 0.001
114 1208 1448 240 329.401 0.000 329.401 0.150 0.001
115 1208 1448 240 310.486 0.000 310.486 0.150 0.001
116 1208 1448 240 294.432 0.000 294.432 0.150 0.001
117 1208 1448 240 279.832 0.000 279.832 0.150 0.001
118 1208 1448 240 265.510 0.000 265.510 0.150 0.001
119 1208 1448 240 251.916 0.000 251.916 0.150 0.001
120 1208 1448 240 237.727 0.000 237.727 0.150 0.002
121 1208 1448 240 223.831 0.000 223.831 0.150 0.002
122 1208 1356 148 209.453 0.000 209.453 0.150 0.002
123 1064 1356 292 196.906 0.000 196.906 0.150 0.002
124 1048 1356 308 188.462 0.000 188.462 0.150 0.002
125 1040 1235 195 177.574 0.000 177.574 0.150 0.002
126 1040 1235 195 167.679 0.000 167.679 0.150 0.002
127 1018 1235 217 157.621 0.000 157.621 0.150 0.003
128 1018 1235 217 148.130 0.000 148.130 0.150 0.003
129 1018 1235 217 140.094 0.000 140.094 0.150 0.003
130 1018 1235 217 132.099 0.000 132.099 0.150 0.003
131 1018 1235 217 124.631 0.000 124.631 0.150 0.003
132 1018 1235 217 118.434 0.000 118.434 0.150 0.003
133 964 1235 271 111.388 0.000 111.388 0.167 0.004
134 964 1235 271 105.327 0.000 105.327 0.167 0.004
135 964 1193 229 96.826 0.000 96.826 0.167 0.004
136 964 1137 173 87.857 0.000 87.857 0.167 0.004
137 964 1137 173 80.881 0.000 80.881 0.167 0.004
138 905 1137 232 75.483 0.000 75.483 0.167 0.004
139 905 1137 232 69.888 0.000 69.888 0.167 0.005
140 905 1137 232 63.544 0.000 63.544 0.167 0.005
141 733 915 182 57.779 0.000 57.779 0.167 0.005
142 733 915 182 52.471 0.000 52.471 0.183 0.005
143 733 915 182 47.517 0.000 47.517 0.183 0.005
144 733 886 153 43.450 0.000 43.450 0.183 0.005
145 733 886 153 38.409 0.000 38.409 0.183 0.005
146 733 886 153 33.630 0.000 33.630 0.183 0.006
147 686 886 200 28.864 0.000 28.864 0.183 0.006
148 686 886 200 24.858 0.000 24.858 0.200 0.006
149 509 886 377 20.640 0.000 20.640 0.167 0.006
150 509 801 292 17.161 0.000 17.161 0.117 0.006
151 509 725 216 14.366 0.000 14.366 0.067 0.006
152 494 682 188 11.937 0.000 11.937 0.067 0.006
153 414 612 198 9.226 0.000 9.226 0.067 0.006
154 414 612 198 7.329 0.000 7.329 0.067 0.007
155 414 612 198 5.498 0.000 5.498 0.067 0.007
156 298 573 275 3.826 0.000 3.826 0.083 0.007
157 277 573 296 2.564 0.000 2.564 0.083 0.007
158 240 573 333 1.580 0.000 1.580 0.083 0.007
159 240 573 333 0.952 0.000 0.952 0.083 0.007
160 240 573 333 0.565 0.000 0.565 0.083 0.007
161 234 573 339 0.290 0.000 0.290 0.083 0.007
162 234 573 339 0.187 0.000 0.187 0.083 0.007
163 234 573 339 0.155 0.000 0.155 0.083 0.007
164 234 573 339 0.097 0.000 0.097 0.083 0.007
165 197 573 376 0.046 0.000 0.046 0.083 0.007
166 197 573 376 0.053 0.000 0.053 0.083 0.007
167 197 573 376 0.057 0.000 0.057 0.083 0.007
168 197 573 376 0.133 0.000 0.133 0.083 0.007
169 234 573 339 0.256 0.000 0.256 0.083 0.007
170 234 573 339 0.425 0.000 0.425 0.083 0.007
171 234 573 339 0.575 0.000 0.575 0.083 0.007
172 234 573 339 0.983 0.000 0.983 0.083 0.007
173 234 573 339 1.515 0.000 1.515 0.083 0.007
174 264 573 309 2.601 0.000 2.601 0.083 0.007
175 264 573 309 3.689 0.000 3.689 0.083 0.006
176 356 573 217 5.820 0.000 5.820 0.100 0.006
177 392 573 181 8.658 0.000 8.658 0.100 0.006
178 400 573 173 11.454 0.000 11.454 0.100 0.006
179 400 573 173 15.051 0.000 15.051 0.100 0.006
180 496 573 77 20.059 0.000 20.059 0.100 0.006
181 496 573 77 26.214 0.000 26.214 0.100 0.006
182 496 573 77 32.584 0.000 32.584 0.100 0.006
183 580 573 7 40.391 0.000 40.391 0.100 0.006
184 598 573 25 49.146 0.000 49.146 0.100 0.007
185 618 573 45 57.287 0.000 57.287 0.100 0.007
186 618 610 8 66.388 0.000 66.388 0.100 0.007
187 618 610 8 76.024 0.000 76.024 0.100 0.007
188 723 610 113 87.892 0.000 87.892 0.100 0.007
189 1188 1155 33 102.758 0.000 102.758 0.150 0.007
190 1221 1155 66 119.258 0.000 119.258 0.150 0.007
191 1364 1356 8 135.409 0.000 135.409 0.167 0.007
192 1364 1356 8 146.997 0.000 146.997 0.167 0.007
193 1364 1356 8 162.270 0.000 162.270 0.167 0.007
194 1364 1356 8 179.609 0.000 179.609 0.167 0.007
195 1364 1356 8 199.759 0.000 199.759 0.167 0.007
196 1364 1356 8 218.819 0.000 218.819 0.167 0.007
197 1397 1356 41 239.681 0.000 239.681 0.167 0.007
198 1397 1356 41 258.424 0.000 258.424 0.167 0.007
199 1631 1594 37 279.393 0.000 279.393 0.183 0.007
200 1719 1594 125 303.872 0.000 303.872 0.183 0.007
201 1854 1852 2 327.343 0.000 327.343 0.167 0.007
202 1854 1852 2 349.762 0.000 349.762 0.150 0.007
203 1854 1852 2 369.079 0.000 369.079 0.150 0.007
204 1854 1852 2 388.214 0.000 388.214 0.150 0.007
205 1854 1852 2 407.575 0.000 407.575 0.150 0.007
206 1854 1852 2 425.338 0.000 425.338 0.150 0.007
207 1854 1852 2 443.205 0.000 443.205 0.150 0.007
208 1854 1852 2 460.738 0.000 460.738 0.150 0.007
209 1854 1852 2 479.000 0.000 479.000 0.150 0.007
210 1854 1852 2 494.009 0.000 494.009 0.133 0.007
211 1854 1852 2 509.736 0.000 509.736 0.133 0.007
212 1854 1852 2 524.611 0.000 524.611 0.133 0.007
213 1854 1852 2 540.803 0.000 540.803 0.133 0.007
214 1854 1852 2 554.109 0.000 554.109 0.133 0.007
215 1854 1852 2 569.623 0.000 569.623 0.133 0.007
216 1854 1852 2 583.293 0.000 583.293 0.117 0.007
217 1854 1852 2 597.668 0.000 597.668 0.117 0.007
218 1854 1852 2 610.239 0.000 610.239 0.117 0.007
219 1854 1852 2 624.776 0.000 624.776 0.117 0.007
220 1854 1852 2 637.066 0.000 637.066 0.117 0.008
221 1854 1852 2 650.901 0.000 650.901 0.117 0.008
222 1854 1852 2 662.905 0.000 662.905 0.117 0.008
223 1854 1852 2 676.325 0.000 676.325 0.117 0.008
224 1854 1852 2 687.232 0.000 687.232 0.117 0.008
225 1854 1852 2 699.338 0.000 699.338 0.117 0.008
226 1854 1852 2 707.484 0.000 707.484 0.117 0.008
227 1854 1852 2 717.806 0.000 717.806 0.117 0.008
228 1854 1852 2 727.918 0.000 727.918 0.117 0.008
229 1854 1852 2 739.454 0.000 739.454 0.117 0.008
230 1854 1852 2 751.293 0.000 751.293 0.117 0.008
231 1854 1852 2 762.508 0.000 762.508 0.117 0.008
232 1854 1852 2 772.804 0.000 772.804 0.117 0.008
233 1854 1852 2 782.056 0.000 782.056 0.117 0.008
234 1854 1852 2 792.388 0.000 792.388 0.117 0.008
235 1854 1852 2 800.715 0.000 800.715 0.117 0.008
236 1854 1852 2 810.502 0.000 810.502 0.117 0.008
237 1854 1852 2 821.506 0.000 821.506 0.117 0.008
238 1854 1852 2 829.931 0.000 829.931 0.117 0.008
239 1854 1852 2 838.567 0.000 838.567 0.117 0.008
240 1854 1852 2 848.292 0.000 848.292 0.100 0.008
241 1854 1852 2 858.977 0.000 858.977 0.100 0.008
242 1854 1852 2 868.233 0.000 868.233 0.100 0.007
243 1854 1852 2 877.829 0.000 877.829 0.100 0.007
244 1854 1852 2 887.430 0.000 887.430 0.100 0.007
245 1854 1852 2 895.249 0.000 895.249 0.100 0.007
246 1854 1852 2 902.608 0.000 902.608 0.100 0.006
247 1854 1852 2 909.632 0.000 909.632 0.100 0.006
248 1854 1852 2 916.892 0.000 916.892 0.083 0.006
249 1854 1852 2 922.826 0.000 922.826 0.067 0.006
250 1854 1852 2 928.799 0.000 928.799 0.067 0.006
251 1854 1852 2 933.177 0.000 933.177 0.067 0.005
252 1854 1852 2 936.701 0.000 936.701 0.067 0.005
253 1854 1852 2 939.544 0.000 939.544 0.067 0.005
254 1854 1852 2 943.573 0.000 943.573 0.067 0.005
255 1854 1852 2 945.369 0.000 945.369 0.050 0.005
256 1854 1852 2 945.709 0.000 945.709 0.050 0.005
257 1854 1852 2 945.760 0.000 945.760 0.050 0.004
258 1854 1852 2 944.936 0.000 944.936 0.050 0.004
259 1854 1852 2 943.124 0.000 943.124 0.050 0.004
260 1854 1852 2 937.716 0.000 937.716 0.050 0.004
261 1632 1609 23 930.925 0.000 930.925 0.050 0.004
262 1632 1609 23 924.186 0.000 924.186 0.050 0.003
263 1535 1609 74 918.894 0.000 918.894 0.050 0.003
264 1535 1609 74 912.958 0.000 912.958 0.050 0.003
265 1535 1609 74 906.427 0.000 906.427 0.050 0.003
266 1535 1609 74 899.336 0.000 899.336 0.050 0.003
267 1535 1609 74 890.601 0.000 890.601 0.050 0.003
268 1427 1609 182 879.675 0.000 879.675 0.050 0.002
269 1427 1609 182 867.209 0.000 867.209 0.033 0.002
270 1427 1609 182 853.924 0.000 853.924 0.033 0.002
271 1427 1609 182 838.054 0.000 838.054 0.033 0.002
272 1427 1609 182 822.290 0.000 822.290 0.033 0.002
273 1427 1609 182 803.490 0.000 803.490 0.033 0.002
274 1427 1609 182 786.461 0.000 786.461 0.033 0.002
275 1427 1609 182 765.206 0.000 765.206 0.033 0.001
276 1427 1609 182 742.354 0.000 742.354 0.033 0.001
277 1427 1609 182 718.291 0.000 718.291 0.033 0.001
278 1427 1609 182 695.025 0.000 695.025 0.033 0.001
279 1427 1609 182 671.004 0.000 671.004 0.033 0.001
280 1427 1609 182 646.452 0.000 646.452 0.033 0.001
281 1365 1382 17 619.524 0.000 619.524 0.033 0.001
282 1365 1382 17 592.278 0.000 592.278 0.033 0.001
283 1365 1382 17 564.933 0.000 564.933 0.033 0.001
284 1316 1382 66 540.875 0.000 540.875 0.033 0.001
285 1316 1382 66 514.582 0.000 514.582 0.033 0.000
286 1316 1382 66 490.705 0.000 490.705 0.033 0.000
287 1316 1382 66 466.348 0.000 466.348 0.033 0.000
288 1316 1382 66 444.092 0.000 444.092 0.033 0.000
289 1309 1382 73 423.325 0.000 423.325 0.033 0.000
290 1257 1382 125 398.662 0.000 398.662 0.033 0.001
291 1257 1382 125 377.845 0.000 377.845 0.033 0.001
292 1257 1382 125 360.230 0.000 360.230 0.033 0.001
293 1251 1382 131 342.019 0.000 342.019 0.033 0.001
294 1251 1382 131 323.051 0.000 323.051 0.033 0.001
295 1251 1382 131 303.143 0.000 303.143 0.033 0.001
296 1251 1382 131 286.463 0.000 286.463 0.033 0.001
297 1213 1382 169 270.988 0.000 270.988 0.050 0.001
298 1213 1382 169 257.010 0.000 257.010 0.050 0.001
299 1181 1382 201 244.390 0.000 244.390 0.050 0.001
300 1181 1382 201 231.057 0.000 231.057 0.050 0.001
301 1181 1382 201 217.753 0.000 217.753 0.050 0.002
302 1181 1337 156 206.341 0.000 206.341 0.050 0.002
303 1181 1337 156 192.956 0.000 192.956 0.050 0.002
304 1181 1337 156 180.674 0.000 180.674 0.050 0.002
305 1181 1337 156 170.681 0.000 170.681 0.050 0.002
306 1181 1337 156 161.187 0.000 161.187 0.050 0.002
307 1027 1335 308 151.634 0.000 151.634 0.050 0.003
308 1027 1181 154 143.888 0.000 143.888 0.050 0.003
309 1027 1181 154 135.405 0.000 135.405 0.050 0.003
310 1027 1181 154 128.074 0.000 128.074 0.050 0.003
311 1027 1181 154 120.888 0.000 120.888 0.050 0.003
312 1027 1181 154 112.701 0.000 112.701 0.050 0.003
313 1027 1181 154 105.461 0.000 105.461 0.050 0.003
314 1027 1181 154 99.339 0.000 99.339 0.050 0.004
315 1027 1181 154 93.160 0.000 93.160 0.050 0.004
316 1018 1181 163 85.222 0.000 85.222 0.050 0.004
317 910 1165 255 79.495 0.000 79.495 0.067 0.004
318 857 1165 308 72.969 0.000 72.969 0.083 0.004
319 857 1039 182 67.306 0.000 67.306 0.083 0.004
320 857 1039 182 61.079 0.000 61.079 0.083 0.004
321 857 1039 182 55.973 0.000 55.973 0.067 0.004
322 856 900 44 50.145 0.000 50.145 0.067 0.005
323 715 900 185 45.433 0.000 45.433 0.067 0.005
324 715 900 185 40.984 0.000 40.984 0.067 0.005
325 630 900 270 36.745 0.000 36.745 0.083 0.005
326 564 900 336 33.026 0.000 33.026 0.083 0.005
327 513 826 313 29.307 0.000 29.307 0.083 0.005
328 506 826 320 25.683 0.000 25.683 0.067 0.005
329 452 826 374 21.732 0.000 21.732 0.067 0.006
330 452 826 374 18.425 0.000 18.425 0.067 0.006
331 452 724 272 15.048 0.000 15.048 0.067 0.006
332 452 724 272 12.029 0.000 12.029 0.083 0.006
333 452 724 272 9.159 0.000 9.159 0.083 0.006
334 387 673 286 6.943 0.000 6.943 0.083 0.006
335 333 673 340 4.982 0.000 4.982 0.083 0.007
336 333 645 312 3.300 0.000 3.300 0.083 0.007
337 208 576 368 2.042 0.000 2.042 0.083 0.007
338 208 576 368 1.256 0.000 1.256 0.083 0.007
339 170 576 406 0.720 0.000 0.720 0.083 0.007
340 161 576 415 0.541 0.000 0.541 0.083 0.007
341 161 576 415 0.414 0.000 0.414 0.083 0.007
342 161 576 415 0.257 0.000 0.257 0.100 0.007
343 152 576 424 0.203 0.000 0.203 0.100 0.007
344 152 576 424 0.174 0.000 0.174 0.100 0.007
345 152 576 424 0.160 0.000 0.160 0.100 0.007
346 194 576 382 0.193 0.000 0.193 0.100 0.007
347 194 576 382 0.211 0.000 0.211 0.100 0.007
348 237 576 339 0.258 0.000 0.258 0.083 0.007
349 237 576 339 0.324 0.000 0.324 0.083 0.007
350 237 576 339 0.405 0.000 0.405 0.083 0.007
351 237 576 339 0.580 0.000 0.580 0.083 0.007
352 306 576 270 0.990 0.000 0.990 0.083 0.007
353 327 576 249 1.461 0.000 1.461 0.083 0.007
354 379 576 197 2.421 0.000 2.421 0.100 0.006
355 379 576 197 3.677 0.000 3.677 0.100 0.006
356 468 576 108 5.960 0.000 5.960 0.100 0.006
357 468 576 108 9.004 0.000 9.004 0.100 0.006
358 468 576 108 12.262 0.000 12.262 0.100 0.006
359 468 576 108 16.040 0.000 16.040 0.100 0.006
360 468 576 108 20.068 0.000 20.068 0.100 0.006
361 497 576 79 24.938 0.000 24.938 0.100 0.006
362 497 576 79 30.350 0.000 30.350 0.100 0.006
363 499 576 77 36.783 0.000 36.783 0.100 0.006
364 561 576 15 43.941 0.000 43.941 0.100 0.006
365 563 576 13 52.205 0.000 52.205 0.117 0.006
366 668 576 92 60.891 0.000 60.891 0.117 0.006
367 668 576 92 72.614 0.000 72.614 0.117 0.006
368 668 576 92 83.293 0.000 83.293 0.117 0.006
369 758 576 182 93.581 0.000 93.581 0.117 0.006
370 758 576 182 107.875 0.000 107.875 0.133 0.007
371 803 746 57 120.524 0.000 120.524 0.133 0.007
372 1003 870 133 136.469 0.000 136.469 0.133 0.007
373 1003 870 133 152.277 0.000 152.277 0.133 0.007
374 1003 870 133 169.444 0.000 169.444 0.150 0.007
375 1241 1166 75 187.116 0.000 187.116 0.167 0.007
376 1241 1166 75 204.344 0.000 204.344 0.150 0.007
377 1241 1166 75 222.458 0.000 222.458 0.150 0.007
378 1617 1617 0 244.783 0.000 244.783 0.167 0.007
379 2229 2229 0 267.236 0.000 267.236 0.217 0.007
380 2667 2476 191 297.117 0.000 297.117 0.233 0.007
381 2790 2735 55 326.853 0.000 326.853 0.250 0.007
382 2986 2969 17 357.356 0.000 357.356 0.267 0.007
383 3004 2969 35 389.604 0.000 389.604 0.250 0.007
384 3004 2969 35 416.581 0.000 416.581 0.250 0.007
385 3004 2969 35 445.268 0.000 445.268 0.233 0.007
386 3004 2969 35 467.175 0.000 467.175 0.233 0.007
387 3004 2969 35 493.010 0.000 493.010 0.233 0.008
388 3004 2969 35 517.233 0.000 517.233 0.233 0.008
389 3004 2969 35 535.545 0.000 535.545 0.233 0.008
390 3004 2969 35 551.924 0.000 551.924 0.233 0.008
391 3004 2969 35 566.650 0.000 566.650 0.233 0.008
392 3004 2969 35 581.128 0.000 581.128 0.217 0.008
393 3004 2969 35 596.669 0.000 596.669 0.217 0.008
394 3004 2969 35 609.906 0.000 609.906 0.217 0.008
395 3004 2969 35 623.578 0.000 623.578 0.217 0.008
396 3004 2969 35 636.559 0.000 636.559 0.217 0.008
397 3004 2969 35 649.296 0.000 649.296 0.217 0.008
398 3004 2969 35 661.876 0.000 661.876 0.217 0.008
399 3004 2969 35 674.499 0.000 674.499 0.217 0.008
400 3004 2969 35 687.062 0.000 687.062 0.217 0.008
401 3004 2969 35 698.266 0.000 698.266 0.217 0.008
402 3004 2969 35 709.666 0.000 709.666 0.200 0.008
403 3004 2969 35 720.756 0.000 720.756 0.200 0.008
404 3004 2969 35 733.263 0.000 733.263 0.200 0.008
405 3004 2969 35 744.174 0.000 744.174 0.200 0.008
406 3004 2969 35 756.668 0.000 756.668 0.200 0.008
407 3004 2969 35 768.406 0.000 768.406 0.200 0.008
408 3004 2969 35 780.850 0.000 780.850 0.200 0.008
409 3004 2969 35 791.643 0.000 791.643 0.200 0.008
410 3004 2969 35 803.150 0.000 803.150 0.200 0.008
411 3004 2969 35 813.584 0.000 813.584 0.200 0.008
412 3004 2969 35 823.075 0.000 823.075 0.200 0.008
413 3004 2969 35 832.029 0.000 832.029 0.200 0.008
414 3004 2969 35 842.336 0.000 842.336 0.200 0.008
415 3004 2969 35 851.815 0.000 851.815 0.200 0.008
416 3004 2969 35 863.228 0.000 863.228 0.183 0.008
417 3004 2969 35 874.541 0.000 874.541 0.183 0.008
418 3004 2969 35 884.591 0.000 884.591 0.183 0.008
419 3004 2969 35 894.817 0.000 894.817 0.183 0.008
420 3004 2969 35 903.394 0.000 903.394 0.183 0.008
421 3004 2969 35 912.106 0.000 912.106 0.183 0.008
422 3004 2969 35 920.782 0.000 920.782 0.183 0.008
423 3004 2969 35 928.847 0.000 928.847 0.183 0.007
424 3004 2969 35 936.719 0.000 936.719 0.183 0.007
425 3004 2969 35 945.164 0.000 945.164 0.167 0.007
426 3004 2969 35 951.956 0.000 951.956 0.167 0.007
427 3004 2969 35 961.042 0.000 961.042 0.167 0.006
428 3004 2969 35 968.499 0.000 968.499 0.167 0.006
429 3004 2969 35 973.448 0.000 973.448 0.167 0.006
430 3004 2969 35 980.431 0.000 980.431 0.150 0.006
431 3004 2969 35 986.241 0.000 986.241 0.150 0.006
432 3004 2969 35 992.111 0.000 992.111 0.150 0.005
433 3004 2969 35 998.220 0.000 998.220 0.150 0.005
434 3004 2969 35 1002.786 0.000 1002.786 0.133 0.005
435 3004 2969 35 1006.191 0.000 1006.191 0.117 0.005
436 3004 2969 35 1009.052 0.000 1009.052 0.117 0.005
437 3004 2969 35 1011.854 0.000 1011.854 0.117 0.005
438 3004 2969 35 1010.990 0.000 1010.990 0.100 0.004
439 3004 2969 35 1006.930 0.000 1006.930 0.050 0.004
440 3004 2969 35 998.259 0.000 998.259 0.050 0.004
441 3004 2969 35 989.023 0.000 989.023 0.050 0.004
442 3004 2969 35 975.754 0.000 975.754 0.050 0.003
443 2979 2969 10 959.085 0.000 959.085 0.050 0.003
444 2979 2969 10 945.090 0.000 945.090 0.050 0.003
445 2803 2969 166 929.054 0.000 929.054 0.033 0.003
446 2803 2969 166 915.811 0.000 915.811 0.033 0.003
447 2469 2469 0 899.097 0.000 899.097 0.033 0.003
448 1915 2111 196 879.707 0.000 879.707 0.050 0.002
449 1671 1671 0 865.310 0.000 865.310 0.100 0.002
450 1671 1671 0 851.484 0.000 851.484 0.100 0.002
451 1671 1671 0 840.032 0.000 840.032 0.100 0.002
452 1671 1671 0 824.171 0.000 824.171 0.100 0.002
453 1671 1671 0 806.337 0.000 806.337 0.100 0.002
454 1671 1671 0 786.848 0.000 786.848 0.100 0.002
455 1671 1671 0 765.521 0.000 765.521 0.100 0.001
456 1671 1671 0 742.249 0.000 742.249 0.100 0.001
457 1671 1671 0 721.667 0.000 721.667 0.100 0.001
458 1671 1671 0 699.840 0.000 699.840 0.100 0.001
459 1328 1328 0 674.889 0.000 674.889 0.100 0.001
460 1328 1328 0 649.981 0.000 649.981 0.100 0.001
461 1328 1328 0 622.938 0.000 622.938 0.100 0.001
462 1328 1328 0 596.891 0.000 596.891 0.100 0.001
463 1328 1328 0 572.674 0.000 572.674 0.100 0.001
464 1301 1328 27 550.534 0.000 550.534 0.100 0.001
465 1301 1328 27 527.122 0.000 527.122 0.100 0.001
466 1301 1328 27 502.934 0.000 502.934 0.100 0.001
467 1301 1328 27 478.348 0.000 478.348 0.100 0.001
468 1301 1328 27 452.999 0.000 452.999 0.100 0.001
469 1301 1328 27 429.108 0.000 429.108 0.100 0.001
470 1301 1328 27 407.108 0.000 407.108 0.100 0.001
471 1301 1328 27 386.469 0.000 386.469 0.100 0.001
472 1301 1328 27 366.235 0.000 366.235 0.100 0.001
473 1301 1328 27 347.522 0.000 347.522 0.100 0.001
474 1301 1328 27 329.406 0.000 329.406 0.100 0.001
475 1301 1328 27 312.374 0.000 312.374 0.100 0.001
476 1301 1328 27 295.735 0.000 295.735 0.100 0.001
477 1301 1328 27 279.782 0.000 279.782 0.100 0.001
478 1301 1328 27 265.773 0.000 265.773 0.100 0.001
479 1301 1328 27 249.646 0.000 249.646 0.100 0.002
480 1301 1328 27 236.432 0.000 236.432 0.100 0.002
481 1301 1328 27 224.222 0.000 224.222 0.100 0.002
482 1301 1328 27 212.213 0.000 212.213 0.100 0.002
483 1301 1328 27 199.890 0.000 199.890 0.100 0.002
484 1301 1328 27 189.918 0.000 189.918 0.100 0.002
485 1301 1328 27 179.677 0.000 179.677 0.100 0.002
486 1301 1328 27 170.214 0.000 170.214 0.100 0.003
487 1301 1328 27 160.658 0.000 160.658 0.100 0.003
488 1301 1328 27 151.209 0.000 151.209 0.100 0.003
489 1301 1325 24 142.349 0.000 142.349 0.100 0.003
490 1301 1325 24 132.367 0.000 132.367 0.100 0.003
491 1301 1325 24 127.290 0.000 127.290 0.100 0.003
492 1301 1325 24 120.520 0.000 120.520 0.100 0.003
493 949 1111 162 112.638 0.000 112.638 0.117 0.004
494 949 1111 162 105.430 0.000 105.430 0.117 0.004
495 949 1111 162 99.148 0.000 99.148 0.117 0.004
496 949 1111 162 92.405 0.000 92.405 0.117 0.004
497 942 1111 169 85.365 0.000 85.365 0.117 0.004
498 942 1111 169 78.312 0.000 78.312 0.117 0.004
499 942 1069 127 72.389 0.000 72.389 0.117 0.004
500 942 1069 127 67.989 0.000 67.989 0.117 0.004
501 942 1069 127 62.939 0.000 62.939 0.117 0.005
502 942 1069 127 57.218 0.000 57.218 0.117 0.005
503 942 1069 127 51.629 0.000 51.629 0.117 0.005
504 813 1059 246 45.936 0.000 45.936 0.133 0.005
505 631 1059 428 41.288 0.000 41.288 0.133 0.005
506 585 812 227 37.310 0.000 37.310 0.133 0.005
507 585 812 227 32.735 0.000 32.735 0.100 0.005
508 552 812 260 28.221 0.000 28.221 0.083 0.005
509 552 812 260 24.304 0.000 24.304 0.083 0.006
510 552 812 260 20.638 0.000 20.638 0.083 0.006
511 552 812 260 18.144 0.000 18.144 0.083 0.006
512 552 812 260 15.067 0.000 15.067 0.083 0.006
513 552 812 260 12.289 0.000 12.289 0.083 0.006
514 552 812 260 9.668 0.000 9.668 0.083 0.006
515 552 812 260 7.495 0.000 7.495 0.083 0.007
516 552 812 260 5.665 0.000 5.665 0.083 0.007
517 552 812 260 4.493 0.000 4.493 0.083 0.007
518 552 812 260 3.808 0.000 3.808 0.083 0.007
519 552 812 260 3.378 0.000 3.378 0.083 0.007
520 552 812 260 3.013 0.000 3.013 0.083 0.007
521 552 812 260 2.780 0.000 2.780 0.083 0.007
522 552 812 260 2.701 0.000 2.701 0.083 0.007
523 552 812 260 2.613 0.000 2.613 0.083 0.007
524 552 812 260 2.596 0.000 2.596 0.083 0.007
525 552 812 260 2.580 0.000 2.580 0.083 0.007
526 552 812 260 2.657 0.000 2.657 0.083 0.007
527 552 812 260 2.715 0.000 2.715 0.083 0.007
528 552 812 260 2.762 0.000 2.762 0.083 0.007
529 552 812 260 2.843 0.000 2.843 0.083 0.007
530 552 812 260 2.999 0.000 2.999 0.083 0.007
531 552 812 260 3.225 0.000 3.225 0.083 0.006
532 552 812 260 3.689 0.000 3.689 0.083 0.006
533 552 812 260 4.339 0.000 4.339 0.083 0.006
534 552 812 260 5.351 0.000 5.351 0.083 0.006
535 552 812 260 6.703 0.000 6.703 0.083 0.006
536 552 812 260 9.019 0.000 9.019 0.083 0.006
537 552 812 260 11.578 0.000 11.578 0.083 0.006
538 552 812 260 14.701 0.000 14.701 0.083 0.006
539 552 812 260 18.701 0.000 18.701 0.083 0.006
540 552 812 260 23.643 0.000 23.643 0.083 0.006
541 552 812 260 29.475 0.000 29.475 0.100 0.006
542 552 812 260 35.805 0.000 35.805 0.100 0.006
543 552 812 260 42.173 0.000 42.173 0.100 0.006
544 552 812 260 50.502 0.000 50.502 0.100 0.006
545 586 812 226 59.463 0.000 59.463 0.100 0.006
546 647 812 165 70.176 0.000 70.176 0.100 0.006
547 647 812 165 78.748 0.000 78.748 0.100 0.006
548 748 812 64 90.595 0.000 90.595 0.100 0.006
549 748 812 64 101.146 0.000 101.146 0.100 0.006
550 926 812 114 114.567 0.000 114.567 0.100 0.006
551 956 956 0 126.887 0.000 126.887 0.100 0.006
552 1013 956 57 139.735 0.000 139.735 0.100 0.006
553 1046 956 90 157.567 0.000 157.567 0.100 0.007
554 1046 956 90 173.782 0.000 173.782 0.100 0.007
555 1377 1377 0 187.117 0.000 187.117 0.100 0.007
556 1452 1377 75 205.433 0.000 205.433 0.100 0.007
557 1711 1605 106 224.885 0.000 224.885 0.100 0.007
558 1889 1889 0 245.135 0.000 245.135 0.100 0.007
559 2169 2118 51 268.189 0.000 268.189 0.117 0.007
560 2332 2332 0 290.590 0.000 290.590 0.133 0.007
561 2358 2332 26 313.163 0.000 313.163 0.133 0.007
562 2576 2568 8 340.191 0.000 340.191 0.150 0.007
563 2582 2568 14 364.522 0.000 364.522 0.150 0.007
564 2582 2568 14 391.282 0.000 391.282 0.133 0.007
565 2582 2568 14 412.672 0.000 412.672 0.133 0.007
566 2582 2568 14 435.564 0.000 435.564 0.133 0.007
567 2582 2568 14 454.962 0.000 454.962 0.133 0.007
568 2582 2568 14 470.065 0.000 470.065 0.133 0.007
569 2582 2568 14 486.196 0.000 486.196 0.133 0.007
570 2582 2568 14 501.804 0.000 501.804 0.133 0.007
571 2582 2568 14 518.753 0.000 518.753 0.133 0.007
572 2582 2568 14 536.232 0.000 536.232 0.133 0.007
573 2582 2568 14 550.597 0.000 550.597 0.133 0.007
574 2582 2568 14 564.460 0.000 564.460 0.133 0.007
575 2582 2568 14 578.208 0.000 578.208 0.133 0.007
576 2582 2568 14 593.379 0.000 593.379 0.133 0.007
577 2582 2568 14 607.619 0.000 607.619 0.133 0.007
578 2582 2568 14 621.463 0.000 621.463 0.133 0.007
579 2582 2568 14 634.786 0.000 634.786 0.133 0.008
580 2582 2568 14 647.341 0.000 647.341 0.133 0.008
581 2582 2568 14 659.652 0.000 659.652 0.133 0.008
582 2582 2568 14 671.215 0.000 671.215 0.133 0.008
583 2582 2568 14 682.080 0.000 682.080 0.133 0.008
584 2582 2568 14 693.416 0.000 693.416 0.133 0.008
585 2582 2568 14 705.353 0.000 705.353 0.133 0.008
586 2582 2568 14 716.498 0.000 716.498 0.133 0.008
587 2582 2568 14 729.036 0.000 729.036 0.133 0.008
588 2582 2568 14 740.924 0.000 740.924 0.133 0.008
589 2582 2568 14 752.759 0.000 752.759 0.133 0.008
590 2582 2568 14 764.198 0.000 764.198 0.133 0.008
591 2582 2568 14 774.522 0.000 774.522 0.133 0.008
592 2582 2568 14 785.701 0.000 785.701 0.133 0.008
593 2582 2568 14 796.333 0.000 796.333 0.133 0.008
594 2582 2568 14 806.349 0.000 806.349 0.133 0.008
595 2582 2568 14 815.850 0.000 815.850 0.133 0.008
596 2582 2568 14 827.262 0.000 827.262 0.133 0.008
597 2582 2568 14 836.450 0.000 836.450 0.133 0.008
598 2582 2568 14 846.275 0.000 846.275 0.133 0.008
599 2582 2568 14 855.496 0.000 855.496 0.133 0.008
600 2582 2568 14 865.724 0.000 865.724 0.133 0.008
601 2582 2568 14 876.053 0.000 876.053 0.133 0.008
602 2582 2568 14 885.489 0.000 885.489 0.133 0.007
603 2582 2568 14 893.559 0.000 893.559 0.133 0.007
604 2582 2568 14 902.891 0.000 902.891 0.133 0.007
605 2582 2568 14 911.103 0.000 911.103 0.133 0.007
606 2582 2568 14 920.201 0.000 920.201 0.133 0.007
607 2582 2568 14 926.423 0.000 926.423 0.133 0.006
608 2582 2568 14 933.029 0.000 933.029 0.133 0.006
609 2582 2568 14 938.950 0.000 938.950 0.133 0.006
610 2582 2568 14 944.416 0.000 944.416 0.133 0.006
611 2582 2568 14 949.597 0.000 949.597 0.133 0.006
612 2582 2568 14 954.433 0.000 954.433 0.133 0.006
613 2582 2568 14 960.308 0.000 960.308 0.133 0.005
614 2582 2568 14 963.471 0.000 963.471 0.117 0.005
615 2582 2568 14 964.355 0.000 964.355 0.083 0.005
616 2582 2568 14 966.075 0.000 966.075 0.083 0.005
617 2582 2568 14 964.735 0.000 964.735 0.067 0.005
618 2582 2568 14 964.834 0.000 964.834 0.050 0.004
619 2582 2568 14 961.958 0.000 961.958 0.050 0.004
620 2582 2568 14 956.919 0.000 956.919 0.050 0.004
621 2582 2568 14 951.213 0.000 951.213 0.050 0.004
622 2582 2568 14 943.038 0.000 943.038 0.050 0.003
623 2475 2568 93 934.011 0.000 934.011 0.050 0.003
624 2419 2568 149 921.483 0.000 921.483 0.033 0.003
625 2255 2258 3 911.933 0.000 911.933 0.033 0.003
626 1506 1561 55 899.724 0.000 899.724 0.067 0.003
627 1415 1561 146 888.228 0.000 888.228 0.083 0.003
628 1415 1561 146 879.307 0.000 879.307 0.083 0.003
629 1415 1561 146 870.152 0.000 870.152 0.083 0.002
630 1415 1561 146 858.663 0.000 858.663 0.083 0.002
631 1415 1561 146 842.151 0.000 842.151 0.083 0.002
632 1408 1309 99 826.932 0.000 826.932 0.083 0.002
633 1408 1309 99 809.247 0.000 809.247 0.083 0.002
634 1408 1309 99 790.926 0.000 790.926 0.083 0.002
635 1408 1309 99 769.037 0.000 769.037 0.083 0.002
636 1408 1309 99 745.757 0.000 745.757 0.083 0.001
637 1408 1309 99 723.890 0.000 723.890 0.083 0.001
638 1408 1309 99 699.007 0.000 699.007 0.083 0.001
639 1408 1309 99 673.670 0.000 673.670 0.083 0.001
640 1408 1309 99 650.672 0.000 650.672 0.083 0.001
641 1408 1309 99 623.913 0.000 623.913 0.083 0.001
642 1408 1309 99 597.441 0.000 597.441 0.083 0.001
643 1408 1309 99 576.160 0.000 576.160 0.083 0.001
644 1408 1309 99 553.597 0.000 553.597 0.083 0.001
645 1408 1309 99 527.013 0.000 527.013 0.083 0.001
646 1361 1309 52 499.851 0.000 499.851 0.083 0.001
647 1361 1309 52 473.838 0.000 473.838 0.083 0.001
648 1329 1309 20 450.128 0.000 450.128 0.083 0.001
649 1329 1309 20 428.890 0.000 428.890 0.083 0.001
650 1329 1309 20 405.412 0.000 405.412 0.083 0.001
651 1281 1309 28 384.698 0.000 384.698 0.083 0.001
652 1281 1309 28 364.549 0.000 364.549 0.083 0.001
653 1281 1309 28 343.818 0.000 343.818 0.083 0.001
654 1281 1309 28 326.086 0.000 326.086 0.083 0.001
655 1281 1309 28 310.605 0.000 310.605 0.083 0.001
656 1281 1309 28 293.659 0.000 293.659 0.083 0.001
657 1281 1309 28 278.555 0.000 278.555 0.083 0.001
658 1281 1309 28 263.655 0.000 263.655 0.083 0.001
659 1192 1309 117 250.116 0.000 250.116 0.083 0.001
660 1192 1309 117 234.591 0.000 234.591 0.083 0.002
661 1192 1309 117 221.071 0.000 221.071 0.083 0.002
662 1192 1309 117 210.337 0.000 210.337 0.083 0.002
663 1159 1309 150 198.637 0.000 198.637 0.083 0.002
664 1121 1309 188 187.792 0.000 187.792 0.083 0.002
665 1121 1309 188 178.520 0.000 178.520 0.083 0.002
666 1121 1309 188 169.001 0.000 169.001 0.083 0.003
667 1119 1309 190 158.632 0.000 158.632 0.100 0.003
668 1119 1309 190 149.469 0.000 149.469 0.100 0.003
669 1119 1309 190 140.890 0.000 140.890 0.100 0.003
670 1119 1309 190 131.295 0.000 131.295 0.100 0.003
671 962 1165 203 122.644 0.000 122.644 0.100 0.003
672 859 1165 306 115.548 0.000 115.548 0.100 0.004
673 836 1165 329 109.314 0.000 109.314 0.100 0.004
674 836 1165 329 100.909 0.000 100.909 0.100 0.004
675 836 1165 329 94.522 0.000 94.522 0.100 0.004
676 836 1165 329 87.571 0.000 87.571 0.100 0.004
677 781 1165 384 81.562 0.000 81.562 0.117 0.004
678 729 1056 327 75.592 0.000 75.592 0.117 0.004
679 726 1056 330 69.612 0.000 69.612 0.117 0.004
680 703 1056 353 63.224 0.000 63.224 0.117 0.005
681 703 1056 353 58.152 0.000 58.152 0.117 0.005
682 665 1056 391 52.591 0.000 52.591 0.117 0.005
683 656 1056 400 48.013 0.000 48.013 0.117 0.005
684 656 1056 400 43.283 0.000 43.283 0.117 0.005
685 656 883 227 38.746 0.000 38.746 0.100 0.005
686 656 883 227 34.305 0.000 34.305 0.067 0.005
687 656 883 227 29.499 0.000 29.499 0.067 0.005
688 484 840 356 25.994 0.000 25.994 0.067 0.006
689 484 840 356 22.963 0.000 22.963 0.067 0.006
690 484 840 356 19.687 0.000 19.687 0.083 0.006
691 484 840 356 15.821 0.000 15.821 0.083 0.006
692 366 840 474 12.953 0.000 12.953 0.083 0.006
693 364 706 342 10.207 0.000 10.207 0.083 0.006
694 306 631 325 7.852 0.000 7.852 0.083 0.006
695 302 631 329 5.557 0.000 5.557 0.083 0.007
696 298 631 333 3.770 0.000 3.770 0.083 0.007
697 298 631 333 2.638 0.000 2.638 0.083 0.007
698 298 631 333 1.560 0.000 1.560 0.083 0.007
699 298 631 333 0.996 0.000 0.996 0.083 0.007
700 225 631 406 0.685 0.000 0.685 0.083 0.007
701 225 631 406 0.525 0.000 0.525 0.083 0.007
702 225 631 406 0.401 0.000 0.401 0.083 0.007
703 225 631 406 0.355 0.000 0.355 0.083 0.007
704 225 631 406 0.289 0.000 0.289 0.083 0.007
705 225 631 406 0.289 0.000 0.289 0.083 0.007
706 225 631 406 0.293 0.000 0.293 0.083 0.007
707 225 631 406 0.288 0.000 0.288 0.083 0.007
708 225 631 406 0.315 0.000 0.315 0.083 0.007
709 225 631 406 0.320 0.000 0.320 0.083 0.007
710 225 631 406 0.380 0.000 0.380 0.083 0.007
711 225 631 406 0.547 0.000 0.547 0.083 0.007
712 225 631 406 0.877 0.000 0.877 0.083 0.007
713 225 631 406 1.465 0.000 1.465 0.083 0.007
714 255 631 376 2.489 0.000 2.489 0.083 0.006
715 364 631 267 4.075 0.000 4.075 0.083 0.006
716 365 631 266 6.187 0.000 6.187 0.083 0.006
717 365 631 266 8.890 0.000 8.890 0.083 0.006
718 365 631 266 11.473 0.000 11.473 0.083 0.006
719 522 631 109 15.694 0.000 15.694 0.083 0.006
720 522 631 109 18.899 0.000 18.899 0.083 0.006
721 522 631 109 24.336 0.000 24.336 0.100 0.006
722 522 631 109 30.517 0.000 30.517 0.100 0.006
723 617 631 14 37.462 0.000 37.462 0.100 0.006
724 617 631 14 44.796 0.000 44.796 0.100 0.006
725 617 631 14 53.279 0.000 53.279 0.100 0.006
726 716 631 85 64.092 0.000 64.092 0.100 0.006
727 716 631 85 73.298 0.000 73.298 0.100 0.006
728 841 839 2 83.574 0.000 83.574 0.100 0.007
729 1038 839 199 96.676 0.000 96.676 0.100 0.007
730 1038 839 199 110.037 0.000 110.037 0.100 0.007
731 1038 839 199 123.602 0.000 123.602 0.100 0.007
732 1038 839 199 136.265 0.000 136.265 0.100 0.007
733 1180 1053 127 151.473 0.000 151.473 0.117 0.007
734 1559 1509 50 168.077 0.000 168.077 0.133 0.007
735 1628 1509 119 189.414 0.000 189.414 0.133 0.007
736 1628 1509 119 210.142 0.000 210.142 0.117 0.007
737 1638 1509 129 229.524 0.000 229.524 0.117 0.007
738 1638 1509 129 252.491 0.000 252.491 0.117 0.007
739 1638 1509 129 272.518 0.000 272.518 0.117 0.007
740 1670 1509 161 293.225 0.000 293.225 0.133 0.007
741 1670 1509 161 316.382 0.000 316.382 0.133 0.007
742 1670 1509 161 338.867 0.000 338.867 0.133 0.007
743 1670 1509 161 358.252 0.000 358.252 0.133 0.007
744 1958 1958 0 378.611 0.000 378.611 0.167 0.007
745 2323 2187 136 402.162 0.000 402.162 0.183 0.007
746 2776 2776 0 423.518 0.000 423.518 0.200 0.007
747 2791 2776 15 449.463 0.000 449.463 0.200 0.007
748 3025 3025 0 472.941 0.000 472.941 0.217 0.007
749 3025 3025 0 494.588 0.000 494.588 0.217 0.008
750 3025 3025 0 511.296 0.000 511.296 0.217 0.008
751 3025 3025 0 527.651 0.000 527.651 0.217 0.008
752 3025 3025 0 541.596 0.000 541.596 0.217 0.008
753 3025 3025 0 556.230 0.000 556.230 0.200 0.008
754 3025 3025 0 572.471 0.000 572.471 0.200 0.008
755 3025 3025 0 585.710 0.000 585.710 0.200 0.008
756 3025 3025 0 597.976 0.000 597.976 0.200 0.007
757 3025 3025 0 612.268 0.000 612.268 0.200 0.007
758 3025 3025 0 624.486 0.000 624.486 0.200 0.008
759 3025 3025 0 636.691 0.000 636.691 0.200 0.008
760 3025 3025 0 649.095 0.000 649.095 0.200 0.008
761 3025 3025 0 661.435 0.000 661.435 0.200 0.008
762 3025 3025 0 672.669 0.000 672.669 0.200 0.008
763 3025 3025 0 685.928 0.000 685.928 0.200 0.008
764 3025 3025 0 699.542 0.000 699.542 0.200 0.008
765 3025 3025 0 711.462 0.000 711.462 0.200 0.008
766 3025 3025 0 723.178 0.000 723.178 0.200 0.008
767 3025 3025 0 736.534 0.000 736.534 0.200 0.008
768 3025 3025 0 746.988 0.000 746.988 0.200 0.008
769 3025 3025 0 757.201 0.000 757.201 0.200 0.008
770 3025 3025 0 769.505 0.000 769.505 0.200 0.008
771 3025 3025 0 782.153 0.000 782.153 0.200 0.008
772 3025 3025 0 792.225 0.000 792.225 0.200 0.008
773 3025 3025 0 802.477 0.000 802.477 0.200 0.008
774 3025 3025 0 813.284 0.000 813.284 0.200 0.008
775 3025 3025 0 823.768 0.000 823.768 0.200 0.008
776 3025 3025 0 834.223 0.000 834.223 0.200 0.008
777 3025 3025 0 845.360 0.000 845.360 0.200 0.008
778 3025 3025 0 853.404 0.000 853.404 0.200 0.008
779 3025 3025 0 863.849 0.000 863.849 0.200 0.008
780 3025 3025 0 870.930 0.000 870.930 0.183 0.008
781 3025 3025 0 880.530 0.000 880.530 0.183 0.008
782 3025 3025 0 889.893 0.000 889.893 0.183 0.008
783 3025 3025 0 898.801 0.000 898.801 0.183 0.007
784 3025 3025 0 906.799 0.000 906.799 0.183 0.007
785 3025 3025 0 914.970 0.000 914.970 0.167 0.007
786 3025 3025 0 924.688 0.000 924.688 0.167 0.007
787 3025 3025 0 931.857 0.000 931.857 0.167 0.006
788 3025 3025 0 937.888 0.000 937.888 0.167 0.006
789 3025 3025 0 945.150 0.000 945.150 0.167 0.006
790 3025 3025 0 952.257 0.000 952.257 0.167 0.006
791 3025 3025 0 958.502 0.000 958.502 0.167 0.006
792 3025 3025 0 962.723 0.000 962.723 0.167 0.006
793 3025 3025 0 965.956 0.000 965.956 0.167 0.005
794 3025 3025 0 968.213 0.000 968.213 0.150 0.005
795 3025 3025 0 969.754 0.000 969.754 0.133 0.005
796 3025 3025 0 969.164 0.000 969.164 0.133 0.005
797 3025 3025 0 969.665 0.000 969.665 0.133 0.005
798 3025 3025 0 968.036 0.000 968.036 0.117 0.004
799 3025 3025 0 965.032 0.000 965.032 0.117 0.004
800 3025 3025 0 961.614 0.000 961.614 0.100 0.004
801 3025 3025 0 956.983 0.000 956.983 0.100 0.004
802 3025 3025 0 951.347 0.000 951.347 0.100 0.004
803 3025 3025 0 946.358 0.000 946.358 0.100 0.004
804 3025 3025 0 938.601 0.000 938.601 0.067 0.003
805 3025 3025 0 925.329 0.000 925.329 0.050 0.003
806 3025 3025 0 915.175 0.000 915.175 0.033 0.003
807 3025 3025 0 896.274 0.000 896.274 0.033 0.003
808 2468 2477 9 880.579 0.000 880.579 0.033 0.003
809 1382 1382 0 863.811 0.000 863.811 0.100 0.002
810 1382 1382 0 849.896 0.000 849.896 0.100 0.002
811 1382 1382 0 835.785 0.000 835.785 0.100 0.002
812 1382 1382 0 820.339 0.000 820.339 0.100 0.002
813 1382 1382 0 802.840 0.000 802.840 0.100 0.002
814 1382 1382 0 783.611 0.000 783.611 0.100 0.002
815 1382 1382 0 764.385 0.000 764.385 0.100 0.002
816 1382 1382 0 743.810 0.000 743.810 0.100 0.001
817 1382 1382 0 722.344 0.000 722.344 0.100 0.001
818 1382 1382 0 697.872 0.000 697.872 0.100 0.001
819 1382 1382 0 674.757 0.000 674.757 0.100 0.001
820 1382 1382 0 650.341 0.000 650.341 0.100 0.001
821 1382 1382 0 622.294 0.000 622.294 0.100 0.001
822 1382 1382 0 599.649 0.000 599.649 0.100 0.001
823 1382 1382 0 573.020 0.000 573.020 0.100 0.001
824 1350 1382 32 546.941 0.000 546.941 0.100 0.001
825 1350 1382 32 523.163 0.000 523.163 0.100 0.001
826 1350 1382 32 497.072 0.000 497.072 0.100 0.001
827 1350 1382 32 470.827 0.000 470.827 0.100 0.001
828 1350 1382 32 449.459 0.000 449.459 0.100 0.001
829 1350 1382 32 425.053 0.000 425.053 0.100 0.001
830 1350 1382 32 404.938 0.000 404.938 0.100 0.001
831 1350 1382 32 384.611 0.000 384.611 0.100 0.001
832 1350 1382 32 366.962 0.000 366.962 0.100 0.001
833 1350 1382 32 343.815 0.000 343.815 0.100 0.001
834 1350 1382 32 322.492 0.000 322.492 0.100 0.001
835 1350 1382 32 305.703 0.000 305.703 0.100 0.001
836 1257 1382 125 286.565 0.000 286.565 0.100 0.001
837 1257 1382 125 268.503 0.000 268.503 0.100 0.001
838 1257 1382 125 253.407 0.000 253.407 0.100 0.002
839 1257 1382 125 240.324 0.000 240.324 0.100 0.002
840 1148 1382 234 226.584 0.000 226.584 0.100 0.002
841 1148 1382 234 214.286 0.000 214.286 0.100 0.002
842 1148 1382 234 202.986 0.000 202.986 0.100 0.002
843 1148 1382 234 190.897 0.000 190.897 0.117 0.002
844 1064 1382 318 180.922 0.000 180.922 0.117 0.002
845 1014 1382 368 171.595 0.000 171.595 0.117 0.003
846 998 1382 384 162.263 0.000 162.263 0.117 0.003
847 998 1306 308 152.745 0.000 152.745 0.117 0.003
848 981 1306 325 143.750 0.000 143.750 0.117 0.003
849 919 1306 387 135.669 0.000 135.669 0.117 0.003
850 919 1306 387 127.653 0.000 127.653 0.117 0.003
851 889 1306 417 119.752 0.000 119.752 0.117 0.004
852 880 1306 426 113.475 0.000 113.475 0.117 0.004
853 880 1306 426 105.432 0.000 105.432 0.117 0.004
854 860 1264 404 99.387 0.000 99.387 0.117 0.004
855 860 1264 404 92.581 0.000 92.581 0.133 0.004
856 860 1264 404 86.985 0.000 86.985 0.133 0.004
857 824 1264 440 81.620 0.000 81.620 0.133 0.004
858 824 1264 440 75.141 0.000 75.141 0.133 0.004
859 824 1042 218 69.288 0.000 69.288 0.133 0.004
860 824 1042 218 64.667 0.000 64.667 0.133 0.005
861 802 1042 240 59.818 0.000 59.818 0.133 0.005
862 787 1042 255 53.788 0.000 53.788 0.133 0.005
863 787 1042 255 49.430 0.000 49.430 0.133 0.005
864 715 1042 327 44.323 0.000 44.323 0.133 0.005
865 715 1042 327 38.830 0.000 38.830 0.133 0.005
866 680 938 258 34.339 0.000 34.339 0.133 0.005
867 680 938 258 29.011 0.000 29.011 0.150 0.005
868 560 844 284 25.164 0.000 25.164 0.117 0.006
869 560 844 284 21.024 0.000 21.024 0.067 0.006
870 560 844 284 17.368 0.000 17.368 0.067 0.006
871 419 686 267 14.103 0.000 14.103 0.067 0.006
872 415 686 271 11.225 0.000 11.225 0.067 0.006
873 415 686 271 8.501 0.000 8.501 0.083 0.007
874 280 573 293 6.111 0.000 6.111 0.083 0.007
875 274 573 299 4.259 0.000 4.259 0.083 0.007
876 274 573 299 2.838 0.000 2.838 0.083 0.007
877 262 573 311 1.882 0.000 1.882 0.083 0.007
878 262 573 311 1.185 0.000 1.185 0.083 0.007
879 262 573 311 0.795 0.000 0.795 0.083 0.007
880 188 573 385 0.550 0.000 0.550 0.083 0.007
881 188 573 385 0.361 0.000 0.361 0.083 0.007
882 152 544 392 0.227 0.000 0.227 0.083 0.007
883 152 544 392 0.187 0.000 0.187 0.083 0.007
884 152 544 392 0.192 0.000 0.192 0.083 0.007
885 152 544 392 0.174 0.000 0.174 0.083 0.007
886 152 544 392 0.173 0.000 0.173 0.083 0.007
887 216 544 328 0.221 0.000 0.221 0.083 0.007
888 216 544 328 0.258 0.000 0.258 0.083 0.007
889 216 544 328 0.306 0.000 0.306 0.083 0.007
890 216 544 328 0.371 0.000 0.371 0.083 0.007
891 295 544 249 0.561 0.000 0.561 0.083 0.007
892 295 544 249 0.902 0.000 0.902 0.083 0.007
893 295 544 249 1.484 0.000 1.484 0.083 0.007
894 295 544 249 2.395 0.000 2.395 0.083 0.007
895 358 544 186 3.946 0.000 3.946 0.100 0.006
896 574 544 30 5.993 0.000 5.993 0.100 0.006
897 574 544 30 8.392 0.000 8.392 0.100 0.006
898 574 544 30 11.641 0.000 11.641 0.100 0.006
899 574 544 30 15.729 0.000 15.729 0.100 0.006
900 574 544 30 21.019 0.000 21.019 0.100 0.006
901 574 544 30 26.422 0.000 26.422 0.100 0.006
902 576 544 32 32.642 0.000 32.642 0.100 0.006
903 576 544 32 38.988 0.000 38.988 0.100 0.006
904 625 544 81 47.430 0.000 47.430 0.100 0.006
905 625 544 81 55.288 0.000 55.288 0.100 0.006
906 625 625 0 63.157 0.000 63.157 0.100 0.006
907 779 779 0 73.962 0.000 73.962 0.100 0.006
908 947 837 110 86.098 0.000 86.098 0.117 0.006
909 947 837 110 98.703 0.000 98.703 0.117 0.006
910 947 837 110 113.441 0.000 113.441 0.117 0.007
911 947 837 110 126.992 0.000 126.992 0.117 0.007
912 947 837 110 139.895 0.000 139.895 0.117 0.007
913 947 837 110 155.630 0.000 155.630 0.100 0.007
914 1110 1108 2 173.254 0.000 173.254 0.117 0.007
915 1312 1312 0 192.232 0.000 192.232 0.133 0.007
916 1312 1312 0 211.654 0.000 211.654 0.133 0.007
917 1312 1312 0 228.460 0.000 228.460 0.133 0.007
918 1312 1312 0 244.657 0.000 244.657 0.133 0.007
919 1459 1312 147 267.642 0.000 267.642 0.133 0.007
920 1459 1312 147 287.234 0.000 287.234 0.133 0.007
921 1787 1589 198 308.476 0.000 308.476 0.150 0.007
922 1989 1795 194 330.718 0.000 330.718 0.167 0.007
923 1992 1795 197 354.473 0.000 354.473 0.167 0.007
924 1992 1795 197 373.746 0.000 373.746 0.150 0.008
925 1992 1795 197 391.036 0.000 391.036 0.150 0.008
926 1992 1795 197 409.269 0.000 409.269 0.150 0.008
927 1992 1795 197 425.895 0.000 425.895 0.150 0.008
928 1992 1795 197 443.372 0.000 443.372 0.150 0.008
929 1992 1795 197 461.433 0.000 461.433 0.133 0.008
930 1992 1795 197 479.182 0.000 479.182 0.133 0.008
931 1992 1795 197 495.559 0.000 495.559 0.133 0.008
932 1992 1795 197 511.049 0.000 511.049 0.133 0.008
933 1992 1795 197 528.260 0.000 528.260 0.133 0.008
934 1992 1795 197 543.010 0.000 543.010 0.133 0.007
935 1992 1795 197 558.542 0.000 558.542 0.133 0.007
936 1992 1795 197 574.183 0.000 574.183 0.133 0.008
937 1992 1795 197 588.164 0.000 588.164 0.133 0.008
938 1992 1795 197 602.038 0.000 602.038 0.117 0.008
939 1992 1795 197 615.249 0.000 615.249 0.117 0.008
940 1992 1795 197 628.162 0.000 628.162 0.117 0.008
941 1992 1795 197 639.495 0.000 639.495 0.117 0.008
942 1992 1795 197 650.877 0.000 650.877 0.117 0.008
943 1992 1795 197 664.427 0.000 664.427 0.117 0.008
944 1992 1795 197 675.264 0.000 675.264 0.117 0.008
945 1992 1795 197 687.660 0.000 687.660 0.117 0.008
946 1992 1795 197 698.961 0.000 698.961 0.117 0.008
947 1992 1795 197 709.754 0.000 709.754 0.117 0.008
948 1992 1795 197 720.628 0.000 720.628 0.117 0.008
949 1992 1795 197 731.670 0.000 731.670 0.117 0.008
950 1992 1795 197 740.870 0.000 740.870 0.117 0.008
951 1992 1795 197 749.874 0.000 749.874 0.117 0.008
952 1992 1795 197 761.521 0.000 761.521 0.117 0.008
953 1992 1795 197 772.825 0.000 772.825 0.117 0.008
954 1992 1795 197 782.745 0.000 782.745 0.117 0.008
955 1992 1795 197 792.020 0.000 792.020 0.117 0.008
956 1992 1795 197 802.146 0.000 802.146 0.117 0.008
957 1992 1795 197 811.025 0.000 811.025 0.117 0.008
958 1992 1795 197 821.087 0.000 821.087 0.117 0.008
959 1992 1795 197 830.983 0.000 830.983 0.117 0.008
960 1992 1795 197 841.471 0.000 841.471 0.117 0.008
961 1992 1795 197 851.186 0.000 851.186 0.117 0.007
962 1992 1795 197 860.335 0.000 860.335 0.117 0.007
963 1992 1795 197 868.607 0.000 868.607 0.100 0.007
964 1992 1795 197 878.165 0.000 878.165 0.100 0.007
965 1992 1795 197 885.961 0.000 885.961 0.100 0.007
966 1992 1795 197 891.973 0.000 891.973 0.083 0.007
967 1992 1795 197 899.505 0.000 899.505 0.083 0.006
968 1992 1795 197 906.458 0.000 906.458 0.083 0.006
969 1992 1795 197 912.814 0.000 912.814 0.067 0.006
970 1992 1795 197 918.738 0.000 918.738 0.067 0.006
971 1992 1795 197 923.818 0.000 923.818 0.067 0.006
972 1992 1795 197 928.593 0.000 928.593 0.067 0.005
973 1992 1795 197 932.964 0.000 932.964 0.067 0.005
974 1992 1795 197 936.311 0.000 936.311 0.067 0.005
975 1992 1795 197 936.831 0.000 936.831 0.050 0.005
976 1992 1795 197 937.465 0.000 937.465 0.050 0.005
977 1992 1795 197 938.101 0.000 938.101 0.050 0.005
978 1992 1795 197 937.330 0.000 937.330 0.050 0.004
979 1992 1795 197 934.905 0.000 934.905 0.050 0.004
980 1992 1795 197 932.791 0.000 932.791 0.050 0.004
981 1992 1795 197 929.518 0.000 929.518 0.050 0.004
982 1992 1795 197 923.488 0.000 923.488 0.050 0.004
983 1594 1594 0 917.124 0.000 917.124 0.033 0.003
984 1594 1594 0 909.840 0.000 909.840 0.033 0.003
985 1594 1594 0 905.701 0.000 905.701 0.033 0.003
986 1594 1594 0 898.363 0.000 898.363 0.033 0.003
987 1594 1594 0 890.626 0.000 890.626 0.033 0.003
988 1594 1594 0 880.764 0.000 880.764 0.033 0.002
989 1594 1594 0 866.919 0.000 866.919 0.033 0.002
990 1499 1499 0 853.663 0.000 853.663 0.033 0.002
991 1499 1499 0 839.864 0.000 839.864 0.033 0.002
992 1499 1499 0 822.727 0.000 822.727 0.033 0.002
993 1499 1499 0 806.678 0.000 806.678 0.033 0.001
994 1499 1499 0 790.521 0.000 790.521 0.033 0.001
995 1499 1499 0 769.626 0.000 769.626 0.033 0.001
996 1499 1499 0 749.757 0.000 749.757 0.033 0.001
997 1499 1499 0 724.582 0.000 724.582 0.033 0.001
998 1499 1499 0 698.919 0.000 698.919 0.033 0.001
999 1499 1499 0 670.768 0.000 670.768 0.033 0.001
1000 1499 1499 0 644.752 0.000 644.752 0.033 0.001
1001 1499 1499 0 621.844 0.000 621.844 0.033 0.001
1002 1499 1499 0 595.485 0.000 595.485 0.033 0.001
1003 1499 1499 0 567.349 0.000 567.349 0.050 0.001
1004 1499 1499 0 543.839 0.000 543.839 0.050 0.001
1005 1499 1499 0 518.127 0.000 518.127 0.050 0.001
1006 1297 1389 92 495.280 0.000 495.280 0.050 0.001
1007 1297 1389 92 474.158 0.000 474.158 0.050 0.001
1008 1297 1389 92 451.511 0.000 451.511 0.050 0.001
1009 1297 1389 92 428.438 0.000 428.438 0.050 0.001
1010 1267 1389 122 409.308 0.000 409.308 0.050 0.001
1011 1267 1389 122 389.237 0.000 389.237 0.050 0.001
1012 1267 1389 122 368.961 0.000 368.961 0.050 0.001
1013 1267 1389 122 350.382 0.000 350.382 0.050 0.001
1014 1267 1389 122 334.595 0.000 334.595 0.050 0.001
1015 1237 1358 121 316.676 0.000 316.676 0.050 0.001
1016 1237 1358 121 297.361 0.000 297.361 0.050 0.001
1017 1237 1358 121 281.837 0.000 281.837 0.050 0.001
1018 1237 1358 121 264.804 0.000 264.804 0.050 0.001
1019 1237 1358 121 248.987 0.000 248.987 0.050 0.001
1020 1189 1358 169 235.123 0.000 235.123 0.050 0.001
1021 1189 1358 169 222.008 0.000 222.008 0.050 0.002
1022 1189 1298 109 209.842 0.000 209.842 0.050 0.002
1023 1189 1298 109 198.411 0.000 198.411 0.050 0.002
1024 1189 1298 109 187.325 0.000 187.325 0.050 0.002
1025 1189 1298 109 177.057 0.000 177.057 0.050 0.002
1026 1189 1298 109 166.564 0.000 166.564 0.050 0.002
1027 1189 1298 109 156.865 0.000 156.865 0.050 0.003
1028 1189 1292 103 148.627 0.000 148.627 0.050 0.003
1029 1189 1292 103 137.732 0.000 137.732 0.050 0.003
1030 1137 1292 155 129.792 0.000 129.792 0.050 0.003
1031 1137 1292 155 122.688 0.000 122.688 0.050 0.003
1032 1137 1292 155 115.642 0.000 115.642 0.050 0.003
1033 970 1292 322 107.386 0.000 107.386 0.067 0.003
1034 970 1292 322 99.832 0.000 99.832 0.067 0.004
1035 970 1292 322 93.112 0.000 93.112 0.067 0.004
1036 892 1065 173 85.569 0.000 85.569 0.067 0.004
1037 892 1065 173 79.675 0.000 79.675 0.067 0.004
1038 892 1065 173 73.098 0.000 73.098 0.067 0.004
1039 892 1057 165 67.616 0.000 67.616 0.067 0.004
1040 736 1057 321 62.314 0.000 62.314 0.083 0.004
1041 736 1057 321 57.198 0.000 57.198 0.083 0.004
1042 736 1048 312 51.897 0.000 51.897 0.083 0.005
1043 736 1048 312 47.322 0.000 47.322 0.067 0.005
1044 736 1048 312 41.471 0.000 41.471 0.083 0.005
1045 736 1048 312 37.661 0.000 37.661 0.083 0.005
1046 736 1048 312 33.400 0.000 33.400 0.083 0.005
1047 736 1048 312 29.831 0.000 29.831 0.083 0.005
1048 736 1048 312 25.784 0.000 25.784 0.083 0.005
1049 736 1048 312 21.493 0.000 21.493 0.083 0.006
1050 736 1048 312 17.863 0.000 17.863 0.083 0.006
1051 444 771 327 14.854 0.000 14.854 0.083 0.006
1052 444 771 327 11.653 0.000 11.653 0.083 0.006
1053 433 767 334 9.289 0.000 9.289 0.083 0.006
1054 433 563 130 7.320 0.000 7.320 0.083 0.006
1055 255 563 308 5.034 0.000 5.034 0.083 0.007
1056 255 563 308 3.645 0.000 3.645 0.083 0.007
1057 255 563 308 2.401 0.000 2.401 0.083 0.007
1058 255 563 308 1.533 0.000 1.533 0.083 0.007
1059 255 563 308 0.928 0.000 0.928 0.083 0.007
1060 233 563 330 0.518 0.000 0.518 0.100 0.007
1061 233 563 330 0.357 0.000 0.357 0.100 0.007
1062 233 563 330 0.274 0.000 0.274 0.100 0.007
1063 233 563 330 0.231 0.000 0.231 0.083 0.007
1064 233 563 330 0.216 0.000 0.216 0.083 0.007
1065 233 563 330 0.173 0.000 0.173 0.083 0.007
1066 233 563 330 0.182 0.000 0.182 0.083 0.007
1067 233 563 330 0.199 0.000 0.199 0.083 0.007
1068 233 563 330 0.207 0.000 0.207 0.083 0.007
1069 233 563 330 0.286 0.000 0.286 0.083 0.007
1070 272 563 291 0.443 0.000 0.443 0.083 0.007
1071 288 563 275 0.653 0.000 0.653 0.083 0.007
1072 288 563 275 1.015 0.000 1.015 0.083 0.007
1073 356 563 207 1.789 0.000 1.789 0.083 0.006
1074 356 563 207 2.785 0.000 2.785 0.083 0.006
1075 356 563 207 4.166 0.000 4.166 0.083 0.006
1076 356 563 207 6.066 0.000 6.066 0.083 0.006
1077 356 563 207 8.535 0.000 8.535 0.100 0.006
1078 418 563 145 11.659 0.000 11.659 0.100 0.006
1079 444 563 119 15.453 0.000 15.453 0.100 0.006
1080 486 563 77 19.742 0.000 19.742 0.100 0.006
1081 583 563 20 24.216 0.000 24.216 0.100 0.006
1082 634 563 71 30.216 0.000 30.216 0.100 0.006
1083 634 563 71 36.924 0.000 36.924 0.100 0.006
1084 634 563 71 44.586 0.000 44.586 0.117 0.006
1085 634 563 71 53.063 0.000 53.063 0.117 0.006
1086 634 563 71 62.706 0.000 62.706 0.117 0.006
1087 651 563 88 73.743 0.000 73.743 0.117 0.006
1088 660 563 97 83.037 0.000 83.037 0.117 0.006
1089 838 803 35 96.752 0.000 96.752 0.133 0.006
1090 838 803 35 108.341 0.000 108.341 0.133 0.006
1091 847 847 0 121.120 0.000 121.120 0.133 0.007
1092 847 847 0 135.954 0.000 135.954 0.133 0.007
1093 929 847 82 150.575 0.000 150.575 0.117 0.007
1094 1062 1044 18 169.745 0.000 169.745 0.133 0.007
1095 1117 1044 73 186.155 0.000 186.155 0.133 0.007
1096 1200 1044 156 203.853 0.000 203.853 0.133 0.007
1097 1431 1276 155 224.435 0.000 224.435 0.150 0.007
1098 1633 1530 103 242.674 0.000 242.674 0.167 0.007
1099 1633 1530 103 262.717 0.000 262.717 0.167 0.007
1100 1951 1951 0 283.236 0.000 283.236 0.183 0.007
1101 2193 2193 0 309.835 0.000 309.835 0.200 0.007
1102 2193 2193 0 336.475 0.000 336.475 0.200 0.007
1103 2193 2193 0 357.807 0.000 357.807 0.200 0.007
1104 2193 2193 0 381.570 0.000 381.570 0.183 0.007
1105 2193 2193 0 400.938 0.000 400.938 0.183 0.007
1106 2193 2193 0 420.407 0.000 420.407 0.183 0.007
1107 2193 2193 0 440.407 0.000 440.407 0.183 0.008
1108 2193 2193 0 457.486 0.000 457.486 0.183 0.007
1109 2193 2193 0 475.500 0.000 475.500 0.183 0.007
1110 2193 2193 0 492.138 0.000 492.138 0.183 0.007
1111 2193 2193 0 507.049 0.000 507.049 0.183 0.007
1112 2193 2193 0 521.079 0.000 521.079 0.167 0.007
1113 2193 2193 0 536.898 0.000 536.898 0.167 0.007
1114 2193 2193 0 551.687 0.000 551.687 0.167 0.007
1115 2193 2193 0 568.399 0.000 568.399 0.167 0.007
1116 2193 2193 0 582.591 0.000 582.591 0.167 0.007
1117 2193 2193 0 595.269 0.000 595.269 0.167 0.007
1118 2193 2193 0 607.690 0.000 607.690 0.167 0.007
1119 2193 2193 0 619.993 0.000 619.993 0.167 0.007
1120 2193 2193 0 632.504 0.000 632.504 0.150 0.008
1121 2193 2193 0 644.965 0.000 644.965 0.150 0.008
1122 2193 2193 0 656.079 0.000 656.079 0.150 0.008
1123 2193 2193 0 667.286 0.000 667.286 0.150 0.008
1124 2193 2193 0 677.943 0.000 677.943 0.150 0.008
1125 2193 2193 0 691.726 0.000 691.726 0.150 0.008
1126 2193 2193 0 703.478 0.000 703.478 0.150 0.008
1127 2193 2193 0 714.846 0.000 714.846 0.150 0.008
1128 2193 2193 0 725.097 0.000 725.097 0.150 0.008
1129 2193 2193 0 736.337 0.000 736.337 0.150 0.008
1130 2193 2193 0 747.464 0.000 747.464 0.150 0.008
1131 2193 2193 0 758.972 0.000 758.972 0.150 0.008
1132 2193 2193 0 770.392 0.000 770.392 0.150 0.008
1133 2193 2193 0 783.041 0.000 783.041 0.150 0.008
1134 2193 2193 0 793.172 0.000 793.172 0.150 0.008
1135 2193 2193 0 804.090 0.000 804.090 0.150 0.008
1136 2193 2193 0 814.754 0.000 814.754 0.150 0.008
1137 2193 2193 0 825.069 0.000 825.069 0.133 0.008
1138 2193 2193 0 835.128 0.000 835.128 0.133 0.008
1139 2193 2193 0 844.374 0.000 844.374 0.133 0.008
1140 2193 2193 0 853.180 0.000 853.180 0.133 0.008
1141 2193 2193 0 861.212 0.000 861.212 0.133 0.008
1142 2193 2193 0 870.330 0.000 870.330 0.133 0.007
1143 2193 2193 0 879.018 0.000 879.018 0.133 0.007
1144 2193 2193 0 887.466 0.000 887.466 0.117 0.007
1145 2193 2193 0 895.499 0.000 895.499 0.117 0.007
1146 2193 2193 0 903.854 0.000 903.854 0.117 0.007
1147 2193 2193 0 912.107 0.000 912.107 0.117 0.006
1148 2193 2193 0 917.921 0.000 917.921 0.117 0.006
1149 2193 2193 0 924.849 0.000 924.849 0.100 0.006
1150 2193 2193 0 930.128 0.000 930.128 0.100 0.006
1151 2193 2193 0 934.999 0.000 934.999 0.100 0.006
1152 2193 2193 0 940.672 0.000 940.672 0.100 0.005
1153 2193 2193 0 943.805 0.000 943.805 0.100 0.005
1154 2193 2193 0 948.658 0.000 948.658 0.083 0.005
1155 2193 2193 0 950.990 0.000 950.990 0.083 0.005
1156 2193 2193 0 951.475 0.000 951.475 0.083 0.005
1157 2193 2193 0 951.596 0.000 951.596 0.067 0.004
1158 2193 2193 0 949.680 0.000 949.680 0.050 0.004
1159 2193 2193 0 948.415 0.000 948.415 0.050 0.004
1160 2193 2193 0 943.389 0.000 943.389 0.050 0.004
1161 2182 2193 11 937.750 0.000 937.750 0.050 0.004
1162 2095 2193 98 928.178 0.000 928.178 0.050 0.003
1163 1830 1972 142 920.913 0.000 920.913 0.050 0.003
1164 1441 1527 86 910.595 0.000 910.595 0.050 0.003
1165 1422 1338 84 902.962 0.000 902.962 0.067 0.003
1166 1422 1338 84 893.747 0.000 893.747 0.067 0.003
1167 1422 1338 84 884.601 0.000 884.601 0.067 0.003
1168 1422 1338 84 873.948 0.000 873.948 0.067 0.002
1169 1422 1338 84 863.146 0.000 863.146 0.067 0.002
1170 1422 1338 84 848.672 0.000 848.672 0.067 0.002
1171 1422 1338 84 833.412 0.000 833.412 0.067 0.002
1172 1422 1338 84 818.986 0.000 818.986 0.067 0.002
1173 1422 1338 84 801.084 0.000 801.084 0.067 0.002
1174 1422 1338 84 783.648 0.000 783.648 0.067 0.001
1175 1422 1338 84 761.506 0.000 761.506 0.067 0.001
1176 1422 1338 84 739.413 0.000 739.413 0.067 0.001
1177 1422 1338 84 718.145 0.000 718.145 0.067 0.001
1178 1422 1338 84 699.133 0.000 699.133 0.067 0.001
1179 1422 1338 84 674.385 0.000 674.385 0.067 0.001
1180 1422 1338 84 653.214 0.000 653.214 0.067 0.001
1181 1422 1338 84 627.876 0.000 627.876 0.067 0.001
1182 1422 1338 84 603.059 0.000 603.059 0.067 0.001
1183 1422 1338 84 577.630 0.000 577.630 0.067 0.001
1184 1422 1338 84 551.705 0.000 551.705 0.067 0.001
1185 1422 1338 84 524.257 0.000 524.257 0.067 0.001
1186 1417 1338 79 500.377 0.000 500.377 0.067 0.001
1187 1417 1338 79 476.689 0.000 476.689 0.067 0.000
1188 1417 1338 79 453.761 0.000 453.761 0.067 0.001
1189 1417 1338 79 433.017 0.000 433.017 0.067 0.001
1190 1304 1338 34 412.098 0.000 412.098 0.067 0.001
1191 1304 1338 34 392.010 0.000 392.010 0.067 0.001
1192 1286 1338 52 372.413 0.000 372.413 0.067 0.001
1193 1283 1338 55 352.078 0.000 352.078 0.083 0.001
1194 1283 1338 55 334.603 0.000 334.603 0.083 0.001
1195 1233 1338 105 315.019 0.000 315.019 0.083 0.001
1196 1168 1338 170 294.890 0.000 294.890 0.083 0.001
1197 1147 1338 191 278.090 0.000 278.090 0.083 0.001
1198 1147 1338 191 262.381 0.000 262.381 0.083 0.001
1199 1145 1338 193 249.051 0.000 249.051 0.083 0.001
