1 449 234 215 262.041 0.000 262.041 0.000 0.000
2 449 234 215 275.567 0.000 275.567 0.000 0.000
3 518 234 284 295.202 0.000 295.202 0.000 0.000
4 518 309 209 310.022 0.000 310.022 0.000 0.000
5 780 309 471 322.483 0.000 322.483 0.000 0.000
6 780 309 471 342.619 0.000 342.619 0.000 0.000
7 780 309 471 354.499 0.000 354.499 0.000 0.000
8 780 309 471 372.663 0.000 372.663 0.000 0.000
9 831 309 522 393.258 0.000 393.258 0.000 0.000
10 1102 1102 0 414.651 0.000 414.651 0.400 0.143
11 1279 1102 177 435.503 0.000 435.503 0.364 0.130
12 1763 1763 0 458.789 0.000 458.789 0.333 0.120
13 1930 1763 167 487.411 0.000 487.411 0.308 0.111
14 2216 2216 0 514.429 0.000 514.429 0.357 0.104
15 2514 2216 298 540.908 0.000 540.908 0.333 0.097
16 2723 2625 98 574.323 0.000 574.323 0.375 0.091
17 2800 2625 175 601.010 0.000 601.010 0.353 0.086
18 2967 2625 342 628.046 0.000 628.046 0.333 0.081
19 2967 2625 342 661.160 0.000 661.160 0.316 0.077
20 2967 2625 342 682.067 0.000 682.067 0.300 0.074
21 2967 2625 342 714.929 0.000 714.929 0.286 0.070
22 2967 2625 342 737.634 0.000 737.634 0.273 0.067
23 2967 2625 342 758.735 0.000 758.735 0.261 0.065
24 3096 3033 63 775.961 0.000 775.961 0.292 0.063
25 3385 3033 352 793.693 0.000 793.693 0.280 0.060
26 3423 3033 390 811.681 0.000 811.681 0.269 0.058
27 3511 3470 41 825.216 0.000 825.216 0.296 0.057
28 3665 3470 195 837.000 0.000 837.000 0.286 0.055
29 3665 3470 195 851.355 0.000 851.355 0.276 0.053
30 3665 3470 195 863.081 0.000 863.081 0.267 0.052
31 3665 3470 195 867.382 0.000 867.382 0.258 0.050
32 3665 3470 195 870.498 0.000 870.498 0.250 0.049
33 3665 3470 195 874.336 0.000 874.336 0.242 0.048
34 3665 3470 195 877.509 0.000 877.509 0.235 0.047
35 3665 3470 195 880.789 0.000 880.789 0.229 0.046
36 3665 3470 195 884.497 0.000 884.497 0.222 0.044
37 3665 3470 195 888.320 0.000 888.320 0.216 0.043
38 3665 3470 195 891.373 0.000 891.373 0.211 0.042
39 3665 3470 195 894.395 0.000 894.395 0.205 0.041
40 3665 3470 195 897.334 0.000 897.334 0.200 0.040
41 3665 3470 195 900.331 0.000 900.331 0.195 0.039
42 3665 3470 195 903.876 0.000 903.876 0.190 0.039
43 3665 3470 195 906.444 0.000 906.444 0.186 0.038
44 3665 3470 195 909.812 0.000 909.812 0.182 0.037
45 3665 3470 195 912.222 0.000 912.222 0.178 0.036
46 3665 3470 195 914.294 0.000 914.294 0.174 0.035
47 3665 3470 195 916.427 0.000 916.427 0.170 0.035
48 3665 3470 195 918.904 0.000 918.904 0.167 0.034
49 3665 3470 195 920.803 0.000 920.803 0.163 0.033
50 3665 3470 195 922.582 0.000 922.582 0.160 0.033
51 3665 3470 195 924.230 0.000 924.230 0.157 0.032
52 3665 3470 195 925.737 0.000 925.737 0.154 0.031
53 3665 3470 195 926.925 0.000 926.925 0.151 0.031
54 3665 3470 195 928.131 0.000 928.131 0.148 0.030
55 3665 3470 195 928.941 0.000 928.941 0.145 0.030
56 3665 3470 195 929.616 0.000 929.616 0.143 0.029
57 3665 3470 195 930.079 0.000 930.079 0.140 0.029
58 3665 3470 195 930.539 0.000 930.539 0.138 0.028
59 3665 3470 195 930.808 0.000 930.808 0.136 0.028
60 3665 3470 195 931.016 0.000 931.016 0.133 0.027
61 3665 3470 195 939.580 0.000 939.580 0.133 0.027
62 3665 3470 195 946.609 0.000 946.609 0.133 0.027
63 3665 3470 195 955.422 0.000 955.422 0.133 0.027
64 3665 3470 195 965.230 0.000 965.230 0.133 0.027
65 3665 3470 195 971.887 0.000 971.887 0.133 0.027
66 3665 3470 195 982.038 0.000 982.038 0.133 0.027
67 3665 3470 195 988.676 0.000 988.676 0.133 0.027
68 3665 3470 195 997.601 0.000 997.601 0.133 0.027
69 3665 3470 195 1004.808 0.000 1004.808 0.133 0.027
70 3665 3470 195 1011.829 0.000 1011.829 0.100 0.003
71 3665 3470 195 1017.392 0.000 1017.392 0.083 0.003
72 3665 3470 195 1021.377 0.000 1021.377 0.067 0.003
73 3665 3470 195 1023.488 0.000 1023.488 0.067 0.003
74 3665 3470 195 1024.929 0.000 1024.929 0.050 0.003
75 3665 3470 195 1022.446 0.000 1022.446 0.050 0.003
76 3665 3470 195 1018.197 0.000 1018.197 0.033 0.003
77 3665 3470 195 1014.172 0.000 1014.172 0.033 0.003
78 3665 3470 195 1009.345 0.000 1009.345 0.033 0.003
79 3665 3470 195 1001.835 0.000 1001.835 0.033 0.003
80 3665 3470 195 994.877 0.000 994.877 0.033 0.003
81 3665 3470 195 983.387 0.000 983.387 0.033 0.003
82 3665 3470 195 973.982 0.000 973.982 0.033 0.002
83 3665 3470 195 963.752 0.000 963.752 0.033 0.002
84 3665 3470 195 953.583 0.000 953.583 0.033 0.002
85 3665 3470 195 939.321 0.000 939.321 0.033 0.002
86 3665 3470 195 924.148 0.000 924.148 0.033 0.002
87 3665 3470 195 909.666 0.000 909.666 0.033 0.002
88 3624 3470 154 894.096 0.000 894.096 0.033 0.001
89 2989 2989 0 874.290 0.000 874.290 0.033 0.001
90 2179 2574 395 855.437 0.000 855.437 0.033 0.001
91 1515 1737 222 841.532 0.000 841.532 0.067 0.001
92 1515 1737 222 828.673 0.000 828.673 0.067 0.001
93 1515 1737 222 810.807 0.000 810.807 0.067 0.001
94 1515 1737 222 794.061 0.000 794.061 0.067 0.001
95 1515 1737 222 774.286 0.000 774.286 0.067 0.001
96 1515 1737 222 751.929 0.000 751.929 0.067 0.001
97 1515 1737 222 727.084 0.000 727.084 0.067 0.001
98 1515 1737 222 704.628 0.000 704.628 0.067 0.001
99 1515 1737 222 677.836 0.000 677.836 0.067 0.000
100 1515 1737 222 653.717 0.000 653.717 0.067 0.000
101 1515 1737 222 629.746 0.000 629.746 0.067 0.000
102 1515 1737 222 602.669 0.000 602.669 0.067 0.000
103 1515 1737 222 577.163 0.000 577.163 0.067 0.000
104 1515 1737 222 550.821 0.000 550.821 0.067 0.000
105 1515 1737 222 529.506 0.000 529.506 0.067 0.000
106 1515 1737 222 505.528 0.000 505.528 0.067 0.000
107 1515 1737 222 482.109 0.000 482.109 0.067 0.000
108 1515 1737 222 457.620 0.000 457.620 0.067 0.000
109 1515 1737 222 434.680 0.000 434.680 0.067 0.000
110 1273 1737 464 411.801 0.000 411.801 0.067 0.000
111 1220 1737 517 389.751 0.000 389.751 0.067 0.000
112 1211 1737 526 368.763 0.000 368.763 0.067 0.000
113 1211 1737 526 348.594 0.000 348.594 0.067 0.000
114 1208 1737 529 329.401 0.000 329.401 0.067 0.000
115 1208 1737 529 310.486 0.000 310.486 0.067 0.000
116 1208 1737 529 294.432 0.000 294.432 0.067 0.001
117 1208 1737 529 279.832 0.000 279.832 0.067 0.001
118 1208 1737 529 265.510 0.000 265.510 0.067 0.001
119 1208 1737 529 251.916 0.000 251.916 0.067 0.001
120 1208 1737 529 237.727 0.000 237.727 0.067 0.001
121 1208 1737 529 223.831 0.000 223.831 0.067 0.001
122 1208 1737 529 209.453 0.000 209.453 0.083 0.001
123 1064 1737 673 196.906 0.000 196.906 0.083 0.001
124 1048 1737 689 188.462 0.000 188.462 0.083 0.001
125 1040 1737 697 177.574 0.000 177.574 0.083 0.001
126 1040 1737 697 167.679 0.000 167.679 0.083 0.001
127 1018 1737 719 157.621 0.000 157.621 0.083 0.001
128 1018 1737 719 148.130 0.000 148.130 0.083 0.001
129 1018 1737 719 140.094 0.000 140.094 0.083 0.001
130 1018 1737 719 132.099 0.000 132.099 0.083 0.001
131 1018 1737 719 124.631 0.000 124.631 0.083 0.001
132 1018 1737 719 118.434 0.000 118.434 0.083 0.001
133 964 1737 773 111.388 0.000 111.388 0.083 0.002
134 964 1737 773 105.327 0.000 105.327 0.083 0.002
135 964 1737 773 96.826 0.000 96.826 0.083 0.002
136 964 1737 773 87.857 0.000 87.857 0.083 0.002
137 964 1737 773 80.881 0.000 80.881 0.083 0.002
138 905 1737 832 75.483 0.000 75.483 0.083 0.002
139 905 1737 832 69.888 0.000 69.888 0.083 0.002
140 905 1737 832 63.544 0.000 63.544 0.083 0.002
141 733 1737 1004 57.779 0.000 57.779 0.083 0.003
142 733 1737 1004 52.471 0.000 52.471 0.083 0.003
143 733 1737 1004 47.517 0.000 47.517 0.083 0.003
144 733 1737 1004 43.450 0.000 43.450 0.083 0.003
145 733 1737 1004 38.409 0.000 38.409 0.083 0.003
146 733 1737 1004 33.630 0.000 33.630 0.083 0.003
147 686 1448 762 28.864 0.000 28.864 0.100 0.003
148 686 1448 762 24.858 0.000 24.858 0.100 0.003
149 509 1448 939 20.640 0.000 20.640 0.083 0.003
150 509 1448 939 17.161 0.000 17.161 0.067 0.003
151 509 1448 939 14.366 0.000 14.366 0.033 0.003
152 494 1448 954 11.937 0.000 11.937 0.033 0.003
153 414 1091 677 9.226 0.000 9.226 0.033 0.003
154 414 1091 677 7.329 0.000 7.329 0.033 0.003
155 414 1091 677 5.498 0.000 5.498 0.050 0.003
156 298 1091 793 3.826 0.000 3.826 0.050 0.003
157 277 1091 814 2.564 0.000 2.564 0.050 0.003
158 240 1091 851 1.580 0.000 1.580 0.050 0.003
159 240 1091 851 0.952 0.000 0.952 0.050 0.003
160 240 1091 851 0.565 0.000 0.565 0.050 0.003
161 234 1091 857 0.290 0.000 0.290 0.050 0.004
162 234 1091 857 0.187 0.000 0.187 0.050 0.004
163 234 1091 857 0.155 0.000 0.155 0.050 0.004
164 234 1091 857 0.097 0.000 0.097 0.050 0.003
165 197 1091 894 0.046 0.000 0.046 0.050 0.003
166 197 1091 894 0.053 0.000 0.053 0.050 0.003
167 197 1091 894 0.057 0.000 0.057 0.050 0.003
168 197 1091 894 0.133 0.000 0.133 0.050 0.003
169 234 1091 857 0.256 0.000 0.256 0.050 0.003
170 234 1091 857 0.425 0.000 0.425 0.050 0.003
171 234 1091 857 0.575 0.000 0.575 0.050 0.003
172 234 1091 857 0.983 0.000 0.983 0.050 0.003
173 234 1091 857 1.515 0.000 1.515 0.050 0.003
174 264 1091 827 2.601 0.000 2.601 0.050 0.003
175 264 1091 827 3.689 0.000 3.689 0.050 0.003
176 356 1091 735 5.820 0.000 5.820 0.050 0.003
177 392 1091 699 8.658 0.000 8.658 0.050 0.003
178 400 1091 691 11.454 0.000 11.454 0.050 0.003
179 400 1091 691 15.051 0.000 15.051 0.050 0.003
180 496 1091 595 20.059 0.000 20.059 0.067 0.003
181 496 1091 595 26.214 0.000 26.214 0.067 0.003
182 496 1091 595 32.584 0.000 32.584 0.067 0.003
183 580 1091 511 40.391 0.000 40.391 0.067 0.003
184 598 1091 493 49.146 0.000 49.146 0.050 0.003
185 618 1091 473 57.287 0.000 57.287 0.050 0.003
186 618 1091 473 66.388 0.000 66.388 0.050 0.003
187 618 1091 473 76.024 0.000 76.024 0.050 0.003
188 723 1091 368 87.892 0.000 87.892 0.050 0.003
189 1188 1155 33 102.758 0.000 102.758 0.067 0.003
190 1221 1155 66 119.258 0.000 119.258 0.067 0.003
191 1364 1155 209 135.409 0.000 135.409 0.067 0.003
192 1364 1155 209 146.997 0.000 146.997 0.067 0.003
193 1364 1155 209 162.270 0.000 162.270 0.067 0.003
194 1364 1155 209 179.609 0.000 179.609 0.067 0.003
195 1364 1155 209 199.759 0.000 199.759 0.067 0.003
196 1364 1155 209 218.819 0.000 218.819 0.067 0.003
197 1397 1155 242 239.681 0.000 239.681 0.067 0.003
198 1397 1155 242 258.424 0.000 258.424 0.067 0.003
199 1631 1594 37 279.393 0.000 279.393 0.083 0.003
200 1719 1594 125 303.872 0.000 303.872 0.083 0.003
201 1854 1594 260 327.343 0.000 327.343 0.083 0.003
202 1854 1594 260 349.762 0.000 349.762 0.083 0.003
203 1854 1594 260 369.079 0.000 369.079 0.083 0.003
204 1854 1594 260 388.214 0.000 388.214 0.083 0.003
205 1854 1594 260 407.575 0.000 407.575 0.083 0.003
206 1854 1594 260 425.338 0.000 425.338 0.083 0.003
207 1854 1594 260 443.205 0.000 443.205 0.067 0.003
208 1854 1594 260 460.738 0.000 460.738 0.067 0.003
209 1854 1594 260 479.000 0.000 479.000 0.067 0.003
210 1854 1594 260 494.009 0.000 494.009 0.067 0.003
211 1854 1594 260 509.736 0.000 509.736 0.067 0.004
212 1854 1594 260 524.611 0.000 524.611 0.067 0.004
213 1854 1594 260 540.803 0.000 540.803 0.067 0.004
214 1854 1594 260 554.109 0.000 554.109 0.067 0.004
215 1854 1594 260 569.623 0.000 569.623 0.067 0.004
216 1854 1594 260 583.293 0.000 583.293 0.067 0.004
217 1854 1594 260 597.668 0.000 597.668 0.067 0.003
218 1854 1594 260 610.239 0.000 610.239 0.067 0.003
219 1854 1594 260 624.776 0.000 624.776 0.067 0.004
220 1854 1594 260 637.066 0.000 637.066 0.067 0.004
221 1854 1594 260 650.901 0.000 650.901 0.067 0.004
222 1854 1594 260 662.905 0.000 662.905 0.067 0.004
223 1854 1594 260 676.325 0.000 676.325 0.050 0.004
224 1854 1594 260 687.232 0.000 687.232 0.050 0.004
225 1854 1594 260 699.338 0.000 699.338 0.050 0.004
226 1854 1594 260 707.484 0.000 707.484 0.050 0.004
227 1854 1594 260 717.806 0.000 717.806 0.050 0.004
228 1854 1594 260 727.918 0.000 727.918 0.050 0.004
229 1854 1594 260 739.454 0.000 739.454 0.050 0.004
230 1854 1594 260 751.293 0.000 751.293 0.050 0.004
231 1854 1594 260 762.508 0.000 762.508 0.050 0.004
232 1854 1594 260 772.804 0.000 772.804 0.050 0.004
233 1854 1594 260 782.056 0.000 782.056 0.050 0.004
234 1854 1594 260 792.388 0.000 792.388 0.050 0.004
235 1854 1594 260 800.715 0.000 800.715 0.050 0.004
236 1854 1594 260 810.502 0.000 810.502 0.050 0.004
237 1854 1594 260 821.506 0.000 821.506 0.050 0.004
238 1854 1594 260 829.931 0.000 829.931 0.050 0.004
239 1854 1594 260 838.567 0.000 838.567 0.050 0.004
240 1854 1594 260 848.292 0.000 848.292 0.050 0.004
241 1854 1594 260 858.977 0.000 858.977 0.050 0.004
242 1854 1594 260 868.233 0.000 868.233 0.050 0.004
243 1854 1594 260 877.829 0.000 877.829 0.050 0.004
244 1854 1594 260 887.430 0.000 887.430 0.050 0.004
245 1854 1594 260 895.249 0.000 895.249 0.050 0.004
246 1854 1594 260 902.608 0.000 902.608 0.050 0.004
247 1854 1594 260 909.632 0.000 909.632 0.050 0.004
248 1854 1594 260 916.892 0.000 916.892 0.050 0.003
249 1854 1594 260 922.826 0.000 922.826 0.033 0.003
250 1854 1594 260 928.799 0.000 928.799 0.033 0.003
251 1854 1594 260 933.177 0.000 933.177 0.033 0.003
252 1854 1594 260 936.701 0.000 936.701 0.033 0.003
253 1854 1594 260 939.544 0.000 939.544 0.033 0.003
254 1854 1594 260 943.573 0.000 943.573 0.033 0.003
255 1854 1594 260 945.369 0.000 945.369 0.033 0.003
256 1854 1594 260 945.709 0.000 945.709 0.033 0.003
257 1854 1594 260 945.760 0.000 945.760 0.033 0.003
258 1854 1594 260 944.936 0.000 944.936 0.033 0.003
259 1854 1594 260 943.124 0.000 943.124 0.033 0.003
260 1854 1594 260 937.716 0.000 937.716 0.033 0.002
261 1632 1594 38 930.925 0.000 930.925 0.033 0.002
262 1632 1594 38 924.186 0.000 924.186 0.033 0.002
263 1535 1594 59 918.894 0.000 918.894 0.033 0.002
264 1535 1594 59 912.958 0.000 912.958 0.017 0.002
265 1535 1594 59 906.427 0.000 906.427 0.017 0.002
266 1535 1594 59 899.336 0.000 899.336 0.017 0.001
267 1535 1594 59 890.601 0.000 890.601 0.017 0.001
268 1427 1594 167 879.675 0.000 879.675 0.017 0.001
269 1427 1594 167 867.209 0.000 867.209 0.017 0.001
270 1427 1594 167 853.924 0.000 853.924 0.017 0.001
271 1427 1594 167 838.054 0.000 838.054 0.017 0.001
272 1427 1594 167 822.290 0.000 822.290 0.017 0.001
273 1427 1594 167 803.490 0.000 803.490 0.017 0.001
274 1427 1594 167 786.461 0.000 786.461 0.017 0.001
275 1427 1594 167 765.206 0.000 765.206 0.017 0.001
276 1427 1594 167 742.354 0.000 742.354 0.017 0.001
277 1427 1594 167 718.291 0.000 718.291 0.017 0.001
278 1427 1594 167 695.025 0.000 695.025 0.017 0.000
279 1427 1594 167 671.004 0.000 671.004 0.017 0.000
280 1427 1594 167 646.452 0.000 646.452 0.017 0.000
281 1365 1594 229 619.524 0.000 619.524 0.017 0.000
282 1365 1594 229 592.278 0.000 592.278 0.017 0.000
283 1365 1594 229 564.933 0.000 564.933 0.017 0.000
284 1316 1594 278 540.875 0.000 540.875 0.017 0.000
285 1316 1594 278 514.582 0.000 514.582 0.017 0.000
286 1316 1594 278 490.705 0.000 490.705 0.017 0.000
287 1316 1594 278 466.348 0.000 466.348 0.017 0.000
288 1316 1594 278 444.092 0.000 444.092 0.017 0.000
289 1309 1594 285 423.325 0.000 423.325 0.017 0.000
290 1257 1594 337 398.662 0.000 398.662 0.017 0.000
291 1257 1594 337 377.845 0.000 377.845 0.017 0.000
292 1257 1594 337 360.230 0.000 360.230 0.017 0.000
293 1251 1594 343 342.019 0.000 342.019 0.017 0.000
294 1251 1594 343 323.051 0.000 323.051 0.017 0.000
295 1251 1594 343 303.143 0.000 303.143 0.017 0.000
296 1251 1594 343 286.463 0.000 286.463 0.017 0.000
297 1213 1594 381 270.988 0.000 270.988 0.017 0.001
298 1213 1594 381 257.010 0.000 257.010 0.017 0.001
299 1181 1594 413 244.390 0.000 244.390 0.017 0.001
300 1181 1594 413 231.057 0.000 231.057 0.017 0.001
301 1181 1594 413 217.753 0.000 217.753 0.017 0.001
302 1181 1594 413 206.341 0.000 206.341 0.017 0.001
303 1181 1594 413 192.956 0.000 192.956 0.017 0.001
304 1181 1594 413 180.674 0.000 180.674 0.017 0.001
305 1181 1594 413 170.681 0.000 170.681 0.017 0.001
306 1181 1594 413 161.187 0.000 161.187 0.017 0.001
307 1027 1594 567 151.634 0.000 151.634 0.017 0.001
308 1027 1594 567 143.888 0.000 143.888 0.017 0.001
309 1027 1594 567 135.405 0.000 135.405 0.017 0.001
310 1027 1594 567 128.074 0.000 128.074 0.017 0.001
311 1027 1594 567 120.888 0.000 120.888 0.033 0.001
312 1027 1594 567 112.701 0.000 112.701 0.033 0.001
313 1027 1594 567 105.461 0.000 105.461 0.033 0.002
314 1027 1594 567 99.339 0.000 99.339 0.033 0.002
315 1027 1594 567 93.160 0.000 93.160 0.033 0.002
316 1018 1594 576 85.222 0.000 85.222 0.033 0.002
317 910 1529 619 79.495 0.000 79.495 0.033 0.002
318 857 1529 672 72.969 0.000 72.969 0.033 0.002
319 857 1529 672 67.306 0.000 67.306 0.033 0.002
320 857 1529 672 61.079 0.000 61.079 0.033 0.002
321 857 1529 672 55.973 0.000 55.973 0.033 0.002
322 856 1529 673 50.145 0.000 50.145 0.033 0.002
323 715 1529 814 45.433 0.000 45.433 0.033 0.002
324 715 1529 814 40.984 0.000 40.984 0.033 0.003
325 630 1529 899 36.745 0.000 36.745 0.033 0.003
326 564 1142 578 33.026 0.000 33.026 0.033 0.003
327 513 1142 629 29.307 0.000 29.307 0.033 0.003
328 506 1142 636 25.683 0.000 25.683 0.033 0.003
329 452 1142 690 21.732 0.000 21.732 0.033 0.003
330 452 1142 690 18.425 0.000 18.425 0.033 0.003
331 452 1142 690 15.048 0.000 15.048 0.033 0.003
332 452 1142 690 12.029 0.000 12.029 0.033 0.003
333 452 1142 690 9.159 0.000 9.159 0.033 0.003
334 387 1142 755 6.943 0.000 6.943 0.050 0.003
335 333 1142 809 4.982 0.000 4.982 0.050 0.003
336 333 1142 809 3.300 0.000 3.300 0.050 0.003
337 208 1142 934 2.042 0.000 2.042 0.050 0.003
338 208 1142 934 1.256 0.000 1.256 0.050 0.003
339 170 1142 972 0.720 0.000 0.720 0.050 0.003
340 161 1142 981 0.541 0.000 0.541 0.050 0.003
341 161 1142 981 0.414 0.000 0.414 0.050 0.003
342 161 1142 981 0.257 0.000 0.257 0.050 0.003
343 152 1142 990 0.203 0.000 0.203 0.050 0.003
344 152 1142 990 0.174 0.000 0.174 0.050 0.003
345 152 1142 990 0.160 0.000 0.160 0.050 0.003
346 194 1142 948 0.193 0.000 0.193 0.050 0.003
347 194 1142 948 0.211 0.000 0.211 0.050 0.003
348 237 1142 905 0.258 0.000 0.258 0.050 0.003
349 237 1142 905 0.324 0.000 0.324 0.050 0.003
350 237 1142 905 0.405 0.000 0.405 0.050 0.003
351 237 1142 905 0.580 0.000 0.580 0.050 0.003
352 306 1142 836 0.990 0.000 0.990 0.050 0.003
353 327 1142 815 1.461 0.000 1.461 0.050 0.003
354 379 1142 763 2.421 0.000 2.421 0.050 0.003
355 379 1142 763 3.677 0.000 3.677 0.050 0.003
356 468 1142 674 5.960 0.000 5.960 0.050 0.003
357 468 1142 674 9.004 0.000 9.004 0.050 0.003
358 468 1142 674 12.262 0.000 12.262 0.050 0.003
359 468 1142 674 16.040 0.000 16.040 0.050 0.003
360 468 1142 674 20.068 0.000 20.068 0.050 0.003
361 497 1142 645 24.938 0.000 24.938 0.050 0.003
362 497 1142 645 30.350 0.000 30.350 0.050 0.003
363 499 1142 643 36.783 0.000 36.783 0.050 0.003
364 561 1142 581 43.941 0.000 43.941 0.050 0.003
365 563 1142 579 52.205 0.000 52.205 0.050 0.003
366 668 1142 474 60.891 0.000 60.891 0.067 0.003
367 668 1142 474 72.614 0.000 72.614 0.050 0.003
368 668 1142 474 83.293 0.000 83.293 0.050 0.003
369 758 1142 384 93.581 0.000 93.581 0.050 0.002
370 758 1142 384 107.875 0.000 107.875 0.050 0.003
371 803 1142 339 120.524 0.000 120.524 0.050 0.002
372 1003 1142 139 136.469 0.000 136.469 0.067 0.002
373 1003 1142 139 152.277 0.000 152.277 0.067 0.002
374 1003 1142 139 169.444 0.000 169.444 0.067 0.002
375 1241 1142 99 187.116 0.000 187.116 0.067 0.002
376 1241 1142 99 204.344 0.000 204.344 0.067 0.002
377 1241 1142 99 222.458 0.000 222.458 0.067 0.003
378 1617 1496 121 244.783 0.000 244.783 0.083 0.003
379 2229 2229 0 267.236 0.000 267.236 0.100 0.003
380 2667 2647 20 297.117 0.000 297.117 0.117 0.003
381 2790 2647 143 326.853 0.000 326.853 0.117 0.003
382 2986 2647 339 357.356 0.000 357.356 0.117 0.003
383 3004 2647 357 389.604 0.000 389.604 0.100 0.003
384 3004 2647 357 416.581 0.000 416.581 0.100 0.003
385 3004 2647 357 445.268 0.000 445.268 0.100 0.003
386 3004 2647 357 467.175 0.000 467.175 0.100 0.003
387 3004 2647 357 493.010 0.000 493.010 0.100 0.003
388 3004 2647 357 517.233 0.000 517.233 0.100 0.003
389 3004 2647 357 535.545 0.000 535.545 0.100 0.003
390 3004 2647 357 551.924 0.000 551.924 0.100 0.003
391 3004 2647 357 566.650 0.000 566.650 0.100 0.003
392 3004 2647 357 581.128 0.000 581.128 0.100 0.003
393 3004 2647 357 596.669 0.000 596.669 0.100 0.003
394 3004 2647 357 609.906 0.000 609.906 0.083 0.003
395 3004 2647 357 623.578 0.000 623.578 0.083 0.003
396 3004 2647 357 636.559 0.000 636.559 0.083 0.003
397 3004 2647 357 649.296 0.000 649.296 0.083 0.003
398 3004 2647 357 661.876 0.000 661.876 0.083 0.003
399 3004 2647 357 674.499 0.000 674.499 0.083 0.003
400 3004 2647 357 687.062 0.000 687.062 0.083 0.003
401 3004 2647 357 698.266 0.000 698.266 0.083 0.003
402 3004 2647 357 709.666 0.000 709.666 0.083 0.003
403 3004 2647 357 720.756 0.000 720.756 0.083 0.003
404 3004 2647 357 733.263 0.000 733.263 0.083 0.004
405 3004 2647 357 744.174 0.000 744.174 0.083 0.004
406 3004 2647 357 756.668 0.000 756.668 0.083 0.004
407 3004 2647 357 768.406 0.000 768.406 0.083 0.004
408 3004 2647 357 780.850 0.000 780.850 0.083 0.004
409 3004 2647 357 791.643 0.000 791.643 0.083 0.004
410 3004 2647 357 803.150 0.000 803.150 0.083 0.004
411 3004 2647 357 813.584 0.000 813.584 0.083 0.004
412 3004 2647 357 823.075 0.000 823.075 0.083 0.004
413 3004 2647 357 832.029 0.000 832.029 0.083 0.004
414 3004 2647 357 842.336 0.000 842.336 0.083 0.004
415 3004 2647 357 851.815 0.000 851.815 0.083 0.004
416 3004 2647 357 863.228 0.000 863.228 0.083 0.004
417 3004 2647 357 874.541 0.000 874.541 0.083 0.004
418 3004 2647 357 884.591 0.000 884.591 0.083 0.004
419 3004 2647 357 894.817 0.000 894.817 0.083 0.004
420 3004 2647 357 903.394 0.000 903.394 0.083 0.004
421 3004 2647 357 912.106 0.000 912.106 0.083 0.004
422 3004 2647 357 920.782 0.000 920.782 0.083 0.004
423 3004 2647 357 928.847 0.000 928.847 0.083 0.004
424 3004 2647 357 936.719 0.000 936.719 0.083 0.004
425 3004 2647 357 945.164 0.000 945.164 0.083 0.004
426 3004 2647 357 951.956 0.000 951.956 0.083 0.004
427 3004 2647 357 961.042 0.000 961.042 0.083 0.004
428 3004 2647 357 968.499 0.000 968.499 0.083 0.003
429 3004 2647 357 973.448 0.000 973.448 0.083 0.003
430 3004 2647 357 980.431 0.000 980.431 0.083 0.003
431 3004 2647 357 986.241 0.000 986.241 0.067 0.003
432 3004 2647 357 992.111 0.000 992.111 0.067 0.003
433 3004 2647 357 998.220 0.000 998.220 0.067 0.003
434 3004 2647 357 1002.786 0.000 1002.786 0.067 0.003
435 3004 2647 357 1006.191 0.000 1006.191 0.067 0.003
436 3004 2647 357 1009.052 0.000 1009.052 0.067 0.003
437 3004 2647 357 1011.854 0.000 1011.854 0.050 0.003
438 3004 2647 357 1010.990 0.000 1010.990 0.050 0.003
439 3004 2647 357 1006.930 0.000 1006.930 0.033 0.002
440 3004 2647 357 998.259 0.000 998.259 0.033 0.002
441 3004 2647 357 989.023 0.000 989.023 0.033 0.002
442 3004 2647 357 975.754 0.000 975.754 0.033 0.002
443 2979 2647 332 959.085 0.000 959.085 0.033 0.002
444 2979 2647 332 945.090 0.000 945.090 0.033 0.002
445 2803 2647 156 929.054 0.000 929.054 0.017 0.002
446 2803 2647 156 915.811 0.000 915.811 0.017 0.002
447 2469 2647 178 899.097 0.000 899.097 0.017 0.001
448 1915 2111 196 879.707 0.000 879.707 0.017 0.001
449 1671 1671 0 865.310 0.000 865.310 0.033 0.001
450 1671 1671 0 851.484 0.000 851.484 0.033 0.001
451 1671 1671 0 840.032 0.000 840.032 0.033 0.001
452 1671 1671 0 824.171 0.000 824.171 0.033 0.001
453 1671 1671 0 806.337 0.000 806.337 0.033 0.001
454 1671 1671 0 786.848 0.000 786.848 0.033 0.001
455 1671 1671 0 765.521 0.000 765.521 0.033 0.001
456 1671 1671 0 742.249 0.000 742.249 0.033 0.001
457 1671 1671 0 721.667 0.000 721.667 0.033 0.001
458 1671 1671 0 699.840 0.000 699.840 0.033 0.001
459 1328 1671 343 674.889 0.000 674.889 0.033 0.000
460 1328 1671 343 649.981 0.000 649.981 0.033 0.000
461 1328 1671 343 622.938 0.000 622.938 0.033 0.000
462 1328 1671 343 596.891 0.000 596.891 0.033 0.000
463 1328 1671 343 572.674 0.000 572.674 0.033 0.000
464 1301 1671 370 550.534 0.000 550.534 0.033 0.000
465 1301 1671 370 527.122 0.000 527.122 0.033 0.000
466 1301 1671 370 502.934 0.000 502.934 0.033 0.000
467 1301 1671 370 478.348 0.000 478.348 0.033 0.000
468 1301 1671 370 452.999 0.000 452.999 0.033 0.000
469 1301 1671 370 429.108 0.000 429.108 0.033 0.000
470 1301 1671 370 407.108 0.000 407.108 0.033 0.000
471 1301 1671 370 386.469 0.000 386.469 0.033 0.000
472 1301 1671 370 366.235 0.000 366.235 0.033 0.000
473 1301 1671 370 347.522 0.000 347.522 0.033 0.000
474 1301 1671 370 329.406 0.000 329.406 0.033 0.000
475 1301 1671 370 312.374 0.000 312.374 0.033 0.000
476 1301 1671 370 295.735 0.000 295.735 0.033 0.001
477 1301 1671 370 279.782 0.000 279.782 0.033 0.001
478 1301 1671 370 265.773 0.000 265.773 0.033 0.001
479 1301 1671 370 249.646 0.000 249.646 0.033 0.001
480 1301 1671 370 236.432 0.000 236.432 0.033 0.001
481 1301 1671 370 224.222 0.000 224.222 0.033 0.001
482 1301 1671 370 212.213 0.000 212.213 0.033 0.001
483 1301 1671 370 199.890 0.000 199.890 0.033 0.001
484 1301 1671 370 189.918 0.000 189.918 0.050 0.001
485 1301 1671 370 179.677 0.000 179.677 0.050 0.001
486 1301 1671 370 170.214 0.000 170.214 0.050 0.001
487 1301 1671 370 160.658 0.000 160.658 0.050 0.001
488 1301 1671 370 151.209 0.000 151.209 0.050 0.001
489 1301 1671 370 142.349 0.000 142.349 0.050 0.001
490 1301 1671 370 132.367 0.000 132.367 0.050 0.001
491 1301 1671 370 127.290 0.000 127.290 0.050 0.001
492 1301 1671 370 120.520 0.000 120.520 0.050 0.002
493 949 1671 722 112.638 0.000 112.638 0.050 0.002
494 949 1671 722 105.430 0.000 105.430 0.050 0.002
495 949 1671 722 99.148 0.000 99.148 0.050 0.002
496 949 1671 722 92.405 0.000 92.405 0.050 0.002
497 942 1671 729 85.365 0.000 85.365 0.050 0.002
498 942 1671 729 78.312 0.000 78.312 0.050 0.002
499 942 1671 729 72.389 0.000 72.389 0.050 0.002
500 942 1671 729 67.989 0.000 67.989 0.050 0.002
501 942 1671 729 62.939 0.000 62.939 0.050 0.002
502 942 1671 729 57.218 0.000 57.218 0.050 0.002
503 942 1671 729 51.629 0.000 51.629 0.050 0.002
504 813 1671 858 45.936 0.000 45.936 0.050 0.002
505 631 1671 1040 41.288 0.000 41.288 0.050 0.003
506 585 1671 1086 37.310 0.000 37.310 0.050 0.003
507 585 1671 1086 32.735 0.000 32.735 0.050 0.003
508 552 1671 1119 28.221 0.000 28.221 0.050 0.003
509 552 1671 1119 24.304 0.000 24.304 0.033 0.003
510 552 1671 1119 20.638 0.000 20.638 0.033 0.003
511 552 1671 1119 18.144 0.000 18.144 0.033 0.003
512 552 1671 1119 15.067 0.000 15.067 0.033 0.003
513 552 1091 539 12.289 0.000 12.289 0.033 0.003
514 552 1091 539 9.668 0.000 9.668 0.033 0.003
515 552 1091 539 7.495 0.000 7.495 0.050 0.003
516 552 1091 539 5.665 0.000 5.665 0.050 0.003
517 552 1091 539 4.493 0.000 4.493 0.050 0.003
518 552 1091 539 3.808 0.000 3.808 0.050 0.003
519 552 1091 539 3.378 0.000 3.378 0.050 0.003
520 552 1091 539 3.013 0.000 3.013 0.050 0.003
521 552 1091 539 2.780 0.000 2.780 0.050 0.003
522 552 1091 539 2.701 0.000 2.701 0.050 0.003
523 552 1091 539 2.613 0.000 2.613 0.050 0.003
524 552 1091 539 2.596 0.000 2.596 0.050 0.003
525 552 1091 539 2.580 0.000 2.580 0.050 0.003
526 552 1091 539 2.657 0.000 2.657 0.050 0.003
527 552 1091 539 2.715 0.000 2.715 0.050 0.003
528 552 1091 539 2.762 0.000 2.762 0.050 0.003
529 552 1091 539 2.843 0.000 2.843 0.050 0.003
530 552 1091 539 2.999 0.000 2.999 0.050 0.003
531 552 1091 539 3.225 0.000 3.225 0.050 0.003
532 552 1091 539 3.689 0.000 3.689 0.050 0.003
533 552 1091 539 4.339 0.000 4.339 0.050 0.003
534 552 1091 539 5.351 0.000 5.351 0.050 0.003
535 552 1091 539 6.703 0.000 6.703 0.050 0.003
536 552 1091 539 9.019 0.000 9.019 0.050 0.003
537 552 1091 539 11.578 0.000 11.578 0.050 0.003
538 552 1091 539 14.701 0.000 14.701 0.050 0.003
539 552 1091 539 18.701 0.000 18.701 0.050 0.003
540 552 1091 539 23.643 0.000 23.643 0.050 0.003
541 552 1091 539 29.475 0.000 29.475 0.050 0.003
542 552 1091 539 35.805 0.000 35.805 0.050 0.003
543 552 1091 539 42.173 0.000 42.173 0.050 0.002
544 552 1091 539 50.502 0.000 50.502 0.050 0.002
545 586 1091 505 59.463 0.000 59.463 0.050 0.002
546 647 1091 444 70.176 0.000 70.176 0.050 0.002
547 647 1091 444 78.748 0.000 78.748 0.050 0.002
548 748 1091 343 90.595 0.000 90.595 0.050 0.002
549 748 1091 343 101.146 0.000 101.146 0.050 0.002
550 926 1091 165 114.567 0.000 114.567 0.050 0.002
551 956 1091 135 126.887 0.000 126.887 0.050 0.002
552 1013 1091 78 139.735 0.000 139.735 0.067 0.002
553 1046 1091 45 157.567 0.000 157.567 0.067 0.002
554 1046 1091 45 173.782 0.000 173.782 0.067 0.002
555 1377 1091 286 187.117 0.000 187.117 0.067 0.003
556 1452 1091 361 205.433 0.000 205.433 0.067 0.002
557 1711 1091 620 224.885 0.000 224.885 0.067 0.003
558 1889 1803 86 245.135 0.000 245.135 0.067 0.003
559 2169 1803 366 268.189 0.000 268.189 0.067 0.003
560 2332 2264 68 290.590 0.000 290.590 0.067 0.003
561 2358 2264 94 313.163 0.000 313.163 0.067 0.003
562 2576 2264 312 340.191 0.000 340.191 0.067 0.003
563 2582 2264 318 364.522 0.000 364.522 0.067 0.003
564 2582 2264 318 391.282 0.000 391.282 0.067 0.003
565 2582 2264 318 412.672 0.000 412.672 0.050 0.003
566 2582 2264 318 435.564 0.000 435.564 0.050 0.003
567 2582 2264 318 454.962 0.000 454.962 0.050 0.003
568 2582 2264 318 470.065 0.000 470.065 0.050 0.003
569 2582 2264 318 486.196 0.000 486.196 0.050 0.003
570 2582 2264 318 501.804 0.000 501.804 0.050 0.003
571 2582 2264 318 518.753 0.000 518.753 0.050 0.003
572 2582 2264 318 536.232 0.000 536.232 0.050 0.003
573 2582 2264 318 550.597 0.000 550.597 0.050 0.003
574 2582 2264 318 564.460 0.000 564.460 0.050 0.003
575 2582 2264 318 578.208 0.000 578.208 0.050 0.003
576 2582 2264 318 593.379 0.000 593.379 0.050 0.003
577 2582 2264 318 607.619 0.000 607.619 0.050 0.003
578 2582 2264 318 621.463 0.000 621.463 0.050 0.003
579 2582 2264 318 634.786 0.000 634.786 0.050 0.003
580 2582 2264 318 647.341 0.000 647.341 0.050 0.003
581 2582 2264 318 659.652 0.000 659.652 0.050 0.003
582 2582 2264 318 671.215 0.000 671.215 0.050 0.003
583 2582 2264 318 682.080 0.000 682.080 0.050 0.004
584 2582 2264 318 693.416 0.000 693.416 0.050 0.004
585 2582 2264 318 705.353 0.000 705.353 0.050 0.004
586 2582 2264 318 716.498 0.000 716.498 0.050 0.004
587 2582 2264 318 729.036 0.000 729.036 0.050 0.004
588 2582 2264 318 740.924 0.000 740.924 0.050 0.004
589 2582 2264 318 752.759 0.000 752.759 0.050 0.004
590 2582 2264 318 764.198 0.000 764.198 0.050 0.004
591 2582 2264 318 774.522 0.000 774.522 0.050 0.004
592 2582 2264 318 785.701 0.000 785.701 0.050 0.004
593 2582 2264 318 796.333 0.000 796.333 0.050 0.004
594 2582 2264 318 806.349 0.000 806.349 0.050 0.004
595 2582 2264 318 815.850 0.000 815.850 0.050 0.004
596 2582 2264 318 827.262 0.000 827.262 0.050 0.004
597 2582 2264 318 836.450 0.000 836.450 0.050 0.004
598 2582 2264 318 846.275 0.000 846.275 0.050 0.004
599 2582 2264 318 855.496 0.000 855.496 0.050 0.004
600 2582 2264 318 865.724 0.000 865.724 0.050 0.004
601 2582 2264 318 876.053 0.000 876.053 0.050 0.004
602 2582 2264 318 885.489 0.000 885.489 0.050 0.004
603 2582 2264 318 893.559 0.000 893.559 0.050 0.004
604 2582 2264 318 902.891 0.000 902.891 0.050 0.004
605 2582 2264 318 911.103 0.000 911.103 0.050 0.004
606 2582 2264 318 920.201 0.000 920.201 0.050 0.004
607 2582 2264 318 926.423 0.000 926.423 0.050 0.004
608 2582 2264 318 933.029 0.000 933.029 0.050 0.004
609 2582 2264 318 938.950 0.000 938.950 0.050 0.003
610 2582 2264 318 944.416 0.000 944.416 0.050 0.003
611 2582 2264 318 949.597 0.000 949.597 0.050 0.003
612 2582 2264 318 954.433 0.000 954.433 0.050 0.003
613 2582 2264 318 960.308 0.000 960.308 0.050 0.003
614 2582 2264 318 963.471 0.000 963.471 0.050 0.003
615 2582 2264 318 964.355 0.000 964.355 0.033 0.003
616 2582 2264 318 966.075 0.000 966.075 0.033 0.003
617 2582 2264 318 964.735 0.000 964.735 0.033 0.003
618 2582 2264 318 964.834 0.000 964.834 0.033 0.003
619 2582 2264 318 961.958 0.000 961.958 0.033 0.002
620 2582 2264 318 956.919 0.000 956.919 0.033 0.002
621 2582 2264 318 951.213 0.000 951.213 0.033 0.002
622 2582 2264 318 943.038 0.000 943.038 0.033 0.002
623 2475 2264 211 934.011 0.000 934.011 0.033 0.002
624 2419 2264 155 921.483 0.000 921.483 0.033 0.002
625 2255 2264 9 911.933 0.000 911.933 0.033 0.002
626 1506 1859 353 899.724 0.000 899.724 0.033 0.002
627 1415 1415 0 888.228 0.000 888.228 0.033 0.002
628 1415 1415 0 879.307 0.000 879.307 0.033 0.001
629 1415 1415 0 870.152 0.000 870.152 0.033 0.001
630 1415 1415 0 858.663 0.000 858.663 0.033 0.001
631 1415 1415 0 842.151 0.000 842.151 0.033 0.001
632 1408 1415 7 826.932 0.000 826.932 0.033 0.001
633 1408 1415 7 809.247 0.000 809.247 0.033 0.001
634 1408 1415 7 790.926 0.000 790.926 0.033 0.001
635 1408 1415 7 769.037 0.000 769.037 0.033 0.001
636 1408 1415 7 745.757 0.000 745.757 0.033 0.001
637 1408 1415 7 723.890 0.000 723.890 0.033 0.001
638 1408 1415 7 699.007 0.000 699.007 0.033 0.001
639 1408 1415 7 673.670 0.000 673.670 0.033 0.001
640 1408 1415 7 650.672 0.000 650.672 0.033 0.001
641 1408 1415 7 623.913 0.000 623.913 0.033 0.000
642 1408 1415 7 597.441 0.000 597.441 0.033 0.000
643 1408 1415 7 576.160 0.000 576.160 0.033 0.000
644 1408 1415 7 553.597 0.000 553.597 0.033 0.000
645 1408 1415 7 527.013 0.000 527.013 0.033 0.000
646 1361 1415 54 499.851 0.000 499.851 0.033 0.000
647 1361 1415 54 473.838 0.000 473.838 0.033 0.000
648 1329 1415 86 450.128 0.000 450.128 0.033 0.000
649 1329 1415 86 428.890 0.000 428.890 0.033 0.000
650 1329 1415 86 405.412 0.000 405.412 0.033 0.000
651 1281 1415 134 384.698 0.000 384.698 0.033 0.000
652 1281 1415 134 364.549 0.000 364.549 0.033 0.000
653 1281 1415 134 343.818 0.000 343.818 0.033 0.000
654 1281 1415 134 326.086 0.000 326.086 0.033 0.000
655 1281 1415 134 310.605 0.000 310.605 0.033 0.000
656 1281 1415 134 293.659 0.000 293.659 0.033 0.001
657 1281 1415 134 278.555 0.000 278.555 0.033 0.001
658 1281 1415 134 263.655 0.000 263.655 0.033 0.001
659 1192 1415 223 250.116 0.000 250.116 0.033 0.001
660 1192 1415 223 234.591 0.000 234.591 0.033 0.001
661 1192 1415 223 221.071 0.000 221.071 0.033 0.001
662 1192 1415 223 210.337 0.000 210.337 0.033 0.001
663 1159 1415 256 198.637 0.000 198.637 0.033 0.001
664 1121 1415 294 187.792 0.000 187.792 0.033 0.001
665 1121 1415 294 178.520 0.000 178.520 0.033 0.001
666 1121 1415 294 169.001 0.000 169.001 0.033 0.001
667 1119 1415 296 158.632 0.000 158.632 0.033 0.001
668 1119 1415 296 149.469 0.000 149.469 0.033 0.001
669 1119 1415 296 140.890 0.000 140.890 0.033 0.001
670 1119 1415 296 131.295 0.000 131.295 0.033 0.002
671 962 1415 453 122.644 0.000 122.644 0.033 0.002
672 859 1314 455 115.548 0.000 115.548 0.050 0.002
673 836 1314 478 109.314 0.000 109.314 0.050 0.002
674 836 1314 478 100.909 0.000 100.909 0.050 0.002
675 836 1314 478 94.522 0.000 94.522 0.050 0.002
676 836 1314 478 87.571 0.000 87.571 0.050 0.002
677 781 1314 533 81.562 0.000 81.562 0.050 0.002
678 729 1314 585 75.592 0.000 75.592 0.050 0.002
679 726 1314 588 69.612 0.000 69.612 0.050 0.002
680 703 1314 611 63.224 0.000 63.224 0.050 0.002
681 703 1314 611 58.152 0.000 58.152 0.050 0.002
682 665 1314 649 52.591 0.000 52.591 0.050 0.002
683 656 1314 658 48.013 0.000 48.013 0.050 0.002
684 656 1314 658 43.283 0.000 43.283 0.050 0.002
685 656 1314 658 38.746 0.000 38.746 0.050 0.003
686 656 1314 658 34.305 0.000 34.305 0.050 0.003
687 656 1314 658 29.499 0.000 29.499 0.050 0.003
688 484 1314 830 25.994 0.000 25.994 0.050 0.003
689 484 1314 830 22.963 0.000 22.963 0.050 0.003
690 484 1314 830 19.687 0.000 19.687 0.050 0.003
691 484 1314 830 15.821 0.000 15.821 0.050 0.003
692 366 1314 948 12.953 0.000 12.953 0.050 0.003
693 364 1314 950 10.207 0.000 10.207 0.050 0.003
694 306 1314 1008 7.852 0.000 7.852 0.050 0.003
695 302 1314 1012 5.557 0.000 5.557 0.050 0.003
696 298 1314 1016 3.770 0.000 3.770 0.050 0.003
697 298 1314 1016 2.638 0.000 2.638 0.050 0.003
698 298 1314 1016 1.560 0.000 1.560 0.050 0.003
699 298 1314 1016 0.996 0.000 0.996 0.050 0.003
700 225 1314 1089 0.685 0.000 0.685 0.050 0.003
701 225 1314 1089 0.525 0.000 0.525 0.050 0.003
702 225 1314 1089 0.401 0.000 0.401 0.050 0.003
703 225 1314 1089 0.355 0.000 0.355 0.050 0.003
704 225 1314 1089 0.289 0.000 0.289 0.050 0.003
705 225 1314 1089 0.289 0.000 0.289 0.050 0.003
706 225 1314 1089 0.293 0.000 0.293 0.033 0.003
707 225 1314 1089 0.288 0.000 0.288 0.033 0.003
708 225 1314 1089 0.315 0.000 0.315 0.033 0.003
709 225 1314 1089 0.320 0.000 0.320 0.033 0.003
710 225 1314 1089 0.380 0.000 0.380 0.033 0.003
711 225 1314 1089 0.547 0.000 0.547 0.033 0.003
712 225 1314 1089 0.877 0.000 0.877 0.033 0.003
713 225 1314 1089 1.465 0.000 1.465 0.033 0.003
714 255 1314 1059 2.489 0.000 2.489 0.033 0.003
715 364 1314 950 4.075 0.000 4.075 0.033 0.003
716 365 1314 949 6.187 0.000 6.187 0.033 0.003
717 365 1314 949 8.890 0.000 8.890 0.033 0.003
718 365 1314 949 11.473 0.000 11.473 0.033 0.003
719 522 1314 792 15.694 0.000 15.694 0.033 0.003
720 522 1314 792 18.899 0.000 18.899 0.033 0.003
721 522 1314 792 24.336 0.000 24.336 0.033 0.003
722 522 1314 792 30.517 0.000 30.517 0.033 0.003
723 617 1314 697 37.462 0.000 37.462 0.033 0.003
724 617 1314 697 44.796 0.000 44.796 0.050 0.003
725 617 1314 697 53.279 0.000 53.279 0.050 0.003
726 716 1314 598 64.092 0.000 64.092 0.050 0.003
727 716 1314 598 73.298 0.000 73.298 0.050 0.002
728 841 1314 473 83.574 0.000 83.574 0.050 0.002
729 1038 1314 276 96.676 0.000 96.676 0.050 0.003
730 1038 1314 276 110.037 0.000 110.037 0.050 0.002
731 1038 1314 276 123.602 0.000 123.602 0.050 0.002
732 1038 1314 276 136.265 0.000 136.265 0.050 0.002
733 1180 1314 134 151.473 0.000 151.473 0.050 0.003
734 1559 1509 50 168.077 0.000 168.077 0.050 0.003
735 1628 1509 119 189.414 0.000 189.414 0.050 0.003
736 1628 1509 119 210.142 0.000 210.142 0.050 0.003
737 1638 1509 129 229.524 0.000 229.524 0.050 0.003
738 1638 1509 129 252.491 0.000 252.491 0.067 0.003
739 1638 1509 129 272.518 0.000 272.518 0.067 0.003
740 1670 1509 161 293.225 0.000 293.225 0.067 0.003
741 1670 1509 161 316.382 0.000 316.382 0.067 0.003
742 1670 1509 161 338.867 0.000 338.867 0.067 0.003
743 1670 1509 161 358.252 0.000 358.252 0.067 0.003
744 1958 1751 207 378.611 0.000 378.611 0.067 0.003
745 2323 2187 136 402.162 0.000 402.162 0.083 0.003
746 2776 2776 0 423.518 0.000 423.518 0.100 0.003
747 2791 2776 15 449.463 0.000 449.463 0.100 0.003
748 3025 2776 249 472.941 0.000 472.941 0.100 0.003
749 3025 2776 249 494.588 0.000 494.588 0.100 0.003
750 3025 2776 249 511.296 0.000 511.296 0.100 0.003
751 3025 2776 249 527.651 0.000 527.651 0.100 0.003
752 3025 2776 249 541.596 0.000 541.596 0.083 0.003
753 3025 2776 249 556.230 0.000 556.230 0.083 0.003
754 3025 2776 249 572.471 0.000 572.471 0.083 0.004
755 3025 2776 249 585.710 0.000 585.710 0.083 0.003
756 3025 2776 249 597.976 0.000 597.976 0.083 0.003
757 3025 2776 249 612.268 0.000 612.268 0.083 0.003
758 3025 2776 249 624.486 0.000 624.486 0.083 0.003
759 3025 2776 249 636.691 0.000 636.691 0.083 0.003
760 3025 2776 249 649.095 0.000 649.095 0.083 0.003
761 3025 2776 249 661.435 0.000 661.435 0.083 0.003
762 3025 2776 249 672.669 0.000 672.669 0.083 0.003
763 3025 2776 249 685.928 0.000 685.928 0.083 0.004
764 3025 2776 249 699.542 0.000 699.542 0.083 0.004
765 3025 2776 249 711.462 0.000 711.462 0.083 0.004
766 3025 2776 249 723.178 0.000 723.178 0.083 0.004
767 3025 2776 249 736.534 0.000 736.534 0.083 0.004
768 3025 2776 249 746.988 0.000 746.988 0.083 0.004
769 3025 2776 249 757.201 0.000 757.201 0.083 0.004
770 3025 2776 249 769.505 0.000 769.505 0.083 0.004
771 3025 2776 249 782.153 0.000 782.153 0.083 0.004
772 3025 2776 249 792.225 0.000 792.225 0.083 0.004
773 3025 2776 249 802.477 0.000 802.477 0.083 0.004
774 3025 2776 249 813.284 0.000 813.284 0.083 0.004
775 3025 2776 249 823.768 0.000 823.768 0.083 0.004
776 3025 2776 249 834.223 0.000 834.223 0.083 0.004
777 3025 2776 249 845.360 0.000 845.360 0.083 0.004
778 3025 2776 249 853.404 0.000 853.404 0.083 0.004
779 3025 2776 249 863.849 0.000 863.849 0.083 0.004
780 3025 2776 249 870.930 0.000 870.930 0.083 0.004
781 3025 2776 249 880.530 0.000 880.530 0.083 0.004
782 3025 2776 249 889.893 0.000 889.893 0.083 0.004
783 3025 2776 249 898.801 0.000 898.801 0.083 0.004
784 3025 2776 249 906.799 0.000 906.799 0.083 0.004
785 3025 2776 249 914.970 0.000 914.970 0.083 0.004
786 3025 2776 249 924.688 0.000 924.688 0.083 0.004
787 3025 2776 249 931.857 0.000 931.857 0.083 0.004
788 3025 2776 249 937.888 0.000 937.888 0.083 0.004
789 3025 2776 249 945.150 0.000 945.150 0.083 0.003
790 3025 2776 249 952.257 0.000 952.257 0.083 0.003
791 3025 2776 249 958.502 0.000 958.502 0.083 0.003
792 3025 2776 249 962.723 0.000 962.723 0.083 0.003
793 3025 2776 249 965.956 0.000 965.956 0.083 0.003
794 3025 2776 249 968.213 0.000 968.213 0.067 0.003
795 3025 2776 249 969.754 0.000 969.754 0.067 0.003
796 3025 2776 249 969.164 0.000 969.164 0.067 0.003
797 3025 2776 249 969.665 0.000 969.665 0.067 0.003
798 3025 2776 249 968.036 0.000 968.036 0.050 0.003
799 3025 2776 249 965.032 0.000 965.032 0.050 0.002
800 3025 2776 249 961.614 0.000 961.614 0.050 0.002
801 3025 2776 249 956.983 0.000 956.983 0.050 0.002
802 3025 2776 249 951.347 0.000 951.347 0.050 0.002
803 3025 2776 249 946.358 0.000 946.358 0.050 0.002
804 3025 2776 249 938.601 0.000 938.601 0.033 0.002
805 3025 2776 249 925.329 0.000 925.329 0.033 0.002
806 3025 2776 249 915.175 0.000 915.175 0.033 0.002
807 3025 2776 249 896.274 0.000 896.274 0.033 0.001
808 2468 2776 308 880.579 0.000 880.579 0.033 0.001
809 1382 1509 127 863.811 0.000 863.811 0.050 0.001
810 1382 1509 127 849.896 0.000 849.896 0.050 0.001
811 1382 1509 127 835.785 0.000 835.785 0.050 0.001
812 1382 1509 127 820.339 0.000 820.339 0.050 0.001
813 1382 1509 127 802.840 0.000 802.840 0.050 0.001
814 1382 1509 127 783.611 0.000 783.611 0.050 0.001
815 1382 1509 127 764.385 0.000 764.385 0.050 0.001
816 1382 1509 127 743.810 0.000 743.810 0.050 0.001
817 1382 1509 127 722.344 0.000 722.344 0.050 0.001
818 1382 1509 127 697.872 0.000 697.872 0.050 0.001
819 1382 1509 127 674.757 0.000 674.757 0.050 0.001
820 1382 1509 127 650.341 0.000 650.341 0.050 0.001
821 1382 1509 127 622.294 0.000 622.294 0.050 0.000
822 1382 1509 127 599.649 0.000 599.649 0.050 0.000
823 1382 1509 127 573.020 0.000 573.020 0.050 0.000
824 1350 1509 159 546.941 0.000 546.941 0.050 0.000
825 1350 1509 159 523.163 0.000 523.163 0.050 0.000
826 1350 1509 159 497.072 0.000 497.072 0.050 0.000
827 1350 1509 159 470.827 0.000 470.827 0.050 0.000
828 1350 1509 159 449.459 0.000 449.459 0.050 0.000
829 1350 1509 159 425.053 0.000 425.053 0.050 0.000
830 1350 1509 159 404.938 0.000 404.938 0.050 0.000
831 1350 1509 159 384.611 0.000 384.611 0.050 0.000
832 1350 1509 159 366.962 0.000 366.962 0.050 0.000
833 1350 1509 159 343.815 0.000 343.815 0.050 0.000
834 1350 1509 159 322.492 0.000 322.492 0.050 0.000
835 1350 1509 159 305.703 0.000 305.703 0.050 0.001
836 1257 1509 252 286.565 0.000 286.565 0.050 0.001
837 1257 1509 252 268.503 0.000 268.503 0.050 0.001
838 1257 1509 252 253.407 0.000 253.407 0.050 0.001
839 1257 1509 252 240.324 0.000 240.324 0.050 0.001
840 1148 1509 361 226.584 0.000 226.584 0.050 0.001
841 1148 1509 361 214.286 0.000 214.286 0.050 0.001
842 1148 1509 361 202.986 0.000 202.986 0.050 0.001
843 1148 1509 361 190.897 0.000 190.897 0.050 0.001
844 1064 1509 445 180.922 0.000 180.922 0.050 0.001
845 1014 1509 495 171.595 0.000 171.595 0.050 0.001
846 998 1509 511 162.263 0.000 162.263 0.050 0.001
847 998 1509 511 152.745 0.000 152.745 0.050 0.001
848 981 1509 528 143.750 0.000 143.750 0.050 0.001
849 919 1509 590 135.669 0.000 135.669 0.050 0.001
850 919 1509 590 127.653 0.000 127.653 0.050 0.001
851 889 1509 620 119.752 0.000 119.752 0.050 0.002
852 880 1314 434 113.475 0.000 113.475 0.050 0.002
853 880 1314 434 105.432 0.000 105.432 0.050 0.002
854 860 1314 454 99.387 0.000 99.387 0.067 0.002
855 860 1314 454 92.581 0.000 92.581 0.067 0.002
856 860 1314 454 86.985 0.000 86.985 0.067 0.002
857 824 1314 490 81.620 0.000 81.620 0.067 0.002
858 824 1314 490 75.141 0.000 75.141 0.067 0.002
859 824 1314 490 69.288 0.000 69.288 0.067 0.002
860 824 1314 490 64.667 0.000 64.667 0.067 0.002
861 802 1314 512 59.818 0.000 59.818 0.067 0.002
862 787 1314 527 53.788 0.000 53.788 0.067 0.002
863 787 1314 527 49.430 0.000 49.430 0.067 0.002
864 715 1314 599 44.323 0.000 44.323 0.067 0.002
865 715 1314 599 38.830 0.000 38.830 0.067 0.002
866 680 1314 634 34.339 0.000 34.339 0.067 0.003
867 680 1314 634 29.011 0.000 29.011 0.067 0.003
868 560 1314 754 25.164 0.000 25.164 0.083 0.003
869 560 1314 754 21.024 0.000 21.024 0.033 0.003
870 560 1314 754 17.368 0.000 17.368 0.033 0.003
871 419 1314 895 14.103 0.000 14.103 0.033 0.003
872 415 1314 899 11.225 0.000 11.225 0.033 0.003
873 415 1314 899 8.501 0.000 8.501 0.050 0.003
874 280 1314 1034 6.111 0.000 6.111 0.050 0.003
875 274 1314 1040 4.259 0.000 4.259 0.050 0.003
876 274 1314 1040 2.838 0.000 2.838 0.050 0.003
877 262 1314 1052 1.882 0.000 1.882 0.050 0.003
878 262 1314 1052 1.185 0.000 1.185 0.050 0.003
879 262 1314 1052 0.795 0.000 0.795 0.050 0.003
880 188 1314 1126 0.550 0.000 0.550 0.050 0.003
881 188 1314 1126 0.361 0.000 0.361 0.050 0.003
882 152 1314 1162 0.227 0.000 0.227 0.050 0.003
883 152 1314 1162 0.187 0.000 0.187 0.050 0.003
884 152 1314 1162 0.192 0.000 0.192 0.050 0.003
885 152 1314 1162 0.174 0.000 0.174 0.050 0.003
886 152 1314 1162 0.173 0.000 0.173 0.050 0.003
887 216 1314 1098 0.221 0.000 0.221 0.050 0.003
888 216 1314 1098 0.258 0.000 0.258 0.050 0.003
889 216 1314 1098 0.306 0.000 0.306 0.050 0.003
890 216 1314 1098 0.371 0.000 0.371 0.050 0.003
891 295 1314 1019 0.561 0.000 0.561 0.050 0.003
892 295 1314 1019 0.902 0.000 0.902 0.050 0.003
893 295 1314 1019 1.484 0.000 1.484 0.050 0.003
894 295 1314 1019 2.395 0.000 2.395 0.050 0.003
895 358 1314 956 3.946 0.000 3.946 0.050 0.003
896 574 1314 740 5.993 0.000 5.993 0.050 0.003
897 574 1314 740 8.392 0.000 8.392 0.050 0.003
898 574 1314 740 11.641 0.000 11.641 0.050 0.003
899 574 1314 740 15.729 0.000 15.729 0.050 0.003
900 574 1314 740 21.019 0.000 21.019 0.050 0.003
901 574 1314 740 26.422 0.000 26.422 0.050 0.003
902 576 1314 738 32.642 0.000 32.642 0.050 0.003
903 576 1314 738 38.988 0.000 38.988 0.050 0.003
904 625 1314 689 47.430 0.000 47.430 0.067 0.002
905 625 1314 689 55.288 0.000 55.288 0.067 0.002
906 625 1314 689 63.157 0.000 63.157 0.067 0.002
907 779 1314 535 73.962 0.000 73.962 0.067 0.002
908 947 1314 367 86.098 0.000 86.098 0.067 0.002
909 947 1314 367 98.703 0.000 98.703 0.067 0.002
910 947 1314 367 113.441 0.000 113.441 0.050 0.002
911 947 1314 367 126.992 0.000 126.992 0.050 0.002
912 947 1314 367 139.895 0.000 139.895 0.050 0.002
913 947 1314 367 155.630 0.000 155.630 0.050 0.003
914 1110 1314 204 173.254 0.000 173.254 0.067 0.003
915 1312 1314 2 192.232 0.000 192.232 0.067 0.003
916 1312 1314 2 211.654 0.000 211.654 0.067 0.003
917 1312 1314 2 228.460 0.000 228.460 0.067 0.003
918 1312 1314 2 244.657 0.000 244.657 0.067 0.003
919 1459 1314 145 267.642 0.000 267.642 0.067 0.003
920 1459 1314 145 287.234 0.000 287.234 0.067 0.003
921 1787 1589 198 308.476 0.000 308.476 0.083 0.003
922 1989 1989 0 330.718 0.000 330.718 0.100 0.003
923 1992 1989 3 354.473 0.000 354.473 0.100 0.003
924 1992 1989 3 373.746 0.000 373.746 0.083 0.003
925 1992 1989 3 391.036 0.000 391.036 0.083 0.003
926 1992 1989 3 409.269 0.000 409.269 0.083 0.003
927 1992 1989 3 425.895 0.000 425.895 0.083 0.003
928 1992 1989 3 443.372 0.000 443.372 0.083 0.003
929 1992 1989 3 461.433 0.000 461.433 0.083 0.003
930 1992 1989 3 479.182 0.000 479.182 0.083 0.003
931 1992 1989 3 495.559 0.000 495.559 0.083 0.003
932 1992 1989 3 511.049 0.000 511.049 0.083 0.003
933 1992 1989 3 528.260 0.000 528.260 0.067 0.003
934 1992 1989 3 543.010 0.000 543.010 0.067 0.003
935 1992 1989 3 558.542 0.000 558.542 0.067 0.003
936 1992 1989 3 574.183 0.000 574.183 0.067 0.003
937 1992 1989 3 588.164 0.000 588.164 0.067 0.003
938 1992 1989 3 602.038 0.000 602.038 0.067 0.003
939 1992 1989 3 615.249 0.000 615.249 0.067 0.003
940 1992 1989 3 628.162 0.000 628.162 0.067 0.003
941 1992 1989 3 639.495 0.000 639.495 0.067 0.003
942 1992 1989 3 650.877 0.000 650.877 0.067 0.003
943 1992 1989 3 664.427 0.000 664.427 0.067 0.003
944 1992 1989 3 675.264 0.000 675.264 0.067 0.003
945 1992 1989 3 687.660 0.000 687.660 0.067 0.003
946 1992 1989 3 698.961 0.000 698.961 0.067 0.004
947 1992 1989 3 709.754 0.000 709.754 0.067 0.004
948 1992 1989 3 720.628 0.000 720.628 0.067 0.004
949 1992 1989 3 731.670 0.000 731.670 0.067 0.004
950 1992 1989 3 740.870 0.000 740.870 0.067 0.004
951 1992 1989 3 749.874 0.000 749.874 0.067 0.004
952 1992 1989 3 761.521 0.000 761.521 0.067 0.004
953 1992 1989 3 772.825 0.000 772.825 0.067 0.004
954 1992 1989 3 782.745 0.000 782.745 0.067 0.004
955 1992 1989 3 792.020 0.000 792.020 0.067 0.004
956 1992 1989 3 802.146 0.000 802.146 0.067 0.004
957 1992 1989 3 811.025 0.000 811.025 0.067 0.004
958 1992 1989 3 821.087 0.000 821.087 0.067 0.004
959 1992 1989 3 830.983 0.000 830.983 0.067 0.004
960 1992 1989 3 841.471 0.000 841.471 0.067 0.004
961 1992 1989 3 851.186 0.000 851.186 0.067 0.004
962 1992 1989 3 860.335 0.000 860.335 0.067 0.004
963 1992 1989 3 868.607 0.000 868.607 0.067 0.004
964 1992 1989 3 878.165 0.000 878.165 0.067 0.004
965 1992 1989 3 885.961 0.000 885.961 0.067 0.004
966 1992 1989 3 891.973 0.000 891.973 0.050 0.004
967 1992 1989 3 899.505 0.000 899.505 0.050 0.004
968 1992 1989 3 906.458 0.000 906.458 0.050 0.003
969 1992 1989 3 912.814 0.000 912.814 0.050 0.003
970 1992 1989 3 918.738 0.000 918.738 0.050 0.003
971 1992 1989 3 923.818 0.000 923.818 0.050 0.003
972 1992 1989 3 928.593 0.000 928.593 0.050 0.003
973 1992 1989 3 932.964 0.000 932.964 0.050 0.003
974 1992 1989 3 936.311 0.000 936.311 0.033 0.003
975 1992 1989 3 936.831 0.000 936.831 0.033 0.003
976 1992 1989 3 937.465 0.000 937.465 0.033 0.003
977 1992 1989 3 938.101 0.000 938.101 0.033 0.003
978 1992 1989 3 937.330 0.000 937.330 0.033 0.003
979 1992 1989 3 934.905 0.000 934.905 0.033 0.003
980 1992 1989 3 932.791 0.000 932.791 0.033 0.002
981 1992 1989 3 929.518 0.000 929.518 0.033 0.002
982 1992 1989 3 923.488 0.000 923.488 0.033 0.002
983 1594 1989 395 917.124 0.000 917.124 0.033 0.002
984 1594 1989 395 909.840 0.000 909.840 0.033 0.002
985 1594 1989 395 905.701 0.000 905.701 0.033 0.002
986 1594 1989 395 898.363 0.000 898.363 0.033 0.002
987 1594 1989 395 890.626 0.000 890.626 0.033 0.001
988 1594 1989 395 880.764 0.000 880.764 0.033 0.001
989 1594 1989 395 866.919 0.000 866.919 0.033 0.001
990 1499 1499 0 853.663 0.000 853.663 0.033 0.001
991 1499 1499 0 839.864 0.000 839.864 0.033 0.001
992 1499 1499 0 822.727 0.000 822.727 0.033 0.001
993 1499 1499 0 806.678 0.000 806.678 0.033 0.001
994 1499 1499 0 790.521 0.000 790.521 0.033 0.001
995 1499 1499 0 769.626 0.000 769.626 0.033 0.001
996 1499 1499 0 749.757 0.000 749.757 0.033 0.001
997 1499 1499 0 724.582 0.000 724.582 0.033 0.001
998 1499 1499 0 698.919 0.000 698.919 0.033 0.001
999 1499 1499 0 670.768 0.000 670.768 0.033 0.001
1000 1499 1499 0 644.752 0.000 644.752 0.033 0.000
1001 1499 1499 0 621.844 0.000 621.844 0.033 0.000
1002 1499 1499 0 595.485 0.000 595.485 0.033 0.000
1003 1499 1499 0 567.349 0.000 567.349 0.033 0.000
1004 1499 1499 0 543.839 0.000 543.839 0.033 0.000
1005 1499 1499 0 518.127 0.000 518.127 0.033 0.000
1006 1297 1499 202 495.280 0.000 495.280 0.033 0.000
1007 1297 1499 202 474.158 0.000 474.158 0.033 0.000
1008 1297 1499 202 451.511 0.000 451.511 0.033 0.000
1009 1297 1499 202 428.438 0.000 428.438 0.033 0.000
1010 1267 1499 232 409.308 0.000 409.308 0.033 0.000
1011 1267 1499 232 389.237 0.000 389.237 0.033 0.000
1012 1267 1389 122 368.961 0.000 368.961 0.033 0.000
1013 1267 1389 122 350.382 0.000 350.382 0.033 0.000
1014 1267 1389 122 334.595 0.000 334.595 0.033 0.000
1015 1237 1389 152 316.676 0.000 316.676 0.033 0.000
1016 1237 1389 152 297.361 0.000 297.361 0.033 0.001
1017 1237 1389 152 281.837 0.000 281.837 0.033 0.001
1018 1237 1389 152 264.804 0.000 264.804 0.033 0.001
1019 1237 1389 152 248.987 0.000 248.987 0.033 0.001
1020 1189 1389 200 235.123 0.000 235.123 0.033 0.001
1021 1189 1389 200 222.008 0.000 222.008 0.033 0.001
1022 1189 1389 200 209.842 0.000 209.842 0.033 0.001
1023 1189 1389 200 198.411 0.000 198.411 0.033 0.001
1024 1189 1389 200 187.325 0.000 187.325 0.033 0.001
1025 1189 1389 200 177.057 0.000 177.057 0.033 0.001
1026 1189 1389 200 166.564 0.000 166.564 0.033 0.001
1027 1189 1389 200 156.865 0.000 156.865 0.033 0.001
1028 1189 1389 200 148.627 0.000 148.627 0.033 0.001
1029 1189 1389 200 137.732 0.000 137.732 0.033 0.001
1030 1137 1389 252 129.792 0.000 129.792 0.033 0.001
1031 1137 1389 252 122.688 0.000 122.688 0.033 0.001
1032 1137 1389 252 115.642 0.000 115.642 0.033 0.002
1033 970 1389 419 107.386 0.000 107.386 0.033 0.002
1034 970 1389 419 99.832 0.000 99.832 0.033 0.002
1035 970 1389 419 93.112 0.000 93.112 0.033 0.002
1036 892 1389 497 85.569 0.000 85.569 0.033 0.002
1037 892 1389 497 79.675 0.000 79.675 0.033 0.002
1038 892 1389 497 73.098 0.000 73.098 0.033 0.002
1039 892 1389 497 67.616 0.000 67.616 0.033 0.002
1040 736 1389 653 62.314 0.000 62.314 0.033 0.002
1041 736 1389 653 57.198 0.000 57.198 0.033 0.002
1042 736 1389 653 51.897 0.000 51.897 0.033 0.002
1043 736 1389 653 47.322 0.000 47.322 0.033 0.002
1044 736 1314 578 41.471 0.000 41.471 0.050 0.002
1045 736 1314 578 37.661 0.000 37.661 0.050 0.003
1046 736 1314 578 33.400 0.000 33.400 0.050 0.003
1047 736 1314 578 29.831 0.000 29.831 0.050 0.003
1048 736 1314 578 25.784 0.000 25.784 0.050 0.003
1049 736 1314 578 21.493 0.000 21.493 0.050 0.003
1050 736 1314 578 17.863 0.000 17.863 0.033 0.003
1051 444 1314 870 14.854 0.000 14.854 0.050 0.003
1052 444 1314 870 11.653 0.000 11.653 0.050 0.003
1053 433 1314 881 9.289 0.000 9.289 0.050 0.003
1054 433 1314 881 7.320 0.000 7.320 0.050 0.003
1055 255 1314 1059 5.034 0.000 5.034 0.050 0.003
1056 255 1314 1059 3.645 0.000 3.645 0.050 0.003
1057 255 1314 1059 2.401 0.000 2.401 0.050 0.003
1058 255 1314 1059 1.533 0.000 1.533 0.050 0.003
1059 255 1314 1059 0.928 0.000 0.928 0.050 0.003
1060 233 1194 961 0.518 0.000 0.518 0.050 0.003
1061 233 1194 961 0.357 0.000 0.357 0.050 0.003
1062 233 1194 961 0.274 0.000 0.274 0.050 0.003
1063 233 1194 961 0.231 0.000 0.231 0.050 0.003
1064 233 1194 961 0.216 0.000 0.216 0.050 0.003
1065 233 1194 961 0.173 0.000 0.173 0.050 0.003
1066 233 1194 961 0.182 0.000 0.182 0.050 0.003
1067 233 1194 961 0.199 0.000 0.199 0.050 0.003
1068 233 1194 961 0.207 0.000 0.207 0.050 0.003
1069 233 1194 961 0.286 0.000 0.286 0.050 0.003
1070 272 1194 922 0.443 0.000 0.443 0.050 0.003
1071 288 1194 906 0.653 0.000 0.653 0.050 0.003
1072 288 1194 906 1.015 0.000 1.015 0.050 0.003
1073 356 1194 838 1.789 0.000 1.789 0.050 0.003
1074 356 1194 838 2.785 0.000 2.785 0.050 0.003
1075 356 1194 838 4.166 0.000 4.166 0.050 0.003
1076 356 1194 838 6.066 0.000 6.066 0.050 0.003
1077 356 1194 838 8.535 0.000 8.535 0.050 0.003
1078 418 1194 776 11.659 0.000 11.659 0.050 0.003
1079 444 1194 750 15.453 0.000 15.453 0.050 0.003
1080 486 1194 708 19.742 0.000 19.742 0.050 0.003
1081 583 1194 611 24.216 0.000 24.216 0.050 0.003
1082 634 1194 560 30.216 0.000 30.216 0.050 0.003
1083 634 1194 560 36.924 0.000 36.924 0.050 0.003
1084 634 1194 560 44.586 0.000 44.586 0.050 0.003
1085 634 1194 560 53.063 0.000 53.063 0.067 0.003
1086 634 1194 560 62.706 0.000 62.706 0.067 0.003
1087 651 1194 543 73.743 0.000 73.743 0.067 0.003
1088 660 1194 534 83.037 0.000 83.037 0.067 0.003
1089 838 1194 356 96.752 0.000 96.752 0.067 0.003
1090 838 1194 356 108.341 0.000 108.341 0.067 0.003
1091 847 1194 347 121.120 0.000 121.120 0.067 0.003
1092 847 1194 347 135.954 0.000 135.954 0.067 0.003
1093 929 1194 265 150.575 0.000 150.575 0.050 0.003
1094 1062 1194 132 169.745 0.000 169.745 0.067 0.003
1095 1117 1194 77 186.155 0.000 186.155 0.067 0.003
1096 1200 1194 6 203.853 0.000 203.853 0.067 0.003
1097 1431 1194 237 224.435 0.000 224.435 0.067 0.003
1098 1633 1530 103 242.674 0.000 242.674 0.083 0.003
1099 1633 1530 103 262.717 0.000 262.717 0.083 0.003
1100 1951 1951 0 283.236 0.000 283.236 0.100 0.003
1101 2193 1951 242 309.835 0.000 309.835 0.100 0.003
1102 2193 1951 242 336.475 0.000 336.475 0.100 0.003
1103 2193 1951 242 357.807 0.000 357.807 0.100 0.003
1104 2193 1951 242 381.570 0.000 381.570 0.083 0.003
1105 2193 1951 242 400.938 0.000 400.938 0.083 0.003
1106 2193 1951 242 420.407 0.000 420.407 0.083 0.003
1107 2193 1951 242 440.407 0.000 440.407 0.083 0.003
1108 2193 1951 242 457.486 0.000 457.486 0.083 0.003
1109 2193 1951 242 475.500 0.000 475.500 0.083 0.003
1110 2193 1951 242 492.138 0.000 492.138 0.083 0.003
1111 2193 1951 242 507.049 0.000 507.049 0.083 0.003
1112 2193 1951 242 521.079 0.000 521.079 0.083 0.003
1113 2193 1951 242 536.898 0.000 536.898 0.083 0.003
1114 2193 1951 242 551.687 0.000 551.687 0.067 0.003
1115 2193 1951 242 568.399 0.000 568.399 0.067 0.003
1116 2193 1951 242 582.591 0.000 582.591 0.067 0.003
1117 2193 1951 242 595.269 0.000 595.269 0.067 0.004
1118 2193 1951 242 607.690 0.000 607.690 0.067 0.004
1119 2193 1951 242 619.993 0.000 619.993 0.067 0.004
1120 2193 1951 242 632.504 0.000 632.504 0.067 0.004
1121 2193 1951 242 644.965 0.000 644.965 0.067 0.004
1122 2193 1951 242 656.079 0.000 656.079 0.067 0.004
1123 2193 1951 242 667.286 0.000 667.286 0.067 0.004
1124 2193 1951 242 677.943 0.000 677.943 0.067 0.004
1125 2193 1951 242 691.726 0.000 691.726 0.067 0.004
1126 2193 1951 242 703.478 0.000 703.478 0.067 0.004
1127 2193 1951 242 714.846 0.000 714.846 0.067 0.004
1128 2193 1951 242 725.097 0.000 725.097 0.067 0.004
1129 2193 1951 242 736.337 0.000 736.337 0.067 0.004
1130 2193 1951 242 747.464 0.000 747.464 0.067 0.004
1131 2193 1951 242 758.972 0.000 758.972 0.067 0.004
1132 2193 1951 242 770.392 0.000 770.392 0.067 0.004
1133 2193 1951 242 783.041 0.000 783.041 0.067 0.004
1134 2193 1951 242 793.172 0.000 793.172 0.067 0.004
1135 2193 1951 242 804.090 0.000 804.090 0.067 0.004
1136 2193 1951 242 814.754 0.000 814.754 0.067 0.004
1137 2193 1951 242 825.069 0.000 825.069 0.067 0.004
1138 2193 1951 242 835.128 0.000 835.128 0.067 0.004
1139 2193 1951 242 844.374 0.000 844.374 0.067 0.004
1140 2193 1951 242 853.180 0.000 853.180 0.067 0.004
1141 2193 1951 242 861.212 0.000 861.212 0.067 0.004
1142 2193 1951 242 870.330 0.000 870.330 0.067 0.004
1143 2193 1951 242 879.018 0.000 879.018 0.067 0.004
1144 2193 1951 242 887.466 0.000 887.466 0.067 0.004
1145 2193 1951 242 895.499 0.000 895.499 0.050 0.004
1146 2193 1951 242 903.854 0.000 903.854 0.050 0.004
1147 2193 1951 242 912.107 0.000 912.107 0.050 0.004
1148 2193 1951 242 917.921 0.000 917.921 0.050 0.004
1149 2193 1951 242 924.849 0.000 924.849 0.050 0.003
1150 2193 1951 242 930.128 0.000 930.128 0.050 0.003
1151 2193 1951 242 934.999 0.000 934.999 0.050 0.003
1152 2193 1951 242 940.672 0.000 940.672 0.050 0.003
1153 2193 1951 242 943.805 0.000 943.805 0.050 0.003
1154 2193 1951 242 948.658 0.000 948.658 0.033 0.003
1155 2193 1951 242 950.990 0.000 950.990 0.033 0.003
1156 2193 1951 242 951.475 0.000 951.475 0.033 0.003
1157 2193 1951 242 951.596 0.000 951.596 0.033 0.003
1158 2193 1951 242 949.680 0.000 949.680 0.033 0.003
1159 2193 1951 242 948.415 0.000 948.415 0.033 0.002
1160 2193 1951 242 943.389 0.000 943.389 0.033 0.002
1161 2182 1951 231 937.750 0.000 937.750 0.033 0.002
1162 2095 1951 144 928.178 0.000 928.178 0.033 0.002
1163 1830 1951 121 920.913 0.000 920.913 0.033 0.002
1164 1441 1559 118 910.595 0.000 910.595 0.033 0.002
1165 1422 1559 137 902.962 0.000 902.962 0.033 0.002
1166 1422 1559 137 893.747 0.000 893.747 0.033 0.002
1167 1422 1559 137 884.601 0.000 884.601 0.033 0.001
1168 1422 1559 137 873.948 0.000 873.948 0.033 0.001
1169 1422 1559 137 863.146 0.000 863.146 0.017 0.001
1170 1422 1559 137 848.672 0.000 848.672 0.017 0.001
1171 1422 1559 137 833.412 0.000 833.412 0.017 0.001
1172 1422 1559 137 818.986 0.000 818.986 0.017 0.001
1173 1422 1559 137 801.084 0.000 801.084 0.017 0.001
1174 1422 1559 137 783.648 0.000 783.648 0.017 0.001
1175 1422 1559 137 761.506 0.000 761.506 0.017 0.001
1176 1422 1559 137 739.413 0.000 739.413 0.017 0.001
1177 1422 1559 137 718.145 0.000 718.145 0.017 0.000
1178 1422 1559 137 699.133 0.000 699.133 0.017 0.000
1179 1422 1559 137 674.385 0.000 674.385 0.017 0.000
1180 1422 1559 137 653.214 0.000 653.214 0.017 0.000
1181 1422 1559 137 627.876 0.000 627.876 0.017 0.000
1182 1422 1559 137 603.059 0.000 603.059 0.017 0.000
1183 1422 1559 137 577.630 0.000 577.630 0.017 0.000
1184 1422 1559 137 551.705 0.000 551.705 0.017 0.000
1185 1422 1559 137 524.257 0.000 524.257 0.017 0.000
1186 1417 1559 142 500.377 0.000 500.377 0.017 0.000
1187 1417 1559 142 476.689 0.000 476.689 0.017 0.000
1188 1417 1559 142 453.761 0.000 453.761 0.017 0.000
1189 1417 1559 142 433.017 0.000 433.017 0.017 0.000
1190 1304 1559 255 412.098 0.000 412.098 0.017 0.000
1191 1304 1559 255 392.010 0.000 392.010 0.017 0.000
1192 1286 1559 273 372.413 0.000 372.413 0.017 0.000
1193 1283 1559 276 352.078 0.000 352.078 0.033 0.000
1194 1283 1559 276 334.603 0.000 334.603 0.033 0.000
1195 1233 1559 326 315.019 0.000 315.019 0.033 0.000
1196 1168 1559 391 294.890 0.000 294.890 0.033 0.000
1197 1147 1559 412 278.090 0.000 278.090 0.033 0.001
1198 1147 1559 412 262.381 0.000 262.381 0.033 0.001
1199 1145 1559 414 249.051 0.000 249.051 0.033 0.001
