1 449 234 215 262.041 0.000 262.041 0.000 0.000
2 449 234 215 275.567 0.000 275.567 0.000 0.000
3 518 234 284 295.202 0.000 295.202 0.000 0.000
4 518 309 209 310.022 0.000 310.022 0.000 0.000
5 780 309 471 322.483 0.000 322.483 0.000 0.000
6 780 309 471 342.619 0.000 342.619 0.000 0.000
7 780 309 471 354.499 0.000 354.499 0.000 0.000
8 780 309 471 372.663 0.000 372.663 0.000 0.000
9 831 309 522 393.258 0.000 393.258 0.000 0.000
10 1102 490 612 414.651 0.000 414.651 0.000 0.000
11 1279 490 789 435.503 0.000 435.503 0.000 0.000
12 1763 490 1273 458.789 0.000 458.789 0.000 0.000
13 1930 490 1440 487.411 0.000 487.411 0.000 0.000
14 2216 490 1726 514.429 0.000 514.429 0.000 0.000
15 2514 490 2024 540.908 0.000 540.908 0.000 0.000
16 2723 490 2233 574.323 0.000 574.323 0.000 0.000
17 2800 490 2310 601.010 0.000 601.010 0.000 0.000
18 2967 490 2477 628.046 0.000 628.046 0.000 0.000
19 2967 490 2477 661.160 0.000 661.160 0.000 0.000
20 2967 490 2477 682.067 0.000 682.067 0.000 0.000
21 2967 490 2477 714.929 0.000 714.929 0.000 0.000
22 2967 490 2477 737.634 0.000 737.634 0.000 0.000
23 2967 490 2477 758.735 0.000 758.735 0.000 0.000
24 3096 3096 0 775.961 0.000 775.961 0.208 0.059
25 3385 3096 289 793.693 0.000 793.693 0.200 0.058
26 3423 3096 327 811.681 0.000 811.681 0.192 0.056
27 3511 3096 415 825.216 0.000 825.216 0.185 0.054
28 3665 3096 569 837.000 0.000 837.000 0.179 0.052
29 3665 3096 569 851.355 0.000 851.355 0.172 0.051
30 3665 3096 569 863.081 0.000 863.081 0.167 0.049
31 3665 3096 569 867.382 0.000 867.382 0.161 0.048
32 3665 3096 569 870.498 0.000 870.498 0.156 0.046
33 3665 3096 569 874.336 0.000 874.336 0.152 0.045
34 3665 3096 569 877.509 0.000 877.509 0.147 0.044
35 3665 3096 569 880.789 0.000 880.789 0.143 0.043
36 3665 3096 569 884.497 0.000 884.497 0.139 0.042
37 3665 3096 569 888.320 0.000 888.320 0.135 0.041
38 3665 3096 569 891.373 0.000 891.373 0.132 0.040
39 3665 3096 569 894.395 0.000 894.395 0.128 0.039
40 3665 3096 569 897.334 0.000 897.334 0.125 0.038
41 3665 3096 569 900.331 0.000 900.331 0.122 0.037
42 3665 3096 569 903.876 0.000 903.876 0.143 0.036
43 3665 3096 569 906.444 0.000 906.444 0.140 0.035
44 3665 3096 569 909.812 0.000 909.812 0.136 0.034
45 3665 3096 569 912.222 0.000 912.222 0.133 0.034
46 3665 3096 569 914.294 0.000 914.294 0.130 0.033
47 3665 3096 569 916.427 0.000 916.427 0.128 0.032
48 3665 3096 569 918.904 0.000 918.904 0.125 0.031
49 3665 3096 569 920.803 0.000 920.803 0.122 0.031
50 3665 3096 569 922.582 0.000 922.582 0.120 0.030
51 3665 3096 569 924.230 0.000 924.230 0.118 0.030
52 3665 3096 569 925.737 0.000 925.737 0.115 0.029
53 3665 3096 569 926.925 0.000 926.925 0.113 0.029
54 3665 3096 569 928.131 0.000 928.131 0.111 0.028
55 3665 3096 569 928.941 0.000 928.941 0.109 0.027
56 3665 3096 569 929.616 0.000 929.616 0.107 0.027
57 3665 3096 569 930.079 0.000 930.079 0.105 0.027
58 3665 3096 569 930.539 0.000 930.539 0.103 0.026
59 3665 3096 569 930.808 0.000 930.808 0.102 0.026
60 3665 3096 569 931.016 0.000 931.016 0.100 0.025
61 3665 3096 569 939.580 0.000 939.580 0.100 0.025
62 3665 3096 569 946.609 0.000 946.609 0.100 0.025
63 3665 3096 569 955.422 0.000 955.422 0.100 0.025
64 3665 3096 569 965.230 0.000 965.230 0.100 0.025
65 3665 3096 569 971.887 0.000 971.887 0.100 0.025
66 3665 3096 569 982.038 0.000 982.038 0.100 0.025
67 3665 3096 569 988.676 0.000 988.676 0.100 0.025
68 3665 3096 569 997.601 0.000 997.601 0.100 0.025
69 3665 3096 569 1004.808 0.000 1004.808 0.100 0.025
70 3665 3096 569 1011.829 0.000 1011.829 0.100 0.025
71 3665 3096 569 1017.392 0.000 1017.392 0.100 0.025
72 3665 3096 569 1021.377 0.000 1021.377 0.100 0.025
73 3665 3096 569 1023.488 0.000 1023.488 0.100 0.025
74 3665 3096 569 1024.929 0.000 1024.929 0.100 0.025
75 3665 3096 569 1022.446 0.000 1022.446 0.100 0.025
76 3665 3096 569 1018.197 0.000 1018.197 0.100 0.025
77 3665 3096 569 1014.172 0.000 1014.172 0.100 0.025
78 3665 3096 569 1009.345 0.000 1009.345 0.100 0.025
79 3665 3096 569 1001.835 0.000 1001.835 0.100 0.025
80 3665 3096 569 994.877 0.000 994.877 0.100 0.025
81 3665 3096 569 983.387 0.000 983.387 0.100 0.025
82 3665 3096 569 973.982 0.000 973.982 0.100 0.025
83 3665 3096 569 963.752 0.000 963.752 0.100 0.025
84 3665 3096 569 953.583 0.000 953.583 0.017 0.001
85 3665 3096 569 939.321 0.000 939.321 0.017 0.001
86 3665 3096 569 924.148 0.000 924.148 0.017 0.001
87 3665 3096 569 909.666 0.000 909.666 0.017 0.001
88 3624 3096 528 894.096 0.000 894.096 0.017 0.001
89 2989 3096 107 874.290 0.000 874.290 0.017 0.001
90 2179 3096 917 855.437 0.000 855.437 0.017 0.001
91 1515 1806 291 841.532 0.000 841.532 0.033 0.000
92 1515 1806 291 828.673 0.000 828.673 0.033 0.000
93 1515 1806 291 810.807 0.000 810.807 0.033 0.000
94 1515 1806 291 794.061 0.000 794.061 0.033 0.000
95 1515 1806 291 774.286 0.000 774.286 0.033 0.000
96 1515 1806 291 751.929 0.000 751.929 0.033 0.000
97 1515 1806 291 727.084 0.000 727.084 0.033 0.000
98 1515 1806 291 704.628 0.000 704.628 0.033 0.000
99 1515 1806 291 677.836 0.000 677.836 0.033 0.000
100 1515 1806 291 653.717 0.000 653.717 0.033 0.000
101 1515 1806 291 629.746 0.000 629.746 0.033 0.000
102 1515 1806 291 602.669 0.000 602.669 0.033 0.000
103 1515 1806 291 577.163 0.000 577.163 0.033 0.000
104 1515 1806 291 550.821 0.000 550.821 0.033 0.000
105 1515 1806 291 529.506 0.000 529.506 0.033 0.000
106 1515 1806 291 505.528 0.000 505.528 0.033 0.000
107 1515 1806 291 482.109 0.000 482.109 0.033 0.000
108 1515 1806 291 457.620 0.000 457.620 0.033 0.000
109 1515 1806 291 434.680 0.000 434.680 0.033 0.000
110 1273 1806 533 411.801 0.000 411.801 0.033 0.000
111 1220 1806 586 389.751 0.000 389.751 0.033 0.000
112 1211 1806 595 368.763 0.000 368.763 0.033 0.000
113 1211 1806 595 348.594 0.000 348.594 0.033 0.000
114 1208 1806 598 329.401 0.000 329.401 0.033 0.000
115 1208 1806 598 310.486 0.000 310.486 0.033 0.000
116 1208 1806 598 294.432 0.000 294.432 0.033 0.000
117 1208 1806 598 279.832 0.000 279.832 0.033 0.000
118 1208 1806 598 265.510 0.000 265.510 0.033 0.000
119 1208 1806 598 251.916 0.000 251.916 0.033 0.000
120 1208 1806 598 237.727 0.000 237.727 0.033 0.000
121 1208 1806 598 223.831 0.000 223.831 0.033 0.000
122 1208 1806 598 209.453 0.000 209.453 0.033 0.000
123 1064 1806 742 196.906 0.000 196.906 0.033 0.000
124 1048 1806 758 188.462 0.000 188.462 0.033 0.000
125 1040 1806 766 177.574 0.000 177.574 0.033 0.000
126 1040 1806 766 167.679 0.000 167.679 0.033 0.000
127 1018 1806 788 157.621 0.000 157.621 0.033 0.000
128 1018 1806 788 148.130 0.000 148.130 0.033 0.000
129 1018 1806 788 140.094 0.000 140.094 0.033 0.000
130 1018 1806 788 132.099 0.000 132.099 0.033 0.000
131 1018 1806 788 124.631 0.000 124.631 0.033 0.000
132 1018 1806 788 118.434 0.000 118.434 0.033 0.000
133 964 1806 842 111.388 0.000 111.388 0.050 0.000
134 964 1806 842 105.327 0.000 105.327 0.050 0.000
135 964 1806 842 96.826 0.000 96.826 0.050 0.000
136 964 1806 842 87.857 0.000 87.857 0.050 0.000
137 964 1806 842 80.881 0.000 80.881 0.050 0.000
138 905 1806 901 75.483 0.000 75.483 0.050 0.000
139 905 1806 901 69.888 0.000 69.888 0.050 0.001
140 905 1806 901 63.544 0.000 63.544 0.050 0.001
141 733 1806 1073 57.779 0.000 57.779 0.050 0.001
142 733 1806 1073 52.471 0.000 52.471 0.050 0.001
143 733 1806 1073 47.517 0.000 47.517 0.050 0.001
144 733 1806 1073 43.450 0.000 43.450 0.050 0.001
145 733 1806 1073 38.409 0.000 38.409 0.050 0.001
146 733 1806 1073 33.630 0.000 33.630 0.050 0.001
147 686 1806 1120 28.864 0.000 28.864 0.050 0.001
148 686 1806 1120 24.858 0.000 24.858 0.050 0.001
149 509 1806 1297 20.640 0.000 20.640 0.050 0.001
150 509 1806 1297 17.161 0.000 17.161 0.033 0.001
151 509 1806 1297 14.366 0.000 14.366 0.017 0.001
152 494 1806 1312 11.937 0.000 11.937 0.017 0.001
153 414 1806 1392 9.226 0.000 9.226 0.017 0.001
154 414 1806 1392 7.329 0.000 7.329 0.017 0.001
155 414 1806 1392 5.498 0.000 5.498 0.017 0.001
156 298 1806 1508 3.826 0.000 3.826 0.033 0.002
157 277 1806 1529 2.564 0.000 2.564 0.033 0.002
158 240 1806 1566 1.580 0.000 1.580 0.033 0.002
159 240 1806 1566 0.952 0.000 0.952 0.033 0.002
160 240 1806 1566 0.565 0.000 0.565 0.033 0.002
161 234 1806 1572 0.290 0.000 0.290 0.033 0.002
162 234 1806 1572 0.187 0.000 0.187 0.033 0.002
163 234 1806 1572 0.155 0.000 0.155 0.033 0.002
164 234 1806 1572 0.097 0.000 0.097 0.033 0.002
165 197 1806 1609 0.046 0.000 0.046 0.033 0.002
166 197 1806 1609 0.053 0.000 0.053 0.033 0.002
167 197 1806 1609 0.057 0.000 0.057 0.033 0.002
168 197 1806 1609 0.133 0.000 0.133 0.033 0.002
169 234 1806 1572 0.256 0.000 0.256 0.033 0.002
170 234 1806 1572 0.425 0.000 0.425 0.033 0.002
171 234 1806 1572 0.575 0.000 0.575 0.033 0.002
172 234 1806 1572 0.983 0.000 0.983 0.033 0.002
173 234 1806 1572 1.515 0.000 1.515 0.033 0.002
174 264 1806 1542 2.601 0.000 2.601 0.033 0.002
175 264 1806 1542 3.689 0.000 3.689 0.033 0.002
176 356 1806 1450 5.820 0.000 5.820 0.033 0.002
177 392 1806 1414 8.658 0.000 8.658 0.033 0.002
178 400 1806 1406 11.454 0.000 11.454 0.033 0.002
179 400 1806 1406 15.051 0.000 15.051 0.033 0.002
180 496 1806 1310 20.059 0.000 20.059 0.033 0.002
181 496 1806 1310 26.214 0.000 26.214 0.033 0.002
182 496 1806 1310 32.584 0.000 32.584 0.033 0.002
183 580 1806 1226 40.391 0.000 40.391 0.033 0.002
184 598 1806 1208 49.146 0.000 49.146 0.033 0.002
185 618 1806 1188 57.287 0.000 57.287 0.033 0.002
186 618 1806 1188 66.388 0.000 66.388 0.033 0.002
187 618 1806 1188 76.024 0.000 76.024 0.033 0.002
188 723 1806 1083 87.892 0.000 87.892 0.033 0.002
189 1188 1806 618 102.758 0.000 102.758 0.050 0.002
190 1221 1806 585 119.258 0.000 119.258 0.050 0.002
191 1364 1806 442 135.409 0.000 135.409 0.050 0.002
192 1364 1806 442 146.997 0.000 146.997 0.050 0.002
193 1364 1806 442 162.270 0.000 162.270 0.050 0.002
194 1364 1806 442 179.609 0.000 179.609 0.050 0.002
195 1364 1806 442 199.759 0.000 199.759 0.050 0.002
196 1364 1806 442 218.819 0.000 218.819 0.050 0.002
197 1397 1806 409 239.681 0.000 239.681 0.050 0.002
198 1397 1806 409 258.424 0.000 258.424 0.050 0.002
199 1631 1806 175 279.393 0.000 279.393 0.050 0.002
200 1719 1806 87 303.872 0.000 303.872 0.067 0.002
201 1854 1806 48 327.343 0.000 327.343 0.050 0.002
202 1854 1806 48 349.762 0.000 349.762 0.050 0.002
203 1854 1806 48 369.079 0.000 369.079 0.050 0.002
204 1854 1806 48 388.214 0.000 388.214 0.050 0.002
205 1854 1806 48 407.575 0.000 407.575 0.050 0.003
206 1854 1806 48 425.338 0.000 425.338 0.050 0.003
207 1854 1806 48 443.205 0.000 443.205 0.050 0.003
208 1854 1806 48 460.738 0.000 460.738 0.050 0.003
209 1854 1806 48 479.000 0.000 479.000 0.050 0.003
210 1854 1806 48 494.009 0.000 494.009 0.050 0.003
211 1854 1806 48 509.736 0.000 509.736 0.050 0.003
212 1854 1806 48 524.611 0.000 524.611 0.050 0.003
213 1854 1806 48 540.803 0.000 540.803 0.050 0.003
214 1854 1806 48 554.109 0.000 554.109 0.050 0.003
215 1854 1806 48 569.623 0.000 569.623 0.050 0.003
216 1854 1806 48 583.293 0.000 583.293 0.050 0.003
217 1854 1806 48 597.668 0.000 597.668 0.050 0.003
218 1854 1806 48 610.239 0.000 610.239 0.050 0.002
219 1854 1806 48 624.776 0.000 624.776 0.050 0.002
220 1854 1806 48 637.066 0.000 637.066 0.033 0.002
221 1854 1806 48 650.901 0.000 650.901 0.033 0.002
222 1854 1806 48 662.905 0.000 662.905 0.033 0.002
223 1854 1806 48 676.325 0.000 676.325 0.033 0.002
224 1854 1806 48 687.232 0.000 687.232 0.033 0.002
225 1854 1806 48 699.338 0.000 699.338 0.033 0.002
226 1854 1806 48 707.484 0.000 707.484 0.033 0.002
227 1854 1806 48 717.806 0.000 717.806 0.033 0.002
228 1854 1806 48 727.918 0.000 727.918 0.033 0.002
229 1854 1806 48 739.454 0.000 739.454 0.033 0.002
230 1854 1806 48 751.293 0.000 751.293 0.033 0.002
231 1854 1806 48 762.508 0.000 762.508 0.033 0.002
232 1854 1806 48 772.804 0.000 772.804 0.033 0.002
233 1854 1806 48 782.056 0.000 782.056 0.033 0.002
234 1854 1806 48 792.388 0.000 792.388 0.033 0.002
235 1854 1806 48 800.715 0.000 800.715 0.033 0.002
236 1854 1806 48 810.502 0.000 810.502 0.033 0.002
237 1854 1806 48 821.506 0.000 821.506 0.033 0.002
238 1854 1806 48 829.931 0.000 829.931 0.033 0.002
239 1854 1806 48 838.567 0.000 838.567 0.033 0.002
240 1854 1806 48 848.292 0.000 848.292 0.033 0.002
241 1854 1806 48 858.977 0.000 858.977 0.033 0.002
242 1854 1806 48 868.233 0.000 868.233 0.033 0.002
243 1854 1806 48 877.829 0.000 877.829 0.033 0.002
244 1854 1806 48 887.430 0.000 887.430 0.033 0.002
245 1854 1806 48 895.249 0.000 895.249 0.033 0.002
246 1854 1806 48 902.608 0.000 902.608 0.033 0.002
247 1854 1806 48 909.632 0.000 909.632 0.033 0.002
248 1854 1806 48 916.892 0.000 916.892 0.033 0.002
249 1854 1806 48 922.826 0.000 922.826 0.017 0.002
250 1854 1806 48 928.799 0.000 928.799 0.017 0.002
251 1854 1806 48 933.177 0.000 933.177 0.017 0.002
252 1854 1806 48 936.701 0.000 936.701 0.017 0.002
253 1854 1806 48 939.544 0.000 939.544 0.017 0.002
254 1854 1806 48 943.573 0.000 943.573 0.017 0.002
255 1854 1806 48 945.369 0.000 945.369 0.017 0.002
256 1854 1806 48 945.709 0.000 945.709 0.017 0.002
257 1854 1806 48 945.760 0.000 945.760 0.017 0.002
258 1854 1806 48 944.936 0.000 944.936 0.017 0.002
259 1854 1806 48 943.124 0.000 943.124 0.017 0.002
260 1854 1806 48 937.716 0.000 937.716 0.017 0.002
261 1632 1806 174 930.925 0.000 930.925 0.017 0.002
262 1632 1806 174 924.186 0.000 924.186 0.017 0.002
263 1535 1806 271 918.894 0.000 918.894 0.017 0.002
264 1535 1806 271 912.958 0.000 912.958 0.017 0.002
265 1535 1806 271 906.427 0.000 906.427 0.017 0.001
266 1535 1806 271 899.336 0.000 899.336 0.017 0.001
267 1535 1806 271 890.601 0.000 890.601 0.017 0.001
268 1427 1806 379 879.675 0.000 879.675 0.017 0.001
269 1427 1806 379 867.209 0.000 867.209 0.017 0.001
270 1427 1806 379 853.924 0.000 853.924 0.017 0.001
271 1427 1806 379 838.054 0.000 838.054 0.017 0.001
272 1427 1806 379 822.290 0.000 822.290 0.017 0.001
273 1427 1806 379 803.490 0.000 803.490 0.017 0.000
274 1427 1806 379 786.461 0.000 786.461 0.017 0.000
275 1427 1806 379 765.206 0.000 765.206 0.017 0.000
276 1427 1806 379 742.354 0.000 742.354 0.017 0.000
277 1427 1806 379 718.291 0.000 718.291 0.017 0.000
278 1427 1806 379 695.025 0.000 695.025 0.017 0.000
279 1427 1806 379 671.004 0.000 671.004 0.017 0.000
280 1427 1806 379 646.452 0.000 646.452 0.017 0.000
281 1365 1806 441 619.524 0.000 619.524 0.017 0.000
282 1365 1806 441 592.278 0.000 592.278 0.017 0.000
283 1365 1806 441 564.933 0.000 564.933 0.017 0.000
284 1316 1806 490 540.875 0.000 540.875 0.017 0.000
285 1316 1806 490 514.582 0.000 514.582 0.017 0.000
286 1316 1806 490 490.705 0.000 490.705 0.017 0.000
287 1316 1806 490 466.348 0.000 466.348 0.017 0.000
288 1316 1806 490 444.092 0.000 444.092 0.017 0.000
289 1309 1806 497 423.325 0.000 423.325 0.017 0.000
290 1257 1806 549 398.662 0.000 398.662 0.017 0.000
291 1257 1806 549 377.845 0.000 377.845 0.017 0.000
292 1257 1806 549 360.230 0.000 360.230 0.017 0.000
293 1251 1806 555 342.019 0.000 342.019 0.017 0.000
294 1251 1806 555 323.051 0.000 323.051 0.017 0.000
295 1251 1806 555 303.143 0.000 303.143 0.017 0.000
296 1251 1806 555 286.463 0.000 286.463 0.017 0.000
297 1213 1806 593 270.988 0.000 270.988 0.017 0.000
298 1213 1806 593 257.010 0.000 257.010 0.017 0.000
299 1181 1806 625 244.390 0.000 244.390 0.017 0.000
300 1181 1806 625 231.057 0.000 231.057 0.017 0.000
301 1181 1806 625 217.753 0.000 217.753 0.017 0.000
302 1181 1806 625 206.341 0.000 206.341 0.017 0.000
303 1181 1806 625 192.956 0.000 192.956 0.017 0.000
304 1181 1806 625 180.674 0.000 180.674 0.017 0.000
305 1181 1806 625 170.681 0.000 170.681 0.017 0.000
306 1181 1806 625 161.187 0.000 161.187 0.017 0.000
307 1027 1806 779 151.634 0.000 151.634 0.017 0.000
308 1027 1806 779 143.888 0.000 143.888 0.017 0.000
309 1027 1806 779 135.405 0.000 135.405 0.017 0.000
310 1027 1806 779 128.074 0.000 128.074 0.017 0.000
311 1027 1806 779 120.888 0.000 120.888 0.017 0.000
312 1027 1806 779 112.701 0.000 112.701 0.017 0.000
313 1027 1806 779 105.461 0.000 105.461 0.017 0.000
314 1027 1806 779 99.339 0.000 99.339 0.017 0.000
315 1027 1806 779 93.160 0.000 93.160 0.017 0.000
316 1018 1806 788 85.222 0.000 85.222 0.017 0.000
317 910 1806 896 79.495 0.000 79.495 0.017 0.000
318 857 1806 949 72.969 0.000 72.969 0.017 0.000
319 857 1806 949 67.306 0.000 67.306 0.017 0.000
320 857 1806 949 61.079 0.000 61.079 0.017 0.000
321 857 1806 949 55.973 0.000 55.973 0.017 0.000
322 856 1806 950 50.145 0.000 50.145 0.017 0.001
323 715 1806 1091 45.433 0.000 45.433 0.017 0.001
324 715 1806 1091 40.984 0.000 40.984 0.017 0.001
325 630 1806 1176 36.745 0.000 36.745 0.017 0.001
326 564 1806 1242 33.026 0.000 33.026 0.017 0.001
327 513 1806 1293 29.307 0.000 29.307 0.017 0.001
328 506 1806 1300 25.683 0.000 25.683 0.017 0.001
329 452 1806 1354 21.732 0.000 21.732 0.017 0.001
330 452 1806 1354 18.425 0.000 18.425 0.017 0.001
331 452 1806 1354 15.048 0.000 15.048 0.017 0.001
332 452 1806 1354 12.029 0.000 12.029 0.017 0.001
333 452 1806 1354 9.159 0.000 9.159 0.017 0.001
334 387 1806 1419 6.943 0.000 6.943 0.017 0.001
335 333 1806 1473 4.982 0.000 4.982 0.017 0.002
336 333 1806 1473 3.300 0.000 3.300 0.017 0.002
337 208 1806 1598 2.042 0.000 2.042 0.017 0.002
338 208 1806 1598 1.256 0.000 1.256 0.017 0.002
339 170 1806 1636 0.720 0.000 0.720 0.017 0.002
340 161 1806 1645 0.541 0.000 0.541 0.017 0.002
341 161 1806 1645 0.414 0.000 0.414 0.017 0.002
342 161 1806 1645 0.257 0.000 0.257 0.033 0.002
343 152 1806 1654 0.203 0.000 0.203 0.033 0.002
344 152 1806 1654 0.174 0.000 0.174 0.033 0.002
345 152 1806 1654 0.160 0.000 0.160 0.033 0.002
346 194 1806 1612 0.193 0.000 0.193 0.033 0.002
347 194 1806 1612 0.211 0.000 0.211 0.033 0.002
348 237 1806 1569 0.258 0.000 0.258 0.033 0.002
349 237 1806 1569 0.324 0.000 0.324 0.033 0.002
350 237 1806 1569 0.405 0.000 0.405 0.033 0.002
351 237 1806 1569 0.580 0.000 0.580 0.033 0.002
352 306 1806 1500 0.990 0.000 0.990 0.033 0.002
353 327 1806 1479 1.461 0.000 1.461 0.033 0.002
354 379 1806 1427 2.421 0.000 2.421 0.033 0.002
355 379 1806 1427 3.677 0.000 3.677 0.033 0.002
356 468 1806 1338 5.960 0.000 5.960 0.033 0.002
357 468 1806 1338 9.004 0.000 9.004 0.033 0.002
358 468 1806 1338 12.262 0.000 12.262 0.033 0.002
359 468 1806 1338 16.040 0.000 16.040 0.033 0.002
360 468 1806 1338 20.068 0.000 20.068 0.033 0.002
361 497 1806 1309 24.938 0.000 24.938 0.033 0.002
362 497 1806 1309 30.350 0.000 30.350 0.033 0.002
363 499 1806 1307 36.783 0.000 36.783 0.033 0.002
364 561 1806 1245 43.941 0.000 43.941 0.033 0.002
365 563 1806 1243 52.205 0.000 52.205 0.033 0.002
366 668 1806 1138 60.891 0.000 60.891 0.033 0.002
367 668 1806 1138 72.614 0.000 72.614 0.033 0.002
368 668 1806 1138 83.293 0.000 83.293 0.033 0.002
369 758 1806 1048 93.581 0.000 93.581 0.033 0.002
370 758 1806 1048 107.875 0.000 107.875 0.033 0.002
371 803 1806 1003 120.524 0.000 120.524 0.033 0.002
372 1003 1806 803 136.469 0.000 136.469 0.033 0.002
373 1003 1806 803 152.277 0.000 152.277 0.033 0.002
374 1003 1806 803 169.444 0.000 169.444 0.050 0.002
375 1241 1806 565 187.116 0.000 187.116 0.050 0.002
376 1241 1806 565 204.344 0.000 204.344 0.050 0.002
377 1241 1806 565 222.458 0.000 222.458 0.050 0.002
378 1617 1806 189 244.783 0.000 244.783 0.050 0.002
379 2229 1806 423 267.236 0.000 267.236 0.067 0.002
380 2667 1806 861 297.117 0.000 297.117 0.083 0.002
381 2790 1806 984 326.853 0.000 326.853 0.083 0.002
382 2986 1806 1180 357.356 0.000 357.356 0.083 0.002
383 3004 1806 1198 389.604 0.000 389.604 0.083 0.002
384 3004 1806 1198 416.581 0.000 416.581 0.083 0.002
385 3004 1806 1198 445.268 0.000 445.268 0.083 0.002
386 3004 1806 1198 467.175 0.000 467.175 0.083 0.002
387 3004 1806 1198 493.010 0.000 493.010 0.083 0.003
388 3004 1806 1198 517.233 0.000 517.233 0.083 0.003
389 3004 1806 1198 535.545 0.000 535.545 0.083 0.003
390 3004 1806 1198 551.924 0.000 551.924 0.083 0.003
391 3004 1806 1198 566.650 0.000 566.650 0.083 0.003
392 3004 1806 1198 581.128 0.000 581.128 0.067 0.003
393 3004 1806 1198 596.669 0.000 596.669 0.067 0.003
394 3004 1806 1198 609.906 0.000 609.906 0.067 0.003
395 3004 1806 1198 623.578 0.000 623.578 0.067 0.002
396 3004 1806 1198 636.559 0.000 636.559 0.067 0.002
397 3004 1806 1198 649.296 0.000 649.296 0.067 0.002
398 3004 1806 1198 661.876 0.000 661.876 0.067 0.002
399 3004 1806 1198 674.499 0.000 674.499 0.067 0.002
400 3004 1806 1198 687.062 0.000 687.062 0.067 0.002
401 3004 1806 1198 698.266 0.000 698.266 0.067 0.002
402 3004 1806 1198 709.666 0.000 709.666 0.050 0.002
403 3004 1806 1198 720.756 0.000 720.756 0.050 0.002
404 3004 1806 1198 733.263 0.000 733.263 0.050 0.002
405 3004 1806 1198 744.174 0.000 744.174 0.050 0.002
406 3004 1806 1198 756.668 0.000 756.668 0.050 0.002
407 3004 1806 1198 768.406 0.000 768.406 0.050 0.002
408 3004 1806 1198 780.850 0.000 780.850 0.050 0.002
409 3004 1806 1198 791.643 0.000 791.643 0.050 0.002
410 3004 1806 1198 803.150 0.000 803.150 0.050 0.002
411 3004 1806 1198 813.584 0.000 813.584 0.050 0.002
412 3004 1806 1198 823.075 0.000 823.075 0.050 0.002
413 3004 1806 1198 832.029 0.000 832.029 0.050 0.002
414 3004 1806 1198 842.336 0.000 842.336 0.050 0.002
415 3004 1806 1198 851.815 0.000 851.815 0.050 0.002
416 3004 1806 1198 863.228 0.000 863.228 0.050 0.002
417 3004 1806 1198 874.541 0.000 874.541 0.050 0.002
418 3004 1806 1198 884.591 0.000 884.591 0.050 0.002
419 3004 1806 1198 894.817 0.000 894.817 0.050 0.002
420 3004 1806 1198 903.394 0.000 903.394 0.050 0.002
421 3004 1806 1198 912.106 0.000 912.106 0.050 0.002
422 3004 1806 1198 920.782 0.000 920.782 0.050 0.002
423 3004 1806 1198 928.847 0.000 928.847 0.050 0.002
424 3004 1806 1198 936.719 0.000 936.719 0.050 0.002
425 3004 1806 1198 945.164 0.000 945.164 0.050 0.002
426 3004 1806 1198 951.956 0.000 951.956 0.050 0.002
427 3004 1806 1198 961.042 0.000 961.042 0.050 0.002
428 3004 1806 1198 968.499 0.000 968.499 0.050 0.002
429 3004 1806 1198 973.448 0.000 973.448 0.050 0.002
430 3004 1806 1198 980.431 0.000 980.431 0.050 0.002
431 3004 1806 1198 986.241 0.000 986.241 0.050 0.002
432 3004 1806 1198 992.111 0.000 992.111 0.050 0.002
433 3004 1806 1198 998.220 0.000 998.220 0.050 0.002
434 3004 1806 1198 1002.786 0.000 1002.786 0.033 0.002
435 3004 1806 1198 1006.191 0.000 1006.191 0.033 0.002
436 3004 1806 1198 1009.052 0.000 1009.052 0.033 0.002
437 3004 1806 1198 1011.854 0.000 1011.854 0.033 0.002
438 3004 1806 1198 1010.990 0.000 1010.990 0.033 0.002
439 3004 1806 1198 1006.930 0.000 1006.930 0.017 0.002
440 3004 1806 1198 998.259 0.000 998.259 0.017 0.002
441 3004 1806 1198 989.023 0.000 989.023 0.017 0.002
442 3004 1806 1198 975.754 0.000 975.754 0.017 0.002
443 2979 1806 1173 959.085 0.000 959.085 0.017 0.002
444 2979 1806 1173 945.090 0.000 945.090 0.017 0.002
445 2803 1806 997 929.054 0.000 929.054 0.017 0.001
446 2803 1806 997 915.811 0.000 915.811 0.017 0.001
447 2469 1806 663 899.097 0.000 899.097 0.017 0.001
448 1915 1806 109 879.707 0.000 879.707 0.017 0.001
449 1671 1806 135 865.310 0.000 865.310 0.017 0.001
450 1671 1806 135 851.484 0.000 851.484 0.017 0.001
451 1671 1806 135 840.032 0.000 840.032 0.017 0.001
452 1671 1806 135 824.171 0.000 824.171 0.017 0.001
453 1671 1806 135 806.337 0.000 806.337 0.017 0.001
454 1671 1806 135 786.848 0.000 786.848 0.017 0.000
455 1671 1806 135 765.521 0.000 765.521 0.017 0.000
456 1671 1806 135 742.249 0.000 742.249 0.017 0.000
457 1671 1806 135 721.667 0.000 721.667 0.017 0.000
458 1671 1806 135 699.840 0.000 699.840 0.017 0.000
459 1328 1806 478 674.889 0.000 674.889 0.017 0.000
460 1328 1806 478 649.981 0.000 649.981 0.017 0.000
461 1328 1806 478 622.938 0.000 622.938 0.017 0.000
462 1328 1806 478 596.891 0.000 596.891 0.017 0.000
463 1328 1806 478 572.674 0.000 572.674 0.017 0.000
464 1301 1806 505 550.534 0.000 550.534 0.017 0.000
465 1301 1806 505 527.122 0.000 527.122 0.017 0.000
466 1301 1806 505 502.934 0.000 502.934 0.017 0.000
467 1301 1806 505 478.348 0.000 478.348 0.017 0.000
468 1301 1806 505 452.999 0.000 452.999 0.017 0.000
469 1301 1806 505 429.108 0.000 429.108 0.017 0.000
470 1301 1806 505 407.108 0.000 407.108 0.017 0.000
471 1301 1806 505 386.469 0.000 386.469 0.017 0.000
472 1301 1806 505 366.235 0.000 366.235 0.017 0.000
473 1301 1806 505 347.522 0.000 347.522 0.017 0.000
474 1301 1806 505 329.406 0.000 329.406 0.017 0.000
475 1301 1806 505 312.374 0.000 312.374 0.017 0.000
476 1301 1806 505 295.735 0.000 295.735 0.017 0.000
477 1301 1806 505 279.782 0.000 279.782 0.017 0.000
478 1301 1806 505 265.773 0.000 265.773 0.017 0.000
479 1301 1806 505 249.646 0.000 249.646 0.017 0.000
480 1301 1806 505 236.432 0.000 236.432 0.017 0.000
481 1301 1806 505 224.222 0.000 224.222 0.017 0.000
482 1301 1806 505 212.213 0.000 212.213 0.017 0.000
483 1301 1806 505 199.890 0.000 199.890 0.017 0.000
484 1301 1806 505 189.918 0.000 189.918 0.017 0.000
485 1301 1806 505 179.677 0.000 179.677 0.017 0.000
486 1301 1806 505 170.214 0.000 170.214 0.017 0.000
487 1301 1806 505 160.658 0.000 160.658 0.017 0.000
488 1301 1806 505 151.209 0.000 151.209 0.017 0.000
489 1301 1806 505 142.349 0.000 142.349 0.017 0.000
490 1301 1806 505 132.367 0.000 132.367 0.017 0.000
491 1301 1806 505 127.290 0.000 127.290 0.017 0.000
492 1301 1806 505 120.520 0.000 120.520 0.017 0.000
493 949 1806 857 112.638 0.000 112.638 0.017 0.000
494 949 1806 857 105.430 0.000 105.430 0.017 0.000
495 949 1806 857 99.148 0.000 99.148 0.017 0.000
496 949 1806 857 92.405 0.000 92.405 0.017 0.001
497 942 1806 864 85.365 0.000 85.365 0.017 0.001
498 942 1806 864 78.312 0.000 78.312 0.017 0.001
499 942 1806 864 72.389 0.000 72.389 0.017 0.001
500 942 1806 864 67.989 0.000 67.989 0.017 0.001
501 942 1806 864 62.939 0.000 62.939 0.017 0.001
502 942 1806 864 57.218 0.000 57.218 0.017 0.001
503 942 1806 864 51.629 0.000 51.629 0.017 0.001
504 813 1806 993 45.936 0.000 45.936 0.033 0.001
505 631 1806 1175 41.288 0.000 41.288 0.033 0.001
506 585 1806 1221 37.310 0.000 37.310 0.033 0.001
507 585 1806 1221 32.735 0.000 32.735 0.033 0.001
508 552 1806 1254 28.221 0.000 28.221 0.033 0.001
509 552 1806 1254 24.304 0.000 24.304 0.017 0.001
510 552 1806 1254 20.638 0.000 20.638 0.017 0.001
511 552 1806 1254 18.144 0.000 18.144 0.017 0.001
512 552 1806 1254 15.067 0.000 15.067 0.017 0.001
513 552 1806 1254 12.289 0.000 12.289 0.017 0.001
514 552 1806 1254 9.668 0.000 9.668 0.017 0.001
515 552 1806 1254 7.495 0.000 7.495 0.017 0.002
516 552 1806 1254 5.665 0.000 5.665 0.017 0.002
517 552 1806 1254 4.493 0.000 4.493 0.017 0.002
518 552 1806 1254 3.808 0.000 3.808 0.033 0.002
519 552 1806 1254 3.378 0.000 3.378 0.033 0.002
520 552 1806 1254 3.013 0.000 3.013 0.033 0.002
521 552 1806 1254 2.780 0.000 2.780 0.033 0.002
522 552 1806 1254 2.701 0.000 2.701 0.033 0.002
523 552 1806 1254 2.613 0.000 2.613 0.033 0.002
524 552 1806 1254 2.596 0.000 2.596 0.033 0.002
525 552 1806 1254 2.580 0.000 2.580 0.033 0.002
526 552 1806 1254 2.657 0.000 2.657 0.033 0.002
527 552 1806 1254 2.715 0.000 2.715 0.033 0.002
528 552 1806 1254 2.762 0.000 2.762 0.033 0.002
529 552 1806 1254 2.843 0.000 2.843 0.033 0.002
530 552 1806 1254 2.999 0.000 2.999 0.033 0.002
531 552 1806 1254 3.225 0.000 3.225 0.033 0.002
532 552 1806 1254 3.689 0.000 3.689 0.033 0.002
533 552 1806 1254 4.339 0.000 4.339 0.033 0.002
534 552 1806 1254 5.351 0.000 5.351 0.033 0.002
535 552 1806 1254 6.703 0.000 6.703 0.033 0.002
536 552 1806 1254 9.019 0.000 9.019 0.033 0.002
537 552 1806 1254 11.578 0.000 11.578 0.033 0.002
538 552 1806 1254 14.701 0.000 14.701 0.033 0.002
539 552 1806 1254 18.701 0.000 18.701 0.033 0.002
540 552 1806 1254 23.643 0.000 23.643 0.033 0.002
541 552 1806 1254 29.475 0.000 29.475 0.033 0.002
542 552 1806 1254 35.805 0.000 35.805 0.033 0.002
543 552 1806 1254 42.173 0.000 42.173 0.033 0.002
544 552 1806 1254 50.502 0.000 50.502 0.033 0.002
545 586 1806 1220 59.463 0.000 59.463 0.033 0.002
546 647 1806 1159 70.176 0.000 70.176 0.033 0.002
547 647 1806 1159 78.748 0.000 78.748 0.017 0.002
548 748 1806 1058 90.595 0.000 90.595 0.017 0.002
549 748 1806 1058 101.146 0.000 101.146 0.017 0.002
550 926 1806 880 114.567 0.000 114.567 0.033 0.002
551 956 1806 850 126.887 0.000 126.887 0.033 0.002
552 1013 1806 793 139.735 0.000 139.735 0.033 0.002
553 1046 1806 760 157.567 0.000 157.567 0.033 0.002
554 1046 1806 760 173.782 0.000 173.782 0.033 0.002
555 1377 1806 429 187.117 0.000 187.117 0.033 0.002
556 1452 1806 354 205.433 0.000 205.433 0.033 0.002
557 1711 1806 95 224.885 0.000 224.885 0.033 0.002
558 1889 1806 83 245.135 0.000 245.135 0.033 0.002
559 2169 1806 363 268.189 0.000 268.189 0.033 0.002
560 2332 1806 526 290.590 0.000 290.590 0.033 0.002
561 2358 1806 552 313.163 0.000 313.163 0.033 0.002
562 2576 1806 770 340.191 0.000 340.191 0.050 0.002
563 2582 1806 776 364.522 0.000 364.522 0.050 0.002
564 2582 1806 776 391.282 0.000 391.282 0.050 0.002
565 2582 1806 776 412.672 0.000 412.672 0.050 0.002
566 2582 1806 776 435.564 0.000 435.564 0.050 0.002
567 2582 1806 776 454.962 0.000 454.962 0.050 0.002
568 2582 1806 776 470.065 0.000 470.065 0.050 0.002
569 2582 1806 776 486.196 0.000 486.196 0.050 0.003
570 2582 1806 776 501.804 0.000 501.804 0.050 0.003
571 2582 1806 776 518.753 0.000 518.753 0.050 0.003
572 2582 1806 776 536.232 0.000 536.232 0.050 0.003
573 2582 1806 776 550.597 0.000 550.597 0.050 0.002
574 2582 1806 776 564.460 0.000 564.460 0.050 0.002
575 2582 1806 776 578.208 0.000 578.208 0.050 0.002
576 2582 1806 776 593.379 0.000 593.379 0.033 0.002
577 2582 1806 776 607.619 0.000 607.619 0.033 0.002
578 2582 1806 776 621.463 0.000 621.463 0.033 0.002
579 2582 1806 776 634.786 0.000 634.786 0.033 0.002
580 2582 1806 776 647.341 0.000 647.341 0.033 0.002
581 2582 1806 776 659.652 0.000 659.652 0.033 0.002
582 2582 1806 776 671.215 0.000 671.215 0.033 0.002
583 2582 1806 776 682.080 0.000 682.080 0.033 0.002
584 2582 1806 776 693.416 0.000 693.416 0.033 0.002
585 2582 1806 776 705.353 0.000 705.353 0.033 0.002
586 2582 1806 776 716.498 0.000 716.498 0.033 0.002
587 2582 1806 776 729.036 0.000 729.036 0.033 0.002
588 2582 1806 776 740.924 0.000 740.924 0.033 0.002
589 2582 1806 776 752.759 0.000 752.759 0.033 0.002
590 2582 1806 776 764.198 0.000 764.198 0.033 0.002
591 2582 1806 776 774.522 0.000 774.522 0.033 0.002
592 2582 1806 776 785.701 0.000 785.701 0.033 0.002
593 2582 1806 776 796.333 0.000 796.333 0.033 0.002
594 2582 1806 776 806.349 0.000 806.349 0.033 0.002
595 2582 1806 776 815.850 0.000 815.850 0.033 0.002
596 2582 1806 776 827.262 0.000 827.262 0.033 0.002
597 2582 1806 776 836.450 0.000 836.450 0.033 0.002
598 2582 1806 776 846.275 0.000 846.275 0.033 0.002
599 2582 1806 776 855.496 0.000 855.496 0.033 0.002
600 2582 1806 776 865.724 0.000 865.724 0.033 0.002
601 2582 1806 776 876.053 0.000 876.053 0.033 0.002
602 2582 1806 776 885.489 0.000 885.489 0.033 0.002
603 2582 1806 776 893.559 0.000 893.559 0.033 0.002
604 2582 1806 776 902.891 0.000 902.891 0.033 0.002
605 2582 1806 776 911.103 0.000 911.103 0.033 0.002
606 2582 1806 776 920.201 0.000 920.201 0.033 0.002
607 2582 1806 776 926.423 0.000 926.423 0.033 0.002
608 2582 1806 776 933.029 0.000 933.029 0.033 0.002
609 2582 1806 776 938.950 0.000 938.950 0.033 0.002
610 2582 1806 776 944.416 0.000 944.416 0.033 0.002
611 2582 1806 776 949.597 0.000 949.597 0.033 0.002
612 2582 1806 776 954.433 0.000 954.433 0.033 0.002
613 2582 1806 776 960.308 0.000 960.308 0.033 0.002
614 2582 1806 776 963.471 0.000 963.471 0.033 0.002
615 2582 1806 776 964.355 0.000 964.355 0.033 0.002
616 2582 1806 776 966.075 0.000 966.075 0.033 0.002
617 2582 1806 776 964.735 0.000 964.735 0.017 0.002
618 2582 1806 776 964.834 0.000 964.834 0.017 0.002
619 2582 1806 776 961.958 0.000 961.958 0.017 0.002
620 2582 1806 776 956.919 0.000 956.919 0.017 0.002
621 2582 1806 776 951.213 0.000 951.213 0.017 0.002
622 2582 1806 776 943.038 0.000 943.038 0.017 0.002
623 2475 1806 669 934.011 0.000 934.011 0.017 0.002
624 2419 1806 613 921.483 0.000 921.483 0.017 0.002
625 2255 1806 449 911.933 0.000 911.933 0.017 0.001
626 1506 1806 300 899.724 0.000 899.724 0.017 0.001
627 1415 1806 391 888.228 0.000 888.228 0.017 0.001
628 1415 1806 391 879.307 0.000 879.307 0.017 0.001
629 1415 1806 391 870.152 0.000 870.152 0.017 0.001
630 1415 1806 391 858.663 0.000 858.663 0.017 0.001
631 1415 1806 391 842.151 0.000 842.151 0.017 0.001
632 1408 1806 398 826.932 0.000 826.932 0.017 0.001
633 1408 1806 398 809.247 0.000 809.247 0.017 0.001
634 1408 1806 398 790.926 0.000 790.926 0.017 0.001
635 1408 1806 398 769.037 0.000 769.037 0.017 0.000
636 1408 1806 398 745.757 0.000 745.757 0.017 0.000
637 1408 1806 398 723.890 0.000 723.890 0.017 0.000
638 1408 1806 398 699.007 0.000 699.007 0.017 0.000
639 1408 1806 398 673.670 0.000 673.670 0.017 0.000
640 1408 1806 398 650.672 0.000 650.672 0.017 0.000
641 1408 1806 398 623.913 0.000 623.913 0.017 0.000
642 1408 1806 398 597.441 0.000 597.441 0.017 0.000
643 1408 1806 398 576.160 0.000 576.160 0.017 0.000
644 1408 1806 398 553.597 0.000 553.597 0.017 0.000
645 1408 1806 398 527.013 0.000 527.013 0.017 0.000
646 1361 1806 445 499.851 0.000 499.851 0.017 0.000
647 1361 1806 445 473.838 0.000 473.838 0.017 0.000
648 1329 1806 477 450.128 0.000 450.128 0.017 0.000
649 1329 1806 477 428.890 0.000 428.890 0.017 0.000
650 1329 1806 477 405.412 0.000 405.412 0.017 0.000
651 1281 1806 525 384.698 0.000 384.698 0.017 0.000
652 1281 1806 525 364.549 0.000 364.549 0.017 0.000
653 1281 1806 525 343.818 0.000 343.818 0.017 0.000
654 1281 1806 525 326.086 0.000 326.086 0.017 0.000
655 1281 1806 525 310.605 0.000 310.605 0.017 0.000
656 1281 1806 525 293.659 0.000 293.659 0.017 0.000
657 1281 1806 525 278.555 0.000 278.555 0.017 0.000
658 1281 1806 525 263.655 0.000 263.655 0.017 0.000
659 1192 1806 614 250.116 0.000 250.116 0.017 0.000
660 1192 1806 614 234.591 0.000 234.591 0.017 0.000
661 1192 1806 614 221.071 0.000 221.071 0.017 0.000
662 1192 1806 614 210.337 0.000 210.337 0.017 0.000
663 1159 1806 647 198.637 0.000 198.637 0.017 0.000
664 1121 1806 685 187.792 0.000 187.792 0.017 0.000
665 1121 1806 685 178.520 0.000 178.520 0.017 0.000
666 1121 1806 685 169.001 0.000 169.001 0.017 0.000
667 1119 1806 687 158.632 0.000 158.632 0.017 0.000
668 1119 1806 687 149.469 0.000 149.469 0.017 0.000
669 1119 1806 687 140.890 0.000 140.890 0.017 0.000
670 1119 1806 687 131.295 0.000 131.295 0.017 0.000
671 962 1806 844 122.644 0.000 122.644 0.017 0.000
672 859 1806 947 115.548 0.000 115.548 0.017 0.000
673 836 1806 970 109.314 0.000 109.314 0.017 0.000
674 836 1806 970 100.909 0.000 100.909 0.017 0.000
675 836 1806 970 94.522 0.000 94.522 0.017 0.000
676 836 1806 970 87.571 0.000 87.571 0.017 0.000
677 781 1806 1025 81.562 0.000 81.562 0.033 0.000
678 729 1806 1077 75.592 0.000 75.592 0.033 0.001
679 726 1806 1080 69.612 0.000 69.612 0.033 0.001
680 703 1806 1103 63.224 0.000 63.224 0.033 0.001
681 703 1806 1103 58.152 0.000 58.152 0.033 0.001
682 665 1806 1141 52.591 0.000 52.591 0.033 0.001
683 656 1806 1150 48.013 0.000 48.013 0.033 0.001
684 656 1806 1150 43.283 0.000 43.283 0.033 0.001
685 656 1806 1150 38.746 0.000 38.746 0.033 0.001
686 656 1806 1150 34.305 0.000 34.305 0.017 0.001
687 656 1806 1150 29.499 0.000 29.499 0.017 0.001
688 484 1806 1322 25.994 0.000 25.994 0.017 0.001
689 484 1806 1322 22.963 0.000 22.963 0.017 0.001
690 484 1806 1322 19.687 0.000 19.687 0.017 0.001
691 484 1806 1322 15.821 0.000 15.821 0.017 0.001
692 366 1806 1440 12.953 0.000 12.953 0.017 0.001
693 364 1806 1442 10.207 0.000 10.207 0.017 0.001
694 306 1806 1500 7.852 0.000 7.852 0.017 0.001
695 302 1806 1504 5.557 0.000 5.557 0.017 0.002
696 298 1806 1508 3.770 0.000 3.770 0.017 0.002
697 298 1806 1508 2.638 0.000 2.638 0.017 0.002
698 298 1806 1508 1.560 0.000 1.560 0.017 0.002
699 298 1806 1508 0.996 0.000 0.996 0.017 0.002
700 225 1806 1581 0.685 0.000 0.685 0.017 0.002
701 225 1806 1581 0.525 0.000 0.525 0.017 0.002
702 225 1806 1581 0.401 0.000 0.401 0.017 0.002
703 225 1806 1581 0.355 0.000 0.355 0.017 0.002
704 225 1806 1581 0.289 0.000 0.289 0.017 0.002
705 225 1806 1581 0.289 0.000 0.289 0.017 0.002
706 225 1806 1581 0.293 0.000 0.293 0.017 0.002
707 225 1806 1581 0.288 0.000 0.288 0.017 0.002
708 225 1806 1581 0.315 0.000 0.315 0.017 0.002
709 225 1806 1581 0.320 0.000 0.320 0.017 0.002
710 225 1806 1581 0.380 0.000 0.380 0.017 0.002
711 225 1806 1581 0.547 0.000 0.547 0.017 0.002
712 225 1806 1581 0.877 0.000 0.877 0.017 0.002
713 225 1806 1581 1.465 0.000 1.465 0.017 0.002
714 255 1806 1551 2.489 0.000 2.489 0.017 0.002
715 364 1806 1442 4.075 0.000 4.075 0.017 0.002
716 365 1806 1441 6.187 0.000 6.187 0.017 0.002
717 365 1806 1441 8.890 0.000 8.890 0.017 0.002
718 365 1806 1441 11.473 0.000 11.473 0.017 0.002
719 522 1806 1284 15.694 0.000 15.694 0.017 0.002
720 522 1806 1284 18.899 0.000 18.899 0.017 0.002
721 522 1806 1284 24.336 0.000 24.336 0.017 0.002
722 522 1806 1284 30.517 0.000 30.517 0.017 0.002
723 617 1806 1189 37.462 0.000 37.462 0.017 0.002
724 617 1806 1189 44.796 0.000 44.796 0.017 0.002
725 617 1806 1189 53.279 0.000 53.279 0.017 0.002
726 716 1806 1090 64.092 0.000 64.092 0.017 0.002
727 716 1806 1090 73.298 0.000 73.298 0.017 0.002
728 841 1806 965 83.574 0.000 83.574 0.017 0.002
729 1038 1806 768 96.676 0.000 96.676 0.017 0.002
730 1038 1806 768 110.037 0.000 110.037 0.017 0.002
731 1038 1806 768 123.602 0.000 123.602 0.033 0.002
732 1038 1806 768 136.265 0.000 136.265 0.033 0.002
733 1180 1806 626 151.473 0.000 151.473 0.033 0.002
734 1559 1806 247 168.077 0.000 168.077 0.033 0.002
735 1628 1806 178 189.414 0.000 189.414 0.033 0.002
736 1628 1806 178 210.142 0.000 210.142 0.033 0.002
737 1638 1806 168 229.524 0.000 229.524 0.033 0.002
738 1638 1806 168 252.491 0.000 252.491 0.033 0.002
739 1638 1806 168 272.518 0.000 272.518 0.033 0.002
740 1670 1806 136 293.225 0.000 293.225 0.033 0.002
741 1670 1806 136 316.382 0.000 316.382 0.033 0.002
742 1670 1806 136 338.867 0.000 338.867 0.033 0.002
743 1670 1806 136 358.252 0.000 358.252 0.033 0.002
744 1958 1806 152 378.611 0.000 378.611 0.033 0.002
745 2323 1806 517 402.162 0.000 402.162 0.033 0.002
746 2776 2776 0 423.518 0.000 423.518 0.050 0.002
747 2791 2776 15 449.463 0.000 449.463 0.050 0.002
748 3025 2776 249 472.941 0.000 472.941 0.050 0.002
749 3025 2776 249 494.588 0.000 494.588 0.050 0.002
750 3025 2776 249 511.296 0.000 511.296 0.050 0.002
751 3025 2776 249 527.651 0.000 527.651 0.050 0.002
752 3025 2776 249 541.596 0.000 541.596 0.050 0.002
753 3025 2776 249 556.230 0.000 556.230 0.050 0.002
754 3025 2776 249 572.471 0.000 572.471 0.050 0.002
755 3025 2776 249 585.710 0.000 585.710 0.050 0.002
756 3025 2776 249 597.976 0.000 597.976 0.050 0.002
757 3025 2776 249 612.268 0.000 612.268 0.050 0.002
758 3025 2776 249 624.486 0.000 624.486 0.033 0.002
759 3025 2776 249 636.691 0.000 636.691 0.033 0.002
760 3025 2776 249 649.095 0.000 649.095 0.033 0.002
761 3025 2776 249 661.435 0.000 661.435 0.033 0.002
762 3025 2776 249 672.669 0.000 672.669 0.033 0.002
763 3025 2776 249 685.928 0.000 685.928 0.033 0.002
764 3025 2776 249 699.542 0.000 699.542 0.033 0.002
765 3025 2776 249 711.462 0.000 711.462 0.033 0.002
766 3025 2776 249 723.178 0.000 723.178 0.033 0.002
767 3025 2776 249 736.534 0.000 736.534 0.033 0.002
768 3025 2776 249 746.988 0.000 746.988 0.033 0.002
769 3025 2776 249 757.201 0.000 757.201 0.033 0.002
770 3025 2776 249 769.505 0.000 769.505 0.033 0.002
771 3025 2776 249 782.153 0.000 782.153 0.033 0.002
772 3025 2776 249 792.225 0.000 792.225 0.033 0.002
773 3025 2776 249 802.477 0.000 802.477 0.033 0.002
774 3025 2776 249 813.284 0.000 813.284 0.033 0.002
775 3025 2776 249 823.768 0.000 823.768 0.033 0.002
776 3025 2776 249 834.223 0.000 834.223 0.033 0.002
777 3025 2776 249 845.360 0.000 845.360 0.033 0.002
778 3025 2776 249 853.404 0.000 853.404 0.033 0.002
779 3025 2776 249 863.849 0.000 863.849 0.033 0.002
780 3025 2776 249 870.930 0.000 870.930 0.033 0.002
781 3025 2776 249 880.530 0.000 880.530 0.033 0.002
782 3025 2776 249 889.893 0.000 889.893 0.033 0.002
783 3025 2776 249 898.801 0.000 898.801 0.033 0.002
784 3025 2776 249 906.799 0.000 906.799 0.033 0.002
785 3025 2776 249 914.970 0.000 914.970 0.033 0.002
786 3025 2776 249 924.688 0.000 924.688 0.033 0.002
787 3025 2776 249 931.857 0.000 931.857 0.033 0.002
788 3025 2776 249 937.888 0.000 937.888 0.033 0.002
789 3025 2776 249 945.150 0.000 945.150 0.033 0.002
790 3025 2776 249 952.257 0.000 952.257 0.033 0.002
791 3025 2776 249 958.502 0.000 958.502 0.033 0.002
792 3025 2776 249 962.723 0.000 962.723 0.033 0.002
793 3025 2776 249 965.956 0.000 965.956 0.033 0.002
794 3025 2776 249 968.213 0.000 968.213 0.033 0.002
795 3025 2776 249 969.754 0.000 969.754 0.033 0.002
796 3025 2776 249 969.164 0.000 969.164 0.033 0.002
797 3025 2776 249 969.665 0.000 969.665 0.033 0.002
798 3025 2776 249 968.036 0.000 968.036 0.033 0.002
799 3025 2776 249 965.032 0.000 965.032 0.033 0.002
800 3025 2776 249 961.614 0.000 961.614 0.017 0.002
801 3025 2776 249 956.983 0.000 956.983 0.017 0.002
802 3025 2776 249 951.347 0.000 951.347 0.017 0.002
803 3025 2776 249 946.358 0.000 946.358 0.017 0.002
804 3025 2776 249 938.601 0.000 938.601 0.017 0.002
805 3025 2776 249 925.329 0.000 925.329 0.017 0.002
806 3025 2776 249 915.175 0.000 915.175 0.017 0.001
807 3025 2776 249 896.274 0.000 896.274 0.017 0.001
808 2468 2776 308 880.579 0.000 880.579 0.017 0.001
809 1382 1859 477 863.811 0.000 863.811 0.017 0.001
810 1382 1859 477 849.896 0.000 849.896 0.017 0.001
811 1382 1859 477 835.785 0.000 835.785 0.017 0.001
812 1382 1859 477 820.339 0.000 820.339 0.017 0.001
813 1382 1859 477 802.840 0.000 802.840 0.017 0.001
814 1382 1859 477 783.611 0.000 783.611 0.017 0.001
815 1382 1859 477 764.385 0.000 764.385 0.017 0.000
816 1382 1859 477 743.810 0.000 743.810 0.017 0.000
817 1382 1859 477 722.344 0.000 722.344 0.017 0.000
818 1382 1859 477 697.872 0.000 697.872 0.017 0.000
819 1382 1859 477 674.757 0.000 674.757 0.017 0.000
820 1382 1859 477 650.341 0.000 650.341 0.017 0.000
821 1382 1859 477 622.294 0.000 622.294 0.017 0.000
822 1382 1859 477 599.649 0.000 599.649 0.017 0.000
823 1382 1859 477 573.020 0.000 573.020 0.017 0.000
824 1350 1859 509 546.941 0.000 546.941 0.017 0.000
825 1350 1859 509 523.163 0.000 523.163 0.017 0.000
826 1350 1859 509 497.072 0.000 497.072 0.017 0.000
827 1350 1859 509 470.827 0.000 470.827 0.017 0.000
828 1350 1859 509 449.459 0.000 449.459 0.017 0.000
829 1350 1859 509 425.053 0.000 425.053 0.017 0.000
830 1350 1859 509 404.938 0.000 404.938 0.017 0.000
831 1350 1859 509 384.611 0.000 384.611 0.017 0.000
832 1350 1859 509 366.962 0.000 366.962 0.017 0.000
833 1350 1859 509 343.815 0.000 343.815 0.017 0.000
834 1350 1859 509 322.492 0.000 322.492 0.017 0.000
835 1350 1859 509 305.703 0.000 305.703 0.017 0.000
836 1257 1859 602 286.565 0.000 286.565 0.017 0.000
837 1257 1859 602 268.503 0.000 268.503 0.017 0.000
838 1257 1859 602 253.407 0.000 253.407 0.017 0.000
839 1257 1859 602 240.324 0.000 240.324 0.017 0.000
840 1148 1859 711 226.584 0.000 226.584 0.017 0.000
841 1148 1859 711 214.286 0.000 214.286 0.017 0.000
842 1148 1859 711 202.986 0.000 202.986 0.017 0.000
843 1148 1693 545 190.897 0.000 190.897 0.033 0.000
844 1064 1693 629 180.922 0.000 180.922 0.033 0.000
845 1014 1693 679 171.595 0.000 171.595 0.033 0.000
846 998 1693 695 162.263 0.000 162.263 0.033 0.000
847 998 1693 695 152.745 0.000 152.745 0.033 0.000
848 981 1693 712 143.750 0.000 143.750 0.033 0.000
849 919 1693 774 135.669 0.000 135.669 0.033 0.000
850 919 1693 774 127.653 0.000 127.653 0.033 0.000
851 889 1693 804 119.752 0.000 119.752 0.033 0.000
852 880 1693 813 113.475 0.000 113.475 0.033 0.000
853 880 1693 813 105.432 0.000 105.432 0.033 0.000
854 860 1693 833 99.387 0.000 99.387 0.033 0.000
855 860 1693 833 92.581 0.000 92.581 0.033 0.000
856 860 1693 833 86.985 0.000 86.985 0.033 0.000
857 824 1693 869 81.620 0.000 81.620 0.033 0.000
858 824 1693 869 75.141 0.000 75.141 0.033 0.000
859 824 1693 869 69.288 0.000 69.288 0.033 0.001
860 824 1693 869 64.667 0.000 64.667 0.033 0.001
861 802 1693 891 59.818 0.000 59.818 0.033 0.001
862 787 1693 906 53.788 0.000 53.788 0.033 0.001
863 787 1693 906 49.430 0.000 49.430 0.033 0.001
864 715 1693 978 44.323 0.000 44.323 0.033 0.001
865 715 1693 978 38.830 0.000 38.830 0.033 0.001
866 680 1693 1013 34.339 0.000 34.339 0.033 0.001
867 680 1693 1013 29.011 0.000 29.011 0.033 0.001
868 560 1693 1133 25.164 0.000 25.164 0.033 0.001
869 560 1693 1133 21.024 0.000 21.024 0.017 0.001
870 560 1693 1133 17.368 0.000 17.368 0.017 0.001
871 419 1693 1274 14.103 0.000 14.103 0.017 0.001
872 415 1693 1278 11.225 0.000 11.225 0.017 0.001
873 415 1693 1278 8.501 0.000 8.501 0.017 0.001
874 280 1693 1413 6.111 0.000 6.111 0.017 0.002
875 274 1693 1419 4.259 0.000 4.259 0.033 0.002
876 274 1693 1419 2.838 0.000 2.838 0.033 0.002
877 262 1693 1431 1.882 0.000 1.882 0.033 0.002
878 262 1693 1431 1.185 0.000 1.185 0.033 0.002
879 262 1693 1431 0.795 0.000 0.795 0.033 0.002
880 188 1693 1505 0.550 0.000 0.550 0.033 0.002
881 188 1693 1505 0.361 0.000 0.361 0.033 0.002
882 152 1693 1541 0.227 0.000 0.227 0.033 0.002
883 152 1693 1541 0.187 0.000 0.187 0.033 0.002
884 152 1693 1541 0.192 0.000 0.192 0.033 0.002
885 152 1693 1541 0.174 0.000 0.174 0.033 0.002
886 152 1693 1541 0.173 0.000 0.173 0.033 0.002
887 216 1693 1477 0.221 0.000 0.221 0.033 0.002
888 216 1693 1477 0.258 0.000 0.258 0.033 0.002
889 216 1693 1477 0.306 0.000 0.306 0.033 0.002
890 216 1693 1477 0.371 0.000 0.371 0.033 0.002
891 295 1693 1398 0.561 0.000 0.561 0.033 0.002
892 295 1693 1398 0.902 0.000 0.902 0.033 0.002
893 295 1693 1398 1.484 0.000 1.484 0.033 0.002
894 295 1693 1398 2.395 0.000 2.395 0.033 0.002
895 358 1693 1335 3.946 0.000 3.946 0.033 0.002
896 574 1693 1119 5.993 0.000 5.993 0.033 0.002
897 574 1693 1119 8.392 0.000 8.392 0.033 0.002
898 574 1693 1119 11.641 0.000 11.641 0.033 0.002
899 574 1693 1119 15.729 0.000 15.729 0.033 0.002
900 574 1693 1119 21.019 0.000 21.019 0.033 0.002
901 574 1693 1119 26.422 0.000 26.422 0.033 0.002
902 576 1693 1117 32.642 0.000 32.642 0.033 0.002
903 576 1693 1117 38.988 0.000 38.988 0.017 0.002
904 625 1693 1068 47.430 0.000 47.430 0.017 0.002
905 625 1693 1068 55.288 0.000 55.288 0.017 0.002
906 625 1693 1068 63.157 0.000 63.157 0.017 0.002
907 779 1693 914 73.962 0.000 73.962 0.017 0.002
908 947 1693 746 86.098 0.000 86.098 0.017 0.002
909 947 1693 746 98.703 0.000 98.703 0.017 0.002
910 947 1693 746 113.441 0.000 113.441 0.017 0.002
911 947 1693 746 126.992 0.000 126.992 0.017 0.002
912 947 1693 746 139.895 0.000 139.895 0.017 0.002
913 947 1693 746 155.630 0.000 155.630 0.017 0.002
914 1110 1693 583 173.254 0.000 173.254 0.033 0.002
915 1312 1693 381 192.232 0.000 192.232 0.033 0.002
916 1312 1693 381 211.654 0.000 211.654 0.033 0.002
917 1312 1693 381 228.460 0.000 228.460 0.033 0.002
918 1312 1693 381 244.657 0.000 244.657 0.033 0.002
919 1459 1693 234 267.642 0.000 267.642 0.033 0.002
920 1459 1693 234 287.234 0.000 287.234 0.033 0.002
921 1787 1693 94 308.476 0.000 308.476 0.033 0.002
922 1989 1693 296 330.718 0.000 330.718 0.033 0.002
923 1992 1693 299 354.473 0.000 354.473 0.033 0.002
924 1992 1693 299 373.746 0.000 373.746 0.033 0.002
925 1992 1693 299 391.036 0.000 391.036 0.033 0.002
926 1992 1693 299 409.269 0.000 409.269 0.033 0.002
927 1992 1693 299 425.895 0.000 425.895 0.033 0.002
928 1992 1693 299 443.372 0.000 443.372 0.033 0.002
929 1992 1693 299 461.433 0.000 461.433 0.033 0.002
930 1992 1693 299 479.182 0.000 479.182 0.033 0.002
931 1992 1693 299 495.559 0.000 495.559 0.033 0.002
932 1992 1693 299 511.049 0.000 511.049 0.033 0.002
933 1992 1693 299 528.260 0.000 528.260 0.033 0.002
934 1992 1693 299 543.010 0.000 543.010 0.033 0.002
935 1992 1693 299 558.542 0.000 558.542 0.033 0.002
936 1992 1693 299 574.183 0.000 574.183 0.033 0.002
937 1992 1693 299 588.164 0.000 588.164 0.033 0.002
938 1992 1693 299 602.038 0.000 602.038 0.033 0.002
939 1992 1693 299 615.249 0.000 615.249 0.033 0.002
940 1992 1693 299 628.162 0.000 628.162 0.033 0.002
941 1992 1693 299 639.495 0.000 639.495 0.033 0.002
942 1992 1693 299 650.877 0.000 650.877 0.033 0.002
943 1992 1693 299 664.427 0.000 664.427 0.033 0.002
944 1992 1693 299 675.264 0.000 675.264 0.033 0.002
945 1992 1693 299 687.660 0.000 687.660 0.033 0.002
946 1992 1693 299 698.961 0.000 698.961 0.017 0.002
947 1992 1693 299 709.754 0.000 709.754 0.017 0.002
948 1992 1693 299 720.628 0.000 720.628 0.017 0.002
949 1992 1693 299 731.670 0.000 731.670 0.017 0.002
950 1992 1693 299 740.870 0.000 740.870 0.017 0.002
951 1992 1693 299 749.874 0.000 749.874 0.017 0.002
952 1992 1693 299 761.521 0.000 761.521 0.017 0.002
953 1992 1693 299 772.825 0.000 772.825 0.017 0.002
954 1992 1693 299 782.745 0.000 782.745 0.017 0.002
955 1992 1693 299 792.020 0.000 792.020 0.017 0.002
956 1992 1693 299 802.146 0.000 802.146 0.017 0.002
957 1992 1693 299 811.025 0.000 811.025 0.017 0.002
958 1992 1693 299 821.087 0.000 821.087 0.017 0.002
959 1992 1693 299 830.983 0.000 830.983 0.017 0.002
960 1992 1693 299 841.471 0.000 841.471 0.017 0.002
961 1992 1693 299 851.186 0.000 851.186 0.017 0.002
962 1992 1693 299 860.335 0.000 860.335 0.017 0.002
963 1992 1693 299 868.607 0.000 868.607 0.017 0.002
964 1992 1693 299 878.165 0.000 878.165 0.017 0.002
965 1992 1693 299 885.961 0.000 885.961 0.017 0.002
966 1992 1693 299 891.973 0.000 891.973 0.017 0.002
967 1992 1693 299 899.505 0.000 899.505 0.017 0.002
968 1992 1693 299 906.458 0.000 906.458 0.017 0.002
969 1992 1693 299 912.814 0.000 912.814 0.017 0.002
970 1992 1693 299 918.738 0.000 918.738 0.017 0.002
971 1992 1693 299 923.818 0.000 923.818 0.017 0.002
972 1992 1693 299 928.593 0.000 928.593 0.017 0.002
973 1992 1693 299 932.964 0.000 932.964 0.017 0.002
974 1992 1693 299 936.311 0.000 936.311 0.017 0.002
975 1992 1693 299 936.831 0.000 936.831 0.017 0.002
976 1992 1693 299 937.465 0.000 937.465 0.017 0.002
977 1992 1693 299 938.101 0.000 938.101 0.017 0.002
978 1992 1693 299 937.330 0.000 937.330 0.017 0.002
979 1992 1693 299 934.905 0.000 934.905 0.017 0.002
980 1992 1693 299 932.791 0.000 932.791 0.017 0.002
981 1992 1693 299 929.518 0.000 929.518 0.017 0.002
982 1992 1693 299 923.488 0.000 923.488 0.017 0.002
983 1594 1693 99 917.124 0.000 917.124 0.017 0.002
984 1594 1693 99 909.840 0.000 909.840 0.017 0.002
985 1594 1693 99 905.701 0.000 905.701 0.017 0.002
986 1594 1693 99 898.363 0.000 898.363 0.017 0.001
987 1594 1693 99 890.626 0.000 890.626 0.017 0.001
988 1594 1693 99 880.764 0.000 880.764 0.017 0.001
989 1594 1693 99 866.919 0.000 866.919 0.017 0.001
990 1499 1693 194 853.663 0.000 853.663 0.017 0.001
991 1499 1693 194 839.864 0.000 839.864 0.017 0.001
992 1499 1693 194 822.727 0.000 822.727 0.017 0.001
993 1499 1693 194 806.678 0.000 806.678 0.017 0.001
994 1499 1693 194 790.521 0.000 790.521 0.017 0.000
995 1499 1693 194 769.626 0.000 769.626 0.017 0.000
996 1499 1693 194 749.757 0.000 749.757 0.017 0.000
997 1499 1693 194 724.582 0.000 724.582 0.017 0.000
998 1499 1693 194 698.919 0.000 698.919 0.017 0.000
999 1499 1693 194 670.768 0.000 670.768 0.017 0.000
1000 1499 1693 194 644.752 0.000 644.752 0.017 0.000
1001 1499 1693 194 621.844 0.000 621.844 0.017 0.000
1002 1499 1693 194 595.485 0.000 595.485 0.017 0.000
1003 1499 1693 194 567.349 0.000 567.349 0.017 0.000
1004 1499 1693 194 543.839 0.000 543.839 0.017 0.000
1005 1499 1693 194 518.127 0.000 518.127 0.017 0.000
1006 1297 1693 396 495.280 0.000 495.280 0.017 0.000
1007 1297 1693 396 474.158 0.000 474.158 0.017 0.000
1008 1297 1693 396 451.511 0.000 451.511 0.017 0.000
1009 1297 1693 396 428.438 0.000 428.438 0.017 0.000
1010 1267 1693 426 409.308 0.000 409.308 0.017 0.000
1011 1267 1693 426 389.237 0.000 389.237 0.017 0.000
1012 1267 1693 426 368.961 0.000 368.961 0.017 0.000
1013 1267 1693 426 350.382 0.000 350.382 0.017 0.000
1014 1267 1693 426 334.595 0.000 334.595 0.017 0.000
1015 1237 1693 456 316.676 0.000 316.676 0.017 0.000
1016 1237 1693 456 297.361 0.000 297.361 0.017 0.000
1017 1237 1693 456 281.837 0.000 281.837 0.017 0.000
1018 1237 1693 456 264.804 0.000 264.804 0.017 0.000
1019 1237 1693 456 248.987 0.000 248.987 0.017 0.000
1020 1189 1693 504 235.123 0.000 235.123 0.017 0.000
1021 1189 1693 504 222.008 0.000 222.008 0.017 0.000
1022 1189 1693 504 209.842 0.000 209.842 0.017 0.000
1023 1189 1693 504 198.411 0.000 198.411 0.017 0.000
1024 1189 1693 504 187.325 0.000 187.325 0.017 0.000
1025 1189 1693 504 177.057 0.000 177.057 0.017 0.000
1026 1189 1693 504 166.564 0.000 166.564 0.017 0.000
1027 1189 1693 504 156.865 0.000 156.865 0.017 0.000
1028 1189 1693 504 148.627 0.000 148.627 0.017 0.000
1029 1189 1693 504 137.732 0.000 137.732 0.017 0.000
1030 1137 1693 556 129.792 0.000 129.792 0.017 0.000
1031 1137 1693 556 122.688 0.000 122.688 0.017 0.000
1032 1137 1693 556 115.642 0.000 115.642 0.017 0.000
1033 970 1693 723 107.386 0.000 107.386 0.017 0.000
1034 970 1693 723 99.832 0.000 99.832 0.017 0.000
1035 970 1693 723 93.112 0.000 93.112 0.017 0.000
1036 892 1693 801 85.569 0.000 85.569 0.017 0.000
1037 892 1693 801 79.675 0.000 79.675 0.017 0.000
1038 892 1693 801 73.098 0.000 73.098 0.017 0.000
1039 892 1693 801 67.616 0.000 67.616 0.017 0.000
1040 736 1693 957 62.314 0.000 62.314 0.017 0.001
1041 736 1693 957 57.198 0.000 57.198 0.017 0.001
1042 736 1693 957 51.897 0.000 51.897 0.017 0.001
1043 736 1693 957 47.322 0.000 47.322 0.017 0.001
1044 736 1693 957 41.471 0.000 41.471 0.017 0.001
1045 736 1693 957 37.661 0.000 37.661 0.017 0.001
1046 736 1693 957 33.400 0.000 33.400 0.017 0.001
1047 736 1693 957 29.831 0.000 29.831 0.017 0.001
1048 736 1693 957 25.784 0.000 25.784 0.017 0.001
1049 736 1693 957 21.493 0.000 21.493 0.017 0.001
1050 736 1693 957 17.863 0.000 17.863 0.017 0.001
1051 444 1693 1249 14.854 0.000 14.854 0.017 0.001
1052 444 1693 1249 11.653 0.000 11.653 0.017 0.001
1053 433 1693 1260 9.289 0.000 9.289 0.017 0.001
1054 433 1693 1260 7.320 0.000 7.320 0.017 0.002
1055 255 1693 1438 5.034 0.000 5.034 0.017 0.002
1056 255 1693 1438 3.645 0.000 3.645 0.017 0.002
1057 255 1693 1438 2.401 0.000 2.401 0.017 0.002
1058 255 1693 1438 1.533 0.000 1.533 0.017 0.002
1059 255 1693 1438 0.928 0.000 0.928 0.017 0.002
1060 233 1693 1460 0.518 0.000 0.518 0.033 0.002
1061 233 1693 1460 0.357 0.000 0.357 0.033 0.002
1062 233 1693 1460 0.274 0.000 0.274 0.033 0.002
1063 233 1693 1460 0.231 0.000 0.231 0.033 0.002
1064 233 1693 1460 0.216 0.000 0.216 0.033 0.002
1065 233 1693 1460 0.173 0.000 0.173 0.033 0.002
1066 233 1693 1460 0.182 0.000 0.182 0.033 0.002
1067 233 1693 1460 0.199 0.000 0.199 0.033 0.002
1068 233 1693 1460 0.207 0.000 0.207 0.033 0.002
1069 233 1693 1460 0.286 0.000 0.286 0.033 0.002
1070 272 1693 1421 0.443 0.000 0.443 0.033 0.002
1071 288 1693 1405 0.653 0.000 0.653 0.033 0.002
1072 288 1693 1405 1.015 0.000 1.015 0.033 0.002
1073 356 1693 1337 1.789 0.000 1.789 0.033 0.002
1074 356 1693 1337 2.785 0.000 2.785 0.033 0.002
1075 356 1693 1337 4.166 0.000 4.166 0.033 0.002
1076 356 1693 1337 6.066 0.000 6.066 0.033 0.002
1077 356 1693 1337 8.535 0.000 8.535 0.033 0.002
1078 418 1693 1275 11.659 0.000 11.659 0.033 0.002
1079 444 1693 1249 15.453 0.000 15.453 0.033 0.002
1080 486 1693 1207 19.742 0.000 19.742 0.033 0.002
1081 583 1693 1110 24.216 0.000 24.216 0.033 0.002
1082 634 1693 1059 30.216 0.000 30.216 0.033 0.002
1083 634 1693 1059 36.924 0.000 36.924 0.033 0.002
1084 634 1693 1059 44.586 0.000 44.586 0.033 0.002
1085 634 1693 1059 53.063 0.000 53.063 0.033 0.002
1086 634 1693 1059 62.706 0.000 62.706 0.033 0.002
1087 651 1693 1042 73.743 0.000 73.743 0.033 0.002
1088 660 1693 1033 83.037 0.000 83.037 0.033 0.002
1089 838 1693 855 96.752 0.000 96.752 0.033 0.002
1090 838 1693 855 108.341 0.000 108.341 0.033 0.002
1091 847 1693 846 121.120 0.000 121.120 0.033 0.002
1092 847 1693 846 135.954 0.000 135.954 0.033 0.002
1093 929 1693 764 150.575 0.000 150.575 0.033 0.002
1094 1062 1693 631 169.745 0.000 169.745 0.050 0.002
1095 1117 1693 576 186.155 0.000 186.155 0.050 0.002
1096 1200 1693 493 203.853 0.000 203.853 0.033 0.002
1097 1431 1693 262 224.435 0.000 224.435 0.033 0.002
1098 1633 1693 60 242.674 0.000 242.674 0.050 0.002
1099 1633 1693 60 262.717 0.000 262.717 0.050 0.002
1100 1951 1693 258 283.236 0.000 283.236 0.050 0.002
1101 2193 1693 500 309.835 0.000 309.835 0.050 0.002
1102 2193 1693 500 336.475 0.000 336.475 0.050 0.002
1103 2193 1693 500 357.807 0.000 357.807 0.050 0.002
1104 2193 1693 500 381.570 0.000 381.570 0.050 0.002
1105 2193 1693 500 400.938 0.000 400.938 0.050 0.002
1106 2193 1693 500 420.407 0.000 420.407 0.050 0.002
1107 2193 1693 500 440.407 0.000 440.407 0.050 0.002
1108 2193 1693 500 457.486 0.000 457.486 0.050 0.002
1109 2193 1693 500 475.500 0.000 475.500 0.050 0.002
1110 2193 1693 500 492.138 0.000 492.138 0.050 0.002
1111 2193 1693 500 507.049 0.000 507.049 0.050 0.002
1112 2193 1693 500 521.079 0.000 521.079 0.050 0.002
1113 2193 1693 500 536.898 0.000 536.898 0.050 0.002
1114 2193 1693 500 551.687 0.000 551.687 0.050 0.002
1115 2193 1693 500 568.399 0.000 568.399 0.050 0.002
1116 2193 1693 500 582.591 0.000 582.591 0.050 0.002
1117 2193 1693 500 595.269 0.000 595.269 0.050 0.002
1118 2193 1693 500 607.690 0.000 607.690 0.050 0.002
1119 2193 1693 500 619.993 0.000 619.993 0.050 0.002
1120 2193 1693 500 632.504 0.000 632.504 0.033 0.002
1121 2193 1693 500 644.965 0.000 644.965 0.033 0.002
1122 2193 1693 500 656.079 0.000 656.079 0.033 0.002
1123 2193 1693 500 667.286 0.000 667.286 0.033 0.002
1124 2193 1693 500 677.943 0.000 677.943 0.033 0.002
1125 2193 1693 500 691.726 0.000 691.726 0.033 0.002
1126 2193 1693 500 703.478 0.000 703.478 0.033 0.002
1127 2193 1693 500 714.846 0.000 714.846 0.033 0.002
1128 2193 1693 500 725.097 0.000 725.097 0.033 0.002
1129 2193 1693 500 736.337 0.000 736.337 0.033 0.002
1130 2193 1693 500 747.464 0.000 747.464 0.033 0.002
1131 2193 1693 500 758.972 0.000 758.972 0.033 0.002
1132 2193 1693 500 770.392 0.000 770.392 0.033 0.002
1133 2193 1693 500 783.041 0.000 783.041 0.033 0.002
1134 2193 1693 500 793.172 0.000 793.172 0.033 0.002
1135 2193 1693 500 804.090 0.000 804.090 0.033 0.002
1136 2193 1693 500 814.754 0.000 814.754 0.033 0.002
1137 2193 1693 500 825.069 0.000 825.069 0.033 0.002
1138 2193 1693 500 835.128 0.000 835.128 0.033 0.002
1139 2193 1693 500 844.374 0.000 844.374 0.033 0.002
1140 2193 1693 500 853.180 0.000 853.180 0.033 0.002
1141 2193 1693 500 861.212 0.000 861.212 0.033 0.002
1142 2193 1693 500 870.330 0.000 870.330 0.033 0.002
1143 2193 1693 500 879.018 0.000 879.018 0.033 0.002
1144 2193 1693 500 887.466 0.000 887.466 0.033 0.002
1145 2193 1693 500 895.499 0.000 895.499 0.033 0.002
1146 2193 1693 500 903.854 0.000 903.854 0.033 0.002
1147 2193 1693 500 912.107 0.000 912.107 0.033 0.002
1148 2193 1693 500 917.921 0.000 917.921 0.033 0.002
1149 2193 1693 500 924.849 0.000 924.849 0.033 0.002
1150 2193 1693 500 930.128 0.000 930.128 0.033 0.002
1151 2193 1693 500 934.999 0.000 934.999 0.033 0.002
1152 2193 1693 500 940.672 0.000 940.672 0.033 0.002
1153 2193 1693 500 943.805 0.000 943.805 0.033 0.002
1154 2193 1693 500 948.658 0.000 948.658 0.017 0.002
1155 2193 1693 500 950.990 0.000 950.990 0.017 0.002
1156 2193 1693 500 951.475 0.000 951.475 0.017 0.002
1157 2193 1693 500 951.596 0.000 951.596 0.017 0.002
1158 2193 1693 500 949.680 0.000 949.680 0.017 0.002
1159 2193 1693 500 948.415 0.000 948.415 0.017 0.002
1160 2193 1693 500 943.389 0.000 943.389 0.017 0.002
1161 2182 1693 489 937.750 0.000 937.750 0.017 0.002
1162 2095 1693 402 928.178 0.000 928.178 0.017 0.002
1163 1830 1693 137 920.913 0.000 920.913 0.017 0.002
1164 1441 1693 252 910.595 0.000 910.595 0.017 0.002
1165 1422 1693 271 902.962 0.000 902.962 0.017 0.002
1166 1422 1693 271 893.747 0.000 893.747 0.017 0.001
1167 1422 1693 271 884.601 0.000 884.601 0.017 0.001
1168 1422 1693 271 873.948 0.000 873.948 0.017 0.001
1169 1422 1693 271 863.146 0.000 863.146 0.017 0.001
1170 1422 1693 271 848.672 0.000 848.672 0.017 0.001
1171 1422 1693 271 833.412 0.000 833.412 0.017 0.001
1172 1422 1693 271 818.986 0.000 818.986 0.017 0.001
1173 1422 1693 271 801.084 0.000 801.084 0.017 0.001
1174 1422 1693 271 783.648 0.000 783.648 0.017 0.001
1175 1422 1693 271 761.506 0.000 761.506 0.017 0.000
1176 1422 1693 271 739.413 0.000 739.413 0.017 0.000
1177 1422 1693 271 718.145 0.000 718.145 0.017 0.000
1178 1422 1693 271 699.133 0.000 699.133 0.017 0.000
1179 1422 1693 271 674.385 0.000 674.385 0.017 0.000
1180 1422 1693 271 653.214 0.000 653.214 0.017 0.000
1181 1422 1693 271 627.876 0.000 627.876 0.017 0.000
1182 1422 1693 271 603.059 0.000 603.059 0.017 0.000
1183 1422 1693 271 577.630 0.000 577.630 0.017 0.000
1184 1422 1693 271 551.705 0.000 551.705 0.017 0.000
1185 1422 1693 271 524.257 0.000 524.257 0.017 0.000
1186 1417 1693 276 500.377 0.000 500.377 0.017 0.000
1187 1417 1693 276 476.689 0.000 476.689 0.017 0.000
1188 1417 1693 276 453.761 0.000 453.761 0.017 0.000
1189 1417 1693 276 433.017 0.000 433.017 0.017 0.000
1190 1304 1693 389 412.098 0.000 412.098 0.017 0.000
1191 1304 1693 389 392.010 0.000 392.010 0.017 0.000
1192 1286 1693 407 372.413 0.000 372.413 0.017 0.000
1193 1283 1693 410 352.078 0.000 352.078 0.017 0.000
1194 1283 1693 410 334.603 0.000 334.603 0.017 0.000
1195 1233 1693 460 315.019 0.000 315.019 0.017 0.000
1196 1168 1693 525 294.890 0.000 294.890 0.017 0.000
1197 1147 1693 546 278.090 0.000 278.090 0.017 0.000
1198 1147 1693 546 262.381 0.000 262.381 0.017 0.000
1199 1145 1693 548 249.051 0.000 249.051 0.017 0.000
