1 449 449 0 262.041 0.000 262.041 7.000 1.443
2 449 449 0 275.567 0.000 275.567 3.500 0.736
3 518 518 0 295.202 0.000 295.202 2.667 0.503
4 518 518 0 310.022 0.000 310.022 2.000 0.388
5 780 780 0 322.483 0.000 322.483 1.600 0.316
6 780 780 0 342.619 0.000 342.619 1.667 0.271
7 780 780 0 354.499 0.000 354.499 1.429 0.236
8 780 780 0 372.663 0.000 372.663 1.250 0.212
9 831 831 0 393.258 0.000 393.258 1.444 0.192
10 1102 1102 0 414.651 0.000 414.651 1.400 0.177
11 1279 1279 0 435.503 0.000 435.503 1.727 0.164
12 1763 1763 0 458.789 0.000 458.789 2.083 0.153
13 1930 1930 0 487.411 0.000 487.411 2.231 0.144
14 2216 2216 0 514.429 0.000 514.429 2.429 0.136
15 2514 2490 24 540.908 0.000 540.908 2.533 0.129
16 2723 2680 43 574.323 0.000 574.323 2.688 0.123
17 2800 2766 34 601.010 0.000 601.010 2.706 0.117
18 2967 2932 35 628.046 0.000 628.046 2.778 0.112
19 2967 2932 35 661.160 0.000 661.160 2.632 0.108
20 2967 2932 35 682.067 0.000 682.067 2.500 0.104
21 2967 2932 35 714.929 0.000 714.929 2.381 0.101
22 2967 2932 35 737.634 0.000 737.634 2.273 0.097
23 2967 2932 35 758.735 0.000 758.735 2.174 0.095
24 3096 3072 24 775.961 0.000 775.961 2.250 0.092
25 3385 3342 43 793.693 0.000 793.693 2.280 0.090
26 3423 3423 0 811.681 0.000 811.681 2.231 0.087
27 3511 3511 0 825.216 0.000 825.216 2.222 0.085
28 3665 3665 0 837.000 0.000 837.000 2.250 0.083
29 3665 3665 0 851.355 0.000 851.355 2.172 0.082
30 3665 3665 0 863.081 0.000 863.081 2.100 0.080
31 3665 3665 0 867.382 0.000 867.382 2.032 0.078
32 3665 3665 0 870.498 0.000 870.498 1.969 0.077
33 3665 3665 0 874.336 0.000 874.336 1.909 0.075
34 3665 3665 0 877.509 0.000 877.509 1.853 0.074
35 3665 3665 0 880.789 0.000 880.789 1.800 0.072
36 3665 3665 0 884.497 0.000 884.497 1.750 0.071
37 3665 3665 0 888.320 0.000 888.320 1.703 0.070
38 3665 3665 0 891.373 0.000 891.373 1.658 0.069
39 3665 3665 0 894.395 0.000 894.395 1.615 0.067
40 3665 3665 0 897.334 0.000 897.334 1.575 0.066
41 3665 3665 0 900.331 0.000 900.331 1.537 0.065
42 3665 3665 0 903.876 0.000 903.876 1.500 0.064
43 3665 3665 0 906.444 0.000 906.444 1.465 0.063
44 3665 3665 0 909.812 0.000 909.812 1.432 0.062
45 3665 3665 0 912.222 0.000 912.222 1.400 0.061
46 3665 3665 0 914.294 0.000 914.294 1.370 0.060
47 3665 3665 0 916.427 0.000 916.427 1.340 0.059
48 3665 3665 0 918.904 0.000 918.904 1.313 0.058
49 3665 3665 0 920.803 0.000 920.803 1.286 0.057
50 3665 3665 0 922.582 0.000 922.582 1.260 0.056
51 3665 3665 0 924.230 0.000 924.230 1.235 0.055
52 3665 3665 0 925.737 0.000 925.737 1.212 0.054
53 3665 3665 0 926.925 0.000 926.925 1.189 0.053
54 3665 3665 0 928.131 0.000 928.131 1.167 0.052
55 3665 3665 0 928.941 0.000 928.941 1.145 0.051
56 3665 3665 0 929.616 0.000 929.616 1.125 0.050
57 3665 3665 0 930.079 0.000 930.079 1.105 0.049
58 3665 3665 0 930.539 0.000 930.539 1.086 0.049
59 3665 3665 0 930.808 0.000 930.808 1.068 0.048
60 3665 3665 0 931.016 0.000 931.016 1.050 0.047
61 3665 3665 0 939.580 0.000 939.580 1.033 0.023
62 3665 3665 0 946.609 0.000 946.609 1.017 0.022
63 3665 3665 0 955.422 0.000 955.422 1.017 0.022
64 3665 3665 0 965.230 0.000 965.230 1.000 0.021
65 3665 3665 0 971.887 0.000 971.887 1.000 0.021
66 3665 3665 0 982.038 0.000 982.038 0.967 0.020
67 3665 3665 0 988.676 0.000 988.676 0.950 0.019
68 3665 3665 0 997.601 0.000 997.601 0.933 0.019
69 3665 3665 0 1004.808 0.000 1004.808 0.833 0.018
70 3665 3665 0 1011.829 0.000 1011.829 0.817 0.017
71 3665 3665 0 1017.392 0.000 1017.392 0.733 0.017
72 3665 3665 0 1021.377 0.000 1021.377 0.633 0.016
73 3665 3665 0 1023.488 0.000 1023.488 0.567 0.016
74 3665 3665 0 1024.929 0.000 1024.929 0.483 0.015
75 3665 3665 0 1022.446 0.000 1022.446 0.417 0.015
76 3665 3665 0 1018.197 0.000 1018.197 0.333 0.014
77 3665 3665 0 1014.172 0.000 1014.172 0.283 0.014
78 3665 3665 0 1009.345 0.000 1009.345 0.217 0.013
79 3665 3665 0 1001.835 0.000 1001.835 0.217 0.013
80 3665 3665 0 994.877 0.000 994.877 0.217 0.012
81 3665 3665 0 983.387 0.000 983.387 0.217 0.012
82 3665 3665 0 973.982 0.000 973.982 0.217 0.011
83 3665 3665 0 963.752 0.000 963.752 0.217 0.011
84 3665 3665 0 953.583 0.000 953.583 0.150 0.010
85 3665 3665 0 939.321 0.000 939.321 0.150 0.010
86 3665 3665 0 924.148 0.000 924.148 0.150 0.009
87 3665 3665 0 909.666 0.000 909.666 0.133 0.009
88 3624 3665 41 894.096 0.000 894.096 0.133 0.008
89 2989 2989 0 874.290 0.000 874.290 0.133 0.008
90 2179 2203 24 855.437 0.000 855.437 0.250 0.007
91 1515 1515 0 841.532 0.000 841.532 0.333 0.007
92 1515 1515 0 828.673 0.000 828.673 0.333 0.007
93 1515 1515 0 810.807 0.000 810.807 0.333 0.006
94 1515 1515 0 794.061 0.000 794.061 0.333 0.006
95 1515 1515 0 774.286 0.000 774.286 0.333 0.005
96 1515 1515 0 751.929 0.000 751.929 0.333 0.005
97 1515 1515 0 727.084 0.000 727.084 0.333 0.004
98 1515 1515 0 704.628 0.000 704.628 0.333 0.004
99 1515 1515 0 677.836 0.000 677.836 0.333 0.004
100 1515 1515 0 653.717 0.000 653.717 0.333 0.004
101 1515 1515 0 629.746 0.000 629.746 0.333 0.004
102 1515 1515 0 602.669 0.000 602.669 0.333 0.004
103 1515 1515 0 577.163 0.000 577.163 0.333 0.004
104 1515 1515 0 550.821 0.000 550.821 0.333 0.004
105 1515 1515 0 529.506 0.000 529.506 0.333 0.004
106 1515 1515 0 505.528 0.000 505.528 0.333 0.004
107 1515 1515 0 482.109 0.000 482.109 0.333 0.004
108 1515 1515 0 457.620 0.000 457.620 0.333 0.004
109 1515 1515 0 434.680 0.000 434.680 0.333 0.004
110 1273 1303 30 411.801 0.000 411.801 0.350 0.004
111 1220 1235 15 389.751 0.000 389.751 0.350 0.005
112 1211 1235 24 368.763 0.000 368.763 0.350 0.005
113 1211 1235 24 348.594 0.000 348.594 0.350 0.005
114 1208 1232 24 329.401 0.000 329.401 0.350 0.006
115 1208 1232 24 310.486 0.000 310.486 0.350 0.006
116 1208 1232 24 294.432 0.000 294.432 0.383 0.006
117 1208 1232 24 279.832 0.000 279.832 0.383 0.007
118 1208 1232 24 265.510 0.000 265.510 0.383 0.007
119 1208 1232 24 251.916 0.000 251.916 0.383 0.007
120 1208 1232 24 237.727 0.000 237.727 0.383 0.008
121 1208 1232 24 223.831 0.000 223.831 0.383 0.008
122 1208 1232 24 209.453 0.000 209.453 0.400 0.008
123 1064 1082 18 196.906 0.000 196.906 0.400 0.009
124 1048 1082 34 188.462 0.000 188.462 0.400 0.009
125 1040 1082 42 177.574 0.000 177.574 0.400 0.009
126 1040 1082 42 167.679 0.000 167.679 0.400 0.010
127 1018 1021 3 157.621 0.000 157.621 0.400 0.010
128 1018 1021 3 148.130 0.000 148.130 0.400 0.011
129 1018 1021 3 140.094 0.000 140.094 0.400 0.011
130 1018 1021 3 132.099 0.000 132.099 0.400 0.011
131 1018 1021 3 124.631 0.000 124.631 0.400 0.012
132 1018 1021 3 118.434 0.000 118.434 0.400 0.012
133 964 994 30 111.388 0.000 111.388 0.433 0.012
134 964 994 30 105.327 0.000 105.327 0.433 0.012
135 964 994 30 96.826 0.000 96.826 0.433 0.013
136 964 994 30 87.857 0.000 87.857 0.433 0.013
137 964 994 30 80.881 0.000 80.881 0.433 0.013
138 905 905 0 75.483 0.000 75.483 0.433 0.014
139 905 905 0 69.888 0.000 69.888 0.433 0.014
140 905 905 0 63.544 0.000 63.544 0.483 0.014
141 733 780 47 57.779 0.000 57.779 0.483 0.015
142 733 780 47 52.471 0.000 52.471 0.500 0.015
143 733 780 47 47.517 0.000 47.517 0.500 0.015
144 733 780 47 43.450 0.000 43.450 0.500 0.016
145 733 780 47 38.409 0.000 38.409 0.500 0.016
146 733 780 47 33.630 0.000 33.630 0.500 0.016
147 686 718 32 28.864 0.000 28.864 0.533 0.017
148 686 718 32 24.858 0.000 24.858 0.533 0.017
149 509 512 3 20.640 0.000 20.640 0.450 0.018
150 509 512 3 17.161 0.000 17.161 0.333 0.018
151 509 512 3 14.366 0.000 14.366 0.350 0.019
152 494 512 18 11.937 0.000 11.937 0.367 0.019
153 414 460 46 9.226 0.000 9.226 0.400 0.020
154 414 460 46 7.329 0.000 7.329 0.400 0.020
155 414 460 46 5.498 0.000 5.498 0.467 0.021
156 298 302 4 3.826 0.000 3.826 0.467 0.021
157 277 285 8 2.564 0.000 2.564 0.467 0.022
158 240 285 45 1.580 0.000 1.580 0.467 0.022
159 240 285 45 0.952 0.000 0.952 0.467 0.023
160 240 285 45 0.565 0.000 0.565 0.467 0.023
161 234 234 0 0.290 0.000 0.290 0.467 0.023
162 234 234 0 0.187 0.000 0.187 0.483 0.023
163 234 234 0 0.155 0.000 0.155 0.450 0.023
164 234 234 0 0.097 0.000 0.097 0.450 0.022
165 197 230 33 0.046 0.000 0.046 0.450 0.022
166 197 230 33 0.053 0.000 0.053 0.433 0.022
167 197 230 33 0.057 0.000 0.057 0.433 0.022
168 197 230 33 0.133 0.000 0.133 0.433 0.021
169 234 230 4 0.256 0.000 0.256 0.433 0.021
170 234 230 4 0.425 0.000 0.425 0.450 0.021
171 234 230 4 0.575 0.000 0.575 0.450 0.021
172 234 230 4 0.983 0.000 0.983 0.433 0.021
173 234 230 4 1.515 0.000 1.515 0.433 0.021
174 264 264 0 2.601 0.000 2.601 0.433 0.021
175 264 264 0 3.689 0.000 3.689 0.433 0.021
176 356 356 0 5.820 0.000 5.820 0.433 0.021
177 392 356 36 8.658 0.000 8.658 0.433 0.022
178 400 400 0 11.454 0.000 11.454 0.450 0.022
179 400 400 0 15.051 0.000 15.051 0.467 0.022
180 496 496 0 20.059 0.000 20.059 0.467 0.022
181 496 496 0 26.214 0.000 26.214 0.500 0.023
182 496 496 0 32.584 0.000 32.584 0.533 0.023
183 580 580 0 40.391 0.000 40.391 0.517 0.023
184 598 593 5 49.146 0.000 49.146 0.533 0.023
185 618 593 25 57.287 0.000 57.287 0.533 0.024
186 618 610 8 66.388 0.000 66.388 0.550 0.024
187 618 610 8 76.024 0.000 76.024 0.583 0.024
188 723 661 62 87.892 0.000 87.892 0.583 0.024
189 1188 1185 3 102.758 0.000 102.758 0.700 0.024
190 1221 1221 0 119.258 0.000 119.258 0.717 0.024
191 1364 1313 51 135.409 0.000 135.409 0.783 0.025
192 1364 1313 51 146.997 0.000 146.997 0.783 0.025
193 1364 1313 51 162.270 0.000 162.270 0.783 0.025
194 1364 1313 51 179.609 0.000 179.609 0.783 0.025
195 1364 1313 51 199.759 0.000 199.759 0.783 0.025
196 1364 1313 51 218.819 0.000 218.819 0.783 0.025
197 1397 1347 50 239.681 0.000 239.681 0.783 0.026
198 1397 1347 50 258.424 0.000 258.424 0.767 0.026
199 1631 1594 37 279.393 0.000 279.393 0.833 0.026
200 1719 1704 15 303.872 0.000 303.872 0.867 0.026
201 1854 1852 2 327.343 0.000 327.343 0.800 0.026
202 1854 1852 2 349.762 0.000 349.762 0.783 0.026
203 1854 1852 2 369.079 0.000 369.079 0.783 0.026
204 1854 1852 2 388.214 0.000 388.214 0.783 0.026
205 1854 1852 2 407.575 0.000 407.575 0.783 0.027
206 1854 1852 2 425.338 0.000 425.338 0.783 0.027
207 1854 1852 2 443.205 0.000 443.205 0.750 0.027
208 1854 1852 2 460.738 0.000 460.738 0.733 0.027
209 1854 1852 2 479.000 0.000 479.000 0.717 0.027
210 1854 1852 2 494.009 0.000 494.009 0.700 0.026
211 1854 1852 2 509.736 0.000 509.736 0.683 0.026
212 1854 1852 2 524.611 0.000 524.611 0.683 0.026
213 1854 1852 2 540.803 0.000 540.803 0.650 0.026
214 1854 1852 2 554.109 0.000 554.109 0.633 0.026
215 1854 1852 2 569.623 0.000 569.623 0.617 0.026
216 1854 1852 2 583.293 0.000 583.293 0.583 0.026
217 1854 1852 2 597.668 0.000 597.668 0.583 0.026
218 1854 1852 2 610.239 0.000 610.239 0.583 0.026
219 1854 1852 2 624.776 0.000 624.776 0.583 0.025
220 1854 1852 2 637.066 0.000 637.066 0.583 0.025
221 1854 1852 2 650.901 0.000 650.901 0.583 0.025
222 1854 1852 2 662.905 0.000 662.905 0.583 0.026
223 1854 1852 2 676.325 0.000 676.325 0.583 0.026
224 1854 1852 2 687.232 0.000 687.232 0.583 0.026
225 1854 1852 2 699.338 0.000 699.338 0.583 0.026
226 1854 1852 2 707.484 0.000 707.484 0.583 0.026
227 1854 1852 2 717.806 0.000 717.806 0.583 0.026
228 1854 1852 2 727.918 0.000 727.918 0.583 0.027
229 1854 1852 2 739.454 0.000 739.454 0.583 0.027
230 1854 1852 2 751.293 0.000 751.293 0.567 0.027
231 1854 1852 2 762.508 0.000 762.508 0.567 0.026
232 1854 1852 2 772.804 0.000 772.804 0.567 0.026
233 1854 1852 2 782.056 0.000 782.056 0.567 0.026
234 1854 1852 2 792.388 0.000 792.388 0.550 0.025
235 1854 1852 2 800.715 0.000 800.715 0.550 0.025
236 1854 1852 2 810.502 0.000 810.502 0.533 0.025
237 1854 1852 2 821.506 0.000 821.506 0.533 0.024
238 1854 1852 2 829.931 0.000 829.931 0.500 0.023
239 1854 1852 2 838.567 0.000 838.567 0.483 0.023
240 1854 1852 2 848.292 0.000 848.292 0.450 0.022
241 1854 1852 2 858.977 0.000 858.977 0.417 0.021
242 1854 1852 2 868.233 0.000 868.233 0.383 0.021
243 1854 1852 2 877.829 0.000 877.829 0.383 0.020
244 1854 1852 2 887.430 0.000 887.430 0.367 0.020
245 1854 1852 2 895.249 0.000 895.249 0.367 0.019
246 1854 1852 2 902.608 0.000 902.608 0.350 0.019
247 1854 1852 2 909.632 0.000 909.632 0.350 0.018
248 1854 1852 2 916.892 0.000 916.892 0.317 0.018
249 1854 1852 2 922.826 0.000 922.826 0.283 0.017
250 1854 1852 2 928.799 0.000 928.799 0.250 0.016
251 1854 1852 2 933.177 0.000 933.177 0.250 0.016
252 1854 1852 2 936.701 0.000 936.701 0.233 0.015
253 1854 1852 2 939.544 0.000 939.544 0.217 0.015
254 1854 1852 2 943.573 0.000 943.573 0.200 0.015
255 1854 1852 2 945.369 0.000 945.369 0.200 0.014
256 1854 1852 2 945.709 0.000 945.709 0.200 0.014
257 1854 1852 2 945.760 0.000 945.760 0.183 0.013
258 1854 1852 2 944.936 0.000 944.936 0.183 0.013
259 1854 1852 2 943.124 0.000 943.124 0.183 0.012
260 1854 1852 2 937.716 0.000 937.716 0.167 0.012
261 1632 1632 0 930.925 0.000 930.925 0.167 0.011
262 1632 1632 0 924.186 0.000 924.186 0.167 0.011
263 1535 1535 0 918.894 0.000 918.894 0.167 0.010
264 1535 1535 0 912.958 0.000 912.958 0.167 0.010
265 1535 1535 0 906.427 0.000 906.427 0.150 0.009
266 1535 1535 0 899.336 0.000 899.336 0.150 0.009
267 1535 1535 0 890.601 0.000 890.601 0.150 0.008
268 1427 1427 0 879.675 0.000 879.675 0.167 0.008
269 1427 1427 0 867.209 0.000 867.209 0.167 0.008
270 1427 1427 0 853.924 0.000 853.924 0.167 0.007
271 1427 1427 0 838.054 0.000 838.054 0.167 0.007
272 1427 1427 0 822.290 0.000 822.290 0.167 0.006
273 1427 1427 0 803.490 0.000 803.490 0.167 0.006
274 1427 1427 0 786.461 0.000 786.461 0.167 0.006
275 1427 1427 0 765.206 0.000 765.206 0.167 0.005
276 1427 1427 0 742.354 0.000 742.354 0.167 0.005
277 1427 1427 0 718.291 0.000 718.291 0.167 0.004
278 1427 1427 0 695.025 0.000 695.025 0.167 0.004
279 1427 1427 0 671.004 0.000 671.004 0.167 0.004
280 1427 1427 0 646.452 0.000 646.452 0.167 0.004
281 1365 1427 62 619.524 0.000 619.524 0.167 0.004
282 1365 1427 62 592.278 0.000 592.278 0.167 0.004
283 1365 1427 62 564.933 0.000 564.933 0.167 0.003
284 1316 1337 21 540.875 0.000 540.875 0.167 0.004
285 1316 1337 21 514.582 0.000 514.582 0.167 0.004
286 1316 1337 21 490.705 0.000 490.705 0.167 0.004
287 1316 1337 21 466.348 0.000 466.348 0.167 0.004
288 1316 1337 21 444.092 0.000 444.092 0.167 0.004
289 1309 1261 48 423.325 0.000 423.325 0.167 0.004
290 1257 1261 4 398.662 0.000 398.662 0.167 0.004
291 1257 1261 4 377.845 0.000 377.845 0.167 0.005
292 1257 1257 0 360.230 0.000 360.230 0.167 0.005
293 1251 1251 0 342.019 0.000 342.019 0.167 0.005
294 1251 1251 0 323.051 0.000 323.051 0.167 0.005
295 1251 1251 0 303.143 0.000 303.143 0.167 0.006
296 1251 1251 0 286.463 0.000 286.463 0.167 0.006
297 1213 1241 28 270.988 0.000 270.988 0.167 0.006
298 1213 1241 28 257.010 0.000 257.010 0.167 0.007
299 1181 1184 3 244.390 0.000 244.390 0.167 0.007
300 1181 1184 3 231.057 0.000 231.057 0.183 0.007
301 1181 1184 3 217.753 0.000 217.753 0.183 0.008
302 1181 1184 3 206.341 0.000 206.341 0.183 0.008
303 1181 1184 3 192.956 0.000 192.956 0.200 0.008
304 1181 1184 3 180.674 0.000 180.674 0.217 0.009
305 1181 1184 3 170.681 0.000 170.681 0.217 0.009
306 1181 1184 3 161.187 0.000 161.187 0.217 0.009
307 1027 1027 0 151.634 0.000 151.634 0.217 0.010
308 1027 1027 0 143.888 0.000 143.888 0.233 0.010
309 1027 1027 0 135.405 0.000 135.405 0.250 0.010
310 1027 1027 0 128.074 0.000 128.074 0.250 0.010
311 1027 1027 0 120.888 0.000 120.888 0.250 0.011
312 1027 1027 0 112.701 0.000 112.701 0.250 0.011
313 1027 1027 0 105.461 0.000 105.461 0.250 0.011
314 1027 1027 0 99.339 0.000 99.339 0.267 0.012
315 1027 1027 0 93.160 0.000 93.160 0.267 0.012
316 1018 1027 9 85.222 0.000 85.222 0.300 0.012
317 910 910 0 79.495 0.000 79.495 0.333 0.013
318 857 857 0 72.969 0.000 72.969 0.333 0.013
319 857 857 0 67.306 0.000 67.306 0.333 0.013
320 857 857 0 61.079 0.000 61.079 0.350 0.013
321 857 857 0 55.973 0.000 55.973 0.350 0.014
322 856 857 1 50.145 0.000 50.145 0.333 0.014
323 715 775 60 45.433 0.000 45.433 0.333 0.014
324 715 775 60 40.984 0.000 40.984 0.333 0.015
325 630 637 7 36.745 0.000 36.745 0.333 0.015
326 564 584 20 33.026 0.000 33.026 0.333 0.016
327 513 516 3 29.307 0.000 29.307 0.350 0.016
328 506 513 7 25.683 0.000 25.683 0.350 0.016
329 452 513 61 21.732 0.000 21.732 0.400 0.017
330 452 513 61 18.425 0.000 18.425 0.400 0.017
331 452 513 61 15.048 0.000 15.048 0.400 0.018
332 452 498 46 12.029 0.000 12.029 0.383 0.019
333 452 498 46 9.159 0.000 9.159 0.383 0.019
334 387 387 0 6.943 0.000 6.943 0.383 0.020
335 333 333 0 4.982 0.000 4.982 0.383 0.020
336 333 333 0 3.300 0.000 3.300 0.400 0.021
337 208 249 41 2.042 0.000 2.042 0.400 0.021
338 208 249 41 1.256 0.000 1.256 0.433 0.022
339 170 198 28 0.720 0.000 0.720 0.450 0.022
340 161 198 37 0.541 0.000 0.541 0.417 0.022
341 161 198 37 0.414 0.000 0.414 0.417 0.022
342 161 198 37 0.257 0.000 0.257 0.433 0.022
343 152 188 36 0.203 0.000 0.203 0.433 0.022
344 152 188 36 0.174 0.000 0.174 0.433 0.022
345 152 188 36 0.160 0.000 0.160 0.433 0.022
346 194 194 0 0.193 0.000 0.193 0.417 0.022
347 194 194 0 0.211 0.000 0.211 0.417 0.021
348 237 237 0 0.258 0.000 0.258 0.417 0.021
349 237 237 0 0.324 0.000 0.324 0.417 0.021
350 237 237 0 0.405 0.000 0.405 0.417 0.021
351 237 237 0 0.580 0.000 0.580 0.417 0.020
352 306 306 0 0.990 0.000 0.990 0.417 0.021
353 327 327 0 1.461 0.000 1.461 0.417 0.021
354 379 379 0 2.421 0.000 2.421 0.417 0.021
355 379 379 0 3.677 0.000 3.677 0.433 0.021
356 468 468 0 5.960 0.000 5.960 0.433 0.021
357 468 468 0 9.004 0.000 9.004 0.467 0.021
358 468 468 0 12.262 0.000 12.262 0.467 0.022
359 468 468 0 16.040 0.000 16.040 0.500 0.022
360 468 468 0 20.068 0.000 20.068 0.500 0.022
361 497 497 0 24.938 0.000 24.938 0.550 0.023
362 497 497 0 30.350 0.000 30.350 0.550 0.023
363 499 499 0 36.783 0.000 36.783 0.550 0.023
364 561 561 0 43.941 0.000 43.941 0.550 0.023
365 563 561 2 52.205 0.000 52.205 0.550 0.023
366 668 668 0 60.891 0.000 60.891 0.567 0.023
367 668 668 0 72.614 0.000 72.614 0.617 0.024
368 668 668 0 83.293 0.000 83.293 0.617 0.024
369 758 758 0 93.581 0.000 93.581 0.617 0.024
370 758 758 0 107.875 0.000 107.875 0.617 0.024
371 803 758 45 120.524 0.000 120.524 0.683 0.024
372 1003 1000 3 136.469 0.000 136.469 0.683 0.025
373 1003 1000 3 152.277 0.000 152.277 0.683 0.025
374 1003 1000 3 169.444 0.000 169.444 0.700 0.025
375 1241 1221 20 187.116 0.000 187.116 0.833 0.025
376 1241 1221 20 204.344 0.000 204.344 0.817 0.026
377 1241 1221 20 222.458 0.000 222.458 0.817 0.026
378 1617 1617 0 244.783 0.000 244.783 0.900 0.026
379 2229 2229 0 267.236 0.000 267.236 0.967 0.026
380 2667 2647 20 297.117 0.000 297.117 1.100 0.027
381 2790 2790 0 326.853 0.000 326.853 1.150 0.027
382 2986 2969 17 357.356 0.000 357.356 1.233 0.027
383 3004 2969 35 389.604 0.000 389.604 1.217 0.027
384 3004 2969 35 416.581 0.000 416.581 1.217 0.027
385 3004 2969 35 445.268 0.000 445.268 1.200 0.027
386 3004 2969 35 467.175 0.000 467.175 1.183 0.027
387 3004 2969 35 493.010 0.000 493.010 1.183 0.027
388 3004 2969 35 517.233 0.000 517.233 1.183 0.028
389 3004 2969 35 535.545 0.000 535.545 1.167 0.027
390 3004 2969 35 551.924 0.000 551.924 1.167 0.027
391 3004 2969 35 566.650 0.000 566.650 1.117 0.027
392 3004 2969 35 581.128 0.000 581.128 1.100 0.027
393 3004 2969 35 596.669 0.000 596.669 1.100 0.027
394 3004 2969 35 609.906 0.000 609.906 1.083 0.027
395 3004 2969 35 623.578 0.000 623.578 1.067 0.026
396 3004 2969 35 636.559 0.000 636.559 1.067 0.026
397 3004 2969 35 649.296 0.000 649.296 1.067 0.026
398 3004 2969 35 661.876 0.000 661.876 1.067 0.026
399 3004 2969 35 674.499 0.000 674.499 1.067 0.025
400 3004 2969 35 687.062 0.000 687.062 1.067 0.025
401 3004 2969 35 698.266 0.000 698.266 1.067 0.026
402 3004 2969 35 709.666 0.000 709.666 1.050 0.026
403 3004 2969 35 720.756 0.000 720.756 1.050 0.026
404 3004 2969 35 733.263 0.000 733.263 1.050 0.026
405 3004 2969 35 744.174 0.000 744.174 1.050 0.026
406 3004 2969 35 756.668 0.000 756.668 1.050 0.027
407 3004 2969 35 768.406 0.000 768.406 1.050 0.027
408 3004 2969 35 780.850 0.000 780.850 1.050 0.027
409 3004 2969 35 791.643 0.000 791.643 1.033 0.027
410 3004 2969 35 803.150 0.000 803.150 1.033 0.027
411 3004 2969 35 813.584 0.000 813.584 1.033 0.027
412 3004 2969 35 823.075 0.000 823.075 1.033 0.027
413 3004 2969 35 832.029 0.000 832.029 1.017 0.026
414 3004 2969 35 842.336 0.000 842.336 1.000 0.026
415 3004 2969 35 851.815 0.000 851.815 0.967 0.025
416 3004 2969 35 863.228 0.000 863.228 0.950 0.025
417 3004 2969 35 874.541 0.000 874.541 0.950 0.024
418 3004 2969 35 884.591 0.000 884.591 0.950 0.024
419 3004 2969 35 894.817 0.000 894.817 0.950 0.023
420 3004 2969 35 903.394 0.000 903.394 0.950 0.023
421 3004 2969 35 912.106 0.000 912.106 0.933 0.022
422 3004 2969 35 920.782 0.000 920.782 0.917 0.021
423 3004 2969 35 928.847 0.000 928.847 0.883 0.021
424 3004 2969 35 936.719 0.000 936.719 0.850 0.020
425 3004 2969 35 945.164 0.000 945.164 0.833 0.020
426 3004 2969 35 951.956 0.000 951.956 0.783 0.019
427 3004 2969 35 961.042 0.000 961.042 0.767 0.019
428 3004 2969 35 968.499 0.000 968.499 0.750 0.018
429 3004 2969 35 973.448 0.000 973.448 0.733 0.018
430 3004 2969 35 980.431 0.000 980.431 0.667 0.017
431 3004 2969 35 986.241 0.000 986.241 0.600 0.017
432 3004 2969 35 992.111 0.000 992.111 0.600 0.016
433 3004 2969 35 998.220 0.000 998.220 0.600 0.016
434 3004 2969 35 1002.786 0.000 1002.786 0.583 0.015
435 3004 2969 35 1006.191 0.000 1006.191 0.450 0.015
436 3004 2969 35 1009.052 0.000 1009.052 0.450 0.014
437 3004 2969 35 1011.854 0.000 1011.854 0.450 0.014
438 3004 2969 35 1010.990 0.000 1010.990 0.350 0.013
439 3004 2969 35 1006.930 0.000 1006.930 0.283 0.013
440 3004 2969 35 998.259 0.000 998.259 0.183 0.012
441 3004 2969 35 989.023 0.000 989.023 0.167 0.011
442 3004 2969 35 975.754 0.000 975.754 0.167 0.011
443 2979 2969 10 959.085 0.000 959.085 0.150 0.010
444 2979 2969 10 945.090 0.000 945.090 0.150 0.010
445 2803 2803 0 929.054 0.000 929.054 0.150 0.010
446 2803 2803 0 915.811 0.000 915.811 0.150 0.009
447 2469 2469 0 899.097 0.000 899.097 0.183 0.009
448 1915 1915 0 879.707 0.000 879.707 0.317 0.008
449 1671 1671 0 865.310 0.000 865.310 0.417 0.008
450 1671 1671 0 851.484 0.000 851.484 0.417 0.007
451 1671 1671 0 840.032 0.000 840.032 0.417 0.007
452 1671 1671 0 824.171 0.000 824.171 0.417 0.007
453 1671 1671 0 806.337 0.000 806.337 0.417 0.006
454 1671 1671 0 786.848 0.000 786.848 0.417 0.006
455 1671 1671 0 765.521 0.000 765.521 0.417 0.006
456 1671 1671 0 742.249 0.000 742.249 0.417 0.005
457 1671 1671 0 721.667 0.000 721.667 0.417 0.005
458 1671 1671 0 699.840 0.000 699.840 0.417 0.005
459 1328 1328 0 674.889 0.000 674.889 0.417 0.004
460 1328 1328 0 649.981 0.000 649.981 0.417 0.004
461 1328 1328 0 622.938 0.000 622.938 0.417 0.004
462 1328 1328 0 596.891 0.000 596.891 0.417 0.004
463 1328 1328 0 572.674 0.000 572.674 0.417 0.004
464 1301 1325 24 550.534 0.000 550.534 0.417 0.004
465 1301 1325 24 527.122 0.000 527.122 0.417 0.004
466 1301 1325 24 502.934 0.000 502.934 0.417 0.004
467 1301 1325 24 478.348 0.000 478.348 0.417 0.004
468 1301 1325 24 452.999 0.000 452.999 0.417 0.004
469 1301 1325 24 429.108 0.000 429.108 0.417 0.004
470 1301 1325 24 407.108 0.000 407.108 0.417 0.005
471 1301 1325 24 386.469 0.000 386.469 0.417 0.005
472 1301 1325 24 366.235 0.000 366.235 0.417 0.005
473 1301 1325 24 347.522 0.000 347.522 0.417 0.006
474 1301 1325 24 329.406 0.000 329.406 0.417 0.006
475 1301 1325 24 312.374 0.000 312.374 0.417 0.006
476 1301 1325 24 295.735 0.000 295.735 0.417 0.007
477 1301 1325 24 279.782 0.000 279.782 0.417 0.007
478 1301 1325 24 265.773 0.000 265.773 0.417 0.007
479 1301 1325 24 249.646 0.000 249.646 0.417 0.008
480 1301 1325 24 236.432 0.000 236.432 0.417 0.008
481 1301 1325 24 224.222 0.000 224.222 0.417 0.009
482 1301 1325 24 212.213 0.000 212.213 0.417 0.009
483 1301 1325 24 199.890 0.000 199.890 0.417 0.009
484 1301 1325 24 189.918 0.000 189.918 0.417 0.010
485 1301 1325 24 179.677 0.000 179.677 0.417 0.010
486 1301 1325 24 170.214 0.000 170.214 0.417 0.010
487 1301 1325 24 160.658 0.000 160.658 0.417 0.011
488 1301 1325 24 151.209 0.000 151.209 0.417 0.011
489 1301 1325 24 142.349 0.000 142.349 0.417 0.011
490 1301 1325 24 132.367 0.000 132.367 0.417 0.012
491 1301 1325 24 127.290 0.000 127.290 0.417 0.012
492 1301 1325 24 120.520 0.000 120.520 0.417 0.012
493 949 949 0 112.638 0.000 112.638 0.467 0.012
494 949 949 0 105.430 0.000 105.430 0.467 0.013
495 949 949 0 99.148 0.000 99.148 0.467 0.013
496 949 949 0 92.405 0.000 92.405 0.467 0.013
497 942 942 0 85.365 0.000 85.365 0.467 0.014
498 942 942 0 78.312 0.000 78.312 0.467 0.014
499 942 942 0 72.389 0.000 72.389 0.467 0.014
500 942 942 0 67.989 0.000 67.989 0.467 0.014
501 942 942 0 62.939 0.000 62.939 0.467 0.015
502 942 942 0 57.218 0.000 57.218 0.467 0.015
503 942 942 0 51.629 0.000 51.629 0.433 0.015
504 813 878 65 45.936 0.000 45.936 0.500 0.016
505 631 667 36 41.288 0.000 41.288 0.483 0.016
506 585 585 0 37.310 0.000 37.310 0.483 0.017
507 585 585 0 32.735 0.000 32.735 0.400 0.017
508 552 574 22 28.221 0.000 28.221 0.333 0.017
509 552 574 22 24.304 0.000 24.304 0.350 0.018
510 552 574 22 20.638 0.000 20.638 0.350 0.018
511 552 574 22 18.144 0.000 18.144 0.367 0.018
512 552 574 22 15.067 0.000 15.067 0.383 0.019
513 552 574 22 12.289 0.000 12.289 0.400 0.019
514 552 574 22 9.668 0.000 9.668 0.417 0.020
515 552 574 22 7.495 0.000 7.495 0.383 0.021
516 552 574 22 5.665 0.000 5.665 0.417 0.021
517 552 574 22 4.493 0.000 4.493 0.417 0.022
518 552 574 22 3.808 0.000 3.808 0.417 0.022
519 552 574 22 3.378 0.000 3.378 0.433 0.022
520 552 574 22 3.013 0.000 3.013 0.433 0.023
521 552 574 22 2.780 0.000 2.780 0.433 0.023
522 552 574 22 2.701 0.000 2.701 0.433 0.023
523 552 574 22 2.613 0.000 2.613 0.433 0.023
524 552 574 22 2.596 0.000 2.596 0.433 0.022
525 552 574 22 2.580 0.000 2.580 0.417 0.022
526 552 574 22 2.657 0.000 2.657 0.417 0.022
527 552 574 22 2.715 0.000 2.715 0.417 0.022
528 552 574 22 2.762 0.000 2.762 0.433 0.021
529 552 574 22 2.843 0.000 2.843 0.433 0.021
530 552 574 22 2.999 0.000 2.999 0.433 0.021
531 552 574 22 3.225 0.000 3.225 0.433 0.021
532 552 574 22 3.689 0.000 3.689 0.433 0.021
533 552 574 22 4.339 0.000 4.339 0.433 0.021
534 552 574 22 5.351 0.000 5.351 0.450 0.021
535 552 574 22 6.703 0.000 6.703 0.450 0.021
536 552 574 22 9.019 0.000 9.019 0.483 0.021
537 552 574 22 11.578 0.000 11.578 0.517 0.021
538 552 574 22 14.701 0.000 14.701 0.517 0.021
539 552 574 22 18.701 0.000 18.701 0.533 0.021
540 552 574 22 23.643 0.000 23.643 0.533 0.022
541 552 574 22 29.475 0.000 29.475 0.533 0.022
542 552 574 22 35.805 0.000 35.805 0.550 0.022
543 552 574 22 42.173 0.000 42.173 0.550 0.022
544 552 574 22 50.502 0.000 50.502 0.550 0.023
545 586 586 0 59.463 0.000 59.463 0.583 0.023
546 647 647 0 70.176 0.000 70.176 0.583 0.023
547 647 647 0 78.748 0.000 78.748 0.583 0.024
548 748 726 22 90.595 0.000 90.595 0.583 0.024
549 748 726 22 101.146 0.000 101.146 0.583 0.024
550 926 926 0 114.567 0.000 114.567 0.633 0.024
551 956 926 30 126.887 0.000 126.887 0.633 0.024
552 1013 982 31 139.735 0.000 139.735 0.650 0.024
553 1046 1046 0 157.567 0.000 157.567 0.650 0.025
554 1046 1046 0 173.782 0.000 173.782 0.633 0.025
555 1377 1377 0 187.117 0.000 187.117 0.650 0.025
556 1452 1452 0 205.433 0.000 205.433 0.650 0.025
557 1711 1711 0 224.885 0.000 224.885 0.683 0.026
558 1889 1889 0 245.135 0.000 245.135 0.700 0.026
559 2169 2169 0 268.189 0.000 268.189 0.700 0.026
560 2332 2332 0 290.590 0.000 290.590 0.700 0.026
561 2358 2332 26 313.163 0.000 313.163 0.700 0.027
562 2576 2568 8 340.191 0.000 340.191 0.733 0.027
563 2582 2568 14 364.522 0.000 364.522 0.733 0.027
564 2582 2568 14 391.282 0.000 391.282 0.667 0.027
565 2582 2568 14 412.672 0.000 412.672 0.667 0.027
566 2582 2568 14 435.564 0.000 435.564 0.667 0.027
567 2582 2568 14 454.962 0.000 454.962 0.667 0.027
568 2582 2568 14 470.065 0.000 470.065 0.667 0.027
569 2582 2568 14 486.196 0.000 486.196 0.667 0.027
570 2582 2568 14 501.804 0.000 501.804 0.667 0.027
571 2582 2568 14 518.753 0.000 518.753 0.667 0.027
572 2582 2568 14 536.232 0.000 536.232 0.667 0.027
573 2582 2568 14 550.597 0.000 550.597 0.667 0.027
574 2582 2568 14 564.460 0.000 564.460 0.667 0.027
575 2582 2568 14 578.208 0.000 578.208 0.667 0.026
576 2582 2568 14 593.379 0.000 593.379 0.667 0.026
577 2582 2568 14 607.619 0.000 607.619 0.667 0.026
578 2582 2568 14 621.463 0.000 621.463 0.667 0.026
579 2582 2568 14 634.786 0.000 634.786 0.667 0.026
580 2582 2568 14 647.341 0.000 647.341 0.667 0.026
581 2582 2568 14 659.652 0.000 659.652 0.667 0.026
582 2582 2568 14 671.215 0.000 671.215 0.667 0.026
583 2582 2568 14 682.080 0.000 682.080 0.667 0.026
584 2582 2568 14 693.416 0.000 693.416 0.667 0.026
585 2582 2568 14 705.353 0.000 705.353 0.667 0.027
586 2582 2568 14 716.498 0.000 716.498 0.667 0.027
587 2582 2568 14 729.036 0.000 729.036 0.667 0.027
588 2582 2568 14 740.924 0.000 740.924 0.667 0.027
589 2582 2568 14 752.759 0.000 752.759 0.667 0.027
590 2582 2568 14 764.198 0.000 764.198 0.667 0.027
591 2582 2568 14 774.522 0.000 774.522 0.667 0.027
592 2582 2568 14 785.701 0.000 785.701 0.667 0.027
593 2582 2568 14 796.333 0.000 796.333 0.667 0.026
594 2582 2568 14 806.349 0.000 806.349 0.667 0.026
595 2582 2568 14 815.850 0.000 815.850 0.667 0.026
596 2582 2568 14 827.262 0.000 827.262 0.667 0.025
597 2582 2568 14 836.450 0.000 836.450 0.667 0.024
598 2582 2568 14 846.275 0.000 846.275 0.667 0.024
599 2582 2568 14 855.496 0.000 855.496 0.667 0.023
600 2582 2568 14 865.724 0.000 865.724 0.667 0.023
601 2582 2568 14 876.053 0.000 876.053 0.667 0.022
602 2582 2568 14 885.489 0.000 885.489 0.667 0.021
603 2582 2568 14 893.559 0.000 893.559 0.667 0.021
604 2582 2568 14 902.891 0.000 902.891 0.667 0.020
605 2582 2568 14 911.103 0.000 911.103 0.667 0.020
606 2582 2568 14 920.201 0.000 920.201 0.667 0.019
607 2582 2568 14 926.423 0.000 926.423 0.650 0.018
608 2582 2568 14 933.029 0.000 933.029 0.583 0.018
609 2582 2568 14 938.950 0.000 938.950 0.583 0.018
610 2582 2568 14 944.416 0.000 944.416 0.583 0.017
611 2582 2568 14 949.597 0.000 949.597 0.583 0.017
612 2582 2568 14 954.433 0.000 954.433 0.583 0.016
613 2582 2568 14 960.308 0.000 960.308 0.567 0.016
614 2582 2568 14 963.471 0.000 963.471 0.517 0.015
615 2582 2568 14 964.355 0.000 964.355 0.400 0.014
616 2582 2568 14 966.075 0.000 966.075 0.350 0.014
617 2582 2568 14 964.735 0.000 964.735 0.300 0.013
618 2582 2568 14 964.834 0.000 964.834 0.250 0.013
619 2582 2568 14 961.958 0.000 961.958 0.167 0.012
620 2582 2568 14 956.919 0.000 956.919 0.167 0.012
621 2582 2568 14 951.213 0.000 951.213 0.167 0.011
622 2582 2568 14 943.038 0.000 943.038 0.167 0.010
623 2475 2475 0 934.011 0.000 934.011 0.150 0.010
624 2419 2419 0 921.483 0.000 921.483 0.150 0.010
625 2255 2258 3 911.933 0.000 911.933 0.133 0.009
626 1506 1506 0 899.724 0.000 899.724 0.267 0.009
627 1415 1415 0 888.228 0.000 888.228 0.300 0.009
628 1415 1415 0 879.307 0.000 879.307 0.300 0.008
629 1415 1415 0 870.152 0.000 870.152 0.300 0.008
630 1415 1415 0 858.663 0.000 858.663 0.300 0.007
631 1415 1415 0 842.151 0.000 842.151 0.300 0.007
632 1408 1408 0 826.932 0.000 826.932 0.300 0.006
633 1408 1408 0 809.247 0.000 809.247 0.300 0.006
634 1408 1408 0 790.926 0.000 790.926 0.300 0.006
635 1408 1408 0 769.037 0.000 769.037 0.300 0.005
636 1408 1408 0 745.757 0.000 745.757 0.300 0.005
637 1408 1408 0 723.890 0.000 723.890 0.300 0.005
638 1408 1408 0 699.007 0.000 699.007 0.300 0.004
639 1408 1408 0 673.670 0.000 673.670 0.300 0.004
640 1408 1408 0 650.672 0.000 650.672 0.300 0.004
641 1408 1408 0 623.913 0.000 623.913 0.300 0.004
642 1408 1408 0 597.441 0.000 597.441 0.300 0.004
643 1408 1408 0 576.160 0.000 576.160 0.300 0.004
644 1408 1408 0 553.597 0.000 553.597 0.300 0.004
645 1408 1408 0 527.013 0.000 527.013 0.300 0.004
646 1361 1408 47 499.851 0.000 499.851 0.300 0.004
647 1361 1408 47 473.838 0.000 473.838 0.300 0.004
648 1329 1329 0 450.128 0.000 450.128 0.300 0.004
649 1329 1329 0 428.890 0.000 428.890 0.300 0.004
650 1329 1329 0 405.412 0.000 405.412 0.300 0.004
651 1281 1297 16 384.698 0.000 384.698 0.300 0.005
652 1281 1297 16 364.549 0.000 364.549 0.300 0.005
653 1281 1297 16 343.818 0.000 343.818 0.300 0.005
654 1281 1297 16 326.086 0.000 326.086 0.300 0.006
655 1281 1281 0 310.605 0.000 310.605 0.333 0.006
656 1281 1281 0 293.659 0.000 293.659 0.333 0.006
657 1281 1281 0 278.555 0.000 278.555 0.333 0.006
658 1281 1281 0 263.655 0.000 263.655 0.333 0.007
659 1192 1201 9 250.116 0.000 250.116 0.333 0.007
660 1192 1201 9 234.591 0.000 234.591 0.333 0.008
661 1192 1201 9 221.071 0.000 221.071 0.333 0.008
662 1192 1201 9 210.337 0.000 210.337 0.333 0.008
663 1159 1159 0 198.637 0.000 198.637 0.333 0.009
664 1121 1159 38 187.792 0.000 187.792 0.333 0.009
665 1121 1159 38 178.520 0.000 178.520 0.333 0.009
666 1121 1159 38 169.001 0.000 169.001 0.333 0.010
667 1119 1159 40 158.632 0.000 158.632 0.367 0.010
668 1119 1159 40 149.469 0.000 149.469 0.367 0.010
669 1119 1159 40 140.890 0.000 140.890 0.367 0.011
670 1119 1159 40 131.295 0.000 131.295 0.367 0.011
671 962 1008 46 122.644 0.000 122.644 0.367 0.011
672 859 876 17 115.548 0.000 115.548 0.383 0.012
673 836 836 0 109.314 0.000 109.314 0.383 0.012
674 836 836 0 100.909 0.000 100.909 0.383 0.012
675 836 836 0 94.522 0.000 94.522 0.383 0.013
676 836 836 0 87.571 0.000 87.571 0.383 0.013
677 781 812 31 81.562 0.000 81.562 0.400 0.013
678 729 729 0 75.592 0.000 75.592 0.400 0.014
679 726 729 3 69.612 0.000 69.612 0.400 0.014
680 703 729 26 63.224 0.000 63.224 0.417 0.014
681 703 729 26 58.152 0.000 58.152 0.417 0.014
682 665 705 40 52.591 0.000 52.591 0.450 0.015
683 656 705 49 48.013 0.000 48.013 0.433 0.015
684 656 705 49 43.283 0.000 43.283 0.417 0.016
685 656 705 49 38.746 0.000 38.746 0.400 0.016
686 656 705 49 34.305 0.000 34.305 0.350 0.016
687 656 705 49 29.499 0.000 29.499 0.350 0.017
688 484 503 19 25.994 0.000 25.994 0.367 0.017
689 484 503 19 22.963 0.000 22.963 0.383 0.017
690 484 503 19 19.687 0.000 19.687 0.383 0.018
691 484 503 19 15.821 0.000 15.821 0.400 0.019
692 366 366 0 12.953 0.000 12.953 0.417 0.019
693 364 366 2 10.207 0.000 10.207 0.417 0.020
694 306 366 60 7.852 0.000 7.852 0.417 0.020
695 302 343 41 5.557 0.000 5.557 0.417 0.021
696 298 302 4 3.770 0.000 3.770 0.417 0.021
697 298 302 4 2.638 0.000 2.638 0.417 0.022
698 298 302 4 1.560 0.000 1.560 0.417 0.022
699 298 302 4 0.996 0.000 0.996 0.417 0.023
700 225 256 31 0.685 0.000 0.685 0.433 0.023
701 225 256 31 0.525 0.000 0.525 0.433 0.023
702 225 256 31 0.401 0.000 0.401 0.433 0.023
703 225 256 31 0.355 0.000 0.355 0.433 0.023
704 225 256 31 0.289 0.000 0.289 0.433 0.023
705 225 256 31 0.289 0.000 0.289 0.433 0.022
706 225 256 31 0.293 0.000 0.293 0.433 0.022
707 225 256 31 0.288 0.000 0.288 0.433 0.022
708 225 256 31 0.315 0.000 0.315 0.433 0.021
709 225 256 31 0.320 0.000 0.320 0.417 0.021
710 225 256 31 0.380 0.000 0.380 0.417 0.021
711 225 256 31 0.547 0.000 0.547 0.433 0.021
712 225 256 31 0.877 0.000 0.877 0.433 0.021
713 225 256 31 1.465 0.000 1.465 0.450 0.021
714 255 256 1 2.489 0.000 2.489 0.450 0.021
715 364 364 0 4.075 0.000 4.075 0.450 0.021
716 365 364 1 6.187 0.000 6.187 0.433 0.021
717 365 364 1 8.890 0.000 8.890 0.450 0.022
718 365 364 1 11.473 0.000 11.473 0.450 0.022
719 522 522 0 15.694 0.000 15.694 0.467 0.022
720 522 522 0 18.899 0.000 18.899 0.467 0.022
721 522 522 0 24.336 0.000 24.336 0.500 0.022
722 522 522 0 30.517 0.000 30.517 0.517 0.023
723 617 617 0 37.462 0.000 37.462 0.517 0.023
724 617 617 0 44.796 0.000 44.796 0.533 0.023
725 617 617 0 53.279 0.000 53.279 0.533 0.023
726 716 716 0 64.092 0.000 64.092 0.533 0.024
727 716 716 0 73.298 0.000 73.298 0.533 0.024
728 841 839 2 83.574 0.000 83.574 0.483 0.024
729 1038 1038 0 96.676 0.000 96.676 0.517 0.024
730 1038 1038 0 110.037 0.000 110.037 0.517 0.024
731 1038 1038 0 123.602 0.000 123.602 0.533 0.024
732 1038 1038 0 136.265 0.000 136.265 0.517 0.025
733 1180 1180 0 151.473 0.000 151.473 0.517 0.025
734 1559 1509 50 168.077 0.000 168.077 0.517 0.025
735 1628 1605 23 189.414 0.000 189.414 0.550 0.025
736 1628 1605 23 210.142 0.000 210.142 0.600 0.026
737 1638 1605 33 229.524 0.000 229.524 0.583 0.026
738 1638 1605 33 252.491 0.000 252.491 0.667 0.026
739 1638 1605 33 272.518 0.000 272.518 0.667 0.026
740 1670 1670 0 293.225 0.000 293.225 0.733 0.026
741 1670 1670 0 316.382 0.000 316.382 0.733 0.026
742 1670 1670 0 338.867 0.000 338.867 0.700 0.026
743 1670 1670 0 358.252 0.000 358.252 0.683 0.026
744 1958 1958 0 378.611 0.000 378.611 0.733 0.027
745 2323 2319 4 402.162 0.000 402.162 0.833 0.027
746 2776 2776 0 423.518 0.000 423.518 0.817 0.027
747 2791 2776 15 449.463 0.000 449.463 0.833 0.027
748 3025 3025 0 472.941 0.000 472.941 0.883 0.027
749 3025 3025 0 494.588 0.000 494.588 0.883 0.027
750 3025 3025 0 511.296 0.000 511.296 0.883 0.027
751 3025 3025 0 527.651 0.000 527.651 0.883 0.027
752 3025 3025 0 541.596 0.000 541.596 0.867 0.027
753 3025 3025 0 556.230 0.000 556.230 0.850 0.026
754 3025 3025 0 572.471 0.000 572.471 0.817 0.027
755 3025 3025 0 585.710 0.000 585.710 0.817 0.026
756 3025 3025 0 597.976 0.000 597.976 0.817 0.026
757 3025 3025 0 612.268 0.000 612.268 0.800 0.026
758 3025 3025 0 624.486 0.000 624.486 0.800 0.026
759 3025 3025 0 636.691 0.000 636.691 0.800 0.026
760 3025 3025 0 649.095 0.000 649.095 0.800 0.026
761 3025 3025 0 661.435 0.000 661.435 0.800 0.026
762 3025 3025 0 672.669 0.000 672.669 0.800 0.026
763 3025 3025 0 685.928 0.000 685.928 0.800 0.026
764 3025 3025 0 699.542 0.000 699.542 0.800 0.026
765 3025 3025 0 711.462 0.000 711.462 0.800 0.026
766 3025 3025 0 723.178 0.000 723.178 0.800 0.027
767 3025 3025 0 736.534 0.000 736.534 0.800 0.027
768 3025 3025 0 746.988 0.000 746.988 0.800 0.027
769 3025 3025 0 757.201 0.000 757.201 0.800 0.027
770 3025 3025 0 769.505 0.000 769.505 0.800 0.027
771 3025 3025 0 782.153 0.000 782.153 0.800 0.027
772 3025 3025 0 792.225 0.000 792.225 0.800 0.027
773 3025 3025 0 802.477 0.000 802.477 0.800 0.026
774 3025 3025 0 813.284 0.000 813.284 0.783 0.026
775 3025 3025 0 823.768 0.000 823.768 0.783 0.025
776 3025 3025 0 834.223 0.000 834.223 0.750 0.025
777 3025 3025 0 845.360 0.000 845.360 0.750 0.024
778 3025 3025 0 853.404 0.000 853.404 0.733 0.023
779 3025 3025 0 863.849 0.000 863.849 0.733 0.023
780 3025 3025 0 870.930 0.000 870.930 0.717 0.022
781 3025 3025 0 880.530 0.000 880.530 0.717 0.022
782 3025 3025 0 889.893 0.000 889.893 0.717 0.021
783 3025 3025 0 898.801 0.000 898.801 0.717 0.021
784 3025 3025 0 906.799 0.000 906.799 0.717 0.020
785 3025 3025 0 914.970 0.000 914.970 0.667 0.019
786 3025 3025 0 924.688 0.000 924.688 0.667 0.019
787 3025 3025 0 931.857 0.000 931.857 0.667 0.018
788 3025 3025 0 937.888 0.000 937.888 0.667 0.018
789 3025 3025 0 945.150 0.000 945.150 0.650 0.017
790 3025 3025 0 952.257 0.000 952.257 0.650 0.017
791 3025 3025 0 958.502 0.000 958.502 0.650 0.016
792 3025 3025 0 962.723 0.000 962.723 0.633 0.016
793 3025 3025 0 965.956 0.000 965.956 0.633 0.015
794 3025 3025 0 968.213 0.000 968.213 0.600 0.015
795 3025 3025 0 969.754 0.000 969.754 0.500 0.014
796 3025 3025 0 969.164 0.000 969.164 0.450 0.014
797 3025 3025 0 969.665 0.000 969.665 0.450 0.013
798 3025 3025 0 968.036 0.000 968.036 0.367 0.013
799 3025 3025 0 965.032 0.000 965.032 0.367 0.012
800 3025 3025 0 961.614 0.000 961.614 0.283 0.012
801 3025 3025 0 956.983 0.000 956.983 0.283 0.011
802 3025 3025 0 951.347 0.000 951.347 0.283 0.011
803 3025 3025 0 946.358 0.000 946.358 0.283 0.011
804 3025 3025 0 938.601 0.000 938.601 0.233 0.010
805 3025 3025 0 925.329 0.000 925.329 0.150 0.009
806 3025 3025 0 915.175 0.000 915.175 0.150 0.009
807 3025 3025 0 896.274 0.000 896.274 0.133 0.009
808 2468 2477 9 880.579 0.000 880.579 0.150 0.008
809 1382 1382 0 863.811 0.000 863.811 0.367 0.008
810 1382 1382 0 849.896 0.000 849.896 0.367 0.007
811 1382 1382 0 835.785 0.000 835.785 0.367 0.007
812 1382 1382 0 820.339 0.000 820.339 0.400 0.007
813 1382 1382 0 802.840 0.000 802.840 0.400 0.006
814 1382 1382 0 783.611 0.000 783.611 0.417 0.006
815 1382 1382 0 764.385 0.000 764.385 0.417 0.005
816 1382 1382 0 743.810 0.000 743.810 0.417 0.005
817 1382 1382 0 722.344 0.000 722.344 0.417 0.005
818 1382 1382 0 697.872 0.000 697.872 0.417 0.004
819 1382 1382 0 674.757 0.000 674.757 0.417 0.004
820 1382 1382 0 650.341 0.000 650.341 0.417 0.004
821 1382 1382 0 622.294 0.000 622.294 0.417 0.004
822 1382 1382 0 599.649 0.000 599.649 0.417 0.004
823 1382 1382 0 573.020 0.000 573.020 0.417 0.004
824 1350 1382 32 546.941 0.000 546.941 0.417 0.004
825 1350 1382 32 523.163 0.000 523.163 0.417 0.004
826 1350 1382 32 497.072 0.000 497.072 0.417 0.004
827 1350 1382 32 470.827 0.000 470.827 0.433 0.004
828 1350 1382 32 449.459 0.000 449.459 0.433 0.004
829 1350 1382 32 425.053 0.000 425.053 0.433 0.004
830 1350 1382 32 404.938 0.000 404.938 0.433 0.004
831 1350 1382 32 384.611 0.000 384.611 0.433 0.005
832 1350 1382 32 366.962 0.000 366.962 0.433 0.005
833 1350 1382 32 343.815 0.000 343.815 0.433 0.005
834 1350 1382 32 322.492 0.000 322.492 0.433 0.006
835 1350 1382 32 305.703 0.000 305.703 0.433 0.006
836 1257 1264 7 286.565 0.000 286.565 0.433 0.006
837 1257 1264 7 268.503 0.000 268.503 0.433 0.007
838 1257 1264 7 253.407 0.000 253.407 0.433 0.007
839 1257 1257 0 240.324 0.000 240.324 0.433 0.007
840 1148 1148 0 226.584 0.000 226.584 0.433 0.008
841 1148 1148 0 214.286 0.000 214.286 0.433 0.008
842 1148 1148 0 202.986 0.000 202.986 0.450 0.008
843 1148 1148 0 190.897 0.000 190.897 0.483 0.009
844 1064 1078 14 180.922 0.000 180.922 0.517 0.009
845 1014 1016 2 171.595 0.000 171.595 0.517 0.010
846 998 1000 2 162.263 0.000 162.263 0.517 0.010
847 998 1000 2 152.745 0.000 152.745 0.517 0.010
848 981 1000 19 143.750 0.000 143.750 0.517 0.011
849 919 961 42 135.669 0.000 135.669 0.517 0.011
850 919 961 42 127.653 0.000 127.653 0.517 0.011
851 889 899 10 119.752 0.000 119.752 0.533 0.011
852 880 899 19 113.475 0.000 113.475 0.533 0.012
853 880 899 19 105.432 0.000 105.432 0.533 0.012
854 860 899 39 99.387 0.000 99.387 0.567 0.012
855 860 899 39 92.581 0.000 92.581 0.600 0.012
856 860 899 39 86.985 0.000 86.985 0.600 0.013
857 824 840 16 81.620 0.000 81.620 0.600 0.013
858 824 840 16 75.141 0.000 75.141 0.617 0.013
859 824 840 16 69.288 0.000 69.288 0.617 0.014
860 824 840 16 64.667 0.000 64.667 0.617 0.014
861 802 840 38 59.818 0.000 59.818 0.617 0.014
862 787 804 17 53.788 0.000 53.788 0.617 0.015
863 787 804 17 49.430 0.000 49.430 0.617 0.015
864 715 730 15 44.323 0.000 44.323 0.650 0.015
865 715 730 15 38.830 0.000 38.830 0.650 0.016
866 680 708 28 34.339 0.000 34.339 0.650 0.016
867 680 708 28 29.011 0.000 29.011 0.667 0.017
868 560 594 34 25.164 0.000 25.164 0.533 0.017
869 560 594 34 21.024 0.000 21.024 0.350 0.017
870 560 594 34 17.368 0.000 17.368 0.383 0.018
871 419 434 15 14.103 0.000 14.103 0.383 0.018
872 415 434 19 11.225 0.000 11.225 0.383 0.019
873 415 434 19 8.501 0.000 8.501 0.400 0.019
874 280 297 17 6.111 0.000 6.111 0.400 0.020
875 274 297 23 4.259 0.000 4.259 0.400 0.020
876 274 297 23 2.838 0.000 2.838 0.417 0.021
877 262 283 21 1.882 0.000 1.882 0.417 0.021
878 262 283 21 1.185 0.000 1.185 0.433 0.022
879 262 283 21 0.795 0.000 0.795 0.450 0.022
880 188 201 13 0.550 0.000 0.550 0.450 0.022
881 188 201 13 0.361 0.000 0.361 0.467 0.022
882 152 194 42 0.227 0.000 0.227 0.433 0.022
883 152 194 42 0.187 0.000 0.187 0.433 0.022
884 152 194 42 0.192 0.000 0.192 0.417 0.022
885 152 194 42 0.174 0.000 0.174 0.417 0.022
886 152 194 42 0.173 0.000 0.173 0.417 0.022
887 216 216 0 0.221 0.000 0.221 0.400 0.021
888 216 216 0 0.258 0.000 0.258 0.400 0.021
889 216 216 0 0.306 0.000 0.306 0.400 0.021
890 216 216 0 0.371 0.000 0.371 0.400 0.020
891 295 295 0 0.561 0.000 0.561 0.400 0.020
892 295 295 0 0.902 0.000 0.902 0.400 0.020
893 295 295 0 1.484 0.000 1.484 0.417 0.020
894 295 295 0 2.395 0.000 2.395 0.417 0.020
895 358 358 0 3.946 0.000 3.946 0.450 0.021
896 574 574 0 5.993 0.000 5.993 0.450 0.021
897 574 574 0 8.392 0.000 8.392 0.467 0.021
898 574 574 0 11.641 0.000 11.641 0.467 0.021
899 574 574 0 15.729 0.000 15.729 0.467 0.021
900 574 574 0 21.019 0.000 21.019 0.483 0.021
901 574 574 0 26.422 0.000 26.422 0.483 0.022
902 576 576 0 32.642 0.000 32.642 0.467 0.022
903 576 576 0 38.988 0.000 38.988 0.467 0.022
904 625 625 0 47.430 0.000 47.430 0.483 0.022
905 625 625 0 55.288 0.000 55.288 0.467 0.022
906 625 625 0 63.157 0.000 63.157 0.450 0.023
907 779 779 0 73.962 0.000 73.962 0.450 0.023
908 947 947 0 86.098 0.000 86.098 0.467 0.023
909 947 947 0 98.703 0.000 98.703 0.450 0.023
910 947 947 0 113.441 0.000 113.441 0.467 0.024
911 947 947 0 126.992 0.000 126.992 0.467 0.024
912 947 947 0 139.895 0.000 139.895 0.467 0.024
913 947 947 0 155.630 0.000 155.630 0.500 0.024
914 1110 1108 2 173.254 0.000 173.254 0.500 0.024
915 1312 1312 0 192.232 0.000 192.232 0.533 0.025
916 1312 1312 0 211.654 0.000 211.654 0.550 0.025
917 1312 1312 0 228.460 0.000 228.460 0.550 0.025
918 1312 1312 0 244.657 0.000 244.657 0.533 0.025
919 1459 1432 27 267.642 0.000 267.642 0.583 0.025
920 1459 1432 27 287.234 0.000 287.234 0.583 0.025
921 1787 1767 20 308.476 0.000 308.476 0.633 0.026
922 1989 1989 0 330.718 0.000 330.718 0.683 0.026
923 1992 1989 3 354.473 0.000 354.473 0.683 0.026
924 1992 1989 3 373.746 0.000 373.746 0.617 0.026
925 1992 1989 3 391.036 0.000 391.036 0.617 0.026
926 1992 1989 3 409.269 0.000 409.269 0.600 0.026
927 1992 1989 3 425.895 0.000 425.895 0.600 0.026
928 1992 1989 3 443.372 0.000 443.372 0.583 0.026
929 1992 1989 3 461.433 0.000 461.433 0.600 0.026
930 1992 1989 3 479.182 0.000 479.182 0.567 0.026
931 1992 1989 3 495.559 0.000 495.559 0.567 0.026
932 1992 1989 3 511.049 0.000 511.049 0.550 0.026
933 1992 1989 3 528.260 0.000 528.260 0.533 0.026
934 1992 1989 3 543.010 0.000 543.010 0.533 0.026
935 1992 1989 3 558.542 0.000 558.542 0.500 0.025
936 1992 1989 3 574.183 0.000 574.183 0.500 0.025
937 1992 1989 3 588.164 0.000 588.164 0.500 0.025
938 1992 1989 3 602.038 0.000 602.038 0.500 0.025
939 1992 1989 3 615.249 0.000 615.249 0.500 0.025
940 1992 1989 3 628.162 0.000 628.162 0.500 0.025
941 1992 1989 3 639.495 0.000 639.495 0.500 0.025
942 1992 1989 3 650.877 0.000 650.877 0.500 0.025
943 1992 1989 3 664.427 0.000 664.427 0.500 0.025
944 1992 1989 3 675.264 0.000 675.264 0.500 0.026
945 1992 1989 3 687.660 0.000 687.660 0.500 0.026
946 1992 1989 3 698.961 0.000 698.961 0.500 0.026
947 1992 1989 3 709.754 0.000 709.754 0.500 0.026
948 1992 1989 3 720.628 0.000 720.628 0.500 0.026
949 1992 1989 3 731.670 0.000 731.670 0.500 0.026
950 1992 1989 3 740.870 0.000 740.870 0.500 0.026
951 1992 1989 3 749.874 0.000 749.874 0.500 0.026
952 1992 1989 3 761.521 0.000 761.521 0.500 0.026
953 1992 1989 3 772.825 0.000 772.825 0.500 0.026
954 1992 1989 3 782.745 0.000 782.745 0.500 0.025
955 1992 1989 3 792.020 0.000 792.020 0.483 0.024
956 1992 1989 3 802.146 0.000 802.146 0.483 0.024
957 1992 1989 3 811.025 0.000 811.025 0.483 0.023
958 1992 1989 3 821.087 0.000 821.087 0.467 0.023
959 1992 1989 3 830.983 0.000 830.983 0.467 0.022
960 1992 1989 3 841.471 0.000 841.471 0.433 0.022
961 1992 1989 3 851.186 0.000 851.186 0.417 0.021
962 1992 1989 3 860.335 0.000 860.335 0.417 0.021
963 1992 1989 3 868.607 0.000 868.607 0.417 0.020
964 1992 1989 3 878.165 0.000 878.165 0.400 0.020
965 1992 1989 3 885.961 0.000 885.961 0.400 0.019
966 1992 1989 3 891.973 0.000 891.973 0.383 0.019
967 1992 1989 3 899.505 0.000 899.505 0.383 0.018
968 1992 1989 3 906.458 0.000 906.458 0.383 0.018
969 1992 1989 3 912.814 0.000 912.814 0.367 0.017
970 1992 1989 3 918.738 0.000 918.738 0.333 0.016
971 1992 1989 3 923.818 0.000 923.818 0.333 0.016
972 1992 1989 3 928.593 0.000 928.593 0.317 0.016
973 1992 1989 3 932.964 0.000 932.964 0.317 0.015
974 1992 1989 3 936.311 0.000 936.311 0.317 0.015
975 1992 1989 3 936.831 0.000 936.831 0.250 0.014
976 1992 1989 3 937.465 0.000 937.465 0.250 0.014
977 1992 1989 3 938.101 0.000 938.101 0.250 0.013
978 1992 1989 3 937.330 0.000 937.330 0.217 0.013
979 1992 1989 3 934.905 0.000 934.905 0.200 0.012
980 1992 1989 3 932.791 0.000 932.791 0.200 0.012
981 1992 1989 3 929.518 0.000 929.518 0.183 0.011
982 1992 1989 3 923.488 0.000 923.488 0.167 0.011
983 1594 1594 0 917.124 0.000 917.124 0.167 0.010
984 1594 1594 0 909.840 0.000 909.840 0.167 0.010
985 1594 1594 0 905.701 0.000 905.701 0.133 0.009
986 1594 1594 0 898.363 0.000 898.363 0.133 0.009
987 1594 1594 0 890.626 0.000 890.626 0.133 0.008
988 1594 1594 0 880.764 0.000 880.764 0.133 0.008
989 1594 1594 0 866.919 0.000 866.919 0.133 0.007
990 1499 1499 0 853.663 0.000 853.663 0.133 0.007
991 1499 1499 0 839.864 0.000 839.864 0.133 0.007
992 1499 1499 0 822.727 0.000 822.727 0.133 0.006
993 1499 1499 0 806.678 0.000 806.678 0.133 0.005
994 1499 1499 0 790.521 0.000 790.521 0.133 0.005
995 1499 1499 0 769.626 0.000 769.626 0.133 0.005
996 1499 1499 0 749.757 0.000 749.757 0.133 0.004
997 1499 1499 0 724.582 0.000 724.582 0.133 0.004
998 1499 1499 0 698.919 0.000 698.919 0.133 0.004
999 1499 1499 0 670.768 0.000 670.768 0.133 0.004
1000 1499 1499 0 644.752 0.000 644.752 0.133 0.003
1001 1499 1499 0 621.844 0.000 621.844 0.133 0.003
1002 1499 1499 0 595.485 0.000 595.485 0.133 0.003
1003 1499 1499 0 567.349 0.000 567.349 0.150 0.003
1004 1499 1499 0 543.839 0.000 543.839 0.150 0.003
1005 1499 1499 0 518.127 0.000 518.127 0.150 0.003
1006 1297 1297 0 495.280 0.000 495.280 0.150 0.003
1007 1297 1297 0 474.158 0.000 474.158 0.150 0.004
1008 1297 1297 0 451.511 0.000 451.511 0.150 0.004
1009 1297 1297 0 428.438 0.000 428.438 0.150 0.004
1010 1267 1292 25 409.308 0.000 409.308 0.150 0.004
1011 1267 1292 25 389.237 0.000 389.237 0.150 0.004
1012 1267 1292 25 368.961 0.000 368.961 0.150 0.005
1013 1267 1292 25 350.382 0.000 350.382 0.150 0.005
1014 1267 1292 25 334.595 0.000 334.595 0.150 0.005
1015 1237 1252 15 316.676 0.000 316.676 0.150 0.005
1016 1237 1252 15 297.361 0.000 297.361 0.150 0.006
1017 1237 1252 15 281.837 0.000 281.837 0.150 0.006
1018 1237 1252 15 264.804 0.000 264.804 0.150 0.007
1019 1237 1252 15 248.987 0.000 248.987 0.150 0.007
1020 1189 1189 0 235.123 0.000 235.123 0.150 0.007
1021 1189 1189 0 222.008 0.000 222.008 0.150 0.008
1022 1189 1189 0 209.842 0.000 209.842 0.150 0.008
1023 1189 1189 0 198.411 0.000 198.411 0.150 0.008
1024 1189 1189 0 187.325 0.000 187.325 0.150 0.009
1025 1189 1189 0 177.057 0.000 177.057 0.150 0.009
1026 1189 1189 0 166.564 0.000 166.564 0.150 0.009
1027 1189 1189 0 156.865 0.000 156.865 0.150 0.010
1028 1189 1189 0 148.627 0.000 148.627 0.150 0.010
1029 1189 1189 0 137.732 0.000 137.732 0.150 0.010
1030 1137 1137 0 129.792 0.000 129.792 0.167 0.011
1031 1137 1137 0 122.688 0.000 122.688 0.167 0.011
1032 1137 1137 0 115.642 0.000 115.642 0.183 0.011
1033 970 985 15 107.386 0.000 107.386 0.217 0.011
1034 970 985 15 99.832 0.000 99.832 0.217 0.012
1035 970 985 15 93.112 0.000 93.112 0.217 0.012
1036 892 892 0 85.569 0.000 85.569 0.233 0.013
1037 892 892 0 79.675 0.000 79.675 0.233 0.013
1038 892 892 0 73.098 0.000 73.098 0.233 0.013
1039 892 892 0 67.616 0.000 67.616 0.233 0.014
1040 736 736 0 62.314 0.000 62.314 0.267 0.014
1041 736 736 0 57.198 0.000 57.198 0.267 0.014
1042 736 736 0 51.897 0.000 51.897 0.267 0.015
1043 736 736 0 47.322 0.000 47.322 0.267 0.015
1044 736 736 0 41.471 0.000 41.471 0.283 0.015
1045 736 736 0 37.661 0.000 37.661 0.283 0.016
1046 736 736 0 33.400 0.000 33.400 0.283 0.016
1047 736 736 0 29.831 0.000 29.831 0.283 0.017
1048 736 736 0 25.784 0.000 25.784 0.300 0.017
1049 736 736 0 21.493 0.000 21.493 0.300 0.018
1050 736 736 0 17.863 0.000 17.863 0.317 0.018
1051 444 493 49 14.854 0.000 14.854 0.333 0.019
1052 444 493 49 11.653 0.000 11.653 0.333 0.019
1053 433 473 40 9.289 0.000 9.289 0.333 0.020
1054 433 473 40 7.320 0.000 7.320 0.350 0.020
1055 255 302 47 5.034 0.000 5.034 0.367 0.021
1056 255 302 47 3.645 0.000 3.645 0.367 0.021
1057 255 302 47 2.401 0.000 2.401 0.367 0.022
1058 255 302 47 1.533 0.000 1.533 0.383 0.022
1059 255 302 47 0.928 0.000 0.928 0.383 0.022
1060 233 261 28 0.518 0.000 0.518 0.383 0.023
1061 233 261 28 0.357 0.000 0.357 0.383 0.023
1062 233 261 28 0.274 0.000 0.274 0.383 0.023
1063 233 261 28 0.231 0.000 0.231 0.383 0.023
1064 233 261 28 0.216 0.000 0.216 0.383 0.022
1065 233 261 28 0.173 0.000 0.173 0.383 0.022
1066 233 261 28 0.182 0.000 0.182 0.383 0.022
1067 233 261 28 0.199 0.000 0.199 0.383 0.022
1068 233 261 28 0.207 0.000 0.207 0.383 0.021
1069 233 261 28 0.286 0.000 0.286 0.383 0.021
1070 272 272 0 0.443 0.000 0.443 0.383 0.021
1071 288 288 0 0.653 0.000 0.653 0.383 0.021
1072 288 288 0 1.015 0.000 1.015 0.400 0.021
1073 356 356 0 1.789 0.000 1.789 0.417 0.021
1074 356 356 0 2.785 0.000 2.785 0.417 0.021
1075 356 356 0 4.166 0.000 4.166 0.417 0.021
1076 356 356 0 6.066 0.000 6.066 0.417 0.021
1077 356 356 0 8.535 0.000 8.535 0.433 0.022
1078 418 418 0 11.659 0.000 11.659 0.433 0.022
1079 444 444 0 15.453 0.000 15.453 0.450 0.022
1080 486 486 0 19.742 0.000 19.742 0.450 0.022
1081 583 583 0 24.216 0.000 24.216 0.450 0.022
1082 634 634 0 30.216 0.000 30.216 0.467 0.023
1083 634 634 0 36.924 0.000 36.924 0.467 0.023
1084 634 634 0 44.586 0.000 44.586 0.517 0.023
1085 634 634 0 53.063 0.000 53.063 0.500 0.023
1086 634 634 0 62.706 0.000 62.706 0.500 0.024
1087 651 634 17 73.743 0.000 73.743 0.500 0.024
1088 660 634 26 83.037 0.000 83.037 0.500 0.024
1089 838 803 35 96.752 0.000 96.752 0.500 0.024
1090 838 803 35 108.341 0.000 108.341 0.483 0.024
1091 847 803 44 121.120 0.000 121.120 0.483 0.025
1092 847 803 44 135.954 0.000 135.954 0.500 0.025
1093 929 880 49 150.575 0.000 150.575 0.533 0.025
1094 1062 1044 18 169.745 0.000 169.745 0.550 0.025
1095 1117 1117 0 186.155 0.000 186.155 0.550 0.026
1096 1200 1200 0 203.853 0.000 203.853 0.600 0.026
1097 1431 1431 0 224.435 0.000 224.435 0.633 0.026
1098 1633 1633 0 242.674 0.000 242.674 0.683 0.026
1099 1633 1633 0 262.717 0.000 262.717 0.683 0.026
1100 1951 1951 0 283.236 0.000 283.236 0.733 0.026
1101 2193 2193 0 309.835 0.000 309.835 0.750 0.027
1102 2193 2193 0 336.475 0.000 336.475 0.750 0.027
1103 2193 2193 0 357.807 0.000 357.807 0.750 0.027
1104 2193 2193 0 381.570 0.000 381.570 0.717 0.027
1105 2193 2193 0 400.938 0.000 400.938 0.683 0.027
1106 2193 2193 0 420.407 0.000 420.407 0.683 0.027
1107 2193 2193 0 440.407 0.000 440.407 0.683 0.027
1108 2193 2193 0 457.486 0.000 457.486 0.683 0.027
1109 2193 2193 0 475.500 0.000 475.500 0.683 0.027
1110 2193 2193 0 492.138 0.000 492.138 0.683 0.027
1111 2193 2193 0 507.049 0.000 507.049 0.683 0.027
1112 2193 2193 0 521.079 0.000 521.079 0.667 0.027
1113 2193 2193 0 536.898 0.000 536.898 0.650 0.027
1114 2193 2193 0 551.687 0.000 551.687 0.633 0.026
1115 2193 2193 0 568.399 0.000 568.399 0.633 0.026
1116 2193 2193 0 582.591 0.000 582.591 0.633 0.026
1117 2193 2193 0 595.269 0.000 595.269 0.633 0.026
1118 2193 2193 0 607.690 0.000 607.690 0.617 0.026
1119 2193 2193 0 619.993 0.000 619.993 0.617 0.026
1120 2193 2193 0 632.504 0.000 632.504 0.600 0.025
1121 2193 2193 0 644.965 0.000 644.965 0.600 0.026
1122 2193 2193 0 656.079 0.000 656.079 0.600 0.026
1123 2193 2193 0 667.286 0.000 667.286 0.600 0.026
1124 2193 2193 0 677.943 0.000 677.943 0.600 0.026
1125 2193 2193 0 691.726 0.000 691.726 0.600 0.026
1126 2193 2193 0 703.478 0.000 703.478 0.600 0.027
1127 2193 2193 0 714.846 0.000 714.846 0.600 0.027
1128 2193 2193 0 725.097 0.000 725.097 0.600 0.027
1129 2193 2193 0 736.337 0.000 736.337 0.600 0.027
1130 2193 2193 0 747.464 0.000 747.464 0.600 0.027
1131 2193 2193 0 758.972 0.000 758.972 0.600 0.027
1132 2193 2193 0 770.392 0.000 770.392 0.583 0.027
1133 2193 2193 0 783.041 0.000 783.041 0.583 0.026
1134 2193 2193 0 793.172 0.000 793.172 0.583 0.026
1135 2193 2193 0 804.090 0.000 804.090 0.567 0.025
1136 2193 2193 0 814.754 0.000 814.754 0.567 0.025
1137 2193 2193 0 825.069 0.000 825.069 0.550 0.024
1138 2193 2193 0 835.128 0.000 835.128 0.550 0.024
1139 2193 2193 0 844.374 0.000 844.374 0.550 0.023
1140 2193 2193 0 853.180 0.000 853.180 0.533 0.023
1141 2193 2193 0 861.212 0.000 861.212 0.517 0.022
1142 2193 2193 0 870.330 0.000 870.330 0.500 0.022
1143 2193 2193 0 879.018 0.000 879.018 0.483 0.021
1144 2193 2193 0 887.466 0.000 887.466 0.450 0.020
1145 2193 2193 0 895.499 0.000 895.499 0.417 0.020
1146 2193 2193 0 903.854 0.000 903.854 0.417 0.019
1147 2193 2193 0 912.107 0.000 912.107 0.417 0.019
1148 2193 2193 0 917.921 0.000 917.921 0.417 0.018
1149 2193 2193 0 924.849 0.000 924.849 0.400 0.018
1150 2193 2193 0 930.128 0.000 930.128 0.400 0.017
1151 2193 2193 0 934.999 0.000 934.999 0.367 0.017
1152 2193 2193 0 940.672 0.000 940.672 0.367 0.016
1153 2193 2193 0 943.805 0.000 943.805 0.333 0.015
1154 2193 2193 0 948.658 0.000 948.658 0.250 0.015
1155 2193 2193 0 950.990 0.000 950.990 0.250 0.014
1156 2193 2193 0 951.475 0.000 951.475 0.217 0.014
1157 2193 2193 0 951.596 0.000 951.596 0.200 0.013
1158 2193 2193 0 949.680 0.000 949.680 0.200 0.013
1159 2193 2193 0 948.415 0.000 948.415 0.167 0.013
1160 2193 2193 0 943.389 0.000 943.389 0.167 0.012
1161 2182 2193 11 937.750 0.000 937.750 0.150 0.011
1162 2095 2132 37 928.178 0.000 928.178 0.150 0.011
1163 1830 1854 24 920.913 0.000 920.913 0.150 0.011
1164 1441 1441 0 910.595 0.000 910.595 0.183 0.010
1165 1422 1422 0 902.962 0.000 902.962 0.233 0.010
1166 1422 1422 0 893.747 0.000 893.747 0.233 0.009
1167 1422 1422 0 884.601 0.000 884.601 0.233 0.009
1168 1422 1422 0 873.948 0.000 873.948 0.233 0.008
1169 1422 1422 0 863.146 0.000 863.146 0.233 0.008
1170 1422 1422 0 848.672 0.000 848.672 0.233 0.007
1171 1422 1422 0 833.412 0.000 833.412 0.233 0.007
1172 1422 1422 0 818.986 0.000 818.986 0.233 0.007
1173 1422 1422 0 801.084 0.000 801.084 0.233 0.006
1174 1422 1422 0 783.648 0.000 783.648 0.233 0.006
1175 1422 1422 0 761.506 0.000 761.506 0.233 0.005
1176 1422 1422 0 739.413 0.000 739.413 0.233 0.005
1177 1422 1422 0 718.145 0.000 718.145 0.233 0.005
1178 1422 1422 0 699.133 0.000 699.133 0.233 0.004
1179 1422 1422 0 674.385 0.000 674.385 0.233 0.004
1180 1422 1422 0 653.214 0.000 653.214 0.233 0.004
1181 1422 1422 0 627.876 0.000 627.876 0.233 0.004
1182 1422 1422 0 603.059 0.000 603.059 0.233 0.004
1183 1422 1422 0 577.630 0.000 577.630 0.233 0.003
1184 1422 1422 0 551.705 0.000 551.705 0.233 0.003
1185 1422 1422 0 524.257 0.000 524.257 0.233 0.003
1186 1417 1417 0 500.377 0.000 500.377 0.233 0.004
1187 1417 1417 0 476.689 0.000 476.689 0.233 0.004
1188 1417 1417 0 453.761 0.000 453.761 0.233 0.004
1189 1417 1417 0 433.017 0.000 433.017 0.233 0.004
1190 1304 1310 6 412.098 0.000 412.098 0.233 0.004
1191 1304 1310 6 392.010 0.000 392.010 0.233 0.004
1192 1286 1310 24 372.413 0.000 372.413 0.233 0.005
1193 1283 1310 27 352.078 0.000 352.078 0.283 0.005
1194 1283 1304 21 334.603 0.000 334.603 0.300 0.005
1195 1233 1233 0 315.019 0.000 315.019 0.300 0.006
1196 1168 1209 41 294.890 0.000 294.890 0.300 0.006
1197 1147 1150 3 278.090 0.000 278.090 0.300 0.006
1198 1147 1150 3 262.381 0.000 262.381 0.300 0.007
1199 1145 1150 5 249.051 0.000 249.051 0.300 0.007
