1 449 449 0 262.041 0.000 262.041 6.000 1.438
2 449 449 0 275.567 0.000 275.567 3.000 0.733
3 518 518 0 295.202 0.000 295.202 2.333 0.500
4 518 518 0 310.022 0.000 310.022 1.750 0.384
5 780 780 0 322.483 0.000 322.483 1.400 0.313
6 780 780 0 342.619 0.000 342.619 1.333 0.268
7 780 780 0 354.499 0.000 354.499 1.143 0.233
8 780 780 0 372.663 0.000 372.663 1.250 0.208
9 831 780 51 393.258 0.000 393.258 1.333 0.188
10 1102 1102 0 414.651 0.000 414.651 1.200 0.173
11 1279 1279 0 435.503 0.000 435.503 1.273 0.160
12 1763 1763 0 458.789 0.000 458.789 1.583 0.149
13 1930 1868 62 487.411 0.000 487.411 1.769 0.140
14 2216 2216 0 514.429 0.000 514.429 1.929 0.132
15 2514 2437 77 540.908 0.000 540.908 2.000 0.125
16 2723 2595 128 574.323 0.000 574.323 2.188 0.119
17 2800 2766 34 601.010 0.000 601.010 2.176 0.113
18 2967 2880 87 628.046 0.000 628.046 2.222 0.109
19 2967 2880 87 661.160 0.000 661.160 2.105 0.105
20 2967 2880 87 682.067 0.000 682.067 2.000 0.101
21 2967 2880 87 714.929 0.000 714.929 1.905 0.097
22 2967 2880 87 737.634 0.000 737.634 1.818 0.094
23 2967 2880 87 758.735 0.000 758.735 1.739 0.091
24 3096 2993 103 775.961 0.000 775.961 1.792 0.088
25 3385 3342 43 793.693 0.000 793.693 1.840 0.086
26 3423 3342 81 811.681 0.000 811.681 1.808 0.084
27 3511 3511 0 825.216 0.000 825.216 1.815 0.082
28 3665 3665 0 837.000 0.000 837.000 1.821 0.080
29 3665 3665 0 851.355 0.000 851.355 1.759 0.078
30 3665 3665 0 863.081 0.000 863.081 1.700 0.076
31 3665 3665 0 867.382 0.000 867.382 1.645 0.074
32 3665 3665 0 870.498 0.000 870.498 1.594 0.073
33 3665 3665 0 874.336 0.000 874.336 1.545 0.072
34 3665 3665 0 877.509 0.000 877.509 1.500 0.070
35 3665 3665 0 880.789 0.000 880.789 1.457 0.069
36 3665 3665 0 884.497 0.000 884.497 1.417 0.068
37 3665 3665 0 888.320 0.000 888.320 1.378 0.066
38 3665 3665 0 891.373 0.000 891.373 1.342 0.065
39 3665 3665 0 894.395 0.000 894.395 1.308 0.064
40 3665 3665 0 897.334 0.000 897.334 1.275 0.063
41 3665 3665 0 900.331 0.000 900.331 1.244 0.062
42 3665 3665 0 903.876 0.000 903.876 1.214 0.061
43 3665 3665 0 906.444 0.000 906.444 1.186 0.060
44 3665 3665 0 909.812 0.000 909.812 1.159 0.059
45 3665 3665 0 912.222 0.000 912.222 1.133 0.058
46 3665 3665 0 914.294 0.000 914.294 1.109 0.056
47 3665 3665 0 916.427 0.000 916.427 1.085 0.055
48 3665 3665 0 918.904 0.000 918.904 1.063 0.055
49 3665 3665 0 920.803 0.000 920.803 1.041 0.054
50 3665 3665 0 922.582 0.000 922.582 1.020 0.053
51 3665 3665 0 924.230 0.000 924.230 1.000 0.052
52 3665 3665 0 925.737 0.000 925.737 0.981 0.051
53 3665 3665 0 926.925 0.000 926.925 0.962 0.050
54 3665 3665 0 928.131 0.000 928.131 0.944 0.049
55 3665 3665 0 928.941 0.000 928.941 0.927 0.048
56 3665 3665 0 929.616 0.000 929.616 0.911 0.047
57 3665 3665 0 930.079 0.000 930.079 0.895 0.047
58 3665 3665 0 930.539 0.000 930.539 0.879 0.046
59 3665 3665 0 930.808 0.000 930.808 0.864 0.045
60 3665 3665 0 931.016 0.000 931.016 0.850 0.044
61 3665 3665 0 939.580 0.000 939.580 0.833 0.020
62 3665 3665 0 946.609 0.000 946.609 0.817 0.020
63 3665 3665 0 955.422 0.000 955.422 0.817 0.019
64 3665 3665 0 965.230 0.000 965.230 0.817 0.019
65 3665 3665 0 971.887 0.000 971.887 0.817 0.018
66 3665 3665 0 982.038 0.000 982.038 0.800 0.018
67 3665 3665 0 988.676 0.000 988.676 0.783 0.017
68 3665 3665 0 997.601 0.000 997.601 0.767 0.017
69 3665 3665 0 1004.808 0.000 1004.808 0.683 0.016
70 3665 3665 0 1011.829 0.000 1011.829 0.667 0.015
71 3665 3665 0 1017.392 0.000 1017.392 0.617 0.015
72 3665 3665 0 1021.377 0.000 1021.377 0.533 0.014
73 3665 3665 0 1023.488 0.000 1023.488 0.467 0.014
74 3665 3665 0 1024.929 0.000 1024.929 0.400 0.013
75 3665 3665 0 1022.446 0.000 1022.446 0.350 0.013
76 3665 3665 0 1018.197 0.000 1018.197 0.267 0.013
77 3665 3665 0 1014.172 0.000 1014.172 0.233 0.012
78 3665 3665 0 1009.345 0.000 1009.345 0.183 0.012
79 3665 3665 0 1001.835 0.000 1001.835 0.183 0.011
80 3665 3665 0 994.877 0.000 994.877 0.183 0.011
81 3665 3665 0 983.387 0.000 983.387 0.183 0.010
82 3665 3665 0 973.982 0.000 973.982 0.183 0.010
83 3665 3665 0 963.752 0.000 963.752 0.183 0.009
84 3665 3665 0 953.583 0.000 953.583 0.133 0.009
85 3665 3665 0 939.321 0.000 939.321 0.133 0.009
86 3665 3665 0 924.148 0.000 924.148 0.133 0.008
87 3665 3665 0 909.666 0.000 909.666 0.117 0.008
88 3624 3665 41 894.096 0.000 894.096 0.117 0.007
89 2989 2989 0 874.290 0.000 874.290 0.117 0.007
90 2179 2203 24 855.437 0.000 855.437 0.200 0.007
91 1515 1438 77 841.532 0.000 841.532 0.283 0.006
92 1515 1438 77 828.673 0.000 828.673 0.283 0.006
93 1515 1438 77 810.807 0.000 810.807 0.283 0.005
94 1515 1438 77 794.061 0.000 794.061 0.283 0.005
95 1515 1438 77 774.286 0.000 774.286 0.283 0.005
96 1515 1438 77 751.929 0.000 751.929 0.283 0.004
97 1515 1438 77 727.084 0.000 727.084 0.283 0.004
98 1515 1438 77 704.628 0.000 704.628 0.283 0.004
99 1515 1438 77 677.836 0.000 677.836 0.283 0.003
100 1515 1438 77 653.717 0.000 653.717 0.283 0.003
101 1515 1438 77 629.746 0.000 629.746 0.283 0.003
102 1515 1438 77 602.669 0.000 602.669 0.283 0.003
103 1515 1438 77 577.163 0.000 577.163 0.283 0.003
104 1515 1438 77 550.821 0.000 550.821 0.283 0.003
105 1515 1438 77 529.506 0.000 529.506 0.283 0.003
106 1515 1438 77 505.528 0.000 505.528 0.283 0.003
107 1515 1438 77 482.109 0.000 482.109 0.283 0.003
108 1515 1438 77 457.620 0.000 457.620 0.283 0.003
109 1515 1438 77 434.680 0.000 434.680 0.283 0.003
110 1273 1303 30 411.801 0.000 411.801 0.300 0.004
111 1220 1303 83 389.751 0.000 389.751 0.300 0.004
112 1211 1303 92 368.763 0.000 368.763 0.300 0.004
113 1211 1303 92 348.594 0.000 348.594 0.300 0.005
114 1208 1232 24 329.401 0.000 329.401 0.300 0.005
115 1208 1232 24 310.486 0.000 310.486 0.300 0.005
116 1208 1232 24 294.432 0.000 294.432 0.333 0.005
117 1208 1232 24 279.832 0.000 279.832 0.333 0.006
118 1208 1232 24 265.510 0.000 265.510 0.333 0.006
119 1208 1232 24 251.916 0.000 251.916 0.333 0.006
120 1208 1232 24 237.727 0.000 237.727 0.333 0.007
121 1208 1232 24 223.831 0.000 223.831 0.333 0.007
122 1208 1232 24 209.453 0.000 209.453 0.350 0.007
123 1064 1139 75 196.906 0.000 196.906 0.350 0.008
124 1048 1139 91 188.462 0.000 188.462 0.350 0.008
125 1040 1139 99 177.574 0.000 177.574 0.350 0.008
126 1040 1139 99 167.679 0.000 167.679 0.350 0.009
127 1018 1139 121 157.621 0.000 157.621 0.350 0.009
128 1018 1139 121 148.130 0.000 148.130 0.350 0.009
129 1018 1139 121 140.094 0.000 140.094 0.350 0.010
130 1018 1139 121 132.099 0.000 132.099 0.350 0.010
131 1018 1139 121 124.631 0.000 124.631 0.350 0.010
132 1018 1139 121 118.434 0.000 118.434 0.350 0.010
133 964 1066 102 111.388 0.000 111.388 0.383 0.011
134 964 1066 102 105.327 0.000 105.327 0.383 0.011
135 964 1066 102 96.826 0.000 96.826 0.383 0.011
136 964 1066 102 87.857 0.000 87.857 0.383 0.011
137 964 1066 102 80.881 0.000 80.881 0.383 0.012
138 905 905 0 75.483 0.000 75.483 0.383 0.012
139 905 905 0 69.888 0.000 69.888 0.383 0.012
140 905 905 0 63.544 0.000 63.544 0.417 0.013
141 733 880 147 57.779 0.000 57.779 0.417 0.013
142 733 880 147 52.471 0.000 52.471 0.433 0.013
143 733 880 147 47.517 0.000 47.517 0.433 0.014
144 733 880 147 43.450 0.000 43.450 0.433 0.014
145 733 880 147 38.409 0.000 38.409 0.433 0.014
146 733 880 147 33.630 0.000 33.630 0.433 0.015
147 686 718 32 28.864 0.000 28.864 0.467 0.015
148 686 718 32 24.858 0.000 24.858 0.467 0.015
149 509 514 5 20.640 0.000 20.640 0.400 0.016
150 509 514 5 17.161 0.000 17.161 0.283 0.016
151 509 514 5 14.366 0.000 14.366 0.300 0.017
152 494 514 20 11.937 0.000 11.937 0.317 0.017
153 414 514 100 9.226 0.000 9.226 0.333 0.018
154 414 514 100 7.329 0.000 7.329 0.333 0.018
155 414 514 100 5.498 0.000 5.498 0.383 0.018
156 298 342 44 3.826 0.000 3.826 0.383 0.019
157 277 305 28 2.564 0.000 2.564 0.383 0.019
158 240 305 65 1.580 0.000 1.580 0.383 0.020
159 240 285 45 0.952 0.000 0.952 0.383 0.020
160 240 285 45 0.565 0.000 0.565 0.383 0.020
161 234 285 51 0.290 0.000 0.290 0.383 0.020
162 234 285 51 0.187 0.000 0.187 0.400 0.020
163 234 285 51 0.155 0.000 0.155 0.367 0.020
164 234 245 11 0.097 0.000 0.097 0.367 0.020
165 197 230 33 0.046 0.000 0.046 0.367 0.020
166 197 230 33 0.053 0.000 0.053 0.350 0.019
167 197 230 33 0.057 0.000 0.057 0.350 0.019
168 197 230 33 0.133 0.000 0.133 0.350 0.019
169 234 230 4 0.256 0.000 0.256 0.350 0.019
170 234 230 4 0.425 0.000 0.425 0.367 0.019
171 234 230 4 0.575 0.000 0.575 0.367 0.018
172 234 230 4 0.983 0.000 0.983 0.367 0.018
173 234 230 4 1.515 0.000 1.515 0.367 0.018
174 264 264 0 2.601 0.000 2.601 0.367 0.018
175 264 264 0 3.689 0.000 3.689 0.367 0.018
176 356 356 0 5.820 0.000 5.820 0.367 0.019
177 392 356 36 8.658 0.000 8.658 0.367 0.019
178 400 400 0 11.454 0.000 11.454 0.383 0.019
179 400 400 0 15.051 0.000 15.051 0.400 0.019
180 496 496 0 20.059 0.000 20.059 0.400 0.020
181 496 496 0 26.214 0.000 26.214 0.417 0.020
182 496 496 0 32.584 0.000 32.584 0.450 0.020
183 580 580 0 40.391 0.000 40.391 0.450 0.020
184 598 593 5 49.146 0.000 49.146 0.467 0.021
185 618 593 25 57.287 0.000 57.287 0.467 0.021
186 618 610 8 66.388 0.000 66.388 0.483 0.021
187 618 610 8 76.024 0.000 76.024 0.517 0.021
188 723 723 0 87.892 0.000 87.892 0.517 0.021
189 1188 1155 33 102.758 0.000 102.758 0.617 0.021
190 1221 1155 66 119.258 0.000 119.258 0.633 0.022
191 1364 1313 51 135.409 0.000 135.409 0.683 0.022
192 1364 1313 51 146.997 0.000 146.997 0.683 0.022
193 1364 1313 51 162.270 0.000 162.270 0.683 0.022
194 1364 1313 51 179.609 0.000 179.609 0.683 0.022
195 1364 1313 51 199.759 0.000 199.759 0.683 0.022
196 1364 1313 51 218.819 0.000 218.819 0.683 0.023
197 1397 1347 50 239.681 0.000 239.681 0.683 0.023
198 1397 1347 50 258.424 0.000 258.424 0.667 0.023
199 1631 1594 37 279.393 0.000 279.393 0.733 0.023
200 1719 1704 15 303.872 0.000 303.872 0.767 0.023
201 1854 1852 2 327.343 0.000 327.343 0.700 0.023
202 1854 1852 2 349.762 0.000 349.762 0.683 0.023
203 1854 1852 2 369.079 0.000 369.079 0.683 0.023
204 1854 1852 2 388.214 0.000 388.214 0.683 0.023
205 1854 1852 2 407.575 0.000 407.575 0.683 0.023
206 1854 1852 2 425.338 0.000 425.338 0.683 0.024
207 1854 1852 2 443.205 0.000 443.205 0.650 0.024
208 1854 1852 2 460.738 0.000 460.738 0.633 0.024
209 1854 1852 2 479.000 0.000 479.000 0.617 0.023
210 1854 1852 2 494.009 0.000 494.009 0.600 0.023
211 1854 1852 2 509.736 0.000 509.736 0.600 0.023
212 1854 1852 2 524.611 0.000 524.611 0.600 0.023
213 1854 1852 2 540.803 0.000 540.803 0.583 0.023
214 1854 1852 2 554.109 0.000 554.109 0.567 0.023
215 1854 1852 2 569.623 0.000 569.623 0.550 0.023
216 1854 1852 2 583.293 0.000 583.293 0.517 0.023
217 1854 1852 2 597.668 0.000 597.668 0.517 0.023
218 1854 1852 2 610.239 0.000 610.239 0.517 0.023
219 1854 1852 2 624.776 0.000 624.776 0.517 0.023
220 1854 1852 2 637.066 0.000 637.066 0.517 0.023
221 1854 1852 2 650.901 0.000 650.901 0.517 0.023
222 1854 1852 2 662.905 0.000 662.905 0.517 0.023
223 1854 1852 2 676.325 0.000 676.325 0.517 0.023
224 1854 1852 2 687.232 0.000 687.232 0.517 0.023
225 1854 1852 2 699.338 0.000 699.338 0.517 0.023
226 1854 1852 2 707.484 0.000 707.484 0.517 0.023
227 1854 1852 2 717.806 0.000 717.806 0.517 0.024
228 1854 1852 2 727.918 0.000 727.918 0.517 0.024
229 1854 1852 2 739.454 0.000 739.454 0.517 0.024
230 1854 1852 2 751.293 0.000 751.293 0.500 0.024
231 1854 1852 2 762.508 0.000 762.508 0.500 0.024
232 1854 1852 2 772.804 0.000 772.804 0.500 0.023
233 1854 1852 2 782.056 0.000 782.056 0.500 0.023
234 1854 1852 2 792.388 0.000 792.388 0.483 0.023
235 1854 1852 2 800.715 0.000 800.715 0.483 0.022
236 1854 1852 2 810.502 0.000 810.502 0.467 0.022
237 1854 1852 2 821.506 0.000 821.506 0.467 0.021
238 1854 1852 2 829.931 0.000 829.931 0.450 0.021
239 1854 1852 2 838.567 0.000 838.567 0.433 0.020
240 1854 1852 2 848.292 0.000 848.292 0.400 0.020
241 1854 1852 2 858.977 0.000 858.977 0.383 0.019
242 1854 1852 2 868.233 0.000 868.233 0.350 0.019
243 1854 1852 2 877.829 0.000 877.829 0.350 0.018
244 1854 1852 2 887.430 0.000 887.430 0.333 0.017
245 1854 1852 2 895.249 0.000 895.249 0.333 0.017
246 1854 1852 2 902.608 0.000 902.608 0.317 0.017
247 1854 1852 2 909.632 0.000 909.632 0.283 0.016
248 1854 1852 2 916.892 0.000 916.892 0.283 0.016
249 1854 1852 2 922.826 0.000 922.826 0.250 0.015
250 1854 1852 2 928.799 0.000 928.799 0.217 0.014
251 1854 1852 2 933.177 0.000 933.177 0.217 0.014
252 1854 1852 2 936.701 0.000 936.701 0.217 0.014
253 1854 1852 2 939.544 0.000 939.544 0.200 0.013
254 1854 1852 2 943.573 0.000 943.573 0.183 0.013
255 1854 1852 2 945.369 0.000 945.369 0.183 0.013
256 1854 1852 2 945.709 0.000 945.709 0.183 0.012
257 1854 1852 2 945.760 0.000 945.760 0.167 0.012
258 1854 1852 2 944.936 0.000 944.936 0.167 0.011
259 1854 1852 2 943.124 0.000 943.124 0.167 0.011
260 1854 1852 2 937.716 0.000 937.716 0.150 0.010
261 1632 1704 72 930.925 0.000 930.925 0.150 0.010
262 1632 1704 72 924.186 0.000 924.186 0.150 0.010
263 1535 1535 0 918.894 0.000 918.894 0.150 0.009
264 1535 1535 0 912.958 0.000 912.958 0.150 0.009
265 1535 1535 0 906.427 0.000 906.427 0.133 0.008
266 1535 1535 0 899.336 0.000 899.336 0.133 0.008
267 1535 1535 0 890.601 0.000 890.601 0.133 0.007
268 1427 1486 59 879.675 0.000 879.675 0.150 0.007
269 1427 1486 59 867.209 0.000 867.209 0.150 0.007
270 1427 1486 59 853.924 0.000 853.924 0.150 0.006
271 1427 1486 59 838.054 0.000 838.054 0.150 0.006
272 1427 1486 59 822.290 0.000 822.290 0.150 0.006
273 1427 1486 59 803.490 0.000 803.490 0.150 0.005
274 1427 1486 59 786.461 0.000 786.461 0.150 0.005
275 1427 1486 59 765.206 0.000 765.206 0.150 0.005
276 1427 1486 59 742.354 0.000 742.354 0.150 0.004
277 1427 1486 59 718.291 0.000 718.291 0.150 0.004
278 1427 1486 59 695.025 0.000 695.025 0.150 0.004
279 1427 1486 59 671.004 0.000 671.004 0.150 0.003
280 1427 1486 59 646.452 0.000 646.452 0.150 0.003
281 1365 1406 41 619.524 0.000 619.524 0.150 0.003
282 1365 1406 41 592.278 0.000 592.278 0.150 0.003
283 1365 1406 41 564.933 0.000 564.933 0.150 0.003
284 1316 1406 90 540.875 0.000 540.875 0.150 0.003
285 1316 1406 90 514.582 0.000 514.582 0.150 0.003
286 1316 1406 90 490.705 0.000 490.705 0.150 0.003
287 1316 1406 90 466.348 0.000 466.348 0.150 0.003
288 1316 1406 90 444.092 0.000 444.092 0.150 0.003
289 1309 1261 48 423.325 0.000 423.325 0.150 0.003
290 1257 1261 4 398.662 0.000 398.662 0.150 0.004
291 1257 1261 4 377.845 0.000 377.845 0.150 0.004
292 1257 1251 6 360.230 0.000 360.230 0.150 0.004
293 1251 1251 0 342.019 0.000 342.019 0.150 0.004
294 1251 1251 0 323.051 0.000 323.051 0.150 0.005
295 1251 1251 0 303.143 0.000 303.143 0.150 0.005
296 1251 1251 0 286.463 0.000 286.463 0.150 0.005
297 1213 1251 38 270.988 0.000 270.988 0.150 0.006
298 1213 1251 38 257.010 0.000 257.010 0.150 0.006
299 1181 1251 70 244.390 0.000 244.390 0.150 0.006
300 1181 1251 70 231.057 0.000 231.057 0.150 0.006
301 1181 1251 70 217.753 0.000 217.753 0.150 0.007
302 1181 1251 70 206.341 0.000 206.341 0.150 0.007
303 1181 1251 70 192.956 0.000 192.956 0.167 0.007
304 1181 1251 70 180.674 0.000 180.674 0.183 0.008
305 1181 1251 70 170.681 0.000 170.681 0.183 0.008
306 1181 1251 70 161.187 0.000 161.187 0.183 0.008
307 1027 1027 0 151.634 0.000 151.634 0.183 0.009
308 1027 1027 0 143.888 0.000 143.888 0.200 0.009
309 1027 1027 0 135.405 0.000 135.405 0.200 0.009
310 1027 1027 0 128.074 0.000 128.074 0.200 0.009
311 1027 1027 0 120.888 0.000 120.888 0.200 0.010
312 1027 1027 0 112.701 0.000 112.701 0.200 0.010
313 1027 1027 0 105.461 0.000 105.461 0.200 0.010
314 1027 1027 0 99.339 0.000 99.339 0.233 0.011
315 1027 1027 0 93.160 0.000 93.160 0.233 0.011
316 1018 1027 9 85.222 0.000 85.222 0.250 0.011
317 910 990 80 79.495 0.000 79.495 0.283 0.011
318 857 990 133 72.969 0.000 72.969 0.283 0.012
319 857 990 133 67.306 0.000 67.306 0.300 0.012
320 857 990 133 61.079 0.000 61.079 0.317 0.012
321 857 990 133 55.973 0.000 55.973 0.317 0.012
322 856 990 134 50.145 0.000 50.145 0.300 0.013
323 715 775 60 45.433 0.000 45.433 0.300 0.013
324 715 775 60 40.984 0.000 40.984 0.300 0.013
325 630 637 7 36.745 0.000 36.745 0.300 0.014
326 564 597 33 33.026 0.000 33.026 0.300 0.014
327 513 597 84 29.307 0.000 29.307 0.317 0.014
328 506 597 91 25.683 0.000 25.683 0.317 0.015
329 452 513 61 21.732 0.000 21.732 0.350 0.015
330 452 513 61 18.425 0.000 18.425 0.350 0.016
331 452 513 61 15.048 0.000 15.048 0.350 0.016
332 452 480 28 12.029 0.000 12.029 0.333 0.017
333 452 480 28 9.159 0.000 9.159 0.333 0.017
334 387 452 65 6.943 0.000 6.943 0.333 0.018
335 333 452 119 4.982 0.000 4.982 0.333 0.018
336 333 452 119 3.300 0.000 3.300 0.350 0.019
337 208 249 41 2.042 0.000 2.042 0.350 0.019
338 208 249 41 1.256 0.000 1.256 0.367 0.020
339 170 246 76 0.720 0.000 0.720 0.383 0.020
340 161 246 85 0.541 0.000 0.541 0.350 0.020
341 161 218 57 0.414 0.000 0.414 0.350 0.020
342 161 218 57 0.257 0.000 0.257 0.367 0.020
343 152 218 66 0.203 0.000 0.203 0.367 0.020
344 152 218 66 0.174 0.000 0.174 0.367 0.020
345 152 218 66 0.160 0.000 0.160 0.367 0.020
346 194 218 24 0.193 0.000 0.193 0.350 0.019
347 194 218 24 0.211 0.000 0.211 0.350 0.019
348 237 237 0 0.258 0.000 0.258 0.350 0.019
349 237 237 0 0.324 0.000 0.324 0.350 0.019
350 237 237 0 0.405 0.000 0.405 0.350 0.018
351 237 237 0 0.580 0.000 0.580 0.350 0.018
352 306 305 1 0.990 0.000 0.990 0.350 0.018
353 327 327 0 1.461 0.000 1.461 0.350 0.018
354 379 379 0 2.421 0.000 2.421 0.350 0.018
355 379 379 0 3.677 0.000 3.677 0.367 0.018
356 468 468 0 5.960 0.000 5.960 0.367 0.019
357 468 468 0 9.004 0.000 9.004 0.400 0.019
358 468 468 0 12.262 0.000 12.262 0.400 0.019
359 468 468 0 16.040 0.000 16.040 0.417 0.019
360 468 468 0 20.068 0.000 20.068 0.433 0.020
361 497 497 0 24.938 0.000 24.938 0.483 0.020
362 497 497 0 30.350 0.000 30.350 0.483 0.020
363 499 499 0 36.783 0.000 36.783 0.483 0.020
364 561 546 15 43.941 0.000 43.941 0.483 0.020
365 563 546 17 52.205 0.000 52.205 0.483 0.021
366 668 668 0 60.891 0.000 60.891 0.500 0.021
367 668 668 0 72.614 0.000 72.614 0.550 0.021
368 668 668 0 83.293 0.000 83.293 0.550 0.021
369 758 668 90 93.581 0.000 93.581 0.550 0.021
370 758 715 43 107.875 0.000 107.875 0.550 0.021
371 803 769 34 120.524 0.000 120.524 0.567 0.022
372 1003 1000 3 136.469 0.000 136.469 0.600 0.022
373 1003 1000 3 152.277 0.000 152.277 0.600 0.022
374 1003 1000 3 169.444 0.000 169.444 0.583 0.022
375 1241 1166 75 187.116 0.000 187.116 0.683 0.022
376 1241 1166 75 204.344 0.000 204.344 0.667 0.022
377 1241 1166 75 222.458 0.000 222.458 0.667 0.023
378 1617 1617 0 244.783 0.000 244.783 0.717 0.023
379 2229 2229 0 267.236 0.000 267.236 0.783 0.023
380 2667 2555 112 297.117 0.000 297.117 0.917 0.023
381 2790 2735 55 326.853 0.000 326.853 0.967 0.024
382 2986 2895 91 357.356 0.000 357.356 1.050 0.024
383 3004 2895 109 389.604 0.000 389.604 1.033 0.024
384 3004 2895 109 416.581 0.000 416.581 1.033 0.024
385 3004 2895 109 445.268 0.000 445.268 1.017 0.024
386 3004 2895 109 467.175 0.000 467.175 1.000 0.024
387 3004 2895 109 493.010 0.000 493.010 1.000 0.024
388 3004 2895 109 517.233 0.000 517.233 1.000 0.024
389 3004 2895 109 535.545 0.000 535.545 0.983 0.024
390 3004 2895 109 551.924 0.000 551.924 0.983 0.024
391 3004 2895 109 566.650 0.000 566.650 0.950 0.024
392 3004 2895 109 581.128 0.000 581.128 0.933 0.024
393 3004 2895 109 596.669 0.000 596.669 0.933 0.024
394 3004 2895 109 609.906 0.000 609.906 0.933 0.023
395 3004 2895 109 623.578 0.000 623.578 0.917 0.023
396 3004 2895 109 636.559 0.000 636.559 0.917 0.023
397 3004 2895 109 649.296 0.000 649.296 0.917 0.023
398 3004 2895 109 661.876 0.000 661.876 0.917 0.023
399 3004 2895 109 674.499 0.000 674.499 0.917 0.022
400 3004 2895 109 687.062 0.000 687.062 0.917 0.022
401 3004 2895 109 698.266 0.000 698.266 0.917 0.023
402 3004 2895 109 709.666 0.000 709.666 0.900 0.023
403 3004 2895 109 720.756 0.000 720.756 0.900 0.023
404 3004 2895 109 733.263 0.000 733.263 0.900 0.023
405 3004 2895 109 744.174 0.000 744.174 0.900 0.023
406 3004 2895 109 756.668 0.000 756.668 0.900 0.023
407 3004 2895 109 768.406 0.000 768.406 0.900 0.024
408 3004 2895 109 780.850 0.000 780.850 0.900 0.024
409 3004 2895 109 791.643 0.000 791.643 0.883 0.024
410 3004 2895 109 803.150 0.000 803.150 0.883 0.024
411 3004 2895 109 813.584 0.000 813.584 0.883 0.024
412 3004 2895 109 823.075 0.000 823.075 0.883 0.024
413 3004 2895 109 832.029 0.000 832.029 0.883 0.024
414 3004 2895 109 842.336 0.000 842.336 0.867 0.023
415 3004 2895 109 851.815 0.000 851.815 0.833 0.023
416 3004 2895 109 863.228 0.000 863.228 0.817 0.022
417 3004 2895 109 874.541 0.000 874.541 0.817 0.021
418 3004 2895 109 884.591 0.000 884.591 0.817 0.021
419 3004 2895 109 894.817 0.000 894.817 0.817 0.021
420 3004 2895 109 903.394 0.000 903.394 0.817 0.020
421 3004 2895 109 912.106 0.000 912.106 0.800 0.019
422 3004 2895 109 920.782 0.000 920.782 0.800 0.019
423 3004 2895 109 928.847 0.000 928.847 0.783 0.019
424 3004 2895 109 936.719 0.000 936.719 0.767 0.018
425 3004 2895 109 945.164 0.000 945.164 0.733 0.018
426 3004 2895 109 951.956 0.000 951.956 0.683 0.017
427 3004 2895 109 961.042 0.000 961.042 0.667 0.016
428 3004 2895 109 968.499 0.000 968.499 0.667 0.016
429 3004 2895 109 973.448 0.000 973.448 0.650 0.016
430 3004 2895 109 980.431 0.000 980.431 0.600 0.015
431 3004 2895 109 986.241 0.000 986.241 0.533 0.015
432 3004 2895 109 992.111 0.000 992.111 0.533 0.014
433 3004 2895 109 998.220 0.000 998.220 0.533 0.014
434 3004 2895 109 1002.786 0.000 1002.786 0.517 0.013
435 3004 2895 109 1006.191 0.000 1006.191 0.417 0.013
436 3004 2895 109 1009.052 0.000 1009.052 0.417 0.013
437 3004 2895 109 1011.854 0.000 1011.854 0.417 0.012
438 3004 2895 109 1010.990 0.000 1010.990 0.350 0.012
439 3004 2895 109 1006.930 0.000 1006.930 0.283 0.011
440 3004 2895 109 998.259 0.000 998.259 0.150 0.010
441 3004 2895 109 989.023 0.000 989.023 0.133 0.010
442 3004 2895 109 975.754 0.000 975.754 0.133 0.010
443 2979 2895 84 959.085 0.000 959.085 0.133 0.009
444 2979 2895 84 945.090 0.000 945.090 0.133 0.009
445 2803 2895 92 929.054 0.000 929.054 0.133 0.008
446 2803 2895 92 915.811 0.000 915.811 0.133 0.008
447 2469 2469 0 899.097 0.000 899.097 0.133 0.008
448 1915 1994 79 879.707 0.000 879.707 0.267 0.007
449 1671 1671 0 865.310 0.000 865.310 0.367 0.007
450 1671 1671 0 851.484 0.000 851.484 0.367 0.007
451 1671 1671 0 840.032 0.000 840.032 0.367 0.006
452 1671 1671 0 824.171 0.000 824.171 0.367 0.006
453 1671 1671 0 806.337 0.000 806.337 0.367 0.005
454 1671 1671 0 786.848 0.000 786.848 0.367 0.005
455 1671 1671 0 765.521 0.000 765.521 0.367 0.005
456 1671 1671 0 742.249 0.000 742.249 0.367 0.005
457 1671 1671 0 721.667 0.000 721.667 0.367 0.004
458 1671 1671 0 699.840 0.000 699.840 0.367 0.004
459 1328 1328 0 674.889 0.000 674.889 0.367 0.004
460 1328 1328 0 649.981 0.000 649.981 0.367 0.004
461 1328 1328 0 622.938 0.000 622.938 0.367 0.004
462 1328 1328 0 596.891 0.000 596.891 0.367 0.003
463 1328 1328 0 572.674 0.000 572.674 0.367 0.003
464 1301 1328 27 550.534 0.000 550.534 0.367 0.003
465 1301 1328 27 527.122 0.000 527.122 0.367 0.003
466 1301 1328 27 502.934 0.000 502.934 0.367 0.003
467 1301 1328 27 478.348 0.000 478.348 0.367 0.003
468 1301 1328 27 452.999 0.000 452.999 0.367 0.004
469 1301 1328 27 429.108 0.000 429.108 0.367 0.004
470 1301 1328 27 407.108 0.000 407.108 0.367 0.004
471 1301 1328 27 386.469 0.000 386.469 0.367 0.004
472 1301 1328 27 366.235 0.000 366.235 0.367 0.004
473 1301 1328 27 347.522 0.000 347.522 0.367 0.005
474 1301 1328 27 329.406 0.000 329.406 0.367 0.005
475 1301 1325 24 312.374 0.000 312.374 0.367 0.005
476 1301 1325 24 295.735 0.000 295.735 0.367 0.006
477 1301 1325 24 279.782 0.000 279.782 0.367 0.006
478 1301 1325 24 265.773 0.000 265.773 0.367 0.006
479 1301 1325 24 249.646 0.000 249.646 0.367 0.007
480 1301 1325 24 236.432 0.000 236.432 0.367 0.007
481 1301 1325 24 224.222 0.000 224.222 0.367 0.008
482 1301 1325 24 212.213 0.000 212.213 0.367 0.008
483 1301 1325 24 199.890 0.000 199.890 0.367 0.008
484 1301 1325 24 189.918 0.000 189.918 0.367 0.008
485 1301 1325 24 179.677 0.000 179.677 0.367 0.009
486 1301 1325 24 170.214 0.000 170.214 0.367 0.009
487 1301 1325 24 160.658 0.000 160.658 0.367 0.009
488 1301 1325 24 151.209 0.000 151.209 0.367 0.010
489 1301 1325 24 142.349 0.000 142.349 0.367 0.010
490 1301 1325 24 132.367 0.000 132.367 0.367 0.010
491 1301 1325 24 127.290 0.000 127.290 0.367 0.010
492 1301 1325 24 120.520 0.000 120.520 0.367 0.011
493 949 1007 58 112.638 0.000 112.638 0.400 0.011
494 949 1007 58 105.430 0.000 105.430 0.400 0.011
495 949 1007 58 99.148 0.000 99.148 0.400 0.012
496 949 1007 58 92.405 0.000 92.405 0.400 0.012
497 942 942 0 85.365 0.000 85.365 0.400 0.012
498 942 942 0 78.312 0.000 78.312 0.400 0.012
499 942 942 0 72.389 0.000 72.389 0.400 0.013
500 942 942 0 67.989 0.000 67.989 0.400 0.013
501 942 942 0 62.939 0.000 62.939 0.400 0.013
502 942 942 0 57.218 0.000 57.218 0.400 0.013
503 942 942 0 51.629 0.000 51.629 0.383 0.014
504 813 878 65 45.936 0.000 45.936 0.450 0.014
505 631 667 36 41.288 0.000 41.288 0.433 0.015
506 585 667 82 37.310 0.000 37.310 0.433 0.015
507 585 667 82 32.735 0.000 32.735 0.350 0.015
508 552 667 115 28.221 0.000 28.221 0.333 0.015
509 552 667 115 24.304 0.000 24.304 0.350 0.016
510 552 667 115 20.638 0.000 20.638 0.350 0.016
511 552 667 115 18.144 0.000 18.144 0.367 0.016
512 552 667 115 15.067 0.000 15.067 0.383 0.017
513 552 667 115 12.289 0.000 12.289 0.400 0.017
514 552 667 115 9.668 0.000 9.668 0.417 0.018
515 552 667 115 7.495 0.000 7.495 0.383 0.018
516 552 667 115 5.665 0.000 5.665 0.417 0.019
517 552 667 115 4.493 0.000 4.493 0.417 0.019
518 552 667 115 3.808 0.000 3.808 0.417 0.020
519 552 667 115 3.378 0.000 3.378 0.433 0.020
520 552 667 115 3.013 0.000 3.013 0.433 0.020
521 552 667 115 2.780 0.000 2.780 0.433 0.020
522 552 667 115 2.701 0.000 2.701 0.433 0.020
523 552 667 115 2.613 0.000 2.613 0.417 0.020
524 552 667 115 2.596 0.000 2.596 0.417 0.020
525 552 667 115 2.580 0.000 2.580 0.417 0.020
526 552 667 115 2.657 0.000 2.657 0.417 0.020
527 552 667 115 2.715 0.000 2.715 0.417 0.019
528 552 667 115 2.762 0.000 2.762 0.433 0.019
529 552 667 115 2.843 0.000 2.843 0.433 0.019
530 552 667 115 2.999 0.000 2.999 0.433 0.018
531 552 667 115 3.225 0.000 3.225 0.433 0.018
532 552 667 115 3.689 0.000 3.689 0.433 0.018
533 552 667 115 4.339 0.000 4.339 0.433 0.018
534 552 667 115 5.351 0.000 5.351 0.433 0.018
535 552 667 115 6.703 0.000 6.703 0.450 0.018
536 552 667 115 9.019 0.000 9.019 0.450 0.019
537 552 667 115 11.578 0.000 11.578 0.450 0.019
538 552 667 115 14.701 0.000 14.701 0.450 0.019
539 552 667 115 18.701 0.000 18.701 0.467 0.019
540 552 667 115 23.643 0.000 23.643 0.483 0.019
541 552 667 115 29.475 0.000 29.475 0.500 0.019
542 552 667 115 35.805 0.000 35.805 0.517 0.019
543 552 667 115 42.173 0.000 42.173 0.533 0.020
544 552 667 115 50.502 0.000 50.502 0.533 0.020
545 586 667 81 59.463 0.000 59.463 0.567 0.020
546 647 667 20 70.176 0.000 70.176 0.567 0.021
547 647 667 20 78.748 0.000 78.748 0.567 0.021
548 748 690 58 90.595 0.000 90.595 0.567 0.021
549 748 690 58 101.146 0.000 101.146 0.567 0.021
550 926 841 85 114.567 0.000 114.567 0.617 0.021
551 956 841 115 126.887 0.000 126.887 0.617 0.021
552 1013 982 31 139.735 0.000 139.735 0.633 0.022
553 1046 982 64 157.567 0.000 157.567 0.633 0.022
554 1046 982 64 173.782 0.000 173.782 0.617 0.022
555 1377 1283 94 187.117 0.000 187.117 0.633 0.022
556 1452 1452 0 205.433 0.000 205.433 0.633 0.022
557 1711 1711 0 224.885 0.000 224.885 0.667 0.023
558 1889 1889 0 245.135 0.000 245.135 0.683 0.023
559 2169 2169 0 268.189 0.000 268.189 0.683 0.023
560 2332 2332 0 290.590 0.000 290.590 0.683 0.023
561 2358 2332 26 313.163 0.000 313.163 0.683 0.023
562 2576 2509 67 340.191 0.000 340.191 0.650 0.024
563 2582 2509 73 364.522 0.000 364.522 0.667 0.024
564 2582 2509 73 391.282 0.000 391.282 0.650 0.024
565 2582 2509 73 412.672 0.000 412.672 0.633 0.024
566 2582 2509 73 435.564 0.000 435.564 0.633 0.024
567 2582 2509 73 454.962 0.000 454.962 0.617 0.024
568 2582 2509 73 470.065 0.000 470.065 0.600 0.024
569 2582 2509 73 486.196 0.000 486.196 0.600 0.024
570 2582 2509 73 501.804 0.000 501.804 0.600 0.024
571 2582 2509 73 518.753 0.000 518.753 0.600 0.024
572 2582 2509 73 536.232 0.000 536.232 0.600 0.024
573 2582 2509 73 550.597 0.000 550.597 0.600 0.024
574 2582 2509 73 564.460 0.000 564.460 0.600 0.023
575 2582 2509 73 578.208 0.000 578.208 0.600 0.023
576 2582 2509 73 593.379 0.000 593.379 0.600 0.023
577 2582 2509 73 607.619 0.000 607.619 0.600 0.023
578 2582 2509 73 621.463 0.000 621.463 0.600 0.023
579 2582 2509 73 634.786 0.000 634.786 0.600 0.023
580 2582 2509 73 647.341 0.000 647.341 0.600 0.023
581 2582 2509 73 659.652 0.000 659.652 0.600 0.023
582 2582 2509 73 671.215 0.000 671.215 0.600 0.023
583 2582 2509 73 682.080 0.000 682.080 0.600 0.023
584 2582 2509 73 693.416 0.000 693.416 0.600 0.023
585 2582 2509 73 705.353 0.000 705.353 0.600 0.024
586 2582 2509 73 716.498 0.000 716.498 0.600 0.024
587 2582 2509 73 729.036 0.000 729.036 0.600 0.024
588 2582 2509 73 740.924 0.000 740.924 0.600 0.024
589 2582 2509 73 752.759 0.000 752.759 0.600 0.024
590 2582 2509 73 764.198 0.000 764.198 0.600 0.024
591 2582 2509 73 774.522 0.000 774.522 0.600 0.024
592 2582 2509 73 785.701 0.000 785.701 0.600 0.024
593 2582 2509 73 796.333 0.000 796.333 0.600 0.024
594 2582 2509 73 806.349 0.000 806.349 0.600 0.023
595 2582 2509 73 815.850 0.000 815.850 0.600 0.023
596 2582 2509 73 827.262 0.000 827.262 0.600 0.022
597 2582 2509 73 836.450 0.000 836.450 0.600 0.022
598 2582 2509 73 846.275 0.000 846.275 0.600 0.021
599 2582 2509 73 855.496 0.000 855.496 0.600 0.021
600 2582 2509 73 865.724 0.000 865.724 0.600 0.020
601 2582 2509 73 876.053 0.000 876.053 0.600 0.020
602 2582 2509 73 885.489 0.000 885.489 0.600 0.019
603 2582 2509 73 893.559 0.000 893.559 0.600 0.019
604 2582 2509 73 902.891 0.000 902.891 0.600 0.018
605 2582 2509 73 911.103 0.000 911.103 0.600 0.018
606 2582 2509 73 920.201 0.000 920.201 0.600 0.017
607 2582 2509 73 926.423 0.000 926.423 0.583 0.016
608 2582 2509 73 933.029 0.000 933.029 0.533 0.016
609 2582 2509 73 938.950 0.000 938.950 0.533 0.016
610 2582 2509 73 944.416 0.000 944.416 0.533 0.015
611 2582 2509 73 949.597 0.000 949.597 0.533 0.015
612 2582 2509 73 954.433 0.000 954.433 0.533 0.014
613 2582 2509 73 960.308 0.000 960.308 0.517 0.014
614 2582 2509 73 963.471 0.000 963.471 0.467 0.013
615 2582 2509 73 964.355 0.000 964.355 0.367 0.013
616 2582 2509 73 966.075 0.000 966.075 0.317 0.012
617 2582 2509 73 964.735 0.000 964.735 0.267 0.012
618 2582 2509 73 964.834 0.000 964.834 0.217 0.011
619 2582 2509 73 961.958 0.000 961.958 0.167 0.011
620 2582 2509 73 956.919 0.000 956.919 0.167 0.010
621 2582 2509 73 951.213 0.000 951.213 0.150 0.010
622 2582 2509 73 943.038 0.000 943.038 0.150 0.009
623 2475 2509 34 934.011 0.000 934.011 0.133 0.009
624 2419 2509 90 921.483 0.000 921.483 0.133 0.009
625 2255 2258 3 911.933 0.000 911.933 0.133 0.008
626 1506 1585 79 899.724 0.000 899.724 0.267 0.008
627 1415 1415 0 888.228 0.000 888.228 0.300 0.008
628 1415 1415 0 879.307 0.000 879.307 0.300 0.007
629 1415 1415 0 870.152 0.000 870.152 0.300 0.007
630 1415 1415 0 858.663 0.000 858.663 0.300 0.007
631 1415 1415 0 842.151 0.000 842.151 0.300 0.006
632 1408 1403 5 826.932 0.000 826.932 0.300 0.006
633 1408 1403 5 809.247 0.000 809.247 0.300 0.005
634 1408 1403 5 790.926 0.000 790.926 0.300 0.005
635 1408 1403 5 769.037 0.000 769.037 0.300 0.005
636 1408 1403 5 745.757 0.000 745.757 0.300 0.004
637 1408 1403 5 723.890 0.000 723.890 0.300 0.004
638 1408 1403 5 699.007 0.000 699.007 0.300 0.004
639 1408 1403 5 673.670 0.000 673.670 0.300 0.004
640 1408 1403 5 650.672 0.000 650.672 0.300 0.003
641 1408 1403 5 623.913 0.000 623.913 0.300 0.003
642 1408 1403 5 597.441 0.000 597.441 0.300 0.003
643 1408 1403 5 576.160 0.000 576.160 0.300 0.003
644 1408 1403 5 553.597 0.000 553.597 0.300 0.003
645 1408 1403 5 527.013 0.000 527.013 0.300 0.003
646 1361 1403 42 499.851 0.000 499.851 0.300 0.003
647 1361 1403 42 473.838 0.000 473.838 0.300 0.003
648 1329 1403 74 450.128 0.000 450.128 0.300 0.003
649 1329 1403 74 428.890 0.000 428.890 0.300 0.004
650 1329 1403 74 405.412 0.000 405.412 0.300 0.004
651 1281 1337 56 384.698 0.000 384.698 0.300 0.004
652 1281 1337 56 364.549 0.000 364.549 0.300 0.004
653 1281 1337 56 343.818 0.000 343.818 0.300 0.005
654 1281 1337 56 326.086 0.000 326.086 0.300 0.005
655 1281 1337 56 310.605 0.000 310.605 0.333 0.005
656 1281 1337 56 293.659 0.000 293.659 0.333 0.005
657 1281 1337 56 278.555 0.000 278.555 0.333 0.006
658 1281 1337 56 263.655 0.000 263.655 0.333 0.006
659 1192 1205 13 250.116 0.000 250.116 0.333 0.006
660 1192 1205 13 234.591 0.000 234.591 0.333 0.007
661 1192 1205 13 221.071 0.000 221.071 0.333 0.007
662 1192 1205 13 210.337 0.000 210.337 0.333 0.007
663 1159 1205 46 198.637 0.000 198.637 0.333 0.008
664 1121 1175 54 187.792 0.000 187.792 0.333 0.008
665 1121 1175 54 178.520 0.000 178.520 0.333 0.008
666 1121 1175 54 169.001 0.000 169.001 0.333 0.009
667 1119 1103 16 158.632 0.000 158.632 0.367 0.009
668 1119 1103 16 149.469 0.000 149.469 0.367 0.009
669 1119 1103 16 140.890 0.000 140.890 0.367 0.010
670 1119 1103 16 131.295 0.000 131.295 0.367 0.010
671 962 1008 46 122.644 0.000 122.644 0.367 0.010
672 859 889 30 115.548 0.000 115.548 0.383 0.010
673 836 889 53 109.314 0.000 109.314 0.383 0.011
674 836 889 53 100.909 0.000 100.909 0.383 0.011
675 836 836 0 94.522 0.000 94.522 0.383 0.011
676 836 836 0 87.571 0.000 87.571 0.383 0.011
677 781 836 55 81.562 0.000 81.562 0.400 0.012
678 729 836 107 75.592 0.000 75.592 0.400 0.012
679 726 812 86 69.612 0.000 69.612 0.400 0.012
680 703 781 78 63.224 0.000 63.224 0.417 0.013
681 703 781 78 58.152 0.000 58.152 0.417 0.013
682 665 781 116 52.591 0.000 52.591 0.450 0.013
683 656 716 60 48.013 0.000 48.013 0.433 0.014
684 656 656 0 43.283 0.000 43.283 0.417 0.014
685 656 656 0 38.746 0.000 38.746 0.400 0.014
686 656 656 0 34.305 0.000 34.305 0.333 0.014
687 656 656 0 29.499 0.000 29.499 0.333 0.015
688 484 549 65 25.994 0.000 25.994 0.350 0.015
689 484 549 65 22.963 0.000 22.963 0.367 0.016
690 484 549 65 19.687 0.000 19.687 0.367 0.016
691 484 549 65 15.821 0.000 15.821 0.383 0.017
692 366 462 96 12.953 0.000 12.953 0.400 0.017
693 364 373 9 10.207 0.000 10.207 0.400 0.018
694 306 373 67 7.852 0.000 7.852 0.400 0.018
695 302 373 71 5.557 0.000 5.557 0.383 0.018
696 298 373 75 3.770 0.000 3.770 0.383 0.019
697 298 373 75 2.638 0.000 2.638 0.383 0.019
698 298 373 75 1.560 0.000 1.560 0.383 0.020
699 298 373 75 0.996 0.000 0.996 0.383 0.020
700 225 285 60 0.685 0.000 0.685 0.383 0.020
701 225 285 60 0.525 0.000 0.525 0.383 0.020
702 225 285 60 0.401 0.000 0.401 0.383 0.020
703 225 285 60 0.355 0.000 0.355 0.383 0.020
704 225 285 60 0.289 0.000 0.289 0.383 0.020
705 225 285 60 0.289 0.000 0.289 0.383 0.020
706 225 285 60 0.293 0.000 0.293 0.383 0.019
707 225 285 60 0.288 0.000 0.288 0.383 0.019
708 225 285 60 0.315 0.000 0.315 0.383 0.019
709 225 285 60 0.320 0.000 0.320 0.383 0.019
710 225 285 60 0.380 0.000 0.380 0.383 0.018
711 225 285 60 0.547 0.000 0.547 0.383 0.018
712 225 285 60 0.877 0.000 0.877 0.383 0.018
713 225 285 60 1.465 0.000 1.465 0.400 0.018
714 255 285 30 2.489 0.000 2.489 0.400 0.018
715 364 364 0 4.075 0.000 4.075 0.400 0.019
716 365 364 1 6.187 0.000 6.187 0.383 0.019
717 365 364 1 8.890 0.000 8.890 0.400 0.019
718 365 364 1 11.473 0.000 11.473 0.400 0.019
719 522 522 0 15.694 0.000 15.694 0.417 0.019
720 522 522 0 18.899 0.000 18.899 0.417 0.019
721 522 522 0 24.336 0.000 24.336 0.417 0.019
722 522 522 0 30.517 0.000 30.517 0.433 0.020
723 617 617 0 37.462 0.000 37.462 0.433 0.020
724 617 617 0 44.796 0.000 44.796 0.450 0.020
725 617 617 0 53.279 0.000 53.279 0.450 0.020
726 716 716 0 64.092 0.000 64.092 0.450 0.021
727 716 716 0 73.298 0.000 73.298 0.433 0.021
728 841 839 2 83.574 0.000 83.574 0.433 0.021
729 1038 1038 0 96.676 0.000 96.676 0.450 0.021
730 1038 1038 0 110.037 0.000 110.037 0.483 0.021
731 1038 1038 0 123.602 0.000 123.602 0.467 0.021
732 1038 1038 0 136.265 0.000 136.265 0.467 0.022
733 1180 1180 0 151.473 0.000 151.473 0.483 0.022
734 1559 1430 129 168.077 0.000 168.077 0.467 0.022
735 1628 1605 23 189.414 0.000 189.414 0.517 0.022
736 1628 1605 23 210.142 0.000 210.142 0.550 0.022
737 1638 1605 33 229.524 0.000 229.524 0.533 0.022
738 1638 1605 33 252.491 0.000 252.491 0.617 0.023
739 1638 1605 33 272.518 0.000 272.518 0.617 0.023
740 1670 1670 0 293.225 0.000 293.225 0.683 0.023
741 1670 1670 0 316.382 0.000 316.382 0.683 0.023
742 1670 1670 0 338.867 0.000 338.867 0.650 0.023
743 1670 1670 0 358.252 0.000 358.252 0.633 0.023
744 1958 1890 68 378.611 0.000 378.611 0.683 0.023
745 2323 2319 4 402.162 0.000 402.162 0.783 0.024
746 2776 2776 0 423.518 0.000 423.518 0.800 0.023
747 2791 2776 15 449.463 0.000 449.463 0.817 0.023
748 3025 2963 62 472.941 0.000 472.941 0.867 0.024
749 3025 2963 62 494.588 0.000 494.588 0.867 0.024
750 3025 2963 62 511.296 0.000 511.296 0.867 0.024
751 3025 2963 62 527.651 0.000 527.651 0.867 0.023
752 3025 2963 62 541.596 0.000 541.596 0.850 0.023
753 3025 2963 62 556.230 0.000 556.230 0.833 0.023
754 3025 2963 62 572.471 0.000 572.471 0.800 0.023
755 3025 2963 62 585.710 0.000 585.710 0.800 0.023
756 3025 2963 62 597.976 0.000 597.976 0.800 0.023
757 3025 2963 62 612.268 0.000 612.268 0.783 0.023
758 3025 2963 62 624.486 0.000 624.486 0.783 0.022
759 3025 2963 62 636.691 0.000 636.691 0.783 0.022
760 3025 2963 62 649.095 0.000 649.095 0.783 0.022
761 3025 2963 62 661.435 0.000 661.435 0.783 0.023
762 3025 2963 62 672.669 0.000 672.669 0.783 0.023
763 3025 2963 62 685.928 0.000 685.928 0.783 0.023
764 3025 2963 62 699.542 0.000 699.542 0.783 0.023
765 3025 2963 62 711.462 0.000 711.462 0.783 0.023
766 3025 2963 62 723.178 0.000 723.178 0.783 0.023
767 3025 2963 62 736.534 0.000 736.534 0.783 0.024
768 3025 2963 62 746.988 0.000 746.988 0.783 0.024
769 3025 2963 62 757.201 0.000 757.201 0.783 0.024
770 3025 2963 62 769.505 0.000 769.505 0.783 0.024
771 3025 2963 62 782.153 0.000 782.153 0.783 0.024
772 3025 2963 62 792.225 0.000 792.225 0.783 0.024
773 3025 2963 62 802.477 0.000 802.477 0.783 0.023
774 3025 2963 62 813.284 0.000 813.284 0.767 0.023
775 3025 2963 62 823.768 0.000 823.768 0.767 0.022
776 3025 2963 62 834.223 0.000 834.223 0.733 0.022
777 3025 2963 62 845.360 0.000 845.360 0.733 0.021
778 3025 2963 62 853.404 0.000 853.404 0.717 0.021
779 3025 2963 62 863.849 0.000 863.849 0.717 0.020
780 3025 2963 62 870.930 0.000 870.930 0.700 0.020
781 3025 2963 62 880.530 0.000 880.530 0.700 0.019
782 3025 2963 62 889.893 0.000 889.893 0.700 0.019
783 3025 2963 62 898.801 0.000 898.801 0.700 0.018
784 3025 2963 62 906.799 0.000 906.799 0.700 0.018
785 3025 2963 62 914.970 0.000 914.970 0.650 0.017
786 3025 2963 62 924.688 0.000 924.688 0.650 0.017
787 3025 2963 62 931.857 0.000 931.857 0.650 0.016
788 3025 2963 62 937.888 0.000 937.888 0.650 0.016
789 3025 2963 62 945.150 0.000 945.150 0.633 0.015
790 3025 2963 62 952.257 0.000 952.257 0.633 0.015
791 3025 2963 62 958.502 0.000 958.502 0.633 0.015
792 3025 2963 62 962.723 0.000 962.723 0.617 0.014
793 3025 2963 62 965.956 0.000 965.956 0.617 0.014
794 3025 2963 62 968.213 0.000 968.213 0.583 0.013
795 3025 2963 62 969.754 0.000 969.754 0.483 0.013
796 3025 2963 62 969.164 0.000 969.164 0.450 0.012
797 3025 2963 62 969.665 0.000 969.665 0.450 0.012
798 3025 2963 62 968.036 0.000 968.036 0.367 0.011
799 3025 2963 62 965.032 0.000 965.032 0.367 0.011
800 3025 2963 62 961.614 0.000 961.614 0.283 0.011
801 3025 2963 62 956.983 0.000 956.983 0.283 0.010
802 3025 2963 62 951.347 0.000 951.347 0.283 0.010
803 3025 2963 62 946.358 0.000 946.358 0.283 0.009
804 3025 2963 62 938.601 0.000 938.601 0.233 0.009
805 3025 2963 62 925.329 0.000 925.329 0.133 0.008
806 3025 2963 62 915.175 0.000 915.175 0.117 0.008
807 3025 2963 62 896.274 0.000 896.274 0.117 0.008
808 2468 2477 9 880.579 0.000 880.579 0.133 0.007
809 1382 1382 0 863.811 0.000 863.811 0.350 0.007
810 1382 1382 0 849.896 0.000 849.896 0.350 0.007
811 1382 1382 0 835.785 0.000 835.785 0.350 0.006
812 1382 1382 0 820.339 0.000 820.339 0.383 0.006
813 1382 1382 0 802.840 0.000 802.840 0.383 0.005
814 1382 1382 0 783.611 0.000 783.611 0.400 0.005
815 1382 1382 0 764.385 0.000 764.385 0.400 0.005
816 1382 1382 0 743.810 0.000 743.810 0.400 0.004
817 1382 1382 0 722.344 0.000 722.344 0.400 0.004
818 1382 1382 0 697.872 0.000 697.872 0.400 0.004
819 1382 1382 0 674.757 0.000 674.757 0.400 0.004
820 1382 1382 0 650.341 0.000 650.341 0.400 0.003
821 1382 1382 0 622.294 0.000 622.294 0.400 0.003
822 1382 1382 0 599.649 0.000 599.649 0.400 0.003
823 1382 1382 0 573.020 0.000 573.020 0.400 0.003
824 1350 1382 32 546.941 0.000 546.941 0.400 0.003
825 1350 1382 32 523.163 0.000 523.163 0.400 0.003
826 1350 1382 32 497.072 0.000 497.072 0.400 0.003
827 1350 1382 32 470.827 0.000 470.827 0.400 0.003
828 1350 1382 32 449.459 0.000 449.459 0.400 0.003
829 1350 1382 32 425.053 0.000 425.053 0.400 0.004
830 1350 1382 32 404.938 0.000 404.938 0.400 0.004
831 1350 1382 32 384.611 0.000 384.611 0.400 0.004
832 1350 1382 32 366.962 0.000 366.962 0.400 0.004
833 1350 1382 32 343.815 0.000 343.815 0.400 0.005
834 1350 1382 32 322.492 0.000 322.492 0.400 0.005
835 1350 1382 32 305.703 0.000 305.703 0.400 0.005
836 1257 1264 7 286.565 0.000 286.565 0.400 0.005
837 1257 1264 7 268.503 0.000 268.503 0.400 0.006
838 1257 1264 7 253.407 0.000 253.407 0.400 0.006
839 1257 1257 0 240.324 0.000 240.324 0.400 0.006
840 1148 1155 7 226.584 0.000 226.584 0.400 0.007
841 1148 1155 7 214.286 0.000 214.286 0.400 0.007
842 1148 1155 7 202.986 0.000 202.986 0.417 0.007
843 1148 1155 7 190.897 0.000 190.897 0.450 0.008
844 1064 1108 44 180.922 0.000 180.922 0.483 0.008
845 1014 1108 94 171.595 0.000 171.595 0.483 0.008
846 998 1027 29 162.263 0.000 162.263 0.483 0.009
847 998 1027 29 152.745 0.000 152.745 0.483 0.009
848 981 1027 46 143.750 0.000 143.750 0.483 0.009
849 919 1027 108 135.669 0.000 135.669 0.483 0.010
850 919 1027 108 127.653 0.000 127.653 0.483 0.010
851 889 904 15 119.752 0.000 119.752 0.500 0.010
852 880 904 24 113.475 0.000 113.475 0.500 0.010
853 880 904 24 105.432 0.000 105.432 0.500 0.011
854 860 904 44 99.387 0.000 99.387 0.517 0.011
855 860 904 44 92.581 0.000 92.581 0.533 0.011
856 860 904 44 86.985 0.000 86.985 0.533 0.011
857 824 904 80 81.620 0.000 81.620 0.533 0.011
858 824 904 80 75.141 0.000 75.141 0.550 0.012
859 824 904 80 69.288 0.000 69.288 0.550 0.012
860 824 904 80 64.667 0.000 64.667 0.550 0.012
861 802 904 102 59.818 0.000 59.818 0.550 0.013
862 787 791 4 53.788 0.000 53.788 0.550 0.013
863 787 791 4 49.430 0.000 49.430 0.550 0.013
864 715 771 56 44.323 0.000 44.323 0.583 0.014
865 715 771 56 38.830 0.000 38.830 0.583 0.014
866 680 708 28 34.339 0.000 34.339 0.583 0.014
867 680 708 28 29.011 0.000 29.011 0.600 0.015
868 560 656 96 25.164 0.000 25.164 0.483 0.015
869 560 656 96 21.024 0.000 21.024 0.300 0.015
870 560 656 96 17.368 0.000 17.368 0.317 0.016
871 419 484 65 14.103 0.000 14.103 0.317 0.016
872 415 464 49 11.225 0.000 11.225 0.333 0.017
873 415 464 49 8.501 0.000 8.501 0.350 0.017
874 280 364 84 6.111 0.000 6.111 0.350 0.018
875 274 364 90 4.259 0.000 4.259 0.350 0.018
876 274 364 90 2.838 0.000 2.838 0.367 0.019
877 262 280 18 1.882 0.000 1.882 0.383 0.019
878 262 280 18 1.185 0.000 1.185 0.400 0.020
879 262 280 18 0.795 0.000 0.795 0.400 0.020
880 188 280 92 0.550 0.000 0.550 0.400 0.020
881 188 206 18 0.361 0.000 0.361 0.417 0.020
882 152 206 54 0.227 0.000 0.227 0.383 0.020
883 152 181 29 0.187 0.000 0.187 0.383 0.020
884 152 178 26 0.192 0.000 0.192 0.367 0.020
885 152 178 26 0.174 0.000 0.174 0.350 0.019
886 152 178 26 0.173 0.000 0.173 0.350 0.019
887 216 216 0 0.221 0.000 0.221 0.350 0.019
888 216 216 0 0.258 0.000 0.258 0.350 0.019
889 216 216 0 0.306 0.000 0.306 0.350 0.018
890 216 216 0 0.371 0.000 0.371 0.350 0.018
891 295 295 0 0.561 0.000 0.561 0.350 0.018
892 295 295 0 0.902 0.000 0.902 0.367 0.018
893 295 295 0 1.484 0.000 1.484 0.367 0.018
894 295 295 0 2.395 0.000 2.395 0.367 0.018
895 358 358 0 3.946 0.000 3.946 0.367 0.018
896 574 574 0 5.993 0.000 5.993 0.367 0.018
897 574 574 0 8.392 0.000 8.392 0.383 0.019
898 574 574 0 11.641 0.000 11.641 0.383 0.019
899 574 574 0 15.729 0.000 15.729 0.383 0.019
900 574 574 0 21.019 0.000 21.019 0.383 0.019
901 574 574 0 26.422 0.000 26.422 0.400 0.019
902 576 576 0 32.642 0.000 32.642 0.400 0.019
903 576 576 0 38.988 0.000 38.988 0.400 0.020
904 625 576 49 47.430 0.000 47.430 0.417 0.020
905 625 576 49 55.288 0.000 55.288 0.400 0.020
906 625 625 0 63.157 0.000 63.157 0.400 0.020
907 779 779 0 73.962 0.000 73.962 0.400 0.020
908 947 947 0 86.098 0.000 86.098 0.417 0.020
909 947 947 0 98.703 0.000 98.703 0.400 0.021
910 947 947 0 113.441 0.000 113.441 0.400 0.021
911 947 947 0 126.992 0.000 126.992 0.400 0.021
912 947 947 0 139.895 0.000 139.895 0.400 0.021
913 947 947 0 155.630 0.000 155.630 0.417 0.021
914 1110 1108 2 173.254 0.000 173.254 0.433 0.022
915 1312 1228 84 192.232 0.000 192.232 0.467 0.022
916 1312 1228 84 211.654 0.000 211.654 0.483 0.022
917 1312 1228 84 228.460 0.000 228.460 0.483 0.022
918 1312 1228 84 244.657 0.000 244.657 0.467 0.022
919 1459 1378 81 267.642 0.000 267.642 0.567 0.022
920 1459 1378 81 287.234 0.000 287.234 0.567 0.023
921 1787 1767 20 308.476 0.000 308.476 0.567 0.023
922 1989 1914 75 330.718 0.000 330.718 0.583 0.023
923 1992 1914 78 354.473 0.000 354.473 0.583 0.023
924 1992 1914 78 373.746 0.000 373.746 0.583 0.023
925 1992 1914 78 391.036 0.000 391.036 0.600 0.023
926 1992 1914 78 409.269 0.000 409.269 0.583 0.023
927 1992 1914 78 425.895 0.000 425.895 0.583 0.023
928 1992 1914 78 443.372 0.000 443.372 0.567 0.023
929 1992 1914 78 461.433 0.000 461.433 0.583 0.023
930 1992 1914 78 479.182 0.000 479.182 0.550 0.023
931 1992 1914 78 495.559 0.000 495.559 0.550 0.023
932 1992 1914 78 511.049 0.000 511.049 0.533 0.023
933 1992 1914 78 528.260 0.000 528.260 0.517 0.023
934 1992 1914 78 543.010 0.000 543.010 0.517 0.023
935 1992 1914 78 558.542 0.000 558.542 0.467 0.022
936 1992 1914 78 574.183 0.000 574.183 0.467 0.022
937 1992 1914 78 588.164 0.000 588.164 0.450 0.022
938 1992 1914 78 602.038 0.000 602.038 0.467 0.022
939 1992 1914 78 615.249 0.000 615.249 0.467 0.022
940 1992 1914 78 628.162 0.000 628.162 0.467 0.022
941 1992 1914 78 639.495 0.000 639.495 0.450 0.022
942 1992 1914 78 650.877 0.000 650.877 0.450 0.022
943 1992 1914 78 664.427 0.000 664.427 0.433 0.023
944 1992 1914 78 675.264 0.000 675.264 0.433 0.023
945 1992 1914 78 687.660 0.000 687.660 0.433 0.023
946 1992 1914 78 698.961 0.000 698.961 0.450 0.023
947 1992 1914 78 709.754 0.000 709.754 0.450 0.023
948 1992 1914 78 720.628 0.000 720.628 0.450 0.023
949 1992 1914 78 731.670 0.000 731.670 0.450 0.023
950 1992 1914 78 740.870 0.000 740.870 0.450 0.023
951 1992 1914 78 749.874 0.000 749.874 0.450 0.023
952 1992 1914 78 761.521 0.000 761.521 0.450 0.023
953 1992 1914 78 772.825 0.000 772.825 0.450 0.023
954 1992 1914 78 782.745 0.000 782.745 0.433 0.022
955 1992 1914 78 792.020 0.000 792.020 0.433 0.022
956 1992 1914 78 802.146 0.000 802.146 0.433 0.022
957 1992 1914 78 811.025 0.000 811.025 0.433 0.021
958 1992 1914 78 821.087 0.000 821.087 0.417 0.020
959 1992 1914 78 830.983 0.000 830.983 0.417 0.020
960 1992 1914 78 841.471 0.000 841.471 0.400 0.019
961 1992 1914 78 851.186 0.000 851.186 0.383 0.019
962 1992 1914 78 860.335 0.000 860.335 0.383 0.018
963 1992 1914 78 868.607 0.000 868.607 0.383 0.018
964 1992 1914 78 878.165 0.000 878.165 0.367 0.017
965 1992 1914 78 885.961 0.000 885.961 0.367 0.017
966 1992 1914 78 891.973 0.000 891.973 0.350 0.017
967 1992 1914 78 899.505 0.000 899.505 0.350 0.016
968 1992 1914 78 906.458 0.000 906.458 0.350 0.016
969 1992 1914 78 912.814 0.000 912.814 0.333 0.015
970 1992 1914 78 918.738 0.000 918.738 0.300 0.015
971 1992 1914 78 923.818 0.000 923.818 0.300 0.014
972 1992 1914 78 928.593 0.000 928.593 0.283 0.014
973 1992 1914 78 932.964 0.000 932.964 0.283 0.013
974 1992 1914 78 936.311 0.000 936.311 0.283 0.013
975 1992 1914 78 936.831 0.000 936.831 0.233 0.012
976 1992 1914 78 937.465 0.000 937.465 0.233 0.012
977 1992 1914 78 938.101 0.000 938.101 0.233 0.012
978 1992 1914 78 937.330 0.000 937.330 0.200 0.011
979 1992 1914 78 934.905 0.000 934.905 0.167 0.011
980 1992 1914 78 932.791 0.000 932.791 0.150 0.011
981 1992 1914 78 929.518 0.000 929.518 0.150 0.010
982 1992 1914 78 923.488 0.000 923.488 0.150 0.010
983 1594 1594 0 917.124 0.000 917.124 0.150 0.009
984 1594 1594 0 909.840 0.000 909.840 0.150 0.009
985 1594 1594 0 905.701 0.000 905.701 0.117 0.008
986 1594 1594 0 898.363 0.000 898.363 0.117 0.008
987 1594 1594 0 890.626 0.000 890.626 0.117 0.007
988 1594 1594 0 880.764 0.000 880.764 0.117 0.007
989 1594 1594 0 866.919 0.000 866.919 0.117 0.007
990 1499 1499 0 853.663 0.000 853.663 0.117 0.006
991 1499 1499 0 839.864 0.000 839.864 0.117 0.006
992 1499 1499 0 822.727 0.000 822.727 0.117 0.005
993 1499 1499 0 806.678 0.000 806.678 0.117 0.005
994 1499 1499 0 790.521 0.000 790.521 0.117 0.005
995 1499 1499 0 769.626 0.000 769.626 0.117 0.004
996 1499 1499 0 749.757 0.000 749.757 0.117 0.004
997 1499 1499 0 724.582 0.000 724.582 0.117 0.004
998 1499 1499 0 698.919 0.000 698.919 0.117 0.003
999 1499 1499 0 670.768 0.000 670.768 0.117 0.003
1000 1499 1499 0 644.752 0.000 644.752 0.117 0.003
1001 1499 1499 0 621.844 0.000 621.844 0.117 0.003
1002 1499 1499 0 595.485 0.000 595.485 0.117 0.003
1003 1499 1499 0 567.349 0.000 567.349 0.133 0.003
1004 1499 1499 0 543.839 0.000 543.839 0.133 0.003
1005 1499 1499 0 518.127 0.000 518.127 0.133 0.003
1006 1297 1271 26 495.280 0.000 495.280 0.133 0.003
1007 1297 1271 26 474.158 0.000 474.158 0.133 0.003
1008 1297 1271 26 451.511 0.000 451.511 0.133 0.003
1009 1297 1271 26 428.438 0.000 428.438 0.133 0.003
1010 1267 1271 4 409.308 0.000 409.308 0.133 0.003
1011 1267 1271 4 389.237 0.000 389.237 0.133 0.004
1012 1267 1271 4 368.961 0.000 368.961 0.133 0.004
1013 1267 1271 4 350.382 0.000 350.382 0.133 0.004
1014 1267 1271 4 334.595 0.000 334.595 0.133 0.004
1015 1237 1271 34 316.676 0.000 316.676 0.133 0.005
1016 1237 1271 34 297.361 0.000 297.361 0.133 0.005
1017 1237 1271 34 281.837 0.000 281.837 0.133 0.005
1018 1237 1271 34 264.804 0.000 264.804 0.133 0.006
1019 1237 1271 34 248.987 0.000 248.987 0.133 0.006
1020 1189 1271 82 235.123 0.000 235.123 0.133 0.006
1021 1189 1271 82 222.008 0.000 222.008 0.133 0.007
1022 1189 1271 82 209.842 0.000 209.842 0.133 0.007
1023 1189 1271 82 198.411 0.000 198.411 0.133 0.007
1024 1189 1264 75 187.325 0.000 187.325 0.133 0.008
1025 1189 1264 75 177.057 0.000 177.057 0.133 0.008
1026 1189 1264 75 166.564 0.000 166.564 0.133 0.008
1027 1189 1264 75 156.865 0.000 156.865 0.133 0.008
1028 1189 1264 75 148.627 0.000 148.627 0.133 0.009
1029 1189 1264 75 137.732 0.000 137.732 0.133 0.009
1030 1137 1219 82 129.792 0.000 129.792 0.150 0.009
1031 1137 1219 82 122.688 0.000 122.688 0.150 0.010
1032 1137 1219 82 115.642 0.000 115.642 0.150 0.010
1033 970 985 15 107.386 0.000 107.386 0.183 0.010
1034 970 985 15 99.832 0.000 99.832 0.183 0.011
1035 970 985 15 93.112 0.000 93.112 0.183 0.011
1036 892 985 93 85.569 0.000 85.569 0.200 0.011
1037 892 985 93 79.675 0.000 79.675 0.200 0.011
1038 892 985 93 73.098 0.000 73.098 0.200 0.012
1039 892 985 93 67.616 0.000 67.616 0.200 0.012
1040 736 794 58 62.314 0.000 62.314 0.233 0.012
1041 736 745 9 57.198 0.000 57.198 0.233 0.013
1042 736 736 0 51.897 0.000 51.897 0.233 0.013
1043 736 736 0 47.322 0.000 47.322 0.233 0.013
1044 736 736 0 41.471 0.000 41.471 0.250 0.014
1045 736 736 0 37.661 0.000 37.661 0.250 0.014
1046 736 736 0 33.400 0.000 33.400 0.267 0.014
1047 736 736 0 29.831 0.000 29.831 0.267 0.015
1048 736 736 0 25.784 0.000 25.784 0.283 0.015
1049 736 736 0 21.493 0.000 21.493 0.300 0.016
1050 736 736 0 17.863 0.000 17.863 0.317 0.016
1051 444 544 100 14.854 0.000 14.854 0.333 0.017
1052 444 493 49 11.653 0.000 11.653 0.333 0.017
1053 433 448 15 9.289 0.000 9.289 0.333 0.018
1054 433 448 15 7.320 0.000 7.320 0.350 0.018
1055 255 322 67 5.034 0.000 5.034 0.350 0.019
1056 255 322 67 3.645 0.000 3.645 0.350 0.019
1057 255 322 67 2.401 0.000 2.401 0.350 0.019
1058 255 322 67 1.533 0.000 1.533 0.383 0.020
1059 255 322 67 0.928 0.000 0.928 0.383 0.020
1060 233 322 89 0.518 0.000 0.518 0.367 0.020
1061 233 322 89 0.357 0.000 0.357 0.367 0.020
1062 233 233 0 0.274 0.000 0.274 0.367 0.020
1063 233 233 0 0.231 0.000 0.231 0.367 0.020
1064 233 233 0 0.216 0.000 0.216 0.350 0.020
1065 233 233 0 0.173 0.000 0.173 0.350 0.020
1066 233 233 0 0.182 0.000 0.182 0.350 0.019
1067 233 233 0 0.199 0.000 0.199 0.350 0.019
1068 233 233 0 0.207 0.000 0.207 0.350 0.019
1069 233 233 0 0.286 0.000 0.286 0.350 0.019
1070 272 272 0 0.443 0.000 0.443 0.350 0.019
1071 288 288 0 0.653 0.000 0.653 0.350 0.019
1072 288 288 0 1.015 0.000 1.015 0.367 0.019
1073 356 356 0 1.789 0.000 1.789 0.367 0.019
1074 356 356 0 2.785 0.000 2.785 0.367 0.019
1075 356 356 0 4.166 0.000 4.166 0.383 0.019
1076 356 356 0 6.066 0.000 6.066 0.383 0.019
1077 356 356 0 8.535 0.000 8.535 0.383 0.019
1078 418 418 0 11.659 0.000 11.659 0.400 0.019
1079 444 418 26 15.453 0.000 15.453 0.417 0.019
1080 486 486 0 19.742 0.000 19.742 0.417 0.020
1081 583 583 0 24.216 0.000 24.216 0.417 0.020
1082 634 583 51 30.216 0.000 30.216 0.433 0.020
1083 634 583 51 36.924 0.000 36.924 0.433 0.020
1084 634 633 1 44.586 0.000 44.586 0.483 0.021
1085 634 633 1 53.063 0.000 53.063 0.483 0.021
1086 634 633 1 62.706 0.000 62.706 0.483 0.021
1087 651 633 18 73.743 0.000 73.743 0.483 0.021
1088 660 633 27 83.037 0.000 83.037 0.483 0.021
1089 838 803 35 96.752 0.000 96.752 0.483 0.021
1090 838 803 35 108.341 0.000 108.341 0.467 0.022
1091 847 803 44 121.120 0.000 121.120 0.433 0.022
1092 847 803 44 135.954 0.000 135.954 0.483 0.022
1093 929 803 126 150.575 0.000 150.575 0.500 0.022
1094 1062 1044 18 169.745 0.000 169.745 0.483 0.022
1095 1117 1117 0 186.155 0.000 186.155 0.483 0.022
1096 1200 1200 0 203.853 0.000 203.853 0.517 0.022
1097 1431 1355 76 224.435 0.000 224.435 0.550 0.023
1098 1633 1633 0 242.674 0.000 242.674 0.600 0.023
1099 1633 1633 0 262.717 0.000 262.717 0.600 0.023
1100 1951 1951 0 283.236 0.000 283.236 0.650 0.023
1101 2193 2193 0 309.835 0.000 309.835 0.667 0.023
1102 2193 2193 0 336.475 0.000 336.475 0.667 0.023
1103 2193 2193 0 357.807 0.000 357.807 0.667 0.023
1104 2193 2193 0 381.570 0.000 381.570 0.633 0.024
1105 2193 2193 0 400.938 0.000 400.938 0.600 0.024
1106 2193 2193 0 420.407 0.000 420.407 0.600 0.024
1107 2193 2193 0 440.407 0.000 440.407 0.600 0.024
1108 2193 2193 0 457.486 0.000 457.486 0.600 0.024
1109 2193 2193 0 475.500 0.000 475.500 0.600 0.024
1110 2193 2193 0 492.138 0.000 492.138 0.600 0.023
1111 2193 2193 0 507.049 0.000 507.049 0.600 0.024
1112 2193 2193 0 521.079 0.000 521.079 0.583 0.023
1113 2193 2193 0 536.898 0.000 536.898 0.567 0.023
1114 2193 2193 0 551.687 0.000 551.687 0.550 0.023
1115 2193 2193 0 568.399 0.000 568.399 0.550 0.023
1116 2193 2193 0 582.591 0.000 582.591 0.550 0.023
1117 2193 2193 0 595.269 0.000 595.269 0.550 0.023
1118 2193 2193 0 607.690 0.000 607.690 0.533 0.023
1119 2193 2193 0 619.993 0.000 619.993 0.533 0.023
1120 2193 2193 0 632.504 0.000 632.504 0.517 0.023
1121 2193 2193 0 644.965 0.000 644.965 0.517 0.023
1122 2193 2193 0 656.079 0.000 656.079 0.517 0.023
1123 2193 2193 0 667.286 0.000 667.286 0.517 0.023
1124 2193 2193 0 677.943 0.000 677.943 0.517 0.023
1125 2193 2193 0 691.726 0.000 691.726 0.517 0.023
1126 2193 2193 0 703.478 0.000 703.478 0.517 0.024
1127 2193 2193 0 714.846 0.000 714.846 0.517 0.024
1128 2193 2193 0 725.097 0.000 725.097 0.517 0.024
1129 2193 2193 0 736.337 0.000 736.337 0.517 0.024
1130 2193 2193 0 747.464 0.000 747.464 0.517 0.024
1131 2193 2193 0 758.972 0.000 758.972 0.517 0.024
1132 2193 2193 0 770.392 0.000 770.392 0.500 0.024
1133 2193 2193 0 783.041 0.000 783.041 0.500 0.023
1134 2193 2193 0 793.172 0.000 793.172 0.500 0.023
1135 2193 2193 0 804.090 0.000 804.090 0.483 0.023
1136 2193 2193 0 814.754 0.000 814.754 0.483 0.022
1137 2193 2193 0 825.069 0.000 825.069 0.467 0.022
1138 2193 2193 0 835.128 0.000 835.128 0.467 0.021
1139 2193 2193 0 844.374 0.000 844.374 0.467 0.021
1140 2193 2193 0 853.180 0.000 853.180 0.450 0.020
1141 2193 2193 0 861.212 0.000 861.212 0.450 0.020
1142 2193 2193 0 870.330 0.000 870.330 0.433 0.019
1143 2193 2193 0 879.018 0.000 879.018 0.417 0.019
1144 2193 2193 0 887.466 0.000 887.466 0.383 0.018
1145 2193 2193 0 895.499 0.000 895.499 0.350 0.018
1146 2193 2193 0 903.854 0.000 903.854 0.350 0.017
1147 2193 2193 0 912.107 0.000 912.107 0.350 0.017
1148 2193 2193 0 917.921 0.000 917.921 0.350 0.016
1149 2193 2193 0 924.849 0.000 924.849 0.333 0.016
1150 2193 2193 0 930.128 0.000 930.128 0.333 0.015
1151 2193 2193 0 934.999 0.000 934.999 0.317 0.015
1152 2193 2193 0 940.672 0.000 940.672 0.317 0.014
1153 2193 2193 0 943.805 0.000 943.805 0.283 0.014
1154 2193 2193 0 948.658 0.000 948.658 0.233 0.013
1155 2193 2193 0 950.990 0.000 950.990 0.233 0.013
1156 2193 2193 0 951.475 0.000 951.475 0.183 0.013
1157 2193 2193 0 951.596 0.000 951.596 0.167 0.012
1158 2193 2193 0 949.680 0.000 949.680 0.167 0.012
1159 2193 2193 0 948.415 0.000 948.415 0.150 0.011
1160 2193 2193 0 943.389 0.000 943.389 0.150 0.011
1161 2182 2193 11 937.750 0.000 937.750 0.133 0.010
1162 2095 2193 98 928.178 0.000 928.178 0.133 0.010
1163 1830 1854 24 920.913 0.000 920.913 0.133 0.009
1164 1441 1527 86 910.595 0.000 910.595 0.150 0.009
1165 1422 1422 0 902.962 0.000 902.962 0.183 0.009
1166 1422 1422 0 893.747 0.000 893.747 0.183 0.008
1167 1422 1422 0 884.601 0.000 884.601 0.183 0.008
1168 1422 1422 0 873.948 0.000 873.948 0.183 0.007
1169 1422 1422 0 863.146 0.000 863.146 0.183 0.007
1170 1422 1422 0 848.672 0.000 848.672 0.183 0.007
1171 1422 1422 0 833.412 0.000 833.412 0.183 0.006
1172 1422 1422 0 818.986 0.000 818.986 0.183 0.006
1173 1422 1422 0 801.084 0.000 801.084 0.183 0.005
1174 1422 1422 0 783.648 0.000 783.648 0.183 0.005
1175 1422 1422 0 761.506 0.000 761.506 0.183 0.005
1176 1422 1422 0 739.413 0.000 739.413 0.183 0.004
1177 1422 1422 0 718.145 0.000 718.145 0.183 0.004
1178 1422 1422 0 699.133 0.000 699.133 0.183 0.004
1179 1422 1422 0 674.385 0.000 674.385 0.183 0.003
1180 1422 1422 0 653.214 0.000 653.214 0.183 0.003
1181 1422 1422 0 627.876 0.000 627.876 0.183 0.003
1182 1422 1422 0 603.059 0.000 603.059 0.183 0.003
1183 1422 1422 0 577.630 0.000 577.630 0.183 0.003
1184 1422 1422 0 551.705 0.000 551.705 0.183 0.003
1185 1422 1422 0 524.257 0.000 524.257 0.183 0.003
1186 1417 1417 0 500.377 0.000 500.377 0.183 0.003
1187 1417 1417 0 476.689 0.000 476.689 0.183 0.003
1188 1417 1417 0 453.761 0.000 453.761 0.183 0.003
1189 1417 1417 0 433.017 0.000 433.017 0.183 0.003
1190 1304 1369 65 412.098 0.000 412.098 0.183 0.003
1191 1304 1369 65 392.010 0.000 392.010 0.183 0.004
1192 1286 1369 83 372.413 0.000 372.413 0.183 0.004
1193 1283 1369 86 352.078 0.000 352.078 0.217 0.004
1194 1283 1369 86 334.603 0.000 334.603 0.233 0.004
1195 1233 1313 80 315.019 0.000 315.019 0.233 0.005
1196 1168 1232 64 294.890 0.000 294.890 0.233 0.005
1197 1147 1232 85 278.090 0.000 278.090 0.233 0.006
1198 1147 1232 85 262.381 0.000 262.381 0.233 0.006
1199 1145 1232 87 249.051 0.000 249.051 0.233 0.006
