1 449 332 117 262.041 0.000 262.041 6.000 1.431
2 449 332 117 275.567 0.000 275.567 3.000 0.728
3 518 518 0 295.202 0.000 295.202 2.333 0.495
4 518 518 0 310.022 0.000 310.022 1.750 0.379
5 780 780 0 322.483 0.000 322.483 1.400 0.308
6 780 780 0 342.619 0.000 342.619 1.167 0.263
7 780 780 0 354.499 0.000 354.499 1.000 0.227
8 780 780 0 372.663 0.000 372.663 1.125 0.203
9 831 780 51 393.258 0.000 393.258 1.111 0.183
10 1102 1102 0 414.651 0.000 414.651 1.000 0.168
11 1279 1102 177 435.503 0.000 435.503 0.909 0.155
12 1763 1763 0 458.789 0.000 458.789 1.167 0.144
13 1930 1763 167 487.411 0.000 487.411 1.231 0.135
14 2216 2216 0 514.429 0.000 514.429 1.357 0.127
15 2514 2437 77 540.908 0.000 540.908 1.467 0.120
16 2723 2437 286 574.323 0.000 574.323 1.500 0.114
17 2800 2744 56 601.010 0.000 601.010 1.529 0.108
18 2967 2744 223 628.046 0.000 628.046 1.556 0.103
19 2967 2744 223 661.160 0.000 661.160 1.474 0.100
20 2967 2744 223 682.067 0.000 682.067 1.400 0.096
21 2967 2744 223 714.929 0.000 714.929 1.333 0.092
22 2967 2744 223 737.634 0.000 737.634 1.273 0.089
23 2967 2744 223 758.735 0.000 758.735 1.217 0.086
24 3096 2993 103 775.961 0.000 775.961 1.250 0.083
25 3385 3239 146 793.693 0.000 793.693 1.280 0.081
26 3423 3239 184 811.681 0.000 811.681 1.269 0.079
27 3511 3511 0 825.216 0.000 825.216 1.259 0.077
28 3665 3511 154 837.000 0.000 837.000 1.286 0.075
29 3665 3511 154 851.355 0.000 851.355 1.241 0.073
30 3665 3511 154 863.081 0.000 863.081 1.200 0.071
31 3665 3511 154 867.382 0.000 867.382 1.161 0.070
32 3665 3511 154 870.498 0.000 870.498 1.125 0.068
33 3665 3511 154 874.336 0.000 874.336 1.091 0.067
34 3665 3511 154 877.509 0.000 877.509 1.059 0.065
35 3665 3511 154 880.789 0.000 880.789 1.029 0.064
36 3665 3511 154 884.497 0.000 884.497 1.000 0.063
37 3665 3511 154 888.320 0.000 888.320 0.973 0.062
38 3665 3511 154 891.373 0.000 891.373 0.947 0.061
39 3665 3511 154 894.395 0.000 894.395 0.923 0.059
40 3665 3511 154 897.334 0.000 897.334 0.900 0.058
41 3665 3511 154 900.331 0.000 900.331 0.878 0.057
42 3665 3511 154 903.876 0.000 903.876 0.857 0.056
43 3665 3511 154 906.444 0.000 906.444 0.837 0.055
44 3665 3511 154 909.812 0.000 909.812 0.818 0.054
45 3665 3511 154 912.222 0.000 912.222 0.800 0.053
46 3665 3511 154 914.294 0.000 914.294 0.783 0.052
47 3665 3511 154 916.427 0.000 916.427 0.766 0.051
48 3665 3511 154 918.904 0.000 918.904 0.750 0.050
49 3665 3511 154 920.803 0.000 920.803 0.735 0.049
50 3665 3511 154 922.582 0.000 922.582 0.720 0.049
51 3665 3511 154 924.230 0.000 924.230 0.706 0.048
52 3665 3511 154 925.737 0.000 925.737 0.692 0.047
53 3665 3511 154 926.925 0.000 926.925 0.679 0.046
54 3665 3511 154 928.131 0.000 928.131 0.667 0.045
55 3665 3511 154 928.941 0.000 928.941 0.655 0.044
56 3665 3511 154 929.616 0.000 929.616 0.643 0.044
57 3665 3511 154 930.079 0.000 930.079 0.632 0.043
58 3665 3511 154 930.539 0.000 930.539 0.621 0.042
59 3665 3511 154 930.808 0.000 930.808 0.610 0.042
60 3665 3511 154 931.016 0.000 931.016 0.600 0.041
61 3665 3511 154 939.580 0.000 939.580 0.583 0.017
62 3665 3511 154 946.609 0.000 946.609 0.567 0.017
63 3665 3511 154 955.422 0.000 955.422 0.567 0.016
64 3665 3511 154 965.230 0.000 965.230 0.567 0.016
65 3665 3511 154 971.887 0.000 971.887 0.567 0.015
66 3665 3511 154 982.038 0.000 982.038 0.550 0.015
67 3665 3511 154 988.676 0.000 988.676 0.533 0.014
68 3665 3511 154 997.601 0.000 997.601 0.533 0.014
69 3665 3511 154 1004.808 0.000 1004.808 0.483 0.013
70 3665 3511 154 1011.829 0.000 1011.829 0.467 0.013
71 3665 3511 154 1017.392 0.000 1017.392 0.433 0.012
72 3665 3511 154 1021.377 0.000 1021.377 0.367 0.012
73 3665 3511 154 1023.488 0.000 1023.488 0.333 0.012
74 3665 3511 154 1024.929 0.000 1024.929 0.283 0.011
75 3665 3511 154 1022.446 0.000 1022.446 0.233 0.011
76 3665 3511 154 1018.197 0.000 1018.197 0.200 0.010
77 3665 3511 154 1014.172 0.000 1014.172 0.167 0.010
78 3665 3511 154 1009.345 0.000 1009.345 0.150 0.010
79 3665 3511 154 1001.835 0.000 1001.835 0.133 0.009
80 3665 3511 154 994.877 0.000 994.877 0.133 0.009
81 3665 3511 154 983.387 0.000 983.387 0.133 0.009
82 3665 3511 154 973.982 0.000 973.982 0.133 0.008
83 3665 3511 154 963.752 0.000 963.752 0.133 0.008
84 3665 3511 154 953.583 0.000 953.583 0.117 0.008
85 3665 3511 154 939.321 0.000 939.321 0.117 0.007
86 3665 3511 154 924.148 0.000 924.148 0.117 0.007
87 3665 3511 154 909.666 0.000 909.666 0.100 0.006
88 3624 3511 113 894.096 0.000 894.096 0.100 0.006
89 2989 2989 0 874.290 0.000 874.290 0.100 0.006
90 2179 2203 24 855.437 0.000 855.437 0.183 0.005
91 1515 1543 28 841.532 0.000 841.532 0.267 0.005
92 1515 1448 67 828.673 0.000 828.673 0.267 0.005
93 1515 1448 67 810.807 0.000 810.807 0.267 0.004
94 1515 1448 67 794.061 0.000 794.061 0.267 0.004
95 1515 1448 67 774.286 0.000 774.286 0.267 0.004
96 1515 1448 67 751.929 0.000 751.929 0.267 0.003
97 1515 1448 67 727.084 0.000 727.084 0.267 0.003
98 1515 1448 67 704.628 0.000 704.628 0.267 0.003
99 1515 1448 67 677.836 0.000 677.836 0.267 0.003
100 1515 1448 67 653.717 0.000 653.717 0.267 0.003
101 1515 1448 67 629.746 0.000 629.746 0.267 0.003
102 1515 1448 67 602.669 0.000 602.669 0.267 0.002
103 1515 1448 67 577.163 0.000 577.163 0.267 0.002
104 1515 1448 67 550.821 0.000 550.821 0.267 0.002
105 1515 1448 67 529.506 0.000 529.506 0.267 0.002
106 1515 1448 67 505.528 0.000 505.528 0.267 0.002
107 1515 1448 67 482.109 0.000 482.109 0.267 0.002
108 1515 1448 67 457.620 0.000 457.620 0.267 0.003
109 1515 1448 67 434.680 0.000 434.680 0.267 0.003
110 1273 1448 175 411.801 0.000 411.801 0.283 0.003
111 1220 1232 12 389.751 0.000 389.751 0.283 0.003
112 1211 1232 21 368.763 0.000 368.763 0.283 0.003
113 1211 1232 21 348.594 0.000 348.594 0.283 0.004
114 1208 1232 24 329.401 0.000 329.401 0.283 0.004
115 1208 1232 24 310.486 0.000 310.486 0.283 0.004
116 1208 1232 24 294.432 0.000 294.432 0.300 0.004
117 1208 1232 24 279.832 0.000 279.832 0.300 0.004
118 1208 1232 24 265.510 0.000 265.510 0.300 0.005
119 1208 1232 24 251.916 0.000 251.916 0.300 0.005
120 1208 1232 24 237.727 0.000 237.727 0.300 0.005
121 1208 1232 24 223.831 0.000 223.831 0.300 0.006
122 1208 1232 24 209.453 0.000 209.453 0.300 0.006
123 1064 1232 168 196.906 0.000 196.906 0.300 0.006
124 1048 1232 184 188.462 0.000 188.462 0.300 0.007
125 1040 1218 178 177.574 0.000 177.574 0.300 0.007
126 1040 1218 178 167.679 0.000 167.679 0.300 0.007
127 1018 1208 190 157.621 0.000 157.621 0.300 0.007
128 1018 1208 190 148.130 0.000 148.130 0.300 0.008
129 1018 1208 190 140.094 0.000 140.094 0.300 0.008
130 1018 1208 190 132.099 0.000 132.099 0.300 0.008
131 1018 1208 190 124.631 0.000 124.631 0.300 0.008
132 1018 1208 190 118.434 0.000 118.434 0.300 0.009
133 964 994 30 111.388 0.000 111.388 0.317 0.009
134 964 994 30 105.327 0.000 105.327 0.317 0.009
135 964 994 30 96.826 0.000 96.826 0.317 0.009
136 964 994 30 87.857 0.000 87.857 0.317 0.010
137 964 994 30 80.881 0.000 80.881 0.317 0.010
138 905 994 89 75.483 0.000 75.483 0.317 0.010
139 905 994 89 69.888 0.000 69.888 0.317 0.010
140 905 994 89 63.544 0.000 63.544 0.350 0.011
141 733 994 261 57.779 0.000 57.779 0.350 0.011
142 733 907 174 52.471 0.000 52.471 0.350 0.011
143 733 907 174 47.517 0.000 47.517 0.350 0.011
144 733 907 174 43.450 0.000 43.450 0.350 0.012
145 733 907 174 38.409 0.000 38.409 0.350 0.012
146 733 907 174 33.630 0.000 33.630 0.350 0.012
147 686 756 70 28.864 0.000 28.864 0.383 0.013
148 686 756 70 24.858 0.000 24.858 0.400 0.013
149 509 698 189 20.640 0.000 20.640 0.317 0.013
150 509 698 189 17.161 0.000 17.161 0.267 0.014
151 509 698 189 14.366 0.000 14.366 0.283 0.014
152 494 698 204 11.937 0.000 11.937 0.283 0.014
153 414 698 284 9.226 0.000 9.226 0.300 0.015
154 414 698 284 7.329 0.000 7.329 0.300 0.015
155 414 698 284 5.498 0.000 5.498 0.333 0.016
156 298 480 182 3.826 0.000 3.826 0.333 0.016
157 277 480 203 2.564 0.000 2.564 0.333 0.016
158 240 480 240 1.580 0.000 1.580 0.333 0.017
159 240 480 240 0.952 0.000 0.952 0.333 0.017
160 240 480 240 0.565 0.000 0.565 0.333 0.017
161 234 393 159 0.290 0.000 0.290 0.333 0.017
162 234 393 159 0.187 0.000 0.187 0.333 0.017
163 234 393 159 0.155 0.000 0.155 0.333 0.017
164 234 393 159 0.097 0.000 0.097 0.333 0.017
165 197 393 196 0.046 0.000 0.046 0.333 0.016
166 197 393 196 0.053 0.000 0.053 0.300 0.016
167 197 393 196 0.057 0.000 0.057 0.300 0.016
168 197 393 196 0.133 0.000 0.133 0.283 0.016
169 234 393 159 0.256 0.000 0.256 0.283 0.016
170 234 393 159 0.425 0.000 0.425 0.300 0.016
171 234 393 159 0.575 0.000 0.575 0.300 0.015
172 234 393 159 0.983 0.000 0.983 0.300 0.015
173 234 393 159 1.515 0.000 1.515 0.300 0.015
174 264 393 129 2.601 0.000 2.601 0.300 0.015
175 264 393 129 3.689 0.000 3.689 0.300 0.015
176 356 393 37 5.820 0.000 5.820 0.317 0.015
177 392 393 1 8.658 0.000 8.658 0.317 0.016
178 400 393 7 11.454 0.000 11.454 0.317 0.016
179 400 400 0 15.051 0.000 15.051 0.333 0.016
180 496 466 30 20.059 0.000 20.059 0.333 0.016
181 496 466 30 26.214 0.000 26.214 0.350 0.017
182 496 466 30 32.584 0.000 32.584 0.367 0.017
183 580 490 90 40.391 0.000 40.391 0.350 0.017
184 598 593 5 49.146 0.000 49.146 0.367 0.017
185 618 593 25 57.287 0.000 57.287 0.367 0.017
186 618 610 8 66.388 0.000 66.388 0.383 0.017
187 618 610 8 76.024 0.000 76.024 0.417 0.017
188 723 610 113 87.892 0.000 87.892 0.417 0.017
189 1188 1155 33 102.758 0.000 102.758 0.517 0.018
190 1221 1155 66 119.258 0.000 119.258 0.533 0.018
191 1364 1155 209 135.409 0.000 135.409 0.583 0.018
192 1364 1155 209 146.997 0.000 146.997 0.583 0.018
193 1364 1155 209 162.270 0.000 162.270 0.583 0.018
194 1364 1155 209 179.609 0.000 179.609 0.583 0.018
195 1364 1155 209 199.759 0.000 199.759 0.583 0.018
196 1364 1155 209 218.819 0.000 218.819 0.583 0.018
197 1397 1347 50 239.681 0.000 239.681 0.583 0.019
198 1397 1347 50 258.424 0.000 258.424 0.567 0.019
199 1631 1426 205 279.393 0.000 279.393 0.633 0.019
200 1719 1704 15 303.872 0.000 303.872 0.650 0.019
201 1854 1852 2 327.343 0.000 327.343 0.600 0.019
202 1854 1852 2 349.762 0.000 349.762 0.583 0.019
203 1854 1852 2 369.079 0.000 369.079 0.583 0.019
204 1854 1852 2 388.214 0.000 388.214 0.583 0.019
205 1854 1852 2 407.575 0.000 407.575 0.583 0.019
206 1854 1852 2 425.338 0.000 425.338 0.583 0.020
207 1854 1852 2 443.205 0.000 443.205 0.550 0.020
208 1854 1852 2 460.738 0.000 460.738 0.550 0.020
209 1854 1852 2 479.000 0.000 479.000 0.533 0.019
210 1854 1852 2 494.009 0.000 494.009 0.517 0.019
211 1854 1852 2 509.736 0.000 509.736 0.517 0.019
212 1854 1852 2 524.611 0.000 524.611 0.517 0.019
213 1854 1852 2 540.803 0.000 540.803 0.500 0.019
214 1854 1852 2 554.109 0.000 554.109 0.483 0.019
215 1854 1852 2 569.623 0.000 569.623 0.483 0.019
216 1854 1852 2 583.293 0.000 583.293 0.450 0.019
217 1854 1852 2 597.668 0.000 597.668 0.450 0.019
218 1854 1852 2 610.239 0.000 610.239 0.450 0.019
219 1854 1852 2 624.776 0.000 624.776 0.450 0.019
220 1854 1852 2 637.066 0.000 637.066 0.450 0.019
221 1854 1852 2 650.901 0.000 650.901 0.450 0.019
222 1854 1852 2 662.905 0.000 662.905 0.450 0.019
223 1854 1852 2 676.325 0.000 676.325 0.450 0.019
224 1854 1852 2 687.232 0.000 687.232 0.450 0.019
225 1854 1852 2 699.338 0.000 699.338 0.450 0.019
226 1854 1852 2 707.484 0.000 707.484 0.450 0.019
227 1854 1852 2 717.806 0.000 717.806 0.450 0.020
228 1854 1852 2 727.918 0.000 727.918 0.450 0.020
229 1854 1852 2 739.454 0.000 739.454 0.450 0.020
230 1854 1852 2 751.293 0.000 751.293 0.433 0.020
231 1854 1852 2 762.508 0.000 762.508 0.433 0.020
232 1854 1852 2 772.804 0.000 772.804 0.433 0.020
233 1854 1852 2 782.056 0.000 782.056 0.433 0.019
234 1854 1852 2 792.388 0.000 792.388 0.417 0.019
235 1854 1852 2 800.715 0.000 800.715 0.417 0.019
236 1854 1852 2 810.502 0.000 810.502 0.400 0.018
237 1854 1852 2 821.506 0.000 821.506 0.400 0.018
238 1854 1852 2 829.931 0.000 829.931 0.400 0.018
239 1854 1852 2 838.567 0.000 838.567 0.383 0.017
240 1854 1852 2 848.292 0.000 848.292 0.367 0.017
241 1854 1852 2 858.977 0.000 858.977 0.350 0.016
242 1854 1852 2 868.233 0.000 868.233 0.333 0.016
243 1854 1852 2 877.829 0.000 877.829 0.333 0.015
244 1854 1852 2 887.430 0.000 887.430 0.317 0.015
245 1854 1852 2 895.249 0.000 895.249 0.317 0.014
246 1854 1852 2 902.608 0.000 902.608 0.300 0.014
247 1854 1852 2 909.632 0.000 909.632 0.267 0.013
248 1854 1852 2 916.892 0.000 916.892 0.267 0.013
249 1854 1852 2 922.826 0.000 922.826 0.233 0.012
250 1854 1852 2 928.799 0.000 928.799 0.200 0.012
251 1854 1852 2 933.177 0.000 933.177 0.200 0.012
252 1854 1852 2 936.701 0.000 936.701 0.200 0.011
253 1854 1852 2 939.544 0.000 939.544 0.183 0.011
254 1854 1852 2 943.573 0.000 943.573 0.167 0.011
255 1854 1852 2 945.369 0.000 945.369 0.167 0.010
256 1854 1852 2 945.709 0.000 945.709 0.167 0.010
257 1854 1852 2 945.760 0.000 945.760 0.150 0.010
258 1854 1852 2 944.936 0.000 944.936 0.150 0.009
259 1854 1852 2 943.124 0.000 943.124 0.150 0.009
260 1854 1852 2 937.716 0.000 937.716 0.133 0.009
261 1632 1704 72 930.925 0.000 930.925 0.133 0.008
262 1632 1704 72 924.186 0.000 924.186 0.117 0.008
263 1535 1704 169 918.894 0.000 918.894 0.117 0.008
264 1535 1704 169 912.958 0.000 912.958 0.117 0.007
265 1535 1704 169 906.427 0.000 906.427 0.117 0.007
266 1535 1704 169 899.336 0.000 899.336 0.117 0.006
267 1535 1704 169 890.601 0.000 890.601 0.100 0.006
268 1427 1609 182 879.675 0.000 879.675 0.100 0.006
269 1427 1609 182 867.209 0.000 867.209 0.100 0.005
270 1427 1609 182 853.924 0.000 853.924 0.100 0.005
271 1427 1609 182 838.054 0.000 838.054 0.100 0.005
272 1427 1609 182 822.290 0.000 822.290 0.100 0.004
273 1427 1609 182 803.490 0.000 803.490 0.100 0.004
274 1427 1609 182 786.461 0.000 786.461 0.100 0.004
275 1427 1609 182 765.206 0.000 765.206 0.100 0.004
276 1427 1609 182 742.354 0.000 742.354 0.100 0.003
277 1427 1609 182 718.291 0.000 718.291 0.100 0.003
278 1427 1609 182 695.025 0.000 695.025 0.100 0.003
279 1427 1609 182 671.004 0.000 671.004 0.100 0.003
280 1427 1609 182 646.452 0.000 646.452 0.100 0.003
281 1365 1406 41 619.524 0.000 619.524 0.100 0.002
282 1365 1406 41 592.278 0.000 592.278 0.100 0.002
283 1365 1406 41 564.933 0.000 564.933 0.100 0.002
284 1316 1406 90 540.875 0.000 540.875 0.100 0.002
285 1316 1406 90 514.582 0.000 514.582 0.100 0.002
286 1316 1406 90 490.705 0.000 490.705 0.100 0.002
287 1316 1406 90 466.348 0.000 466.348 0.100 0.002
288 1316 1406 90 444.092 0.000 444.092 0.100 0.003
289 1309 1382 73 423.325 0.000 423.325 0.100 0.003
290 1257 1382 125 398.662 0.000 398.662 0.100 0.003
291 1257 1382 125 377.845 0.000 377.845 0.100 0.003
292 1257 1382 125 360.230 0.000 360.230 0.100 0.003
293 1251 1382 131 342.019 0.000 342.019 0.100 0.003
294 1251 1382 131 323.051 0.000 323.051 0.100 0.004
295 1251 1382 131 303.143 0.000 303.143 0.100 0.004
296 1251 1382 131 286.463 0.000 286.463 0.100 0.004
297 1213 1382 169 270.988 0.000 270.988 0.117 0.004
298 1213 1382 169 257.010 0.000 257.010 0.117 0.005
299 1181 1382 201 244.390 0.000 244.390 0.117 0.005
300 1181 1382 201 231.057 0.000 231.057 0.117 0.005
301 1181 1382 201 217.753 0.000 217.753 0.117 0.005
302 1181 1382 201 206.341 0.000 206.341 0.117 0.006
303 1181 1382 201 192.956 0.000 192.956 0.117 0.006
304 1181 1382 201 180.674 0.000 180.674 0.133 0.006
305 1181 1382 201 170.681 0.000 170.681 0.133 0.007
306 1181 1382 201 161.187 0.000 161.187 0.133 0.007
307 1027 1213 186 151.634 0.000 151.634 0.133 0.007
308 1027 1213 186 143.888 0.000 143.888 0.133 0.007
309 1027 1213 186 135.405 0.000 135.405 0.150 0.008
310 1027 1027 0 128.074 0.000 128.074 0.150 0.008
311 1027 1027 0 120.888 0.000 120.888 0.150 0.008
312 1027 1027 0 112.701 0.000 112.701 0.167 0.008
313 1027 1027 0 105.461 0.000 105.461 0.167 0.009
314 1027 1027 0 99.339 0.000 99.339 0.200 0.009
315 1027 1027 0 93.160 0.000 93.160 0.200 0.009
316 1018 1027 9 85.222 0.000 85.222 0.217 0.009
317 910 990 80 79.495 0.000 79.495 0.233 0.009
318 857 990 133 72.969 0.000 72.969 0.233 0.010
319 857 990 133 67.306 0.000 67.306 0.233 0.010
320 857 990 133 61.079 0.000 61.079 0.250 0.010
321 857 990 133 55.973 0.000 55.973 0.250 0.010
322 856 990 134 50.145 0.000 50.145 0.250 0.011
323 715 775 60 45.433 0.000 45.433 0.250 0.011
324 715 775 60 40.984 0.000 40.984 0.250 0.011
325 630 775 145 36.745 0.000 36.745 0.250 0.012
326 564 704 140 33.026 0.000 33.026 0.250 0.012
327 513 704 191 29.307 0.000 29.307 0.267 0.012
328 506 704 198 25.683 0.000 25.683 0.267 0.012
329 452 704 252 21.732 0.000 21.732 0.283 0.013
330 452 704 252 18.425 0.000 18.425 0.283 0.013
331 452 704 252 15.048 0.000 15.048 0.283 0.014
332 452 704 252 12.029 0.000 12.029 0.267 0.014
333 452 704 252 9.159 0.000 9.159 0.267 0.014
334 387 556 169 6.943 0.000 6.943 0.267 0.015
335 333 556 223 4.982 0.000 4.982 0.267 0.015
336 333 476 143 3.300 0.000 3.300 0.283 0.016
337 208 387 179 2.042 0.000 2.042 0.300 0.016
338 208 387 179 1.256 0.000 1.256 0.317 0.016
339 170 387 217 0.720 0.000 0.720 0.333 0.017
340 161 387 226 0.541 0.000 0.541 0.300 0.017
341 161 387 226 0.414 0.000 0.414 0.300 0.017
342 161 318 157 0.257 0.000 0.257 0.317 0.017
343 152 318 166 0.203 0.000 0.203 0.317 0.017
344 152 318 166 0.174 0.000 0.174 0.317 0.016
345 152 318 166 0.160 0.000 0.160 0.317 0.016
346 194 318 124 0.193 0.000 0.193 0.317 0.016
347 194 318 124 0.211 0.000 0.211 0.317 0.016
348 237 318 81 0.258 0.000 0.258 0.317 0.016
349 237 318 81 0.324 0.000 0.324 0.317 0.016
350 237 318 81 0.405 0.000 0.405 0.317 0.015
351 237 318 81 0.580 0.000 0.580 0.317 0.015
352 306 318 12 0.990 0.000 0.990 0.317 0.015
353 327 318 9 1.461 0.000 1.461 0.317 0.015
354 379 318 61 2.421 0.000 2.421 0.317 0.015
355 379 318 61 3.677 0.000 3.677 0.333 0.015
356 468 468 0 5.960 0.000 5.960 0.333 0.015
357 468 468 0 9.004 0.000 9.004 0.367 0.016
358 468 468 0 12.262 0.000 12.262 0.367 0.016
359 468 468 0 16.040 0.000 16.040 0.367 0.016
360 468 468 0 20.068 0.000 20.068 0.350 0.016
361 497 468 29 24.938 0.000 24.938 0.400 0.016
362 497 468 29 30.350 0.000 30.350 0.400 0.016
363 499 468 31 36.783 0.000 36.783 0.400 0.016
364 561 546 15 43.941 0.000 43.941 0.400 0.017
365 563 546 17 52.205 0.000 52.205 0.400 0.017
366 668 668 0 60.891 0.000 60.891 0.417 0.017
367 668 668 0 72.614 0.000 72.614 0.467 0.017
368 668 668 0 83.293 0.000 83.293 0.467 0.017
369 758 668 90 93.581 0.000 93.581 0.450 0.017
370 758 715 43 107.875 0.000 107.875 0.450 0.017
371 803 715 88 120.524 0.000 120.524 0.467 0.018
372 1003 870 133 136.469 0.000 136.469 0.500 0.018
373 1003 912 91 152.277 0.000 152.277 0.500 0.018
374 1003 912 91 169.444 0.000 169.444 0.483 0.018
375 1241 1166 75 187.116 0.000 187.116 0.550 0.018
376 1241 1166 75 204.344 0.000 204.344 0.533 0.018
377 1241 1166 75 222.458 0.000 222.458 0.533 0.018
378 1617 1496 121 244.783 0.000 244.783 0.583 0.019
379 2229 2229 0 267.236 0.000 267.236 0.650 0.019
380 2667 2555 112 297.117 0.000 297.117 0.767 0.019
381 2790 2555 235 326.853 0.000 326.853 0.800 0.019
382 2986 2895 91 357.356 0.000 357.356 0.850 0.019
383 3004 2895 109 389.604 0.000 389.604 0.833 0.019
384 3004 2895 109 416.581 0.000 416.581 0.833 0.019
385 3004 2895 109 445.268 0.000 445.268 0.817 0.019
386 3004 2895 109 467.175 0.000 467.175 0.800 0.019
387 3004 2895 109 493.010 0.000 493.010 0.800 0.020
388 3004 2895 109 517.233 0.000 517.233 0.800 0.020
389 3004 2895 109 535.545 0.000 535.545 0.783 0.020
390 3004 2895 109 551.924 0.000 551.924 0.783 0.020
391 3004 2895 109 566.650 0.000 566.650 0.750 0.020
392 3004 2895 109 581.128 0.000 581.128 0.733 0.019
393 3004 2895 109 596.669 0.000 596.669 0.733 0.019
394 3004 2895 109 609.906 0.000 609.906 0.733 0.019
395 3004 2895 109 623.578 0.000 623.578 0.717 0.019
396 3004 2895 109 636.559 0.000 636.559 0.717 0.019
397 3004 2895 109 649.296 0.000 649.296 0.717 0.018
398 3004 2895 109 661.876 0.000 661.876 0.717 0.018
399 3004 2895 109 674.499 0.000 674.499 0.717 0.018
400 3004 2895 109 687.062 0.000 687.062 0.717 0.018
401 3004 2895 109 698.266 0.000 698.266 0.717 0.019
402 3004 2895 109 709.666 0.000 709.666 0.700 0.019
403 3004 2895 109 720.756 0.000 720.756 0.700 0.019
404 3004 2895 109 733.263 0.000 733.263 0.700 0.019
405 3004 2895 109 744.174 0.000 744.174 0.700 0.019
406 3004 2895 109 756.668 0.000 756.668 0.700 0.019
407 3004 2895 109 768.406 0.000 768.406 0.700 0.020
408 3004 2895 109 780.850 0.000 780.850 0.700 0.020
409 3004 2895 109 791.643 0.000 791.643 0.700 0.020
410 3004 2895 109 803.150 0.000 803.150 0.700 0.020
411 3004 2895 109 813.584 0.000 813.584 0.700 0.020
412 3004 2895 109 823.075 0.000 823.075 0.700 0.020
413 3004 2895 109 832.029 0.000 832.029 0.700 0.020
414 3004 2895 109 842.336 0.000 842.336 0.683 0.019
415 3004 2895 109 851.815 0.000 851.815 0.650 0.019
416 3004 2895 109 863.228 0.000 863.228 0.633 0.019
417 3004 2895 109 874.541 0.000 874.541 0.633 0.018
418 3004 2895 109 884.591 0.000 884.591 0.633 0.018
419 3004 2895 109 894.817 0.000 894.817 0.633 0.017
420 3004 2895 109 903.394 0.000 903.394 0.633 0.017
421 3004 2895 109 912.106 0.000 912.106 0.617 0.016
422 3004 2895 109 920.782 0.000 920.782 0.617 0.016
423 3004 2895 109 928.847 0.000 928.847 0.600 0.016
424 3004 2895 109 936.719 0.000 936.719 0.583 0.015
425 3004 2895 109 945.164 0.000 945.164 0.567 0.015
426 3004 2895 109 951.956 0.000 951.956 0.533 0.014
427 3004 2895 109 961.042 0.000 961.042 0.533 0.014
428 3004 2895 109 968.499 0.000 968.499 0.517 0.014
429 3004 2895 109 973.448 0.000 973.448 0.517 0.013
430 3004 2895 109 980.431 0.000 980.431 0.467 0.013
431 3004 2895 109 986.241 0.000 986.241 0.433 0.012
432 3004 2895 109 992.111 0.000 992.111 0.433 0.012
433 3004 2895 109 998.220 0.000 998.220 0.433 0.012
434 3004 2895 109 1002.786 0.000 1002.786 0.417 0.011
435 3004 2895 109 1006.191 0.000 1006.191 0.350 0.011
436 3004 2895 109 1009.052 0.000 1009.052 0.350 0.010
437 3004 2895 109 1011.854 0.000 1011.854 0.350 0.010
438 3004 2895 109 1010.990 0.000 1010.990 0.283 0.010
439 3004 2895 109 1006.930 0.000 1006.930 0.217 0.009
440 3004 2895 109 998.259 0.000 998.259 0.117 0.009
441 3004 2895 109 989.023 0.000 989.023 0.117 0.008
442 3004 2895 109 975.754 0.000 975.754 0.117 0.008
443 2979 2895 84 959.085 0.000 959.085 0.100 0.008
444 2979 2895 84 945.090 0.000 945.090 0.100 0.007
445 2803 2895 92 929.054 0.000 929.054 0.100 0.007
446 2803 2895 92 915.811 0.000 915.811 0.100 0.007
447 2469 2580 111 899.097 0.000 899.097 0.100 0.006
448 1915 2111 196 879.707 0.000 879.707 0.200 0.006
449 1671 1671 0 865.310 0.000 865.310 0.267 0.006
450 1671 1671 0 851.484 0.000 851.484 0.267 0.005
451 1671 1671 0 840.032 0.000 840.032 0.267 0.005
452 1671 1671 0 824.171 0.000 824.171 0.267 0.005
453 1671 1671 0 806.337 0.000 806.337 0.267 0.004
454 1671 1671 0 786.848 0.000 786.848 0.267 0.004
455 1671 1671 0 765.521 0.000 765.521 0.267 0.004
456 1671 1671 0 742.249 0.000 742.249 0.267 0.004
457 1671 1671 0 721.667 0.000 721.667 0.267 0.003
458 1671 1671 0 699.840 0.000 699.840 0.267 0.003
459 1328 1511 183 674.889 0.000 674.889 0.267 0.003
460 1328 1511 183 649.981 0.000 649.981 0.267 0.003
461 1328 1511 183 622.938 0.000 622.938 0.267 0.003
462 1328 1328 0 596.891 0.000 596.891 0.267 0.003
463 1328 1328 0 572.674 0.000 572.674 0.267 0.003
464 1301 1328 27 550.534 0.000 550.534 0.267 0.003
465 1301 1328 27 527.122 0.000 527.122 0.267 0.003
466 1301 1328 27 502.934 0.000 502.934 0.267 0.003
467 1301 1328 27 478.348 0.000 478.348 0.267 0.003
468 1301 1328 27 452.999 0.000 452.999 0.267 0.003
469 1301 1328 27 429.108 0.000 429.108 0.267 0.003
470 1301 1328 27 407.108 0.000 407.108 0.267 0.003
471 1301 1328 27 386.469 0.000 386.469 0.267 0.003
472 1301 1328 27 366.235 0.000 366.235 0.267 0.003
473 1301 1328 27 347.522 0.000 347.522 0.267 0.004
474 1301 1328 27 329.406 0.000 329.406 0.267 0.004
475 1301 1328 27 312.374 0.000 312.374 0.267 0.004
476 1301 1328 27 295.735 0.000 295.735 0.267 0.005
477 1301 1328 27 279.782 0.000 279.782 0.267 0.005
478 1301 1328 27 265.773 0.000 265.773 0.267 0.005
479 1301 1328 27 249.646 0.000 249.646 0.267 0.005
480 1301 1325 24 236.432 0.000 236.432 0.267 0.006
481 1301 1325 24 224.222 0.000 224.222 0.267 0.006
482 1301 1325 24 212.213 0.000 212.213 0.267 0.007
483 1301 1325 24 199.890 0.000 199.890 0.267 0.007
484 1301 1325 24 189.918 0.000 189.918 0.267 0.007
485 1301 1325 24 179.677 0.000 179.677 0.267 0.007
486 1301 1325 24 170.214 0.000 170.214 0.267 0.007
487 1301 1325 24 160.658 0.000 160.658 0.267 0.008
488 1301 1325 24 151.209 0.000 151.209 0.267 0.008
489 1301 1325 24 142.349 0.000 142.349 0.267 0.008
490 1301 1325 24 132.367 0.000 132.367 0.267 0.009
491 1301 1325 24 127.290 0.000 127.290 0.267 0.009
492 1301 1325 24 120.520 0.000 120.520 0.267 0.009
493 949 1012 63 112.638 0.000 112.638 0.317 0.009
494 949 1012 63 105.430 0.000 105.430 0.317 0.009
495 949 1012 63 99.148 0.000 99.148 0.317 0.010
496 949 1012 63 92.405 0.000 92.405 0.317 0.010
497 942 1012 70 85.365 0.000 85.365 0.317 0.010
498 942 1012 70 78.312 0.000 78.312 0.317 0.010
499 942 1012 70 72.389 0.000 72.389 0.317 0.010
500 942 1012 70 67.989 0.000 67.989 0.317 0.011
501 942 1012 70 62.939 0.000 62.939 0.317 0.011
502 942 1012 70 57.218 0.000 57.218 0.317 0.011
503 942 1012 70 51.629 0.000 51.629 0.317 0.011
504 813 1012 199 45.936 0.000 45.936 0.367 0.012
505 631 667 36 41.288 0.000 41.288 0.350 0.012
506 585 667 82 37.310 0.000 37.310 0.350 0.012
507 585 667 82 32.735 0.000 32.735 0.300 0.013
508 552 667 115 28.221 0.000 28.221 0.283 0.013
509 552 667 115 24.304 0.000 24.304 0.300 0.013
510 552 667 115 20.638 0.000 20.638 0.300 0.014
511 552 667 115 18.144 0.000 18.144 0.317 0.014
512 552 667 115 15.067 0.000 15.067 0.333 0.014
513 552 667 115 12.289 0.000 12.289 0.333 0.015
514 552 667 115 9.668 0.000 9.668 0.350 0.015
515 552 667 115 7.495 0.000 7.495 0.333 0.015
516 552 667 115 5.665 0.000 5.665 0.367 0.016
517 552 667 115 4.493 0.000 4.493 0.367 0.016
518 552 667 115 3.808 0.000 3.808 0.367 0.016
519 552 667 115 3.378 0.000 3.378 0.383 0.017
520 552 667 115 3.013 0.000 3.013 0.383 0.017
521 552 667 115 2.780 0.000 2.780 0.383 0.017
522 552 667 115 2.701 0.000 2.701 0.383 0.017
523 552 667 115 2.613 0.000 2.613 0.383 0.017
524 552 667 115 2.596 0.000 2.596 0.383 0.017
525 552 667 115 2.580 0.000 2.580 0.383 0.016
526 552 667 115 2.657 0.000 2.657 0.383 0.016
527 552 667 115 2.715 0.000 2.715 0.383 0.016
528 552 667 115 2.762 0.000 2.762 0.400 0.016
529 552 667 115 2.843 0.000 2.843 0.400 0.015
530 552 667 115 2.999 0.000 2.999 0.400 0.015
531 552 667 115 3.225 0.000 3.225 0.400 0.015
532 552 667 115 3.689 0.000 3.689 0.400 0.015
533 552 667 115 4.339 0.000 4.339 0.400 0.015
534 552 667 115 5.351 0.000 5.351 0.400 0.015
535 552 667 115 6.703 0.000 6.703 0.400 0.015
536 552 667 115 9.019 0.000 9.019 0.400 0.015
537 552 667 115 11.578 0.000 11.578 0.383 0.015
538 552 667 115 14.701 0.000 14.701 0.383 0.015
539 552 667 115 18.701 0.000 18.701 0.417 0.016
540 552 667 115 23.643 0.000 23.643 0.433 0.016
541 552 667 115 29.475 0.000 29.475 0.450 0.016
542 552 667 115 35.805 0.000 35.805 0.467 0.016
543 552 667 115 42.173 0.000 42.173 0.483 0.016
544 552 667 115 50.502 0.000 50.502 0.483 0.016
545 586 667 81 59.463 0.000 59.463 0.517 0.017
546 647 667 20 70.176 0.000 70.176 0.517 0.017
547 647 667 20 78.748 0.000 78.748 0.517 0.017
548 748 690 58 90.595 0.000 90.595 0.517 0.017
549 748 690 58 101.146 0.000 101.146 0.517 0.017
550 926 690 236 114.567 0.000 114.567 0.567 0.017
551 956 690 266 126.887 0.000 126.887 0.567 0.018
552 1013 982 31 139.735 0.000 139.735 0.583 0.018
553 1046 982 64 157.567 0.000 157.567 0.583 0.018
554 1046 982 64 173.782 0.000 173.782 0.567 0.018
555 1377 1283 94 187.117 0.000 187.117 0.567 0.018
556 1452 1283 169 205.433 0.000 205.433 0.567 0.018
557 1711 1605 106 224.885 0.000 224.885 0.600 0.019
558 1889 1889 0 245.135 0.000 245.135 0.617 0.019
559 2169 2169 0 268.189 0.000 268.189 0.617 0.019
560 2332 2169 163 290.590 0.000 290.590 0.617 0.019
561 2358 2169 189 313.163 0.000 313.163 0.617 0.019
562 2576 2509 67 340.191 0.000 340.191 0.583 0.020
563 2582 2509 73 364.522 0.000 364.522 0.583 0.020
564 2582 2509 73 391.282 0.000 391.282 0.583 0.020
565 2582 2509 73 412.672 0.000 412.672 0.583 0.019
566 2582 2509 73 435.564 0.000 435.564 0.583 0.020
567 2582 2509 73 454.962 0.000 454.962 0.567 0.020
568 2582 2509 73 470.065 0.000 470.065 0.533 0.020
569 2582 2509 73 486.196 0.000 486.196 0.517 0.020
570 2582 2509 73 501.804 0.000 501.804 0.517 0.019
571 2582 2509 73 518.753 0.000 518.753 0.500 0.020
572 2582 2509 73 536.232 0.000 536.232 0.500 0.020
573 2582 2509 73 550.597 0.000 550.597 0.500 0.019
574 2582 2509 73 564.460 0.000 564.460 0.500 0.019
575 2582 2509 73 578.208 0.000 578.208 0.500 0.019
576 2582 2509 73 593.379 0.000 593.379 0.500 0.019
577 2582 2509 73 607.619 0.000 607.619 0.500 0.019
578 2582 2509 73 621.463 0.000 621.463 0.500 0.019
579 2582 2509 73 634.786 0.000 634.786 0.500 0.019
580 2582 2509 73 647.341 0.000 647.341 0.500 0.019
581 2582 2509 73 659.652 0.000 659.652 0.500 0.019
582 2582 2509 73 671.215 0.000 671.215 0.500 0.019
583 2582 2509 73 682.080 0.000 682.080 0.500 0.019
584 2582 2509 73 693.416 0.000 693.416 0.500 0.019
585 2582 2509 73 705.353 0.000 705.353 0.500 0.020
586 2582 2509 73 716.498 0.000 716.498 0.500 0.020
587 2582 2509 73 729.036 0.000 729.036 0.500 0.020
588 2582 2509 73 740.924 0.000 740.924 0.500 0.020
589 2582 2509 73 752.759 0.000 752.759 0.500 0.020
590 2582 2509 73 764.198 0.000 764.198 0.500 0.020
591 2582 2509 73 774.522 0.000 774.522 0.500 0.020
592 2582 2509 73 785.701 0.000 785.701 0.500 0.020
593 2582 2509 73 796.333 0.000 796.333 0.500 0.020
594 2582 2509 73 806.349 0.000 806.349 0.500 0.019
595 2582 2509 73 815.850 0.000 815.850 0.500 0.019
596 2582 2509 73 827.262 0.000 827.262 0.500 0.019
597 2582 2509 73 836.450 0.000 836.450 0.500 0.018
598 2582 2509 73 846.275 0.000 846.275 0.500 0.018
599 2582 2509 73 855.496 0.000 855.496 0.500 0.017
600 2582 2509 73 865.724 0.000 865.724 0.500 0.017
601 2582 2509 73 876.053 0.000 876.053 0.500 0.016
602 2582 2509 73 885.489 0.000 885.489 0.500 0.016
603 2582 2509 73 893.559 0.000 893.559 0.500 0.016
604 2582 2509 73 902.891 0.000 902.891 0.500 0.015
605 2582 2509 73 911.103 0.000 911.103 0.500 0.015
606 2582 2509 73 920.201 0.000 920.201 0.500 0.014
607 2582 2509 73 926.423 0.000 926.423 0.500 0.014
608 2582 2509 73 933.029 0.000 933.029 0.467 0.013
609 2582 2509 73 938.950 0.000 938.950 0.467 0.013
610 2582 2509 73 944.416 0.000 944.416 0.467 0.013
611 2582 2509 73 949.597 0.000 949.597 0.467 0.012
612 2582 2509 73 954.433 0.000 954.433 0.467 0.012
613 2582 2509 73 960.308 0.000 960.308 0.450 0.011
614 2582 2509 73 963.471 0.000 963.471 0.400 0.011
615 2582 2509 73 964.355 0.000 964.355 0.300 0.011
616 2582 2509 73 966.075 0.000 966.075 0.267 0.010
617 2582 2509 73 964.735 0.000 964.735 0.217 0.010
618 2582 2509 73 964.834 0.000 964.834 0.183 0.009
619 2582 2509 73 961.958 0.000 961.958 0.133 0.009
620 2582 2509 73 956.919 0.000 956.919 0.133 0.009
621 2582 2509 73 951.213 0.000 951.213 0.133 0.008
622 2582 2509 73 943.038 0.000 943.038 0.133 0.008
623 2475 2509 34 934.011 0.000 934.011 0.117 0.007
624 2419 2509 90 921.483 0.000 921.483 0.117 0.007
625 2255 2258 3 911.933 0.000 911.933 0.100 0.007
626 1506 1722 216 899.724 0.000 899.724 0.233 0.007
627 1415 1415 0 888.228 0.000 888.228 0.267 0.006
628 1415 1415 0 879.307 0.000 879.307 0.267 0.006
629 1415 1415 0 870.152 0.000 870.152 0.267 0.006
630 1415 1415 0 858.663 0.000 858.663 0.267 0.005
631 1415 1415 0 842.151 0.000 842.151 0.267 0.005
632 1408 1415 7 826.932 0.000 826.932 0.267 0.005
633 1408 1415 7 809.247 0.000 809.247 0.267 0.004
634 1408 1415 7 790.926 0.000 790.926 0.267 0.004
635 1408 1415 7 769.037 0.000 769.037 0.267 0.004
636 1408 1415 7 745.757 0.000 745.757 0.267 0.003
637 1408 1415 7 723.890 0.000 723.890 0.267 0.003
638 1408 1415 7 699.007 0.000 699.007 0.267 0.003
639 1408 1415 7 673.670 0.000 673.670 0.267 0.003
640 1408 1415 7 650.672 0.000 650.672 0.267 0.003
641 1408 1415 7 623.913 0.000 623.913 0.267 0.003
642 1408 1415 7 597.441 0.000 597.441 0.267 0.003
643 1408 1415 7 576.160 0.000 576.160 0.267 0.002
644 1408 1415 7 553.597 0.000 553.597 0.267 0.002
645 1408 1415 7 527.013 0.000 527.013 0.267 0.002
646 1361 1415 54 499.851 0.000 499.851 0.267 0.002
647 1361 1415 54 473.838 0.000 473.838 0.267 0.003
648 1329 1415 86 450.128 0.000 450.128 0.267 0.003
649 1329 1415 86 428.890 0.000 428.890 0.267 0.003
650 1329 1415 86 405.412 0.000 405.412 0.267 0.003
651 1281 1415 134 384.698 0.000 384.698 0.267 0.003
652 1281 1415 134 364.549 0.000 364.549 0.267 0.003
653 1281 1415 134 343.818 0.000 343.818 0.267 0.004
654 1281 1415 134 326.086 0.000 326.086 0.267 0.004
655 1281 1337 56 310.605 0.000 310.605 0.283 0.004
656 1281 1337 56 293.659 0.000 293.659 0.283 0.004
657 1281 1337 56 278.555 0.000 278.555 0.283 0.004
658 1281 1337 56 263.655 0.000 263.655 0.283 0.005
659 1192 1337 145 250.116 0.000 250.116 0.283 0.005
660 1192 1337 145 234.591 0.000 234.591 0.283 0.005
661 1192 1337 145 221.071 0.000 221.071 0.283 0.006
662 1192 1337 145 210.337 0.000 210.337 0.283 0.006
663 1159 1309 150 198.637 0.000 198.637 0.283 0.006
664 1121 1309 188 187.792 0.000 187.792 0.283 0.007
665 1121 1309 188 178.520 0.000 178.520 0.283 0.007
666 1121 1309 188 169.001 0.000 169.001 0.283 0.007
667 1119 1309 190 158.632 0.000 158.632 0.317 0.007
668 1119 1309 190 149.469 0.000 149.469 0.317 0.008
669 1119 1309 190 140.890 0.000 140.890 0.317 0.008
670 1119 1309 190 131.295 0.000 131.295 0.317 0.008
671 962 1205 243 122.644 0.000 122.644 0.317 0.008
672 859 1010 151 115.548 0.000 115.548 0.333 0.009
673 836 1010 174 109.314 0.000 109.314 0.333 0.009
674 836 1010 174 100.909 0.000 100.909 0.333 0.009
675 836 1010 174 94.522 0.000 94.522 0.333 0.009
676 836 1010 174 87.571 0.000 87.571 0.333 0.009
677 781 1010 229 81.562 0.000 81.562 0.350 0.010
678 729 1010 281 75.592 0.000 75.592 0.350 0.010
679 726 1010 284 69.612 0.000 69.612 0.350 0.010
680 703 909 206 63.224 0.000 63.224 0.350 0.010
681 703 909 206 58.152 0.000 58.152 0.350 0.011
682 665 896 231 52.591 0.000 52.591 0.367 0.011
683 656 849 193 48.013 0.000 48.013 0.350 0.011
684 656 849 193 43.283 0.000 43.283 0.333 0.011
685 656 849 193 38.746 0.000 38.746 0.317 0.012
686 656 849 193 34.305 0.000 34.305 0.283 0.012
687 656 849 193 29.499 0.000 29.499 0.283 0.012
688 484 642 158 25.994 0.000 25.994 0.300 0.013
689 484 642 158 22.963 0.000 22.963 0.317 0.013
690 484 630 146 19.687 0.000 19.687 0.317 0.013
691 484 630 146 15.821 0.000 15.821 0.333 0.014
692 366 504 138 12.953 0.000 12.953 0.350 0.014
693 364 504 140 10.207 0.000 10.207 0.350 0.015
694 306 504 198 7.852 0.000 7.852 0.350 0.015
695 302 504 202 5.557 0.000 5.557 0.333 0.015
696 298 382 84 3.770 0.000 3.770 0.333 0.016
697 298 382 84 2.638 0.000 2.638 0.333 0.016
698 298 382 84 1.560 0.000 1.560 0.333 0.017
699 298 382 84 0.996 0.000 0.996 0.333 0.017
700 225 366 141 0.685 0.000 0.685 0.333 0.017
701 225 366 141 0.525 0.000 0.525 0.333 0.017
702 225 366 141 0.401 0.000 0.401 0.333 0.017
703 225 366 141 0.355 0.000 0.355 0.333 0.017
704 225 366 141 0.289 0.000 0.289 0.333 0.017
705 225 366 141 0.289 0.000 0.289 0.333 0.016
706 225 366 141 0.293 0.000 0.293 0.333 0.016
707 225 366 141 0.288 0.000 0.288 0.333 0.016
708 225 366 141 0.315 0.000 0.315 0.333 0.016
709 225 366 141 0.320 0.000 0.320 0.333 0.015
710 225 366 141 0.380 0.000 0.380 0.333 0.015
711 225 366 141 0.547 0.000 0.547 0.333 0.015
712 225 366 141 0.877 0.000 0.877 0.333 0.015
713 225 366 141 1.465 0.000 1.465 0.350 0.015
714 255 366 111 2.489 0.000 2.489 0.350 0.015
715 364 366 2 4.075 0.000 4.075 0.350 0.015
716 365 366 1 6.187 0.000 6.187 0.333 0.015
717 365 366 1 8.890 0.000 8.890 0.350 0.016
718 365 366 1 11.473 0.000 11.473 0.350 0.016
719 522 522 0 15.694 0.000 15.694 0.367 0.016
720 522 522 0 18.899 0.000 18.899 0.367 0.016
721 522 522 0 24.336 0.000 24.336 0.367 0.016
722 522 522 0 30.517 0.000 30.517 0.383 0.016
723 617 617 0 37.462 0.000 37.462 0.383 0.016
724 617 617 0 44.796 0.000 44.796 0.400 0.017
725 617 617 0 53.279 0.000 53.279 0.400 0.017
726 716 617 99 64.092 0.000 64.092 0.400 0.017
727 716 631 85 73.298 0.000 73.298 0.383 0.017
728 841 839 2 83.574 0.000 83.574 0.383 0.017
729 1038 839 199 96.676 0.000 96.676 0.400 0.017
730 1038 839 199 110.037 0.000 110.037 0.433 0.018
731 1038 839 199 123.602 0.000 123.602 0.417 0.018
732 1038 917 121 136.265 0.000 136.265 0.417 0.018
733 1180 1180 0 151.473 0.000 151.473 0.433 0.018
734 1559 1430 129 168.077 0.000 168.077 0.433 0.018
735 1628 1430 198 189.414 0.000 189.414 0.433 0.018
736 1628 1430 198 210.142 0.000 210.142 0.467 0.019
737 1638 1430 208 229.524 0.000 229.524 0.450 0.019
738 1638 1430 208 252.491 0.000 252.491 0.517 0.019
739 1638 1430 208 272.518 0.000 272.518 0.517 0.019
740 1670 1497 173 293.225 0.000 293.225 0.567 0.019
741 1670 1497 173 316.382 0.000 316.382 0.567 0.019
742 1670 1497 173 338.867 0.000 338.867 0.550 0.019
743 1670 1497 173 358.252 0.000 358.252 0.533 0.019
744 1958 1890 68 378.611 0.000 378.611 0.583 0.019
745 2323 2187 136 402.162 0.000 402.162 0.667 0.019
746 2776 2776 0 423.518 0.000 423.518 0.650 0.019
747 2791 2776 15 449.463 0.000 449.463 0.650 0.019
748 3025 2776 249 472.941 0.000 472.941 0.700 0.019
749 3025 2776 249 494.588 0.000 494.588 0.700 0.020
750 3025 2776 249 511.296 0.000 511.296 0.700 0.020
751 3025 2776 249 527.651 0.000 527.651 0.700 0.019
752 3025 2776 249 541.596 0.000 541.596 0.683 0.019
753 3025 2776 249 556.230 0.000 556.230 0.667 0.019
754 3025 2776 249 572.471 0.000 572.471 0.633 0.019
755 3025 2776 249 585.710 0.000 585.710 0.633 0.019
756 3025 2776 249 597.976 0.000 597.976 0.633 0.019
757 3025 2776 249 612.268 0.000 612.268 0.617 0.019
758 3025 2776 249 624.486 0.000 624.486 0.617 0.019
759 3025 2776 249 636.691 0.000 636.691 0.617 0.019
760 3025 2776 249 649.095 0.000 649.095 0.617 0.019
761 3025 2776 249 661.435 0.000 661.435 0.617 0.019
762 3025 2776 249 672.669 0.000 672.669 0.617 0.019
763 3025 2776 249 685.928 0.000 685.928 0.617 0.019
764 3025 2776 249 699.542 0.000 699.542 0.617 0.019
765 3025 2776 249 711.462 0.000 711.462 0.617 0.019
766 3025 2776 249 723.178 0.000 723.178 0.617 0.019
767 3025 2776 249 736.534 0.000 736.534 0.617 0.020
768 3025 2776 249 746.988 0.000 746.988 0.617 0.020
769 3025 2776 249 757.201 0.000 757.201 0.617 0.020
770 3025 2776 249 769.505 0.000 769.505 0.617 0.020
771 3025 2776 249 782.153 0.000 782.153 0.617 0.020
772 3025 2776 249 792.225 0.000 792.225 0.617 0.020
773 3025 2776 249 802.477 0.000 802.477 0.617 0.020
774 3025 2776 249 813.284 0.000 813.284 0.600 0.019
775 3025 2776 249 823.768 0.000 823.768 0.600 0.019
776 3025 2776 249 834.223 0.000 834.223 0.567 0.018
777 3025 2776 249 845.360 0.000 845.360 0.567 0.018
778 3025 2776 249 853.404 0.000 853.404 0.550 0.018
779 3025 2776 249 863.849 0.000 863.849 0.550 0.017
780 3025 2776 249 870.930 0.000 870.930 0.533 0.017
781 3025 2776 249 880.530 0.000 880.530 0.533 0.016
782 3025 2776 249 889.893 0.000 889.893 0.533 0.016
783 3025 2776 249 898.801 0.000 898.801 0.533 0.015
784 3025 2776 249 906.799 0.000 906.799 0.533 0.015
785 3025 2776 249 914.970 0.000 914.970 0.500 0.014
786 3025 2776 249 924.688 0.000 924.688 0.500 0.014
787 3025 2776 249 931.857 0.000 931.857 0.500 0.014
788 3025 2776 249 937.888 0.000 937.888 0.500 0.013
789 3025 2776 249 945.150 0.000 945.150 0.483 0.013
790 3025 2776 249 952.257 0.000 952.257 0.483 0.012
791 3025 2776 249 958.502 0.000 958.502 0.483 0.012
792 3025 2776 249 962.723 0.000 962.723 0.467 0.012
793 3025 2776 249 965.956 0.000 965.956 0.467 0.011
794 3025 2776 249 968.213 0.000 968.213 0.433 0.011
795 3025 2776 249 969.754 0.000 969.754 0.367 0.011
796 3025 2776 249 969.164 0.000 969.164 0.333 0.010
797 3025 2776 249 969.665 0.000 969.665 0.333 0.010
798 3025 2776 249 968.036 0.000 968.036 0.267 0.009
799 3025 2776 249 965.032 0.000 965.032 0.267 0.009
800 3025 2776 249 961.614 0.000 961.614 0.217 0.009
801 3025 2776 249 956.983 0.000 956.983 0.217 0.008
802 3025 2776 249 951.347 0.000 951.347 0.217 0.008
803 3025 2776 249 946.358 0.000 946.358 0.217 0.008
804 3025 2776 249 938.601 0.000 938.601 0.167 0.007
805 3025 2776 249 925.329 0.000 925.329 0.100 0.007
806 3025 2776 249 915.175 0.000 915.175 0.100 0.007
807 3025 2776 249 896.274 0.000 896.274 0.100 0.006
808 2468 2477 9 880.579 0.000 880.579 0.100 0.006
809 1382 1430 48 863.811 0.000 863.811 0.300 0.006
810 1382 1430 48 849.896 0.000 849.896 0.300 0.005
811 1382 1430 48 835.785 0.000 835.785 0.300 0.005
812 1382 1430 48 820.339 0.000 820.339 0.317 0.005
813 1382 1430 48 802.840 0.000 802.840 0.317 0.004
814 1382 1430 48 783.611 0.000 783.611 0.333 0.004
815 1382 1430 48 764.385 0.000 764.385 0.333 0.004
816 1382 1430 48 743.810 0.000 743.810 0.333 0.004
817 1382 1430 48 722.344 0.000 722.344 0.333 0.003
818 1382 1430 48 697.872 0.000 697.872 0.333 0.003
819 1382 1430 48 674.757 0.000 674.757 0.333 0.003
820 1382 1430 48 650.341 0.000 650.341 0.333 0.003
821 1382 1430 48 622.294 0.000 622.294 0.333 0.002
822 1382 1430 48 599.649 0.000 599.649 0.333 0.002
823 1382 1430 48 573.020 0.000 573.020 0.333 0.002
824 1350 1430 80 546.941 0.000 546.941 0.333 0.002
825 1350 1430 80 523.163 0.000 523.163 0.333 0.002
826 1350 1430 80 497.072 0.000 497.072 0.333 0.002
827 1350 1430 80 470.827 0.000 470.827 0.333 0.002
828 1350 1430 80 449.459 0.000 449.459 0.333 0.003
829 1350 1430 80 425.053 0.000 425.053 0.333 0.003
830 1350 1430 80 404.938 0.000 404.938 0.333 0.003
831 1350 1430 80 384.611 0.000 384.611 0.333 0.003
832 1350 1430 80 366.962 0.000 366.962 0.333 0.003
833 1350 1430 80 343.815 0.000 343.815 0.333 0.004
834 1350 1430 80 322.492 0.000 322.492 0.333 0.004
835 1350 1430 80 305.703 0.000 305.703 0.333 0.004
836 1257 1382 125 286.565 0.000 286.565 0.333 0.004
837 1257 1382 125 268.503 0.000 268.503 0.333 0.005
838 1257 1382 125 253.407 0.000 253.407 0.333 0.005
839 1257 1382 125 240.324 0.000 240.324 0.333 0.005
840 1148 1264 116 226.584 0.000 226.584 0.333 0.006
841 1148 1264 116 214.286 0.000 214.286 0.333 0.006
842 1148 1264 116 202.986 0.000 202.986 0.350 0.006
843 1148 1264 116 190.897 0.000 190.897 0.367 0.006
844 1064 1264 200 180.922 0.000 180.922 0.400 0.007
845 1014 1173 159 171.595 0.000 171.595 0.400 0.007
846 998 1173 175 162.263 0.000 162.263 0.400 0.007
847 998 1173 175 152.745 0.000 152.745 0.400 0.007
848 981 1173 192 143.750 0.000 143.750 0.400 0.008
849 919 1148 229 135.669 0.000 135.669 0.400 0.008
850 919 1020 101 127.653 0.000 127.653 0.400 0.008
851 889 1020 131 119.752 0.000 119.752 0.417 0.008
852 880 1020 140 113.475 0.000 113.475 0.417 0.008
853 880 1020 140 105.432 0.000 105.432 0.417 0.009
854 860 961 101 99.387 0.000 99.387 0.417 0.009
855 860 961 101 92.581 0.000 92.581 0.433 0.009
856 860 961 101 86.985 0.000 86.985 0.433 0.009
857 824 961 137 81.620 0.000 81.620 0.433 0.009
858 824 961 137 75.141 0.000 75.141 0.450 0.010
859 824 961 137 69.288 0.000 69.288 0.450 0.010
860 824 961 137 64.667 0.000 64.667 0.450 0.010
861 802 961 159 59.818 0.000 59.818 0.450 0.010
862 787 950 163 53.788 0.000 53.788 0.450 0.011
863 787 950 163 49.430 0.000 49.430 0.450 0.011
864 715 721 6 44.323 0.000 44.323 0.483 0.011
865 715 721 6 38.830 0.000 38.830 0.483 0.012
866 680 721 41 34.339 0.000 34.339 0.483 0.012
867 680 721 41 29.011 0.000 29.011 0.500 0.012
868 560 721 161 25.164 0.000 25.164 0.417 0.013
869 560 721 161 21.024 0.000 21.024 0.283 0.013
870 560 721 161 17.368 0.000 17.368 0.283 0.013
871 419 588 169 14.103 0.000 14.103 0.283 0.014
872 415 588 173 11.225 0.000 11.225 0.283 0.014
873 415 588 173 8.501 0.000 8.501 0.300 0.015
874 280 464 184 6.111 0.000 6.111 0.300 0.015
875 274 370 96 4.259 0.000 4.259 0.300 0.015
876 274 370 96 2.838 0.000 2.838 0.300 0.016
877 262 370 108 1.882 0.000 1.882 0.317 0.016
878 262 370 108 1.185 0.000 1.185 0.333 0.016
879 262 370 108 0.795 0.000 0.795 0.333 0.017
880 188 370 182 0.550 0.000 0.550 0.333 0.017
881 188 313 125 0.361 0.000 0.361 0.350 0.017
882 152 313 161 0.227 0.000 0.227 0.350 0.017
883 152 313 161 0.187 0.000 0.187 0.350 0.017
884 152 313 161 0.192 0.000 0.192 0.350 0.016
885 152 313 161 0.174 0.000 0.174 0.350 0.016
886 152 313 161 0.173 0.000 0.173 0.350 0.016
887 216 313 97 0.221 0.000 0.221 0.350 0.016
888 216 313 97 0.258 0.000 0.258 0.350 0.016
889 216 313 97 0.306 0.000 0.306 0.350 0.015
890 216 313 97 0.371 0.000 0.371 0.350 0.015
891 295 313 18 0.561 0.000 0.561 0.350 0.015
892 295 313 18 0.902 0.000 0.902 0.367 0.015
893 295 313 18 1.484 0.000 1.484 0.367 0.015
894 295 313 18 2.395 0.000 2.395 0.333 0.015
895 358 313 45 3.946 0.000 3.946 0.333 0.015
896 574 574 0 5.993 0.000 5.993 0.333 0.015
897 574 574 0 8.392 0.000 8.392 0.333 0.015
898 574 574 0 11.641 0.000 11.641 0.333 0.015
899 574 574 0 15.729 0.000 15.729 0.333 0.015
900 574 574 0 21.019 0.000 21.019 0.333 0.016
901 574 574 0 26.422 0.000 26.422 0.350 0.016
902 576 576 0 32.642 0.000 32.642 0.350 0.016
903 576 576 0 38.988 0.000 38.988 0.367 0.016
904 625 576 49 47.430 0.000 47.430 0.383 0.016
905 625 576 49 55.288 0.000 55.288 0.367 0.016
906 625 576 49 63.157 0.000 63.157 0.383 0.017
907 779 779 0 73.962 0.000 73.962 0.383 0.017
908 947 837 110 86.098 0.000 86.098 0.383 0.017
909 947 837 110 98.703 0.000 98.703 0.383 0.017
910 947 837 110 113.441 0.000 113.441 0.383 0.017
911 947 837 110 126.992 0.000 126.992 0.383 0.017
912 947 837 110 139.895 0.000 139.895 0.383 0.017
913 947 837 110 155.630 0.000 155.630 0.383 0.017
914 1110 1108 2 173.254 0.000 173.254 0.383 0.018
915 1312 1108 204 192.232 0.000 192.232 0.417 0.018
916 1312 1108 204 211.654 0.000 211.654 0.433 0.018
917 1312 1108 204 228.460 0.000 228.460 0.433 0.018
918 1312 1108 204 244.657 0.000 244.657 0.417 0.018
919 1459 1378 81 267.642 0.000 267.642 0.483 0.018
920 1459 1378 81 287.234 0.000 287.234 0.483 0.018
921 1787 1653 134 308.476 0.000 308.476 0.483 0.019
922 1989 1914 75 330.718 0.000 330.718 0.483 0.019
923 1992 1914 78 354.473 0.000 354.473 0.483 0.019
924 1992 1914 78 373.746 0.000 373.746 0.483 0.019
925 1992 1914 78 391.036 0.000 391.036 0.500 0.019
926 1992 1914 78 409.269 0.000 409.269 0.483 0.019
927 1992 1914 78 425.895 0.000 425.895 0.483 0.019
928 1992 1914 78 443.372 0.000 443.372 0.467 0.019
929 1992 1914 78 461.433 0.000 461.433 0.483 0.019
930 1992 1914 78 479.182 0.000 479.182 0.450 0.019
931 1992 1914 78 495.559 0.000 495.559 0.450 0.019
932 1992 1914 78 511.049 0.000 511.049 0.433 0.019
933 1992 1914 78 528.260 0.000 528.260 0.417 0.019
934 1992 1914 78 543.010 0.000 543.010 0.417 0.019
935 1992 1914 78 558.542 0.000 558.542 0.367 0.018
936 1992 1914 78 574.183 0.000 574.183 0.367 0.018
937 1992 1914 78 588.164 0.000 588.164 0.350 0.018
938 1992 1914 78 602.038 0.000 602.038 0.367 0.018
939 1992 1914 78 615.249 0.000 615.249 0.367 0.018
940 1992 1914 78 628.162 0.000 628.162 0.367 0.018
941 1992 1914 78 639.495 0.000 639.495 0.367 0.018
942 1992 1914 78 650.877 0.000 650.877 0.367 0.018
943 1992 1914 78 664.427 0.000 664.427 0.350 0.019
944 1992 1914 78 675.264 0.000 675.264 0.350 0.019
945 1992 1914 78 687.660 0.000 687.660 0.350 0.019
946 1992 1914 78 698.961 0.000 698.961 0.367 0.019
947 1992 1914 78 709.754 0.000 709.754 0.367 0.019
948 1992 1914 78 720.628 0.000 720.628 0.367 0.019
949 1992 1914 78 731.670 0.000 731.670 0.367 0.019
950 1992 1914 78 740.870 0.000 740.870 0.367 0.019
951 1992 1914 78 749.874 0.000 749.874 0.367 0.019
952 1992 1914 78 761.521 0.000 761.521 0.367 0.019
953 1992 1914 78 772.825 0.000 772.825 0.367 0.019
954 1992 1914 78 782.745 0.000 782.745 0.333 0.019
955 1992 1914 78 792.020 0.000 792.020 0.317 0.018
956 1992 1914 78 802.146 0.000 802.146 0.317 0.018
957 1992 1914 78 811.025 0.000 811.025 0.317 0.018
958 1992 1914 78 821.087 0.000 821.087 0.317 0.017
959 1992 1914 78 830.983 0.000 830.983 0.317 0.017
960 1992 1914 78 841.471 0.000 841.471 0.317 0.016
961 1992 1914 78 851.186 0.000 851.186 0.300 0.016
962 1992 1914 78 860.335 0.000 860.335 0.300 0.015
963 1992 1914 78 868.607 0.000 868.607 0.300 0.015
964 1992 1914 78 878.165 0.000 878.165 0.283 0.015
965 1992 1914 78 885.961 0.000 885.961 0.283 0.014
966 1992 1914 78 891.973 0.000 891.973 0.267 0.014
967 1992 1914 78 899.505 0.000 899.505 0.267 0.014
968 1992 1914 78 906.458 0.000 906.458 0.267 0.013
969 1992 1914 78 912.814 0.000 912.814 0.250 0.013
970 1992 1914 78 918.738 0.000 918.738 0.233 0.012
971 1992 1914 78 923.818 0.000 923.818 0.233 0.012
972 1992 1914 78 928.593 0.000 928.593 0.217 0.012
973 1992 1914 78 932.964 0.000 932.964 0.217 0.011
974 1992 1914 78 936.311 0.000 936.311 0.217 0.011
975 1992 1914 78 936.831 0.000 936.831 0.183 0.010
976 1992 1914 78 937.465 0.000 937.465 0.183 0.010
977 1992 1914 78 938.101 0.000 938.101 0.183 0.010
978 1992 1914 78 937.330 0.000 937.330 0.167 0.010
979 1992 1914 78 934.905 0.000 934.905 0.133 0.009
980 1992 1914 78 932.791 0.000 932.791 0.117 0.009
981 1992 1914 78 929.518 0.000 929.518 0.117 0.008
982 1992 1914 78 923.488 0.000 923.488 0.117 0.008
983 1594 1711 117 917.124 0.000 917.124 0.117 0.008
984 1594 1711 117 909.840 0.000 909.840 0.117 0.007
985 1594 1711 117 905.701 0.000 905.701 0.100 0.007
986 1594 1711 117 898.363 0.000 898.363 0.100 0.007
987 1594 1711 117 890.626 0.000 890.626 0.083 0.006
988 1594 1711 117 880.764 0.000 880.764 0.083 0.006
989 1594 1711 117 866.919 0.000 866.919 0.083 0.005
990 1499 1499 0 853.663 0.000 853.663 0.100 0.005
991 1499 1499 0 839.864 0.000 839.864 0.100 0.005
992 1499 1499 0 822.727 0.000 822.727 0.100 0.004
993 1499 1499 0 806.678 0.000 806.678 0.100 0.004
994 1499 1499 0 790.521 0.000 790.521 0.100 0.004
995 1499 1499 0 769.626 0.000 769.626 0.100 0.003
996 1499 1499 0 749.757 0.000 749.757 0.100 0.003
997 1499 1499 0 724.582 0.000 724.582 0.100 0.003
998 1499 1499 0 698.919 0.000 698.919 0.100 0.003
999 1499 1499 0 670.768 0.000 670.768 0.100 0.003
1000 1499 1499 0 644.752 0.000 644.752 0.100 0.002
1001 1499 1499 0 621.844 0.000 621.844 0.100 0.002
1002 1499 1499 0 595.485 0.000 595.485 0.100 0.002
1003 1499 1499 0 567.349 0.000 567.349 0.100 0.002
1004 1499 1499 0 543.839 0.000 543.839 0.100 0.002
1005 1499 1499 0 518.127 0.000 518.127 0.100 0.002
1006 1297 1389 92 495.280 0.000 495.280 0.100 0.002
1007 1297 1389 92 474.158 0.000 474.158 0.100 0.002
1008 1297 1389 92 451.511 0.000 451.511 0.100 0.002
1009 1297 1389 92 428.438 0.000 428.438 0.100 0.003
1010 1267 1389 122 409.308 0.000 409.308 0.100 0.003
1011 1267 1389 122 389.237 0.000 389.237 0.100 0.003
1012 1267 1389 122 368.961 0.000 368.961 0.100 0.003
1013 1267 1389 122 350.382 0.000 350.382 0.100 0.003
1014 1267 1389 122 334.595 0.000 334.595 0.100 0.003
1015 1237 1389 152 316.676 0.000 316.676 0.100 0.004
1016 1237 1389 152 297.361 0.000 297.361 0.100 0.004
1017 1237 1389 152 281.837 0.000 281.837 0.100 0.004
1018 1237 1389 152 264.804 0.000 264.804 0.100 0.005
1019 1237 1389 152 248.987 0.000 248.987 0.100 0.005
1020 1189 1389 200 235.123 0.000 235.123 0.100 0.005
1021 1189 1389 200 222.008 0.000 222.008 0.100 0.005
1022 1189 1389 200 209.842 0.000 209.842 0.100 0.006
1023 1189 1389 200 198.411 0.000 198.411 0.100 0.006
1024 1189 1389 200 187.325 0.000 187.325 0.100 0.006
1025 1189 1389 200 177.057 0.000 177.057 0.100 0.006
1026 1189 1389 200 166.564 0.000 166.564 0.100 0.007
1027 1189 1389 200 156.865 0.000 156.865 0.100 0.007
1028 1189 1389 200 148.627 0.000 148.627 0.100 0.007
1029 1189 1389 200 137.732 0.000 137.732 0.117 0.008
1030 1137 1389 252 129.792 0.000 129.792 0.117 0.008
1031 1137 1389 252 122.688 0.000 122.688 0.117 0.008
1032 1137 1389 252 115.642 0.000 115.642 0.117 0.008
1033 970 1068 98 107.386 0.000 107.386 0.150 0.008
1034 970 1068 98 99.832 0.000 99.832 0.150 0.009
1035 970 1068 98 93.112 0.000 93.112 0.150 0.009
1036 892 1068 176 85.569 0.000 85.569 0.167 0.009
1037 892 1068 176 79.675 0.000 79.675 0.167 0.010
1038 892 1068 176 73.098 0.000 73.098 0.167 0.010
1039 892 1068 176 67.616 0.000 67.616 0.167 0.010
1040 736 794 58 62.314 0.000 62.314 0.200 0.010
1041 736 794 58 57.198 0.000 57.198 0.200 0.010
1042 736 775 39 51.897 0.000 51.897 0.200 0.011
1043 736 775 39 47.322 0.000 47.322 0.217 0.011
1044 736 775 39 41.471 0.000 41.471 0.217 0.011
1045 736 775 39 37.661 0.000 37.661 0.217 0.012
1046 736 775 39 33.400 0.000 33.400 0.233 0.012
1047 736 775 39 29.831 0.000 29.831 0.233 0.012
1048 736 775 39 25.784 0.000 25.784 0.250 0.013
1049 736 775 39 21.493 0.000 21.493 0.250 0.013
1050 736 775 39 17.863 0.000 17.863 0.267 0.013
1051 444 556 112 14.854 0.000 14.854 0.283 0.014
1052 444 556 112 11.653 0.000 11.653 0.283 0.014
1053 433 556 123 9.289 0.000 9.289 0.283 0.015
1054 433 556 123 7.320 0.000 7.320 0.300 0.015
1055 255 536 281 5.034 0.000 5.034 0.300 0.015
1056 255 536 281 3.645 0.000 3.645 0.300 0.016
1057 255 536 281 2.401 0.000 2.401 0.300 0.016
1058 255 536 281 1.533 0.000 1.533 0.333 0.016
1059 255 536 281 0.928 0.000 0.928 0.333 0.016
1060 233 402 169 0.518 0.000 0.518 0.317 0.017
1061 233 402 169 0.357 0.000 0.357 0.317 0.017
1062 233 275 42 0.274 0.000 0.274 0.317 0.017
1063 233 275 42 0.231 0.000 0.231 0.317 0.016
1064 233 275 42 0.216 0.000 0.216 0.317 0.016
1065 233 275 42 0.173 0.000 0.173 0.317 0.016
1066 233 275 42 0.182 0.000 0.182 0.317 0.016
1067 233 275 42 0.199 0.000 0.199 0.317 0.016
1068 233 275 42 0.207 0.000 0.207 0.317 0.016
1069 233 275 42 0.286 0.000 0.286 0.317 0.015
1070 272 275 3 0.443 0.000 0.443 0.317 0.015
1071 288 275 13 0.653 0.000 0.653 0.317 0.015
1072 288 275 13 1.015 0.000 1.015 0.333 0.015
1073 356 356 0 1.789 0.000 1.789 0.333 0.015
1074 356 356 0 2.785 0.000 2.785 0.333 0.015
1075 356 356 0 4.166 0.000 4.166 0.333 0.015
1076 356 356 0 6.066 0.000 6.066 0.333 0.015
1077 356 356 0 8.535 0.000 8.535 0.333 0.016
1078 418 418 0 11.659 0.000 11.659 0.333 0.016
1079 444 418 26 15.453 0.000 15.453 0.350 0.016
1080 486 418 68 19.742 0.000 19.742 0.350 0.016
1081 583 583 0 24.216 0.000 24.216 0.350 0.016
1082 634 583 51 30.216 0.000 30.216 0.367 0.016
1083 634 583 51 36.924 0.000 36.924 0.383 0.017
1084 634 633 1 44.586 0.000 44.586 0.400 0.017
1085 634 633 1 53.063 0.000 53.063 0.417 0.017
1086 634 633 1 62.706 0.000 62.706 0.417 0.017
1087 651 633 18 73.743 0.000 73.743 0.417 0.017
1088 660 633 27 83.037 0.000 83.037 0.417 0.017
1089 838 803 35 96.752 0.000 96.752 0.417 0.017
1090 838 803 35 108.341 0.000 108.341 0.400 0.018
1091 847 847 0 121.120 0.000 121.120 0.367 0.018
1092 847 847 0 135.954 0.000 135.954 0.433 0.018
1093 929 847 82 150.575 0.000 150.575 0.450 0.018
1094 1062 1044 18 169.745 0.000 169.745 0.433 0.018
1095 1117 1044 73 186.155 0.000 186.155 0.417 0.018
1096 1200 1044 156 203.853 0.000 203.853 0.417 0.018
1097 1431 1233 198 224.435 0.000 224.435 0.400 0.018
1098 1633 1633 0 242.674 0.000 242.674 0.400 0.019
1099 1633 1633 0 262.717 0.000 262.717 0.400 0.019
1100 1951 1951 0 283.236 0.000 283.236 0.417 0.019
1101 2193 2193 0 309.835 0.000 309.835 0.467 0.019
1102 2193 2193 0 336.475 0.000 336.475 0.467 0.019
1103 2193 2193 0 357.807 0.000 357.807 0.467 0.019
1104 2193 2193 0 381.570 0.000 381.570 0.450 0.019
1105 2193 2193 0 400.938 0.000 400.938 0.433 0.019
1106 2193 2193 0 420.407 0.000 420.407 0.433 0.019
1107 2193 2193 0 440.407 0.000 440.407 0.450 0.020
1108 2193 2193 0 457.486 0.000 457.486 0.450 0.019
1109 2193 2193 0 475.500 0.000 475.500 0.450 0.019
1110 2193 2193 0 492.138 0.000 492.138 0.433 0.019
1111 2193 2193 0 507.049 0.000 507.049 0.433 0.019
1112 2193 2193 0 521.079 0.000 521.079 0.433 0.019
1113 2193 2193 0 536.898 0.000 536.898 0.433 0.019
1114 2193 2193 0 551.687 0.000 551.687 0.433 0.019
1115 2193 2193 0 568.399 0.000 568.399 0.417 0.019
1116 2193 2193 0 582.591 0.000 582.591 0.383 0.019
1117 2193 2193 0 595.269 0.000 595.269 0.383 0.019
1118 2193 2193 0 607.690 0.000 607.690 0.383 0.019
1119 2193 2193 0 619.993 0.000 619.993 0.383 0.019
1120 2193 2193 0 632.504 0.000 632.504 0.367 0.019
1121 2193 2193 0 644.965 0.000 644.965 0.350 0.019
1122 2193 2193 0 656.079 0.000 656.079 0.350 0.019
1123 2193 2193 0 667.286 0.000 667.286 0.350 0.019
1124 2193 2193 0 677.943 0.000 677.943 0.350 0.019
1125 2193 2193 0 691.726 0.000 691.726 0.350 0.019
1126 2193 2193 0 703.478 0.000 703.478 0.350 0.020
1127 2193 2193 0 714.846 0.000 714.846 0.350 0.020
1128 2193 2193 0 725.097 0.000 725.097 0.350 0.020
1129 2193 2193 0 736.337 0.000 736.337 0.350 0.020
1130 2193 2193 0 747.464 0.000 747.464 0.350 0.020
1131 2193 2193 0 758.972 0.000 758.972 0.350 0.020
1132 2193 2193 0 770.392 0.000 770.392 0.350 0.020
1133 2193 2193 0 783.041 0.000 783.041 0.350 0.020
1134 2193 2193 0 793.172 0.000 793.172 0.350 0.019
1135 2193 2193 0 804.090 0.000 804.090 0.333 0.019
1136 2193 2193 0 814.754 0.000 814.754 0.333 0.019
1137 2193 2193 0 825.069 0.000 825.069 0.333 0.018
1138 2193 2193 0 835.128 0.000 835.128 0.333 0.018
1139 2193 2193 0 844.374 0.000 844.374 0.317 0.017
1140 2193 2193 0 853.180 0.000 853.180 0.317 0.017
1141 2193 2193 0 861.212 0.000 861.212 0.300 0.017
1142 2193 2193 0 870.330 0.000 870.330 0.300 0.016
1143 2193 2193 0 879.018 0.000 879.018 0.283 0.016
1144 2193 2193 0 887.466 0.000 887.466 0.283 0.015
1145 2193 2193 0 895.499 0.000 895.499 0.250 0.015
1146 2193 2193 0 903.854 0.000 903.854 0.250 0.014
1147 2193 2193 0 912.107 0.000 912.107 0.250 0.014
1148 2193 2193 0 917.921 0.000 917.921 0.250 0.013
1149 2193 2193 0 924.849 0.000 924.849 0.233 0.013
1150 2193 2193 0 930.128 0.000 930.128 0.233 0.013
1151 2193 2193 0 934.999 0.000 934.999 0.217 0.012
1152 2193 2193 0 940.672 0.000 940.672 0.217 0.012
1153 2193 2193 0 943.805 0.000 943.805 0.217 0.012
1154 2193 2193 0 948.658 0.000 948.658 0.167 0.011
1155 2193 2193 0 950.990 0.000 950.990 0.167 0.011
1156 2193 2193 0 951.475 0.000 951.475 0.150 0.010
1157 2193 2193 0 951.596 0.000 951.596 0.150 0.010
1158 2193 2193 0 949.680 0.000 949.680 0.150 0.010
1159 2193 2193 0 948.415 0.000 948.415 0.117 0.009
1160 2193 2193 0 943.389 0.000 943.389 0.117 0.009
1161 2182 2193 11 937.750 0.000 937.750 0.117 0.008
1162 2095 2193 98 928.178 0.000 928.178 0.117 0.008
1163 1830 1972 142 920.913 0.000 920.913 0.117 0.008
1164 1441 1527 86 910.595 0.000 910.595 0.117 0.007
1165 1422 1527 105 902.962 0.000 902.962 0.150 0.007
1166 1422 1527 105 893.747 0.000 893.747 0.150 0.007
1167 1422 1527 105 884.601 0.000 884.601 0.150 0.006
1168 1422 1527 105 873.948 0.000 873.948 0.150 0.006
1169 1422 1527 105 863.146 0.000 863.146 0.150 0.006
1170 1422 1527 105 848.672 0.000 848.672 0.150 0.005
1171 1422 1527 105 833.412 0.000 833.412 0.150 0.005
1172 1422 1527 105 818.986 0.000 818.986 0.150 0.005
1173 1422 1527 105 801.084 0.000 801.084 0.150 0.004
1174 1422 1527 105 783.648 0.000 783.648 0.150 0.004
1175 1422 1527 105 761.506 0.000 761.506 0.150 0.004
1176 1422 1527 105 739.413 0.000 739.413 0.150 0.003
1177 1422 1527 105 718.145 0.000 718.145 0.150 0.003
1178 1422 1527 105 699.133 0.000 699.133 0.150 0.003
1179 1422 1527 105 674.385 0.000 674.385 0.150 0.003
1180 1422 1527 105 653.214 0.000 653.214 0.150 0.003
1181 1422 1527 105 627.876 0.000 627.876 0.150 0.002
1182 1422 1527 105 603.059 0.000 603.059 0.150 0.002
1183 1422 1527 105 577.630 0.000 577.630 0.150 0.002
1184 1422 1527 105 551.705 0.000 551.705 0.150 0.002
1185 1422 1527 105 524.257 0.000 524.257 0.150 0.002
1186 1417 1527 110 500.377 0.000 500.377 0.150 0.002
1187 1417 1527 110 476.689 0.000 476.689 0.150 0.002
1188 1417 1527 110 453.761 0.000 453.761 0.150 0.002
1189 1417 1527 110 433.017 0.000 433.017 0.150 0.003
1190 1304 1527 223 412.098 0.000 412.098 0.150 0.003
1191 1304 1527 223 392.010 0.000 392.010 0.150 0.003
1192 1286 1527 241 372.413 0.000 372.413 0.150 0.003
1193 1283 1310 27 352.078 0.000 352.078 0.167 0.003
1194 1283 1310 27 334.603 0.000 334.603 0.183 0.003
1195 1233 1310 77 315.019 0.000 315.019 0.183 0.004
1196 1168 1310 142 294.890 0.000 294.890 0.183 0.004
1197 1147 1310 163 278.090 0.000 278.090 0.183 0.004
1198 1147 1310 163 262.381 0.000 262.381 0.183 0.005
1199 1145 1310 165 249.051 0.000 249.051 0.183 0.005
