1 449 419 30 262.041 0.000 262.041 6.000 1.426
2 449 419 30 275.567 0.000 275.567 3.000 0.724
3 518 518 0 295.202 0.000 295.202 2.333 0.491
4 518 518 0 310.022 0.000 310.022 1.750 0.374
5 780 629 151 322.483 0.000 322.483 1.400 0.302
6 780 672 108 342.619 0.000 342.619 1.167 0.257
7 780 672 108 354.499 0.000 354.499 1.000 0.222
8 780 672 108 372.663 0.000 372.663 1.000 0.198
9 831 672 159 393.258 0.000 393.258 0.889 0.178
10 1102 1102 0 414.651 0.000 414.651 0.900 0.163
11 1279 1102 177 435.503 0.000 435.503 0.818 0.149
12 1763 1763 0 458.789 0.000 458.789 0.833 0.138
13 1930 1763 167 487.411 0.000 487.411 0.846 0.129
14 2216 2216 0 514.429 0.000 514.429 0.929 0.121
15 2514 2216 298 540.908 0.000 540.908 1.000 0.114
16 2723 2704 19 574.323 0.000 574.323 1.063 0.108
17 2800 2704 96 601.010 0.000 601.010 1.000 0.103
18 2967 2704 263 628.046 0.000 628.046 1.000 0.098
19 2967 2704 263 661.160 0.000 661.160 0.947 0.094
20 2967 2704 263 682.067 0.000 682.067 0.900 0.090
21 2967 2704 263 714.929 0.000 714.929 0.905 0.087
22 2967 2704 263 737.634 0.000 737.634 0.864 0.083
23 2967 2704 263 758.735 0.000 758.735 0.870 0.081
24 3096 2704 392 775.961 0.000 775.961 0.833 0.078
25 3385 3239 146 793.693 0.000 793.693 0.880 0.076
26 3423 3239 184 811.681 0.000 811.681 0.846 0.073
27 3511 3239 272 825.216 0.000 825.216 0.852 0.072
28 3665 3239 426 837.000 0.000 837.000 0.857 0.070
29 3665 3239 426 851.355 0.000 851.355 0.828 0.068
30 3665 3239 426 863.081 0.000 863.081 0.800 0.066
31 3665 3239 426 867.382 0.000 867.382 0.774 0.064
32 3665 3239 426 870.498 0.000 870.498 0.750 0.063
33 3665 3239 426 874.336 0.000 874.336 0.727 0.062
34 3665 3239 426 877.509 0.000 877.509 0.706 0.060
35 3665 3239 426 880.789 0.000 880.789 0.686 0.059
36 3665 3239 426 884.497 0.000 884.497 0.667 0.058
37 3665 3239 426 888.320 0.000 888.320 0.649 0.057
38 3665 3239 426 891.373 0.000 891.373 0.632 0.056
39 3665 3239 426 894.395 0.000 894.395 0.615 0.054
40 3665 3239 426 897.334 0.000 897.334 0.600 0.053
41 3665 3239 426 900.331 0.000 900.331 0.585 0.052
42 3665 3239 426 903.876 0.000 903.876 0.571 0.051
43 3665 3239 426 906.444 0.000 906.444 0.558 0.050
44 3665 3239 426 909.812 0.000 909.812 0.545 0.049
45 3665 3239 426 912.222 0.000 912.222 0.533 0.048
46 3665 3239 426 914.294 0.000 914.294 0.522 0.048
47 3665 3239 426 916.427 0.000 916.427 0.511 0.047
48 3665 3239 426 918.904 0.000 918.904 0.500 0.046
49 3665 3239 426 920.803 0.000 920.803 0.490 0.045
50 3665 3239 426 922.582 0.000 922.582 0.480 0.044
51 3665 3239 426 924.230 0.000 924.230 0.471 0.043
52 3665 3239 426 925.737 0.000 925.737 0.462 0.043
53 3665 3239 426 926.925 0.000 926.925 0.453 0.042
54 3665 3239 426 928.131 0.000 928.131 0.444 0.041
55 3665 3239 426 928.941 0.000 928.941 0.436 0.040
56 3665 3239 426 929.616 0.000 929.616 0.429 0.040
57 3665 3239 426 930.079 0.000 930.079 0.421 0.039
58 3665 3239 426 930.539 0.000 930.539 0.414 0.038
59 3665 3239 426 930.808 0.000 930.808 0.407 0.038
60 3665 3239 426 931.016 0.000 931.016 0.400 0.037
61 3665 3239 426 939.580 0.000 939.580 0.383 0.013
62 3665 3239 426 946.609 0.000 946.609 0.367 0.013
63 3665 3239 426 955.422 0.000 955.422 0.367 0.012
64 3665 3239 426 965.230 0.000 965.230 0.367 0.012
65 3665 3239 426 971.887 0.000 971.887 0.367 0.012
66 3665 3239 426 982.038 0.000 982.038 0.367 0.011
67 3665 3239 426 988.676 0.000 988.676 0.350 0.011
68 3665 3239 426 997.601 0.000 997.601 0.350 0.011
69 3665 3239 426 1004.808 0.000 1004.808 0.317 0.010
70 3665 3239 426 1011.829 0.000 1011.829 0.300 0.010
71 3665 3239 426 1017.392 0.000 1017.392 0.283 0.010
72 3665 3239 426 1021.377 0.000 1021.377 0.233 0.009
73 3665 3239 426 1023.488 0.000 1023.488 0.217 0.009
74 3665 3239 426 1024.929 0.000 1024.929 0.183 0.009
75 3665 3239 426 1022.446 0.000 1022.446 0.150 0.008
76 3665 3239 426 1018.197 0.000 1018.197 0.150 0.008
77 3665 3239 426 1014.172 0.000 1014.172 0.133 0.008
78 3665 3239 426 1009.345 0.000 1009.345 0.117 0.008
79 3665 3239 426 1001.835 0.000 1001.835 0.117 0.007
80 3665 3239 426 994.877 0.000 994.877 0.117 0.007
81 3665 3239 426 983.387 0.000 983.387 0.100 0.007
82 3665 3239 426 973.982 0.000 973.982 0.100 0.006
83 3665 3239 426 963.752 0.000 963.752 0.100 0.006
84 3665 3239 426 953.583 0.000 953.583 0.083 0.006
85 3665 3239 426 939.321 0.000 939.321 0.083 0.006
86 3665 3239 426 924.148 0.000 924.148 0.083 0.005
87 3665 3239 426 909.666 0.000 909.666 0.083 0.005
88 3624 3239 385 894.096 0.000 894.096 0.083 0.005
89 2989 3239 250 874.290 0.000 874.290 0.083 0.004
90 2179 2203 24 855.437 0.000 855.437 0.100 0.004
91 1515 1806 291 841.532 0.000 841.532 0.167 0.004
92 1515 1693 178 828.673 0.000 828.673 0.167 0.004
93 1515 1693 178 810.807 0.000 810.807 0.167 0.003
94 1515 1693 178 794.061 0.000 794.061 0.167 0.003
95 1515 1693 178 774.286 0.000 774.286 0.167 0.003
96 1515 1693 178 751.929 0.000 751.929 0.167 0.003
97 1515 1693 178 727.084 0.000 727.084 0.167 0.002
98 1515 1693 178 704.628 0.000 704.628 0.167 0.002
99 1515 1693 178 677.836 0.000 677.836 0.167 0.002
100 1515 1693 178 653.717 0.000 653.717 0.167 0.002
101 1515 1693 178 629.746 0.000 629.746 0.167 0.002
102 1515 1693 178 602.669 0.000 602.669 0.167 0.002
103 1515 1693 178 577.163 0.000 577.163 0.167 0.002
104 1515 1693 178 550.821 0.000 550.821 0.167 0.002
105 1515 1693 178 529.506 0.000 529.506 0.167 0.002
106 1515 1693 178 505.528 0.000 505.528 0.167 0.002
107 1515 1693 178 482.109 0.000 482.109 0.167 0.002
108 1515 1693 178 457.620 0.000 457.620 0.167 0.002
109 1515 1693 178 434.680 0.000 434.680 0.167 0.002
110 1273 1693 420 411.801 0.000 411.801 0.167 0.002
111 1220 1693 473 389.751 0.000 389.751 0.167 0.002
112 1211 1693 482 368.763 0.000 368.763 0.167 0.002
113 1211 1693 482 348.594 0.000 348.594 0.167 0.002
114 1208 1693 485 329.401 0.000 329.401 0.167 0.003
115 1208 1438 230 310.486 0.000 310.486 0.167 0.003
116 1208 1438 230 294.432 0.000 294.432 0.183 0.003
117 1208 1438 230 279.832 0.000 279.832 0.183 0.003
118 1208 1438 230 265.510 0.000 265.510 0.183 0.003
119 1208 1438 230 251.916 0.000 251.916 0.183 0.004
120 1208 1438 230 237.727 0.000 237.727 0.183 0.004
121 1208 1438 230 223.831 0.000 223.831 0.183 0.004
122 1208 1438 230 209.453 0.000 209.453 0.183 0.004
123 1064 1438 374 196.906 0.000 196.906 0.183 0.005
124 1048 1438 390 188.462 0.000 188.462 0.183 0.005
125 1040 1438 398 177.574 0.000 177.574 0.183 0.005
126 1040 1438 398 167.679 0.000 167.679 0.183 0.005
127 1018 1438 420 157.621 0.000 157.621 0.183 0.005
128 1018 1438 420 148.130 0.000 148.130 0.183 0.006
129 1018 1438 420 140.094 0.000 140.094 0.183 0.006
130 1018 1232 214 132.099 0.000 132.099 0.183 0.006
131 1018 1232 214 124.631 0.000 124.631 0.183 0.006
132 1018 1232 214 118.434 0.000 118.434 0.183 0.006
133 964 1232 268 111.388 0.000 111.388 0.200 0.007
134 964 1232 268 105.327 0.000 105.327 0.200 0.007
135 964 1232 268 96.826 0.000 96.826 0.200 0.007
136 964 1232 268 87.857 0.000 87.857 0.200 0.007
137 964 1232 268 80.881 0.000 80.881 0.200 0.007
138 905 1232 327 75.483 0.000 75.483 0.200 0.008
139 905 1232 327 69.888 0.000 69.888 0.200 0.008
140 905 1232 327 63.544 0.000 63.544 0.217 0.008
141 733 1232 499 57.779 0.000 57.779 0.217 0.008
142 733 1208 475 52.471 0.000 52.471 0.217 0.009
143 733 1208 475 47.517 0.000 47.517 0.217 0.009
144 733 1208 475 43.450 0.000 43.450 0.217 0.009
145 733 1208 475 38.409 0.000 38.409 0.217 0.009
146 733 1208 475 33.630 0.000 33.630 0.217 0.009
147 686 1036 350 28.864 0.000 28.864 0.233 0.010
148 686 1036 350 24.858 0.000 24.858 0.250 0.010
149 509 824 315 20.640 0.000 20.640 0.233 0.010
150 509 824 315 17.161 0.000 17.161 0.233 0.010
151 509 824 315 14.366 0.000 14.366 0.233 0.011
152 494 824 330 11.937 0.000 11.937 0.250 0.011
153 414 824 410 9.226 0.000 9.226 0.267 0.011
154 414 619 205 7.329 0.000 7.329 0.267 0.012
155 414 619 205 5.498 0.000 5.498 0.267 0.012
156 298 619 321 3.826 0.000 3.826 0.267 0.012
157 277 619 342 2.564 0.000 2.564 0.267 0.012
158 240 619 379 1.580 0.000 1.580 0.267 0.013
159 240 619 379 0.952 0.000 0.952 0.267 0.013
160 240 619 379 0.565 0.000 0.565 0.267 0.013
161 234 619 385 0.290 0.000 0.290 0.267 0.013
162 234 619 385 0.187 0.000 0.187 0.267 0.013
163 234 619 385 0.155 0.000 0.155 0.267 0.013
164 234 619 385 0.097 0.000 0.097 0.267 0.013
165 197 619 422 0.046 0.000 0.046 0.267 0.013
166 197 619 422 0.053 0.000 0.053 0.250 0.012
167 197 619 422 0.057 0.000 0.057 0.250 0.012
168 197 619 422 0.133 0.000 0.133 0.250 0.012
169 234 619 385 0.256 0.000 0.256 0.250 0.012
170 234 619 385 0.425 0.000 0.425 0.250 0.012
171 234 619 385 0.575 0.000 0.575 0.250 0.012
172 234 619 385 0.983 0.000 0.983 0.250 0.012
173 234 619 385 1.515 0.000 1.515 0.250 0.011
174 264 619 355 2.601 0.000 2.601 0.250 0.011
175 264 619 355 3.689 0.000 3.689 0.267 0.011
176 356 619 263 5.820 0.000 5.820 0.267 0.011
177 392 619 227 8.658 0.000 8.658 0.267 0.012
178 400 619 219 11.454 0.000 11.454 0.283 0.012
179 400 619 219 15.051 0.000 15.051 0.283 0.012
180 496 619 123 20.059 0.000 20.059 0.283 0.012
181 496 619 123 26.214 0.000 26.214 0.283 0.012
182 496 619 123 32.584 0.000 32.584 0.283 0.012
183 580 619 39 40.391 0.000 40.391 0.300 0.013
184 598 619 21 49.146 0.000 49.146 0.300 0.013
185 618 619 1 57.287 0.000 57.287 0.283 0.013
186 618 619 1 66.388 0.000 66.388 0.283 0.013
187 618 619 1 76.024 0.000 76.024 0.300 0.013
188 723 619 104 87.892 0.000 87.892 0.300 0.013
189 1188 1119 69 102.758 0.000 102.758 0.383 0.013
190 1221 1119 102 119.258 0.000 119.258 0.400 0.013
191 1364 1119 245 135.409 0.000 135.409 0.433 0.013
192 1364 1119 245 146.997 0.000 146.997 0.433 0.013
193 1364 1119 245 162.270 0.000 162.270 0.433 0.014
194 1364 1119 245 179.609 0.000 179.609 0.433 0.014
195 1364 1119 245 199.759 0.000 199.759 0.433 0.014
196 1364 1119 245 218.819 0.000 218.819 0.433 0.014
197 1397 1119 278 239.681 0.000 239.681 0.433 0.014
198 1397 1119 278 258.424 0.000 258.424 0.417 0.014
199 1631 1426 205 279.393 0.000 279.393 0.467 0.014
200 1719 1634 85 303.872 0.000 303.872 0.483 0.014
201 1854 1634 220 327.343 0.000 327.343 0.450 0.014
202 1854 1634 220 349.762 0.000 349.762 0.433 0.014
203 1854 1634 220 369.079 0.000 369.079 0.433 0.014
204 1854 1634 220 388.214 0.000 388.214 0.433 0.014
205 1854 1634 220 407.575 0.000 407.575 0.433 0.014
206 1854 1634 220 425.338 0.000 425.338 0.433 0.015
207 1854 1634 220 443.205 0.000 443.205 0.400 0.014
208 1854 1634 220 460.738 0.000 460.738 0.400 0.015
209 1854 1634 220 479.000 0.000 479.000 0.400 0.014
210 1854 1634 220 494.009 0.000 494.009 0.383 0.014
211 1854 1634 220 509.736 0.000 509.736 0.383 0.014
212 1854 1634 220 524.611 0.000 524.611 0.383 0.014
213 1854 1634 220 540.803 0.000 540.803 0.383 0.014
214 1854 1634 220 554.109 0.000 554.109 0.367 0.014
215 1854 1634 220 569.623 0.000 569.623 0.367 0.014
216 1854 1634 220 583.293 0.000 583.293 0.333 0.014
217 1854 1634 220 597.668 0.000 597.668 0.333 0.014
218 1854 1634 220 610.239 0.000 610.239 0.333 0.014
219 1854 1634 220 624.776 0.000 624.776 0.333 0.014
220 1854 1634 220 637.066 0.000 637.066 0.333 0.014
221 1854 1634 220 650.901 0.000 650.901 0.333 0.014
222 1854 1634 220 662.905 0.000 662.905 0.333 0.014
223 1854 1634 220 676.325 0.000 676.325 0.333 0.015
224 1854 1634 220 687.232 0.000 687.232 0.333 0.015
225 1854 1634 220 699.338 0.000 699.338 0.333 0.015
226 1854 1634 220 707.484 0.000 707.484 0.333 0.015
227 1854 1634 220 717.806 0.000 717.806 0.333 0.015
228 1854 1634 220 727.918 0.000 727.918 0.333 0.015
229 1854 1634 220 739.454 0.000 739.454 0.333 0.015
230 1854 1634 220 751.293 0.000 751.293 0.317 0.015
231 1854 1634 220 762.508 0.000 762.508 0.317 0.015
232 1854 1634 220 772.804 0.000 772.804 0.317 0.015
233 1854 1634 220 782.056 0.000 782.056 0.317 0.015
234 1854 1634 220 792.388 0.000 792.388 0.317 0.015
235 1854 1634 220 800.715 0.000 800.715 0.317 0.015
236 1854 1634 220 810.502 0.000 810.502 0.300 0.014
237 1854 1634 220 821.506 0.000 821.506 0.300 0.014
238 1854 1634 220 829.931 0.000 829.931 0.300 0.014
239 1854 1634 220 838.567 0.000 838.567 0.283 0.013
240 1854 1634 220 848.292 0.000 848.292 0.283 0.013
241 1854 1634 220 858.977 0.000 858.977 0.267 0.012
242 1854 1634 220 868.233 0.000 868.233 0.250 0.012
243 1854 1634 220 877.829 0.000 877.829 0.250 0.012
244 1854 1634 220 887.430 0.000 887.430 0.250 0.011
245 1854 1634 220 895.249 0.000 895.249 0.250 0.011
246 1854 1634 220 902.608 0.000 902.608 0.233 0.011
247 1854 1634 220 909.632 0.000 909.632 0.217 0.010
248 1854 1634 220 916.892 0.000 916.892 0.217 0.010
249 1854 1634 220 922.826 0.000 922.826 0.217 0.010
250 1854 1634 220 928.799 0.000 928.799 0.183 0.009
251 1854 1634 220 933.177 0.000 933.177 0.183 0.009
252 1854 1634 220 936.701 0.000 936.701 0.183 0.009
253 1854 1634 220 939.544 0.000 939.544 0.167 0.009
254 1854 1634 220 943.573 0.000 943.573 0.167 0.008
255 1854 1634 220 945.369 0.000 945.369 0.167 0.008
256 1854 1634 220 945.709 0.000 945.709 0.167 0.008
257 1854 1634 220 945.760 0.000 945.760 0.150 0.008
258 1854 1634 220 944.936 0.000 944.936 0.150 0.007
259 1854 1634 220 943.124 0.000 943.124 0.150 0.007
260 1854 1634 220 937.716 0.000 937.716 0.150 0.007
261 1632 1634 2 930.925 0.000 930.925 0.150 0.006
262 1632 1634 2 924.186 0.000 924.186 0.117 0.006
263 1535 1634 99 918.894 0.000 918.894 0.117 0.006
264 1535 1634 99 912.958 0.000 912.958 0.117 0.006
265 1535 1634 99 906.427 0.000 906.427 0.117 0.005
266 1535 1634 99 899.336 0.000 899.336 0.083 0.005
267 1535 1634 99 890.601 0.000 890.601 0.083 0.005
268 1427 1634 207 879.675 0.000 879.675 0.100 0.005
269 1427 1634 207 867.209 0.000 867.209 0.100 0.004
270 1427 1634 207 853.924 0.000 853.924 0.100 0.004
271 1427 1634 207 838.054 0.000 838.054 0.100 0.004
272 1427 1634 207 822.290 0.000 822.290 0.100 0.003
273 1427 1634 207 803.490 0.000 803.490 0.100 0.003
274 1427 1634 207 786.461 0.000 786.461 0.100 0.003
275 1427 1634 207 765.206 0.000 765.206 0.100 0.003
276 1427 1634 207 742.354 0.000 742.354 0.100 0.003
277 1427 1634 207 718.291 0.000 718.291 0.100 0.002
278 1427 1634 207 695.025 0.000 695.025 0.100 0.002
279 1427 1634 207 671.004 0.000 671.004 0.100 0.002
280 1427 1634 207 646.452 0.000 646.452 0.100 0.002
281 1365 1634 269 619.524 0.000 619.524 0.100 0.002
282 1365 1634 269 592.278 0.000 592.278 0.100 0.002
283 1365 1634 269 564.933 0.000 564.933 0.100 0.002
284 1316 1634 318 540.875 0.000 540.875 0.100 0.002
285 1316 1634 318 514.582 0.000 514.582 0.100 0.002
286 1316 1634 318 490.705 0.000 490.705 0.100 0.002
287 1316 1634 318 466.348 0.000 466.348 0.100 0.002
288 1316 1634 318 444.092 0.000 444.092 0.100 0.002
289 1309 1634 325 423.325 0.000 423.325 0.100 0.002
290 1257 1634 377 398.662 0.000 398.662 0.100 0.002
291 1257 1634 377 377.845 0.000 377.845 0.100 0.002
292 1257 1634 377 360.230 0.000 360.230 0.100 0.002
293 1251 1634 383 342.019 0.000 342.019 0.100 0.002
294 1251 1634 383 323.051 0.000 323.051 0.100 0.002
295 1251 1634 383 303.143 0.000 303.143 0.100 0.003
296 1251 1634 383 286.463 0.000 286.463 0.100 0.003
297 1213 1634 421 270.988 0.000 270.988 0.100 0.003
298 1213 1634 421 257.010 0.000 257.010 0.100 0.003
299 1181 1634 453 244.390 0.000 244.390 0.100 0.003
300 1181 1634 453 231.057 0.000 231.057 0.100 0.004
301 1181 1634 453 217.753 0.000 217.753 0.100 0.004
302 1181 1634 453 206.341 0.000 206.341 0.100 0.004
303 1181 1634 453 192.956 0.000 192.956 0.117 0.004
304 1181 1634 453 180.674 0.000 180.674 0.117 0.005
305 1181 1634 453 170.681 0.000 170.681 0.117 0.005
306 1181 1634 453 161.187 0.000 161.187 0.117 0.005
307 1027 1426 399 151.634 0.000 151.634 0.117 0.005
308 1027 1426 399 143.888 0.000 143.888 0.133 0.006
309 1027 1426 399 135.405 0.000 135.405 0.133 0.006
310 1027 1426 399 128.074 0.000 128.074 0.133 0.006
311 1027 1426 399 120.888 0.000 120.888 0.133 0.006
312 1027 1426 399 112.701 0.000 112.701 0.133 0.006
313 1027 1426 399 105.461 0.000 105.461 0.133 0.006
314 1027 1426 399 99.339 0.000 99.339 0.167 0.007
315 1027 1426 399 93.160 0.000 93.160 0.167 0.007
316 1018 1426 408 85.222 0.000 85.222 0.183 0.007
317 910 1426 516 79.495 0.000 79.495 0.183 0.007
318 857 1057 200 72.969 0.000 72.969 0.183 0.007
319 857 1057 200 67.306 0.000 67.306 0.183 0.008
320 857 1057 200 61.079 0.000 61.079 0.183 0.008
321 857 1057 200 55.973 0.000 55.973 0.183 0.008
322 856 1057 201 50.145 0.000 50.145 0.183 0.008
323 715 1057 342 45.433 0.000 45.433 0.183 0.008
324 715 1057 342 40.984 0.000 40.984 0.183 0.009
325 630 1057 427 36.745 0.000 36.745 0.183 0.009
326 564 1057 493 33.026 0.000 33.026 0.183 0.009
327 513 1057 544 29.307 0.000 29.307 0.200 0.009
328 506 1057 551 25.683 0.000 25.683 0.200 0.009
329 452 1054 602 21.732 0.000 21.732 0.217 0.010
330 452 942 490 18.425 0.000 18.425 0.217 0.010
331 452 857 405 15.048 0.000 15.048 0.217 0.010
332 452 857 405 12.029 0.000 12.029 0.200 0.011
333 452 857 405 9.159 0.000 9.159 0.200 0.011
334 387 857 470 6.943 0.000 6.943 0.200 0.011
335 333 857 524 4.982 0.000 4.982 0.200 0.012
336 333 741 408 3.300 0.000 3.300 0.217 0.012
337 208 596 388 2.042 0.000 2.042 0.217 0.012
338 208 596 388 1.256 0.000 1.256 0.233 0.012
339 170 596 426 0.720 0.000 0.720 0.233 0.013
340 161 596 435 0.541 0.000 0.541 0.217 0.013
341 161 596 435 0.414 0.000 0.414 0.233 0.013
342 161 596 435 0.257 0.000 0.257 0.233 0.013
343 152 596 444 0.203 0.000 0.203 0.233 0.013
344 152 596 444 0.174 0.000 0.174 0.233 0.013
345 152 596 444 0.160 0.000 0.160 0.233 0.012
346 194 596 402 0.193 0.000 0.193 0.233 0.012
347 194 596 402 0.211 0.000 0.211 0.233 0.012
348 237 596 359 0.258 0.000 0.258 0.233 0.012
349 237 596 359 0.324 0.000 0.324 0.233 0.012
350 237 596 359 0.405 0.000 0.405 0.233 0.012
351 237 596 359 0.580 0.000 0.580 0.250 0.012
352 306 596 290 0.990 0.000 0.990 0.250 0.012
353 327 596 269 1.461 0.000 1.461 0.250 0.011
354 379 596 217 2.421 0.000 2.421 0.250 0.011
355 379 596 217 3.677 0.000 3.677 0.267 0.011
356 468 596 128 5.960 0.000 5.960 0.267 0.011
357 468 596 128 9.004 0.000 9.004 0.267 0.012
358 468 596 128 12.262 0.000 12.262 0.267 0.012
359 468 596 128 16.040 0.000 16.040 0.283 0.012
360 468 596 128 20.068 0.000 20.068 0.283 0.012
361 497 596 99 24.938 0.000 24.938 0.333 0.012
362 497 596 99 30.350 0.000 30.350 0.333 0.012
363 499 596 97 36.783 0.000 36.783 0.333 0.012
364 561 596 35 43.941 0.000 43.941 0.333 0.012
365 563 596 33 52.205 0.000 52.205 0.333 0.012
366 668 596 72 60.891 0.000 60.891 0.350 0.013
367 668 596 72 72.614 0.000 72.614 0.383 0.013
368 668 596 72 83.293 0.000 83.293 0.383 0.013
369 758 596 162 93.581 0.000 93.581 0.367 0.013
370 758 596 162 107.875 0.000 107.875 0.367 0.013
371 803 769 34 120.524 0.000 120.524 0.367 0.013
372 1003 769 234 136.469 0.000 136.469 0.417 0.013
373 1003 769 234 152.277 0.000 152.277 0.417 0.013
374 1003 769 234 169.444 0.000 169.444 0.383 0.013
375 1241 769 472 187.116 0.000 187.116 0.383 0.014
376 1241 769 472 204.344 0.000 204.344 0.383 0.014
377 1241 1029 212 222.458 0.000 222.458 0.383 0.014
378 1617 1496 121 244.783 0.000 244.783 0.417 0.014
379 2229 1898 331 267.236 0.000 267.236 0.483 0.014
380 2667 2555 112 297.117 0.000 297.117 0.567 0.014
381 2790 2555 235 326.853 0.000 326.853 0.600 0.014
382 2986 2555 431 357.356 0.000 357.356 0.633 0.014
383 3004 2555 449 389.604 0.000 389.604 0.600 0.014
384 3004 2555 449 416.581 0.000 416.581 0.600 0.014
385 3004 2555 449 445.268 0.000 445.268 0.583 0.014
386 3004 2555 449 467.175 0.000 467.175 0.583 0.014
387 3004 2555 449 493.010 0.000 493.010 0.583 0.015
388 3004 2555 449 517.233 0.000 517.233 0.583 0.015
389 3004 2555 449 535.545 0.000 535.545 0.567 0.015
390 3004 2555 449 551.924 0.000 551.924 0.567 0.015
391 3004 2555 449 566.650 0.000 566.650 0.533 0.015
392 3004 2555 449 581.128 0.000 581.128 0.533 0.014
393 3004 2555 449 596.669 0.000 596.669 0.533 0.014
394 3004 2555 449 609.906 0.000 609.906 0.533 0.014
395 3004 2555 449 623.578 0.000 623.578 0.517 0.014
396 3004 2555 449 636.559 0.000 636.559 0.517 0.014
397 3004 2555 449 649.296 0.000 649.296 0.517 0.014
398 3004 2555 449 661.876 0.000 661.876 0.517 0.014
399 3004 2555 449 674.499 0.000 674.499 0.517 0.014
400 3004 2555 449 687.062 0.000 687.062 0.517 0.014
401 3004 2555 449 698.266 0.000 698.266 0.517 0.014
402 3004 2555 449 709.666 0.000 709.666 0.500 0.014
403 3004 2555 449 720.756 0.000 720.756 0.500 0.014
404 3004 2555 449 733.263 0.000 733.263 0.500 0.014
405 3004 2555 449 744.174 0.000 744.174 0.500 0.015
406 3004 2555 449 756.668 0.000 756.668 0.500 0.015
407 3004 2555 449 768.406 0.000 768.406 0.500 0.015
408 3004 2555 449 780.850 0.000 780.850 0.500 0.015
409 3004 2555 449 791.643 0.000 791.643 0.500 0.015
410 3004 2555 449 803.150 0.000 803.150 0.500 0.015
411 3004 2555 449 813.584 0.000 813.584 0.500 0.015
412 3004 2555 449 823.075 0.000 823.075 0.500 0.015
413 3004 2555 449 832.029 0.000 832.029 0.500 0.015
414 3004 2555 449 842.336 0.000 842.336 0.500 0.015
415 3004 2555 449 851.815 0.000 851.815 0.467 0.015
416 3004 2555 449 863.228 0.000 863.228 0.450 0.014
417 3004 2555 449 874.541 0.000 874.541 0.450 0.014
418 3004 2555 449 884.591 0.000 884.591 0.450 0.014
419 3004 2555 449 894.817 0.000 894.817 0.450 0.013
420 3004 2555 449 903.394 0.000 903.394 0.450 0.013
421 3004 2555 449 912.106 0.000 912.106 0.450 0.013
422 3004 2555 449 920.782 0.000 920.782 0.433 0.012
423 3004 2555 449 928.847 0.000 928.847 0.433 0.012
424 3004 2555 449 936.719 0.000 936.719 0.417 0.012
425 3004 2555 449 945.164 0.000 945.164 0.417 0.011
426 3004 2555 449 951.956 0.000 951.956 0.383 0.011
427 3004 2555 449 961.042 0.000 961.042 0.383 0.011
428 3004 2555 449 968.499 0.000 968.499 0.383 0.010
429 3004 2555 449 973.448 0.000 973.448 0.383 0.010
430 3004 2555 449 980.431 0.000 980.431 0.350 0.010
431 3004 2555 449 986.241 0.000 986.241 0.333 0.009
432 3004 2555 449 992.111 0.000 992.111 0.333 0.009
433 3004 2555 449 998.220 0.000 998.220 0.333 0.009
434 3004 2555 449 1002.786 0.000 1002.786 0.317 0.009
435 3004 2555 449 1006.191 0.000 1006.191 0.267 0.008
436 3004 2555 449 1009.052 0.000 1009.052 0.267 0.008
437 3004 2555 449 1011.854 0.000 1011.854 0.267 0.008
438 3004 2555 449 1010.990 0.000 1010.990 0.217 0.007
439 3004 2555 449 1006.930 0.000 1006.930 0.150 0.007
440 3004 2555 449 998.259 0.000 998.259 0.100 0.007
441 3004 2555 449 989.023 0.000 989.023 0.100 0.006
442 3004 2555 449 975.754 0.000 975.754 0.083 0.006
443 2979 2555 424 959.085 0.000 959.085 0.083 0.006
444 2979 2555 424 945.090 0.000 945.090 0.083 0.006
445 2803 2555 248 929.054 0.000 929.054 0.083 0.005
446 2803 2555 248 915.811 0.000 915.811 0.083 0.005
447 2469 2555 86 899.097 0.000 899.097 0.083 0.005
448 1915 2111 196 879.707 0.000 879.707 0.150 0.004
449 1671 1727 56 865.310 0.000 865.310 0.217 0.004
450 1671 1727 56 851.484 0.000 851.484 0.217 0.004
451 1671 1727 56 840.032 0.000 840.032 0.217 0.004
452 1671 1727 56 824.171 0.000 824.171 0.217 0.003
453 1671 1727 56 806.337 0.000 806.337 0.217 0.003
454 1671 1727 56 786.848 0.000 786.848 0.217 0.003
455 1671 1727 56 765.521 0.000 765.521 0.217 0.003
456 1671 1727 56 742.249 0.000 742.249 0.217 0.003
457 1671 1727 56 721.667 0.000 721.667 0.217 0.002
458 1671 1727 56 699.840 0.000 699.840 0.217 0.002
459 1328 1727 399 674.889 0.000 674.889 0.217 0.002
460 1328 1727 399 649.981 0.000 649.981 0.217 0.002
461 1328 1727 399 622.938 0.000 622.938 0.217 0.002
462 1328 1671 343 596.891 0.000 596.891 0.217 0.002
463 1328 1671 343 572.674 0.000 572.674 0.217 0.002
464 1301 1671 370 550.534 0.000 550.534 0.217 0.002
465 1301 1671 370 527.122 0.000 527.122 0.217 0.002
466 1301 1671 370 502.934 0.000 502.934 0.217 0.002
467 1301 1671 370 478.348 0.000 478.348 0.217 0.002
468 1301 1671 370 452.999 0.000 452.999 0.217 0.002
469 1301 1671 370 429.108 0.000 429.108 0.217 0.002
470 1301 1671 370 407.108 0.000 407.108 0.217 0.002
471 1301 1671 370 386.469 0.000 386.469 0.217 0.002
472 1301 1533 232 366.235 0.000 366.235 0.217 0.002
473 1301 1533 232 347.522 0.000 347.522 0.217 0.002
474 1301 1533 232 329.406 0.000 329.406 0.217 0.003
475 1301 1533 232 312.374 0.000 312.374 0.217 0.003
476 1301 1533 232 295.735 0.000 295.735 0.217 0.003
477 1301 1533 232 279.782 0.000 279.782 0.217 0.003
478 1301 1533 232 265.773 0.000 265.773 0.217 0.004
479 1301 1533 232 249.646 0.000 249.646 0.217 0.004
480 1301 1533 232 236.432 0.000 236.432 0.217 0.004
481 1301 1533 232 224.222 0.000 224.222 0.217 0.004
482 1301 1533 232 212.213 0.000 212.213 0.217 0.005
483 1301 1533 232 199.890 0.000 199.890 0.217 0.005
484 1301 1533 232 189.918 0.000 189.918 0.217 0.005
485 1301 1533 232 179.677 0.000 179.677 0.217 0.005
486 1301 1533 232 170.214 0.000 170.214 0.217 0.005
487 1301 1533 232 160.658 0.000 160.658 0.217 0.006
488 1301 1533 232 151.209 0.000 151.209 0.217 0.006
489 1301 1533 232 142.349 0.000 142.349 0.217 0.006
490 1301 1533 232 132.367 0.000 132.367 0.217 0.006
491 1301 1533 232 127.290 0.000 127.290 0.217 0.006
492 1301 1533 232 120.520 0.000 120.520 0.217 0.007
493 949 1246 297 112.638 0.000 112.638 0.250 0.007
494 949 1246 297 105.430 0.000 105.430 0.250 0.007
495 949 1246 297 99.148 0.000 99.148 0.250 0.007
496 949 1246 297 92.405 0.000 92.405 0.250 0.007
497 942 1192 250 85.365 0.000 85.365 0.250 0.008
498 942 1192 250 78.312 0.000 78.312 0.250 0.008
499 942 1192 250 72.389 0.000 72.389 0.250 0.008
500 942 1192 250 67.989 0.000 67.989 0.250 0.008
501 942 1192 250 62.939 0.000 62.939 0.250 0.008
502 942 1192 250 57.218 0.000 57.218 0.250 0.008
503 942 1192 250 51.629 0.000 51.629 0.250 0.009
504 813 1192 379 45.936 0.000 45.936 0.283 0.009
505 631 1083 452 41.288 0.000 41.288 0.267 0.009
506 585 1083 498 37.310 0.000 37.310 0.267 0.009
507 585 1083 498 32.735 0.000 32.735 0.217 0.010
508 552 791 239 28.221 0.000 28.221 0.183 0.010
509 552 791 239 24.304 0.000 24.304 0.200 0.010
510 552 791 239 20.638 0.000 20.638 0.200 0.010
511 552 791 239 18.144 0.000 18.144 0.200 0.011
512 552 791 239 15.067 0.000 15.067 0.217 0.011
513 552 791 239 12.289 0.000 12.289 0.217 0.011
514 552 791 239 9.668 0.000 9.668 0.233 0.011
515 552 725 173 7.495 0.000 7.495 0.217 0.012
516 552 725 173 5.665 0.000 5.665 0.250 0.012
517 552 667 115 4.493 0.000 4.493 0.250 0.012
518 552 667 115 3.808 0.000 3.808 0.250 0.013
519 552 667 115 3.378 0.000 3.378 0.267 0.013
520 552 667 115 3.013 0.000 3.013 0.267 0.013
521 552 667 115 2.780 0.000 2.780 0.283 0.013
522 552 667 115 2.701 0.000 2.701 0.283 0.013
523 552 667 115 2.613 0.000 2.613 0.267 0.013
524 552 667 115 2.596 0.000 2.596 0.267 0.013
525 552 667 115 2.580 0.000 2.580 0.267 0.013
526 552 667 115 2.657 0.000 2.657 0.267 0.012
527 552 667 115 2.715 0.000 2.715 0.267 0.012
528 552 667 115 2.762 0.000 2.762 0.267 0.012
529 552 667 115 2.843 0.000 2.843 0.267 0.012
530 552 667 115 2.999 0.000 2.999 0.267 0.012
531 552 667 115 3.225 0.000 3.225 0.267 0.012
532 552 667 115 3.689 0.000 3.689 0.267 0.012
533 552 667 115 4.339 0.000 4.339 0.267 0.011
534 552 667 115 5.351 0.000 5.351 0.267 0.011
535 552 667 115 6.703 0.000 6.703 0.283 0.011
536 552 667 115 9.019 0.000 9.019 0.267 0.011
537 552 667 115 11.578 0.000 11.578 0.267 0.011
538 552 667 115 14.701 0.000 14.701 0.267 0.011
539 552 667 115 18.701 0.000 18.701 0.283 0.012
540 552 667 115 23.643 0.000 23.643 0.300 0.012
541 552 667 115 29.475 0.000 29.475 0.300 0.012
542 552 667 115 35.805 0.000 35.805 0.333 0.012
543 552 667 115 42.173 0.000 42.173 0.350 0.012
544 552 667 115 50.502 0.000 50.502 0.350 0.012
545 586 667 81 59.463 0.000 59.463 0.383 0.012
546 647 667 20 70.176 0.000 70.176 0.383 0.013
547 647 667 20 78.748 0.000 78.748 0.383 0.013
548 748 667 81 90.595 0.000 90.595 0.383 0.013
549 748 667 81 101.146 0.000 101.146 0.383 0.013
550 926 667 259 114.567 0.000 114.567 0.417 0.013
551 956 667 289 126.887 0.000 126.887 0.417 0.013
552 1013 667 346 139.735 0.000 139.735 0.433 0.013
553 1046 667 379 157.567 0.000 157.567 0.433 0.013
554 1046 829 217 173.782 0.000 173.782 0.417 0.013
555 1377 1283 94 187.117 0.000 187.117 0.433 0.014
556 1452 1283 169 205.433 0.000 205.433 0.433 0.014
557 1711 1283 428 224.885 0.000 224.885 0.467 0.014
558 1889 1889 0 245.135 0.000 245.135 0.467 0.014
559 2169 1889 280 268.189 0.000 268.189 0.467 0.014
560 2332 1889 443 290.590 0.000 290.590 0.467 0.014
561 2358 1889 469 313.163 0.000 313.163 0.467 0.014
562 2576 2509 67 340.191 0.000 340.191 0.450 0.015
563 2582 2509 73 364.522 0.000 364.522 0.450 0.015
564 2582 2509 73 391.282 0.000 391.282 0.450 0.015
565 2582 2509 73 412.672 0.000 412.672 0.450 0.014
566 2582 2509 73 435.564 0.000 435.564 0.450 0.015
567 2582 2509 73 454.962 0.000 454.962 0.433 0.015
568 2582 2509 73 470.065 0.000 470.065 0.417 0.015
569 2582 2509 73 486.196 0.000 486.196 0.400 0.014
570 2582 2509 73 501.804 0.000 501.804 0.400 0.014
571 2582 2509 73 518.753 0.000 518.753 0.400 0.015
572 2582 2509 73 536.232 0.000 536.232 0.400 0.015
573 2582 2509 73 550.597 0.000 550.597 0.400 0.014
574 2582 2509 73 564.460 0.000 564.460 0.400 0.014
575 2582 2509 73 578.208 0.000 578.208 0.400 0.014
576 2582 2509 73 593.379 0.000 593.379 0.400 0.014
577 2582 2509 73 607.619 0.000 607.619 0.400 0.014
578 2582 2509 73 621.463 0.000 621.463 0.400 0.014
579 2582 2509 73 634.786 0.000 634.786 0.400 0.014
580 2582 2509 73 647.341 0.000 647.341 0.400 0.014
581 2582 2509 73 659.652 0.000 659.652 0.400 0.014
582 2582 2509 73 671.215 0.000 671.215 0.400 0.014
583 2582 2509 73 682.080 0.000 682.080 0.400 0.014
584 2582 2509 73 693.416 0.000 693.416 0.400 0.015
585 2582 2509 73 705.353 0.000 705.353 0.400 0.015
586 2582 2509 73 716.498 0.000 716.498 0.400 0.015
587 2582 2509 73 729.036 0.000 729.036 0.400 0.015
588 2582 2509 73 740.924 0.000 740.924 0.400 0.015
589 2582 2509 73 752.759 0.000 752.759 0.400 0.015
590 2582 2509 73 764.198 0.000 764.198 0.400 0.015
591 2582 2509 73 774.522 0.000 774.522 0.400 0.015
592 2582 2509 73 785.701 0.000 785.701 0.400 0.015
593 2582 2509 73 796.333 0.000 796.333 0.400 0.015
594 2582 2509 73 806.349 0.000 806.349 0.400 0.015
595 2582 2509 73 815.850 0.000 815.850 0.400 0.015
596 2582 2509 73 827.262 0.000 827.262 0.400 0.014
597 2582 2509 73 836.450 0.000 836.450 0.400 0.014
598 2582 2509 73 846.275 0.000 846.275 0.400 0.014
599 2582 2509 73 855.496 0.000 855.496 0.400 0.014
600 2582 2509 73 865.724 0.000 865.724 0.400 0.013
601 2582 2509 73 876.053 0.000 876.053 0.400 0.013
602 2582 2509 73 885.489 0.000 885.489 0.400 0.012
603 2582 2509 73 893.559 0.000 893.559 0.400 0.012
604 2582 2509 73 902.891 0.000 902.891 0.400 0.012
605 2582 2509 73 911.103 0.000 911.103 0.400 0.011
606 2582 2509 73 920.201 0.000 920.201 0.400 0.011
607 2582 2509 73 926.423 0.000 926.423 0.400 0.011
608 2582 2509 73 933.029 0.000 933.029 0.383 0.010
609 2582 2509 73 938.950 0.000 938.950 0.383 0.010
610 2582 2509 73 944.416 0.000 944.416 0.383 0.010
611 2582 2509 73 949.597 0.000 949.597 0.383 0.010
612 2582 2509 73 954.433 0.000 954.433 0.383 0.009
613 2582 2509 73 960.308 0.000 960.308 0.367 0.009
614 2582 2509 73 963.471 0.000 963.471 0.333 0.009
615 2582 2509 73 964.355 0.000 964.355 0.250 0.008
616 2582 2509 73 966.075 0.000 966.075 0.233 0.008
617 2582 2509 73 964.735 0.000 964.735 0.183 0.008
618 2582 2509 73 964.834 0.000 964.834 0.150 0.007
619 2582 2509 73 961.958 0.000 961.958 0.100 0.007
620 2582 2509 73 956.919 0.000 956.919 0.100 0.007
621 2582 2509 73 951.213 0.000 951.213 0.100 0.006
622 2582 2509 73 943.038 0.000 943.038 0.100 0.006
623 2475 2509 34 934.011 0.000 934.011 0.083 0.006
624 2419 2509 90 921.483 0.000 921.483 0.083 0.005
625 2255 2509 254 911.933 0.000 911.933 0.083 0.005
626 1506 1993 487 899.724 0.000 899.724 0.183 0.005
627 1415 1415 0 888.228 0.000 888.228 0.200 0.005
628 1415 1415 0 879.307 0.000 879.307 0.200 0.005
629 1415 1415 0 870.152 0.000 870.152 0.200 0.004
630 1415 1415 0 858.663 0.000 858.663 0.200 0.004
631 1415 1415 0 842.151 0.000 842.151 0.200 0.004
632 1408 1415 7 826.932 0.000 826.932 0.200 0.003
633 1408 1415 7 809.247 0.000 809.247 0.200 0.003
634 1408 1415 7 790.926 0.000 790.926 0.200 0.003
635 1408 1415 7 769.037 0.000 769.037 0.200 0.003
636 1408 1415 7 745.757 0.000 745.757 0.200 0.003
637 1408 1415 7 723.890 0.000 723.890 0.200 0.002
638 1408 1415 7 699.007 0.000 699.007 0.200 0.002
639 1408 1415 7 673.670 0.000 673.670 0.200 0.002
640 1408 1415 7 650.672 0.000 650.672 0.200 0.002
641 1408 1415 7 623.913 0.000 623.913 0.200 0.002
642 1408 1415 7 597.441 0.000 597.441 0.200 0.002
643 1408 1415 7 576.160 0.000 576.160 0.200 0.002
644 1408 1415 7 553.597 0.000 553.597 0.200 0.002
645 1408 1415 7 527.013 0.000 527.013 0.200 0.002
646 1361 1415 54 499.851 0.000 499.851 0.200 0.002
647 1361 1415 54 473.838 0.000 473.838 0.200 0.002
648 1329 1415 86 450.128 0.000 450.128 0.200 0.002
649 1329 1415 86 428.890 0.000 428.890 0.200 0.002
650 1329 1415 86 405.412 0.000 405.412 0.200 0.002
651 1281 1415 134 384.698 0.000 384.698 0.200 0.002
652 1281 1415 134 364.549 0.000 364.549 0.200 0.002
653 1281 1415 134 343.818 0.000 343.818 0.200 0.002
654 1281 1415 134 326.086 0.000 326.086 0.200 0.003
655 1281 1415 134 310.605 0.000 310.605 0.217 0.003
656 1281 1415 134 293.659 0.000 293.659 0.217 0.003
657 1281 1415 134 278.555 0.000 278.555 0.217 0.003
658 1281 1415 134 263.655 0.000 263.655 0.217 0.003
659 1192 1415 223 250.116 0.000 250.116 0.217 0.004
660 1192 1415 223 234.591 0.000 234.591 0.217 0.004
661 1192 1415 223 221.071 0.000 221.071 0.217 0.004
662 1192 1415 223 210.337 0.000 210.337 0.217 0.004
663 1159 1415 256 198.637 0.000 198.637 0.217 0.005
664 1121 1415 294 187.792 0.000 187.792 0.217 0.005
665 1121 1415 294 178.520 0.000 178.520 0.217 0.005
666 1121 1415 294 169.001 0.000 169.001 0.217 0.005
667 1119 1415 296 158.632 0.000 158.632 0.233 0.005
668 1119 1415 296 149.469 0.000 149.469 0.233 0.006
669 1119 1415 296 140.890 0.000 140.890 0.233 0.006
670 1119 1415 296 131.295 0.000 131.295 0.233 0.006
671 962 1105 143 122.644 0.000 122.644 0.233 0.006
672 859 1105 246 115.548 0.000 115.548 0.250 0.006
673 836 1105 269 109.314 0.000 109.314 0.250 0.007
674 836 1105 269 100.909 0.000 100.909 0.250 0.007
675 836 1105 269 94.522 0.000 94.522 0.250 0.007
676 836 1105 269 87.571 0.000 87.571 0.250 0.007
677 781 1105 324 81.562 0.000 81.562 0.267 0.007
678 729 1105 376 75.592 0.000 75.592 0.267 0.008
679 726 1105 379 69.612 0.000 69.612 0.267 0.008
680 703 1105 402 63.224 0.000 63.224 0.267 0.008
681 703 1008 305 58.152 0.000 58.152 0.267 0.008
682 665 1008 343 52.591 0.000 52.591 0.283 0.008
683 656 1008 352 48.013 0.000 48.013 0.283 0.008
684 656 1008 352 43.283 0.000 43.283 0.267 0.009
685 656 1008 352 38.746 0.000 38.746 0.250 0.009
686 656 1008 352 34.305 0.000 34.305 0.233 0.009
687 656 1008 352 29.499 0.000 29.499 0.233 0.009
688 484 1008 524 25.994 0.000 25.994 0.250 0.010
689 484 1008 524 22.963 0.000 22.963 0.250 0.010
690 484 1008 524 19.687 0.000 19.687 0.250 0.010
691 484 1008 524 15.821 0.000 15.821 0.267 0.011
692 366 880 514 12.953 0.000 12.953 0.283 0.011
693 364 880 516 10.207 0.000 10.207 0.283 0.011
694 306 880 574 7.852 0.000 7.852 0.283 0.011
695 302 880 578 5.557 0.000 5.557 0.267 0.012
696 298 880 582 3.770 0.000 3.770 0.267 0.012
697 298 637 339 2.638 0.000 2.638 0.267 0.012
698 298 637 339 1.560 0.000 1.560 0.267 0.013
699 298 637 339 0.996 0.000 0.996 0.267 0.013
700 225 637 412 0.685 0.000 0.685 0.267 0.013
701 225 637 412 0.525 0.000 0.525 0.250 0.013
702 225 637 412 0.401 0.000 0.401 0.267 0.013
703 225 637 412 0.355 0.000 0.355 0.267 0.013
704 225 637 412 0.289 0.000 0.289 0.267 0.013
705 225 637 412 0.289 0.000 0.289 0.267 0.012
706 225 637 412 0.293 0.000 0.293 0.267 0.012
707 225 637 412 0.288 0.000 0.288 0.267 0.012
708 225 637 412 0.315 0.000 0.315 0.267 0.012
709 225 637 412 0.320 0.000 0.320 0.267 0.012
710 225 637 412 0.380 0.000 0.380 0.267 0.012
711 225 637 412 0.547 0.000 0.547 0.267 0.012
712 225 637 412 0.877 0.000 0.877 0.267 0.011
713 225 637 412 1.465 0.000 1.465 0.267 0.011
714 255 637 382 2.489 0.000 2.489 0.267 0.011
715 364 637 273 4.075 0.000 4.075 0.267 0.011
716 365 637 272 6.187 0.000 6.187 0.267 0.011
717 365 637 272 8.890 0.000 8.890 0.283 0.012
718 365 637 272 11.473 0.000 11.473 0.283 0.012
719 522 637 115 15.694 0.000 15.694 0.300 0.012
720 522 637 115 18.899 0.000 18.899 0.300 0.012
721 522 637 115 24.336 0.000 24.336 0.300 0.012
722 522 637 115 30.517 0.000 30.517 0.317 0.012
723 617 637 20 37.462 0.000 37.462 0.317 0.012
724 617 637 20 44.796 0.000 44.796 0.317 0.012
725 617 637 20 53.279 0.000 53.279 0.333 0.013
726 716 637 79 64.092 0.000 64.092 0.333 0.013
727 716 637 79 73.298 0.000 73.298 0.317 0.013
728 841 637 204 83.574 0.000 83.574 0.317 0.013
729 1038 637 401 96.676 0.000 96.676 0.333 0.013
730 1038 637 401 110.037 0.000 110.037 0.367 0.013
731 1038 637 401 123.602 0.000 123.602 0.367 0.013
732 1038 637 401 136.265 0.000 136.265 0.367 0.013
733 1180 1180 0 151.473 0.000 151.473 0.383 0.013
734 1559 1180 379 168.077 0.000 168.077 0.367 0.014
735 1628 1180 448 189.414 0.000 189.414 0.367 0.014
736 1628 1180 448 210.142 0.000 210.142 0.367 0.014
737 1638 1180 458 229.524 0.000 229.524 0.367 0.014
738 1638 1180 458 252.491 0.000 252.491 0.383 0.014
739 1638 1180 458 272.518 0.000 272.518 0.383 0.014
740 1670 1497 173 293.225 0.000 293.225 0.417 0.014
741 1670 1497 173 316.382 0.000 316.382 0.400 0.014
742 1670 1497 173 338.867 0.000 338.867 0.400 0.014
743 1670 1497 173 358.252 0.000 358.252 0.400 0.014
744 1958 1497 461 378.611 0.000 378.611 0.400 0.014
745 2323 2187 136 402.162 0.000 402.162 0.483 0.015
746 2776 2776 0 423.518 0.000 423.518 0.500 0.014
747 2791 2776 15 449.463 0.000 449.463 0.500 0.015
748 3025 2776 249 472.941 0.000 472.941 0.550 0.015
749 3025 2776 249 494.588 0.000 494.588 0.550 0.015
750 3025 2776 249 511.296 0.000 511.296 0.550 0.015
751 3025 2776 249 527.651 0.000 527.651 0.550 0.015
752 3025 2776 249 541.596 0.000 541.596 0.533 0.015
753 3025 2776 249 556.230 0.000 556.230 0.517 0.015
754 3025 2776 249 572.471 0.000 572.471 0.500 0.015
755 3025 2776 249 585.710 0.000 585.710 0.500 0.014
756 3025 2776 249 597.976 0.000 597.976 0.500 0.014
757 3025 2776 249 612.268 0.000 612.268 0.500 0.014
758 3025 2776 249 624.486 0.000 624.486 0.500 0.014
759 3025 2776 249 636.691 0.000 636.691 0.500 0.014
760 3025 2776 249 649.095 0.000 649.095 0.500 0.014
761 3025 2776 249 661.435 0.000 661.435 0.500 0.014
762 3025 2776 249 672.669 0.000 672.669 0.500 0.014
763 3025 2776 249 685.928 0.000 685.928 0.500 0.014
764 3025 2776 249 699.542 0.000 699.542 0.500 0.015
765 3025 2776 249 711.462 0.000 711.462 0.500 0.015
766 3025 2776 249 723.178 0.000 723.178 0.500 0.015
767 3025 2776 249 736.534 0.000 736.534 0.500 0.015
768 3025 2776 249 746.988 0.000 746.988 0.500 0.015
769 3025 2776 249 757.201 0.000 757.201 0.500 0.015
770 3025 2776 249 769.505 0.000 769.505 0.500 0.015
771 3025 2776 249 782.153 0.000 782.153 0.500 0.015
772 3025 2776 249 792.225 0.000 792.225 0.500 0.015
773 3025 2776 249 802.477 0.000 802.477 0.500 0.015
774 3025 2776 249 813.284 0.000 813.284 0.500 0.015
775 3025 2776 249 823.768 0.000 823.768 0.500 0.015
776 3025 2776 249 834.223 0.000 834.223 0.483 0.014
777 3025 2776 249 845.360 0.000 845.360 0.483 0.014
778 3025 2776 249 853.404 0.000 853.404 0.467 0.014
779 3025 2776 249 863.849 0.000 863.849 0.467 0.013
780 3025 2776 249 870.930 0.000 870.930 0.450 0.013
781 3025 2776 249 880.530 0.000 880.530 0.450 0.013
782 3025 2776 249 889.893 0.000 889.893 0.450 0.012
783 3025 2776 249 898.801 0.000 898.801 0.450 0.012
784 3025 2776 249 906.799 0.000 906.799 0.450 0.012
785 3025 2776 249 914.970 0.000 914.970 0.433 0.011
786 3025 2776 249 924.688 0.000 924.688 0.433 0.011
787 3025 2776 249 931.857 0.000 931.857 0.433 0.011
788 3025 2776 249 937.888 0.000 937.888 0.433 0.010
789 3025 2776 249 945.150 0.000 945.150 0.417 0.010
790 3025 2776 249 952.257 0.000 952.257 0.417 0.010
791 3025 2776 249 958.502 0.000 958.502 0.417 0.009
792 3025 2776 249 962.723 0.000 962.723 0.417 0.009
793 3025 2776 249 965.956 0.000 965.956 0.417 0.009
794 3025 2776 249 968.213 0.000 968.213 0.383 0.008
795 3025 2776 249 969.754 0.000 969.754 0.333 0.008
796 3025 2776 249 969.164 0.000 969.164 0.317 0.008
797 3025 2776 249 969.665 0.000 969.665 0.317 0.008
798 3025 2776 249 968.036 0.000 968.036 0.267 0.007
799 3025 2776 249 965.032 0.000 965.032 0.267 0.007
800 3025 2776 249 961.614 0.000 961.614 0.217 0.007
801 3025 2776 249 956.983 0.000 956.983 0.217 0.006
802 3025 2776 249 951.347 0.000 951.347 0.217 0.006
803 3025 2776 249 946.358 0.000 946.358 0.217 0.006
804 3025 2776 249 938.601 0.000 938.601 0.167 0.006
805 3025 2776 249 925.329 0.000 925.329 0.083 0.005
806 3025 2776 249 915.175 0.000 915.175 0.083 0.005
807 3025 2776 249 896.274 0.000 896.274 0.083 0.005
808 2468 2776 308 880.579 0.000 880.579 0.083 0.004
809 1382 1655 273 863.811 0.000 863.811 0.233 0.004
810 1382 1655 273 849.896 0.000 849.896 0.233 0.004
811 1382 1655 273 835.785 0.000 835.785 0.233 0.004
812 1382 1655 273 820.339 0.000 820.339 0.250 0.003
813 1382 1655 273 802.840 0.000 802.840 0.250 0.003
814 1382 1655 273 783.611 0.000 783.611 0.250 0.003
815 1382 1655 273 764.385 0.000 764.385 0.250 0.003
816 1382 1655 273 743.810 0.000 743.810 0.250 0.003
817 1382 1655 273 722.344 0.000 722.344 0.250 0.002
818 1382 1655 273 697.872 0.000 697.872 0.250 0.002
819 1382 1655 273 674.757 0.000 674.757 0.250 0.002
820 1382 1655 273 650.341 0.000 650.341 0.250 0.002
821 1382 1655 273 622.294 0.000 622.294 0.250 0.002
822 1382 1655 273 599.649 0.000 599.649 0.250 0.002
823 1382 1655 273 573.020 0.000 573.020 0.250 0.002
824 1350 1655 305 546.941 0.000 546.941 0.250 0.002
825 1350 1655 305 523.163 0.000 523.163 0.250 0.002
826 1350 1655 305 497.072 0.000 497.072 0.250 0.002
827 1350 1655 305 470.827 0.000 470.827 0.267 0.002
828 1350 1655 305 449.459 0.000 449.459 0.267 0.002
829 1350 1655 305 425.053 0.000 425.053 0.267 0.002
830 1350 1655 305 404.938 0.000 404.938 0.267 0.002
831 1350 1655 305 384.611 0.000 384.611 0.267 0.002
832 1350 1655 305 366.962 0.000 366.962 0.267 0.002
833 1350 1655 305 343.815 0.000 343.815 0.267 0.002
834 1350 1655 305 322.492 0.000 322.492 0.267 0.003
835 1350 1655 305 305.703 0.000 305.703 0.267 0.003
836 1257 1655 398 286.565 0.000 286.565 0.267 0.003
837 1257 1655 398 268.503 0.000 268.503 0.267 0.003
838 1257 1655 398 253.407 0.000 253.407 0.267 0.003
839 1257 1655 398 240.324 0.000 240.324 0.267 0.004
840 1148 1655 507 226.584 0.000 226.584 0.267 0.004
841 1148 1655 507 214.286 0.000 214.286 0.267 0.004
842 1148 1655 507 202.986 0.000 202.986 0.267 0.004
843 1148 1245 97 190.897 0.000 190.897 0.283 0.005
844 1064 1245 181 180.922 0.000 180.922 0.300 0.005
845 1014 1245 231 171.595 0.000 171.595 0.300 0.005
846 998 1245 247 162.263 0.000 162.263 0.300 0.005
847 998 1245 247 152.745 0.000 152.745 0.300 0.005
848 981 1245 264 143.750 0.000 143.750 0.300 0.006
849 919 1245 326 135.669 0.000 135.669 0.300 0.006
850 919 1245 326 127.653 0.000 127.653 0.300 0.006
851 889 1245 356 119.752 0.000 119.752 0.317 0.006
852 880 1245 365 113.475 0.000 113.475 0.317 0.006
853 880 1245 365 105.432 0.000 105.432 0.317 0.007
854 860 1245 385 99.387 0.000 99.387 0.317 0.007
855 860 1245 385 92.581 0.000 92.581 0.333 0.007
856 860 1245 385 86.985 0.000 86.985 0.333 0.007
857 824 1180 356 81.620 0.000 81.620 0.333 0.007
858 824 1180 356 75.141 0.000 75.141 0.333 0.007
859 824 1180 356 69.288 0.000 69.288 0.333 0.008
860 824 1180 356 64.667 0.000 64.667 0.333 0.008
861 802 1180 378 59.818 0.000 59.818 0.333 0.008
862 787 1180 393 53.788 0.000 53.788 0.333 0.008
863 787 1180 393 49.430 0.000 49.430 0.333 0.008
864 715 1128 413 44.323 0.000 44.323 0.350 0.009
865 715 1128 413 38.830 0.000 38.830 0.350 0.009
866 680 1128 448 34.339 0.000 34.339 0.350 0.009
867 680 1128 448 29.011 0.000 29.011 0.367 0.009
868 560 926 366 25.164 0.000 25.164 0.300 0.010
869 560 926 366 21.024 0.000 21.024 0.183 0.010
870 560 926 366 17.368 0.000 17.368 0.183 0.010
871 419 814 395 14.103 0.000 14.103 0.183 0.010
872 415 814 399 11.225 0.000 11.225 0.200 0.011
873 415 814 399 8.501 0.000 8.501 0.200 0.011
874 280 814 534 6.111 0.000 6.111 0.217 0.011
875 274 814 540 4.259 0.000 4.259 0.217 0.012
876 274 668 394 2.838 0.000 2.838 0.217 0.012
877 262 668 406 1.882 0.000 1.882 0.233 0.012
878 262 668 406 1.185 0.000 1.185 0.233 0.013
879 262 668 406 0.795 0.000 0.795 0.233 0.013
880 188 638 450 0.550 0.000 0.550 0.233 0.013
881 188 638 450 0.361 0.000 0.361 0.233 0.013
882 152 638 486 0.227 0.000 0.227 0.233 0.013
883 152 638 486 0.187 0.000 0.187 0.233 0.013
884 152 638 486 0.192 0.000 0.192 0.233 0.013
885 152 638 486 0.174 0.000 0.174 0.233 0.012
886 152 638 486 0.173 0.000 0.173 0.233 0.012
887 216 638 422 0.221 0.000 0.221 0.233 0.012
888 216 638 422 0.258 0.000 0.258 0.233 0.012
889 216 638 422 0.306 0.000 0.306 0.233 0.012
890 216 638 422 0.371 0.000 0.371 0.233 0.012
891 295 638 343 0.561 0.000 0.561 0.233 0.012
892 295 638 343 0.902 0.000 0.902 0.233 0.011
893 295 638 343 1.484 0.000 1.484 0.233 0.011
894 295 638 343 2.395 0.000 2.395 0.250 0.011
895 358 638 280 3.946 0.000 3.946 0.250 0.011
896 574 638 64 5.993 0.000 5.993 0.250 0.011
897 574 638 64 8.392 0.000 8.392 0.250 0.011
898 574 638 64 11.641 0.000 11.641 0.250 0.011
899 574 638 64 15.729 0.000 15.729 0.250 0.012
900 574 638 64 21.019 0.000 21.019 0.250 0.012
901 574 638 64 26.422 0.000 26.422 0.267 0.012
902 576 638 62 32.642 0.000 32.642 0.267 0.012
903 576 638 62 38.988 0.000 38.988 0.250 0.012
904 625 638 13 47.430 0.000 47.430 0.250 0.012
905 625 638 13 55.288 0.000 55.288 0.267 0.012
906 625 638 13 63.157 0.000 63.157 0.267 0.012
907 779 779 0 73.962 0.000 73.962 0.267 0.012
908 947 837 110 86.098 0.000 86.098 0.267 0.013
909 947 837 110 98.703 0.000 98.703 0.283 0.013
910 947 837 110 113.441 0.000 113.441 0.283 0.013
911 947 837 110 126.992 0.000 126.992 0.283 0.013
912 947 837 110 139.895 0.000 139.895 0.283 0.013
913 947 851 96 155.630 0.000 155.630 0.283 0.013
914 1110 851 259 173.254 0.000 173.254 0.283 0.013
915 1312 851 461 192.232 0.000 192.232 0.300 0.013
916 1312 851 461 211.654 0.000 211.654 0.300 0.014
917 1312 851 461 228.460 0.000 228.460 0.283 0.014
918 1312 851 461 244.657 0.000 244.657 0.300 0.014
919 1459 1378 81 267.642 0.000 267.642 0.367 0.014
920 1459 1378 81 287.234 0.000 287.234 0.367 0.014
921 1787 1378 409 308.476 0.000 308.476 0.367 0.014
922 1989 1914 75 330.718 0.000 330.718 0.367 0.014
923 1992 1914 78 354.473 0.000 354.473 0.367 0.014
924 1992 1914 78 373.746 0.000 373.746 0.367 0.014
925 1992 1914 78 391.036 0.000 391.036 0.383 0.014
926 1992 1914 78 409.269 0.000 409.269 0.367 0.014
927 1992 1914 78 425.895 0.000 425.895 0.367 0.014
928 1992 1914 78 443.372 0.000 443.372 0.350 0.014
929 1992 1914 78 461.433 0.000 461.433 0.367 0.014
930 1992 1914 78 479.182 0.000 479.182 0.350 0.014
931 1992 1914 78 495.559 0.000 495.559 0.350 0.014
932 1992 1914 78 511.049 0.000 511.049 0.333 0.014
933 1992 1914 78 528.260 0.000 528.260 0.333 0.014
934 1992 1914 78 543.010 0.000 543.010 0.333 0.014
935 1992 1914 78 558.542 0.000 558.542 0.300 0.014
936 1992 1914 78 574.183 0.000 574.183 0.300 0.014
937 1992 1914 78 588.164 0.000 588.164 0.283 0.014
938 1992 1914 78 602.038 0.000 602.038 0.283 0.014
939 1992 1914 78 615.249 0.000 615.249 0.283 0.014
940 1992 1914 78 628.162 0.000 628.162 0.283 0.014
941 1992 1914 78 639.495 0.000 639.495 0.283 0.014
942 1992 1914 78 650.877 0.000 650.877 0.283 0.014
943 1992 1914 78 664.427 0.000 664.427 0.283 0.014
944 1992 1914 78 675.264 0.000 675.264 0.283 0.014
945 1992 1914 78 687.660 0.000 687.660 0.283 0.014
946 1992 1914 78 698.961 0.000 698.961 0.300 0.014
947 1992 1914 78 709.754 0.000 709.754 0.300 0.014
948 1992 1914 78 720.628 0.000 720.628 0.300 0.014
949 1992 1914 78 731.670 0.000 731.670 0.300 0.015
950 1992 1914 78 740.870 0.000 740.870 0.300 0.015
951 1992 1914 78 749.874 0.000 749.874 0.300 0.015
952 1992 1914 78 761.521 0.000 761.521 0.300 0.015
953 1992 1914 78 772.825 0.000 772.825 0.300 0.015
954 1992 1914 78 782.745 0.000 782.745 0.267 0.014
955 1992 1914 78 792.020 0.000 792.020 0.250 0.014
956 1992 1914 78 802.146 0.000 802.146 0.250 0.014
957 1992 1914 78 811.025 0.000 811.025 0.250 0.014
958 1992 1914 78 821.087 0.000 821.087 0.250 0.013
959 1992 1914 78 830.983 0.000 830.983 0.250 0.013
960 1992 1914 78 841.471 0.000 841.471 0.250 0.013
961 1992 1914 78 851.186 0.000 851.186 0.233 0.012
962 1992 1914 78 860.335 0.000 860.335 0.233 0.012
963 1992 1914 78 868.607 0.000 868.607 0.233 0.012
964 1992 1914 78 878.165 0.000 878.165 0.217 0.011
965 1992 1914 78 885.961 0.000 885.961 0.217 0.011
966 1992 1914 78 891.973 0.000 891.973 0.217 0.011
967 1992 1914 78 899.505 0.000 899.505 0.217 0.010
968 1992 1914 78 906.458 0.000 906.458 0.217 0.010
969 1992 1914 78 912.814 0.000 912.814 0.200 0.010
970 1992 1914 78 918.738 0.000 918.738 0.183 0.009
971 1992 1914 78 923.818 0.000 923.818 0.183 0.009
972 1992 1914 78 928.593 0.000 928.593 0.167 0.009
973 1992 1914 78 932.964 0.000 932.964 0.167 0.009
974 1992 1914 78 936.311 0.000 936.311 0.167 0.008
975 1992 1914 78 936.831 0.000 936.831 0.150 0.008
976 1992 1914 78 937.465 0.000 937.465 0.150 0.008
977 1992 1914 78 938.101 0.000 938.101 0.150 0.008
978 1992 1914 78 937.330 0.000 937.330 0.133 0.007
979 1992 1914 78 934.905 0.000 934.905 0.100 0.007
980 1992 1914 78 932.791 0.000 932.791 0.100 0.007
981 1992 1914 78 929.518 0.000 929.518 0.100 0.006
982 1992 1914 78 923.488 0.000 923.488 0.083 0.006
983 1594 1914 320 917.124 0.000 917.124 0.083 0.006
984 1594 1914 320 909.840 0.000 909.840 0.083 0.006
985 1594 1914 320 905.701 0.000 905.701 0.083 0.005
986 1594 1914 320 898.363 0.000 898.363 0.067 0.005
987 1594 1914 320 890.626 0.000 890.626 0.067 0.005
988 1594 1914 320 880.764 0.000 880.764 0.067 0.004
989 1594 1914 320 866.919 0.000 866.919 0.067 0.004
990 1499 1499 0 853.663 0.000 853.663 0.067 0.004
991 1499 1499 0 839.864 0.000 839.864 0.067 0.004
992 1499 1499 0 822.727 0.000 822.727 0.067 0.003
993 1499 1499 0 806.678 0.000 806.678 0.067 0.003
994 1499 1499 0 790.521 0.000 790.521 0.067 0.003
995 1499 1499 0 769.626 0.000 769.626 0.067 0.003
996 1499 1499 0 749.757 0.000 749.757 0.067 0.002
997 1499 1499 0 724.582 0.000 724.582 0.067 0.002
998 1499 1499 0 698.919 0.000 698.919 0.067 0.002
999 1499 1499 0 670.768 0.000 670.768 0.067 0.002
1000 1499 1499 0 644.752 0.000 644.752 0.067 0.002
1001 1499 1499 0 621.844 0.000 621.844 0.067 0.002
1002 1499 1499 0 595.485 0.000 595.485 0.067 0.002
1003 1499 1499 0 567.349 0.000 567.349 0.067 0.002
1004 1499 1499 0 543.839 0.000 543.839 0.067 0.001
1005 1499 1499 0 518.127 0.000 518.127 0.067 0.001
1006 1297 1499 202 495.280 0.000 495.280 0.067 0.002
1007 1297 1499 202 474.158 0.000 474.158 0.067 0.002
1008 1297 1499 202 451.511 0.000 451.511 0.067 0.002
1009 1297 1499 202 428.438 0.000 428.438 0.067 0.002
1010 1267 1499 232 409.308 0.000 409.308 0.067 0.002
1011 1267 1499 232 389.237 0.000 389.237 0.067 0.002
1012 1267 1499 232 368.961 0.000 368.961 0.067 0.002
1013 1267 1499 232 350.382 0.000 350.382 0.067 0.002
1014 1267 1499 232 334.595 0.000 334.595 0.067 0.002
1015 1237 1499 262 316.676 0.000 316.676 0.067 0.002
1016 1237 1499 262 297.361 0.000 297.361 0.067 0.003
1017 1237 1499 262 281.837 0.000 281.837 0.067 0.003
1018 1237 1499 262 264.804 0.000 264.804 0.067 0.003
1019 1237 1499 262 248.987 0.000 248.987 0.067 0.003
1020 1189 1499 310 235.123 0.000 235.123 0.067 0.004
1021 1189 1499 310 222.008 0.000 222.008 0.067 0.004
1022 1189 1499 310 209.842 0.000 209.842 0.067 0.004
1023 1189 1499 310 198.411 0.000 198.411 0.067 0.004
1024 1189 1499 310 187.325 0.000 187.325 0.067 0.004
1025 1189 1499 310 177.057 0.000 177.057 0.067 0.005
1026 1189 1499 310 166.564 0.000 166.564 0.083 0.005
1027 1189 1499 310 156.865 0.000 156.865 0.083 0.005
1028 1189 1499 310 148.627 0.000 148.627 0.083 0.005
1029 1189 1389 200 137.732 0.000 137.732 0.083 0.006
1030 1137 1389 252 129.792 0.000 129.792 0.083 0.006
1031 1137 1389 252 122.688 0.000 122.688 0.100 0.006
1032 1137 1389 252 115.642 0.000 115.642 0.100 0.006
1033 970 1389 419 107.386 0.000 107.386 0.100 0.006
1034 970 1389 419 99.832 0.000 99.832 0.117 0.007
1035 970 1389 419 93.112 0.000 93.112 0.117 0.007
1036 892 1389 497 85.569 0.000 85.569 0.117 0.007
1037 892 1389 497 79.675 0.000 79.675 0.117 0.007
1038 892 1389 497 73.098 0.000 73.098 0.133 0.007
1039 892 1389 497 67.616 0.000 67.616 0.133 0.008
1040 736 1096 360 62.314 0.000 62.314 0.133 0.008
1041 736 1096 360 57.198 0.000 57.198 0.133 0.008
1042 736 1096 360 51.897 0.000 51.897 0.133 0.008
1043 736 1096 360 47.322 0.000 47.322 0.150 0.008
1044 736 1096 360 41.471 0.000 41.471 0.150 0.008
1045 736 1096 360 37.661 0.000 37.661 0.167 0.009
1046 736 1096 360 33.400 0.000 33.400 0.167 0.009
1047 736 1096 360 29.831 0.000 29.831 0.167 0.009
1048 736 1096 360 25.784 0.000 25.784 0.167 0.010
1049 736 1096 360 21.493 0.000 21.493 0.183 0.010
1050 736 1096 360 17.863 0.000 17.863 0.183 0.010
1051 444 851 407 14.854 0.000 14.854 0.183 0.010
1052 444 851 407 11.653 0.000 11.653 0.200 0.011
1053 433 790 357 9.289 0.000 9.289 0.200 0.011
1054 433 790 357 7.320 0.000 7.320 0.200 0.011
1055 255 771 516 5.034 0.000 5.034 0.200 0.012
1056 255 771 516 3.645 0.000 3.645 0.217 0.012
1057 255 771 516 2.401 0.000 2.401 0.217 0.012
1058 255 771 516 1.533 0.000 1.533 0.217 0.012
1059 255 771 516 0.928 0.000 0.928 0.217 0.012
1060 233 771 538 0.518 0.000 0.518 0.233 0.012
1061 233 559 326 0.357 0.000 0.357 0.250 0.013
1062 233 559 326 0.274 0.000 0.274 0.250 0.013
1063 233 559 326 0.231 0.000 0.231 0.250 0.012
1064 233 559 326 0.216 0.000 0.216 0.250 0.012
1065 233 559 326 0.173 0.000 0.173 0.250 0.012
1066 233 559 326 0.182 0.000 0.182 0.250 0.012
1067 233 559 326 0.199 0.000 0.199 0.250 0.012
1068 233 559 326 0.207 0.000 0.207 0.250 0.012
1069 233 559 326 0.286 0.000 0.286 0.250 0.012
1070 272 559 287 0.443 0.000 0.443 0.250 0.012
1071 288 559 271 0.653 0.000 0.653 0.250 0.012
1072 288 559 271 1.015 0.000 1.015 0.267 0.012
1073 356 559 203 1.789 0.000 1.789 0.267 0.011
1074 356 559 203 2.785 0.000 2.785 0.267 0.011
1075 356 559 203 4.166 0.000 4.166 0.267 0.011
1076 356 559 203 6.066 0.000 6.066 0.267 0.011
1077 356 559 203 8.535 0.000 8.535 0.267 0.012
1078 418 559 141 11.659 0.000 11.659 0.250 0.012
1079 444 559 115 15.453 0.000 15.453 0.267 0.012
1080 486 559 73 19.742 0.000 19.742 0.267 0.012
1081 583 559 24 24.216 0.000 24.216 0.267 0.012
1082 634 559 75 30.216 0.000 30.216 0.300 0.012
1083 634 559 75 36.924 0.000 36.924 0.317 0.012
1084 634 559 75 44.586 0.000 44.586 0.317 0.013
1085 634 559 75 53.063 0.000 53.063 0.350 0.013
1086 634 559 75 62.706 0.000 62.706 0.350 0.013
1087 651 559 92 73.743 0.000 73.743 0.350 0.013
1088 660 559 101 83.037 0.000 83.037 0.350 0.013
1089 838 722 116 96.752 0.000 96.752 0.350 0.013
1090 838 722 116 108.341 0.000 108.341 0.333 0.013
1091 847 722 125 121.120 0.000 121.120 0.300 0.013
1092 847 722 125 135.954 0.000 135.954 0.350 0.013
1093 929 880 49 150.575 0.000 150.575 0.367 0.013
1094 1062 880 182 169.745 0.000 169.745 0.350 0.014
1095 1117 880 237 186.155 0.000 186.155 0.333 0.014
1096 1200 880 320 203.853 0.000 203.853 0.333 0.014
1097 1431 880 551 224.435 0.000 224.435 0.333 0.014
1098 1633 1425 208 242.674 0.000 242.674 0.317 0.014
1099 1633 1425 208 262.717 0.000 262.717 0.317 0.014
1100 1951 1842 109 283.236 0.000 283.236 0.317 0.014
1101 2193 1842 351 309.835 0.000 309.835 0.383 0.014
1102 2193 1842 351 336.475 0.000 336.475 0.383 0.014
1103 2193 1842 351 357.807 0.000 357.807 0.383 0.014
1104 2193 1842 351 381.570 0.000 381.570 0.367 0.014
1105 2193 1842 351 400.938 0.000 400.938 0.350 0.014
1106 2193 1842 351 420.407 0.000 420.407 0.350 0.014
1107 2193 1842 351 440.407 0.000 440.407 0.367 0.015
1108 2193 1842 351 457.486 0.000 457.486 0.367 0.014
1109 2193 1842 351 475.500 0.000 475.500 0.367 0.014
1110 2193 1842 351 492.138 0.000 492.138 0.350 0.014
1111 2193 1842 351 507.049 0.000 507.049 0.350 0.014
1112 2193 1842 351 521.079 0.000 521.079 0.350 0.014
1113 2193 1842 351 536.898 0.000 536.898 0.350 0.014
1114 2193 1842 351 551.687 0.000 551.687 0.350 0.014
1115 2193 1842 351 568.399 0.000 568.399 0.333 0.014
1116 2193 1842 351 582.591 0.000 582.591 0.317 0.014
1117 2193 1842 351 595.269 0.000 595.269 0.317 0.014
1118 2193 1842 351 607.690 0.000 607.690 0.317 0.014
1119 2193 1842 351 619.993 0.000 619.993 0.317 0.014
1120 2193 1842 351 632.504 0.000 632.504 0.300 0.014
1121 2193 1842 351 644.965 0.000 644.965 0.283 0.014
1122 2193 1842 351 656.079 0.000 656.079 0.283 0.014
1123 2193 1842 351 667.286 0.000 667.286 0.283 0.014
1124 2193 1842 351 677.943 0.000 677.943 0.283 0.015
1125 2193 1842 351 691.726 0.000 691.726 0.283 0.015
1126 2193 1842 351 703.478 0.000 703.478 0.283 0.015
1127 2193 1842 351 714.846 0.000 714.846 0.283 0.015
1128 2193 1842 351 725.097 0.000 725.097 0.283 0.015
1129 2193 1842 351 736.337 0.000 736.337 0.283 0.015
1130 2193 1842 351 747.464 0.000 747.464 0.283 0.015
1131 2193 1842 351 758.972 0.000 758.972 0.283 0.015
1132 2193 1842 351 770.392 0.000 770.392 0.267 0.015
1133 2193 1842 351 783.041 0.000 783.041 0.267 0.015
1134 2193 1842 351 793.172 0.000 793.172 0.267 0.015
1135 2193 1842 351 804.090 0.000 804.090 0.267 0.015
1136 2193 1842 351 814.754 0.000 814.754 0.267 0.014
1137 2193 1842 351 825.069 0.000 825.069 0.267 0.014
1138 2193 1842 351 835.128 0.000 835.128 0.267 0.014
1139 2193 1842 351 844.374 0.000 844.374 0.250 0.013
1140 2193 1842 351 853.180 0.000 853.180 0.250 0.013
1141 2193 1842 351 861.212 0.000 861.212 0.250 0.013
1142 2193 1842 351 870.330 0.000 870.330 0.217 0.012
1143 2193 1842 351 879.018 0.000 879.018 0.200 0.012
1144 2193 1842 351 887.466 0.000 887.466 0.200 0.012
1145 2193 1842 351 895.499 0.000 895.499 0.183 0.011
1146 2193 1842 351 903.854 0.000 903.854 0.183 0.011
1147 2193 1842 351 912.107 0.000 912.107 0.183 0.011
1148 2193 1842 351 917.921 0.000 917.921 0.183 0.010
1149 2193 1842 351 924.849 0.000 924.849 0.167 0.010
1150 2193 1842 351 930.128 0.000 930.128 0.167 0.010
1151 2193 1842 351 934.999 0.000 934.999 0.167 0.009
1152 2193 1842 351 940.672 0.000 940.672 0.167 0.009
1153 2193 1842 351 943.805 0.000 943.805 0.150 0.009
1154 2193 1842 351 948.658 0.000 948.658 0.133 0.008
1155 2193 1842 351 950.990 0.000 950.990 0.133 0.008
1156 2193 1842 351 951.475 0.000 951.475 0.117 0.008
1157 2193 1842 351 951.596 0.000 951.596 0.117 0.008
1158 2193 1842 351 949.680 0.000 949.680 0.117 0.007
1159 2193 1842 351 948.415 0.000 948.415 0.100 0.007
1160 2193 1842 351 943.389 0.000 943.389 0.083 0.007
1161 2182 1842 340 937.750 0.000 937.750 0.083 0.006
1162 2095 1842 253 928.178 0.000 928.178 0.083 0.006
1163 1830 1842 12 920.913 0.000 920.913 0.083 0.006
1164 1441 1842 401 910.595 0.000 910.595 0.083 0.006
1165 1422 1559 137 902.962 0.000 902.962 0.100 0.005
1166 1422 1559 137 893.747 0.000 893.747 0.100 0.005
1167 1422 1559 137 884.601 0.000 884.601 0.100 0.005
1168 1422 1559 137 873.948 0.000 873.948 0.100 0.005
1169 1422 1559 137 863.146 0.000 863.146 0.100 0.004
1170 1422 1559 137 848.672 0.000 848.672 0.100 0.004
1171 1422 1559 137 833.412 0.000 833.412 0.100 0.004
1172 1422 1559 137 818.986 0.000 818.986 0.100 0.004
1173 1422 1559 137 801.084 0.000 801.084 0.100 0.003
1174 1422 1559 137 783.648 0.000 783.648 0.100 0.003
1175 1422 1559 137 761.506 0.000 761.506 0.100 0.003
1176 1422 1559 137 739.413 0.000 739.413 0.100 0.002
1177 1422 1559 137 718.145 0.000 718.145 0.100 0.002
1178 1422 1559 137 699.133 0.000 699.133 0.100 0.002
1179 1422 1559 137 674.385 0.000 674.385 0.100 0.002
1180 1422 1559 137 653.214 0.000 653.214 0.100 0.002
1181 1422 1559 137 627.876 0.000 627.876 0.100 0.002
1182 1422 1559 137 603.059 0.000 603.059 0.100 0.002
1183 1422 1559 137 577.630 0.000 577.630 0.100 0.001
1184 1422 1559 137 551.705 0.000 551.705 0.100 0.001
1185 1422 1559 137 524.257 0.000 524.257 0.100 0.001
1186 1417 1559 142 500.377 0.000 500.377 0.100 0.001
1187 1417 1559 142 476.689 0.000 476.689 0.100 0.002
1188 1417 1559 142 453.761 0.000 453.761 0.100 0.002
1189 1417 1559 142 433.017 0.000 433.017 0.100 0.002
1190 1304 1559 255 412.098 0.000 412.098 0.100 0.002
1191 1304 1559 255 392.010 0.000 392.010 0.100 0.002
1192 1286 1559 273 372.413 0.000 372.413 0.100 0.002
1193 1283 1559 276 352.078 0.000 352.078 0.117 0.002
1194 1283 1559 276 334.603 0.000 334.603 0.117 0.002
1195 1233 1559 326 315.019 0.000 315.019 0.117 0.003
1196 1168 1559 391 294.890 0.000 294.890 0.117 0.003
1197 1147 1559 412 278.090 0.000 278.090 0.117 0.003
1198 1147 1559 412 262.381 0.000 262.381 0.117 0.003
1199 1145 1559 414 249.051 0.000 249.051 0.117 0.004
