1 872 0 872 385.020 0.000 385.020 0.000 0.000
2 872 0 872 411.401 0.000 411.401 0.000 0.000
3 1024 0 1024 432.923 0.000 432.923 0.000 0.000
4 1024 0 1024 449.870 0.000 449.870 0.000 0.000
5 1098 0 1098 470.513 0.000 470.513 0.000 0.000
6 1098 0 1098 488.688 481.083 7.605 2.667 0.275
7 1098 0 1098 511.237 501.421 9.816 2.429 0.246
8 1098 0 1098 530.626 522.317 8.310 2.375 0.223
9 1306 0 1306 551.801 543.105 8.695 2.333 0.205
10 1306 0 1306 572.300 562.838 9.462 2.400 0.192
11 1306 0 1306 594.688 587.489 7.199 2.182 0.181
12 1306 0 1306 614.592 606.781 7.811 2.167 0.172
13 1362 0 1362 634.294 623.795 10.499 2.154 0.164
14 1362 0 1362 651.341 642.210 9.131 2.071 0.157
15 1529 0 1529 669.008 661.512 7.496 1.933 0.151
16 1529 0 1529 688.245 680.136 8.109 1.938 0.146
17 1651 0 1651 702.855 697.167 5.689 1.941 0.140
18 1651 0 1651 721.840 713.451 8.388 1.889 0.137
19 1651 0 1651 743.435 734.595 8.840 1.895 0.133
20 1651 0 1651 762.854 756.802 6.052 1.850 0.130
21 1651 0 1651 785.609 776.917 8.693 1.857 0.128
22 1651 0 1651 806.119 801.268 4.851 1.864 0.126
23 1815 0 1815 826.455 819.816 6.638 1.870 0.124
24 1815 0 1815 844.803 836.389 8.415 1.833 0.122
25 1815 0 1815 862.728 857.446 5.283 1.840 0.120
26 1815 0 1815 879.350 869.560 9.790 1.808 0.118
27 1815 0 1815 894.921 887.254 7.667 1.815 0.116
28 1815 0 1815 911.093 903.358 7.735 1.786 0.114
29 1886 0 1886 929.881 920.867 9.015 1.793 0.113
30 1886 0 1886 949.762 942.140 7.622 1.767 0.112
31 1886 0 1886 965.289 959.441 5.848 1.774 0.111
32 2110 0 2110 981.907 973.254 8.653 1.781 0.110
33 2110 0 2110 995.298 988.077 7.220 1.758 0.108
34 2110 0 2110 1008.061 1000.845 7.216 1.735 0.107
35 2128 0 2128 1023.911 1013.599 10.312 1.714 0.106
36 2128 0 2128 1040.392 1031.973 8.418 1.722 0.105
37 2148 0 2148 1055.529 1046.521 9.007 1.703 0.104
38 2148 0 2148 1068.997 1059.692 9.305 1.684 0.103
39 2148 0 2148 1080.048 1071.357 8.691 1.692 0.102
40 2148 0 2148 1093.007 1084.188 8.820 1.675 0.101
41 2148 0 2148 1105.036 1095.497 9.538 1.659 0.100
42 2148 0 2148 1116.690 1106.642 10.048 1.643 0.099
43 2148 0 2148 1128.147 1117.997 10.150 1.651 0.099
44 2148 0 2148 1137.312 1128.840 8.473 1.636 0.098
45 2148 0 2148 1146.721 1136.832 9.889 1.600 0.096
46 2148 0 2148 1156.781 1146.878 9.903 1.609 0.096
47 2148 0 2148 1166.433 1154.784 11.649 1.574 0.095
48 2148 0 2148 1176.023 1163.014 13.010 1.563 0.094
49 2148 0 2148 1184.700 1173.948 10.752 1.551 0.094
50 2148 0 2148 1193.240 1185.304 7.936 1.540 0.093
51 2148 0 2148 1201.636 1188.247 13.389 1.510 0.092
52 2148 0 2148 1208.348 1199.950 8.398 1.500 0.092
53 2200 0 2200 1214.877 1203.006 11.871 1.472 0.091
54 2200 0 2200 1220.651 1209.186 11.466 1.463 0.090
55 2200 0 2200 1225.660 1212.214 13.445 1.436 0.089
56 2200 0 2200 1231.797 1218.049 13.749 1.429 0.088
57 2200 0 2200 1235.737 1221.801 13.936 1.404 0.087
58 2200 0 2200 1240.265 1227.236 13.029 1.397 0.086
59 2200 0 2200 1244.514 1233.443 11.071 1.373 0.086
60 2200 0 2200 1248.101 1233.443 14.658 1.350 0.085
61 2200 0 2200 1264.127 1252.918 11.209 1.383 0.086
62 2200 0 2200 1280.223 1267.486 12.737 1.400 0.088
63 2200 0 2200 1295.499 1283.988 11.512 1.433 0.089
64 2200 0 2200 1309.167 1300.010 9.158 1.450 0.090
65 2200 0 2200 1324.438 1312.845 11.592 1.483 0.092
66 2200 0 2200 1337.304 1327.132 10.173 1.350 0.066
67 2200 0 2200 1349.564 1339.865 9.699 1.333 0.066
68 2200 0 2200 1358.182 1350.426 7.756 1.300 0.066
69 2200 0 2200 1366.068 1359.368 6.699 1.283 0.066
70 2200 0 2200 1372.895 1366.621 6.274 1.267 0.066
71 2200 0 2200 1379.667 1373.128 6.538 1.233 0.066
72 2200 0 2200 1384.300 1379.232 5.068 1.233 0.067
73 2200 0 2200 1387.836 1380.291 7.545 1.200 0.067
74 2200 0 2200 1389.896 1382.372 7.525 1.167 0.067
75 2200 0 2200 1389.271 1387.016 2.255 1.133 0.067
76 2200 0 2200 1387.871 1388.187 0.316 1.117 0.067
77 2200 0 2200 1383.956 1388.187 4.232 1.083 0.068
78 2200 0 2200 1381.071 1388.187 7.116 1.050 0.068
79 2200 0 2200 1378.576 1383.818 5.243 1.033 0.067
80 2200 0 2200 1374.542 1379.265 4.723 1.000 0.067
81 2200 0 2200 1370.504 1378.015 7.512 0.967 0.067
82 2200 0 2200 1362.492 1369.591 7.098 0.967 0.067
83 2200 0 2200 1353.749 1360.827 7.078 0.950 0.067
84 2200 0 2200 1344.150 1352.005 7.855 0.917 0.067
85 2200 0 2200 1332.457 1338.775 6.319 0.900 0.067
86 2200 0 2200 1320.786 1328.943 8.158 0.900 0.067
87 2200 0 2200 1304.987 1312.440 7.453 0.917 0.067
88 2200 0 2200 1292.071 1299.654 7.583 0.900 0.067
89 2200 0 2200 1274.501 1282.490 7.988 0.900 0.067
90 2200 0 2200 1257.212 1268.388 11.176 0.900 0.068
91 2200 0 2200 1237.941 1249.705 11.764 0.900 0.068
92 2200 0 2200 1218.524 1231.353 12.829 0.933 0.069
93 2200 0 2200 1200.116 1211.893 11.777 0.967 0.069
94 2200 0 2200 1177.021 1184.086 7.065 0.967 0.070
95 2200 0 2200 1156.859 1169.238 12.379 0.967 0.071
96 2200 0 2200 1136.039 1145.016 8.977 0.967 0.071
97 2200 0 2200 1107.465 1115.056 7.592 0.983 0.072
98 2200 0 2200 1082.513 1092.522 10.009 1.000 0.073
99 2200 0 2200 1058.889 1067.867 8.979 1.017 0.074
100 2200 0 2200 1035.416 1045.983 10.567 1.033 0.075
101 2200 0 2200 1009.226 1018.126 8.900 1.050 0.076
102 2200 0 2200 982.081 994.114 12.033 1.067 0.078
103 2200 0 2200 953.115 961.482 8.367 1.117 0.079
104 2200 0 2200 928.165 935.329 7.164 1.133 0.080
105 2200 0 2200 904.088 913.243 9.155 1.150 0.081
106 2200 0 2200 873.725 882.841 9.116 1.183 0.083
107 2200 0 2200 846.094 854.881 8.786 1.217 0.084
108 2200 0 2200 817.291 824.897 7.606 1.250 0.085
109 2200 0 2200 791.725 800.397 8.673 1.267 0.086
110 2200 0 2200 764.634 772.976 8.342 1.283 0.088
111 2200 0 2200 736.272 747.857 11.585 1.317 0.089
112 2200 0 2200 707.731 716.251 8.519 1.350 0.091
113 2190 0 2190 679.893 686.699 6.806 1.400 0.092
114 2190 0 2190 653.005 664.663 11.658 1.417 0.094
115 2190 0 2190 626.772 636.222 9.450 1.467 0.096
116 2190 0 2190 598.036 605.756 7.719 1.500 0.097
117 2190 0 2190 575.167 585.997 10.829 1.533 0.099
118 2190 0 2190 550.248 557.017 6.770 1.550 0.100
119 2190 0 2190 523.959 534.405 10.446 1.583 0.102
120 2190 0 2190 498.497 510.991 12.495 1.600 0.104
121 2190 0 2190 473.754 482.126 8.372 1.617 0.105
122 2190 0 2190 449.956 459.633 9.677 1.633 0.105
123 2190 0 2190 424.741 435.284 10.543 1.650 0.106
124 2190 0 2190 401.416 410.340 8.925 1.667 0.107
125 2190 0 2190 380.934 390.160 9.226 1.683 0.107
126 2029 0 2029 356.802 366.009 9.207 1.717 0.108
127 2029 0 2029 333.147 341.890 8.743 1.733 0.109
128 2029 0 2029 314.344 324.048 9.704 1.733 0.109
129 2029 0 2029 293.739 306.292 12.554 1.750 0.110
130 1688 0 1688 274.443 285.310 10.867 1.767 0.110
131 1688 0 1688 255.623 269.484 13.860 1.783 0.111
132 1688 0 1688 237.364 250.193 12.829 1.800 0.111
133 1688 0 1688 220.146 231.763 11.617 1.833 0.111
134 1688 0 1688 205.890 214.763 8.874 1.867 0.112
135 1688 0 1688 188.620 198.173 9.553 1.867 0.112
136 1688 0 1688 171.313 181.431 10.118 1.900 0.112
137 1688 0 1688 154.789 166.007 11.218 1.917 0.113
138 1688 0 1688 139.125 148.068 8.943 1.950 0.113
139 1688 0 1688 128.136 138.411 10.275 1.967 0.113
140 1688 0 1688 116.705 128.199 11.494 1.967 0.113
141 1469 0 1469 105.925 118.801 12.876 1.983 0.113
142 1469 0 1469 93.734 105.700 11.966 1.983 0.113
143 1469 0 1469 82.589 95.931 13.342 1.983 0.113
144 1122 0 1122 73.229 84.594 11.365 1.983 0.113
145 901 0 901 63.839 73.556 9.718 1.983 0.113
146 901 0 901 55.591 68.970 13.379 1.967 0.113
147 787 0 787 45.579 56.900 11.321 1.950 0.113
148 786 0 786 38.800 49.620 10.820 1.950 0.112
149 786 0 786 31.388 42.212 10.824 1.933 0.112
150 786 0 786 25.492 38.670 13.178 1.917 0.111
151 786 0 786 19.870 28.939 9.069 1.900 0.110
152 786 0 786 15.244 28.939 13.695 1.883 0.109
153 786 0 786 11.741 27.756 16.016 1.850 0.108
154 629 0 629 7.689 19.125 11.436 1.817 0.107
155 629 0 629 5.514 18.083 12.569 1.800 0.105
156 596 0 596 4.098 18.083 13.985 1.750 0.104
157 596 0 596 2.573 16.647 14.074 1.700 0.102
158 596 0 596 1.657 16.647 14.990 1.667 0.100
159 596 0 596 1.185 14.657 13.472 1.633 0.098
160 596 0 596 0.871 14.655 13.783 1.600 0.096
161 334 0 334 0.505 11.712 11.207 1.567 0.094
162 230 0 230 0.316 11.712 11.396 1.533 0.092
163 230 0 230 0.223 11.714 11.491 1.483 0.089
164 230 0 230 0.195 11.714 11.519 1.433 0.087
165 230 0 230 0.171 11.714 11.544 1.417 0.085
166 230 0 230 0.199 11.712 11.513 1.367 0.083
167 230 0 230 0.256 11.712 11.456 1.317 0.080
168 273 0 273 0.341 11.710 11.369 1.283 0.078
169 273 0 273 0.516 11.710 11.194 1.233 0.076
170 721 0 721 0.949 11.711 10.763 1.183 0.073
171 721 0 721 1.210 10.161 8.951 1.150 0.071
172 721 0 721 1.818 10.161 8.343 1.100 0.068
173 721 0 721 2.677 10.161 7.484 1.067 0.066
174 721 0 721 3.482 10.161 6.679 1.033 0.064
175 721 0 721 5.866 10.196 4.330 0.983 0.062
176 763 0 763 9.089 10.211 1.122 0.933 0.060
177 763 0 763 12.655 10.211 2.444 0.900 0.058
178 763 0 763 16.457 10.213 6.243 0.867 0.056
179 1042 0 1042 20.917 11.825 9.091 0.850 0.055
180 1042 0 1042 26.513 11.827 14.686 0.800 0.053
181 1042 0 1042 32.116 21.072 11.044 0.767 0.052
182 1042 0 1042 38.563 28.896 9.667 0.750 0.051
183 1042 0 1042 46.089 33.926 12.164 0.750 0.049
184 1042 0 1042 54.711 43.144 11.567 0.717 0.048
185 1409 0 1409 63.870 49.945 13.926 0.700 0.047
186 1409 0 1409 72.662 60.881 11.781 0.683 0.046
187 1409 0 1409 83.261 73.567 9.694 0.667 0.045
188 1409 0 1409 93.600 81.399 12.201 0.650 0.045
189 1437 0 1437 104.641 91.255 13.386 0.650 0.044
190 1437 0 1437 116.844 104.841 12.004 0.633 0.044
191 1437 0 1437 131.094 117.760 13.334 0.617 0.043
192 1437 0 1437 145.665 130.459 15.206 0.633 0.043
193 1437 0 1437 161.958 148.666 13.292 0.650 0.043
194 1437 0 1437 176.702 163.033 13.669 0.633 0.043
195 1437 0 1437 190.730 179.015 11.715 0.650 0.043
196 1467 0 1467 208.563 194.584 13.979 0.633 0.043
197 1467 0 1467 224.091 214.339 9.752 0.650 0.043
198 1467 0 1467 240.945 227.912 13.033 0.650 0.043
199 1658 0 1658 257.554 244.590 12.964 0.683 0.043
200 1658 0 1658 279.475 263.783 15.692 0.683 0.044
201 1658 0 1658 299.059 287.613 11.445 0.683 0.045
202 1658 0 1658 319.179 309.165 10.014 0.683 0.045
203 1658 0 1658 344.434 334.592 9.843 0.733 0.047
204 1724 0 1724 362.645 353.944 8.701 0.717 0.047
205 1724 0 1724 382.841 374.158 8.683 0.717 0.048
206 1724 0 1724 403.337 396.226 7.111 0.733 0.049
207 1752 0 1752 423.414 411.629 11.785 0.767 0.050
208 1752 0 1752 443.968 433.380 10.588 0.767 0.050
209 1808 0 1808 467.767 459.748 8.019 0.817 0.052
210 1818 0 1818 490.108 479.892 10.217 0.817 0.053
211 1818 0 1818 511.227 500.585 10.642 0.833 0.054
212 1986 0 1986 535.509 528.296 7.212 0.867 0.055
213 1987 0 1987 564.314 555.758 8.556 0.900 0.057
214 1987 0 1987 584.177 575.439 8.738 0.900 0.058
215 1987 0 1987 608.148 599.421 8.728 0.933 0.060
216 2023 0 2023 631.813 621.481 10.332 0.967 0.062
217 2023 0 2023 653.466 644.067 9.399 1.017 0.063
218 2253 0 2253 677.485 669.501 7.984 1.050 0.065
219 2253 0 2253 703.334 693.349 9.986 1.083 0.067
220 2253 0 2253 729.675 721.525 8.151 1.133 0.070
221 2253 0 2253 761.649 753.548 8.100 1.167 0.072
222 2253 0 2253 791.994 783.285 8.709 1.217 0.075
223 2325 0 2325 818.875 811.401 7.474 1.267 0.077
224 2325 0 2325 848.752 837.930 10.822 1.317 0.079
225 2325 0 2325 873.534 865.563 7.972 1.367 0.081
226 2325 0 2325 901.717 892.037 9.680 1.400 0.084
227 2325 0 2325 929.676 920.365 9.311 1.433 0.086
228 2325 0 2325 956.407 946.177 10.230 1.483 0.088
229 2325 0 2325 984.920 975.144 9.775 1.517 0.090
230 2325 0 2325 1012.578 1000.289 12.289 1.567 0.093
231 2325 0 2325 1038.108 1026.924 11.184 1.600 0.095
232 2325 0 2325 1064.736 1055.129 9.608 1.633 0.097
233 2325 0 2325 1090.474 1080.487 9.987 1.683 0.099
234 2325 0 2325 1113.737 1102.434 11.302 1.717 0.101
235 2325 0 2325 1137.869 1128.775 9.093 1.750 0.102
236 2325 0 2325 1164.250 1155.031 9.219 1.783 0.104
237 2325 0 2325 1187.518 1180.617 6.901 1.833 0.106
238 2325 0 2325 1207.621 1196.676 10.945 1.850 0.107
239 2325 0 2325 1227.581 1217.900 9.681 1.883 0.108
240 2325 0 2325 1248.137 1237.031 11.105 1.917 0.109
241 2325 0 2325 1265.163 1253.236 11.927 1.933 0.110
242 2325 0 2325 1280.524 1268.080 12.444 1.933 0.110
243 2325 0 2325 1295.530 1283.808 11.722 1.950 0.111
244 2325 0 2325 1311.064 1301.082 9.982 1.967 0.111
245 2325 0 2325 1323.440 1313.712 9.728 1.967 0.111
246 2325 0 2325 1333.941 1323.048 10.893 1.967 0.111
247 2325 0 2325 1344.155 1333.760 10.395 1.967 0.111
248 2325 0 2325 1352.466 1344.340 8.126 1.967 0.111
249 2325 0 2325 1359.145 1351.781 7.364 1.967 0.111
250 2325 0 2325 1365.606 1360.118 5.488 1.950 0.111
251 2325 0 2325 1371.731 1364.677 7.054 1.950 0.111
252 2325 0 2325 1376.059 1369.570 6.489 1.933 0.111
253 2325 0 2325 1379.711 1374.095 5.616 1.900 0.111
254 2325 0 2325 1380.835 1376.880 3.955 1.900 0.111
255 2325 0 2325 1380.749 1376.880 3.869 1.867 0.111
256 2325 0 2325 1380.176 1376.880 3.296 1.850 0.110
257 2325 0 2325 1378.306 1375.808 2.498 1.817 0.110
258 2325 0 2325 1374.813 1375.808 0.995 1.800 0.109
259 2325 0 2325 1369.997 1375.808 5.811 1.767 0.109
260 2325 0 2325 1365.961 1373.905 7.944 1.750 0.108
261 2325 0 2325 1358.966 1364.634 5.668 1.733 0.108
262 2325 0 2325 1349.131 1359.321 10.189 1.700 0.107
263 2325 0 2325 1341.625 1351.092 9.467 1.683 0.106
264 2325 0 2325 1331.722 1341.135 9.413 1.667 0.105
265 2325 0 2325 1319.415 1326.263 6.848 1.650 0.105
266 2325 0 2325 1306.770 1314.223 7.452 1.633 0.104
267 2325 0 2325 1292.871 1300.630 7.759 1.633 0.103
268 2325 0 2325 1279.847 1289.958 10.111 1.617 0.103
269 2325 0 2325 1264.523 1275.649 11.127 1.600 0.102
270 2325 0 2325 1247.286 1259.223 11.938 1.600 0.102
271 2325 0 2325 1226.906 1241.187 14.281 1.600 0.102
272 2325 0 2325 1208.019 1220.000 11.981 1.583 0.101
273 2325 0 2325 1186.794 1196.307 9.513 1.583 0.101
274 2325 0 2325 1167.648 1178.457 10.809 1.583 0.100
275 2325 0 2325 1145.464 1155.040 9.576 1.567 0.100
276 2325 0 2325 1121.517 1133.260 11.743 1.567 0.100
277 2325 0 2325 1098.324 1109.582 11.258 1.583 0.100
278 2325 0 2325 1075.135 1087.362 12.227 1.567 0.100
279 2325 0 2325 1050.747 1061.349 10.602 1.583 0.100
280 2325 0 2325 1027.419 1037.519 10.100 1.567 0.099
281 2325 0 2325 998.880 1009.637 10.757 1.567 0.099
282 2325 0 2325 970.718 978.536 7.818 1.567 0.099
283 2174 0 2174 942.239 950.663 8.424 1.550 0.099
284 2174 0 2174 911.616 920.713 9.097 1.567 0.099
285 2174 0 2174 886.148 896.154 10.006 1.550 0.099
286 2174 0 2174 860.172 871.294 11.122 1.567 0.099
287 2174 0 2174 836.337 845.838 9.501 1.567 0.099
288 2174 0 2174 810.914 817.939 7.026 1.583 0.099
289 2174 0 2174 786.070 797.405 11.334 1.567 0.099
290 2174 0 2174 757.964 763.414 5.449 1.583 0.099
291 2174 0 2174 730.891 739.504 8.613 1.583 0.099
292 2071 0 2071 705.784 715.065 9.281 1.567 0.099
293 2071 0 2071 679.955 691.040 11.085 1.567 0.099
294 1937 0 1937 653.951 662.629 8.678 1.583 0.100
295 1937 0 1937 630.810 640.213 9.403 1.583 0.100
296 1937 0 1937 607.256 615.393 8.138 1.583 0.100
297 1937 0 1937 582.125 589.523 7.399 1.567 0.100
298 1937 0 1937 557.697 569.015 11.317 1.567 0.101
299 1893 0 1893 531.981 543.886 11.905 1.583 0.101
300 1893 0 1893 506.619 514.345 7.726 1.600 0.102
301 1893 0 1893 480.611 490.864 10.253 1.600 0.102
302 1893 0 1893 454.008 464.577 10.569 1.633 0.103
303 1893 0 1893 433.542 442.375 8.833 1.633 0.104
304 1893 0 1893 409.281 422.415 13.133 1.633 0.105
305 1893 0 1893 388.075 400.258 12.183 1.650 0.105
306 1893 0 1893 365.265 376.521 11.256 1.667 0.106
307 1893 0 1893 344.528 354.323 9.796 1.683 0.107
308 1893 0 1893 323.308 333.005 9.697 1.717 0.108
309 1893 0 1893 301.982 312.958 10.976 1.717 0.108
310 1893 0 1893 283.149 294.270 11.122 1.750 0.109
311 1893 0 1893 263.352 274.068 10.717 1.767 0.109
312 1893 0 1893 243.315 253.456 10.141 1.800 0.110
313 1470 0 1470 224.259 233.394 9.135 1.833 0.110
314 1470 0 1470 205.140 215.741 10.601 1.850 0.110
315 1395 0 1395 190.420 200.800 10.380 1.867 0.111
316 1326 0 1326 173.964 186.004 12.040 1.883 0.111
317 1326 0 1326 160.552 173.060 12.509 1.900 0.111
318 1173 0 1173 146.005 160.259 14.254 1.917 0.111
319 1173 0 1173 132.122 142.706 10.584 1.950 0.111
320 1141 0 1141 119.782 132.171 12.389 1.967 0.111
321 1090 0 1090 107.055 117.602 10.547 1.967 0.112
322 1090 0 1090 93.865 105.602 11.737 1.983 0.112
323 1078 0 1078 83.487 95.571 12.084 1.967 0.112
324 995 0 995 73.660 81.555 7.895 1.983 0.112
325 995 0 995 63.279 77.810 14.531 1.967 0.111
326 968 0 968 54.225 66.550 12.325 1.967 0.111
327 968 0 968 45.608 57.062 11.454 1.950 0.111
328 968 0 968 38.597 51.095 12.498 1.950 0.111
329 968 0 968 32.258 44.236 11.978 1.933 0.110
330 819 0 819 25.994 38.647 12.653 1.917 0.110
331 819 0 819 20.042 29.449 9.407 1.900 0.109
332 619 0 619 15.211 27.340 12.129 1.867 0.108
333 618 0 618 11.202 21.424 10.221 1.833 0.106
334 618 0 618 8.150 21.402 13.252 1.800 0.105
335 513 0 513 5.808 16.400 10.593 1.783 0.104
336 513 0 513 3.611 16.395 12.784 1.750 0.102
337 504 0 504 2.493 14.796 12.303 1.700 0.101
338 504 0 504 1.813 13.701 11.889 1.667 0.099
339 326 0 326 1.359 13.701 12.342 1.633 0.097
340 318 0 318 0.863 13.701 12.838 1.583 0.095
341 318 0 318 0.697 13.699 13.002 1.550 0.093
342 305 0 305 0.507 13.699 13.192 1.500 0.090
343 305 0 305 0.468 13.699 13.231 1.467 0.088
344 305 0 305 0.418 13.697 13.279 1.417 0.085
345 305 0 305 0.329 13.697 13.368 1.367 0.083
346 312 0 312 0.371 13.678 13.307 1.333 0.081
347 331 0 331 0.416 13.678 13.262 1.300 0.079
348 331 0 331 0.422 13.678 13.256 1.250 0.077
349 331 0 331 0.551 13.680 13.129 1.217 0.075
350 352 0 352 0.782 13.680 12.899 1.200 0.073
351 472 0 472 1.247 13.683 12.435 1.133 0.070
352 472 0 472 1.596 13.685 12.089 1.100 0.068
353 472 0 472 2.505 13.685 11.180 1.067 0.066
354 569 0 569 3.492 13.685 10.193 1.017 0.064
355 570 0 570 5.361 13.685 8.324 1.000 0.062
356 570 0 570 7.685 13.690 6.006 0.967 0.060
357 610 0 610 11.328 13.690 2.362 0.917 0.058
358 812 0 812 15.240 13.761 1.480 0.883 0.056
359 812 0 812 21.918 13.761 8.157 0.850 0.055
360 860 0 860 27.297 13.761 13.537 0.817 0.054
361 860 0 860 33.927 21.710 12.218 0.817 0.052
362 860 0 860 41.556 29.047 12.509 0.783 0.051
363 860 0 860 48.608 33.517 15.091 0.800 0.050
364 860 0 860 57.729 46.799 10.930 0.750 0.049
365 995 0 995 67.320 57.594 9.726 0.733 0.048
366 1045 0 1045 76.344 60.962 15.382 0.733 0.047
367 1045 0 1045 87.111 75.351 11.759 0.733 0.046
368 1163 0 1163 97.776 86.428 11.349 0.733 0.046
369 1207 0 1207 109.301 98.218 11.084 0.717 0.045
370 1207 0 1207 123.233 109.949 13.284 0.667 0.045
371 1207 0 1207 135.971 124.899 11.072 0.650 0.044
372 1399 0 1399 153.623 141.494 12.129 0.650 0.044
373 1399 0 1399 167.331 154.259 13.072 0.633 0.044
374 1602 0 1602 183.705 173.145 10.559 0.617 0.044
375 1602 0 1602 197.940 189.048 8.893 0.600 0.044
376 1602 0 1602 213.736 200.322 13.413 0.600 0.044
377 1646 0 1646 230.664 220.048 10.616 0.617 0.044
378 1704 0 1704 247.945 235.948 11.997 0.633 0.044
379 1704 0 1704 267.634 256.448 11.186 0.633 0.045
380 1704 0 1704 287.395 278.384 9.012 0.617 0.045
381 1704 0 1704 306.341 295.777 10.564 0.617 0.046
382 2209 0 2209 325.704 314.195 11.509 0.633 0.046
383 2209 0 2209 346.858 336.279 10.578 0.667 0.047
384 2209 0 2209 369.844 356.507 13.337 0.667 0.048
385 2209 0 2209 391.546 382.585 8.961 0.700 0.049
386 2209 0 2209 411.641 399.913 11.728 0.700 0.050
387 2209 0 2209 433.541 423.146 10.394 0.717 0.051
388 2209 0 2209 456.168 447.381 8.787 0.750 0.052
389 2209 0 2209 479.620 469.947 9.673 0.767 0.053
390 2209 0 2209 502.549 493.303 9.246 0.800 0.055
391 2209 0 2209 526.356 519.949 6.407 0.833 0.056
392 2209 0 2209 549.249 539.968 9.281 0.867 0.057
393 2209 0 2209 571.590 560.219 11.371 0.917 0.058
394 2209 0 2209 595.737 587.217 8.520 0.933 0.060
395 2209 0 2209 619.107 611.612 7.495 0.967 0.061
396 2209 0 2209 643.729 634.480 9.249 0.983 0.063
397 2209 0 2209 672.222 664.978 7.245 1.033 0.066
398 2209 0 2209 697.870 688.071 9.799 1.050 0.068
399 2209 0 2209 724.368 715.148 9.220 1.100 0.070
400 2209 0 2209 751.342 743.207 8.135 1.133 0.072
401 2209 0 2209 777.848 770.891 6.957 1.183 0.074
402 2209 0 2209 802.277 797.660 4.616 1.233 0.076
403 2209 0 2209 828.850 821.299 7.551 1.267 0.078
404 2209 0 2209 854.982 844.879 10.103 1.300 0.081
405 2209 0 2209 879.960 872.883 7.077 1.350 0.083
406 2209 0 2209 906.787 899.397 7.389 1.383 0.085
407 2209 0 2209 934.030 925.612 8.418 1.433 0.087
408 2209 0 2209 958.428 951.283 7.145 1.483 0.089
409 2209 0 2209 982.294 973.038 9.256 1.517 0.091
410 2209 0 2209 1009.967 1000.270 9.696 1.550 0.093
411 2209 0 2209 1036.064 1029.653 6.411 1.600 0.095
412 2209 0 2209 1060.241 1052.166 8.076 1.633 0.097
413 2209 0 2209 1086.697 1076.508 10.189 1.667 0.099
414 2209 0 2209 1109.752 1100.312 9.440 1.700 0.101
415 2209 0 2209 1133.936 1125.078 8.859 1.750 0.103
416 2209 0 2209 1157.021 1144.607 12.414 1.783 0.105
417 2209 0 2209 1179.330 1168.896 10.434 1.817 0.107
418 2209 0 2209 1199.111 1185.350 13.761 1.850 0.108
419 2209 0 2209 1224.646 1213.515 11.130 1.883 0.109
420 2209 0 2209 1241.923 1231.734 10.189 1.900 0.110
421 2209 0 2209 1260.250 1249.865 10.385 1.917 0.111
422 2209 0 2209 1278.484 1266.361 12.123 1.933 0.111
423 2209 0 2209 1293.322 1283.568 9.753 1.950 0.112
424 2209 0 2209 1308.773 1299.354 9.418 1.950 0.112
425 2209 0 2209 1322.498 1314.944 7.553 1.950 0.112
426 2209 0 2209 1333.287 1322.979 10.308 1.967 0.112
427 2209 0 2209 1344.148 1337.909 6.239 1.983 0.112
428 2209 0 2209 1352.560 1344.115 8.445 1.967 0.112
429 2209 0 2209 1360.463 1354.436 6.027 1.967 0.112
430 2209 0 2209 1368.660 1360.741 7.919 1.950 0.112
431 2209 0 2209 1374.583 1369.286 5.297 1.933 0.112
432 2209 0 2209 1381.923 1377.201 4.723 1.917 0.112
433 2209 0 2209 1384.875 1378.278 6.597 1.900 0.112
434 2209 0 2209 1386.952 1382.324 4.628 1.883 0.111
435 2209 0 2209 1387.415 1385.237 2.178 1.867 0.111
436 2209 0 2209 1386.980 1385.237 1.743 1.850 0.111
437 2209 0 2209 1384.760 1385.237 0.477 1.817 0.111
438 2209 0 2209 1382.108 1384.101 1.992 1.783 0.110
439 2209 0 2209 1378.356 1382.384 4.028 1.750 0.110
440 2209 0 2209 1372.482 1379.343 6.861 1.733 0.109
441 2209 0 2209 1365.038 1371.404 6.366 1.717 0.109
442 2172 0 2172 1356.486 1361.985 5.499 1.700 0.108
443 2172 0 2172 1346.361 1350.716 4.356 1.683 0.107
444 2172 0 2172 1334.605 1344.616 10.011 1.667 0.107
445 2172 0 2172 1321.315 1329.841 8.525 1.667 0.106
446 2172 0 2172 1308.289 1318.690 10.402 1.650 0.105
447 2172 0 2172 1294.336 1301.114 6.778 1.633 0.104
448 2172 0 2172 1280.367 1289.397 9.031 1.617 0.104
449 2172 0 2172 1261.135 1271.329 10.194 1.600 0.103
450 2172 0 2172 1243.873 1255.992 12.119 1.600 0.102
451 2172 0 2172 1227.836 1238.393 10.557 1.600 0.102
452 2172 0 2172 1205.451 1216.692 11.241 1.583 0.102
453 2172 0 2172 1183.538 1193.021 9.483 1.583 0.101
454 2172 0 2172 1162.160 1173.244 11.085 1.583 0.101
455 2172 0 2172 1143.416 1154.322 10.907 1.567 0.101
456 2172 0 2172 1122.837 1135.169 12.332 1.550 0.100
457 2172 0 2172 1096.576 1103.121 6.544 1.567 0.100
458 2172 0 2172 1073.746 1081.244 7.498 1.550 0.100
459 2172 0 2172 1048.288 1058.651 10.363 1.567 0.100
460 2172 0 2172 1021.418 1030.455 9.037 1.567 0.099
461 2156 0 2156 997.184 1007.500 10.317 1.550 0.099
462 2149 0 2149 972.243 981.354 9.111 1.550 0.099
463 2149 0 2149 946.527 956.531 10.004 1.550 0.099
464 2149 0 2149 918.930 929.097 10.167 1.550 0.099
465 2149 0 2149 894.376 901.840 7.465 1.567 0.099
466 2149 0 2149 866.980 876.156 9.176 1.550 0.099
467 2149 0 2149 837.178 847.825 10.647 1.567 0.100
468 2054 0 2054 813.544 821.568 8.024 1.583 0.100
469 2054 0 2054 786.725 792.805 6.081 1.583 0.100
470 2054 0 2054 760.700 770.030 9.331 1.600 0.100
471 2054 0 2054 734.362 744.084 9.722 1.583 0.100
472 2054 0 2054 709.883 718.825 8.942 1.583 0.100
473 2054 0 2054 680.634 690.318 9.684 1.583 0.100
474 2054 0 2054 654.989 665.046 10.057 1.583 0.101
475 2054 0 2054 626.870 637.182 10.313 1.600 0.101
476 2054 0 2054 601.923 611.576 9.653 1.617 0.101
477 2054 0 2054 575.538 585.227 9.689 1.600 0.101
478 2054 0 2054 552.479 562.441 9.962 1.600 0.102
479 2021 0 2021 528.447 540.295 11.848 1.600 0.102
480 2021 0 2021 506.387 516.355 9.967 1.617 0.102
481 2021 0 2021 479.771 487.929 8.157 1.650 0.103
482 1824 0 1824 457.556 464.100 6.544 1.650 0.103
483 1824 0 1824 432.593 440.375 7.781 1.667 0.104
484 1824 0 1824 409.495 421.224 11.729 1.667 0.105
485 1789 0 1789 388.508 398.832 10.325 1.700 0.105
486 1705 0 1705 366.368 375.449 9.080 1.717 0.106
487 1705 0 1705 345.920 353.578 7.659 1.700 0.106
488 1705 0 1705 324.587 332.675 8.088 1.733 0.107
489 1680 0 1680 302.724 311.177 8.453 1.767 0.108
490 1680 0 1680 281.989 292.012 10.023 1.783 0.108
491 1680 0 1680 265.362 275.172 9.811 1.800 0.109
492 1656 0 1656 247.820 258.431 10.611 1.817 0.109
493 1656 0 1656 231.754 243.251 11.496 1.833 0.109
494 1656 0 1656 213.800 223.278 9.477 1.850 0.110
495 1656 0 1656 198.271 208.987 10.717 1.867 0.110
496 1656 0 1656 183.811 195.634 11.823 1.883 0.110
497 1656 0 1656 167.494 179.660 12.166 1.900 0.110
498 1656 0 1656 153.997 165.851 11.855 1.917 0.110
499 1449 0 1449 140.112 153.857 13.745 1.933 0.110
500 1420 0 1420 126.098 137.476 11.378 1.967 0.111
501 1420 0 1420 113.271 126.265 12.994 1.967 0.111
502 1344 0 1344 100.889 115.156 14.267 1.967 0.111
503 1123 0 1123 88.265 102.423 14.157 1.967 0.111
504 1028 0 1028 75.962 87.691 11.729 1.983 0.111
505 1028 0 1028 65.107 76.922 11.815 1.967 0.111
506 964 0 964 55.888 66.217 10.329 1.983 0.111
507 964 0 964 47.124 58.637 11.513 1.967 0.110
508 964 0 964 39.499 51.830 12.331 1.950 0.110
509 964 0 964 31.268 44.593 13.325 1.933 0.109
510 941 0 941 25.213 35.331 10.118 1.933 0.109
511 941 0 941 20.592 35.331 14.739 1.900 0.108
512 941 0 941 14.957 23.608 8.651 1.883 0.107
513 941 0 941 10.695 23.608 12.913 1.850 0.106
514 520 0 520 7.193 20.388 13.195 1.833 0.105
515 506 0 506 5.099 15.670 10.571 1.817 0.103
516 506 0 506 3.609 14.769 11.160 1.783 0.102
517 506 0 506 2.182 14.769 12.588 1.733 0.100
518 506 0 506 1.417 12.703 11.286 1.700 0.098
519 506 0 506 1.030 12.701 11.671 1.667 0.096
520 506 0 506 0.794 12.699 11.905 1.617 0.094
521 506 0 506 0.707 12.701 11.994 1.583 0.092
522 446 0 446 0.482 12.701 12.219 1.533 0.090
523 446 0 446 0.421 12.703 12.282 1.500 0.088
524 238 0 238 0.320 12.703 12.383 1.467 0.086
525 238 0 238 0.392 12.703 12.310 1.417 0.083
526 238 0 238 0.319 12.703 12.384 1.383 0.081
527 238 0 238 0.320 12.703 12.383 1.333 0.079
528 213 0 213 0.346 12.703 12.357 1.283 0.077
529 384 0 384 0.513 12.703 12.190 1.233 0.074
530 384 0 384 0.736 12.703 11.967 1.200 0.072
531 384 0 384 1.184 12.703 11.519 1.167 0.070
532 384 0 384 1.719 12.703 10.984 1.133 0.068
533 463 0 463 2.608 12.703 10.095 1.083 0.066
534 740 0 740 3.785 12.703 8.918 1.050 0.064
535 740 0 740 5.517 12.703 7.185 1.017 0.061
536 740 0 740 8.339 12.703 4.364 0.967 0.059
537 740 0 740 11.770 12.703 0.933 0.933 0.058
538 740 0 740 15.547 12.703 2.844 0.900 0.056
539 740 0 740 20.764 12.800 7.964 0.850 0.054
540 819 0 819 25.879 15.487 10.392 0.817 0.053
541 819 0 819 31.575 21.765 9.810 0.800 0.052
542 819 0 819 37.509 27.681 9.828 0.783 0.051
543 880 0 880 45.124 33.825 11.299 0.717 0.050
544 1026 0 1026 53.808 42.299 11.508 0.717 0.048
545 1026 0 1026 62.881 51.090 11.791 0.700 0.048
546 1069 0 1069 74.220 62.923 11.297 0.683 0.047
547 1069 0 1069 84.162 72.903 11.259 0.683 0.046
548 1276 0 1276 98.262 85.741 12.522 0.650 0.046
549 1276 0 1276 108.930 98.020 10.911 0.633 0.045
550 1276 0 1276 120.288 106.337 13.952 0.617 0.044
551 1356 0 1356 134.023 119.788 14.235 0.600 0.044
552 1640 0 1640 147.779 135.087 12.691 0.600 0.044
553 1640 0 1640 161.612 148.927 12.685 0.583 0.044
554 1640 0 1640 177.188 167.280 9.908 0.583 0.044
555 1640 0 1640 191.447 178.394 13.053 0.600 0.043
556 1640 0 1640 207.427 196.040 11.387 0.600 0.044
557 1640 0 1640 224.552 214.139 10.413 0.600 0.044
558 1640 0 1640 242.830 232.676 10.154 0.633 0.044
559 1640 0 1640 259.607 248.250 11.357 0.650 0.045
560 1640 0 1640 280.681 270.005 10.676 0.650 0.045
561 1640 0 1640 301.298 287.253 14.045 0.683 0.045
562 1640 0 1640 318.930 308.664 10.266 0.683 0.046
563 1674 0 1674 336.829 324.713 12.116 0.683 0.046
564 1674 0 1674 355.991 346.465 9.526 0.683 0.047
565 1818 0 1818 379.861 369.627 10.234 0.717 0.048
566 1866 0 1866 402.774 390.962 11.812 0.733 0.049
567 1866 0 1866 425.460 415.519 9.941 0.733 0.050
568 2042 0 2042 448.490 438.433 10.057 0.750 0.051
569 2042 0 2042 473.055 462.021 11.034 0.800 0.052
570 2042 0 2042 497.606 485.115 12.491 0.817 0.053
571 2042 0 2042 522.536 514.464 8.073 0.850 0.055
572 2526 0 2526 549.523 540.270 9.253 0.883 0.056
573 2526 0 2526 576.743 568.666 8.077 0.917 0.058
574 2526 0 2526 601.193 591.728 9.465 0.967 0.059
575 2526 0 2526 626.652 616.539 10.113 1.000 0.061
576 2526 0 2526 650.355 642.387 7.968 1.033 0.063
577 2526 0 2526 679.008 668.798 10.211 1.083 0.065
578 2526 0 2526 708.525 700.810 7.716 1.117 0.068
579 2526 0 2526 733.637 725.923 7.714 1.150 0.070
580 2526 0 2526 759.197 746.638 12.559 1.183 0.072
581 2526 0 2526 783.408 776.083 7.325 1.217 0.074
582 2526 0 2526 808.054 799.319 8.735 1.267 0.076
583 2526 0 2526 836.002 827.650 8.352 1.317 0.078
584 2526 0 2526 862.754 855.182 7.572 1.350 0.081
585 2526 0 2526 890.016 880.682 9.333 1.383 0.083
586 2526 0 2526 915.947 907.676 8.272 1.417 0.085
587 2526 0 2526 944.019 935.819 8.200 1.450 0.088
588 2526 0 2526 968.516 959.303 9.213 1.483 0.090
589 2526 0 2526 993.010 982.357 10.654 1.517 0.092
590 2526 0 2526 1017.412 1008.708 8.703 1.567 0.094
591 2526 0 2526 1044.654 1037.206 7.448 1.600 0.096
592 2526 0 2526 1071.064 1060.677 10.387 1.633 0.098
593 2526 0 2526 1096.762 1086.486 10.276 1.667 0.100
594 2526 0 2526 1120.395 1114.009 6.386 1.717 0.102
595 2526 0 2526 1144.831 1135.196 9.635 1.750 0.104
596 2526 0 2526 1168.483 1157.751 10.733 1.783 0.106
597 2526 0 2526 1188.665 1177.662 11.003 1.800 0.107
598 2526 0 2526 1209.063 1197.464 11.599 1.833 0.108
599 2526 0 2526 1229.210 1220.155 9.055 1.867 0.109
600 2526 0 2526 1247.704 1235.745 11.959 1.900 0.110
601 2526 0 2526 1264.672 1254.152 10.520 1.917 0.111
602 2526 0 2526 1279.610 1266.415 13.195 1.933 0.111
603 2526 0 2526 1294.350 1283.203 11.147 1.950 0.111
604 2526 0 2526 1309.021 1300.552 8.469 1.950 0.112
605 2526 0 2526 1321.691 1311.683 10.009 1.967 0.112
606 2526 0 2526 1335.029 1324.652 10.377 1.967 0.112
607 2526 0 2526 1344.940 1337.457 7.483 1.983 0.112
608 2526 0 2526 1356.886 1348.549 8.338 1.967 0.112
609 2526 0 2526 1364.231 1359.787 4.444 1.967 0.112
610 2526 0 2526 1370.938 1363.783 7.155 1.950 0.112
611 2526 0 2526 1377.299 1370.765 6.534 1.967 0.112
612 2526 0 2526 1380.330 1376.008 4.323 1.933 0.112
613 2526 0 2526 1383.496 1379.142 4.354 1.917 0.112
614 2526 0 2526 1385.554 1380.853 4.701 1.900 0.112
615 2526 0 2526 1386.349 1381.940 4.410 1.883 0.111
616 2526 0 2526 1386.070 1384.648 1.422 1.867 0.111
617 2526 0 2526 1384.793 1384.648 0.145 1.833 0.111
618 2526 0 2526 1381.816 1384.553 2.736 1.800 0.110
619 2526 0 2526 1377.680 1382.762 5.082 1.800 0.110
620 2526 0 2526 1372.225 1379.696 7.471 1.750 0.109
621 2526 0 2526 1365.548 1374.076 8.529 1.750 0.108
622 2526 0 2526 1358.354 1362.749 4.395 1.717 0.108
623 2526 0 2526 1348.951 1356.900 7.949 1.717 0.107
624 2526 0 2526 1337.528 1342.828 5.300 1.733 0.107
625 2526 0 2526 1327.362 1334.855 7.493 1.683 0.106
626 2526 0 2526 1314.630 1324.200 9.570 1.683 0.105
627 2526 0 2526 1299.671 1308.003 8.332 1.650 0.104
628 2526 0 2526 1284.493 1294.647 10.154 1.650 0.104
629 2526 0 2526 1267.825 1279.350 11.525 1.650 0.103
630 2526 0 2526 1253.281 1264.733 11.452 1.617 0.102
631 2526 0 2526 1232.879 1244.484 11.605 1.583 0.102
632 2283 0 2283 1214.043 1227.419 13.376 1.583 0.101
633 2283 0 2283 1194.904 1205.840 10.937 1.567 0.100
634 2283 0 2283 1173.833 1185.851 12.018 1.550 0.100
635 2283 0 2283 1150.780 1160.940 10.160 1.567 0.100
636 2283 0 2283 1129.089 1139.799 10.710 1.567 0.100
637 2283 0 2283 1103.894 1113.718 9.823 1.567 0.099
638 2283 0 2283 1079.838 1090.971 11.133 1.550 0.099
639 2283 0 2283 1051.809 1062.036 10.227 1.567 0.099
640 2283 0 2283 1025.601 1038.444 12.842 1.567 0.099
641 2283 0 2283 1000.748 1011.868 11.120 1.550 0.099
642 2283 0 2283 975.162 983.970 8.809 1.550 0.099
643 2283 0 2283 949.767 961.241 11.475 1.550 0.098
644 2283 0 2283 924.165 936.055 11.890 1.550 0.098
645 2283 0 2283 895.633 903.538 7.905 1.567 0.098
646 2283 0 2283 866.224 875.054 8.830 1.567 0.098
647 2283 0 2283 840.841 849.989 9.147 1.550 0.098
648 2283 0 2283 813.953 819.214 5.261 1.567 0.098
649 2283 0 2283 789.604 800.636 11.033 1.583 0.098
650 2131 0 2131 764.066 771.131 7.064 1.583 0.098
651 2131 0 2131 736.828 746.059 9.231 1.600 0.099
652 2131 0 2131 706.985 716.334 9.349 1.600 0.099
653 2131 0 2131 680.393 688.310 7.917 1.617 0.099
654 2131 0 2131 655.598 664.873 9.275 1.617 0.099
655 2131 0 2131 626.534 634.275 7.741 1.583 0.099
656 2131 0 2131 602.524 607.659 5.134 1.583 0.099
657 2131 0 2131 577.727 586.893 9.165 1.583 0.100
658 2131 0 2131 552.888 560.287 7.399 1.583 0.100
659 2131 0 2131 530.637 539.035 8.398 1.600 0.100
660 1819 0 1819 505.796 514.915 9.118 1.600 0.101
661 1819 0 1819 483.826 495.158 11.332 1.617 0.101
662 1819 0 1819 458.699 469.718 11.020 1.617 0.102
663 1769 0 1769 436.987 446.501 9.514 1.617 0.103
664 1700 0 1700 412.652 421.152 8.500 1.617 0.103
665 1696 0 1696 385.214 394.874 9.659 1.650 0.105
666 1696 0 1696 363.359 373.557 10.198 1.650 0.105
667 1696 0 1696 341.119 350.993 9.874 1.667 0.106
668 1696 0 1696 319.703 330.274 10.571 1.683 0.106
669 1696 0 1696 297.072 307.386 10.314 1.717 0.107
670 1696 0 1696 279.078 288.878 9.800 1.733 0.108
671 1696 0 1696 261.417 272.176 10.759 1.733 0.108
672 1696 0 1696 241.842 255.246 13.403 1.750 0.109
673 1539 0 1539 223.961 233.887 9.925 1.783 0.109
674 1539 0 1539 206.583 219.172 12.589 1.800 0.109
675 1539 0 1539 190.054 200.063 10.009 1.833 0.110
676 1539 0 1539 174.895 184.665 9.770 1.850 0.110
677 1539 0 1539 159.804 168.029 8.225 1.883 0.110
678 1539 0 1539 145.533 156.142 10.609 1.900 0.110
679 1539 0 1539 131.601 142.952 11.351 1.917 0.111
680 1478 0 1478 117.845 127.835 9.990 1.933 0.111
681 1478 0 1478 105.565 116.926 11.361 1.950 0.111
682 1478 0 1478 94.583 105.708 11.125 1.933 0.111
683 1301 0 1301 82.585 92.069 9.484 1.950 0.111
684 1032 0 1032 72.100 82.298 10.198 1.950 0.111
685 1032 0 1032 63.079 71.736 8.657 1.950 0.111
686 1032 0 1032 53.771 65.077 11.305 1.950 0.111
687 1032 0 1032 44.914 57.012 12.098 1.933 0.110
688 1032 0 1032 37.172 46.917 9.745 1.933 0.110
689 758 0 758 29.452 42.585 13.133 1.917 0.109
690 758 0 758 24.136 35.190 11.054 1.900 0.109
691 758 0 758 18.257 32.924 14.667 1.883 0.108
692 758 0 758 14.103 27.476 13.373 1.850 0.107
693 758 0 758 10.839 21.706 10.868 1.833 0.106
694 680 0 680 7.745 21.703 13.957 1.800 0.104
695 476 0 476 4.827 19.812 14.985 1.767 0.103
696 476 0 476 3.354 17.054 13.700 1.750 0.101
697 476 0 476 2.363 15.272 12.909 1.700 0.099
698 392 0 392 1.522 13.647 12.125 1.667 0.097
699 360 0 360 0.986 13.592 12.606 1.633 0.095
700 360 0 360 0.628 13.592 12.964 1.600 0.093
701 267 0 267 0.471 13.592 13.121 1.567 0.091
702 267 0 267 0.342 13.592 13.250 1.517 0.089
703 267 0 267 0.329 13.587 13.258 1.483 0.087
704 267 0 267 0.298 13.587 13.289 1.450 0.085
705 267 0 267 0.277 13.585 13.308 1.400 0.083
706 267 0 267 0.274 13.585 13.311 1.350 0.080
707 267 0 267 0.319 13.585 13.266 1.300 0.078
708 328 0 328 0.436 13.587 13.151 1.250 0.076
709 328 0 328 0.674 13.587 12.913 1.233 0.074
710 392 0 392 1.022 13.587 12.565 1.183 0.071
711 392 0 392 1.373 13.587 12.214 1.133 0.069
712 392 0 392 2.010 13.589 11.579 1.083 0.067
713 418 0 418 2.980 13.589 10.610 1.067 0.065
714 635 0 635 4.133 13.589 9.457 1.017 0.063
715 635 0 635 5.995 13.589 7.594 0.967 0.060
716 635 0 635 8.656 13.589 4.934 0.933 0.059
717 644 0 644 12.078 13.589 1.512 0.900 0.057
718 644 0 644 15.444 13.589 1.854 0.867 0.055
719 817 0 817 21.247 14.758 6.488 0.817 0.054
720 817 0 817 26.799 16.521 10.278 0.800 0.053
721 1078 0 1078 33.125 20.654 12.471 0.767 0.052
722 1078 0 1078 39.165 25.807 13.358 0.750 0.050
723 1078 0 1078 47.061 33.248 13.813 0.733 0.050
724 1078 0 1078 53.831 42.137 11.694 0.683 0.048
725 1078 0 1078 62.545 45.456 17.089 0.683 0.047
726 1078 0 1078 72.298 61.579 10.719 0.667 0.046
727 1184 0 1184 83.638 72.258 11.381 0.650 0.046
728 1184 0 1184 94.002 81.422 12.580 0.650 0.045
729 1184 0 1184 105.410 93.900 11.510 0.633 0.044
730 1268 0 1268 118.918 103.193 15.725 0.617 0.043
731 1268 0 1268 132.296 122.905 9.391 0.633 0.043
732 1268 0 1268 147.743 135.108 12.634 0.633 0.043
733 1401 0 1401 160.611 147.965 12.647 0.617 0.043
734 1401 0 1401 176.060 164.228 11.832 0.600 0.042
735 1401 0 1401 192.471 180.913 11.558 0.600 0.043
736 1528 0 1528 209.145 192.974 16.171 0.617 0.043
737 1528 0 1528 225.384 214.057 11.327 0.617 0.043
738 1528 0 1528 242.131 233.124 9.007 0.617 0.043
739 1604 0 1604 261.260 251.082 10.178 0.633 0.044
740 1645 0 1645 280.428 268.785 11.643 0.667 0.044
741 1645 0 1645 301.481 287.684 13.797 0.667 0.044
742 1684 0 1684 319.726 306.733 12.993 0.667 0.045
743 1762 0 1762 341.616 331.809 9.807 0.700 0.046
744 1812 0 1812 359.916 351.192 8.724 0.700 0.046
745 1812 0 1812 381.643 371.567 10.076 0.700 0.047
746 1822 0 1822 403.591 391.825 11.766 0.733 0.048
747 1822 0 1822 425.811 417.760 8.052 0.733 0.049
748 2091 0 2091 450.292 439.931 10.361 0.750 0.050
749 2091 0 2091 472.371 464.348 8.023 0.783 0.051
750 2171 0 2171 496.741 488.002 8.739 0.817 0.053
751 2171 0 2171 518.740 510.108 8.633 0.833 0.054
752 2171 0 2171 544.597 531.730 12.867 0.867 0.055
753 2171 0 2171 567.794 558.643 9.151 0.883 0.057
754 2171 0 2171 589.951 579.915 10.036 0.917 0.058
755 2171 0 2171 617.622 607.657 9.965 0.950 0.060
756 2171 0 2171 643.062 636.020 7.042 1.000 0.062
757 2171 0 2171 671.203 661.936 9.267 1.017 0.064
758 2171 0 2171 694.735 687.251 7.484 1.050 0.066
759 2171 0 2171 720.563 708.923 11.639 1.083 0.068
760 2171 0 2171 749.382 740.253 9.129 1.133 0.071
761 2171 0 2171 775.665 767.080 8.585 1.183 0.073
762 2171 0 2171 801.317 793.659 7.658 1.233 0.075
763 2171 0 2171 829.569 821.341 8.228 1.267 0.078
764 2293 0 2293 855.114 847.106 8.008 1.317 0.080
765 2293 0 2293 881.794 872.394 9.400 1.367 0.082
766 2293 0 2293 912.595 901.780 10.815 1.417 0.085
767 2293 0 2293 938.512 931.727 6.785 1.450 0.087
768 2293 0 2293 964.618 956.375 8.242 1.483 0.089
769 2293 0 2293 992.616 985.085 7.532 1.533 0.091
770 2293 0 2293 1022.140 1014.810 7.330 1.567 0.094
771 2293 0 2293 1047.419 1036.769 10.651 1.600 0.096
772 2293 0 2293 1072.467 1062.350 10.117 1.633 0.098
773 2293 0 2293 1098.106 1087.825 10.281 1.683 0.100
774 2293 0 2293 1122.926 1114.581 8.346 1.717 0.102
775 2293 0 2293 1146.641 1137.980 8.661 1.750 0.104
776 2293 0 2293 1170.820 1159.623 11.197 1.783 0.105
777 2293 0 2293 1192.284 1185.382 6.902 1.833 0.107
778 2293 0 2293 1210.909 1200.621 10.288 1.867 0.108
779 2293 0 2293 1232.717 1223.734 8.983 1.900 0.109
780 2293 0 2293 1251.707 1242.227 9.480 1.933 0.110
781 2293 0 2293 1269.938 1259.373 10.565 1.950 0.111
782 2293 0 2293 1283.819 1274.109 9.710 1.967 0.111
783 2293 0 2293 1300.154 1290.352 9.802 1.983 0.112
784 2293 0 2293 1311.651 1303.417 8.234 1.983 0.112
785 2293 0 2293 1324.493 1318.179 6.315 2.000 0.112
786 2293 0 2293 1335.974 1326.899 9.074 1.983 0.112
787 2293 0 2293 1347.191 1340.902 6.289 1.983 0.112
788 2293 0 2293 1355.043 1348.832 6.211 2.000 0.112
789 2293 0 2293 1361.061 1355.748 5.313 2.000 0.112
790 2293 0 2293 1368.382 1361.565 6.817 1.983 0.112
791 2293 0 2293 1374.331 1367.290 7.041 1.967 0.112
792 2293 0 2293 1380.694 1374.409 6.285 1.950 0.112
793 2293 0 2293 1382.862 1374.409 8.452 1.933 0.112
794 2293 0 2293 1385.706 1381.651 4.055 1.933 0.111
795 2293 0 2293 1387.878 1381.651 6.227 1.900 0.111
796 2293 0 2293 1388.524 1382.849 5.676 1.883 0.111
797 2293 0 2293 1386.463 1382.849 3.614 1.850 0.110
798 2293 0 2293 1383.315 1382.849 0.466 1.817 0.110
799 2293 0 2293 1380.230 1382.849 2.619 1.800 0.109
800 2293 0 2293 1374.289 1379.596 5.307 1.767 0.109
801 2293 0 2293 1369.130 1374.718 5.588 1.750 0.108
802 2293 0 2293 1360.694 1366.395 5.702 1.750 0.108
803 2293 0 2293 1350.422 1358.696 8.274 1.700 0.107
804 2293 0 2293 1343.571 1350.590 7.019 1.683 0.106
805 2293 0 2293 1333.901 1341.297 7.397 1.667 0.105
806 2293 0 2293 1319.839 1329.130 9.291 1.650 0.104
807 2293 0 2293 1302.974 1312.564 9.589 1.633 0.104
808 2293 0 2293 1287.269 1297.097 9.828 1.617 0.103
809 2293 0 2293 1272.346 1282.000 9.654 1.617 0.102
810 2293 0 2293 1253.800 1264.937 11.137 1.617 0.102
811 2293 0 2293 1237.127 1244.537 7.410 1.617 0.101
812 2293 0 2293 1217.915 1228.738 10.823 1.617 0.101
813 2293 0 2293 1200.246 1213.799 13.554 1.583 0.100
814 2293 0 2293 1179.435 1191.337 11.903 1.583 0.100
815 2293 0 2293 1156.952 1168.898 11.947 1.583 0.099
816 2293 0 2293 1133.429 1146.320 12.891 1.567 0.099
817 2293 0 2293 1105.944 1116.530 10.586 1.567 0.099
818 2293 0 2293 1081.180 1090.196 9.016 1.567 0.099
819 2293 0 2293 1052.393 1062.964 10.570 1.567 0.099
820 2293 0 2293 1021.857 1030.184 8.327 1.567 0.099
821 2293 0 2293 994.111 1002.248 8.138 1.567 0.099
822 2293 0 2293 969.109 977.262 8.153 1.583 0.099
823 2293 0 2293 940.055 948.773 8.717 1.600 0.099
824 2136 0 2136 912.445 920.812 8.366 1.583 0.099
825 2136 0 2136 886.984 895.359 8.375 1.583 0.099
826 2136 0 2136 855.458 865.749 10.291 1.583 0.099
827 2136 0 2136 830.218 839.576 9.358 1.583 0.099
828 2136 0 2136 803.496 810.722 7.226 1.583 0.099
829 2136 0 2136 774.581 786.692 12.111 1.567 0.099
830 2136 0 2136 748.039 756.137 8.098 1.567 0.099
831 2136 0 2136 721.601 728.043 6.442 1.583 0.099
832 2136 0 2136 695.026 704.729 9.703 1.583 0.099
833 2136 0 2136 669.474 680.542 11.068 1.583 0.099
834 2061 0 2061 643.551 651.488 7.937 1.583 0.100
835 2061 0 2061 617.721 625.743 8.022 1.583 0.100
836 1847 0 1847 590.789 600.778 9.989 1.600 0.100
837 1847 0 1847 564.809 575.207 10.398 1.600 0.100
838 1847 0 1847 540.712 547.041 6.329 1.600 0.101
839 1847 0 1847 519.436 528.068 8.632 1.600 0.101
840 1802 0 1802 496.271 505.964 9.693 1.600 0.101
841 1763 0 1763 473.588 481.347 7.759 1.600 0.102
842 1763 0 1763 450.958 463.280 12.322 1.600 0.102
843 1761 0 1761 427.307 436.236 8.929 1.617 0.103
844 1761 0 1761 404.975 412.011 7.037 1.650 0.104
845 1761 0 1761 383.364 392.158 8.794 1.650 0.105
846 1761 0 1761 357.940 367.184 9.243 1.683 0.106
847 1761 0 1761 335.756 345.118 9.362 1.700 0.106
848 1761 0 1761 313.255 321.836 8.580 1.717 0.107
849 1761 0 1761 290.408 299.589 9.181 1.733 0.108
850 1761 0 1761 272.247 281.891 9.644 1.767 0.108
851 1524 0 1524 252.702 261.704 9.002 1.800 0.109
852 1524 0 1524 235.273 244.306 9.033 1.800 0.109
853 1524 0 1524 218.581 231.602 13.022 1.817 0.110
854 1501 0 1501 201.134 212.193 11.059 1.833 0.110
855 1501 0 1501 186.671 198.130 11.459 1.850 0.110
856 1414 0 1414 172.527 183.717 11.190 1.883 0.110
857 1414 0 1414 157.372 167.925 10.553 1.900 0.110
858 1186 0 1186 143.008 154.225 11.217 1.917 0.111
859 1174 0 1174 130.150 139.014 8.864 1.933 0.111
860 1174 0 1174 116.705 129.549 12.845 1.950 0.111
861 1059 0 1059 105.489 118.462 12.973 1.950 0.111
862 1026 0 1026 92.856 104.575 11.719 1.967 0.111
863 1026 0 1026 81.107 93.588 12.481 1.967 0.111
864 1026 0 1026 73.906 88.600 14.695 1.967 0.111
865 997 0 997 65.614 79.669 14.054 1.967 0.110
866 997 0 997 56.144 66.966 10.822 1.967 0.110
867 864 0 864 46.022 57.608 11.586 1.950 0.110
868 864 0 864 37.988 52.928 14.940 1.933 0.110
869 864 0 864 31.368 42.000 10.632 1.950 0.109
870 774 0 774 24.607 36.385 11.778 1.917 0.108
871 749 0 749 19.520 28.390 8.870 1.900 0.108
872 749 0 749 15.010 28.390 13.380 1.883 0.107
873 749 0 749 11.386 20.187 8.801 1.883 0.106
874 749 0 749 8.176 17.350 9.175 1.850 0.105
875 749 0 749 5.663 17.350 11.688 1.817 0.103
876 749 0 749 3.627 17.350 13.724 1.783 0.102
877 749 0 749 2.395 17.350 14.956 1.717 0.100
878 693 0 693 1.561 14.094 12.533 1.683 0.098
879 400 0 400 0.963 12.954 11.991 1.650 0.095
880 400 0 400 0.669 12.956 12.287 1.583 0.093
881 361 0 361 0.392 12.954 12.562 1.533 0.091
882 361 0 361 0.279 12.954 12.675 1.500 0.089
883 361 0 361 0.201 12.954 12.753 1.450 0.086
884 202 0 202 0.141 12.954 12.813 1.417 0.084
885 184 0 184 0.135 12.954 12.819 1.367 0.082
886 184 0 184 0.142 12.956 12.814 1.317 0.079
887 195 0 195 0.224 12.969 12.745 1.283 0.077
888 430 0 430 0.406 12.969 12.562 1.233 0.075
889 430 0 430 0.656 12.969 12.312 1.200 0.073
890 430 0 430 0.893 12.971 12.078 1.150 0.070
891 683 0 683 1.343 12.971 11.628 1.100 0.068
892 683 0 683 2.010 12.973 10.962 1.067 0.066
893 683 0 683 2.844 12.973 10.129 1.033 0.064
894 683 0 683 4.517 12.973 8.456 1.000 0.062
895 683 0 683 6.399 12.973 6.573 0.950 0.060
896 683 0 683 9.321 12.982 3.660 0.917 0.058
897 699 0 699 13.220 12.982 0.238 0.883 0.056
898 699 0 699 17.054 12.982 4.073 0.833 0.054
899 798 0 798 22.560 13.905 8.655 0.800 0.053
900 798 0 798 28.785 17.094 11.691 0.783 0.052
901 798 0 798 35.434 25.099 10.335 0.767 0.051
902 798 0 798 41.140 28.003 13.137 0.733 0.050
903 832 0 832 49.592 37.375 12.217 0.700 0.049
904 842 0 842 57.643 46.776 10.867 0.700 0.048
905 903 0 903 66.014 53.863 12.151 0.683 0.047
906 1015 0 1015 75.050 63.732 11.318 0.650 0.045
907 1015 0 1015 86.884 74.683 12.201 0.633 0.045
908 1042 0 1042 99.535 86.237 13.298 0.633 0.044
909 1179 0 1179 111.195 100.610 10.585 0.617 0.043
910 1179 0 1179 123.505 108.881 14.623 0.650 0.043
911 1240 0 1240 135.767 123.132 12.636 0.617 0.042
912 1369 0 1369 149.363 135.253 14.111 0.633 0.042
913 1474 0 1474 165.470 150.677 14.793 0.600 0.042
914 1474 0 1474 180.894 168.526 12.368 0.600 0.042
915 1474 0 1474 195.019 182.399 12.620 0.600 0.042
916 1474 0 1474 212.989 200.081 12.909 0.600 0.042
917 1503 0 1503 228.759 218.176 10.583 0.600 0.042
918 1849 0 1849 249.914 239.720 10.194 0.617 0.043
919 1849 0 1849 266.757 257.666 9.091 0.600 0.043
920 1849 0 1849 285.070 273.024 12.047 0.600 0.044
921 1849 0 1849 305.156 293.227 11.929 0.633 0.044
922 1849 0 1849 326.798 314.340 12.457 0.633 0.045
923 1849 0 1849 347.043 338.541 8.502 0.650 0.046
924 1849 0 1849 370.225 360.440 9.785 0.667 0.047
925 1849 0 1849 391.648 381.156 10.492 0.683 0.048
926 1849 0 1849 410.927 401.971 8.956 0.700 0.049
927 1849 0 1849 430.967 419.817 11.149 0.717 0.049
928 1869 0 1869 456.743 444.401 12.342 0.750 0.051
929 1869 0 1869 476.723 467.665 9.058 0.783 0.052
930 1869 0 1869 499.147 489.937 9.210 0.800 0.053
931 1869 0 1869 523.586 512.865 10.721 0.817 0.054
932 1869 0 1869 549.384 537.459 11.924 0.850 0.056
933 1869 0 1869 575.035 562.612 12.423 0.883 0.058
934 1950 0 1950 600.573 594.052 6.522 0.933 0.059
935 1950 0 1950 623.619 612.691 10.928 0.950 0.061
936 1950 0 1950 650.804 642.371 8.433 0.983 0.063
937 2017 0 2017 675.879 668.036 7.843 1.033 0.065
938 2017 0 2017 701.060 691.892 9.168 1.067 0.067
939 2224 0 2224 725.005 713.983 11.022 1.100 0.069
940 2224 0 2224 749.068 740.125 8.943 1.150 0.071
941 2224 0 2224 773.095 764.430 8.665 1.183 0.073
942 2386 0 2386 803.756 794.649 9.106 1.217 0.076
943 2462 0 2462 829.103 815.221 13.883 1.250 0.078
944 2462 0 2462 857.567 847.721 9.845 1.300 0.080
945 2462 0 2462 884.708 877.456 7.252 1.350 0.082
946 2462 0 2462 909.238 899.592 9.646 1.383 0.084
947 2462 0 2462 937.636 928.773 8.863 1.433 0.087
948 2462 0 2462 963.466 955.735 7.732 1.467 0.089
949 2462 0 2462 987.799 976.346 11.453 1.500 0.091
950 2462 0 2462 1014.552 1006.726 7.826 1.550 0.093
951 2462 0 2462 1038.030 1029.380 8.650 1.583 0.095
952 2462 0 2462 1065.560 1058.982 6.578 1.633 0.097
953 2462 0 2462 1090.133 1080.994 9.139 1.650 0.099
954 2462 0 2462 1115.696 1106.336 9.361 1.700 0.101
955 2462 0 2462 1139.656 1129.482 10.175 1.733 0.103
956 2462 0 2462 1164.226 1152.770 11.456 1.783 0.105
957 2462 0 2462 1188.958 1181.318 7.641 1.817 0.107
958 2462 0 2462 1208.861 1195.371 13.490 1.833 0.108
959 2462 0 2462 1231.179 1219.173 12.005 1.867 0.109
960 2462 0 2462 1250.973 1240.017 10.956 1.900 0.110
961 2462 0 2462 1268.605 1259.908 8.697 1.917 0.110
962 2462 0 2462 1282.737 1273.275 9.462 1.933 0.111
963 2462 0 2462 1298.781 1287.358 11.422 1.933 0.111
964 2462 0 2462 1312.522 1302.804 9.718 1.950 0.112
965 2462 0 2462 1324.174 1313.349 10.825 1.950 0.112
966 2462 0 2462 1334.042 1324.686 9.356 1.950 0.112
967 2462 0 2462 1346.691 1340.218 6.473 1.967 0.112
968 2462 0 2462 1357.623 1348.940 8.683 1.967 0.112
969 2462 0 2462 1365.054 1356.918 8.136 1.950 0.112
970 2462 0 2462 1371.932 1365.377 6.555 1.950 0.112
971 2462 0 2462 1375.443 1367.702 7.741 1.933 0.112
972 2462 0 2462 1379.596 1374.646 4.950 1.933 0.112
973 2462 0 2462 1383.970 1377.675 6.295 1.900 0.112
974 2462 0 2462 1385.975 1379.425 6.550 1.883 0.111
975 2462 0 2462 1385.404 1380.492 4.912 1.850 0.111
976 2462 0 2462 1386.056 1383.211 2.846 1.850 0.111
977 2462 0 2462 1381.838 1383.133 1.295 1.817 0.111
978 2462 0 2462 1380.032 1383.195 3.163 1.783 0.110
979 2462 0 2462 1373.951 1382.229 8.278 1.750 0.110
980 2462 0 2462 1369.586 1377.531 7.944 1.750 0.109
981 2462 0 2462 1362.778 1368.775 5.998 1.733 0.108
982 2462 0 2462 1356.368 1365.100 8.733 1.700 0.108
983 2462 0 2462 1347.454 1354.759 7.306 1.683 0.107
984 2462 0 2462 1336.758 1348.514 11.756 1.650 0.106
985 2462 0 2462 1324.634 1331.854 7.220 1.650 0.105
986 2462 0 2462 1313.054 1320.076 7.022 1.633 0.105
987 2462 0 2462 1296.964 1307.585 10.622 1.617 0.105
988 2462 0 2462 1281.621 1291.032 9.411 1.600 0.104
989 2462 0 2462 1264.674 1275.515 10.841 1.583 0.103
990 2462 0 2462 1250.006 1261.293 11.287 1.600 0.102
991 2462 0 2462 1233.753 1246.776 13.023 1.567 0.102
992 2462 0 2462 1216.258 1227.236 10.978 1.567 0.101
993 2462 0 2462 1196.207 1206.272 10.066 1.567 0.101
994 2462 0 2462 1175.178 1188.807 13.630 1.550 0.100
995 2462 0 2462 1152.677 1169.277 16.600 1.533 0.100
996 2462 0 2462 1126.434 1137.702 11.268 1.550 0.100
997 2462 0 2462 1101.897 1111.402 9.504 1.533 0.100
998 2462 0 2462 1074.506 1086.461 11.955 1.533 0.100
999 2462 0 2462 1053.723 1063.708 9.985 1.550 0.100
1000 2462 0 2462 1029.882 1040.717 10.835 1.533 0.100
1001 2462 0 2462 1006.957 1014.100 7.144 1.533 0.099
1002 2462 0 2462 981.694 992.572 10.878 1.533 0.099
1003 2260 0 2260 954.509 961.237 6.728 1.550 0.099
1004 2260 0 2260 925.901 935.076 9.175 1.533 0.099
1005 2260 0 2260 897.900 906.016 8.116 1.533 0.099
1006 2260 0 2260 872.563 881.658 9.095 1.550 0.099
1007 2260 0 2260 843.919 853.407 9.487 1.533 0.099
1008 2260 0 2260 813.408 821.349 7.941 1.533 0.100
1009 2110 0 2110 790.231 799.298 9.068 1.550 0.100
1010 2110 0 2110 763.487 770.477 6.990 1.567 0.100
1011 2110 0 2110 737.545 745.725 8.180 1.550 0.100
1012 2110 0 2110 709.600 717.466 7.866 1.567 0.100
1013 2110 0 2110 682.176 692.306 10.130 1.567 0.100
1014 2110 0 2110 657.364 666.191 8.826 1.567 0.100
1015 2110 0 2110 631.251 640.573 9.322 1.567 0.100
1016 2054 0 2054 604.906 614.918 10.013 1.567 0.101
1017 2054 0 2054 577.461 586.177 8.716 1.567 0.101
1018 2054 0 2054 553.167 561.047 7.880 1.583 0.101
1019 2029 0 2029 526.508 534.554 8.047 1.583 0.102
1020 1857 0 1857 503.305 510.022 6.717 1.583 0.102
1021 1857 0 1857 480.453 489.926 9.473 1.600 0.102
1022 1843 0 1843 458.976 468.153 9.177 1.617 0.103
1023 1721 0 1721 437.755 445.419 7.664 1.633 0.104
1024 1721 0 1721 414.288 423.781 9.493 1.633 0.104
1025 1681 0 1681 391.738 401.068 9.330 1.650 0.105
1026 1681 0 1681 367.729 379.252 11.523 1.650 0.106
1027 1681 0 1681 347.477 358.240 10.764 1.667 0.107
1028 1681 0 1681 329.132 338.476 9.344 1.683 0.107
1029 1681 0 1681 308.541 321.815 13.274 1.700 0.108
1030 1681 0 1681 288.424 299.513 11.089 1.717 0.108
1031 1681 0 1681 265.550 273.996 8.445 1.767 0.109
1032 1681 0 1681 247.180 257.079 9.899 1.783 0.110
1033 1681 0 1681 229.201 238.815 9.614 1.800 0.110
1034 1681 0 1681 211.126 221.539 10.413 1.833 0.111
1035 1681 0 1681 193.476 207.640 14.163 1.850 0.111
1036 1540 0 1540 176.633 188.343 11.711 1.867 0.111
1037 1396 0 1396 158.689 168.768 10.078 1.900 0.112
1038 1396 0 1396 144.781 157.064 12.282 1.917 0.112
1039 1396 0 1396 129.199 140.474 11.274 1.933 0.112
1040 1195 0 1195 116.394 126.760 10.366 1.950 0.112
1041 1195 0 1195 104.135 115.674 11.539 1.950 0.112
1042 1195 0 1195 93.912 104.272 10.359 1.967 0.112
1043 1195 0 1195 83.143 96.262 13.119 1.967 0.112
1044 1195 0 1195 73.024 86.587 13.563 1.967 0.112
1045 1195 0 1195 62.600 73.173 10.573 1.950 0.112
1046 1195 0 1195 53.900 67.329 13.429 1.950 0.112
1047 1180 0 1180 44.491 56.321 11.831 1.967 0.112
1048 1180 0 1180 36.833 49.831 12.998 1.933 0.111
1049 1180 0 1180 29.431 41.958 12.527 1.917 0.111
1050 1180 0 1180 24.071 33.637 9.566 1.917 0.110
1051 1180 0 1180 19.560 30.912 11.352 1.900 0.109
1052 840 0 840 15.024 25.310 10.287 1.883 0.108
1053 762 0 762 11.133 24.009 12.877 1.850 0.107
1054 762 0 762 8.156 21.039 12.883 1.833 0.106
1055 520 0 520 5.505 19.250 13.745 1.800 0.104
1056 520 0 520 3.720 15.973 12.254 1.767 0.102
1057 520 0 520 2.686 15.973 13.287 1.717 0.101
1058 449 0 449 1.702 12.640 10.938 1.667 0.098
1059 449 0 449 1.344 12.640 11.295 1.633 0.097
1060 449 0 449 0.871 12.640 11.769 1.600 0.095
1061 449 0 449 0.612 12.646 12.033 1.550 0.093
1062 449 0 449 0.533 12.644 12.111 1.517 0.091
1063 449 0 449 0.457 12.644 12.187 1.467 0.089
1064 449 0 449 0.397 12.644 12.247 1.433 0.086
1065 449 0 449 0.295 12.648 12.353 1.383 0.084
1066 449 0 449 0.263 12.648 12.385 1.350 0.082
1067 516 0 516 0.405 12.648 12.242 1.317 0.079
1068 516 0 516 0.513 12.648 12.135 1.267 0.077
1069 516 0 516 0.672 12.650 11.978 1.233 0.075
1070 551 0 551 0.891 12.650 11.759 1.167 0.072
1071 551 0 551 1.316 12.650 11.334 1.133 0.070
1072 551 0 551 1.932 12.650 10.718 1.083 0.068
1073 551 0 551 2.886 12.654 9.768 1.050 0.066
1074 643 0 643 3.933 12.654 8.721 1.017 0.064
1075 643 0 643 5.487 12.658 7.171 0.967 0.061
1076 643 0 643 8.309 12.658 4.350 0.933 0.059
1077 643 0 643 11.525 12.658 1.133 0.900 0.058
1078 760 0 760 15.511 12.693 2.818 0.850 0.056
1079 760 0 760 19.859 12.693 7.166 0.817 0.054
1080 840 0 840 25.215 14.666 10.549 0.783 0.053
1081 968 0 968 31.149 20.408 10.741 0.750 0.052
1082 1011 0 1011 37.771 25.181 12.590 0.717 0.051
1083 1011 0 1011 45.507 36.165 9.342 0.700 0.050
1084 1011 0 1011 53.264 41.202 12.062 0.683 0.049
1085 1041 0 1041 61.947 48.788 13.159 0.667 0.048
1086 1069 0 1069 72.328 58.645 13.683 0.650 0.047
1087 1133 0 1133 82.681 69.651 13.030 0.633 0.046
1088 1321 0 1321 93.241 80.474 12.766 0.633 0.045
1089 1321 0 1321 103.278 87.373 15.905 0.633 0.045
1090 1321 0 1321 115.522 103.693 11.829 0.617 0.044
1091 1321 0 1321 128.011 113.637 14.374 0.617 0.043
1092 1352 0 1352 141.962 129.091 12.871 0.600 0.043
1093 1352 0 1352 154.767 142.123 12.644 0.600 0.042
1094 1352 0 1352 170.638 156.761 13.877 0.617 0.042
1095 1352 0 1352 187.590 174.518 13.073 0.600 0.042
1096 1363 0 1363 203.983 191.576 12.407 0.600 0.043
1097 1363 0 1363 219.611 208.817 10.793 0.583 0.042
1098 1370 0 1370 237.965 226.385 11.580 0.633 0.043
1099 1480 0 1480 255.945 246.781 9.164 0.650 0.043
1100 1480 0 1480 275.110 262.113 12.997 0.633 0.044
1101 1621 0 1621 293.911 283.013 10.898 0.633 0.044
1102 1621 0 1621 314.247 305.451 8.795 0.683 0.045
1103 1621 0 1621 332.939 320.952 11.987 0.700 0.045
1104 1709 0 1709 353.497 342.255 11.242 0.717 0.046
1105 1904 0 1904 376.071 367.192 8.879 0.700 0.047
1106 1904 0 1904 400.972 391.348 9.624 0.750 0.048
1107 2021 0 2021 423.681 415.854 7.827 0.767 0.049
1108 2021 0 2021 447.771 439.259 8.511 0.767 0.050
1109 2021 0 2021 470.917 462.700 8.217 0.783 0.051
1110 2021 0 2021 495.209 485.371 9.838 0.800 0.053
1111 2021 0 2021 516.624 506.601 10.023 0.833 0.054
1112 2021 0 2021 543.095 532.280 10.815 0.850 0.056
1113 2021 0 2021 567.425 558.038 9.387 0.883 0.058
1114 2021 0 2021 594.146 582.901 11.245 0.917 0.059
1115 2021 0 2021 620.954 611.893 9.061 0.967 0.061
1116 2093 0 2093 645.246 635.288 9.958 1.000 0.063
1117 2125 0 2125 672.163 661.759 10.404 1.033 0.065
1118 2125 0 2125 699.533 692.618 6.915 1.067 0.068
1119 2161 0 2161 726.972 718.711 8.261 1.117 0.070
1120 2161 0 2161 752.893 743.593 9.300 1.150 0.072
1121 2161 0 2161 781.355 775.314 6.041 1.200 0.074
1122 2161 0 2161 807.225 796.700 10.524 1.250 0.076
1123 2161 0 2161 834.503 825.379 9.124 1.300 0.079
1124 2161 0 2161 858.737 849.943 8.795 1.333 0.081
1125 2161 0 2161 887.194 877.357 9.837 1.367 0.083
1126 2161 0 2161 914.966 906.422 8.544 1.400 0.086
1127 2161 0 2161 942.028 933.320 8.708 1.450 0.088
1128 2161 0 2161 968.163 961.891 6.272 1.500 0.090
1129 2249 0 2249 994.328 985.889 8.439 1.533 0.092
1130 2249 0 2249 1020.619 1009.596 11.023 1.567 0.094
1131 2249 0 2249 1047.229 1036.078 11.151 1.600 0.096
1132 2249 0 2249 1073.508 1065.559 7.949 1.650 0.098
1133 2249 0 2249 1101.258 1092.308 8.949 1.700 0.101
1134 2249 0 2249 1124.509 1115.132 9.377 1.733 0.103
1135 2249 0 2249 1147.308 1138.166 9.142 1.767 0.104
1136 2249 0 2249 1170.196 1161.533 8.663 1.800 0.106
1137 2249 0 2249 1192.254 1179.691 12.562 1.817 0.108
1138 2249 0 2249 1213.712 1205.165 8.546 1.867 0.109
1139 2249 0 2249 1233.100 1222.246 10.854 1.883 0.110
1140 2249 0 2249 1251.453 1240.759 10.693 1.917 0.111
1141 2249 0 2249 1268.920 1256.509 12.412 1.950 0.111
1142 2249 0 2249 1285.326 1273.218 12.108 1.950 0.112
1143 2249 0 2249 1300.815 1292.640 8.176 1.967 0.112
1144 2249 0 2249 1314.500 1303.916 10.584 1.983 0.113
1145 2249 0 2249 1326.517 1317.797 8.720 1.983 0.113
1146 2249 0 2249 1339.868 1331.718 8.150 1.983 0.113
1147 2249 0 2249 1349.899 1339.385 10.514 1.983 0.113
1148 2249 0 2249 1357.726 1350.687 7.039 1.983 0.113
1149 2249 0 2249 1364.614 1355.207 9.406 1.983 0.113
1150 2249 0 2249 1371.658 1365.875 5.782 1.967 0.113
1151 2249 0 2249 1377.270 1372.091 5.179 1.967 0.113
1152 2249 0 2249 1380.904 1377.250 3.654 1.933 0.113
1153 2249 0 2249 1382.752 1381.004 1.748 1.933 0.113
1154 2249 0 2249 1385.012 1380.998 4.014 1.917 0.113
1155 2249 0 2249 1385.679 1380.998 4.682 1.883 0.112
1156 2249 0 2249 1384.394 1380.845 3.549 1.867 0.112
1157 2249 0 2249 1382.918 1380.845 2.073 1.833 0.112
1158 2249 0 2249 1379.538 1380.819 1.281 1.817 0.111
1159 2249 0 2249 1374.842 1379.719 4.877 1.783 0.111
1160 2249 0 2249 1370.658 1374.256 3.598 1.783 0.110
1161 2249 0 2249 1364.575 1370.907 6.333 1.750 0.109
1162 2249 0 2249 1356.517 1361.822 5.305 1.717 0.109
1163 2249 0 2249 1346.630 1355.103 8.474 1.717 0.108
1164 2249 0 2249 1335.723 1342.191 6.468 1.700 0.108
1165 2249 0 2249 1324.820 1334.904 10.084 1.683 0.107
1166 2249 0 2249 1313.494 1322.387 8.893 1.667 0.106
1167 2249 0 2249 1298.000 1307.066 9.067 1.633 0.105
1168 2249 0 2249 1285.351 1294.250 8.898 1.617 0.104
1169 2249 0 2249 1270.816 1281.711 10.894 1.617 0.103
1170 2249 0 2249 1253.789 1264.252 10.462 1.600 0.103
1171 2249 0 2249 1236.490 1247.822 11.332 1.583 0.102
1172 2249 0 2249 1216.583 1227.336 10.753 1.583 0.102
1173 2249 0 2249 1194.780 1207.726 12.946 1.567 0.101
1174 2249 0 2249 1174.147 1187.796 13.649 1.550 0.101
1175 2249 0 2249 1155.910 1168.098 12.189 1.567 0.100
1176 2249 0 2249 1132.199 1141.486 9.287 1.567 0.100
1177 2249 0 2249 1108.121 1117.188 9.067 1.567 0.100
1178 2249 0 2249 1081.747 1091.133 9.385 1.583 0.099
1179 2249 0 2249 1058.131 1067.983 9.852 1.567 0.099
1180 2249 0 2249 1032.249 1042.953 10.703 1.567 0.099
1181 2249 0 2249 1007.743 1018.059 10.316 1.550 0.099
1182 2249 0 2249 980.309 986.529 6.220 1.600 0.099
1183 2249 0 2249 954.325 963.874 9.548 1.567 0.099
1184 2249 0 2249 925.744 932.280 6.536 1.617 0.099
1185 2249 0 2249 894.829 904.163 9.333 1.633 0.099
1186 2249 0 2249 867.293 873.852 6.559 1.617 0.099
1187 2249 0 2249 845.808 855.745 9.937 1.567 0.099
1188 2249 0 2249 820.624 827.521 6.896 1.567 0.099
1189 2155 0 2155 791.834 800.856 9.022 1.583 0.099
1190 2155 0 2155 765.015 772.890 7.876 1.583 0.099
1191 2155 0 2155 737.053 745.455 8.402 1.583 0.099
1192 2155 0 2155 710.414 716.677 6.262 1.600 0.099
1193 2155 0 2155 687.510 695.704 8.194 1.583 0.099
1194 2109 0 2109 661.769 670.053 8.283 1.583 0.099
1195 2004 0 2004 634.945 643.348 8.403 1.583 0.100
1196 2004 0 2004 606.676 618.096 11.421 1.567 0.100
1197 2004 0 2004 581.536 592.307 10.771 1.533 0.100
1198 2004 0 2004 553.788 565.658 11.870 1.533 0.101
1199 2004 0 2004 527.176 536.130 8.954 1.567 0.102
