1 872 0 872 385.020 0.000 385.020 0.000 0.000
2 872 0 872 411.401 0.000 411.401 0.000 0.000
3 1024 0 1024 432.923 0.000 432.923 0.000 0.000
4 1024 0 1024 449.870 0.000 449.870 0.000 0.000
5 1098 0 1098 470.513 0.000 470.513 0.000 0.000
6 1098 0 1098 488.688 468.174 20.514 1.000 0.239
7 1098 0 1098 511.237 468.174 43.063 0.857 0.206
8 1098 0 1098 530.626 460.016 70.611 0.750 0.181
9 1306 0 1306 551.801 460.016 91.785 0.778 0.162
10 1306 0 1306 572.300 460.016 112.284 0.700 0.147
11 1306 0 1306 594.688 460.016 134.672 0.636 0.135
12 1306 0 1306 614.592 460.016 154.576 0.583 0.125
13 1362 0 1362 634.294 519.356 114.938 0.538 0.116
14 1362 0 1362 651.341 519.356 131.985 0.500 0.109
15 1529 0 1529 669.008 542.835 126.173 0.467 0.102
16 1529 0 1529 688.245 542.835 145.410 0.438 0.097
17 1651 0 1651 702.855 584.837 118.018 0.412 0.092
18 1651 0 1651 721.840 584.837 137.003 0.389 0.087
19 1651 0 1651 743.435 584.837 158.598 0.421 0.083
20 1651 0 1651 762.854 610.376 152.479 0.400 0.080
21 1651 0 1651 785.609 622.129 163.480 0.381 0.077
22 1651 0 1651 806.119 622.129 183.990 0.364 0.074
23 1815 0 1815 826.455 622.129 204.326 0.348 0.071
24 1815 0 1815 844.803 692.684 152.119 0.333 0.069
25 1815 0 1815 862.728 692.684 170.044 0.320 0.067
26 1815 0 1815 879.350 717.760 161.590 0.308 0.065
27 1815 0 1815 894.921 717.760 177.161 0.296 0.063
28 1815 0 1815 911.093 744.026 167.066 0.286 0.061
29 1886 0 1886 929.881 744.026 185.855 0.276 0.060
30 1886 0 1886 949.762 762.057 187.705 0.267 0.058
31 1886 0 1886 965.289 762.057 203.232 0.258 0.057
32 2110 0 2110 981.907 762.485 219.421 0.250 0.055
33 2110 0 2110 995.298 762.975 232.323 0.242 0.054
34 2110 0 2110 1008.061 818.612 189.448 0.235 0.053
35 2128 0 2128 1023.911 818.612 205.299 0.229 0.052
36 2128 0 2128 1040.392 818.947 221.445 0.222 0.050
37 2148 0 2148 1055.529 861.197 194.331 0.216 0.049
38 2148 0 2148 1068.997 895.188 173.810 0.211 0.048
39 2148 0 2148 1080.048 895.736 184.312 0.205 0.047
40 2148 0 2148 1093.007 895.736 197.271 0.200 0.046
41 2148 0 2148 1105.036 895.736 209.299 0.195 0.046
42 2148 0 2148 1116.690 916.640 200.050 0.190 0.045
43 2148 0 2148 1128.147 938.974 189.172 0.186 0.044
44 2148 0 2148 1137.312 938.974 198.338 0.182 0.043
45 2148 0 2148 1146.721 938.974 207.746 0.178 0.042
46 2148 0 2148 1156.781 938.974 217.806 0.174 0.042
47 2148 0 2148 1166.433 939.274 227.159 0.170 0.041
48 2148 0 2148 1176.023 970.064 205.960 0.167 0.040
49 2148 0 2148 1184.700 970.274 214.425 0.163 0.040
50 2148 0 2148 1193.240 970.274 222.966 0.160 0.039
51 2148 0 2148 1201.636 970.274 231.362 0.176 0.038
52 2148 0 2148 1208.348 970.274 238.074 0.173 0.038
53 2200 0 2200 1214.877 970.274 244.603 0.170 0.037
54 2200 0 2200 1220.651 970.274 250.377 0.167 0.037
55 2200 0 2200 1225.660 970.428 255.232 0.164 0.036
56 2200 0 2200 1231.797 970.428 261.370 0.161 0.035
57 2200 0 2200 1235.737 970.428 265.309 0.158 0.035
58 2200 0 2200 1240.265 970.428 269.838 0.155 0.034
59 2200 0 2200 1244.514 970.428 274.086 0.153 0.034
60 2200 0 2200 1248.101 970.428 277.674 0.150 0.033
61 2200 0 2200 1264.127 1063.110 201.018 0.150 0.034
62 2200 0 2200 1280.223 1091.259 188.964 0.150 0.034
63 2200 0 2200 1295.499 1113.576 181.924 0.150 0.034
64 2200 0 2200 1309.167 1113.576 195.592 0.150 0.034
65 2200 0 2200 1324.438 1113.611 210.827 0.150 0.034
66 2200 0 2200 1337.304 1113.783 223.521 0.100 0.011
67 2200 0 2200 1349.564 1144.610 204.955 0.100 0.011
68 2200 0 2200 1358.182 1144.610 213.572 0.100 0.011
69 2200 0 2200 1366.068 1144.617 221.450 0.100 0.011
70 2200 0 2200 1372.895 1144.617 228.278 0.100 0.011
71 2200 0 2200 1379.667 1144.598 235.069 0.100 0.011
72 2200 0 2200 1384.300 1144.598 239.702 0.100 0.011
73 2200 0 2200 1387.836 1144.598 243.237 0.083 0.010
74 2200 0 2200 1389.896 1144.598 245.298 0.083 0.010
75 2200 0 2200 1389.271 1144.598 244.673 0.083 0.010
76 2200 0 2200 1387.871 1144.598 243.273 0.083 0.010
77 2200 0 2200 1383.956 1144.598 239.357 0.083 0.010
78 2200 0 2200 1381.071 1144.598 236.473 0.083 0.010
79 2200 0 2200 1378.576 1144.598 233.977 0.083 0.009
80 2200 0 2200 1374.542 1144.598 229.944 0.083 0.009
81 2200 0 2200 1370.504 1144.598 225.905 0.083 0.009
82 2200 0 2200 1362.492 1144.598 217.894 0.083 0.009
83 2200 0 2200 1353.749 1144.598 209.151 0.083 0.009
84 2200 0 2200 1344.150 1144.598 199.551 0.083 0.008
85 2200 0 2200 1332.457 1144.598 187.858 0.083 0.008
86 2200 0 2200 1320.786 1144.598 176.187 0.083 0.008
87 2200 0 2200 1304.987 1144.598 160.388 0.083 0.008
88 2200 0 2200 1292.071 1144.598 147.473 0.100 0.008
89 2200 0 2200 1274.501 1144.598 129.903 0.100 0.008
90 2200 0 2200 1257.212 1144.557 112.655 0.100 0.008
91 2200 0 2200 1237.941 1144.557 93.384 0.100 0.007
92 2200 0 2200 1218.524 1144.502 74.022 0.100 0.007
93 2200 0 2200 1200.116 1144.427 55.689 0.100 0.007
94 2200 0 2200 1177.021 1144.427 32.594 0.083 0.008
95 2200 0 2200 1156.859 1144.427 12.432 0.083 0.008
96 2200 0 2200 1136.039 1144.358 8.319 0.100 0.008
97 2200 0 2200 1107.465 1143.872 36.407 0.100 0.008
98 2200 0 2200 1082.513 1143.789 61.276 0.100 0.008
99 2200 0 2200 1058.889 1143.601 84.713 0.100 0.008
100 2200 0 2200 1035.416 1143.601 108.185 0.100 0.008
101 2200 0 2200 1009.226 1143.601 134.375 0.100 0.008
102 2200 0 2200 982.081 1143.488 161.407 0.117 0.009
103 2200 0 2200 953.115 1143.243 190.128 0.117 0.009
104 2200 0 2200 928.165 1143.243 215.078 0.117 0.009
105 2200 0 2200 904.088 1143.243 239.155 0.117 0.009
106 2200 0 2200 873.725 1143.243 269.518 0.117 0.010
107 2200 0 2200 846.094 1102.311 256.216 0.117 0.010
108 2200 0 2200 817.291 1079.022 261.731 0.117 0.010
109 2200 0 2200 791.725 1040.793 249.068 0.117 0.010
110 2200 0 2200 764.634 1025.068 260.434 0.117 0.011
111 2200 0 2200 736.272 998.920 262.648 0.117 0.011
112 2200 0 2200 707.731 961.909 254.178 0.117 0.011
113 2190 0 2190 679.893 912.771 232.878 0.117 0.012
114 2190 0 2190 653.005 879.574 226.569 0.117 0.012
115 2190 0 2190 626.772 879.485 252.713 0.117 0.012
116 2190 0 2190 598.036 786.044 188.008 0.117 0.012
117 2190 0 2190 575.167 786.044 210.877 0.117 0.013
118 2190 0 2190 550.248 738.637 188.390 0.133 0.013
119 2190 0 2190 523.959 738.637 214.678 0.133 0.013
120 2190 0 2190 498.497 738.522 240.026 0.133 0.014
121 2190 0 2190 473.754 723.844 250.090 0.133 0.014
122 2190 0 2190 449.956 660.705 210.750 0.133 0.014
123 2190 0 2190 424.741 616.122 191.381 0.133 0.014
124 2190 0 2190 401.416 616.026 214.611 0.133 0.014
125 2190 0 2190 380.934 594.269 213.335 0.133 0.014
126 2029 0 2029 356.802 564.096 207.294 0.133 0.014
127 2029 0 2029 333.147 564.096 230.950 0.133 0.014
128 2029 0 2029 314.344 563.920 249.576 0.133 0.014
129 2029 0 2029 293.739 563.824 270.086 0.133 0.014
130 1688 0 1688 274.443 563.824 289.381 0.133 0.015
131 1688 0 1688 255.623 528.846 273.222 0.133 0.015
132 1688 0 1688 237.364 456.503 219.139 0.133 0.015
133 1688 0 1688 220.146 456.503 236.358 0.133 0.015
134 1688 0 1688 205.890 438.117 232.227 0.133 0.015
135 1688 0 1688 188.620 408.751 220.131 0.133 0.016
136 1688 0 1688 171.313 408.751 237.438 0.133 0.016
137 1688 0 1688 154.789 385.086 230.297 0.133 0.016
138 1688 0 1688 139.125 385.086 245.961 0.133 0.016
139 1688 0 1688 128.136 385.086 256.950 0.133 0.016
140 1688 0 1688 116.705 385.086 268.381 0.133 0.016
141 1469 0 1469 105.925 352.133 246.208 0.133 0.017
142 1469 0 1469 93.734 352.133 258.399 0.133 0.017
143 1469 0 1469 82.589 323.938 241.349 0.133 0.017
144 1122 0 1122 73.229 278.194 204.965 0.133 0.017
145 901 0 901 63.839 278.194 214.355 0.133 0.017
146 901 0 901 55.591 278.194 222.603 0.133 0.017
147 787 0 787 45.579 278.194 232.615 0.133 0.017
148 786 0 786 38.800 278.194 239.394 0.133 0.017
149 786 0 786 31.388 278.194 246.806 0.133 0.017
150 786 0 786 25.492 278.194 252.702 0.133 0.017
151 786 0 786 19.870 248.416 228.546 0.133 0.017
152 786 0 786 15.244 231.376 216.133 0.133 0.017
153 786 0 786 11.741 231.376 219.636 0.133 0.017
154 629 0 629 7.689 231.376 223.688 0.133 0.017
155 629 0 629 5.514 231.376 225.863 0.133 0.016
156 596 0 596 4.098 231.376 227.278 0.133 0.016
157 596 0 596 2.573 231.449 228.876 0.133 0.016
158 596 0 596 1.657 231.449 229.791 0.133 0.016
159 596 0 596 1.185 231.449 230.264 0.117 0.015
160 596 0 596 0.871 231.411 230.540 0.117 0.015
161 334 0 334 0.505 231.411 230.906 0.117 0.014
162 230 0 230 0.316 231.411 231.095 0.117 0.014
163 230 0 230 0.223 231.449 231.225 0.117 0.014
164 230 0 230 0.195 231.449 231.254 0.117 0.013
165 230 0 230 0.171 231.449 231.278 0.117 0.013
166 230 0 230 0.199 231.411 231.212 0.117 0.013
167 230 0 230 0.256 231.411 231.155 0.117 0.012
168 273 0 273 0.341 231.374 231.033 0.117 0.012
169 273 0 273 0.516 231.374 230.857 0.117 0.012
170 721 0 721 0.949 231.304 230.355 0.117 0.011
171 721 0 721 1.210 231.379 230.168 0.117 0.011
172 721 0 721 1.818 231.379 229.560 0.117 0.010
173 721 0 721 2.677 231.379 228.701 0.100 0.010
174 721 0 721 3.482 231.379 227.896 0.100 0.009
175 721 0 721 5.866 231.378 225.512 0.100 0.009
176 763 0 763 9.089 231.357 222.268 0.100 0.009
177 763 0 763 12.655 231.357 218.702 0.083 0.008
178 763 0 763 16.457 231.395 214.938 0.083 0.008
179 1042 0 1042 20.917 231.395 210.478 0.083 0.008
180 1042 0 1042 26.513 231.432 204.919 0.083 0.007
181 1042 0 1042 32.116 231.454 199.338 0.083 0.007
182 1042 0 1042 38.563 231.454 192.890 0.067 0.007
183 1042 0 1042 46.089 231.454 185.364 0.067 0.006
184 1042 0 1042 54.711 231.491 176.781 0.067 0.006
185 1409 0 1409 63.870 231.491 167.621 0.083 0.006
186 1409 0 1409 72.662 231.529 158.866 0.083 0.005
187 1409 0 1409 83.261 231.529 148.267 0.083 0.005
188 1409 0 1409 93.600 231.603 138.004 0.083 0.005
189 1437 0 1437 104.641 231.603 126.963 0.083 0.005
190 1437 0 1437 116.844 231.603 114.759 0.083 0.004
191 1437 0 1437 131.094 231.678 100.585 0.083 0.004
192 1437 0 1437 145.665 231.678 86.013 0.083 0.004
193 1437 0 1437 161.958 231.678 69.720 0.083 0.004
194 1437 0 1437 176.702 231.716 55.013 0.083 0.004
195 1437 0 1437 190.730 231.716 40.986 0.067 0.003
196 1467 0 1467 208.563 231.716 23.152 0.067 0.003
197 1467 0 1467 224.091 231.716 7.625 0.067 0.003
198 1467 0 1467 240.945 231.716 9.229 0.067 0.003
199 1658 0 1658 257.554 231.716 25.838 0.067 0.003
200 1658 0 1658 279.475 231.716 47.759 0.067 0.003
201 1658 0 1658 299.059 231.716 67.343 0.083 0.003
202 1658 0 1658 319.179 231.716 87.463 0.083 0.004
203 1658 0 1658 344.434 231.716 112.719 0.083 0.004
204 1724 0 1724 362.645 231.888 130.757 0.083 0.004
205 1724 0 1724 382.841 231.888 150.953 0.067 0.004
206 1724 0 1724 403.337 231.888 171.450 0.083 0.004
207 1752 0 1752 423.414 232.244 191.170 0.083 0.004
208 1752 0 1752 443.968 232.244 211.724 0.083 0.004
209 1808 0 1808 467.767 232.244 235.523 0.083 0.005
210 1818 0 1818 490.108 263.304 226.804 0.083 0.005
211 1818 0 1818 511.227 263.483 247.744 0.083 0.005
212 1986 0 1986 535.509 280.846 254.663 0.083 0.005
213 1987 0 1987 564.314 299.487 264.827 0.083 0.006
214 1987 0 1987 584.177 299.870 284.308 0.100 0.006
215 1987 0 1987 608.148 374.838 233.311 0.100 0.006
216 2023 0 2023 631.813 407.040 224.772 0.100 0.007
217 2023 0 2023 653.466 407.040 246.425 0.100 0.007
218 2253 0 2253 677.485 407.040 270.445 0.100 0.007
219 2253 0 2253 703.334 454.552 248.782 0.100 0.008
220 2253 0 2253 729.675 454.623 275.053 0.100 0.008
221 2253 0 2253 761.649 581.039 180.609 0.100 0.009
222 2253 0 2253 791.994 581.039 210.955 0.100 0.009
223 2325 0 2325 818.875 581.039 237.835 0.100 0.009
224 2325 0 2325 848.752 581.194 267.558 0.100 0.010
225 2325 0 2325 873.534 629.271 244.263 0.100 0.010
226 2325 0 2325 901.717 710.218 191.499 0.100 0.011
227 2325 0 2325 929.676 733.459 196.217 0.117 0.011
228 2325 0 2325 956.407 759.511 196.895 0.117 0.011
229 2325 0 2325 984.920 759.511 225.408 0.117 0.012
230 2325 0 2325 1012.578 759.744 252.834 0.117 0.012
231 2325 0 2325 1038.108 776.265 261.843 0.117 0.012
232 2325 0 2325 1064.736 808.607 256.129 0.117 0.013
233 2325 0 2325 1090.474 888.905 201.569 0.117 0.013
234 2325 0 2325 1113.737 909.007 204.729 0.117 0.013
235 2325 0 2325 1137.869 935.582 202.286 0.117 0.014
236 2325 0 2325 1164.250 935.714 228.536 0.117 0.014
237 2325 0 2325 1187.518 935.714 251.805 0.117 0.015
238 2325 0 2325 1207.621 982.859 224.762 0.117 0.015
239 2325 0 2325 1227.581 982.926 244.656 0.117 0.015
240 2325 0 2325 1248.137 1003.062 245.074 0.117 0.015
241 2325 0 2325 1265.163 1003.243 261.920 0.117 0.016
242 2325 0 2325 1280.524 1047.091 233.433 0.117 0.016
243 2325 0 2325 1295.530 1078.945 216.585 0.133 0.016
244 2325 0 2325 1311.064 1109.258 201.806 0.133 0.016
245 2325 0 2325 1323.440 1109.258 214.182 0.133 0.017
246 2325 0 2325 1333.941 1109.281 224.660 0.133 0.017
247 2325 0 2325 1344.155 1109.281 234.874 0.133 0.017
248 2325 0 2325 1352.466 1125.685 226.781 0.133 0.017
249 2325 0 2325 1359.145 1125.685 233.460 0.133 0.017
250 2325 0 2325 1365.606 1125.685 239.921 0.133 0.017
251 2325 0 2325 1371.731 1156.848 214.883 0.133 0.017
252 2325 0 2325 1376.059 1156.827 219.232 0.133 0.017
253 2325 0 2325 1379.711 1156.827 222.884 0.133 0.017
254 2325 0 2325 1380.835 1156.827 224.007 0.133 0.017
255 2325 0 2325 1380.749 1156.827 223.921 0.133 0.017
256 2325 0 2325 1380.176 1156.827 223.348 0.133 0.017
257 2325 0 2325 1378.306 1156.827 221.478 0.150 0.017
258 2325 0 2325 1374.813 1156.827 217.985 0.150 0.017
259 2325 0 2325 1369.997 1156.827 213.170 0.150 0.017
260 2325 0 2325 1365.961 1156.766 209.195 0.150 0.016
261 2325 0 2325 1358.966 1156.766 202.200 0.150 0.016
262 2325 0 2325 1349.131 1156.766 192.366 0.150 0.016
263 2325 0 2325 1341.625 1156.766 184.859 0.150 0.016
264 2325 0 2325 1331.722 1156.743 174.979 0.133 0.015
265 2325 0 2325 1319.415 1156.650 162.765 0.133 0.015
266 2325 0 2325 1306.770 1156.650 150.121 0.150 0.015
267 2325 0 2325 1292.871 1156.592 136.279 0.150 0.015
268 2325 0 2325 1279.847 1156.592 123.254 0.150 0.014
269 2325 0 2325 1264.523 1156.592 107.930 0.150 0.014
270 2325 0 2325 1247.286 1156.592 90.693 0.150 0.014
271 2325 0 2325 1226.906 1156.555 70.350 0.150 0.014
272 2325 0 2325 1208.019 1156.555 51.464 0.150 0.014
273 2325 0 2325 1186.794 1156.555 30.238 0.150 0.014
274 2325 0 2325 1167.648 1156.271 11.377 0.150 0.014
275 2325 0 2325 1145.464 1156.198 10.734 0.133 0.014
276 2325 0 2325 1121.517 1156.013 34.495 0.150 0.013
277 2325 0 2325 1098.324 1156.013 57.689 0.150 0.013
278 2325 0 2325 1075.135 1156.013 80.878 0.150 0.013
279 2325 0 2325 1050.747 1156.013 105.265 0.133 0.013
280 2325 0 2325 1027.419 1156.013 128.594 0.150 0.013
281 2325 0 2325 998.880 1156.013 157.133 0.150 0.013
282 2325 0 2325 970.718 1156.013 185.295 0.150 0.013
283 2174 0 2174 942.239 1156.013 213.774 0.150 0.013
284 2174 0 2174 911.616 1155.944 244.328 0.133 0.013
285 2174 0 2174 886.148 1140.062 253.914 0.133 0.013
286 2174 0 2174 860.172 1106.599 246.427 0.150 0.013
287 2174 0 2174 836.337 1079.912 243.575 0.133 0.013
288 2174 0 2174 810.914 1046.491 235.577 0.133 0.013
289 2174 0 2174 786.070 1046.328 260.258 0.133 0.013
290 2174 0 2174 757.964 976.939 218.974 0.133 0.013
291 2174 0 2174 730.891 947.230 216.340 0.133 0.013
292 2071 0 2071 705.784 947.085 241.301 0.133 0.013
293 2071 0 2071 679.955 897.581 217.626 0.133 0.013
294 1937 0 1937 653.951 897.581 243.630 0.133 0.013
295 1937 0 1937 630.810 826.762 195.952 0.133 0.013
296 1937 0 1937 607.256 826.762 219.506 0.133 0.013
297 1937 0 1937 582.125 806.426 224.301 0.133 0.013
298 1937 0 1937 557.697 806.426 248.729 0.133 0.013
299 1893 0 1893 531.981 791.670 259.689 0.133 0.013
300 1893 0 1893 506.619 762.764 256.145 0.133 0.014
301 1893 0 1893 480.611 700.434 219.823 0.133 0.014
302 1893 0 1893 454.008 700.434 246.426 0.133 0.014
303 1893 0 1893 433.542 654.188 220.645 0.133 0.014
304 1893 0 1893 409.281 654.086 244.805 0.133 0.014
305 1893 0 1893 388.075 599.434 211.359 0.133 0.014
306 1893 0 1893 365.265 582.995 217.730 0.133 0.014
307 1893 0 1893 344.528 555.569 211.041 0.133 0.014
308 1893 0 1893 323.308 555.569 232.261 0.133 0.014
309 1893 0 1893 301.982 555.483 253.501 0.133 0.015
310 1893 0 1893 283.149 519.086 235.937 0.133 0.015
311 1893 0 1893 263.352 471.777 208.425 0.133 0.015
312 1893 0 1893 243.315 471.617 228.301 0.133 0.015
313 1470 0 1470 224.259 448.429 224.171 0.133 0.015
314 1470 0 1470 205.140 431.391 226.252 0.133 0.015
315 1395 0 1395 190.420 402.995 212.575 0.133 0.016
316 1326 0 1326 173.964 402.995 229.031 0.133 0.016
317 1326 0 1326 160.552 375.583 215.031 0.133 0.016
318 1173 0 1173 146.005 375.583 229.578 0.133 0.016
319 1173 0 1173 132.122 343.344 211.223 0.133 0.016
320 1141 0 1141 119.782 343.276 223.494 0.133 0.016
321 1090 0 1090 107.055 343.276 236.221 0.133 0.016
322 1090 0 1090 93.865 343.276 249.411 0.133 0.017
323 1078 0 1078 83.487 343.276 259.789 0.133 0.017
324 995 0 995 73.660 298.795 225.135 0.133 0.017
325 995 0 995 63.279 298.750 235.471 0.133 0.017
326 968 0 968 54.225 298.750 244.524 0.133 0.017
327 968 0 968 45.608 270.874 225.266 0.133 0.017
328 968 0 968 38.597 270.874 232.277 0.133 0.017
329 968 0 968 32.258 270.874 238.616 0.133 0.017
330 819 0 819 25.994 270.874 244.880 0.133 0.017
331 819 0 819 20.042 270.874 250.832 0.133 0.017
332 619 0 619 15.211 248.514 233.303 0.133 0.017
333 618 0 618 11.202 248.514 237.311 0.133 0.017
334 618 0 618 8.150 248.529 240.378 0.133 0.017
335 513 0 513 5.808 248.529 242.721 0.133 0.016
336 513 0 513 3.611 248.486 244.875 0.133 0.016
337 504 0 504 2.493 248.447 245.954 0.117 0.016
338 504 0 504 1.813 220.639 218.827 0.117 0.016
339 326 0 326 1.359 220.639 219.280 0.117 0.015
340 318 0 318 0.863 220.639 219.776 0.117 0.015
341 318 0 318 0.697 220.604 219.907 0.117 0.015
342 305 0 305 0.507 220.604 220.097 0.117 0.014
343 305 0 305 0.468 220.604 220.136 0.117 0.014
344 305 0 305 0.418 220.569 220.151 0.117 0.013
345 305 0 305 0.329 220.569 220.240 0.117 0.013
346 312 0 312 0.371 220.617 220.245 0.100 0.013
347 331 0 331 0.416 220.617 220.200 0.100 0.012
348 331 0 331 0.422 220.617 220.195 0.100 0.012
349 331 0 331 0.551 220.652 220.101 0.100 0.012
350 352 0 352 0.782 220.652 219.870 0.100 0.011
351 472 0 472 1.247 220.687 219.440 0.100 0.011
352 472 0 472 1.596 220.722 219.127 0.100 0.010
353 472 0 472 2.505 220.722 218.217 0.100 0.010
354 569 0 569 3.492 220.722 217.231 0.100 0.010
355 570 0 570 5.361 220.722 215.362 0.100 0.009
356 570 0 570 7.685 220.695 213.010 0.100 0.009
357 610 0 610 11.328 220.695 209.367 0.100 0.009
358 812 0 812 15.240 220.697 205.457 0.100 0.008
359 812 0 812 21.918 220.697 198.780 0.100 0.008
360 860 0 860 27.297 220.697 193.400 0.083 0.007
361 860 0 860 33.927 220.697 186.770 0.083 0.007
362 860 0 860 41.556 220.697 179.141 0.083 0.007
363 860 0 860 48.608 220.697 172.090 0.083 0.006
364 860 0 860 57.729 220.765 163.036 0.083 0.006
365 995 0 995 67.320 220.765 153.445 0.067 0.006
366 1045 0 1045 76.344 220.765 144.421 0.067 0.005
367 1045 0 1045 87.111 220.984 133.873 0.067 0.005
368 1163 0 1163 97.776 220.984 123.207 0.067 0.005
369 1207 0 1207 109.301 221.019 111.718 0.067 0.005
370 1207 0 1207 123.233 221.019 97.786 0.083 0.004
371 1207 0 1207 135.971 221.019 85.048 0.083 0.004
372 1399 0 1399 153.623 221.054 67.431 0.083 0.004
373 1399 0 1399 167.331 221.054 53.723 0.083 0.004
374 1602 0 1602 183.705 221.054 37.350 0.067 0.004
375 1602 0 1602 197.940 221.054 23.114 0.067 0.004
376 1602 0 1602 213.736 221.054 7.318 0.067 0.004
377 1646 0 1646 230.664 221.054 9.610 0.067 0.004
378 1704 0 1704 247.945 221.054 26.891 0.067 0.004
379 1704 0 1704 267.634 221.054 46.580 0.067 0.004
380 1704 0 1704 287.395 221.054 66.341 0.083 0.004
381 1704 0 1704 306.341 221.054 85.287 0.083 0.004
382 2209 0 2209 325.704 221.054 104.650 0.083 0.004
383 2209 0 2209 346.858 221.215 125.643 0.083 0.004
384 2209 0 2209 369.844 221.215 148.629 0.067 0.004
385 2209 0 2209 391.546 221.215 170.331 0.067 0.004
386 2209 0 2209 411.641 247.335 164.306 0.067 0.004
387 2209 0 2209 433.541 267.353 166.187 0.067 0.005
388 2209 0 2209 456.168 267.353 188.814 0.067 0.005
389 2209 0 2209 479.620 267.353 212.266 0.083 0.005
390 2209 0 2209 502.549 267.520 235.029 0.083 0.005
391 2209 0 2209 526.356 267.520 258.836 0.100 0.006
392 2209 0 2209 549.249 267.520 281.729 0.100 0.006
393 2209 0 2209 571.590 368.450 203.140 0.100 0.006
394 2209 0 2209 595.737 399.168 196.569 0.100 0.006
395 2209 0 2209 619.107 399.168 219.940 0.083 0.007
396 2209 0 2209 643.729 421.724 222.006 0.083 0.007
397 2209 0 2209 672.222 435.839 236.383 0.083 0.007
398 2209 0 2209 697.870 467.883 229.987 0.083 0.008
399 2209 0 2209 724.368 467.883 256.485 0.083 0.008
400 2209 0 2209 751.342 525.529 225.812 0.083 0.008
401 2209 0 2209 777.848 551.100 226.748 0.083 0.009
402 2209 0 2209 802.277 611.138 191.139 0.100 0.009
403 2209 0 2209 828.850 611.138 217.712 0.100 0.010
404 2209 0 2209 854.982 611.233 243.749 0.100 0.010
405 2209 0 2209 879.960 611.233 268.727 0.100 0.010
406 2209 0 2209 906.787 670.406 236.380 0.100 0.011
407 2209 0 2209 934.030 717.563 216.467 0.100 0.011
408 2209 0 2209 958.428 717.692 240.737 0.117 0.011
409 2209 0 2209 982.294 717.692 264.602 0.117 0.012
410 2209 0 2209 1009.967 769.074 240.893 0.117 0.012
411 2209 0 2209 1036.064 792.774 243.290 0.117 0.013
412 2209 0 2209 1060.241 823.886 236.355 0.117 0.013
413 2209 0 2209 1086.697 823.886 262.811 0.117 0.013
414 2209 0 2209 1109.752 853.820 255.931 0.117 0.014
415 2209 0 2209 1133.936 899.321 234.616 0.117 0.014
416 2209 0 2209 1157.021 947.851 209.170 0.117 0.014
417 2209 0 2209 1179.330 947.851 231.479 0.117 0.015
418 2209 0 2209 1199.111 948.075 251.035 0.117 0.015
419 2209 0 2209 1224.646 948.151 276.494 0.117 0.015
420 2209 0 2209 1241.923 1003.072 238.851 0.117 0.016
421 2209 0 2209 1260.250 1003.072 257.178 0.133 0.016
422 2209 0 2209 1278.484 1049.676 228.807 0.133 0.016
423 2209 0 2209 1293.322 1049.676 243.645 0.133 0.016
424 2209 0 2209 1308.773 1082.227 226.546 0.133 0.017
425 2209 0 2209 1322.498 1125.149 197.349 0.133 0.017
426 2209 0 2209 1333.287 1125.149 208.138 0.133 0.017
427 2209 0 2209 1344.148 1125.253 218.895 0.133 0.017
428 2209 0 2209 1352.560 1125.253 227.307 0.133 0.017
429 2209 0 2209 1360.463 1125.253 235.210 0.133 0.017
430 2209 0 2209 1368.660 1125.253 243.407 0.133 0.017
431 2209 0 2209 1374.583 1125.253 249.330 0.133 0.017
432 2209 0 2209 1381.923 1156.043 225.880 0.133 0.017
433 2209 0 2209 1384.875 1156.043 228.832 0.133 0.017
434 2209 0 2209 1386.952 1156.018 230.934 0.133 0.017
435 2209 0 2209 1387.415 1155.991 231.424 0.133 0.017
436 2209 0 2209 1386.980 1223.686 163.293 0.133 0.017
437 2209 0 2209 1384.760 1223.686 161.074 0.133 0.017
438 2209 0 2209 1382.108 1223.686 158.422 0.133 0.017
439 2209 0 2209 1378.356 1223.686 154.670 0.133 0.017
440 2209 0 2209 1372.482 1223.686 148.796 0.133 0.016
441 2209 0 2209 1365.038 1223.686 141.352 0.150 0.016
442 2172 0 2172 1356.486 1223.686 132.800 0.150 0.016
443 2172 0 2172 1346.361 1223.685 122.675 0.150 0.016
444 2172 0 2172 1334.605 1223.685 110.920 0.133 0.015
445 2172 0 2172 1321.315 1223.685 97.630 0.133 0.015
446 2172 0 2172 1308.289 1223.685 84.603 0.133 0.015
447 2172 0 2172 1294.336 1223.577 70.759 0.133 0.015
448 2172 0 2172 1280.367 1223.448 56.918 0.133 0.015
449 2172 0 2172 1261.135 1223.351 37.784 0.133 0.014
450 2172 0 2172 1243.873 1223.334 20.539 0.133 0.014
451 2172 0 2172 1227.836 1223.334 4.502 0.150 0.014
452 2172 0 2172 1205.451 1223.334 17.883 0.150 0.014
453 2172 0 2172 1183.538 1223.269 39.731 0.150 0.014
454 2172 0 2172 1162.160 1223.102 60.943 0.150 0.014
455 2172 0 2172 1143.416 1223.102 79.686 0.150 0.014
456 2172 0 2172 1122.837 1223.102 100.266 0.150 0.013
457 2172 0 2172 1096.576 1223.102 126.526 0.133 0.013
458 2172 0 2172 1073.746 1223.102 149.356 0.133 0.013
459 2172 0 2172 1048.288 1223.102 174.814 0.133 0.013
460 2172 0 2172 1021.418 1203.637 182.219 0.150 0.013
461 2156 0 2156 997.184 1203.445 206.261 0.150 0.013
462 2149 0 2149 972.243 1203.445 231.202 0.133 0.013
463 2149 0 2149 946.527 1203.253 256.725 0.133 0.013
464 2149 0 2149 918.930 1162.221 243.291 0.133 0.013
465 2149 0 2149 894.376 1162.221 267.845 0.150 0.013
466 2149 0 2149 866.980 1130.014 263.034 0.150 0.013
467 2149 0 2149 837.178 1050.929 213.751 0.150 0.013
468 2054 0 2054 813.544 1050.853 237.309 0.133 0.013
469 2054 0 2054 786.725 1027.521 240.797 0.133 0.013
470 2054 0 2054 760.700 954.926 194.226 0.133 0.013
471 2054 0 2054 734.362 954.926 220.563 0.150 0.013
472 2054 0 2054 709.883 954.827 244.944 0.150 0.013
473 2054 0 2054 680.634 929.135 248.501 0.150 0.013
474 2054 0 2054 654.989 929.040 274.051 0.150 0.013
475 2054 0 2054 626.870 878.473 251.603 0.150 0.013
476 2054 0 2054 601.923 814.619 212.696 0.150 0.013
477 2054 0 2054 575.538 785.280 209.742 0.150 0.013
478 2054 0 2054 552.479 785.280 232.801 0.150 0.013
479 2021 0 2021 528.447 785.178 256.731 0.150 0.014
480 2021 0 2021 506.387 756.805 250.418 0.150 0.014
481 2021 0 2021 479.771 716.325 236.553 0.133 0.014
482 1824 0 1824 457.556 681.092 223.536 0.133 0.014
483 1824 0 1824 432.593 681.092 248.499 0.150 0.014
484 1824 0 1824 409.495 665.151 255.656 0.150 0.014
485 1789 0 1789 388.508 641.199 252.691 0.150 0.014
486 1705 0 1705 366.368 611.049 244.681 0.133 0.014
487 1705 0 1705 345.920 583.204 237.284 0.133 0.014
488 1705 0 1705 324.587 538.989 214.402 0.133 0.014
489 1680 0 1680 302.724 538.989 236.265 0.133 0.015
490 1680 0 1680 281.989 501.642 219.653 0.133 0.015
491 1680 0 1680 265.362 472.551 207.189 0.133 0.015
492 1656 0 1656 247.820 472.551 224.731 0.133 0.015
493 1656 0 1656 231.754 455.157 223.402 0.133 0.015
494 1656 0 1656 213.800 454.884 241.084 0.133 0.015
495 1656 0 1656 198.271 454.799 256.529 0.133 0.015
496 1656 0 1656 183.811 426.470 242.659 0.133 0.016
497 1656 0 1656 167.494 406.005 238.510 0.133 0.016
498 1656 0 1656 153.997 406.005 252.008 0.133 0.016
499 1449 0 1449 140.112 406.005 265.892 0.133 0.016
500 1420 0 1420 126.098 365.943 239.844 0.133 0.016
501 1420 0 1420 113.271 333.355 220.084 0.133 0.016
502 1344 0 1344 100.889 333.355 232.467 0.133 0.017
503 1123 0 1123 88.265 302.597 214.331 0.133 0.017
504 1028 0 1028 75.962 283.459 207.497 0.133 0.017
505 1028 0 1028 65.107 283.459 218.352 0.133 0.017
506 964 0 964 55.888 283.459 227.571 0.133 0.017
507 964 0 964 47.124 283.369 236.245 0.133 0.017
508 964 0 964 39.499 283.345 243.846 0.133 0.017
509 964 0 964 31.268 283.291 252.023 0.133 0.017
510 941 0 941 25.213 283.291 258.078 0.133 0.017
511 941 0 941 20.592 283.291 262.699 0.133 0.017
512 941 0 941 14.957 283.291 268.334 0.133 0.017
513 941 0 941 10.695 283.291 272.596 0.133 0.017
514 520 0 520 7.193 262.091 254.899 0.133 0.016
515 506 0 506 5.099 262.091 256.992 0.133 0.016
516 506 0 506 3.609 262.091 258.482 0.133 0.016
517 506 0 506 2.182 262.091 259.909 0.117 0.016
518 506 0 506 1.417 262.091 260.674 0.117 0.015
519 506 0 506 1.030 262.048 261.018 0.117 0.015
520 506 0 506 0.794 262.005 261.211 0.117 0.015
521 506 0 506 0.707 262.048 261.341 0.117 0.014
522 446 0 446 0.482 262.048 261.566 0.117 0.014
523 446 0 446 0.421 262.091 261.670 0.117 0.014
524 238 0 238 0.320 262.091 261.771 0.117 0.013
525 238 0 238 0.392 262.091 261.699 0.100 0.013
526 238 0 238 0.319 262.091 261.772 0.100 0.013
527 238 0 238 0.320 262.091 261.771 0.100 0.012
528 213 0 213 0.346 262.091 261.745 0.100 0.012
529 384 0 384 0.513 262.091 261.578 0.100 0.011
530 384 0 384 0.736 262.091 261.355 0.100 0.011
531 384 0 384 1.184 262.091 260.907 0.100 0.011
532 384 0 384 1.719 262.091 260.372 0.100 0.010
533 463 0 463 2.608 262.091 259.483 0.100 0.010
534 740 0 740 3.785 262.091 258.306 0.100 0.009
535 740 0 740 5.517 262.091 256.574 0.100 0.009
536 740 0 740 8.339 262.091 253.752 0.083 0.009
537 740 0 740 11.770 262.091 250.321 0.083 0.008
538 740 0 740 15.547 262.091 246.544 0.083 0.008
539 740 0 740 20.764 262.104 241.341 0.083 0.008
540 819 0 819 25.879 262.148 236.269 0.083 0.007
541 819 0 819 31.575 262.148 230.573 0.083 0.007
542 819 0 819 37.509 262.148 224.638 0.083 0.007
543 880 0 880 45.124 262.148 217.024 0.083 0.006
544 1026 0 1026 53.808 262.148 208.340 0.083 0.006
545 1026 0 1026 62.881 262.191 199.310 0.083 0.006
546 1069 0 1069 74.220 262.191 187.971 0.083 0.005
547 1069 0 1069 84.162 262.191 178.029 0.067 0.005
548 1276 0 1276 98.262 262.234 163.972 0.067 0.005
549 1276 0 1276 108.930 262.234 153.304 0.067 0.005
550 1276 0 1276 120.288 262.314 142.025 0.067 0.004
551 1356 0 1356 134.023 262.391 128.368 0.067 0.004
552 1640 0 1640 147.779 262.501 114.722 0.067 0.004
553 1640 0 1640 161.612 262.606 100.994 0.067 0.004
554 1640 0 1640 177.188 262.649 85.461 0.067 0.004
555 1640 0 1640 191.447 262.649 71.202 0.083 0.004
556 1640 0 1640 207.427 262.649 55.222 0.067 0.004
557 1640 0 1640 224.552 262.649 38.097 0.067 0.003
558 1640 0 1640 242.830 262.649 19.819 0.067 0.004
559 1640 0 1640 259.607 262.649 3.042 0.067 0.004
560 1640 0 1640 280.681 262.692 17.988 0.067 0.003
561 1640 0 1640 301.298 262.692 38.605 0.067 0.004
562 1640 0 1640 318.930 262.692 56.238 0.067 0.004
563 1674 0 1674 336.829 262.847 73.982 0.067 0.004
564 1674 0 1674 355.991 262.890 93.101 0.067 0.004
565 1818 0 1818 379.861 262.890 116.972 0.067 0.004
566 1866 0 1866 402.774 263.122 139.652 0.067 0.004
567 1866 0 1866 425.460 263.342 162.118 0.067 0.004
568 2042 0 2042 448.490 263.342 185.148 0.083 0.004
569 2042 0 2042 473.055 263.342 209.713 0.083 0.005
570 2042 0 2042 497.606 263.342 234.264 0.083 0.005
571 2042 0 2042 522.536 263.342 259.194 0.083 0.005
572 2526 0 2526 549.523 287.578 261.945 0.083 0.006
573 2526 0 2526 576.743 316.643 260.100 0.083 0.006
574 2526 0 2526 601.193 333.790 267.403 0.083 0.006
575 2526 0 2526 626.652 403.966 222.686 0.083 0.007
576 2526 0 2526 650.355 436.523 213.831 0.083 0.007
577 2526 0 2526 679.008 436.523 242.485 0.083 0.007
578 2526 0 2526 708.525 436.523 272.002 0.083 0.008
579 2526 0 2526 733.637 459.169 274.468 0.100 0.008
580 2526 0 2526 759.197 504.866 254.331 0.100 0.008
581 2526 0 2526 783.408 529.281 254.127 0.100 0.009
582 2526 0 2526 808.054 609.440 198.614 0.100 0.009
583 2526 0 2526 836.002 609.440 226.562 0.100 0.009
584 2526 0 2526 862.754 609.599 253.155 0.100 0.010
585 2526 0 2526 890.016 678.100 211.915 0.100 0.010
586 2526 0 2526 915.947 678.100 237.847 0.100 0.011
587 2526 0 2526 944.019 678.100 265.918 0.100 0.011
588 2526 0 2526 968.516 781.196 187.320 0.100 0.011
589 2526 0 2526 993.010 781.196 211.815 0.117 0.012
590 2526 0 2526 1017.412 781.196 236.216 0.117 0.012
591 2526 0 2526 1044.654 824.653 220.001 0.117 0.013
592 2526 0 2526 1071.064 824.653 246.411 0.117 0.013
593 2526 0 2526 1096.762 852.429 244.333 0.117 0.013
594 2526 0 2526 1120.395 919.329 201.067 0.117 0.014
595 2526 0 2526 1144.831 951.523 193.308 0.117 0.014
596 2526 0 2526 1168.483 951.523 216.961 0.117 0.014
597 2526 0 2526 1188.665 951.523 237.142 0.117 0.015
598 2526 0 2526 1209.063 951.523 257.540 0.117 0.015
599 2526 0 2526 1229.210 996.111 233.099 0.117 0.015
600 2526 0 2526 1247.704 1024.923 222.781 0.117 0.016
601 2526 0 2526 1264.672 1045.656 219.015 0.117 0.016
602 2526 0 2526 1279.610 1078.455 201.155 0.133 0.016
603 2526 0 2526 1294.350 1124.663 169.686 0.133 0.016
604 2526 0 2526 1309.021 1124.663 184.358 0.133 0.016
605 2526 0 2526 1321.691 1124.663 197.028 0.133 0.017
606 2526 0 2526 1335.029 1124.663 210.366 0.133 0.017
607 2526 0 2526 1344.940 1124.663 220.277 0.133 0.017
608 2526 0 2526 1356.886 1153.689 203.197 0.133 0.017
609 2526 0 2526 1364.231 1153.689 210.542 0.133 0.017
610 2526 0 2526 1370.938 1153.755 217.183 0.133 0.017
611 2526 0 2526 1377.299 1153.822 223.477 0.133 0.017
612 2526 0 2526 1380.330 1153.858 226.472 0.133 0.017
613 2526 0 2526 1383.496 1153.899 229.597 0.133 0.017
614 2526 0 2526 1385.554 1200.257 185.297 0.133 0.017
615 2526 0 2526 1386.349 1200.206 186.144 0.133 0.017
616 2526 0 2526 1386.070 1200.206 185.865 0.133 0.017
617 2526 0 2526 1384.793 1200.206 184.587 0.133 0.017
618 2526 0 2526 1381.816 1200.139 181.677 0.133 0.017
619 2526 0 2526 1377.680 1200.139 177.541 0.150 0.017
620 2526 0 2526 1372.225 1200.139 172.086 0.150 0.017
621 2526 0 2526 1365.548 1200.067 165.481 0.150 0.016
622 2526 0 2526 1358.354 1200.067 158.287 0.150 0.016
623 2526 0 2526 1348.951 1200.067 148.884 0.150 0.016
624 2526 0 2526 1337.528 1200.067 137.461 0.150 0.016
625 2526 0 2526 1327.362 1199.954 127.408 0.150 0.015
626 2526 0 2526 1314.630 1199.878 114.752 0.167 0.015
627 2526 0 2526 1299.671 1199.856 99.815 0.150 0.015
628 2526 0 2526 1284.493 1199.856 84.637 0.150 0.015
629 2526 0 2526 1267.825 1199.856 67.969 0.150 0.015
630 2526 0 2526 1253.281 1199.856 53.425 0.150 0.014
631 2526 0 2526 1232.879 1199.856 33.023 0.150 0.014
632 2283 0 2283 1214.043 1199.824 14.218 0.150 0.014
633 2283 0 2283 1194.904 1199.824 4.921 0.150 0.014
634 2283 0 2283 1173.833 1199.824 25.991 0.150 0.014
635 2283 0 2283 1150.780 1199.824 49.044 0.150 0.014
636 2283 0 2283 1129.089 1199.824 70.736 0.150 0.014
637 2283 0 2283 1103.894 1199.824 95.930 0.150 0.013
638 2283 0 2283 1079.838 1199.824 119.986 0.150 0.013
639 2283 0 2283 1051.809 1199.688 147.878 0.150 0.013
640 2283 0 2283 1025.601 1199.688 174.086 0.167 0.013
641 2283 0 2283 1000.748 1199.688 198.940 0.167 0.013
642 2283 0 2283 975.162 1199.688 224.526 0.150 0.013
643 2283 0 2283 949.767 1199.688 249.921 0.150 0.013
644 2283 0 2283 924.165 1123.005 198.840 0.150 0.013
645 2283 0 2283 895.633 1123.005 227.372 0.150 0.013
646 2283 0 2283 866.224 1123.005 256.781 0.150 0.013
647 2283 0 2283 840.841 1096.270 255.429 0.150 0.013
648 2283 0 2283 813.953 1052.491 238.538 0.150 0.013
649 2283 0 2283 789.604 998.095 208.491 0.150 0.013
650 2131 0 2131 764.066 998.095 234.028 0.150 0.013
651 2131 0 2131 736.828 952.964 216.136 0.150 0.013
652 2131 0 2131 706.985 952.814 245.829 0.150 0.013
653 2131 0 2131 680.393 891.803 211.410 0.150 0.013
654 2131 0 2131 655.598 891.803 236.205 0.150 0.013
655 2131 0 2131 626.534 830.418 203.884 0.150 0.013
656 2131 0 2131 602.524 830.418 227.894 0.150 0.013
657 2131 0 2131 577.727 812.364 234.637 0.133 0.013
658 2131 0 2131 552.888 783.647 230.759 0.133 0.013
659 2131 0 2131 530.637 783.543 252.906 0.150 0.013
660 1819 0 1819 505.796 719.074 213.278 0.150 0.014
661 1819 0 1819 483.826 697.038 213.212 0.133 0.014
662 1819 0 1819 458.699 696.813 238.114 0.150 0.014
663 1769 0 1769 436.987 653.967 216.980 0.133 0.014
664 1700 0 1700 412.652 623.851 211.199 0.150 0.014
665 1696 0 1696 385.214 623.851 238.637 0.150 0.014
666 1696 0 1696 363.359 606.435 243.077 0.150 0.014
667 1696 0 1696 341.119 606.338 265.219 0.133 0.014
668 1696 0 1696 319.703 571.130 251.427 0.133 0.014
669 1696 0 1696 297.072 571.130 274.057 0.133 0.015
670 1696 0 1696 279.078 540.710 261.631 0.133 0.015
671 1696 0 1696 261.417 471.106 209.689 0.133 0.015
672 1696 0 1696 241.842 471.106 229.264 0.133 0.015
673 1539 0 1539 223.961 442.343 218.381 0.133 0.015
674 1539 0 1539 206.583 422.873 216.290 0.133 0.015
675 1539 0 1539 190.054 422.798 232.744 0.133 0.016
676 1539 0 1539 174.895 422.729 247.834 0.133 0.016
677 1539 0 1539 159.804 388.595 228.791 0.133 0.016
678 1539 0 1539 145.533 342.753 197.220 0.133 0.016
679 1539 0 1539 131.601 342.697 211.096 0.133 0.016
680 1478 0 1478 117.845 299.753 181.908 0.133 0.016
681 1478 0 1478 105.565 269.992 164.427 0.133 0.017
682 1478 0 1478 94.583 269.992 175.409 0.133 0.017
683 1301 0 1301 82.585 269.992 187.407 0.133 0.017
684 1032 0 1032 72.100 269.992 197.892 0.133 0.017
685 1032 0 1032 63.079 269.954 206.875 0.133 0.017
686 1032 0 1032 53.771 269.954 216.183 0.133 0.017
687 1032 0 1032 44.914 269.954 225.040 0.133 0.017
688 1032 0 1032 37.172 269.954 232.782 0.133 0.017
689 758 0 758 29.452 269.954 240.502 0.133 0.017
690 758 0 758 24.136 269.954 245.818 0.133 0.017
691 758 0 758 18.257 269.909 251.653 0.133 0.017
692 758 0 758 14.103 269.865 255.762 0.133 0.017
693 758 0 758 10.839 269.865 259.026 0.133 0.017
694 680 0 680 7.745 269.820 262.075 0.133 0.017
695 476 0 476 4.827 269.820 264.993 0.117 0.016
696 476 0 476 3.354 269.775 266.421 0.117 0.016
697 476 0 476 2.363 269.775 267.412 0.117 0.016
698 392 0 392 1.522 269.775 268.253 0.117 0.015
699 360 0 360 0.986 269.762 268.776 0.117 0.015
700 360 0 360 0.628 269.762 269.134 0.117 0.015
701 267 0 267 0.471 269.762 269.291 0.117 0.014
702 267 0 267 0.342 269.762 269.420 0.117 0.014
703 267 0 267 0.329 269.673 269.344 0.117 0.014
704 267 0 267 0.298 269.673 269.375 0.117 0.013
705 267 0 267 0.277 269.628 269.351 0.117 0.013
706 267 0 267 0.274 269.628 269.354 0.117 0.012
707 267 0 267 0.319 269.628 269.309 0.117 0.012
708 328 0 328 0.436 269.673 269.237 0.117 0.012
709 328 0 328 0.674 269.673 268.998 0.100 0.011
710 392 0 392 1.022 269.673 268.651 0.100 0.011
711 392 0 392 1.373 269.673 268.299 0.100 0.011
712 392 0 392 2.010 269.717 267.707 0.100 0.010
713 418 0 418 2.980 269.717 266.737 0.100 0.010
714 635 0 635 4.133 269.717 265.585 0.100 0.009
715 635 0 635 5.995 269.717 263.722 0.100 0.009
716 635 0 635 8.656 269.717 261.061 0.100 0.009
717 644 0 644 12.078 269.717 257.640 0.083 0.008
718 644 0 644 15.444 269.717 254.273 0.083 0.008
719 817 0 817 21.247 269.717 248.470 0.083 0.008
720 817 0 817 26.799 269.717 242.918 0.083 0.007
721 1078 0 1078 33.125 269.717 236.592 0.083 0.007
722 1078 0 1078 39.165 269.762 230.597 0.083 0.007
723 1078 0 1078 47.061 269.762 222.701 0.067 0.006
724 1078 0 1078 53.831 269.762 215.931 0.067 0.006
725 1078 0 1078 62.545 269.796 207.251 0.067 0.006
726 1078 0 1078 72.298 269.949 197.650 0.067 0.005
727 1184 0 1184 83.638 270.068 186.430 0.067 0.005
728 1184 0 1184 94.002 270.113 176.110 0.067 0.005
729 1184 0 1184 105.410 270.113 164.703 0.067 0.005
730 1268 0 1268 118.918 270.157 151.239 0.067 0.004
731 1268 0 1268 132.296 270.157 137.861 0.067 0.004
732 1268 0 1268 147.743 270.157 122.415 0.067 0.004
733 1401 0 1401 160.611 270.157 109.546 0.067 0.004
734 1401 0 1401 176.060 270.259 94.199 0.067 0.004
735 1401 0 1401 192.471 270.259 77.789 0.067 0.003
736 1528 0 1528 209.145 270.304 61.159 0.067 0.003
737 1528 0 1528 225.384 270.349 44.965 0.067 0.003
738 1528 0 1528 242.131 270.349 28.218 0.067 0.003
739 1604 0 1604 261.260 270.394 9.134 0.067 0.003
740 1645 0 1645 280.428 270.394 10.034 0.067 0.003
741 1645 0 1645 301.481 270.575 30.907 0.067 0.003
742 1684 0 1684 319.726 270.575 49.152 0.067 0.004
743 1762 0 1762 341.616 270.575 71.041 0.067 0.004
744 1812 0 1812 359.916 270.575 89.342 0.083 0.004
745 1812 0 1812 381.643 270.761 110.882 0.083 0.004
746 1822 0 1822 403.591 270.761 132.831 0.083 0.004
747 1822 0 1822 425.811 270.925 154.886 0.083 0.004
748 2091 0 2091 450.292 270.925 179.367 0.083 0.004
749 2091 0 2091 472.371 270.925 201.446 0.083 0.005
750 2171 0 2171 496.741 271.116 225.626 0.083 0.005
751 2171 0 2171 518.740 294.363 224.377 0.083 0.005
752 2171 0 2171 544.597 325.976 218.622 0.083 0.006
753 2171 0 2171 567.794 325.976 241.818 0.083 0.006
754 2171 0 2171 589.951 353.834 236.116 0.083 0.006
755 2171 0 2171 617.622 353.834 263.788 0.083 0.006
756 2171 0 2171 643.062 442.722 200.340 0.083 0.007
757 2171 0 2171 671.203 442.722 228.481 0.083 0.007
758 2171 0 2171 694.735 473.684 221.051 0.083 0.007
759 2171 0 2171 720.563 473.684 246.879 0.100 0.008
760 2171 0 2171 749.382 473.684 275.699 0.100 0.008
761 2171 0 2171 775.665 519.260 256.405 0.100 0.009
762 2171 0 2171 801.317 576.714 224.603 0.100 0.009
763 2171 0 2171 829.569 602.640 226.929 0.100 0.009
764 2293 0 2293 855.114 602.640 252.474 0.100 0.010
765 2293 0 2293 881.794 648.194 233.600 0.100 0.010
766 2293 0 2293 912.595 691.302 221.294 0.100 0.011
767 2293 0 2293 938.512 691.302 247.210 0.100 0.011
768 2293 0 2293 964.618 747.996 216.622 0.117 0.011
769 2293 0 2293 992.616 765.154 227.462 0.117 0.012
770 2293 0 2293 1022.140 785.137 237.002 0.117 0.012
771 2293 0 2293 1047.419 785.257 262.162 0.117 0.012
772 2293 0 2293 1072.467 816.931 255.536 0.117 0.013
773 2293 0 2293 1098.106 841.755 256.351 0.117 0.013
774 2293 0 2293 1122.926 938.276 184.650 0.117 0.014
775 2293 0 2293 1146.641 938.359 208.283 0.117 0.014
776 2293 0 2293 1170.820 938.359 232.461 0.117 0.014
777 2293 0 2293 1192.284 938.359 253.925 0.117 0.015
778 2293 0 2293 1210.909 938.359 272.550 0.117 0.015
779 2293 0 2293 1232.717 980.465 252.251 0.133 0.015
780 2293 0 2293 1251.707 980.465 271.242 0.133 0.015
781 2293 0 2293 1269.938 1060.122 209.816 0.133 0.016
782 2293 0 2293 1283.819 1060.122 223.698 0.133 0.016
783 2293 0 2293 1300.154 1080.804 219.350 0.133 0.016
784 2293 0 2293 1311.651 1117.080 194.571 0.133 0.016
785 2293 0 2293 1324.493 1117.181 207.312 0.133 0.017
786 2293 0 2293 1335.974 1117.255 218.718 0.133 0.017
787 2293 0 2293 1347.191 1117.318 229.873 0.133 0.017
788 2293 0 2293 1355.043 1117.318 237.725 0.133 0.017
789 2293 0 2293 1361.061 1117.318 243.743 0.133 0.017
790 2293 0 2293 1368.382 1117.318 251.064 0.133 0.017
791 2293 0 2293 1374.331 1117.318 257.013 0.133 0.017
792 2293 0 2293 1380.694 1117.318 263.376 0.133 0.017
793 2293 0 2293 1382.862 1117.318 265.544 0.133 0.017
794 2293 0 2293 1385.706 1131.873 253.833 0.133 0.017
795 2293 0 2293 1387.878 1131.873 256.005 0.133 0.017
796 2293 0 2293 1388.524 1131.873 256.651 0.133 0.017
797 2293 0 2293 1386.463 1131.873 254.590 0.133 0.017
798 2293 0 2293 1383.315 1131.873 251.442 0.133 0.017
799 2293 0 2293 1380.230 1131.873 248.357 0.133 0.017
800 2293 0 2293 1374.289 1131.873 242.416 0.133 0.016
801 2293 0 2293 1369.130 1131.879 237.250 0.133 0.016
802 2293 0 2293 1360.694 1161.594 199.099 0.133 0.016
803 2293 0 2293 1350.422 1161.594 188.828 0.133 0.016
804 2293 0 2293 1343.571 1161.594 181.977 0.133 0.015
805 2293 0 2293 1333.901 1161.557 172.343 0.133 0.015
806 2293 0 2293 1319.839 1161.557 158.281 0.133 0.015
807 2293 0 2293 1302.974 1161.541 141.434 0.133 0.015
808 2293 0 2293 1287.269 1161.541 125.728 0.133 0.015
809 2293 0 2293 1272.346 1161.541 110.806 0.150 0.014
810 2293 0 2293 1253.800 1161.499 92.301 0.150 0.014
811 2293 0 2293 1237.127 1161.499 75.628 0.150 0.014
812 2293 0 2293 1217.915 1161.443 56.471 0.150 0.014
813 2293 0 2293 1200.246 1161.443 38.802 0.150 0.013
814 2293 0 2293 1179.435 1161.443 17.991 0.167 0.013
815 2293 0 2293 1156.952 1161.443 4.492 0.167 0.013
816 2293 0 2293 1133.429 1161.443 28.015 0.167 0.013
817 2293 0 2293 1105.944 1161.443 55.500 0.167 0.013
818 2293 0 2293 1081.180 1161.443 80.263 0.167 0.013
819 2293 0 2293 1052.393 1161.443 109.050 0.167 0.013
820 2293 0 2293 1021.857 1161.259 139.401 0.183 0.013
821 2293 0 2293 994.111 1161.259 167.148 0.183 0.013
822 2293 0 2293 969.109 1161.259 192.150 0.183 0.013
823 2293 0 2293 940.055 1161.259 221.203 0.183 0.013
824 2136 0 2136 912.445 1161.259 248.813 0.183 0.013
825 2136 0 2136 886.984 1127.167 240.183 0.183 0.013
826 2136 0 2136 855.458 1126.987 271.529 0.183 0.013
827 2136 0 2136 830.218 1111.863 281.645 0.183 0.013
828 2136 0 2136 803.496 1077.021 273.526 0.167 0.013
829 2136 0 2136 774.581 1010.882 236.301 0.167 0.013
830 2136 0 2136 748.039 964.431 216.392 0.167 0.013
831 2136 0 2136 721.601 964.339 242.738 0.167 0.013
832 2136 0 2136 695.026 932.872 237.845 0.150 0.013
833 2136 0 2136 669.474 901.038 231.564 0.150 0.013
834 2061 0 2061 643.551 882.130 238.579 0.167 0.013
835 2061 0 2061 617.721 810.832 193.111 0.167 0.013
836 1847 0 1847 590.789 810.832 220.043 0.167 0.013
837 1847 0 1847 564.809 810.832 246.023 0.167 0.013
838 1847 0 1847 540.712 782.312 241.599 0.167 0.013
839 1847 0 1847 519.436 730.663 211.227 0.167 0.013
840 1802 0 1802 496.271 730.663 234.392 0.167 0.013
841 1763 0 1763 473.588 701.861 228.272 0.167 0.013
842 1763 0 1763 450.958 639.303 188.345 0.150 0.014
843 1761 0 1761 427.307 639.303 211.997 0.150 0.014
844 1761 0 1761 404.975 639.303 234.329 0.150 0.014
845 1761 0 1761 383.364 608.870 225.506 0.133 0.014
846 1761 0 1761 357.940 576.577 218.636 0.133 0.014
847 1761 0 1761 335.756 559.460 223.704 0.133 0.014
848 1761 0 1761 313.255 559.194 245.939 0.133 0.014
849 1761 0 1761 290.408 517.666 227.258 0.133 0.015
850 1761 0 1761 272.247 517.666 245.419 0.133 0.015
851 1524 0 1524 252.702 470.342 217.640 0.133 0.015
852 1524 0 1524 235.273 453.748 218.475 0.133 0.015
853 1524 0 1524 218.581 453.676 235.095 0.133 0.015
854 1501 0 1501 201.134 424.796 223.662 0.133 0.016
855 1501 0 1501 186.671 424.796 238.125 0.133 0.016
856 1414 0 1414 172.527 392.981 220.455 0.133 0.016
857 1414 0 1414 157.372 392.854 235.482 0.133 0.016
858 1186 0 1186 143.008 392.791 249.783 0.133 0.016
859 1174 0 1174 130.150 392.791 262.641 0.133 0.016
860 1174 0 1174 116.705 373.111 256.406 0.133 0.017
861 1059 0 1059 105.489 373.051 267.561 0.133 0.017
862 1026 0 1026 92.856 298.940 206.085 0.133 0.017
863 1026 0 1026 81.107 298.940 217.834 0.133 0.017
864 1026 0 1026 73.906 298.940 225.035 0.133 0.017
865 997 0 997 65.614 270.610 204.995 0.133 0.017
866 997 0 997 56.144 270.610 214.466 0.133 0.017
867 864 0 864 46.022 270.565 224.543 0.133 0.017
868 864 0 864 37.988 270.565 232.578 0.133 0.017
869 864 0 864 31.368 251.939 220.571 0.133 0.017
870 774 0 774 24.607 251.939 227.332 0.133 0.017
871 749 0 749 19.520 251.939 232.419 0.133 0.017
872 749 0 749 15.010 251.939 236.929 0.133 0.017
873 749 0 749 11.386 251.939 240.553 0.133 0.017
874 749 0 749 8.176 251.897 243.722 0.133 0.017
875 749 0 749 5.663 251.897 246.235 0.133 0.016
876 749 0 749 3.627 251.897 248.271 0.133 0.016
877 749 0 749 2.395 251.897 249.503 0.133 0.016
878 693 0 693 1.561 251.897 250.337 0.133 0.016
879 400 0 400 0.963 251.897 250.934 0.117 0.015
880 400 0 400 0.669 251.938 251.270 0.117 0.015
881 361 0 361 0.392 251.897 251.505 0.117 0.014
882 361 0 361 0.279 251.897 251.618 0.117 0.014
883 361 0 361 0.201 251.897 251.696 0.117 0.014
884 202 0 202 0.141 251.897 251.756 0.117 0.013
885 184 0 184 0.135 251.897 251.762 0.117 0.013
886 184 0 184 0.142 251.938 251.796 0.117 0.012
887 195 0 195 0.224 251.872 251.649 0.100 0.012
888 430 0 430 0.406 251.872 251.466 0.100 0.012
889 430 0 430 0.656 251.872 251.216 0.100 0.011
890 430 0 430 0.893 251.914 251.021 0.100 0.011
891 683 0 683 1.343 251.914 250.571 0.100 0.011
892 683 0 683 2.010 251.876 249.866 0.100 0.010
893 683 0 683 2.844 251.876 249.033 0.100 0.010
894 683 0 683 4.517 251.876 247.360 0.100 0.009
895 683 0 683 6.399 251.876 245.477 0.100 0.009
896 683 0 683 9.321 251.846 242.525 0.083 0.009
897 699 0 699 13.220 251.846 238.626 0.083 0.008
898 699 0 699 17.054 251.846 234.792 0.083 0.008
899 798 0 798 22.560 251.846 229.286 0.083 0.007
900 798 0 798 28.785 251.845 223.060 0.083 0.007
901 798 0 798 35.434 251.845 216.411 0.083 0.007
902 798 0 798 41.140 251.845 210.705 0.083 0.007
903 832 0 832 49.592 251.845 202.253 0.083 0.006
904 842 0 842 57.643 251.888 194.245 0.067 0.006
905 903 0 903 66.014 251.928 185.914 0.083 0.006
906 1015 0 1015 75.050 251.928 176.878 0.083 0.005
907 1015 0 1015 86.884 251.982 165.098 0.083 0.005
908 1042 0 1042 99.535 252.106 152.571 0.067 0.005
909 1179 0 1179 111.195 252.106 140.911 0.067 0.004
910 1179 0 1179 123.505 252.106 128.602 0.067 0.004
911 1240 0 1240 135.767 252.106 116.339 0.067 0.004
912 1369 0 1369 149.363 252.194 102.830 0.067 0.004
913 1474 0 1474 165.470 252.235 86.765 0.067 0.004
914 1474 0 1474 180.894 252.276 71.382 0.067 0.003
915 1474 0 1474 195.019 252.276 57.258 0.067 0.003
916 1474 0 1474 212.989 252.276 39.287 0.067 0.003
917 1503 0 1503 228.759 252.359 23.600 0.050 0.003
918 1849 0 1849 249.914 252.522 2.609 0.067 0.003
919 1849 0 1849 266.757 252.687 14.070 0.067 0.003
920 1849 0 1849 285.070 252.729 32.342 0.067 0.003
921 1849 0 1849 305.156 252.770 52.386 0.067 0.003
922 1849 0 1849 326.798 252.853 73.945 0.067 0.003
923 1849 0 1849 347.043 252.995 94.048 0.067 0.004
924 1849 0 1849 370.225 252.995 117.230 0.067 0.004
925 1849 0 1849 391.648 253.329 138.319 0.083 0.004
926 1849 0 1849 410.927 253.329 157.597 0.083 0.004
927 1849 0 1849 430.967 253.549 177.417 0.083 0.004
928 1869 0 1869 456.743 253.549 203.194 0.083 0.004
929 1869 0 1869 476.723 253.591 223.132 0.083 0.005
930 1869 0 1869 499.147 253.591 245.556 0.083 0.005
931 1869 0 1869 523.586 321.652 201.934 0.083 0.005
932 1869 0 1869 549.384 321.652 227.732 0.083 0.006
933 1869 0 1869 575.035 352.179 222.856 0.083 0.006
934 1950 0 1950 600.573 397.317 203.257 0.083 0.006
935 1950 0 1950 623.619 397.317 226.302 0.083 0.006
936 1950 0 1950 650.804 444.196 206.608 0.083 0.007
937 2017 0 2017 675.879 444.196 231.683 0.083 0.007
938 2017 0 2017 701.060 473.109 227.951 0.100 0.008
939 2224 0 2224 725.005 492.681 232.324 0.100 0.008
940 2224 0 2224 749.068 492.681 256.387 0.100 0.008
941 2224 0 2224 773.095 537.566 235.529 0.100 0.009
942 2386 0 2386 803.756 566.067 237.688 0.100 0.009
943 2462 0 2462 829.103 566.067 263.036 0.117 0.009
944 2462 0 2462 857.567 601.115 256.452 0.117 0.010
945 2462 0 2462 884.708 650.042 234.666 0.117 0.010
946 2462 0 2462 909.238 650.042 259.196 0.117 0.010
947 2462 0 2462 937.636 670.899 266.737 0.117 0.011
948 2462 0 2462 963.466 747.587 215.880 0.117 0.011
949 2462 0 2462 987.799 777.952 209.847 0.117 0.012
950 2462 0 2462 1014.552 777.952 236.600 0.117 0.012
951 2462 0 2462 1038.030 796.994 241.036 0.117 0.012
952 2462 0 2462 1065.560 844.001 221.559 0.117 0.013
953 2462 0 2462 1090.133 844.128 246.005 0.117 0.013
954 2462 0 2462 1115.696 877.648 238.048 0.117 0.014
955 2462 0 2462 1139.656 927.027 212.630 0.117 0.014
956 2462 0 2462 1164.226 959.640 204.586 0.117 0.014
957 2462 0 2462 1188.958 959.640 229.318 0.117 0.015
958 2462 0 2462 1208.861 959.640 249.220 0.117 0.015
959 2462 0 2462 1231.179 1010.055 221.123 0.117 0.015
960 2462 0 2462 1250.973 1010.176 240.797 0.117 0.016
961 2462 0 2462 1268.605 1028.523 240.082 0.117 0.016
962 2462 0 2462 1282.737 1028.523 254.214 0.117 0.016
963 2462 0 2462 1298.781 1028.523 270.257 0.117 0.016
964 2462 0 2462 1312.522 1075.292 237.230 0.133 0.016
965 2462 0 2462 1324.174 1107.180 216.994 0.133 0.017
966 2462 0 2462 1334.042 1107.180 226.862 0.133 0.017
967 2462 0 2462 1346.691 1107.264 239.426 0.133 0.017
968 2462 0 2462 1357.623 1107.264 250.359 0.133 0.017
969 2462 0 2462 1365.054 1140.309 224.745 0.133 0.017
970 2462 0 2462 1371.932 1168.628 203.304 0.133 0.017
971 2462 0 2462 1375.443 1168.613 206.830 0.133 0.017
972 2462 0 2462 1379.596 1168.674 210.922 0.133 0.017
973 2462 0 2462 1383.970 1168.663 215.307 0.133 0.017
974 2462 0 2462 1385.975 1168.663 217.312 0.133 0.017
975 2462 0 2462 1385.404 1168.663 216.740 0.133 0.017
976 2462 0 2462 1386.056 1168.663 217.393 0.133 0.017
977 2462 0 2462 1381.838 1168.619 213.219 0.133 0.017
978 2462 0 2462 1380.032 1168.647 211.385 0.133 0.017
979 2462 0 2462 1373.951 1168.634 205.318 0.133 0.017
980 2462 0 2462 1369.586 1168.634 200.953 0.133 0.016
981 2462 0 2462 1362.778 1168.634 194.144 0.133 0.016
982 2462 0 2462 1356.368 1168.634 187.734 0.133 0.016
983 2462 0 2462 1347.454 1168.642 178.812 0.150 0.016
984 2462 0 2462 1336.758 1168.642 168.116 0.150 0.015
985 2462 0 2462 1324.634 1168.610 156.024 0.150 0.015
986 2462 0 2462 1313.054 1168.610 144.444 0.150 0.015
987 2462 0 2462 1296.964 1168.583 128.381 0.150 0.015
988 2462 0 2462 1281.621 1168.463 113.158 0.150 0.015
989 2462 0 2462 1264.674 1168.357 96.317 0.133 0.014
990 2462 0 2462 1250.006 1168.357 81.649 0.150 0.014
991 2462 0 2462 1233.753 1168.225 65.528 0.150 0.014
992 2462 0 2462 1216.258 1168.225 48.033 0.150 0.014
993 2462 0 2462 1196.207 1168.064 28.143 0.133 0.013
994 2462 0 2462 1175.178 1168.064 7.114 0.133 0.013
995 2462 0 2462 1152.677 1168.064 15.387 0.133 0.013
996 2462 0 2462 1126.434 1168.064 41.630 0.133 0.013
997 2462 0 2462 1101.897 1168.064 66.167 0.133 0.013
998 2462 0 2462 1074.506 1168.064 93.558 0.150 0.013
999 2462 0 2462 1053.723 1167.996 114.274 0.150 0.013
1000 2462 0 2462 1029.882 1167.996 138.115 0.150 0.013
1001 2462 0 2462 1006.957 1167.383 160.426 0.150 0.013
1002 2462 0 2462 981.694 1167.383 185.689 0.150 0.013
1003 2260 0 2260 954.509 1167.383 212.874 0.133 0.013
1004 2260 0 2260 925.901 1167.383 241.483 0.133 0.013
1005 2260 0 2260 897.900 1167.012 269.112 0.133 0.013
1006 2260 0 2260 872.563 1138.232 265.669 0.133 0.013
1007 2260 0 2260 843.919 1079.461 235.542 0.133 0.013
1008 2260 0 2260 813.408 1010.895 197.487 0.133 0.013
1009 2110 0 2110 790.231 1010.740 220.509 0.133 0.013
1010 2110 0 2110 763.487 1010.740 247.253 0.150 0.013
1011 2110 0 2110 737.545 966.866 229.321 0.150 0.013
1012 2110 0 2110 709.600 966.716 257.116 0.150 0.013
1013 2110 0 2110 682.176 906.561 224.385 0.150 0.013
1014 2110 0 2110 657.364 863.243 205.878 0.150 0.013
1015 2110 0 2110 631.251 844.131 212.880 0.150 0.013
1016 2054 0 2054 604.906 844.131 239.226 0.150 0.013
1017 2054 0 2054 577.461 798.842 221.380 0.150 0.013
1018 2054 0 2054 553.167 798.842 245.674 0.150 0.013
1019 2029 0 2029 526.508 798.842 272.334 0.150 0.013
1020 1857 0 1857 503.305 719.502 216.197 0.150 0.013
1021 1857 0 1857 480.453 719.389 238.936 0.150 0.013
1022 1843 0 1843 458.976 672.747 213.771 0.150 0.013
1023 1721 0 1721 437.755 644.848 207.093 0.133 0.014
1024 1721 0 1721 414.288 626.091 211.802 0.150 0.014
1025 1681 0 1681 391.738 598.918 207.180 0.150 0.014
1026 1681 0 1681 367.729 598.918 231.189 0.133 0.014
1027 1681 0 1681 347.477 566.531 219.054 0.133 0.014
1028 1681 0 1681 329.132 566.531 237.399 0.133 0.014
1029 1681 0 1681 308.541 566.531 257.990 0.133 0.014
1030 1681 0 1681 288.424 517.044 228.620 0.133 0.015
1031 1681 0 1681 265.550 473.197 207.647 0.133 0.015
1032 1681 0 1681 247.180 455.183 208.002 0.133 0.015
1033 1681 0 1681 229.201 455.079 225.878 0.133 0.015
1034 1681 0 1681 211.126 455.079 243.952 0.133 0.015
1035 1681 0 1681 193.476 423.391 229.914 0.133 0.015
1036 1540 0 1540 176.633 396.029 219.396 0.133 0.016
1037 1396 0 1396 158.689 395.886 237.196 0.133 0.016
1038 1396 0 1396 144.781 395.886 251.104 0.133 0.016
1039 1396 0 1396 129.199 395.886 266.686 0.133 0.016
1040 1195 0 1195 116.394 353.504 237.109 0.133 0.016
1041 1195 0 1195 104.135 324.464 220.328 0.133 0.017
1042 1195 0 1195 93.912 305.121 211.209 0.133 0.017
1043 1195 0 1195 83.143 305.121 221.978 0.133 0.017
1044 1195 0 1195 73.024 305.121 232.097 0.133 0.017
1045 1195 0 1195 62.600 305.121 242.521 0.133 0.017
1046 1195 0 1195 53.900 305.072 251.172 0.133 0.017
1047 1180 0 1180 44.491 270.702 226.211 0.133 0.017
1048 1180 0 1180 36.833 270.678 233.845 0.133 0.017
1049 1180 0 1180 29.431 228.645 199.214 0.133 0.017
1050 1180 0 1180 24.071 228.608 204.537 0.133 0.017
1051 1180 0 1180 19.560 228.591 209.031 0.133 0.017
1052 840 0 840 15.024 228.591 213.568 0.133 0.017
1053 762 0 762 11.133 228.603 217.470 0.133 0.017
1054 762 0 762 8.156 228.603 220.446 0.133 0.017
1055 520 0 520 5.505 228.603 223.098 0.133 0.016
1056 520 0 520 3.720 228.603 224.883 0.133 0.016
1057 520 0 520 2.686 228.603 225.916 0.133 0.016
1058 449 0 449 1.702 228.603 226.901 0.133 0.015
1059 449 0 449 1.344 228.603 227.258 0.133 0.015
1060 449 0 449 0.871 228.603 227.732 0.133 0.015
1061 449 0 449 0.612 228.713 228.101 0.133 0.015
1062 449 0 449 0.533 228.676 228.144 0.133 0.014
1063 449 0 449 0.457 228.676 228.220 0.133 0.014
1064 449 0 449 0.397 228.676 228.279 0.117 0.013
1065 449 0 449 0.295 228.750 228.455 0.117 0.013
1066 449 0 449 0.263 228.750 228.488 0.117 0.013
1067 516 0 516 0.405 228.750 228.345 0.117 0.012
1068 516 0 516 0.513 228.750 228.238 0.117 0.012
1069 516 0 516 0.672 228.787 228.116 0.117 0.011
1070 551 0 551 0.891 228.787 227.896 0.100 0.011
1071 551 0 551 1.316 228.787 227.472 0.100 0.011
1072 551 0 551 1.932 228.787 226.856 0.100 0.010
1073 551 0 551 2.886 228.861 225.975 0.100 0.010
1074 643 0 643 3.933 228.861 224.928 0.100 0.009
1075 643 0 643 5.487 228.830 223.343 0.100 0.009
1076 643 0 643 8.309 228.830 220.522 0.083 0.009
1077 643 0 643 11.525 228.830 217.305 0.083 0.008
1078 760 0 760 15.511 228.830 213.319 0.083 0.008
1079 760 0 760 19.859 228.830 208.971 0.083 0.008
1080 840 0 840 25.215 228.830 203.615 0.083 0.007
1081 968 0 968 31.149 228.867 197.718 0.083 0.007
1082 1011 0 1011 37.771 228.867 191.096 0.083 0.007
1083 1011 0 1011 45.507 228.889 183.381 0.083 0.006
1084 1011 0 1011 53.264 228.948 175.684 0.083 0.006
1085 1041 0 1041 61.947 229.065 167.118 0.083 0.006
1086 1069 0 1069 72.328 229.065 156.738 0.083 0.005
1087 1133 0 1133 82.681 229.065 146.385 0.083 0.005
1088 1321 0 1321 93.241 229.161 135.920 0.067 0.005
1089 1321 0 1321 103.278 229.161 125.883 0.067 0.005
1090 1321 0 1321 115.522 229.161 113.639 0.067 0.004
1091 1321 0 1321 128.011 229.161 101.150 0.067 0.004
1092 1352 0 1352 141.962 229.161 87.199 0.067 0.004
1093 1352 0 1352 154.767 229.161 74.394 0.067 0.004
1094 1352 0 1352 170.638 229.161 58.522 0.067 0.004
1095 1352 0 1352 187.590 229.161 41.570 0.067 0.003
1096 1363 0 1363 203.983 229.235 25.251 0.067 0.003
1097 1363 0 1363 219.611 229.272 9.661 0.067 0.003
1098 1370 0 1370 237.965 229.404 8.562 0.067 0.003
1099 1480 0 1480 255.945 229.404 26.542 0.067 0.003
1100 1480 0 1480 275.110 229.557 45.553 0.067 0.003
1101 1621 0 1621 293.911 229.557 64.354 0.067 0.003
1102 1621 0 1621 314.247 229.557 84.689 0.067 0.003
1103 1621 0 1621 332.939 229.557 103.382 0.067 0.004
1104 1709 0 1709 353.497 229.557 123.940 0.067 0.004
1105 1904 0 1904 376.071 229.763 146.308 0.067 0.004
1106 1904 0 1904 400.972 229.801 171.172 0.067 0.004
1107 2021 0 2021 423.681 229.801 193.880 0.067 0.004
1108 2021 0 2021 447.771 229.801 217.970 0.067 0.005
1109 2021 0 2021 470.917 229.801 241.117 0.067 0.005
1110 2021 0 2021 495.209 308.538 186.671 0.083 0.005
1111 2021 0 2021 516.624 308.538 208.086 0.083 0.005
1112 2021 0 2021 543.095 308.720 234.374 0.083 0.005
1113 2021 0 2021 567.425 308.720 258.704 0.083 0.006
1114 2021 0 2021 594.146 308.901 285.245 0.100 0.006
1115 2021 0 2021 620.954 339.037 281.916 0.100 0.006
1116 2093 0 2093 645.246 441.427 203.819 0.100 0.007
1117 2125 0 2125 672.163 441.582 230.581 0.100 0.007
1118 2125 0 2125 699.533 487.013 212.520 0.100 0.008
1119 2161 0 2161 726.972 487.013 239.959 0.100 0.008
1120 2161 0 2161 752.893 487.013 265.880 0.100 0.008
1121 2161 0 2161 781.355 515.068 266.287 0.100 0.009
1122 2161 0 2161 807.225 561.533 245.692 0.100 0.009
1123 2161 0 2161 834.503 616.581 217.922 0.100 0.010
1124 2161 0 2161 858.737 616.581 242.156 0.117 0.010
1125 2161 0 2161 887.194 642.671 244.523 0.117 0.010
1126 2161 0 2161 914.966 687.386 227.580 0.117 0.011
1127 2161 0 2161 942.028 687.386 254.642 0.117 0.011
1128 2161 0 2161 968.163 731.291 236.872 0.117 0.011
1129 2249 0 2249 994.328 731.291 263.037 0.117 0.012
1130 2249 0 2249 1020.619 783.095 237.524 0.117 0.012
1131 2249 0 2249 1047.229 824.036 223.193 0.117 0.013
1132 2249 0 2249 1073.508 824.139 249.370 0.117 0.013
1133 2249 0 2249 1101.258 853.172 248.085 0.117 0.013
1134 2249 0 2249 1124.509 900.889 223.621 0.117 0.014
1135 2249 0 2249 1147.308 922.701 224.607 0.117 0.014
1136 2249 0 2249 1170.196 922.701 247.494 0.117 0.014
1137 2249 0 2249 1192.254 981.955 210.299 0.117 0.015
1138 2249 0 2249 1213.712 982.139 231.573 0.117 0.015
1139 2249 0 2249 1233.100 1010.717 222.383 0.117 0.015
1140 2249 0 2249 1251.453 1028.116 223.337 0.133 0.016
1141 2249 0 2249 1268.920 1028.116 240.804 0.133 0.016
1142 2249 0 2249 1285.326 1028.116 257.211 0.133 0.016
1143 2249 0 2249 1300.815 1028.220 272.595 0.133 0.016
1144 2249 0 2249 1314.500 1073.722 240.778 0.133 0.016
1145 2249 0 2249 1326.517 1099.785 226.732 0.133 0.017
1146 2249 0 2249 1339.868 1132.521 207.347 0.133 0.017
1147 2249 0 2249 1349.899 1132.521 217.378 0.133 0.017
1148 2249 0 2249 1357.726 1132.571 225.155 0.133 0.017
1149 2249 0 2249 1364.614 1132.571 232.043 0.133 0.017
1150 2249 0 2249 1371.658 1132.571 239.087 0.133 0.017
1151 2249 0 2249 1377.270 1160.404 216.866 0.133 0.017
1152 2249 0 2249 1380.904 1180.232 200.672 0.133 0.017
1153 2249 0 2249 1382.752 1180.232 202.520 0.133 0.017
1154 2249 0 2249 1385.012 1180.258 204.754 0.133 0.017
1155 2249 0 2249 1385.679 1180.258 205.422 0.133 0.017
1156 2249 0 2249 1384.394 1180.170 204.224 0.133 0.017
1157 2249 0 2249 1382.918 1180.170 202.748 0.133 0.017
1158 2249 0 2249 1379.538 1180.144 199.394 0.133 0.017
1159 2249 0 2249 1374.842 1197.227 177.615 0.133 0.017
1160 2249 0 2249 1370.658 1197.230 173.428 0.133 0.016
1161 2249 0 2249 1364.575 1197.230 167.345 0.150 0.016
1162 2249 0 2249 1356.517 1197.230 159.287 0.150 0.016
1163 2249 0 2249 1346.630 1197.230 149.400 0.150 0.016
1164 2249 0 2249 1335.723 1197.230 138.493 0.150 0.016
1165 2249 0 2249 1324.820 1197.181 127.639 0.150 0.015
1166 2249 0 2249 1313.494 1197.181 116.313 0.150 0.015
1167 2249 0 2249 1298.000 1196.944 101.056 0.150 0.015
1168 2249 0 2249 1285.351 1196.944 88.408 0.150 0.014
1169 2249 0 2249 1270.816 1196.944 73.873 0.150 0.014
1170 2249 0 2249 1253.789 1196.881 56.908 0.150 0.014
1171 2249 0 2249 1236.490 1196.881 39.608 0.150 0.014
1172 2249 0 2249 1216.583 1196.839 19.744 0.133 0.014
1173 2249 0 2249 1194.780 1196.686 1.907 0.133 0.014
1174 2249 0 2249 1174.147 1196.646 22.499 0.133 0.013
1175 2249 0 2249 1155.910 1196.646 40.736 0.150 0.013
1176 2249 0 2249 1132.199 1196.646 64.446 0.150 0.013
1177 2249 0 2249 1108.121 1196.605 88.484 0.150 0.013
1178 2249 0 2249 1081.747 1196.605 114.858 0.150 0.013
1179 2249 0 2249 1058.131 1196.605 138.474 0.150 0.013
1180 2249 0 2249 1032.249 1196.414 164.165 0.167 0.013
1181 2249 0 2249 1007.743 1182.573 174.830 0.167 0.013
1182 2249 0 2249 980.309 1182.573 202.264 0.167 0.013
1183 2249 0 2249 954.325 1182.573 228.248 0.167 0.013
1184 2249 0 2249 925.744 1182.573 256.829 0.167 0.013
1185 2249 0 2249 894.829 1161.663 266.834 0.167 0.013
1186 2249 0 2249 867.293 1116.658 249.365 0.167 0.013
1187 2249 0 2249 845.808 1083.801 237.993 0.150 0.013
1188 2249 0 2249 820.624 1040.332 219.708 0.150 0.013
1189 2155 0 2155 791.834 1012.198 220.364 0.150 0.013
1190 2155 0 2155 765.015 1012.198 247.184 0.150 0.013
1191 2155 0 2155 737.053 983.755 246.703 0.150 0.013
1192 2155 0 2155 710.414 962.655 252.241 0.150 0.013
1193 2155 0 2155 687.510 962.655 275.145 0.150 0.013
1194 2109 0 2109 661.769 887.854 226.085 0.150 0.013
1195 2004 0 2004 634.945 887.757 252.812 0.150 0.013
1196 2004 0 2004 606.676 838.883 232.208 0.150 0.013
1197 2004 0 2004 581.536 818.422 236.886 0.150 0.013
1198 2004 0 2004 553.788 818.328 264.540 0.150 0.013
1199 2004 0 2004 527.176 787.879 260.703 0.150 0.013
