1 872 0 872 385.020 0.000 385.020 0.000 0.000
2 872 0 872 411.401 0.000 411.401 0.000 0.000
3 1024 0 1024 432.923 0.000 432.923 0.000 0.000
4 1024 0 1024 449.870 0.000 449.870 0.000 0.000
5 1098 0 1098 470.513 0.000 470.513 0.000 0.000
6 1098 0 1098 488.688 477.847 10.841 1.333 0.261
7 1098 0 1098 511.237 492.605 18.632 1.143 0.230
8 1098 0 1098 530.626 517.436 13.190 1.125 0.207
9 1306 0 1306 551.801 528.395 23.405 1.111 0.190
10 1306 0 1306 572.300 546.102 26.198 1.200 0.176
11 1306 0 1306 594.688 573.994 20.694 1.091 0.165
12 1306 0 1306 614.592 596.289 18.303 1.083 0.156
13 1362 0 1362 634.294 612.760 21.534 1.000 0.148
14 1362 0 1362 651.341 621.291 30.050 0.929 0.141
15 1529 0 1529 669.008 649.333 19.675 1.000 0.135
16 1529 0 1529 688.245 665.996 22.250 1.000 0.130
17 1651 0 1651 702.855 686.544 16.311 0.941 0.125
18 1651 0 1651 721.840 705.807 16.033 0.944 0.121
19 1651 0 1651 743.435 721.118 22.317 0.947 0.118
20 1651 0 1651 762.854 737.818 25.036 0.950 0.114
21 1651 0 1651 785.609 765.504 20.105 0.905 0.112
22 1651 0 1651 806.119 778.221 27.898 0.955 0.110
23 1815 0 1815 826.455 800.318 26.137 0.913 0.108
24 1815 0 1815 844.803 822.274 22.530 0.917 0.106
25 1815 0 1815 862.728 841.979 20.749 0.880 0.104
26 1815 0 1815 879.350 861.419 17.931 0.885 0.102
27 1815 0 1815 894.921 874.208 20.713 0.889 0.100
28 1815 0 1815 911.093 889.040 22.053 0.893 0.098
29 1886 0 1886 929.881 907.576 22.305 0.897 0.097
30 1886 0 1886 949.762 935.916 13.846 0.900 0.096
31 1886 0 1886 965.289 943.538 21.751 0.871 0.095
32 2110 0 2110 981.907 957.773 24.133 0.875 0.093
33 2110 0 2110 995.298 974.563 20.735 0.848 0.092
34 2110 0 2110 1008.061 990.271 17.790 0.853 0.091
35 2128 0 2128 1023.911 999.552 24.359 0.857 0.090
36 2128 0 2128 1040.392 1017.812 22.580 0.833 0.089
37 2148 0 2148 1055.529 1038.171 17.358 0.838 0.088
38 2148 0 2148 1068.997 1043.708 25.290 0.842 0.087
39 2148 0 2148 1080.048 1063.691 16.358 0.846 0.086
40 2148 0 2148 1093.007 1069.750 23.258 0.825 0.085
41 2148 0 2148 1105.036 1081.805 23.230 0.829 0.084
42 2148 0 2148 1116.690 1095.226 21.464 0.833 0.083
43 2148 0 2148 1128.147 1108.121 20.025 0.837 0.082
44 2148 0 2148 1137.312 1117.369 19.943 0.818 0.081
45 2148 0 2148 1146.721 1123.738 22.983 0.800 0.081
46 2148 0 2148 1156.781 1126.888 29.892 0.804 0.080
47 2148 0 2148 1166.433 1145.862 20.571 0.787 0.079
48 2148 0 2148 1176.023 1148.176 27.847 0.771 0.078
49 2148 0 2148 1184.700 1164.791 19.909 0.776 0.077
50 2148 0 2148 1193.240 1164.791 28.449 0.780 0.077
51 2148 0 2148 1201.636 1176.753 24.883 0.765 0.076
52 2148 0 2148 1208.348 1187.031 21.317 0.750 0.075
53 2200 0 2200 1214.877 1187.031 27.846 0.736 0.074
54 2200 0 2200 1220.651 1193.167 27.484 0.722 0.074
55 2200 0 2200 1225.660 1202.148 23.512 0.709 0.073
56 2200 0 2200 1231.797 1208.797 23.001 0.714 0.072
57 2200 0 2200 1235.737 1208.797 26.940 0.702 0.071
58 2200 0 2200 1240.265 1208.797 31.468 0.690 0.070
59 2200 0 2200 1244.514 1215.076 29.438 0.678 0.070
60 2200 0 2200 1248.101 1224.002 24.100 0.667 0.069
61 2200 0 2200 1264.127 1242.078 22.050 0.683 0.070
62 2200 0 2200 1280.223 1254.392 25.832 0.700 0.071
63 2200 0 2200 1295.499 1270.892 24.607 0.700 0.072
64 2200 0 2200 1309.167 1281.003 28.165 0.717 0.073
65 2200 0 2200 1324.438 1300.054 24.383 0.733 0.074
66 2200 0 2200 1337.304 1315.405 21.900 0.667 0.049
67 2200 0 2200 1349.564 1328.261 21.303 0.667 0.049
68 2200 0 2200 1358.182 1341.420 16.762 0.650 0.049
69 2200 0 2200 1366.068 1350.604 15.463 0.650 0.049
70 2200 0 2200 1372.895 1354.573 18.322 0.633 0.049
71 2200 0 2200 1379.667 1363.650 16.017 0.633 0.049
72 2200 0 2200 1384.300 1372.144 12.157 0.617 0.049
73 2200 0 2200 1387.836 1372.144 15.692 0.600 0.049
74 2200 0 2200 1389.896 1372.144 17.753 0.583 0.049
75 2200 0 2200 1389.271 1372.144 17.127 0.567 0.049
76 2200 0 2200 1387.871 1372.144 15.727 0.550 0.049
77 2200 0 2200 1383.956 1372.144 11.812 0.533 0.049
78 2200 0 2200 1381.071 1372.144 8.927 0.533 0.048
79 2200 0 2200 1378.576 1372.144 6.432 0.517 0.048
80 2200 0 2200 1374.542 1372.144 2.398 0.517 0.048
81 2200 0 2200 1370.504 1372.144 1.640 0.500 0.047
82 2200 0 2200 1362.492 1372.144 9.651 0.483 0.047
83 2200 0 2200 1353.749 1372.144 18.395 0.483 0.047
84 2200 0 2200 1344.150 1363.886 19.737 0.483 0.047
85 2200 0 2200 1332.457 1354.824 22.367 0.483 0.047
86 2200 0 2200 1320.786 1342.680 21.894 0.483 0.047
87 2200 0 2200 1304.987 1327.548 22.561 0.483 0.047
88 2200 0 2200 1292.071 1311.267 19.196 0.500 0.047
89 2200 0 2200 1274.501 1301.005 26.504 0.500 0.047
90 2200 0 2200 1257.212 1278.440 21.228 0.500 0.047
91 2200 0 2200 1237.941 1260.156 22.215 0.483 0.047
92 2200 0 2200 1218.524 1240.162 21.638 0.483 0.047
93 2200 0 2200 1200.116 1226.168 26.052 0.517 0.048
94 2200 0 2200 1177.021 1202.733 25.711 0.517 0.048
95 2200 0 2200 1156.859 1183.827 26.968 0.517 0.049
96 2200 0 2200 1136.039 1157.132 21.093 0.517 0.049
97 2200 0 2200 1107.465 1128.173 20.708 0.517 0.050
98 2200 0 2200 1082.513 1107.014 24.501 0.517 0.051
99 2200 0 2200 1058.889 1083.053 24.165 0.533 0.051
100 2200 0 2200 1035.416 1059.460 24.044 0.550 0.052
101 2200 0 2200 1009.226 1031.772 22.546 0.567 0.053
102 2200 0 2200 982.081 1008.927 26.846 0.583 0.054
103 2200 0 2200 953.115 975.709 22.594 0.600 0.055
104 2200 0 2200 928.165 951.636 23.471 0.600 0.056
105 2200 0 2200 904.088 920.753 16.665 0.600 0.057
106 2200 0 2200 873.725 892.776 19.051 0.617 0.058
107 2200 0 2200 846.094 867.280 21.185 0.633 0.059
108 2200 0 2200 817.291 835.956 18.665 0.650 0.060
109 2200 0 2200 791.725 811.596 19.871 0.667 0.061
110 2200 0 2200 764.634 785.150 20.516 0.683 0.062
111 2200 0 2200 736.272 760.239 23.967 0.683 0.064
112 2200 0 2200 707.731 734.443 26.712 0.700 0.065
113 2190 0 2190 679.893 703.856 23.963 0.733 0.066
114 2190 0 2190 653.005 679.701 26.696 0.750 0.067
115 2190 0 2190 626.772 647.175 20.403 0.767 0.069
116 2190 0 2190 598.036 617.243 19.207 0.767 0.070
117 2190 0 2190 575.167 596.605 21.438 0.783 0.071
118 2190 0 2190 550.248 576.039 25.791 0.817 0.073
119 2190 0 2190 523.959 542.793 18.835 0.817 0.074
120 2190 0 2190 498.497 526.512 28.015 0.833 0.075
121 2190 0 2190 473.754 493.173 19.419 0.833 0.076
122 2190 0 2190 449.956 470.262 20.306 0.850 0.076
123 2190 0 2190 424.741 448.224 23.484 0.850 0.077
124 2190 0 2190 401.416 427.126 25.710 0.850 0.077
125 2190 0 2190 380.934 404.202 23.268 0.850 0.078
126 2029 0 2029 356.802 382.536 25.734 0.850 0.078
127 2029 0 2029 333.147 351.179 18.032 0.867 0.079
128 2029 0 2029 314.344 341.349 27.005 0.867 0.079
129 2029 0 2029 293.739 319.803 26.064 0.850 0.080
130 1688 0 1688 274.443 299.490 25.046 0.850 0.080
131 1688 0 1688 255.623 280.031 24.408 0.867 0.081
132 1688 0 1688 237.364 260.135 22.770 0.867 0.081
133 1688 0 1688 220.146 238.857 18.712 0.883 0.081
134 1688 0 1688 205.890 236.494 30.604 0.883 0.081
135 1688 0 1688 188.620 217.571 28.950 0.900 0.082
136 1688 0 1688 171.313 195.815 24.502 0.917 0.082
137 1688 0 1688 154.789 180.400 25.611 0.933 0.083
138 1688 0 1688 139.125 162.217 23.091 0.950 0.083
139 1688 0 1688 128.136 151.351 23.216 0.950 0.083
140 1688 0 1688 116.705 144.189 27.484 0.967 0.083
141 1469 0 1469 105.925 130.774 24.849 0.967 0.083
142 1469 0 1469 93.734 121.868 28.134 0.983 0.084
143 1469 0 1469 82.589 109.882 27.293 0.983 0.084
144 1122 0 1122 73.229 99.756 26.527 0.983 0.084
145 901 0 901 63.839 87.413 23.575 0.983 0.084
146 901 0 901 55.591 83.836 28.245 1.000 0.083
147 787 0 787 45.579 66.429 20.850 0.983 0.083
148 786 0 786 38.800 66.429 27.629 0.967 0.083
149 786 0 786 31.388 59.142 27.754 0.967 0.083
150 786 0 786 25.492 51.125 25.633 0.967 0.082
151 786 0 786 19.870 45.052 25.182 0.950 0.081
152 786 0 786 15.244 40.951 25.707 0.933 0.080
153 786 0 786 11.741 37.691 25.950 0.933 0.080
154 629 0 629 7.689 33.879 26.191 0.917 0.079
155 629 0 629 5.514 33.879 28.366 0.900 0.077
156 596 0 596 4.098 33.879 29.781 0.883 0.076
157 596 0 596 2.573 33.888 31.315 0.867 0.075
158 596 0 596 1.657 33.888 32.231 0.850 0.073
159 596 0 596 1.185 33.888 32.703 0.833 0.072
160 596 0 596 0.871 33.882 33.011 0.817 0.070
161 334 0 334 0.505 28.315 27.810 0.800 0.068
162 230 0 230 0.316 28.315 27.999 0.767 0.067
163 230 0 230 0.223 28.320 28.096 0.750 0.065
164 230 0 230 0.195 28.320 28.125 0.733 0.063
165 230 0 230 0.171 28.320 28.149 0.717 0.062
166 230 0 230 0.199 28.315 28.115 0.700 0.060
167 230 0 230 0.256 28.315 28.059 0.667 0.058
168 273 0 273 0.341 28.310 27.969 0.650 0.056
169 273 0 273 0.516 28.310 27.794 0.633 0.054
170 721 0 721 0.949 28.306 27.358 0.600 0.053
171 721 0 721 1.210 28.315 27.105 0.583 0.051
172 721 0 721 1.818 28.315 26.497 0.567 0.049
173 721 0 721 2.677 28.315 25.638 0.550 0.047
174 721 0 721 3.482 28.315 24.833 0.533 0.045
175 721 0 721 5.866 28.347 22.481 0.517 0.044
176 763 0 763 9.089 28.359 19.270 0.483 0.042
177 763 0 763 12.655 28.359 15.704 0.467 0.041
178 763 0 763 16.457 28.364 11.907 0.450 0.039
179 1042 0 1042 20.917 28.364 7.447 0.433 0.038
180 1042 0 1042 26.513 28.368 1.855 0.417 0.037
181 1042 0 1042 32.116 28.422 3.693 0.400 0.035
182 1042 0 1042 38.563 28.422 10.141 0.383 0.034
183 1042 0 1042 46.089 28.422 17.667 0.400 0.033
184 1042 0 1042 54.711 28.427 26.284 0.383 0.033
185 1409 0 1409 63.870 32.084 31.787 0.383 0.032
186 1409 0 1409 72.662 47.827 24.835 0.367 0.031
187 1409 0 1409 83.261 59.592 23.669 0.350 0.030
188 1409 0 1409 93.600 67.411 26.188 0.350 0.030
189 1437 0 1437 104.641 82.005 22.636 0.350 0.029
190 1437 0 1437 116.844 86.734 30.110 0.350 0.029
191 1437 0 1437 131.094 104.356 26.738 0.350 0.029
192 1437 0 1437 145.665 124.598 21.067 0.350 0.029
193 1437 0 1437 161.958 134.805 27.154 0.350 0.028
194 1437 0 1437 176.702 149.582 27.121 0.350 0.029
195 1437 0 1437 190.730 169.469 21.261 0.350 0.028
196 1467 0 1467 208.563 178.658 29.906 0.333 0.028
197 1467 0 1467 224.091 191.431 32.660 0.333 0.028
198 1467 0 1467 240.945 212.592 28.354 0.333 0.028
199 1658 0 1658 257.554 232.997 24.557 0.350 0.029
200 1658 0 1658 279.475 254.152 25.322 0.350 0.029
201 1658 0 1658 299.059 274.541 24.518 0.350 0.030
202 1658 0 1658 319.179 294.765 24.414 0.350 0.030
203 1658 0 1658 344.434 313.237 31.198 0.383 0.031
204 1724 0 1724 362.645 333.840 28.805 0.367 0.031
205 1724 0 1724 382.841 355.290 27.551 0.367 0.032
206 1724 0 1724 403.337 377.196 26.142 0.383 0.033
207 1752 0 1752 423.414 399.463 23.951 0.383 0.033
208 1752 0 1752 443.968 416.370 27.598 0.400 0.034
209 1808 0 1808 467.767 441.047 26.720 0.433 0.035
210 1818 0 1818 490.108 468.371 21.737 0.417 0.036
211 1818 0 1818 511.227 490.379 20.848 0.433 0.036
212 1986 0 1986 535.509 512.428 23.081 0.450 0.038
213 1987 0 1987 564.314 544.584 19.730 0.450 0.039
214 1987 0 1987 584.177 560.082 24.096 0.483 0.040
215 1987 0 1987 608.148 582.418 25.731 0.500 0.042
216 2023 0 2023 631.813 609.346 22.467 0.517 0.043
217 2023 0 2023 653.466 630.278 23.188 0.533 0.044
218 2253 0 2253 677.485 655.871 21.614 0.533 0.046
219 2253 0 2253 703.334 686.638 16.696 0.533 0.048
220 2253 0 2253 729.675 706.842 22.833 0.567 0.049
221 2253 0 2253 761.649 740.377 21.272 0.567 0.051
222 2253 0 2253 791.994 771.745 20.249 0.600 0.053
223 2325 0 2325 818.875 799.252 19.623 0.617 0.055
224 2325 0 2325 848.752 828.686 20.066 0.650 0.057
225 2325 0 2325 873.534 847.214 26.320 0.667 0.058
226 2325 0 2325 901.717 881.983 19.734 0.700 0.060
227 2325 0 2325 929.676 907.252 22.424 0.717 0.062
228 2325 0 2325 956.407 933.265 23.142 0.733 0.063
229 2325 0 2325 984.920 957.105 27.814 0.750 0.065
230 2325 0 2325 1012.578 996.023 16.555 0.767 0.067
231 2325 0 2325 1038.108 1020.555 17.553 0.783 0.068
232 2325 0 2325 1064.736 1044.228 20.509 0.800 0.070
233 2325 0 2325 1090.474 1069.632 20.841 0.817 0.072
234 2325 0 2325 1113.737 1089.674 24.063 0.833 0.073
235 2325 0 2325 1137.869 1111.257 26.611 0.850 0.074
236 2325 0 2325 1164.250 1134.741 29.509 0.867 0.076
237 2325 0 2325 1187.518 1169.225 18.294 0.900 0.077
238 2325 0 2325 1207.621 1186.982 20.639 0.917 0.078
239 2325 0 2325 1227.581 1205.131 22.451 0.917 0.079
240 2325 0 2325 1248.137 1221.260 26.876 0.933 0.080
241 2325 0 2325 1265.163 1235.956 29.207 0.950 0.081
242 2325 0 2325 1280.524 1258.083 22.441 0.967 0.081
243 2325 0 2325 1295.530 1277.341 18.189 0.983 0.082
244 2325 0 2325 1311.064 1292.718 18.346 1.000 0.082
245 2325 0 2325 1323.440 1298.862 24.578 1.000 0.082
246 2325 0 2325 1333.941 1318.129 15.812 1.000 0.082
247 2325 0 2325 1344.155 1318.129 26.026 0.983 0.082
248 2325 0 2325 1352.466 1335.603 16.864 1.000 0.082
249 2325 0 2325 1359.145 1339.410 19.735 0.983 0.082
250 2325 0 2325 1365.606 1352.604 13.002 1.000 0.082
251 2325 0 2325 1371.731 1360.773 10.959 0.983 0.082
252 2325 0 2325 1376.059 1360.719 15.340 0.967 0.082
253 2325 0 2325 1379.711 1362.756 16.955 0.967 0.082
254 2325 0 2325 1380.835 1362.756 18.079 0.950 0.082
255 2325 0 2325 1380.749 1366.541 14.208 0.933 0.081
256 2325 0 2325 1380.176 1370.669 9.506 0.950 0.081
257 2325 0 2325 1378.306 1370.669 7.636 0.933 0.081
258 2325 0 2325 1374.813 1370.669 4.143 0.917 0.080
259 2325 0 2325 1369.997 1370.669 0.672 0.900 0.080
260 2325 0 2325 1365.961 1370.573 4.612 0.883 0.079
261 2325 0 2325 1358.966 1370.573 11.607 0.867 0.079
262 2325 0 2325 1349.131 1360.095 10.964 0.867 0.078
263 2325 0 2325 1341.625 1356.572 14.947 0.850 0.078
264 2325 0 2325 1331.722 1352.499 20.776 0.850 0.077
265 2325 0 2325 1319.415 1336.953 17.538 0.833 0.076
266 2325 0 2325 1306.770 1326.634 19.863 0.833 0.076
267 2325 0 2325 1292.871 1312.345 19.474 0.817 0.075
268 2325 0 2325 1279.847 1308.542 28.695 0.800 0.075
269 2325 0 2325 1264.523 1291.000 26.478 0.800 0.074
270 2325 0 2325 1247.286 1272.482 25.197 0.800 0.074
271 2325 0 2325 1226.906 1251.180 24.274 0.800 0.074
272 2325 0 2325 1208.019 1229.919 21.900 0.800 0.073
273 2325 0 2325 1186.794 1207.588 20.794 0.800 0.073
274 2325 0 2325 1167.648 1191.776 24.128 0.800 0.073
275 2325 0 2325 1145.464 1169.839 24.374 0.800 0.073
276 2325 0 2325 1121.517 1147.241 25.723 0.800 0.072
277 2325 0 2325 1098.324 1117.324 19.000 0.800 0.073
278 2325 0 2325 1075.135 1094.986 19.851 0.817 0.072
279 2325 0 2325 1050.747 1073.704 22.956 0.817 0.072
280 2325 0 2325 1027.419 1049.078 21.660 0.850 0.072
281 2325 0 2325 998.880 1017.092 18.212 0.867 0.072
282 2325 0 2325 970.718 994.375 23.657 0.833 0.072
283 2174 0 2174 942.239 966.148 23.909 0.833 0.072
284 2174 0 2174 911.616 934.719 23.103 0.817 0.072
285 2174 0 2174 886.148 904.215 18.068 0.817 0.072
286 2174 0 2174 860.172 886.016 25.844 0.800 0.072
287 2174 0 2174 836.337 857.184 20.847 0.800 0.072
288 2174 0 2174 810.914 831.657 20.743 0.800 0.072
289 2174 0 2174 786.070 805.341 19.270 0.783 0.072
290 2174 0 2174 757.964 779.238 21.274 0.783 0.072
291 2174 0 2174 730.891 753.670 22.779 0.783 0.072
292 2071 0 2071 705.784 725.135 19.351 0.800 0.072
293 2071 0 2071 679.955 697.129 17.174 0.783 0.072
294 1937 0 1937 653.951 671.514 17.563 0.783 0.072
295 1937 0 1937 630.810 652.322 21.512 0.783 0.072
296 1937 0 1937 607.256 626.306 19.050 0.783 0.073
297 1937 0 1937 582.125 606.584 24.459 0.767 0.073
298 1937 0 1937 557.697 581.245 23.548 0.783 0.073
299 1893 0 1893 531.981 557.361 25.380 0.783 0.073
300 1893 0 1893 506.619 527.212 20.593 0.783 0.074
301 1893 0 1893 480.611 504.441 23.830 0.800 0.074
302 1893 0 1893 454.008 481.698 27.690 0.783 0.075
303 1893 0 1893 433.542 456.431 22.889 0.800 0.076
304 1893 0 1893 409.281 433.751 24.470 0.817 0.076
305 1893 0 1893 388.075 412.473 24.398 0.817 0.076
306 1893 0 1893 365.265 389.786 24.521 0.817 0.077
307 1893 0 1893 344.528 369.635 25.108 0.833 0.078
308 1893 0 1893 323.308 346.634 23.325 0.833 0.078
309 1893 0 1893 301.982 324.770 22.788 0.833 0.079
310 1893 0 1893 283.149 305.132 21.983 0.833 0.079
311 1893 0 1893 263.352 285.198 21.846 0.867 0.080
312 1893 0 1893 243.315 266.739 23.424 0.867 0.080
313 1470 0 1470 224.259 246.211 21.952 0.883 0.080
314 1470 0 1470 205.140 228.035 22.895 0.900 0.081
315 1395 0 1395 190.420 214.656 24.235 0.917 0.081
316 1326 0 1326 173.964 200.340 26.376 0.917 0.081
317 1326 0 1326 160.552 187.361 26.810 0.917 0.082
318 1173 0 1173 146.005 169.768 23.763 0.933 0.082
319 1173 0 1173 132.122 160.132 28.010 0.950 0.082
320 1141 0 1141 119.782 148.814 29.032 0.950 0.082
321 1090 0 1090 107.055 129.754 22.699 0.967 0.082
322 1090 0 1090 93.865 121.878 28.013 0.967 0.082
323 1078 0 1078 83.487 109.311 25.824 0.983 0.082
324 995 0 995 73.660 96.217 22.557 0.983 0.083
325 995 0 995 63.279 83.400 20.121 0.983 0.082
326 968 0 968 54.225 79.967 25.741 0.983 0.082
327 968 0 968 45.608 69.883 24.275 0.967 0.082
328 968 0 968 38.597 61.573 22.976 0.983 0.082
329 968 0 968 32.258 58.230 25.972 0.967 0.082
330 819 0 819 25.994 53.841 27.847 0.950 0.081
331 819 0 819 20.042 43.101 23.059 0.950 0.080
332 619 0 619 15.211 39.400 24.189 0.933 0.079
333 618 0 618 11.202 35.864 24.662 0.917 0.078
334 618 0 618 8.150 34.074 25.923 0.900 0.078
335 513 0 513 5.808 34.074 28.266 0.883 0.076
336 513 0 513 3.611 29.650 26.039 0.867 0.075
337 504 0 504 2.493 29.645 27.152 0.850 0.074
338 504 0 504 1.813 29.645 27.833 0.833 0.072
339 326 0 326 1.359 29.645 28.286 0.817 0.071
340 318 0 318 0.863 29.645 28.782 0.800 0.070
341 318 0 318 0.697 29.641 28.943 0.800 0.068
342 305 0 305 0.507 29.641 29.133 0.783 0.066
343 305 0 305 0.468 29.641 29.173 0.750 0.064
344 305 0 305 0.418 29.636 29.218 0.733 0.062
345 305 0 305 0.329 29.636 29.306 0.733 0.061
346 312 0 312 0.371 29.622 29.251 0.717 0.059
347 331 0 331 0.416 29.622 29.206 0.700 0.057
348 331 0 331 0.422 29.622 29.200 0.683 0.056
349 331 0 331 0.551 29.627 29.076 0.650 0.054
350 352 0 352 0.782 29.627 28.846 0.650 0.052
351 472 0 472 1.247 29.632 28.385 0.617 0.051
352 472 0 472 1.596 29.637 28.041 0.600 0.049
353 472 0 472 2.505 29.637 27.132 0.583 0.047
354 569 0 569 3.492 29.637 26.145 0.550 0.045
355 570 0 570 5.361 29.637 24.276 0.517 0.044
356 570 0 570 7.685 29.640 21.955 0.517 0.042
357 610 0 610 11.328 29.640 18.312 0.500 0.041
358 812 0 812 15.240 29.705 14.464 0.483 0.039
359 812 0 812 21.918 29.705 7.787 0.467 0.038
360 860 0 860 27.297 29.705 2.407 0.450 0.037
361 860 0 860 33.927 29.705 4.223 0.433 0.036
362 860 0 860 41.556 29.705 11.852 0.417 0.035
363 860 0 860 48.608 29.705 18.903 0.433 0.034
364 860 0 860 57.729 32.114 25.615 0.433 0.033
365 995 0 995 67.320 39.677 27.643 0.433 0.033
366 1045 0 1045 76.344 46.179 30.165 0.400 0.032
367 1045 0 1045 87.111 57.499 29.612 0.417 0.031
368 1163 0 1163 97.776 65.780 31.996 0.417 0.031
369 1207 0 1207 109.301 85.609 23.693 0.417 0.030
370 1207 0 1207 123.233 90.852 32.381 0.400 0.030
371 1207 0 1207 135.971 109.188 26.784 0.400 0.029
372 1399 0 1399 153.623 124.454 29.169 0.383 0.029
373 1399 0 1399 167.331 139.955 27.376 0.383 0.029
374 1602 0 1602 183.705 157.436 26.268 0.350 0.029
375 1602 0 1602 197.940 171.965 25.976 0.350 0.029
376 1602 0 1602 213.736 188.835 24.900 0.317 0.029
377 1646 0 1646 230.664 203.043 27.621 0.333 0.029
378 1704 0 1704 247.945 221.939 26.006 0.350 0.029
379 1704 0 1704 267.634 241.920 25.714 0.333 0.030
380 1704 0 1704 287.395 253.351 34.044 0.333 0.030
381 1704 0 1704 306.341 277.817 28.524 0.333 0.030
382 2209 0 2209 325.704 297.504 28.200 0.317 0.031
383 2209 0 2209 346.858 324.078 22.780 0.333 0.031
384 2209 0 2209 369.844 340.686 29.158 0.350 0.032
385 2209 0 2209 391.546 362.306 29.241 0.383 0.033
386 2209 0 2209 411.641 388.571 23.070 0.383 0.033
387 2209 0 2209 433.541 407.334 26.206 0.367 0.034
388 2209 0 2209 456.168 426.395 29.773 0.383 0.035
389 2209 0 2209 479.620 459.005 20.614 0.383 0.036
390 2209 0 2209 502.549 475.091 27.458 0.450 0.037
391 2209 0 2209 526.356 501.704 24.653 0.450 0.038
392 2209 0 2209 549.249 534.504 14.746 0.467 0.039
393 2209 0 2209 571.590 551.665 19.925 0.483 0.040
394 2209 0 2209 595.737 573.662 22.075 0.500 0.042
395 2209 0 2209 619.107 600.841 18.266 0.483 0.043
396 2209 0 2209 643.729 621.044 22.686 0.500 0.044
397 2209 0 2209 672.222 648.147 24.075 0.517 0.046
398 2209 0 2209 697.870 678.124 19.746 0.533 0.048
399 2209 0 2209 724.368 703.288 21.079 0.550 0.049
400 2209 0 2209 751.342 727.144 24.198 0.567 0.051
401 2209 0 2209 777.848 756.762 21.086 0.583 0.053
402 2209 0 2209 802.277 779.967 22.309 0.583 0.054
403 2209 0 2209 828.850 805.981 22.869 0.617 0.056
404 2209 0 2209 854.982 831.018 23.964 0.633 0.057
405 2209 0 2209 879.960 861.248 18.712 0.650 0.059
406 2209 0 2209 906.787 884.338 22.448 0.667 0.061
407 2209 0 2209 934.030 915.259 18.771 0.700 0.063
408 2209 0 2209 958.428 938.244 20.184 0.717 0.064
409 2209 0 2209 982.294 957.036 25.258 0.733 0.066
410 2209 0 2209 1009.967 993.157 16.809 0.750 0.067
411 2209 0 2209 1036.064 1014.606 21.458 0.767 0.069
412 2209 0 2209 1060.241 1037.275 22.966 0.783 0.070
413 2209 0 2209 1086.697 1062.788 23.909 0.817 0.072
414 2209 0 2209 1109.752 1083.872 25.879 0.817 0.074
415 2209 0 2209 1133.936 1108.246 25.691 0.833 0.075
416 2209 0 2209 1157.021 1133.382 23.639 0.867 0.076
417 2209 0 2209 1179.330 1155.296 24.034 0.883 0.078
418 2209 0 2209 1199.111 1180.107 19.004 0.900 0.079
419 2209 0 2209 1224.646 1204.340 20.305 0.917 0.080
420 2209 0 2209 1241.923 1215.959 25.964 0.933 0.081
421 2209 0 2209 1260.250 1239.288 20.962 0.950 0.081
422 2209 0 2209 1278.484 1256.878 21.605 0.950 0.082
423 2209 0 2209 1293.322 1266.204 27.117 0.967 0.082
424 2209 0 2209 1308.773 1281.953 26.820 0.983 0.082
425 2209 0 2209 1322.498 1299.679 22.819 1.000 0.082
426 2209 0 2209 1333.287 1312.033 21.254 1.000 0.083
427 2209 0 2209 1344.148 1319.623 24.525 1.000 0.083
428 2209 0 2209 1352.560 1331.641 20.919 0.983 0.083
429 2209 0 2209 1360.463 1348.100 12.363 0.983 0.083
430 2209 0 2209 1368.660 1348.100 20.560 0.983 0.083
431 2209 0 2209 1374.583 1362.395 12.188 0.983 0.082
432 2209 0 2209 1381.923 1365.516 16.407 0.967 0.082
433 2209 0 2209 1384.875 1371.808 13.066 0.967 0.082
434 2209 0 2209 1386.952 1371.712 15.240 0.950 0.082
435 2209 0 2209 1387.415 1377.359 10.056 0.950 0.082
436 2209 0 2209 1386.980 1377.359 9.621 0.933 0.081
437 2209 0 2209 1384.760 1377.359 7.401 0.917 0.081
438 2209 0 2209 1382.108 1377.359 4.749 0.900 0.081
439 2209 0 2209 1378.356 1377.359 0.997 0.883 0.080
440 2209 0 2209 1372.482 1377.359 4.877 0.883 0.080
441 2209 0 2209 1365.038 1377.359 12.321 0.850 0.079
442 2172 0 2172 1356.486 1375.317 18.830 0.850 0.079
443 2172 0 2172 1346.361 1360.814 14.453 0.850 0.078
444 2172 0 2172 1334.605 1357.301 22.696 0.850 0.078
445 2172 0 2172 1321.315 1344.631 23.315 0.867 0.077
446 2172 0 2172 1308.289 1332.333 24.044 0.850 0.077
447 2172 0 2172 1294.336 1315.135 20.799 0.833 0.076
448 2172 0 2172 1280.367 1304.409 24.042 0.817 0.075
449 2172 0 2172 1261.135 1284.831 23.696 0.817 0.075
450 2172 0 2172 1243.873 1267.310 23.437 0.817 0.074
451 2172 0 2172 1227.836 1249.931 22.095 0.833 0.074
452 2172 0 2172 1205.451 1230.728 25.277 0.833 0.074
453 2172 0 2172 1183.538 1206.755 23.218 0.817 0.073
454 2172 0 2172 1162.160 1185.391 23.232 0.833 0.073
455 2172 0 2172 1143.416 1168.020 24.604 0.800 0.073
456 2172 0 2172 1122.837 1142.959 20.122 0.800 0.073
457 2172 0 2172 1096.576 1120.351 23.775 0.800 0.072
458 2172 0 2172 1073.746 1098.555 24.809 0.783 0.072
459 2172 0 2172 1048.288 1075.980 27.691 0.783 0.072
460 2172 0 2172 1021.418 1041.777 20.359 0.783 0.072
461 2156 0 2156 997.184 1021.428 24.244 0.783 0.072
462 2149 0 2149 972.243 995.497 23.254 0.800 0.072
463 2149 0 2149 946.527 965.437 18.910 0.783 0.072
464 2149 0 2149 918.930 938.068 19.138 0.800 0.072
465 2149 0 2149 894.376 917.356 22.980 0.800 0.072
466 2149 0 2149 866.980 895.618 28.638 0.800 0.072
467 2149 0 2149 837.178 857.740 20.562 0.817 0.072
468 2054 0 2054 813.544 837.350 23.807 0.817 0.072
469 2054 0 2054 786.725 812.108 25.384 0.800 0.072
470 2054 0 2054 760.700 783.055 22.356 0.800 0.072
471 2054 0 2054 734.362 758.843 24.481 0.783 0.073
472 2054 0 2054 709.883 731.864 21.980 0.800 0.072
473 2054 0 2054 680.634 702.273 21.639 0.783 0.073
474 2054 0 2054 654.989 672.654 17.664 0.800 0.073
475 2054 0 2054 626.870 645.940 19.070 0.800 0.073
476 2054 0 2054 601.923 629.201 27.277 0.800 0.073
477 2054 0 2054 575.538 593.848 18.310 0.800 0.074
478 2054 0 2054 552.479 573.537 21.059 0.800 0.074
479 2021 0 2021 528.447 550.556 22.110 0.783 0.074
480 2021 0 2021 506.387 530.785 24.398 0.800 0.074
481 2021 0 2021 479.771 503.300 23.529 0.833 0.075
482 1824 0 1824 457.556 482.751 25.195 0.817 0.075
483 1824 0 1824 432.593 456.941 24.348 0.817 0.076
484 1824 0 1824 409.495 432.139 22.644 0.833 0.076
485 1789 0 1789 388.508 413.346 24.838 0.817 0.077
486 1705 0 1705 366.368 390.938 24.569 0.833 0.077
487 1705 0 1705 345.920 374.675 28.755 0.833 0.078
488 1705 0 1705 324.587 352.099 27.512 0.850 0.078
489 1680 0 1680 302.724 322.660 19.935 0.867 0.079
490 1680 0 1680 281.989 302.894 20.905 0.883 0.079
491 1680 0 1680 265.362 288.231 22.870 0.867 0.080
492 1656 0 1656 247.820 270.864 23.044 0.883 0.080
493 1656 0 1656 231.754 258.500 26.745 0.900 0.080
494 1656 0 1656 213.800 239.631 25.830 0.917 0.080
495 1656 0 1656 198.271 221.760 23.490 0.917 0.081
496 1656 0 1656 183.811 209.651 25.840 0.933 0.081
497 1656 0 1656 167.494 195.860 28.365 0.933 0.081
498 1656 0 1656 153.997 178.207 24.210 0.950 0.081
499 1449 0 1449 140.112 162.216 22.104 0.950 0.081
500 1420 0 1420 126.098 148.250 22.152 0.967 0.082
501 1420 0 1420 113.271 140.738 27.467 0.967 0.082
502 1344 0 1344 100.889 121.925 21.037 0.983 0.082
503 1123 0 1123 88.265 112.854 24.589 1.000 0.082
504 1028 0 1028 75.962 98.546 22.584 1.000 0.082
505 1028 0 1028 65.107 87.355 22.249 1.000 0.082
506 964 0 964 55.888 77.508 21.621 1.000 0.082
507 964 0 964 47.124 65.962 18.838 1.000 0.082
508 964 0 964 39.499 63.511 24.012 0.983 0.081
509 964 0 964 31.268 59.391 28.123 0.983 0.081
510 941 0 941 25.213 50.192 24.979 0.983 0.080
511 941 0 941 20.592 43.493 22.902 0.967 0.080
512 941 0 941 14.957 39.568 24.611 0.950 0.079
513 941 0 941 10.695 34.345 23.651 0.933 0.078
514 520 0 520 7.193 34.320 27.127 0.917 0.077
515 506 0 506 5.099 34.320 29.221 0.900 0.076
516 506 0 506 3.609 34.320 30.711 0.883 0.075
517 506 0 506 2.182 34.320 32.138 0.867 0.073
518 506 0 506 1.417 31.885 30.467 0.850 0.072
519 506 0 506 1.030 31.879 30.849 0.833 0.070
520 506 0 506 0.794 31.874 31.080 0.800 0.068
521 506 0 506 0.707 31.879 31.172 0.783 0.067
522 446 0 446 0.482 31.879 31.397 0.767 0.065
523 446 0 446 0.421 31.885 31.464 0.733 0.064
524 238 0 238 0.320 31.885 31.564 0.717 0.062
525 238 0 238 0.392 31.885 31.492 0.700 0.060
526 238 0 238 0.319 31.885 31.565 0.683 0.059
527 238 0 238 0.320 31.885 31.565 0.683 0.057
528 213 0 213 0.346 31.885 31.538 0.667 0.055
529 384 0 384 0.513 31.885 31.371 0.650 0.053
530 384 0 384 0.736 31.885 31.149 0.617 0.052
531 384 0 384 1.184 31.885 30.700 0.617 0.050
532 384 0 384 1.719 31.885 30.166 0.583 0.048
533 463 0 463 2.608 31.885 29.277 0.567 0.047
534 740 0 740 3.785 31.885 28.100 0.550 0.045
535 740 0 740 5.517 31.885 26.367 0.533 0.043
536 740 0 740 8.339 31.885 23.546 0.517 0.042
537 740 0 740 11.770 31.885 20.115 0.483 0.040
538 740 0 740 15.547 31.885 16.337 0.467 0.039
539 740 0 740 20.764 31.975 11.211 0.450 0.037
540 819 0 819 25.879 31.980 6.101 0.417 0.036
541 819 0 819 31.575 31.980 0.405 0.400 0.035
542 819 0 819 37.509 31.980 5.529 0.383 0.034
543 880 0 880 45.124 31.980 13.144 0.367 0.033
544 1026 0 1026 53.808 31.980 21.827 0.383 0.032
545 1026 0 1026 62.881 38.243 24.638 0.383 0.032
546 1069 0 1069 74.220 50.314 23.906 0.350 0.031
547 1069 0 1069 84.162 56.261 27.901 0.350 0.030
548 1276 0 1276 98.262 71.916 26.346 0.333 0.030
549 1276 0 1276 108.930 81.208 27.722 0.350 0.030
550 1276 0 1276 120.288 98.672 21.616 0.333 0.029
551 1356 0 1356 134.023 106.330 27.693 0.317 0.029
552 1640 0 1640 147.779 123.100 24.679 0.317 0.029
553 1640 0 1640 161.612 133.291 28.320 0.333 0.029
554 1640 0 1640 177.188 152.039 25.149 0.333 0.029
555 1640 0 1640 191.447 162.221 29.226 0.367 0.029
556 1640 0 1640 207.427 182.294 25.134 0.350 0.029
557 1640 0 1640 224.552 196.470 28.082 0.367 0.029
558 1640 0 1640 242.830 218.893 23.937 0.350 0.029
559 1640 0 1640 259.607 236.400 23.207 0.350 0.029
560 1640 0 1640 280.681 253.060 27.621 0.400 0.030
561 1640 0 1640 301.298 280.418 20.880 0.400 0.030
562 1640 0 1640 318.930 289.775 29.155 0.400 0.030
563 1674 0 1674 336.829 311.316 25.513 0.383 0.031
564 1674 0 1674 355.991 334.946 21.045 0.417 0.031
565 1818 0 1818 379.861 352.291 27.571 0.433 0.032
566 1866 0 1866 402.774 378.651 24.122 0.417 0.032
567 1866 0 1866 425.460 396.420 29.040 0.417 0.033
568 2042 0 2042 448.490 429.586 18.905 0.433 0.034
569 2042 0 2042 473.055 451.299 21.757 0.467 0.035
570 2042 0 2042 497.606 473.785 23.820 0.483 0.036
571 2042 0 2042 522.536 496.937 25.599 0.500 0.037
572 2526 0 2526 549.523 525.254 24.269 0.500 0.039
573 2526 0 2526 576.743 556.127 20.616 0.483 0.040
574 2526 0 2526 601.193 581.473 19.720 0.500 0.042
575 2526 0 2526 626.652 606.964 19.688 0.533 0.043
576 2526 0 2526 650.355 626.334 24.021 0.550 0.045
577 2526 0 2526 679.008 657.733 21.275 0.567 0.046
578 2526 0 2526 708.525 684.386 24.139 0.567 0.048
579 2526 0 2526 733.637 712.464 21.173 0.583 0.050
580 2526 0 2526 759.197 738.494 20.704 0.583 0.051
581 2526 0 2526 783.408 760.120 23.288 0.600 0.053
582 2526 0 2526 808.054 787.235 20.819 0.617 0.055
583 2526 0 2526 836.002 816.928 19.074 0.650 0.056
584 2526 0 2526 862.754 836.749 26.005 0.650 0.058
585 2526 0 2526 890.016 861.126 28.889 0.667 0.060
586 2526 0 2526 915.947 897.344 18.603 0.700 0.062
587 2526 0 2526 944.019 923.725 20.293 0.717 0.064
588 2526 0 2526 968.516 946.408 22.108 0.733 0.065
589 2526 0 2526 993.010 972.501 20.509 0.750 0.067
590 2526 0 2526 1017.412 996.849 20.563 0.767 0.068
591 2526 0 2526 1044.654 1023.198 21.455 0.800 0.070
592 2526 0 2526 1071.064 1053.540 17.524 0.817 0.071
593 2526 0 2526 1096.762 1078.259 18.503 0.833 0.073
594 2526 0 2526 1120.395 1100.863 19.533 0.833 0.075
595 2526 0 2526 1144.831 1122.910 21.920 0.850 0.076
596 2526 0 2526 1168.483 1145.034 23.449 0.867 0.077
597 2526 0 2526 1188.665 1165.213 23.452 0.883 0.078
598 2526 0 2526 1209.063 1186.550 22.513 0.900 0.079
599 2526 0 2526 1229.210 1206.189 23.021 0.917 0.080
600 2526 0 2526 1247.704 1223.544 24.160 0.933 0.081
601 2526 0 2526 1264.672 1240.205 24.467 0.933 0.082
602 2526 0 2526 1279.610 1254.376 25.234 0.950 0.082
603 2526 0 2526 1294.350 1272.809 21.540 0.967 0.083
604 2526 0 2526 1309.021 1288.648 20.373 0.983 0.083
605 2526 0 2526 1321.691 1301.116 20.576 0.983 0.083
606 2526 0 2526 1335.029 1313.982 21.047 1.000 0.083
607 2526 0 2526 1344.940 1326.257 18.683 0.983 0.083
608 2526 0 2526 1356.886 1339.354 17.532 1.000 0.083
609 2526 0 2526 1364.231 1339.354 24.877 0.983 0.083
610 2526 0 2526 1370.938 1351.327 19.611 0.967 0.083
611 2526 0 2526 1377.299 1362.228 15.071 0.983 0.083
612 2526 0 2526 1380.330 1362.299 18.032 0.967 0.083
613 2526 0 2526 1383.496 1367.811 15.686 0.967 0.083
614 2526 0 2526 1385.554 1369.809 15.745 0.950 0.083
615 2526 0 2526 1386.349 1373.395 12.955 0.950 0.082
616 2526 0 2526 1386.070 1375.797 10.273 0.933 0.082
617 2526 0 2526 1384.793 1375.797 8.996 0.917 0.081
618 2526 0 2526 1381.816 1375.702 6.115 0.900 0.081
619 2526 0 2526 1377.680 1375.702 1.978 0.883 0.081
620 2526 0 2526 1372.225 1375.702 3.477 0.867 0.080
621 2526 0 2526 1365.548 1375.600 10.053 0.850 0.079
622 2526 0 2526 1358.354 1371.477 13.123 0.850 0.079
623 2526 0 2526 1348.951 1362.638 13.687 0.850 0.079
624 2526 0 2526 1337.528 1357.205 19.677 0.833 0.078
625 2526 0 2526 1327.362 1345.967 18.605 0.833 0.077
626 2526 0 2526 1314.630 1334.040 19.410 0.817 0.077
627 2526 0 2526 1299.671 1314.988 15.316 0.817 0.076
628 2526 0 2526 1284.493 1308.967 24.474 0.800 0.076
629 2526 0 2526 1267.825 1292.415 24.590 0.800 0.075
630 2526 0 2526 1253.281 1278.217 24.936 0.783 0.074
631 2526 0 2526 1232.879 1259.726 26.847 0.800 0.074
632 2283 0 2283 1214.043 1237.846 23.803 0.800 0.073
633 2283 0 2283 1194.904 1222.554 27.650 0.783 0.073
634 2283 0 2283 1173.833 1198.916 25.083 0.800 0.072
635 2283 0 2283 1150.780 1176.863 26.082 0.783 0.072
636 2283 0 2283 1129.089 1153.417 24.328 0.783 0.072
637 2283 0 2283 1103.894 1129.428 25.534 0.783 0.072
638 2283 0 2283 1079.838 1106.951 27.113 0.767 0.071
639 2283 0 2283 1051.809 1074.818 23.008 0.767 0.071
640 2283 0 2283 1025.601 1046.738 21.136 0.767 0.071
641 2283 0 2283 1000.748 1027.018 26.271 0.783 0.071
642 2283 0 2283 975.162 1005.885 30.723 0.783 0.071
643 2283 0 2283 949.767 971.859 22.092 0.783 0.071
644 2283 0 2283 924.165 945.010 20.845 0.783 0.071
645 2283 0 2283 895.633 917.658 22.025 0.783 0.071
646 2283 0 2283 866.224 890.213 23.990 0.767 0.071
647 2283 0 2283 840.841 862.251 21.409 0.767 0.071
648 2283 0 2283 813.953 833.324 19.371 0.783 0.071
649 2283 0 2283 789.604 809.969 20.366 0.783 0.071
650 2131 0 2131 764.066 782.300 18.234 0.783 0.071
651 2131 0 2131 736.828 760.626 23.798 0.800 0.071
652 2131 0 2131 706.985 722.959 15.973 0.817 0.071
653 2131 0 2131 680.393 709.631 29.237 0.817 0.071
654 2131 0 2131 655.598 673.318 17.720 0.817 0.072
655 2131 0 2131 626.534 647.105 20.571 0.783 0.072
656 2131 0 2131 602.524 625.828 23.303 0.800 0.072
657 2131 0 2131 577.727 598.352 20.625 0.817 0.073
658 2131 0 2131 552.888 572.223 19.336 0.800 0.073
659 2131 0 2131 530.637 553.292 22.655 0.800 0.073
660 1819 0 1819 505.796 523.062 17.266 0.800 0.074
661 1819 0 1819 483.826 505.099 21.273 0.817 0.074
662 1819 0 1819 458.699 483.238 24.539 0.833 0.075
663 1769 0 1769 436.987 457.582 20.595 0.833 0.075
664 1700 0 1700 412.652 436.129 23.477 0.833 0.076
665 1696 0 1696 385.214 411.096 25.882 0.817 0.076
666 1696 0 1696 363.359 389.073 25.714 0.833 0.077
667 1696 0 1696 341.119 366.054 24.935 0.833 0.077
668 1696 0 1696 319.703 343.532 23.829 0.833 0.078
669 1696 0 1696 297.072 321.968 24.895 0.850 0.078
670 1696 0 1696 279.078 303.146 24.067 0.850 0.079
671 1696 0 1696 261.417 295.510 34.093 0.850 0.079
672 1696 0 1696 241.842 260.492 18.650 0.883 0.080
673 1539 0 1539 223.961 253.717 29.756 0.883 0.080
674 1539 0 1539 206.583 232.433 25.850 0.900 0.080
675 1539 0 1539 190.054 213.474 23.420 0.900 0.081
676 1539 0 1539 174.895 203.471 28.576 0.917 0.081
677 1539 0 1539 159.804 184.735 24.930 0.933 0.081
678 1539 0 1539 145.533 171.842 26.309 0.933 0.081
679 1539 0 1539 131.601 152.150 20.549 0.950 0.081
680 1478 0 1478 117.845 144.127 26.282 0.967 0.082
681 1478 0 1478 105.565 127.736 22.171 0.967 0.082
682 1478 0 1478 94.583 125.757 31.174 0.967 0.082
683 1301 0 1301 82.585 99.930 17.345 0.983 0.082
684 1032 0 1032 72.100 99.930 27.830 0.983 0.082
685 1032 0 1032 63.079 84.296 21.217 0.983 0.082
686 1032 0 1032 53.771 82.137 28.365 0.983 0.082
687 1032 0 1032 44.914 66.512 21.598 0.983 0.081
688 1032 0 1032 37.172 66.512 29.339 0.967 0.081
689 758 0 758 29.452 51.744 22.292 0.967 0.081
690 758 0 758 24.136 47.246 23.110 0.967 0.080
691 758 0 758 18.257 44.939 26.682 0.950 0.080
692 758 0 758 14.103 41.560 27.457 0.933 0.079
693 758 0 758 10.839 35.639 24.800 0.933 0.078
694 680 0 680 7.745 33.775 26.030 0.917 0.077
695 476 0 476 4.827 26.089 21.262 0.900 0.076
696 476 0 476 3.354 26.085 22.731 0.883 0.074
697 476 0 476 2.363 26.085 23.722 0.867 0.073
698 392 0 392 1.522 26.085 24.563 0.850 0.072
699 360 0 360 0.986 26.031 25.045 0.833 0.070
700 360 0 360 0.628 26.031 25.403 0.817 0.068
701 267 0 267 0.471 26.031 25.560 0.800 0.067
702 267 0 267 0.342 26.031 25.689 0.783 0.065
703 267 0 267 0.329 26.022 25.693 0.750 0.064
704 267 0 267 0.298 26.022 25.724 0.733 0.062
705 267 0 267 0.277 26.018 25.741 0.717 0.060
706 267 0 267 0.274 26.018 25.744 0.683 0.058
707 267 0 267 0.319 26.018 25.699 0.667 0.057
708 328 0 328 0.436 26.022 25.586 0.650 0.055
709 328 0 328 0.674 26.022 25.348 0.617 0.053
710 392 0 392 1.022 26.022 25.001 0.600 0.052
711 392 0 392 1.373 26.022 24.649 0.583 0.050
712 392 0 392 2.010 26.027 24.017 0.567 0.048
713 418 0 418 2.980 26.027 23.047 0.550 0.046
714 635 0 635 4.133 26.027 21.894 0.517 0.045
715 635 0 635 5.995 26.027 20.031 0.500 0.043
716 635 0 635 8.656 26.027 17.371 0.483 0.041
717 644 0 644 12.078 26.027 13.949 0.467 0.040
718 644 0 644 15.444 26.027 10.583 0.450 0.039
719 817 0 817 21.247 26.027 4.780 0.433 0.038
720 817 0 817 26.799 26.027 0.773 0.433 0.036
721 1078 0 1078 33.125 26.027 7.099 0.417 0.035
722 1078 0 1078 39.165 26.031 13.134 0.400 0.034
723 1078 0 1078 47.061 26.031 21.030 0.383 0.034
724 1078 0 1078 53.831 29.659 24.173 0.383 0.033
725 1078 0 1078 62.545 38.872 23.673 0.367 0.032
726 1078 0 1078 72.298 44.390 27.908 0.367 0.031
727 1184 0 1184 83.638 54.024 29.615 0.383 0.031
728 1184 0 1184 94.002 69.801 24.202 0.367 0.030
729 1184 0 1184 105.410 76.098 29.312 0.350 0.029
730 1268 0 1268 118.918 91.099 27.819 0.333 0.029
731 1268 0 1268 132.296 106.197 26.099 0.333 0.029
732 1268 0 1268 147.743 120.147 27.596 0.333 0.029
733 1401 0 1401 160.611 134.923 25.688 0.333 0.028
734 1401 0 1401 176.060 144.580 31.480 0.333 0.028
735 1401 0 1401 192.471 159.739 32.732 0.333 0.028
736 1528 0 1528 209.145 183.886 25.260 0.317 0.028
737 1528 0 1528 225.384 199.908 25.477 0.333 0.029
738 1528 0 1528 242.131 219.898 22.233 0.350 0.029
739 1604 0 1604 261.260 231.990 29.270 0.333 0.029
740 1645 0 1645 280.428 257.821 22.607 0.367 0.029
741 1645 0 1645 301.481 274.367 27.114 0.367 0.030
742 1684 0 1684 319.726 294.036 25.690 0.367 0.030
743 1762 0 1762 341.616 315.512 26.103 0.383 0.031
744 1812 0 1812 359.916 330.336 29.580 0.383 0.031
745 1812 0 1812 381.643 359.126 22.516 0.383 0.032
746 1822 0 1822 403.591 384.582 19.010 0.400 0.033
747 1822 0 1822 425.811 404.785 21.026 0.400 0.033
748 2091 0 2091 450.292 425.409 24.883 0.417 0.034
749 2091 0 2091 472.371 451.617 20.754 0.417 0.035
750 2171 0 2171 496.741 473.361 23.380 0.433 0.036
751 2171 0 2171 518.740 499.200 19.540 0.433 0.037
752 2171 0 2171 544.597 520.385 24.212 0.467 0.038
753 2171 0 2171 567.794 541.766 26.028 0.467 0.040
754 2171 0 2171 589.951 563.845 26.106 0.483 0.041
755 2171 0 2171 617.622 594.968 22.654 0.500 0.042
756 2171 0 2171 643.062 621.954 21.108 0.500 0.044
757 2171 0 2171 671.203 652.858 18.345 0.517 0.046
758 2171 0 2171 694.735 674.974 19.761 0.533 0.047
759 2171 0 2171 720.563 696.863 23.700 0.550 0.049
760 2171 0 2171 749.382 731.833 17.549 0.567 0.051
761 2171 0 2171 775.665 749.717 25.948 0.583 0.052
762 2171 0 2171 801.317 784.384 16.933 0.600 0.054
763 2171 0 2171 829.569 812.272 17.297 0.633 0.056
764 2293 0 2293 855.114 835.424 19.691 0.667 0.057
765 2293 0 2293 881.794 859.133 22.661 0.683 0.059
766 2293 0 2293 912.595 892.963 19.632 0.700 0.061
767 2293 0 2293 938.512 916.665 21.847 0.717 0.063
768 2293 0 2293 964.618 942.596 22.022 0.750 0.064
769 2293 0 2293 992.616 968.501 24.115 0.750 0.066
770 2293 0 2293 1022.140 999.558 22.581 0.783 0.068
771 2293 0 2293 1047.419 1029.989 17.431 0.800 0.070
772 2293 0 2293 1072.467 1046.531 25.937 0.817 0.071
773 2293 0 2293 1098.106 1080.899 17.207 0.833 0.073
774 2293 0 2293 1122.926 1102.867 20.060 0.850 0.074
775 2293 0 2293 1146.641 1124.967 21.674 0.867 0.076
776 2293 0 2293 1170.820 1149.927 20.893 0.883 0.077
777 2293 0 2293 1192.284 1168.413 23.871 0.900 0.078
778 2293 0 2293 1210.909 1184.685 26.224 0.917 0.079
779 2293 0 2293 1232.717 1210.411 22.306 0.933 0.080
780 2293 0 2293 1251.707 1220.847 30.861 0.950 0.081
781 2293 0 2293 1269.938 1243.001 26.936 0.967 0.082
782 2293 0 2293 1283.819 1258.566 25.254 0.983 0.082
783 2293 0 2293 1300.154 1280.564 19.590 1.000 0.083
784 2293 0 2293 1311.651 1284.599 27.052 1.000 0.083
785 2293 0 2293 1324.493 1306.373 18.120 1.017 0.083
786 2293 0 2293 1335.974 1314.510 21.463 1.000 0.083
787 2293 0 2293 1347.191 1328.030 19.161 1.017 0.083
788 2293 0 2293 1355.043 1334.238 20.805 1.000 0.083
789 2293 0 2293 1361.061 1345.806 15.255 1.017 0.083
790 2293 0 2293 1368.382 1350.247 18.135 1.000 0.083
791 2293 0 2293 1374.331 1353.993 20.338 0.983 0.083
792 2293 0 2293 1380.694 1367.032 13.662 1.000 0.083
793 2293 0 2293 1382.862 1367.032 15.830 0.983 0.083
794 2293 0 2293 1385.706 1367.110 18.597 0.983 0.082
795 2293 0 2293 1387.878 1371.713 16.165 0.967 0.082
796 2293 0 2293 1388.524 1371.713 16.811 0.950 0.082
797 2293 0 2293 1386.463 1371.713 14.750 0.933 0.081
798 2293 0 2293 1383.315 1375.264 8.051 0.917 0.081
799 2293 0 2293 1380.230 1375.264 4.966 0.917 0.080
800 2293 0 2293 1374.289 1375.264 0.975 0.900 0.080
801 2293 0 2293 1369.130 1375.310 6.180 0.883 0.079
802 2293 0 2293 1360.694 1375.310 14.616 0.867 0.079
803 2293 0 2293 1350.422 1370.965 20.543 0.850 0.078
804 2293 0 2293 1343.571 1361.008 17.437 0.850 0.078
805 2293 0 2293 1333.901 1353.213 19.312 0.833 0.077
806 2293 0 2293 1319.839 1342.255 22.416 0.850 0.076
807 2293 0 2293 1302.974 1325.246 22.272 0.850 0.076
808 2293 0 2293 1287.269 1309.983 22.715 0.833 0.075
809 2293 0 2293 1272.346 1294.379 22.032 0.833 0.074
810 2293 0 2293 1253.800 1277.867 24.067 0.833 0.074
811 2293 0 2293 1237.127 1259.898 22.771 0.833 0.074
812 2293 0 2293 1217.915 1235.986 18.071 0.817 0.073
813 2293 0 2293 1200.246 1232.136 31.890 0.817 0.073
814 2293 0 2293 1179.435 1204.942 25.507 0.817 0.072
815 2293 0 2293 1156.952 1183.371 26.419 0.817 0.072
816 2293 0 2293 1133.429 1166.265 32.836 0.817 0.072
817 2293 0 2293 1105.944 1138.060 32.117 0.800 0.072
818 2293 0 2293 1081.180 1104.105 22.925 0.800 0.072
819 2293 0 2293 1052.393 1077.949 25.555 0.800 0.072
820 2293 0 2293 1021.857 1041.397 19.539 0.817 0.072
821 2293 0 2293 994.111 1018.355 24.244 0.817 0.072
822 2293 0 2293 969.109 992.208 23.099 0.833 0.072
823 2293 0 2293 940.055 964.000 23.944 0.833 0.072
824 2136 0 2136 912.445 941.876 29.431 0.833 0.072
825 2136 0 2136 886.984 913.522 26.538 0.850 0.071
826 2136 0 2136 855.458 876.686 21.228 0.833 0.071
827 2136 0 2136 830.218 854.086 23.869 0.833 0.071
828 2136 0 2136 803.496 825.348 21.852 0.833 0.072
829 2136 0 2136 774.581 797.760 23.179 0.833 0.072
830 2136 0 2136 748.039 766.663 18.624 0.833 0.072
831 2136 0 2136 721.601 740.748 19.147 0.833 0.072
832 2136 0 2136 695.026 714.647 19.621 0.817 0.072
833 2136 0 2136 669.474 692.967 23.493 0.817 0.072
834 2061 0 2061 643.551 663.928 20.377 0.817 0.072
835 2061 0 2061 617.721 641.245 23.524 0.833 0.072
836 1847 0 1847 590.789 615.850 25.060 0.833 0.073
837 1847 0 1847 564.809 584.785 19.975 0.850 0.073
838 1847 0 1847 540.712 559.818 19.106 0.867 0.073
839 1847 0 1847 519.436 545.122 25.686 0.867 0.073
840 1802 0 1802 496.271 513.219 16.948 0.850 0.074
841 1763 0 1763 473.588 489.934 16.346 0.867 0.074
842 1763 0 1763 450.958 466.965 16.007 0.883 0.075
843 1761 0 1761 427.307 445.037 17.730 0.867 0.075
844 1761 0 1761 404.975 423.654 18.679 0.867 0.076
845 1761 0 1761 383.364 407.560 24.196 0.867 0.076
846 1761 0 1761 357.940 383.696 25.755 0.900 0.077
847 1761 0 1761 335.756 362.743 26.987 0.883 0.078
848 1761 0 1761 313.255 338.562 25.307 0.900 0.078
849 1761 0 1761 290.408 316.996 26.588 0.867 0.079
850 1761 0 1761 272.247 292.540 20.292 0.883 0.079
851 1524 0 1524 252.702 270.929 18.226 0.900 0.080
852 1524 0 1524 235.273 264.794 29.521 0.900 0.080
853 1524 0 1524 218.581 243.082 24.502 0.917 0.081
854 1501 0 1501 201.134 220.776 19.643 0.933 0.081
855 1501 0 1501 186.671 214.021 27.350 0.917 0.081
856 1414 0 1414 172.527 198.368 25.841 0.933 0.081
857 1414 0 1414 157.372 184.692 27.320 0.933 0.082
858 1186 0 1186 143.008 164.468 21.460 0.950 0.082
859 1174 0 1174 130.150 158.467 28.317 0.950 0.082
860 1174 0 1174 116.705 143.312 26.607 0.967 0.082
861 1059 0 1059 105.489 126.552 21.063 0.983 0.082
862 1026 0 1026 92.856 119.745 26.889 0.983 0.082
863 1026 0 1026 81.107 100.355 19.249 1.000 0.082
864 1026 0 1026 73.906 98.003 24.097 0.983 0.082
865 997 0 997 65.614 88.976 23.361 1.000 0.082
866 997 0 997 56.144 78.971 22.827 1.000 0.082
867 864 0 864 46.022 72.814 26.792 0.983 0.082
868 864 0 864 37.988 64.975 26.987 0.983 0.082
869 864 0 864 31.368 54.203 22.835 0.983 0.081
870 774 0 774 24.607 46.240 21.633 0.967 0.081
871 749 0 749 19.520 46.240 26.720 0.950 0.080
872 749 0 749 15.010 46.240 31.230 0.933 0.079
873 749 0 749 11.386 40.448 29.062 0.933 0.079
874 749 0 749 8.176 33.166 24.990 0.933 0.078
875 749 0 749 5.663 33.166 27.503 0.917 0.076
876 749 0 749 3.627 33.166 29.539 0.900 0.075
877 749 0 749 2.395 27.868 25.474 0.883 0.074
878 693 0 693 1.561 27.868 26.307 0.850 0.072
879 400 0 400 0.963 27.868 26.905 0.833 0.070
880 400 0 400 0.669 25.146 24.477 0.800 0.069
881 361 0 361 0.392 25.142 24.750 0.783 0.067
882 361 0 361 0.279 25.142 24.863 0.767 0.065
883 361 0 361 0.201 25.142 24.941 0.733 0.063
884 202 0 202 0.141 25.142 25.001 0.717 0.062
885 184 0 184 0.135 25.142 25.007 0.700 0.060
886 184 0 184 0.142 25.146 25.004 0.667 0.058
887 195 0 195 0.224 25.155 24.931 0.650 0.057
888 430 0 430 0.406 25.155 24.748 0.633 0.055
889 430 0 430 0.656 25.155 24.498 0.617 0.053
890 430 0 430 0.893 25.159 24.266 0.600 0.051
891 683 0 683 1.343 25.159 23.816 0.583 0.049
892 683 0 683 2.010 25.159 23.149 0.550 0.048
893 683 0 683 2.844 25.159 22.315 0.533 0.046
894 683 0 683 4.517 25.159 20.642 0.517 0.044
895 683 0 683 6.399 25.159 18.760 0.500 0.043
896 683 0 683 9.321 25.166 15.845 0.467 0.041
897 699 0 699 13.220 25.166 11.946 0.450 0.040
898 699 0 699 17.054 25.166 8.112 0.433 0.038
899 798 0 798 22.560 25.166 2.606 0.433 0.037
900 798 0 798 28.785 25.203 3.582 0.417 0.036
901 798 0 798 35.434 25.203 10.231 0.417 0.035
902 798 0 798 41.140 25.203 15.938 0.367 0.034
903 832 0 832 49.592 25.203 24.390 0.367 0.033
904 842 0 842 57.643 27.686 29.958 0.350 0.032
905 903 0 903 66.014 43.126 22.888 0.367 0.032
906 1015 0 1015 75.050 46.699 28.351 0.367 0.031
907 1015 0 1015 86.884 58.765 28.119 0.350 0.030
908 1042 0 1042 99.535 76.349 23.185 0.367 0.030
909 1179 0 1179 111.195 81.866 29.329 0.350 0.029
910 1179 0 1179 123.505 90.123 33.382 0.350 0.029
911 1240 0 1240 135.767 107.980 27.787 0.333 0.028
912 1369 0 1369 149.363 124.884 24.480 0.317 0.028
913 1474 0 1474 165.470 142.122 23.348 0.317 0.028
914 1474 0 1474 180.894 150.353 30.541 0.300 0.028
915 1474 0 1474 195.019 171.401 23.618 0.317 0.028
916 1474 0 1474 212.989 190.433 22.557 0.317 0.028
917 1503 0 1503 228.759 206.241 22.518 0.317 0.028
918 1849 0 1849 249.914 220.224 29.690 0.317 0.028
919 1849 0 1849 266.757 236.959 29.799 0.333 0.029
920 1849 0 1849 285.070 256.899 28.171 0.333 0.029
921 1849 0 1849 305.156 281.719 23.437 0.333 0.030
922 1849 0 1849 326.798 299.306 27.492 0.350 0.030
923 1849 0 1849 347.043 323.944 23.099 0.367 0.030
924 1849 0 1849 370.225 344.056 26.169 0.367 0.032
925 1849 0 1849 391.648 367.871 23.777 0.383 0.032
926 1849 0 1849 410.927 389.776 21.151 0.383 0.033
927 1849 0 1849 430.967 403.623 27.343 0.383 0.033
928 1869 0 1869 456.743 435.273 21.470 0.383 0.034
929 1869 0 1869 476.723 455.023 21.701 0.400 0.035
930 1869 0 1869 499.147 477.639 21.508 0.400 0.036
931 1869 0 1869 523.586 504.484 19.102 0.417 0.037
932 1869 0 1869 549.384 518.934 30.450 0.417 0.039
933 1869 0 1869 575.035 552.085 22.950 0.450 0.040
934 1950 0 1950 600.573 579.611 20.963 0.467 0.041
935 1950 0 1950 623.619 599.164 24.455 0.483 0.043
936 1950 0 1950 650.804 626.131 24.673 0.500 0.044
937 2017 0 2017 675.879 655.563 20.316 0.517 0.046
938 2017 0 2017 701.060 675.326 25.734 0.533 0.047
939 2224 0 2224 725.005 697.246 27.759 0.533 0.049
940 2224 0 2224 749.068 731.789 17.279 0.567 0.051
941 2224 0 2224 773.095 750.593 22.502 0.583 0.052
942 2386 0 2386 803.756 782.104 21.652 0.600 0.054
943 2462 0 2462 829.103 801.967 27.137 0.633 0.056
944 2462 0 2462 857.567 832.039 25.527 0.650 0.057
945 2462 0 2462 884.708 864.731 19.977 0.683 0.059
946 2462 0 2462 909.238 891.054 18.184 0.717 0.061
947 2462 0 2462 937.636 917.212 20.425 0.750 0.062
948 2462 0 2462 963.466 943.092 20.374 0.750 0.064
949 2462 0 2462 987.799 967.836 19.963 0.767 0.066
950 2462 0 2462 1014.552 995.207 19.344 0.783 0.068
951 2462 0 2462 1038.030 1024.123 13.907 0.800 0.069
952 2462 0 2462 1065.560 1041.725 23.835 0.800 0.071
953 2462 0 2462 1090.133 1070.320 19.814 0.833 0.072
954 2462 0 2462 1115.696 1092.309 23.388 0.850 0.074
955 2462 0 2462 1139.656 1117.325 22.332 0.867 0.075
956 2462 0 2462 1164.226 1133.631 30.595 0.883 0.077
957 2462 0 2462 1188.958 1166.964 21.994 0.900 0.078
958 2462 0 2462 1208.861 1184.430 24.430 0.933 0.079
959 2462 0 2462 1231.179 1207.881 23.297 0.933 0.080
960 2462 0 2462 1250.973 1229.397 21.576 0.950 0.081
961 2462 0 2462 1268.605 1247.390 21.215 0.967 0.082
962 2462 0 2462 1282.737 1260.150 22.586 0.983 0.082
963 2462 0 2462 1298.781 1279.881 18.899 1.000 0.082
964 2462 0 2462 1312.522 1289.862 22.660 1.000 0.083
965 2462 0 2462 1324.174 1304.235 19.939 1.000 0.083
966 2462 0 2462 1334.042 1315.342 18.700 1.000 0.083
967 2462 0 2462 1346.691 1328.483 18.207 1.017 0.083
968 2462 0 2462 1357.623 1340.738 16.885 1.000 0.083
969 2462 0 2462 1365.054 1344.652 20.402 1.017 0.083
970 2462 0 2462 1371.932 1359.906 12.026 1.000 0.083
971 2462 0 2462 1375.443 1359.860 15.583 0.983 0.083
972 2462 0 2462 1379.596 1366.358 13.238 1.000 0.082
973 2462 0 2462 1383.970 1366.315 17.656 0.983 0.082
974 2462 0 2462 1385.975 1368.569 17.406 0.967 0.082
975 2462 0 2462 1385.404 1371.890 13.513 0.950 0.082
976 2462 0 2462 1386.056 1371.890 14.166 0.933 0.081
977 2462 0 2462 1381.838 1380.148 1.690 0.917 0.081
978 2462 0 2462 1380.032 1380.211 0.179 0.917 0.081
979 2462 0 2462 1373.951 1380.231 6.280 0.900 0.080
980 2462 0 2462 1369.586 1380.231 10.645 0.883 0.080
981 2462 0 2462 1362.778 1380.231 17.454 0.867 0.079
982 2462 0 2462 1356.368 1372.214 15.847 0.867 0.079
983 2462 0 2462 1347.454 1365.895 18.441 0.850 0.078
984 2462 0 2462 1336.758 1362.677 25.920 0.833 0.077
985 2462 0 2462 1324.634 1340.392 15.758 0.833 0.077
986 2462 0 2462 1313.054 1336.164 23.110 0.833 0.076
987 2462 0 2462 1296.964 1318.750 21.787 0.817 0.076
988 2462 0 2462 1281.621 1308.676 27.054 0.800 0.075
989 2462 0 2462 1264.674 1291.660 26.985 0.833 0.075
990 2462 0 2462 1250.006 1273.342 23.335 0.817 0.074
991 2462 0 2462 1233.753 1255.584 21.831 0.817 0.074
992 2462 0 2462 1216.258 1247.565 31.307 0.800 0.073
993 2462 0 2462 1196.207 1225.672 29.465 0.817 0.073
994 2462 0 2462 1175.178 1201.529 26.352 0.800 0.073
995 2462 0 2462 1152.677 1173.802 21.125 0.833 0.073
996 2462 0 2462 1126.434 1148.372 21.938 0.800 0.072
997 2462 0 2462 1101.897 1126.837 24.939 0.800 0.072
998 2462 0 2462 1074.506 1096.620 22.113 0.817 0.072
999 2462 0 2462 1053.723 1072.569 18.846 0.833 0.072
1000 2462 0 2462 1029.882 1055.774 25.892 0.833 0.072
1001 2462 0 2462 1006.957 1026.510 19.553 0.833 0.072
1002 2462 0 2462 981.694 1001.514 19.820 0.833 0.071
1003 2260 0 2260 954.509 977.197 22.688 0.817 0.072
1004 2260 0 2260 925.901 946.682 20.781 0.817 0.071
1005 2260 0 2260 897.900 919.177 21.277 0.817 0.071
1006 2260 0 2260 872.563 892.308 19.745 0.817 0.072
1007 2260 0 2260 843.919 869.791 25.872 0.817 0.072
1008 2260 0 2260 813.408 835.370 21.962 0.833 0.072
1009 2110 0 2110 790.231 812.333 22.102 0.833 0.072
1010 2110 0 2110 763.487 792.250 28.763 0.833 0.072
1011 2110 0 2110 737.545 755.183 17.638 0.850 0.072
1012 2110 0 2110 709.600 730.811 21.211 0.883 0.072
1013 2110 0 2110 682.176 703.599 21.423 0.850 0.073
1014 2110 0 2110 657.364 681.256 23.892 0.850 0.073
1015 2110 0 2110 631.251 657.601 26.350 0.850 0.073
1016 2054 0 2054 604.906 627.148 22.242 0.833 0.073
1017 2054 0 2054 577.461 595.355 17.894 0.833 0.073
1018 2054 0 2054 553.167 571.628 18.461 0.850 0.074
1019 2029 0 2029 526.508 549.338 22.830 0.833 0.074
1020 1857 0 1857 503.305 524.673 21.368 0.833 0.074
1021 1857 0 1857 480.453 503.772 23.319 0.800 0.074
1022 1843 0 1843 458.976 480.449 21.473 0.817 0.075
1023 1721 0 1721 437.755 459.682 21.927 0.817 0.075
1024 1721 0 1721 414.288 437.830 23.541 0.817 0.076
1025 1681 0 1681 391.738 412.593 20.855 0.833 0.077
1026 1681 0 1681 367.729 393.705 25.976 0.850 0.077
1027 1681 0 1681 347.477 372.037 24.561 0.850 0.078
1028 1681 0 1681 329.132 349.571 20.438 0.867 0.078
1029 1681 0 1681 308.541 335.357 26.816 0.850 0.079
1030 1681 0 1681 288.424 313.597 25.173 0.867 0.079
1031 1681 0 1681 265.550 289.381 23.830 0.867 0.080
1032 1681 0 1681 247.180 269.659 22.479 0.883 0.080
1033 1681 0 1681 229.201 254.298 25.097 0.900 0.081
1034 1681 0 1681 211.126 232.446 21.319 0.917 0.081
1035 1681 0 1681 193.476 223.731 30.255 0.917 0.081
1036 1540 0 1540 176.633 203.332 26.699 0.933 0.082
1037 1396 0 1396 158.689 181.762 23.072 0.933 0.082
1038 1396 0 1396 144.781 170.727 25.946 0.950 0.082
1039 1396 0 1396 129.199 157.721 28.522 0.950 0.082
1040 1195 0 1195 116.394 140.731 24.337 0.967 0.083
1041 1195 0 1195 104.135 123.263 19.127 0.983 0.083
1042 1195 0 1195 93.912 119.851 25.939 0.983 0.083
1043 1195 0 1195 83.143 114.346 31.203 0.983 0.083
1044 1195 0 1195 73.024 97.823 24.799 1.000 0.083
1045 1195 0 1195 62.600 84.504 21.904 0.983 0.083
1046 1195 0 1195 53.900 78.162 24.262 1.000 0.083
1047 1180 0 1180 44.491 66.008 21.518 0.983 0.082
1048 1180 0 1180 36.833 62.838 26.005 0.983 0.082
1049 1180 0 1180 29.431 57.528 28.097 0.967 0.082
1050 1180 0 1180 24.071 47.610 23.539 0.967 0.081
1051 1180 0 1180 19.560 40.406 20.846 0.967 0.081
1052 840 0 840 15.024 40.406 25.383 0.950 0.080
1053 762 0 762 11.133 40.387 29.254 0.950 0.079
1054 762 0 762 8.156 40.387 32.230 0.933 0.078
1055 520 0 520 5.505 37.600 32.095 0.900 0.077
1056 520 0 520 3.720 28.247 24.527 0.883 0.075
1057 520 0 520 2.686 28.247 25.561 0.867 0.074
1058 449 0 449 1.702 24.458 22.757 0.850 0.072
1059 449 0 449 1.344 24.458 23.114 0.833 0.071
1060 449 0 449 0.871 24.458 23.588 0.817 0.069
1061 449 0 449 0.612 24.470 23.858 0.800 0.068
1062 449 0 449 0.533 24.466 23.934 0.783 0.066
1063 449 0 449 0.457 24.466 24.010 0.767 0.065
1064 449 0 449 0.397 24.466 24.069 0.733 0.063
1065 449 0 449 0.295 24.474 24.179 0.717 0.061
1066 449 0 449 0.263 24.474 24.212 0.700 0.059
1067 516 0 516 0.405 24.474 24.069 0.683 0.058
1068 516 0 516 0.513 24.474 23.962 0.667 0.055
1069 516 0 516 0.672 24.478 23.807 0.633 0.054
1070 551 0 551 0.891 24.478 23.588 0.617 0.052
1071 551 0 551 1.316 24.478 23.163 0.583 0.051
1072 551 0 551 1.932 24.478 22.547 0.567 0.049
1073 551 0 551 2.886 24.486 21.600 0.550 0.047
1074 643 0 643 3.933 24.486 20.553 0.533 0.045
1075 643 0 643 5.487 24.489 19.002 0.517 0.044
1076 643 0 643 8.309 24.489 16.180 0.483 0.042
1077 643 0 643 11.525 24.489 12.964 0.467 0.041
1078 760 0 760 15.511 24.522 9.011 0.433 0.039
1079 760 0 760 19.859 24.522 4.663 0.417 0.038
1080 840 0 840 25.215 24.522 0.694 0.417 0.037
1081 968 0 968 31.149 24.526 6.624 0.400 0.035
1082 1011 0 1011 37.771 24.526 13.246 0.383 0.035
1083 1011 0 1011 45.507 28.793 16.714 0.383 0.034
1084 1011 0 1011 53.264 28.885 24.379 0.383 0.033
1085 1041 0 1041 61.947 38.706 23.240 0.383 0.032
1086 1069 0 1069 72.328 48.312 24.016 0.367 0.031
1087 1133 0 1133 82.681 57.865 24.816 0.350 0.031
1088 1321 0 1321 93.241 67.140 26.100 0.350 0.030
1089 1321 0 1321 103.278 75.752 27.526 0.367 0.030
1090 1321 0 1321 115.522 91.243 24.279 0.367 0.029
1091 1321 0 1321 128.011 102.484 25.527 0.350 0.029
1092 1352 0 1352 141.962 110.416 31.546 0.333 0.028
1093 1352 0 1352 154.767 132.074 22.693 0.333 0.028
1094 1352 0 1352 170.638 152.995 17.644 0.333 0.028
1095 1352 0 1352 187.590 156.159 31.432 0.367 0.028
1096 1363 0 1363 203.983 172.560 31.423 0.367 0.028
1097 1363 0 1363 219.611 190.408 29.203 0.350 0.028
1098 1370 0 1370 237.965 213.153 24.813 0.367 0.029
1099 1480 0 1480 255.945 226.053 29.892 0.350 0.029
1100 1480 0 1480 275.110 246.811 28.299 0.333 0.029
1101 1621 0 1621 293.911 271.795 22.116 0.350 0.030
1102 1621 0 1621 314.247 287.388 26.859 0.350 0.030
1103 1621 0 1621 332.939 303.469 29.470 0.350 0.031
1104 1709 0 1709 353.497 325.517 27.980 0.367 0.031
1105 1904 0 1904 376.071 356.291 19.780 0.383 0.032
1106 1904 0 1904 400.972 379.547 21.425 0.400 0.033
1107 2021 0 2021 423.681 404.916 18.765 0.400 0.033
1108 2021 0 2021 447.771 422.654 25.117 0.383 0.034
1109 2021 0 2021 470.917 445.501 25.416 0.400 0.035
1110 2021 0 2021 495.209 472.451 22.758 0.417 0.036
1111 2021 0 2021 516.624 496.876 19.748 0.433 0.037
1112 2021 0 2021 543.095 520.586 22.508 0.450 0.039
1113 2021 0 2021 567.425 540.710 26.714 0.450 0.040
1114 2021 0 2021 594.146 570.655 23.491 0.467 0.042
1115 2021 0 2021 620.954 599.486 21.467 0.483 0.043
1116 2093 0 2093 645.246 621.045 24.201 0.500 0.044
1117 2125 0 2125 672.163 652.925 19.238 0.517 0.046
1118 2125 0 2125 699.533 678.637 20.896 0.533 0.048
1119 2161 0 2161 726.972 708.122 18.850 0.550 0.050
1120 2161 0 2161 752.893 732.203 20.690 0.567 0.052
1121 2161 0 2161 781.355 763.936 17.419 0.600 0.053
1122 2161 0 2161 807.225 784.066 23.159 0.617 0.055
1123 2161 0 2161 834.503 813.479 21.024 0.633 0.057
1124 2161 0 2161 858.737 838.890 19.847 0.667 0.058
1125 2161 0 2161 887.194 866.896 20.298 0.683 0.060
1126 2161 0 2161 914.966 895.776 19.190 0.700 0.062
1127 2161 0 2161 942.028 920.228 21.800 0.717 0.064
1128 2161 0 2161 968.163 941.984 26.179 0.733 0.065
1129 2249 0 2249 994.328 968.546 25.782 0.750 0.067
1130 2249 0 2249 1020.619 1005.218 15.401 0.783 0.069
1131 2249 0 2249 1047.229 1027.317 19.912 0.800 0.070
1132 2249 0 2249 1073.508 1049.924 23.585 0.817 0.072
1133 2249 0 2249 1101.258 1085.030 16.228 0.850 0.074
1134 2249 0 2249 1124.509 1099.331 25.178 0.867 0.075
1135 2249 0 2249 1147.308 1125.631 21.677 0.867 0.076
1136 2249 0 2249 1170.196 1148.957 21.238 0.900 0.078
1137 2249 0 2249 1192.254 1166.475 25.778 0.917 0.079
1138 2249 0 2249 1213.712 1190.705 23.007 0.933 0.080
1139 2249 0 2249 1233.100 1207.912 25.188 0.933 0.081
1140 2249 0 2249 1251.453 1227.303 24.150 0.950 0.082
1141 2249 0 2249 1268.920 1246.354 22.566 0.967 0.082
1142 2249 0 2249 1285.326 1263.432 21.894 0.983 0.083
1143 2249 0 2249 1300.815 1276.705 24.110 0.983 0.083
1144 2249 0 2249 1314.500 1290.913 23.587 1.000 0.083
1145 2249 0 2249 1326.517 1307.151 19.366 0.983 0.084
1146 2249 0 2249 1339.868 1316.628 23.241 1.000 0.084
1147 2249 0 2249 1349.899 1329.175 20.724 1.000 0.084
1148 2249 0 2249 1357.726 1342.705 15.021 1.000 0.084
1149 2249 0 2249 1364.614 1348.966 15.647 1.000 0.084
1150 2249 0 2249 1371.658 1351.514 20.144 0.983 0.084
1151 2249 0 2249 1377.270 1366.314 10.956 0.983 0.084
1152 2249 0 2249 1380.904 1366.314 14.590 0.983 0.084
1153 2249 0 2249 1382.752 1366.314 16.437 0.967 0.084
1154 2249 0 2249 1385.012 1366.310 18.701 0.950 0.083
1155 2249 0 2249 1385.679 1372.144 13.535 0.967 0.083
1156 2249 0 2249 1384.394 1371.992 12.402 0.950 0.083
1157 2249 0 2249 1382.918 1371.992 10.927 0.933 0.082
1158 2249 0 2249 1379.538 1371.965 7.573 0.917 0.082
1159 2249 0 2249 1374.842 1371.866 2.977 0.917 0.081
1160 2249 0 2249 1370.658 1371.897 1.239 0.900 0.081
1161 2249 0 2249 1364.575 1371.897 7.322 0.867 0.080
1162 2249 0 2249 1356.517 1371.897 15.381 0.867 0.080
1163 2249 0 2249 1346.630 1360.557 13.927 0.867 0.079
1164 2249 0 2249 1335.723 1357.367 21.644 0.850 0.079
1165 2249 0 2249 1324.820 1343.065 18.245 0.850 0.078
1166 2249 0 2249 1313.494 1339.356 25.862 0.833 0.077
1167 2249 0 2249 1298.000 1319.886 21.886 0.833 0.076
1168 2249 0 2249 1285.351 1311.039 25.687 0.833 0.076
1169 2249 0 2249 1270.816 1294.502 23.685 0.850 0.075
1170 2249 0 2249 1253.789 1276.198 22.408 0.833 0.075
1171 2249 0 2249 1236.490 1259.074 22.585 0.833 0.074
1172 2249 0 2249 1216.583 1237.223 20.641 0.833 0.074
1173 2249 0 2249 1194.780 1221.003 26.223 0.833 0.073
1174 2249 0 2249 1174.147 1201.521 27.374 0.833 0.073
1175 2249 0 2249 1155.910 1185.204 29.294 0.833 0.072
1176 2249 0 2249 1132.199 1161.389 29.189 0.833 0.072
1177 2249 0 2249 1108.121 1139.222 31.101 0.833 0.072
1178 2249 0 2249 1081.747 1104.182 22.435 0.833 0.071
1179 2249 0 2249 1058.131 1080.943 22.812 0.833 0.071
1180 2249 0 2249 1032.249 1047.260 15.011 0.833 0.071
1181 2249 0 2249 1007.743 1028.498 20.755 0.833 0.071
1182 2249 0 2249 980.309 1001.853 21.544 0.833 0.071
1183 2249 0 2249 954.325 973.753 19.428 0.833 0.071
1184 2249 0 2249 925.744 947.941 22.197 0.850 0.071
1185 2249 0 2249 894.829 915.998 21.169 0.867 0.071
1186 2249 0 2249 867.293 888.573 21.280 0.850 0.071
1187 2249 0 2249 845.808 869.026 23.218 0.833 0.071
1188 2249 0 2249 820.624 840.848 20.224 0.833 0.071
1189 2155 0 2155 791.834 809.437 17.603 0.833 0.071
1190 2155 0 2155 765.015 779.695 14.681 0.833 0.071
1191 2155 0 2155 737.053 758.154 21.102 0.833 0.071
1192 2155 0 2155 710.414 734.037 23.623 0.833 0.071
1193 2155 0 2155 687.510 710.775 23.265 0.817 0.071
1194 2109 0 2109 661.769 687.457 25.688 0.833 0.072
1195 2004 0 2004 634.945 651.967 17.023 0.850 0.072
1196 2004 0 2004 606.676 630.279 23.603 0.850 0.072
1197 2004 0 2004 581.536 604.572 23.036 0.833 0.073
1198 2004 0 2004 553.788 572.447 18.658 0.850 0.073
1199 2004 0 2004 527.176 554.030 26.855 0.833 0.074
