1 872 0 872 385.020 0.000 385.020 0.000 0.000
2 872 0 872 411.401 0.000 411.401 0.000 0.000
3 1024 0 1024 432.923 0.000 432.923 0.000 0.000
4 1024 0 1024 449.870 0.000 449.870 0.000 0.000
5 1098 0 1098 470.513 0.000 470.513 0.000 0.000
6 1098 0 1098 488.688 483.442 5.246 1.000 0.250
7 1098 0 1098 511.237 492.807 18.431 1.000 0.219
8 1098 0 1098 530.626 500.810 29.816 0.875 0.195
9 1306 0 1306 551.801 507.479 44.321 0.889 0.177
10 1306 0 1306 572.300 526.077 46.223 0.800 0.163
11 1306 0 1306 594.688 552.856 41.832 0.727 0.152
12 1306 0 1306 614.592 569.756 44.836 0.750 0.142
13 1362 0 1362 634.294 576.127 58.167 0.692 0.134
14 1362 0 1362 651.341 602.933 48.408 0.643 0.127
15 1529 0 1529 669.008 614.541 54.467 0.600 0.120
16 1529 0 1529 688.245 644.490 43.756 0.563 0.115
17 1651 0 1651 702.855 660.058 42.797 0.647 0.110
18 1651 0 1651 721.840 671.441 50.398 0.611 0.106
19 1651 0 1651 743.435 692.292 51.143 0.579 0.103
20 1651 0 1651 762.854 715.325 47.529 0.600 0.100
21 1651 0 1651 785.609 732.485 53.125 0.571 0.097
22 1651 0 1651 806.119 759.065 47.054 0.545 0.095
23 1815 0 1815 826.455 775.268 51.186 0.565 0.093
24 1815 0 1815 844.803 803.103 41.700 0.542 0.091
25 1815 0 1815 862.728 822.068 40.661 0.560 0.089
26 1815 0 1815 879.350 831.438 47.912 0.538 0.087
27 1815 0 1815 894.921 837.881 57.039 0.519 0.085
28 1815 0 1815 911.093 869.088 42.004 0.500 0.083
29 1886 0 1886 929.881 881.325 48.557 0.517 0.082
30 1886 0 1886 949.762 889.665 60.097 0.500 0.080
31 1886 0 1886 965.289 919.851 45.438 0.516 0.079
32 2110 0 2110 981.907 920.006 61.900 0.500 0.078
33 2110 0 2110 995.298 943.869 51.428 0.515 0.076
34 2110 0 2110 1008.061 958.633 49.428 0.500 0.075
35 2128 0 2128 1023.911 979.290 44.622 0.486 0.074
36 2128 0 2128 1040.392 994.048 46.344 0.472 0.073
37 2148 0 2148 1055.529 1000.502 55.027 0.459 0.072
38 2148 0 2148 1068.997 1021.219 47.778 0.447 0.071
39 2148 0 2148 1080.048 1026.155 53.893 0.462 0.070
40 2148 0 2148 1093.007 1037.398 55.610 0.450 0.069
41 2148 0 2148 1105.036 1049.239 55.797 0.439 0.068
42 2148 0 2148 1116.690 1049.394 67.296 0.429 0.067
43 2148 0 2148 1128.147 1081.095 47.052 0.442 0.066
44 2148 0 2148 1137.312 1085.451 51.861 0.432 0.066
45 2148 0 2148 1146.721 1092.462 54.259 0.422 0.065
46 2148 0 2148 1156.781 1100.030 56.751 0.413 0.064
47 2148 0 2148 1166.433 1113.291 53.142 0.404 0.063
48 2148 0 2148 1176.023 1124.176 51.848 0.396 0.062
49 2148 0 2148 1184.700 1124.284 60.416 0.408 0.062
50 2148 0 2148 1193.240 1136.425 56.815 0.400 0.061
51 2148 0 2148 1201.636 1143.850 57.786 0.392 0.060
52 2148 0 2148 1208.348 1152.234 56.115 0.385 0.060
53 2200 0 2200 1214.877 1163.771 51.106 0.396 0.059
54 2200 0 2200 1220.651 1170.941 49.710 0.389 0.058
55 2200 0 2200 1225.660 1170.995 54.665 0.382 0.057
56 2200 0 2200 1231.797 1176.428 55.369 0.375 0.056
57 2200 0 2200 1235.737 1176.428 59.309 0.368 0.056
58 2200 0 2200 1240.265 1181.114 59.151 0.362 0.055
59 2200 0 2200 1244.514 1181.114 63.400 0.356 0.054
60 2200 0 2200 1248.101 1189.394 58.708 0.350 0.053
61 2200 0 2200 1264.127 1215.156 48.972 0.367 0.054
62 2200 0 2200 1280.223 1220.405 59.818 0.367 0.055
63 2200 0 2200 1295.499 1240.987 54.512 0.367 0.056
64 2200 0 2200 1309.167 1248.715 60.452 0.383 0.056
65 2200 0 2200 1324.438 1264.098 60.340 0.383 0.057
66 2200 0 2200 1337.304 1283.673 53.631 0.333 0.033
67 2200 0 2200 1349.564 1308.175 41.389 0.333 0.033
68 2200 0 2200 1358.182 1315.100 43.082 0.333 0.033
69 2200 0 2200 1366.068 1324.145 41.923 0.317 0.033
70 2200 0 2200 1372.895 1329.009 43.887 0.317 0.033
71 2200 0 2200 1379.667 1334.202 45.464 0.317 0.032
72 2200 0 2200 1384.300 1334.202 50.098 0.317 0.032
73 2200 0 2200 1387.836 1334.202 53.633 0.300 0.032
74 2200 0 2200 1389.896 1345.168 44.729 0.300 0.032
75 2200 0 2200 1389.271 1352.281 36.990 0.300 0.032
76 2200 0 2200 1387.871 1359.549 28.322 0.283 0.031
77 2200 0 2200 1383.956 1359.549 24.407 0.283 0.031
78 2200 0 2200 1381.071 1359.549 21.522 0.300 0.031
79 2200 0 2200 1378.576 1359.549 19.027 0.300 0.030
80 2200 0 2200 1374.542 1359.549 14.993 0.300 0.030
81 2200 0 2200 1370.504 1359.549 10.955 0.283 0.030
82 2200 0 2200 1362.492 1359.549 2.943 0.283 0.029
83 2200 0 2200 1353.749 1359.549 5.800 0.283 0.029
84 2200 0 2200 1344.150 1359.549 15.399 0.283 0.029
85 2200 0 2200 1332.457 1359.549 27.092 0.283 0.029
86 2200 0 2200 1320.786 1359.549 38.763 0.283 0.028
87 2200 0 2200 1304.987 1352.476 47.490 0.283 0.029
88 2200 0 2200 1292.071 1336.822 44.751 0.283 0.028
89 2200 0 2200 1274.501 1326.712 52.211 0.283 0.029
90 2200 0 2200 1257.212 1322.261 65.049 0.283 0.029
91 2200 0 2200 1237.941 1281.446 43.505 0.283 0.029
92 2200 0 2200 1218.524 1273.123 54.599 0.300 0.029
93 2200 0 2200 1200.116 1244.521 44.405 0.300 0.029
94 2200 0 2200 1177.021 1237.261 60.239 0.300 0.030
95 2200 0 2200 1156.859 1198.268 41.408 0.300 0.030
96 2200 0 2200 1136.039 1194.379 58.340 0.300 0.030
97 2200 0 2200 1107.465 1154.710 47.245 0.300 0.031
98 2200 0 2200 1082.513 1137.403 54.890 0.300 0.031
99 2200 0 2200 1058.889 1119.149 60.260 0.317 0.032
100 2200 0 2200 1035.416 1094.427 59.010 0.317 0.032
101 2200 0 2200 1009.226 1067.331 58.105 0.317 0.033
102 2200 0 2200 982.081 1033.633 51.553 0.350 0.034
103 2200 0 2200 953.115 1006.303 53.188 0.350 0.034
104 2200 0 2200 928.165 986.142 57.977 0.350 0.035
105 2200 0 2200 904.088 958.795 54.708 0.350 0.036
106 2200 0 2200 873.725 924.146 50.421 0.367 0.036
107 2200 0 2200 846.094 898.016 51.921 0.367 0.037
108 2200 0 2200 817.291 864.079 46.788 0.367 0.038
109 2200 0 2200 791.725 830.629 38.904 0.367 0.039
110 2200 0 2200 764.634 809.114 44.480 0.383 0.039
111 2200 0 2200 736.272 791.186 54.914 0.383 0.040
112 2200 0 2200 707.731 759.922 52.191 0.383 0.041
113 2190 0 2190 679.893 740.849 60.957 0.383 0.042
114 2190 0 2190 653.005 701.394 48.389 0.400 0.043
115 2190 0 2190 626.772 685.647 58.875 0.400 0.044
116 2190 0 2190 598.036 650.894 52.857 0.400 0.045
117 2190 0 2190 575.167 630.838 55.670 0.400 0.046
118 2190 0 2190 550.248 600.337 50.090 0.400 0.047
119 2190 0 2190 523.959 563.574 39.615 0.433 0.048
120 2190 0 2190 498.497 556.076 57.579 0.433 0.048
121 2190 0 2190 473.754 525.427 51.673 0.450 0.049
122 2190 0 2190 449.956 505.353 55.397 0.450 0.049
123 2190 0 2190 424.741 471.020 46.279 0.433 0.049
124 2190 0 2190 401.416 450.550 49.135 0.450 0.050
125 2190 0 2190 380.934 433.448 52.514 0.450 0.050
126 2029 0 2029 356.802 411.994 55.191 0.467 0.050
127 2029 0 2029 333.147 382.370 49.223 0.450 0.051
128 2029 0 2029 314.344 382.249 67.905 0.450 0.051
129 2029 0 2029 293.739 338.566 44.828 0.467 0.051
130 1688 0 1688 274.443 338.566 64.123 0.467 0.052
131 1688 0 1688 255.623 303.329 47.705 0.467 0.052
132 1688 0 1688 237.364 296.823 59.459 0.467 0.053
133 1688 0 1688 220.146 272.056 51.910 0.467 0.053
134 1688 0 1688 205.890 268.631 62.741 0.467 0.053
135 1688 0 1688 188.620 254.311 65.691 0.467 0.054
136 1688 0 1688 171.313 213.846 42.533 0.467 0.054
137 1688 0 1688 154.789 210.384 55.595 0.467 0.054
138 1688 0 1688 139.125 194.906 55.780 0.467 0.055
139 1688 0 1688 128.136 177.591 49.455 0.467 0.055
140 1688 0 1688 116.705 172.914 56.209 0.467 0.055
141 1469 0 1469 105.925 172.914 66.989 0.483 0.056
142 1469 0 1469 93.734 142.452 48.718 0.483 0.056
143 1469 0 1469 82.589 130.829 48.240 0.483 0.056
144 1122 0 1122 73.229 130.829 57.600 0.483 0.056
145 901 0 901 63.839 130.829 66.990 0.483 0.056
146 901 0 901 55.591 106.284 50.693 0.500 0.056
147 787 0 787 45.579 99.004 53.425 0.500 0.056
148 786 0 786 38.800 92.138 53.338 0.500 0.055
149 786 0 786 31.388 87.258 55.870 0.483 0.055
150 786 0 786 25.492 87.258 61.766 0.483 0.055
151 786 0 786 19.870 67.154 47.284 0.483 0.054
152 786 0 786 15.244 67.154 51.911 0.483 0.053
153 786 0 786 11.741 67.154 55.414 0.467 0.053
154 629 0 629 7.689 63.581 55.892 0.467 0.052
155 629 0 629 5.514 63.581 58.068 0.450 0.051
156 596 0 596 4.098 63.581 59.483 0.450 0.050
157 596 0 596 2.573 63.599 61.026 0.433 0.049
158 596 0 596 1.657 63.599 61.942 0.433 0.048
159 596 0 596 1.185 63.599 62.414 0.417 0.047
160 596 0 596 0.871 63.589 62.717 0.417 0.046
161 334 0 334 0.505 63.589 63.084 0.400 0.045
162 230 0 230 0.316 63.589 63.273 0.400 0.044
163 230 0 230 0.223 63.599 63.376 0.383 0.043
164 230 0 230 0.195 63.599 63.404 0.383 0.042
165 230 0 230 0.171 63.599 63.429 0.367 0.041
166 230 0 230 0.199 63.589 63.389 0.350 0.039
167 230 0 230 0.256 63.589 63.333 0.333 0.038
168 273 0 273 0.341 63.579 63.238 0.333 0.037
169 273 0 273 0.516 63.579 63.062 0.333 0.036
170 721 0 721 0.949 63.563 62.614 0.317 0.034
171 721 0 721 1.210 63.583 62.373 0.317 0.033
172 721 0 721 1.818 63.583 61.765 0.300 0.032
173 721 0 721 2.677 63.583 60.906 0.300 0.031
174 721 0 721 3.482 63.583 60.101 0.283 0.029
175 721 0 721 5.866 63.610 57.744 0.267 0.028
176 763 0 763 9.089 63.616 54.527 0.267 0.027
177 763 0 763 12.655 63.616 50.961 0.267 0.026
178 763 0 763 16.457 63.627 47.170 0.250 0.025
179 1042 0 1042 20.917 63.627 42.710 0.250 0.024
180 1042 0 1042 26.513 63.637 37.124 0.250 0.023
181 1042 0 1042 32.116 63.685 31.570 0.250 0.022
182 1042 0 1042 38.563 63.685 25.122 0.233 0.021
183 1042 0 1042 46.089 63.685 17.596 0.233 0.020
184 1042 0 1042 54.711 63.696 8.985 0.233 0.020
185 1409 0 1409 63.870 63.696 0.175 0.233 0.019
186 1409 0 1409 72.662 63.706 8.956 0.250 0.019
187 1409 0 1409 83.261 63.706 19.555 0.217 0.018
188 1409 0 1409 93.600 63.727 29.873 0.217 0.018
189 1437 0 1437 104.641 63.727 40.914 0.233 0.017
190 1437 0 1437 116.844 63.727 53.118 0.217 0.017
191 1437 0 1437 131.094 83.110 47.984 0.217 0.017
192 1437 0 1437 145.665 99.011 46.654 0.233 0.017
193 1437 0 1437 161.958 99.011 62.947 0.233 0.017
194 1437 0 1437 176.702 110.261 66.441 0.217 0.017
195 1437 0 1437 190.730 147.813 42.917 0.217 0.017
196 1467 0 1467 208.563 147.813 60.751 0.200 0.017
197 1467 0 1467 224.091 163.217 60.874 0.217 0.017
198 1467 0 1467 240.945 186.290 54.655 0.217 0.017
199 1658 0 1658 257.554 195.566 61.989 0.200 0.017
200 1658 0 1658 279.475 229.844 49.630 0.200 0.017
201 1658 0 1658 299.059 239.823 59.236 0.200 0.018
202 1658 0 1658 319.179 267.103 52.076 0.200 0.018
203 1658 0 1658 344.434 286.737 57.697 0.200 0.018
204 1724 0 1724 362.645 300.446 62.198 0.217 0.019
205 1724 0 1724 382.841 322.479 60.362 0.217 0.019
206 1724 0 1724 403.337 348.386 54.951 0.217 0.020
207 1752 0 1752 423.414 359.802 63.612 0.217 0.020
208 1752 0 1752 443.968 397.081 46.887 0.217 0.021
209 1808 0 1808 467.767 408.092 59.674 0.250 0.021
210 1818 0 1818 490.108 440.759 49.350 0.233 0.022
211 1818 0 1818 511.227 452.568 58.658 0.267 0.023
212 1986 0 1986 535.509 486.568 48.941 0.267 0.024
213 1987 0 1987 564.314 513.673 50.641 0.250 0.025
214 1987 0 1987 584.177 536.578 47.600 0.283 0.025
215 1987 0 1987 608.148 555.901 52.248 0.283 0.027
216 2023 0 2023 631.813 580.096 51.717 0.300 0.027
217 2023 0 2023 653.466 607.074 46.392 0.300 0.028
218 2253 0 2253 677.485 619.800 57.686 0.300 0.029
219 2253 0 2253 703.334 648.648 54.687 0.317 0.030
220 2253 0 2253 729.675 691.777 37.899 0.333 0.032
221 2253 0 2253 761.649 712.895 48.753 0.333 0.033
222 2253 0 2253 791.994 735.552 56.442 0.350 0.034
223 2325 0 2325 818.875 766.813 52.062 0.350 0.035
224 2325 0 2325 848.752 793.718 55.034 0.367 0.037
225 2325 0 2325 873.534 817.444 56.090 0.367 0.038
226 2325 0 2325 901.717 848.867 52.850 0.383 0.039
227 2325 0 2325 929.676 885.470 44.206 0.383 0.040
228 2325 0 2325 956.407 905.463 50.944 0.400 0.041
229 2325 0 2325 984.920 936.802 48.117 0.400 0.043
230 2325 0 2325 1012.578 956.182 56.395 0.400 0.044
231 2325 0 2325 1038.108 989.305 48.803 0.400 0.045
232 2325 0 2325 1064.736 1018.330 46.406 0.400 0.046
233 2325 0 2325 1090.474 1045.001 45.473 0.400 0.047
234 2325 0 2325 1113.737 1062.961 50.775 0.417 0.048
235 2325 0 2325 1137.869 1088.747 49.121 0.417 0.049
236 2325 0 2325 1164.250 1114.624 49.625 0.433 0.050
237 2325 0 2325 1187.518 1132.003 55.516 0.433 0.051
238 2325 0 2325 1207.621 1151.622 55.999 0.433 0.052
239 2325 0 2325 1227.581 1171.290 56.291 0.433 0.053
240 2325 0 2325 1248.137 1197.781 50.356 0.450 0.053
241 2325 0 2325 1265.163 1206.007 59.156 0.467 0.054
242 2325 0 2325 1280.524 1230.303 50.221 0.467 0.054
243 2325 0 2325 1295.530 1250.300 45.230 0.467 0.055
244 2325 0 2325 1311.064 1250.300 60.764 0.467 0.055
245 2325 0 2325 1323.440 1276.531 46.909 0.483 0.055
246 2325 0 2325 1333.941 1284.574 49.367 0.483 0.056
247 2325 0 2325 1344.155 1294.265 49.890 0.483 0.056
248 2325 0 2325 1352.466 1294.265 58.201 0.483 0.056
249 2325 0 2325 1359.145 1321.604 37.542 0.500 0.056
250 2325 0 2325 1365.606 1332.235 33.371 0.500 0.056
251 2325 0 2325 1371.731 1332.235 39.496 0.483 0.055
252 2325 0 2325 1376.059 1336.769 39.290 0.483 0.055
253 2325 0 2325 1379.711 1336.769 42.942 0.483 0.055
254 2325 0 2325 1380.835 1336.769 44.065 0.483 0.054
255 2325 0 2325 1380.749 1336.769 43.979 0.467 0.054
256 2325 0 2325 1380.176 1336.769 43.406 0.467 0.054
257 2325 0 2325 1378.306 1336.769 41.536 0.467 0.053
258 2325 0 2325 1374.813 1341.943 32.869 0.450 0.053
259 2325 0 2325 1369.997 1349.161 20.836 0.450 0.052
260 2325 0 2325 1365.961 1349.067 16.894 0.433 0.052
261 2325 0 2325 1358.966 1349.067 9.899 0.433 0.051
262 2325 0 2325 1349.131 1349.067 0.064 0.433 0.051
263 2325 0 2325 1341.625 1349.067 7.442 0.433 0.050
264 2325 0 2325 1331.722 1349.076 17.354 0.433 0.050
265 2325 0 2325 1319.415 1348.950 29.535 0.433 0.049
266 2325 0 2325 1306.770 1335.542 28.772 0.433 0.049
267 2325 0 2325 1292.871 1331.578 38.707 0.433 0.049
268 2325 0 2325 1279.847 1331.578 51.731 0.433 0.048
269 2325 0 2325 1264.523 1316.158 51.635 0.433 0.048
270 2325 0 2325 1247.286 1294.944 47.659 0.417 0.048
271 2325 0 2325 1226.906 1290.182 63.276 0.417 0.048
272 2325 0 2325 1208.019 1256.584 48.564 0.433 0.047
273 2325 0 2325 1186.794 1247.964 61.171 0.433 0.047
274 2325 0 2325 1167.648 1224.252 56.604 0.417 0.047
275 2325 0 2325 1145.464 1204.332 58.868 0.433 0.047
276 2325 0 2325 1121.517 1170.664 49.146 0.433 0.047
277 2325 0 2325 1098.324 1161.602 63.278 0.450 0.047
278 2325 0 2325 1075.135 1120.993 45.859 0.467 0.047
279 2325 0 2325 1050.747 1106.306 55.559 0.467 0.047
280 2325 0 2325 1027.419 1078.760 51.341 0.450 0.046
281 2325 0 2325 998.880 1046.258 47.379 0.450 0.046
282 2325 0 2325 970.718 1009.706 38.989 0.450 0.046
283 2174 0 2174 942.239 993.920 51.681 0.450 0.046
284 2174 0 2174 911.616 959.997 48.381 0.433 0.046
285 2174 0 2174 886.148 939.489 53.341 0.433 0.046
286 2174 0 2174 860.172 917.115 56.943 0.433 0.046
287 2174 0 2174 836.337 876.661 40.324 0.433 0.046
288 2174 0 2174 810.914 866.641 55.727 0.433 0.046
289 2174 0 2174 786.070 840.125 54.055 0.417 0.046
290 2174 0 2174 757.964 803.598 45.634 0.433 0.046
291 2174 0 2174 730.891 792.009 61.118 0.433 0.046
292 2071 0 2071 705.784 757.632 51.848 0.433 0.046
293 2071 0 2071 679.955 739.409 59.454 0.417 0.046
294 1937 0 1937 653.951 705.516 51.565 0.417 0.047
295 1937 0 1937 630.810 673.492 42.682 0.417 0.047
296 1937 0 1937 607.256 661.568 54.312 0.417 0.047
297 1937 0 1937 582.125 624.398 42.274 0.433 0.047
298 1937 0 1937 557.697 608.852 51.155 0.417 0.047
299 1893 0 1893 531.981 588.656 56.675 0.417 0.047
300 1893 0 1893 506.619 565.484 58.865 0.417 0.048
301 1893 0 1893 480.611 537.355 56.744 0.417 0.048
302 1893 0 1893 454.008 494.060 40.052 0.433 0.048
303 1893 0 1893 433.542 494.060 60.518 0.417 0.048
304 1893 0 1893 409.281 454.687 45.406 0.433 0.049
305 1893 0 1893 388.075 448.727 60.652 0.433 0.049
306 1893 0 1893 365.265 413.690 48.425 0.433 0.050
307 1893 0 1893 344.528 404.658 60.130 0.433 0.050
308 1893 0 1893 323.308 370.695 47.386 0.433 0.050
309 1893 0 1893 301.982 360.966 58.984 0.433 0.051
310 1893 0 1893 283.149 327.055 43.906 0.433 0.051
311 1893 0 1893 263.352 323.622 60.270 0.433 0.052
312 1893 0 1893 243.315 297.000 53.685 0.450 0.052
313 1470 0 1470 224.259 282.451 58.192 0.450 0.052
314 1470 0 1470 205.140 250.545 45.406 0.467 0.053
315 1395 0 1395 190.420 238.837 48.417 0.467 0.053
316 1326 0 1326 173.964 233.932 59.968 0.450 0.054
317 1326 0 1326 160.552 218.496 57.944 0.467 0.054
318 1173 0 1173 146.005 196.938 50.933 0.467 0.054
319 1173 0 1173 132.122 196.938 64.816 0.467 0.055
320 1141 0 1141 119.782 176.734 56.952 0.483 0.055
321 1090 0 1090 107.055 155.612 48.557 0.483 0.055
322 1090 0 1090 93.865 151.951 58.086 0.483 0.055
323 1078 0 1078 83.487 136.127 52.640 0.483 0.055
324 995 0 995 73.660 132.526 58.866 0.483 0.055
325 995 0 995 63.279 108.222 44.942 0.483 0.055
326 968 0 968 54.225 108.222 53.996 0.483 0.055
327 968 0 968 45.608 108.204 62.596 0.483 0.055
328 968 0 968 38.597 94.821 56.224 0.483 0.055
329 968 0 968 32.258 91.002 58.744 0.483 0.055
330 819 0 819 25.994 77.344 51.350 0.483 0.054
331 819 0 819 20.042 77.344 57.302 0.483 0.053
332 619 0 619 15.211 64.762 49.551 0.467 0.053
333 618 0 618 11.202 64.762 53.560 0.467 0.052
334 618 0 618 8.150 64.748 56.597 0.450 0.052
335 513 0 513 5.808 64.748 58.940 0.450 0.051
336 513 0 513 3.611 64.734 61.123 0.450 0.050
337 504 0 504 2.493 64.723 62.230 0.450 0.049
338 504 0 504 1.813 64.723 62.911 0.433 0.048
339 326 0 326 1.359 64.723 63.364 0.433 0.047
340 318 0 318 0.863 64.723 63.860 0.417 0.046
341 318 0 318 0.697 57.317 56.620 0.417 0.045
342 305 0 305 0.507 49.250 48.743 0.400 0.044
343 305 0 305 0.468 49.250 48.782 0.400 0.042
344 305 0 305 0.418 49.242 48.824 0.383 0.041
345 305 0 305 0.329 49.242 48.913 0.383 0.040
346 312 0 312 0.371 49.235 48.864 0.383 0.039
347 331 0 331 0.416 49.235 48.819 0.367 0.038
348 331 0 331 0.422 49.235 48.813 0.367 0.037
349 331 0 331 0.551 49.243 48.692 0.350 0.035
350 352 0 352 0.782 49.243 48.462 0.350 0.034
351 472 0 472 1.247 49.251 48.004 0.333 0.033
352 472 0 472 1.596 49.259 47.664 0.317 0.032
353 472 0 472 2.505 49.259 46.754 0.317 0.031
354 569 0 569 3.492 49.259 45.768 0.283 0.029
355 570 0 570 5.361 49.259 43.898 0.283 0.028
356 570 0 570 7.685 49.259 41.574 0.267 0.027
357 610 0 610 11.328 49.259 37.931 0.267 0.026
358 812 0 812 15.240 49.318 34.077 0.250 0.025
359 812 0 812 21.918 49.318 27.400 0.250 0.024
360 860 0 860 27.297 49.318 22.020 0.233 0.023
361 860 0 860 33.927 49.318 15.390 0.233 0.022
362 860 0 860 41.556 49.318 7.761 0.233 0.021
363 860 0 860 48.608 49.318 0.710 0.233 0.021
364 860 0 860 57.729 49.387 8.342 0.233 0.020
365 995 0 995 67.320 49.387 17.933 0.217 0.020
366 1045 0 1045 76.344 49.387 26.957 0.217 0.019
367 1045 0 1045 87.111 49.638 37.473 0.217 0.019
368 1163 0 1163 97.776 49.638 48.138 0.217 0.018
369 1207 0 1207 109.301 66.115 43.186 0.217 0.018
370 1207 0 1207 123.233 66.115 57.117 0.217 0.018
371 1207 0 1207 135.971 77.613 58.358 0.217 0.017
372 1399 0 1399 153.623 108.555 45.068 0.233 0.017
373 1399 0 1399 167.331 114.203 53.128 0.233 0.017
374 1602 0 1602 183.705 125.165 58.539 0.217 0.017
375 1602 0 1602 197.940 137.513 60.427 0.217 0.017
376 1602 0 1602 213.736 163.941 49.795 0.200 0.017
377 1646 0 1646 230.664 177.364 53.300 0.233 0.017
378 1704 0 1704 247.945 198.060 49.885 0.233 0.017
379 1704 0 1704 267.634 211.786 55.848 0.233 0.017
380 1704 0 1704 287.395 242.152 45.244 0.233 0.018
381 1704 0 1704 306.341 249.990 56.351 0.217 0.018
382 2209 0 2209 325.704 261.651 64.053 0.217 0.018
383 2209 0 2209 346.858 292.522 54.336 0.217 0.018
384 2209 0 2209 369.844 317.736 52.108 0.217 0.019
385 2209 0 2209 391.546 328.115 63.432 0.217 0.019
386 2209 0 2209 411.641 349.414 62.227 0.233 0.020
387 2209 0 2209 433.541 380.612 52.929 0.250 0.021
388 2209 0 2209 456.168 400.018 56.149 0.250 0.021
389 2209 0 2209 479.620 423.022 56.597 0.250 0.022
390 2209 0 2209 502.549 446.235 56.314 0.250 0.023
391 2209 0 2209 526.356 469.903 56.453 0.283 0.023
392 2209 0 2209 549.249 493.598 55.652 0.283 0.024
393 2209 0 2209 571.590 512.362 59.228 0.267 0.025
394 2209 0 2209 595.737 544.456 51.281 0.283 0.026
395 2209 0 2209 619.107 557.132 61.976 0.283 0.027
396 2209 0 2209 643.729 595.378 48.351 0.283 0.028
397 2209 0 2209 672.222 631.697 40.525 0.283 0.029
398 2209 0 2209 697.870 645.825 52.044 0.300 0.030
399 2209 0 2209 724.368 684.954 39.413 0.300 0.031
400 2209 0 2209 751.342 704.700 46.642 0.300 0.032
401 2209 0 2209 777.848 728.497 49.351 0.317 0.034
402 2209 0 2209 802.277 758.622 43.655 0.317 0.035
403 2209 0 2209 828.850 773.975 54.875 0.333 0.036
404 2209 0 2209 854.982 807.907 47.075 0.350 0.037
405 2209 0 2209 879.960 820.773 59.187 0.350 0.038
406 2209 0 2209 906.787 856.931 49.856 0.350 0.039
407 2209 0 2209 934.030 879.903 54.127 0.350 0.040
408 2209 0 2209 958.428 900.278 58.151 0.367 0.042
409 2209 0 2209 982.294 926.643 55.650 0.367 0.043
410 2209 0 2209 1009.967 962.249 47.717 0.383 0.044
411 2209 0 2209 1036.064 981.710 54.354 0.400 0.045
412 2209 0 2209 1060.241 999.828 60.413 0.400 0.046
413 2209 0 2209 1086.697 1028.203 58.494 0.400 0.047
414 2209 0 2209 1109.752 1056.037 53.714 0.417 0.048
415 2209 0 2209 1133.936 1085.480 48.457 0.433 0.049
416 2209 0 2209 1157.021 1099.393 57.627 0.433 0.050
417 2209 0 2209 1179.330 1129.297 50.033 0.450 0.051
418 2209 0 2209 1199.111 1137.079 62.032 0.450 0.052
419 2209 0 2209 1224.646 1179.659 44.987 0.467 0.053
420 2209 0 2209 1241.923 1184.945 56.979 0.467 0.053
421 2209 0 2209 1260.250 1209.418 50.833 0.483 0.054
422 2209 0 2209 1278.484 1221.475 57.008 0.483 0.054
423 2209 0 2209 1293.322 1230.919 62.402 0.483 0.055
424 2209 0 2209 1308.773 1263.413 45.360 0.483 0.055
425 2209 0 2209 1322.498 1268.580 53.918 0.500 0.055
426 2209 0 2209 1333.287 1276.194 57.093 0.500 0.056
427 2209 0 2209 1344.148 1308.010 36.138 0.500 0.056
428 2209 0 2209 1352.560 1308.010 44.550 0.500 0.056
429 2209 0 2209 1360.463 1313.050 47.414 0.500 0.056
430 2209 0 2209 1368.660 1319.905 48.755 0.500 0.056
431 2209 0 2209 1374.583 1328.184 46.398 0.500 0.055
432 2209 0 2209 1381.923 1339.076 42.848 0.500 0.055
433 2209 0 2209 1384.875 1339.076 45.799 0.500 0.055
434 2209 0 2209 1386.952 1346.829 40.123 0.483 0.054
435 2209 0 2209 1387.415 1350.837 36.577 0.483 0.054
436 2209 0 2209 1386.980 1350.837 36.143 0.467 0.054
437 2209 0 2209 1384.760 1350.837 33.923 0.467 0.053
438 2209 0 2209 1382.108 1350.837 31.271 0.467 0.053
439 2209 0 2209 1378.356 1350.837 27.519 0.450 0.052
440 2209 0 2209 1372.482 1350.837 21.645 0.450 0.052
441 2209 0 2209 1365.038 1350.837 14.201 0.433 0.052
442 2172 0 2172 1356.486 1350.837 5.649 0.433 0.051
443 2172 0 2172 1346.361 1350.857 4.496 0.433 0.051
444 2172 0 2172 1334.605 1350.857 16.252 0.433 0.050
445 2172 0 2172 1321.315 1350.857 29.542 0.433 0.050
446 2172 0 2172 1308.289 1344.014 35.726 0.433 0.050
447 2172 0 2172 1294.336 1335.421 41.085 0.433 0.049
448 2172 0 2172 1280.367 1335.277 54.911 0.417 0.049
449 2172 0 2172 1261.135 1317.236 56.101 0.417 0.049
450 2172 0 2172 1243.873 1286.453 42.580 0.417 0.048
451 2172 0 2172 1227.836 1286.453 58.617 0.417 0.048
452 2172 0 2172 1205.451 1266.522 61.071 0.417 0.048
453 2172 0 2172 1183.538 1237.186 53.649 0.417 0.048
454 2172 0 2172 1162.160 1221.080 58.921 0.417 0.048
455 2172 0 2172 1143.416 1197.983 54.567 0.417 0.048
456 2172 0 2172 1122.837 1182.762 59.925 0.417 0.047
457 2172 0 2172 1096.576 1151.735 55.159 0.417 0.047
458 2172 0 2172 1073.746 1125.169 51.423 0.417 0.047
459 2172 0 2172 1048.288 1095.521 47.233 0.417 0.047
460 2172 0 2172 1021.418 1078.132 56.714 0.417 0.047
461 2156 0 2156 997.184 1050.375 53.191 0.417 0.047
462 2149 0 2149 972.243 1017.859 45.616 0.417 0.047
463 2149 0 2149 946.527 1000.205 53.677 0.417 0.047
464 2149 0 2149 918.930 970.352 51.422 0.433 0.047
465 2149 0 2149 894.376 939.810 45.434 0.433 0.047
466 2149 0 2149 866.980 919.883 52.903 0.417 0.047
467 2149 0 2149 837.178 880.704 43.526 0.433 0.047
468 2054 0 2054 813.544 870.066 56.523 0.433 0.047
469 2054 0 2054 786.725 825.952 39.228 0.433 0.047
470 2054 0 2054 760.700 814.143 53.443 0.433 0.047
471 2054 0 2054 734.362 793.361 58.998 0.433 0.047
472 2054 0 2054 709.883 764.257 54.373 0.450 0.047
473 2054 0 2054 680.634 727.470 46.836 0.433 0.047
474 2054 0 2054 654.989 701.760 46.770 0.433 0.047
475 2054 0 2054 626.870 676.763 49.893 0.450 0.047
476 2054 0 2054 601.923 641.453 39.529 0.450 0.048
477 2054 0 2054 575.538 624.099 48.561 0.483 0.048
478 2054 0 2054 552.479 613.874 61.395 0.467 0.048
479 2021 0 2021 528.447 574.799 46.352 0.467 0.048
480 2021 0 2021 506.387 566.195 59.807 0.467 0.048
481 2021 0 2021 479.771 523.875 44.104 0.467 0.049
482 1824 0 1824 457.556 515.877 58.321 0.450 0.049
483 1824 0 1824 432.593 493.103 60.510 0.467 0.049
484 1824 0 1824 409.495 467.045 57.550 0.450 0.049
485 1789 0 1789 388.508 441.552 53.045 0.450 0.050
486 1705 0 1705 366.368 425.527 59.158 0.450 0.050
487 1705 0 1705 345.920 404.763 58.843 0.450 0.050
488 1705 0 1705 324.587 366.529 41.943 0.450 0.051
489 1680 0 1680 302.724 360.418 57.693 0.450 0.051
490 1680 0 1680 281.989 324.369 42.380 0.483 0.052
491 1680 0 1680 265.362 315.725 50.363 0.483 0.052
492 1656 0 1656 247.820 315.725 67.905 0.467 0.052
493 1656 0 1656 231.754 275.621 43.866 0.467 0.053
494 1656 0 1656 213.800 275.314 61.514 0.467 0.053
495 1656 0 1656 198.271 259.755 61.485 0.467 0.053
496 1656 0 1656 183.811 235.728 51.917 0.483 0.054
497 1656 0 1656 167.494 227.361 59.867 0.483 0.054
498 1656 0 1656 153.997 198.865 44.868 0.483 0.054
499 1449 0 1449 140.112 190.688 50.576 0.483 0.055
500 1420 0 1420 126.098 190.657 64.558 0.483 0.055
501 1420 0 1420 113.271 175.690 62.419 0.483 0.055
502 1344 0 1344 100.889 150.095 49.207 0.467 0.055
503 1123 0 1123 88.265 146.609 58.344 0.483 0.055
504 1028 0 1028 75.962 134.176 58.215 0.483 0.055
505 1028 0 1028 65.107 106.891 41.784 0.483 0.055
506 964 0 964 55.888 103.156 47.268 0.483 0.055
507 964 0 964 47.124 103.064 55.940 0.483 0.055
508 964 0 964 39.499 97.291 57.791 0.483 0.055
509 964 0 964 31.268 88.907 57.639 0.483 0.054
510 941 0 941 25.213 81.329 56.117 0.483 0.054
511 941 0 941 20.592 66.461 45.870 0.483 0.053
512 941 0 941 14.957 66.461 51.504 0.483 0.053
513 941 0 941 10.695 57.757 47.062 0.467 0.052
514 520 0 520 7.193 57.735 50.542 0.467 0.051
515 506 0 506 5.099 57.735 52.636 0.450 0.051
516 506 0 506 3.609 51.912 48.303 0.450 0.050
517 506 0 506 2.182 51.912 49.730 0.433 0.049
518 506 0 506 1.417 51.912 50.494 0.433 0.048
519 506 0 506 1.030 51.903 50.873 0.417 0.047
520 506 0 506 0.794 51.895 51.101 0.400 0.046
521 506 0 506 0.707 51.903 51.196 0.400 0.045
522 446 0 446 0.482 51.903 51.421 0.383 0.043
523 446 0 446 0.421 51.912 51.491 0.383 0.042
524 238 0 238 0.320 51.912 51.592 0.383 0.041
525 238 0 238 0.392 51.912 51.519 0.367 0.040
526 238 0 238 0.319 51.912 51.593 0.367 0.039
527 238 0 238 0.320 51.912 51.592 0.367 0.038
528 213 0 213 0.346 51.912 51.566 0.350 0.037
529 384 0 384 0.513 51.912 51.398 0.333 0.035
530 384 0 384 0.736 51.912 51.176 0.317 0.034
531 384 0 384 1.184 51.912 50.728 0.317 0.033
532 384 0 384 1.719 51.912 50.193 0.317 0.032
533 463 0 463 2.608 51.912 49.304 0.300 0.031
534 740 0 740 3.785 51.912 48.127 0.283 0.029
535 740 0 740 5.517 51.912 46.394 0.283 0.028
536 740 0 740 8.339 51.912 43.573 0.267 0.027
537 740 0 740 11.770 51.912 40.142 0.250 0.026
538 740 0 740 15.547 51.912 36.364 0.250 0.025
539 740 0 740 20.764 51.995 31.231 0.250 0.024
540 819 0 819 25.879 52.004 26.125 0.250 0.023
541 819 0 819 31.575 52.004 20.429 0.233 0.022
542 819 0 819 37.509 52.004 14.494 0.233 0.021
543 880 0 880 45.124 52.004 6.880 0.233 0.021
544 1026 0 1026 53.808 52.004 1.804 0.217 0.020
545 1026 0 1026 62.881 52.012 10.868 0.233 0.019
546 1069 0 1069 74.220 52.012 22.207 0.217 0.019
547 1069 0 1069 84.162 52.012 32.150 0.200 0.018
548 1276 0 1276 98.262 52.021 46.241 0.200 0.018
549 1276 0 1276 108.930 57.410 51.520 0.200 0.018
550 1276 0 1276 120.288 66.174 54.115 0.200 0.017
551 1356 0 1356 134.023 77.686 56.338 0.200 0.017
552 1640 0 1640 147.779 100.279 47.500 0.200 0.017
553 1640 0 1640 161.612 100.402 61.210 0.200 0.017
554 1640 0 1640 177.188 132.856 44.332 0.200 0.017
555 1640 0 1640 191.447 137.553 53.894 0.217 0.017
556 1640 0 1640 207.427 155.598 51.830 0.217 0.017
557 1640 0 1640 224.552 174.840 49.712 0.217 0.017
558 1640 0 1640 242.830 194.477 48.353 0.217 0.018
559 1640 0 1640 259.607 210.392 49.214 0.217 0.018
560 1640 0 1640 280.681 226.075 54.606 0.233 0.018
561 1640 0 1640 301.298 256.018 45.280 0.233 0.018
562 1640 0 1640 318.930 262.958 55.972 0.233 0.019
563 1674 0 1674 336.829 285.985 50.844 0.233 0.019
564 1674 0 1674 355.991 300.887 55.104 0.233 0.019
565 1818 0 1818 379.861 335.365 44.496 0.233 0.019
566 1866 0 1866 402.774 349.047 53.727 0.233 0.020
567 1866 0 1866 425.460 371.727 53.733 0.233 0.020
568 2042 0 2042 448.490 388.232 60.258 0.250 0.021
569 2042 0 2042 473.055 424.657 48.399 0.267 0.022
570 2042 0 2042 497.606 434.152 63.454 0.250 0.022
571 2042 0 2042 522.536 468.842 53.694 0.267 0.023
572 2526 0 2526 549.523 508.193 41.330 0.283 0.024
573 2526 0 2526 576.743 518.332 58.412 0.283 0.025
574 2526 0 2526 601.193 537.736 63.457 0.267 0.026
575 2526 0 2526 626.652 574.864 51.788 0.300 0.027
576 2526 0 2526 650.355 594.671 55.684 0.317 0.028
577 2526 0 2526 679.008 614.690 64.319 0.317 0.029
578 2526 0 2526 708.525 649.826 58.699 0.317 0.031
579 2526 0 2526 733.637 681.390 52.247 0.333 0.032
580 2526 0 2526 759.197 699.898 59.299 0.333 0.033
581 2526 0 2526 783.408 732.964 50.444 0.333 0.034
582 2526 0 2526 808.054 762.614 45.440 0.350 0.035
583 2526 0 2526 836.002 785.492 50.509 0.350 0.036
584 2526 0 2526 862.754 805.787 56.967 0.350 0.038
585 2526 0 2526 890.016 837.908 52.108 0.367 0.039
586 2526 0 2526 915.947 865.090 50.857 0.367 0.040
587 2526 0 2526 944.019 895.838 48.180 0.383 0.041
588 2526 0 2526 968.516 914.362 54.154 0.383 0.042
589 2526 0 2526 993.010 951.602 41.408 0.383 0.044
590 2526 0 2526 1017.412 958.179 59.233 0.383 0.044
591 2526 0 2526 1044.654 1001.559 43.095 0.400 0.046
592 2526 0 2526 1071.064 1024.238 46.826 0.400 0.047
593 2526 0 2526 1096.762 1036.617 60.145 0.417 0.048
594 2526 0 2526 1120.395 1081.043 39.352 0.417 0.049
595 2526 0 2526 1144.831 1081.043 63.787 0.417 0.050
596 2526 0 2526 1168.483 1123.533 44.950 0.433 0.051
597 2526 0 2526 1188.665 1127.143 61.522 0.450 0.052
598 2526 0 2526 1209.063 1166.781 42.283 0.450 0.053
599 2526 0 2526 1229.210 1174.424 54.786 0.450 0.053
600 2526 0 2526 1247.704 1196.378 51.326 0.450 0.054
601 2526 0 2526 1264.672 1211.313 53.359 0.467 0.055
602 2526 0 2526 1279.610 1229.792 49.818 0.467 0.055
603 2526 0 2526 1294.350 1249.733 44.617 0.467 0.056
604 2526 0 2526 1309.021 1254.758 54.263 0.483 0.056
605 2526 0 2526 1321.691 1269.080 52.612 0.483 0.056
606 2526 0 2526 1335.029 1283.406 51.623 0.483 0.056
607 2526 0 2526 1344.940 1292.736 52.203 0.483 0.056
608 2526 0 2526 1356.886 1309.831 47.055 0.500 0.056
609 2526 0 2526 1364.231 1316.864 47.367 0.500 0.056
610 2526 0 2526 1370.938 1323.497 47.441 0.500 0.056
611 2526 0 2526 1377.299 1336.973 40.326 0.500 0.056
612 2526 0 2526 1380.330 1342.813 37.518 0.483 0.056
613 2526 0 2526 1383.496 1353.486 30.010 0.500 0.055
614 2526 0 2526 1385.554 1353.486 32.068 0.483 0.055
615 2526 0 2526 1386.349 1353.409 32.940 0.483 0.055
616 2526 0 2526 1386.070 1353.409 32.661 0.467 0.054
617 2526 0 2526 1384.793 1353.409 31.384 0.467 0.054
618 2526 0 2526 1381.816 1353.317 28.500 0.450 0.053
619 2526 0 2526 1377.680 1353.317 24.364 0.450 0.053
620 2526 0 2526 1372.225 1353.317 18.908 0.450 0.052
621 2526 0 2526 1365.548 1353.219 12.329 0.450 0.052
622 2526 0 2526 1358.354 1353.219 5.135 0.433 0.051
623 2526 0 2526 1348.951 1353.244 4.293 0.433 0.051
624 2526 0 2526 1337.528 1353.244 15.716 0.433 0.050
625 2526 0 2526 1327.362 1353.105 25.743 0.433 0.050
626 2526 0 2526 1314.630 1353.053 38.423 0.417 0.050
627 2526 0 2526 1299.671 1353.056 53.385 0.417 0.049
628 2526 0 2526 1284.493 1337.101 52.608 0.417 0.049
629 2526 0 2526 1267.825 1320.683 52.858 0.417 0.049
630 2526 0 2526 1253.281 1298.695 45.414 0.417 0.048
631 2526 0 2526 1232.879 1287.078 54.198 0.433 0.048
632 2283 0 2283 1214.043 1279.514 65.471 0.417 0.048
633 2283 0 2283 1194.904 1250.396 55.493 0.417 0.047
634 2283 0 2283 1173.833 1223.766 49.933 0.433 0.047
635 2283 0 2283 1150.780 1206.550 55.769 0.433 0.047
636 2283 0 2283 1129.089 1181.482 52.393 0.417 0.047
637 2283 0 2283 1103.894 1163.652 59.758 0.450 0.046
638 2283 0 2283 1079.838 1130.583 50.746 0.450 0.046
639 2283 0 2283 1051.809 1107.253 55.444 0.450 0.046
640 2283 0 2283 1025.601 1077.753 52.152 0.450 0.046
641 2283 0 2283 1000.748 1046.879 46.132 0.433 0.046
642 2283 0 2283 975.162 1027.317 52.155 0.433 0.046
643 2283 0 2283 949.767 1001.233 51.466 0.433 0.046
644 2283 0 2283 924.165 988.735 64.569 0.433 0.046
645 2283 0 2283 895.633 956.375 60.742 0.433 0.046
646 2283 0 2283 866.224 911.394 45.171 0.433 0.046
647 2283 0 2283 840.841 891.368 50.526 0.433 0.046
648 2283 0 2283 813.953 867.832 53.879 0.433 0.046
649 2283 0 2283 789.604 838.247 48.643 0.417 0.046
650 2131 0 2131 764.066 822.149 58.083 0.417 0.046
651 2131 0 2131 736.828 778.100 41.272 0.433 0.046
652 2131 0 2131 706.985 765.575 58.590 0.433 0.046
653 2131 0 2131 680.393 733.520 53.127 0.417 0.046
654 2131 0 2131 655.598 718.595 62.996 0.433 0.046
655 2131 0 2131 626.534 684.142 57.609 0.417 0.046
656 2131 0 2131 602.524 653.726 51.202 0.417 0.046
657 2131 0 2131 577.727 633.673 55.946 0.400 0.047
658 2131 0 2131 552.888 598.790 45.903 0.400 0.047
659 2131 0 2131 530.637 590.632 59.996 0.417 0.047
660 1819 0 1819 505.796 557.462 51.666 0.417 0.047
661 1819 0 1819 483.826 545.286 61.461 0.433 0.048
662 1819 0 1819 458.699 513.820 55.121 0.450 0.048
663 1769 0 1769 436.987 498.968 61.981 0.450 0.048
664 1700 0 1700 412.652 460.440 47.788 0.433 0.049
665 1696 0 1696 385.214 442.465 57.251 0.433 0.049
666 1696 0 1696 363.359 417.485 54.127 0.417 0.049
667 1696 0 1696 341.119 398.322 57.203 0.433 0.050
668 1696 0 1696 319.703 371.762 52.059 0.433 0.050
669 1696 0 1696 297.072 341.417 44.344 0.433 0.051
670 1696 0 1696 279.078 326.516 47.437 0.433 0.051
671 1696 0 1696 261.417 309.266 47.848 0.433 0.051
672 1696 0 1696 241.842 298.377 56.535 0.433 0.052
673 1539 0 1539 223.961 275.064 51.103 0.433 0.052
674 1539 0 1539 206.583 265.391 58.808 0.450 0.053
675 1539 0 1539 190.054 245.039 54.986 0.450 0.053
676 1539 0 1539 174.895 229.668 54.773 0.450 0.053
677 1539 0 1539 159.804 211.512 51.708 0.450 0.054
678 1539 0 1539 145.533 192.934 47.401 0.467 0.054
679 1539 0 1539 131.601 181.083 49.482 0.467 0.054
680 1478 0 1478 117.845 170.248 52.403 0.467 0.055
681 1478 0 1478 105.565 159.241 53.676 0.467 0.055
682 1478 0 1478 94.583 143.336 48.753 0.483 0.055
683 1301 0 1301 82.585 143.336 60.751 0.483 0.055
684 1032 0 1032 72.100 119.620 47.520 0.483 0.055
685 1032 0 1032 63.079 119.557 56.478 0.483 0.055
686 1032 0 1032 53.771 110.974 57.202 0.483 0.055
687 1032 0 1032 44.914 106.430 61.516 0.483 0.055
688 1032 0 1032 37.172 101.828 64.656 0.483 0.054
689 758 0 758 29.452 83.668 54.216 0.500 0.054
690 758 0 758 24.136 83.668 59.532 0.483 0.054
691 758 0 758 18.257 83.654 65.397 0.467 0.053
692 758 0 758 14.103 63.022 48.918 0.483 0.053
693 758 0 758 10.839 63.022 52.183 0.467 0.052
694 680 0 680 7.745 63.011 55.266 0.467 0.051
695 476 0 476 4.827 63.011 58.184 0.450 0.051
696 476 0 476 3.354 63.001 59.646 0.450 0.050
697 476 0 476 2.363 63.001 60.638 0.433 0.049
698 392 0 392 1.522 63.001 61.479 0.433 0.048
699 360 0 360 0.986 62.953 61.967 0.417 0.046
700 360 0 360 0.628 62.953 62.325 0.417 0.046
701 267 0 267 0.471 55.453 54.982 0.400 0.044
702 267 0 267 0.342 55.453 55.111 0.400 0.043
703 267 0 267 0.329 55.435 55.106 0.400 0.042
704 267 0 267 0.298 55.435 55.137 0.400 0.041
705 267 0 267 0.277 55.425 55.148 0.367 0.040
706 267 0 267 0.274 55.425 55.152 0.367 0.039
707 267 0 267 0.319 55.425 55.106 0.350 0.038
708 328 0 328 0.436 55.435 54.999 0.350 0.036
709 328 0 328 0.674 55.435 54.760 0.333 0.035
710 392 0 392 1.022 55.435 54.413 0.333 0.034
711 392 0 392 1.373 55.435 54.061 0.333 0.033
712 392 0 392 2.010 55.444 53.434 0.317 0.032
713 418 0 418 2.980 55.444 52.464 0.317 0.030
714 635 0 635 4.133 55.444 51.311 0.300 0.029
715 635 0 635 5.995 55.444 49.448 0.283 0.028
716 635 0 635 8.656 55.444 46.788 0.283 0.027
717 644 0 644 12.078 55.444 43.366 0.267 0.026
718 644 0 644 15.444 55.444 40.000 0.250 0.025
719 817 0 817 21.247 55.444 34.197 0.250 0.024
720 817 0 817 26.799 55.444 28.645 0.233 0.023
721 1078 0 1078 33.125 55.444 22.319 0.217 0.022
722 1078 0 1078 39.165 55.453 16.288 0.217 0.021
723 1078 0 1078 47.061 55.453 8.392 0.217 0.021
724 1078 0 1078 53.831 55.453 1.622 0.217 0.020
725 1078 0 1078 62.545 55.523 7.022 0.217 0.019
726 1078 0 1078 72.298 55.640 16.658 0.217 0.019
727 1184 0 1184 83.638 55.760 27.879 0.217 0.018
728 1184 0 1184 94.002 60.585 33.418 0.233 0.018
729 1184 0 1184 105.410 67.351 38.059 0.200 0.017
730 1268 0 1268 118.918 74.402 44.517 0.217 0.017
731 1268 0 1268 132.296 83.435 48.861 0.217 0.017
732 1268 0 1268 147.743 100.195 47.548 0.233 0.017
733 1401 0 1401 160.611 107.422 53.190 0.217 0.017
734 1401 0 1401 176.060 116.087 59.973 0.200 0.017
735 1401 0 1401 192.471 135.892 56.578 0.200 0.017
736 1528 0 1528 209.145 161.182 47.964 0.217 0.017
737 1528 0 1528 225.384 169.447 55.937 0.217 0.017
738 1528 0 1528 242.131 181.177 60.954 0.200 0.017
739 1604 0 1604 261.260 203.997 57.263 0.200 0.017
740 1645 0 1645 280.428 217.395 63.033 0.200 0.017
741 1645 0 1645 301.481 249.869 51.612 0.200 0.018
742 1684 0 1684 319.726 253.997 65.730 0.200 0.018
743 1762 0 1762 341.616 293.934 47.681 0.217 0.018
744 1812 0 1812 359.916 293.934 65.982 0.217 0.018
745 1812 0 1812 381.643 323.087 58.556 0.233 0.019
746 1822 0 1822 403.591 343.256 60.335 0.233 0.019
747 1822 0 1822 425.811 375.450 50.362 0.217 0.020
748 2091 0 2091 450.292 391.554 58.738 0.233 0.021
749 2091 0 2091 472.371 418.660 53.711 0.233 0.021
750 2171 0 2171 496.741 456.242 40.499 0.233 0.022
751 2171 0 2171 518.740 456.311 62.430 0.250 0.023
752 2171 0 2171 544.597 483.569 61.029 0.250 0.024
753 2171 0 2171 567.794 508.525 59.268 0.267 0.024
754 2171 0 2171 589.951 528.294 61.657 0.267 0.025
755 2171 0 2171 617.622 571.882 45.740 0.283 0.026
756 2171 0 2171 643.062 583.053 60.010 0.267 0.027
757 2171 0 2171 671.203 616.624 54.579 0.283 0.029
758 2171 0 2171 694.735 644.658 50.077 0.283 0.030
759 2171 0 2171 720.563 663.017 57.546 0.283 0.031
760 2171 0 2171 749.382 703.464 45.918 0.300 0.032
761 2171 0 2171 775.665 729.023 46.642 0.317 0.033
762 2171 0 2171 801.317 745.769 55.548 0.317 0.035
763 2171 0 2171 829.569 780.176 49.393 0.333 0.036
764 2293 0 2293 855.114 809.603 45.511 0.350 0.037
765 2293 0 2293 881.794 827.733 54.061 0.367 0.038
766 2293 0 2293 912.595 860.704 51.891 0.383 0.040
767 2293 0 2293 938.512 891.851 46.661 0.383 0.041
768 2293 0 2293 964.618 906.549 58.069 0.400 0.042
769 2293 0 2293 992.616 950.538 42.078 0.400 0.043
770 2293 0 2293 1022.140 975.642 46.498 0.417 0.044
771 2293 0 2293 1047.419 993.742 53.677 0.433 0.045
772 2293 0 2293 1072.467 1015.185 57.282 0.433 0.046
773 2293 0 2293 1098.106 1052.794 45.311 0.450 0.048
774 2293 0 2293 1122.926 1067.286 55.640 0.450 0.049
775 2293 0 2293 1146.641 1088.527 58.115 0.450 0.050
776 2293 0 2293 1170.820 1109.074 61.746 0.467 0.051
777 2293 0 2293 1192.284 1134.571 57.713 0.467 0.051
778 2293 0 2293 1210.909 1163.993 46.916 0.467 0.052
779 2293 0 2293 1232.717 1171.440 61.277 0.483 0.053
780 2293 0 2293 1251.707 1196.850 54.857 0.483 0.054
781 2293 0 2293 1269.938 1216.651 53.286 0.483 0.054
782 2293 0 2293 1283.819 1220.509 63.310 0.483 0.055
783 2293 0 2293 1300.154 1244.103 56.051 0.500 0.055
784 2293 0 2293 1311.651 1260.886 50.765 0.500 0.055
785 2293 0 2293 1324.493 1276.353 48.141 0.500 0.056
786 2293 0 2293 1335.974 1286.961 49.013 0.500 0.056
787 2293 0 2293 1347.191 1303.412 43.779 0.500 0.056
788 2293 0 2293 1355.043 1303.412 51.631 0.500 0.056
789 2293 0 2293 1361.061 1312.304 48.757 0.500 0.056
790 2293 0 2293 1368.382 1319.894 48.488 0.517 0.056
791 2293 0 2293 1374.331 1338.833 35.499 0.500 0.055
792 2293 0 2293 1380.694 1347.502 33.192 0.500 0.055
793 2293 0 2293 1382.862 1347.502 35.360 0.500 0.055
794 2293 0 2293 1385.706 1347.577 38.129 0.500 0.055
795 2293 0 2293 1387.878 1347.577 40.300 0.483 0.054
796 2293 0 2293 1388.524 1347.577 40.947 0.467 0.054
797 2293 0 2293 1386.463 1347.577 38.885 0.467 0.053
798 2293 0 2293 1383.315 1347.577 35.738 0.467 0.053
799 2293 0 2293 1380.230 1347.577 32.652 0.450 0.052
800 2293 0 2293 1374.289 1347.577 26.712 0.450 0.052
801 2293 0 2293 1369.130 1347.619 21.510 0.433 0.052
802 2293 0 2293 1360.694 1347.619 13.075 0.433 0.051
803 2293 0 2293 1350.422 1347.619 2.803 0.433 0.051
804 2293 0 2293 1343.571 1347.619 4.048 0.433 0.050
805 2293 0 2293 1333.901 1347.611 13.711 0.433 0.050
806 2293 0 2293 1319.839 1347.611 27.773 0.433 0.049
807 2293 0 2293 1302.974 1347.625 44.650 0.433 0.049
808 2293 0 2293 1287.269 1347.625 60.356 0.433 0.049
809 2293 0 2293 1272.346 1329.557 57.211 0.417 0.048
810 2293 0 2293 1253.800 1303.893 50.093 0.433 0.048
811 2293 0 2293 1237.127 1292.900 55.773 0.433 0.048
812 2293 0 2293 1217.915 1278.999 61.084 0.433 0.047
813 2293 0 2293 1200.246 1260.338 60.092 0.433 0.047
814 2293 0 2293 1179.435 1230.710 51.275 0.417 0.047
815 2293 0 2293 1156.952 1217.189 60.237 0.417 0.046
816 2293 0 2293 1133.429 1192.058 58.629 0.400 0.046
817 2293 0 2293 1105.944 1172.958 67.015 0.400 0.046
818 2293 0 2293 1081.180 1133.703 52.523 0.400 0.046
819 2293 0 2293 1052.393 1110.180 57.786 0.400 0.046
820 2293 0 2293 1021.857 1082.233 60.376 0.417 0.046
821 2293 0 2293 994.111 1050.629 56.519 0.450 0.046
822 2293 0 2293 969.109 1025.919 56.810 0.450 0.046
823 2293 0 2293 940.055 982.947 42.891 0.450 0.046
824 2136 0 2136 912.445 963.842 51.397 0.467 0.046
825 2136 0 2136 886.984 931.843 44.860 0.467 0.046
826 2136 0 2136 855.458 906.213 50.755 0.450 0.046
827 2136 0 2136 830.218 889.301 59.084 0.433 0.046
828 2136 0 2136 803.496 858.669 55.173 0.433 0.046
829 2136 0 2136 774.581 827.185 52.604 0.433 0.046
830 2136 0 2136 748.039 800.623 52.583 0.450 0.046
831 2136 0 2136 721.601 762.594 40.993 0.450 0.046
832 2136 0 2136 695.026 751.134 56.108 0.450 0.046
833 2136 0 2136 669.474 715.778 46.304 0.433 0.046
834 2061 0 2061 643.551 697.281 53.730 0.433 0.047
835 2061 0 2061 617.721 671.120 53.399 0.433 0.047
836 1847 0 1847 590.789 627.818 37.029 0.433 0.047
837 1847 0 1847 564.809 627.818 63.009 0.450 0.047
838 1847 0 1847 540.712 588.178 47.465 0.450 0.047
839 1847 0 1847 519.436 583.751 64.315 0.467 0.047
840 1802 0 1802 496.271 545.563 49.292 0.467 0.048
841 1763 0 1763 473.588 527.750 54.162 0.500 0.048
842 1763 0 1763 450.958 499.325 48.367 0.483 0.048
843 1761 0 1761 427.307 493.020 65.713 0.483 0.048
844 1761 0 1761 404.975 454.698 49.723 0.483 0.049
845 1761 0 1761 383.364 429.492 46.128 0.483 0.049
846 1761 0 1761 357.940 418.260 60.320 0.483 0.050
847 1761 0 1761 335.756 387.011 51.255 0.467 0.050
848 1761 0 1761 313.255 366.820 53.565 0.467 0.051
849 1761 0 1761 290.408 344.037 53.629 0.467 0.051
850 1761 0 1761 272.247 325.268 53.020 0.483 0.051
851 1524 0 1524 252.702 297.631 44.929 0.483 0.052
852 1524 0 1524 235.273 282.410 47.137 0.467 0.052
853 1524 0 1524 218.581 277.652 59.071 0.467 0.052
854 1501 0 1501 201.134 250.698 49.564 0.483 0.053
855 1501 0 1501 186.671 238.072 51.401 0.483 0.053
856 1414 0 1414 172.527 213.395 40.868 0.483 0.054
857 1414 0 1414 157.372 203.521 46.149 0.483 0.054
858 1186 0 1186 143.008 194.960 51.952 0.483 0.054
859 1174 0 1174 130.150 188.178 58.028 0.483 0.055
860 1174 0 1174 116.705 170.456 53.751 0.483 0.055
861 1059 0 1059 105.489 162.347 56.858 0.483 0.055
862 1026 0 1026 92.856 143.156 50.300 0.500 0.055
863 1026 0 1026 81.107 143.156 62.049 0.500 0.055
864 1026 0 1026 73.906 129.992 56.086 0.500 0.055
865 997 0 997 65.614 129.992 64.377 0.500 0.055
866 997 0 997 56.144 106.353 50.209 0.500 0.055
867 864 0 864 46.022 106.335 60.313 0.500 0.055
868 864 0 864 37.988 92.856 54.868 0.500 0.055
869 864 0 864 31.368 92.841 61.473 0.500 0.054
870 774 0 774 24.607 73.336 48.730 0.483 0.054
871 749 0 749 19.520 73.336 53.817 0.483 0.053
872 749 0 749 15.010 73.336 58.327 0.483 0.053
873 749 0 749 11.386 69.149 57.763 0.467 0.052
874 749 0 749 8.176 69.138 60.962 0.467 0.052
875 749 0 749 5.663 69.138 63.475 0.450 0.051
876 749 0 749 3.627 69.138 65.511 0.450 0.050
877 749 0 749 2.395 62.011 59.617 0.433 0.049
878 693 0 693 1.561 62.011 60.451 0.417 0.048
879 400 0 400 0.963 62.011 61.048 0.417 0.047
880 400 0 400 0.669 62.021 61.352 0.400 0.046
881 361 0 361 0.392 62.011 61.619 0.400 0.044
882 361 0 361 0.279 62.011 61.732 0.383 0.043
883 361 0 361 0.201 62.011 61.810 0.367 0.042
884 202 0 202 0.141 62.011 61.870 0.367 0.041
885 184 0 184 0.135 62.011 61.876 0.367 0.040
886 184 0 184 0.142 62.021 61.879 0.350 0.038
887 195 0 195 0.224 62.018 61.794 0.350 0.037
888 430 0 430 0.406 62.018 61.611 0.350 0.036
889 430 0 430 0.656 62.018 61.361 0.333 0.035
890 430 0 430 0.893 62.028 61.135 0.317 0.034
891 683 0 683 1.343 62.028 60.685 0.317 0.032
892 683 0 683 2.010 62.022 60.011 0.300 0.031
893 683 0 683 2.844 62.022 59.178 0.283 0.030
894 683 0 683 4.517 62.022 57.505 0.283 0.029
895 683 0 683 6.399 62.022 55.622 0.283 0.028
896 683 0 683 9.321 62.022 52.701 0.283 0.026
897 699 0 699 13.220 62.022 48.803 0.283 0.025
898 699 0 699 17.054 62.022 44.968 0.267 0.024
899 798 0 798 22.560 62.022 39.462 0.267 0.024
900 798 0 798 28.785 62.053 33.268 0.267 0.023
901 798 0 798 35.434 62.053 26.619 0.250 0.022
902 798 0 798 41.140 62.053 20.913 0.250 0.021
903 832 0 832 49.592 62.053 12.461 0.233 0.020
904 842 0 842 57.643 62.127 4.484 0.217 0.020
905 903 0 903 66.014 62.199 3.815 0.217 0.019
906 1015 0 1015 75.050 62.199 12.851 0.217 0.018
907 1015 0 1015 86.884 62.284 24.600 0.217 0.018
908 1042 0 1042 99.535 62.315 37.220 0.200 0.018
909 1179 0 1179 111.195 66.571 44.624 0.200 0.017
910 1179 0 1179 123.505 72.982 50.523 0.200 0.017
911 1240 0 1240 135.767 72.982 62.785 0.200 0.017
912 1369 0 1369 149.363 96.873 52.491 0.200 0.016
913 1474 0 1474 165.470 116.706 48.765 0.183 0.017
914 1474 0 1474 180.894 116.723 64.171 0.200 0.016
915 1474 0 1474 195.019 144.048 50.971 0.200 0.016
916 1474 0 1474 212.989 161.799 51.191 0.200 0.017
917 1503 0 1503 228.759 161.848 66.911 0.200 0.017
918 1849 0 1849 249.914 200.982 48.932 0.217 0.017
919 1849 0 1849 266.757 213.022 53.735 0.217 0.017
920 1849 0 1849 285.070 223.803 61.267 0.217 0.017
921 1849 0 1849 305.156 247.817 57.339 0.217 0.018
922 1849 0 1849 326.798 281.419 45.379 0.217 0.018
923 1849 0 1849 347.043 287.636 59.407 0.217 0.018
924 1849 0 1849 370.225 318.370 51.855 0.217 0.019
925 1849 0 1849 391.648 336.586 55.062 0.233 0.019
926 1849 0 1849 410.927 361.188 49.739 0.233 0.020
927 1849 0 1849 430.967 379.946 51.020 0.233 0.020
928 1869 0 1869 456.743 405.120 51.623 0.233 0.021
929 1869 0 1869 476.723 436.464 40.259 0.250 0.022
930 1869 0 1869 499.147 448.028 51.119 0.250 0.022
931 1869 0 1869 523.586 478.486 45.100 0.250 0.023
932 1869 0 1869 549.384 501.516 47.867 0.233 0.024
933 1869 0 1869 575.035 522.083 52.952 0.250 0.025
934 1950 0 1950 600.573 546.809 53.764 0.250 0.026
935 1950 0 1950 623.619 570.110 53.509 0.267 0.027
936 1950 0 1950 650.804 608.411 42.393 0.283 0.028
937 2017 0 2017 675.879 622.005 53.874 0.283 0.029
938 2017 0 2017 701.060 652.981 48.079 0.283 0.030
939 2224 0 2224 725.005 668.507 56.498 0.283 0.031
940 2224 0 2224 749.068 706.583 42.485 0.300 0.032
941 2224 0 2224 773.095 726.412 46.683 0.317 0.033
942 2386 0 2386 803.756 757.420 46.335 0.317 0.035
943 2462 0 2462 829.103 780.531 48.572 0.333 0.036
944 2462 0 2462 857.567 800.507 57.060 0.333 0.037
945 2462 0 2462 884.708 831.202 53.506 0.350 0.038
946 2462 0 2462 909.238 867.050 42.188 0.367 0.039
947 2462 0 2462 937.636 883.680 53.956 0.383 0.041
948 2462 0 2462 963.466 920.223 43.244 0.383 0.042
949 2462 0 2462 987.799 934.902 52.897 0.400 0.043
950 2462 0 2462 1014.552 962.366 52.185 0.400 0.044
951 2462 0 2462 1038.030 980.751 57.279 0.417 0.045
952 2462 0 2462 1065.560 1005.225 60.336 0.417 0.046
953 2462 0 2462 1090.133 1049.261 40.872 0.417 0.047
954 2462 0 2462 1115.696 1056.602 59.095 0.417 0.048
955 2462 0 2462 1139.656 1092.238 47.418 0.417 0.049
956 2462 0 2462 1164.226 1107.064 57.162 0.433 0.050
957 2462 0 2462 1188.958 1134.745 54.214 0.450 0.051
958 2462 0 2462 1208.861 1156.524 52.337 0.450 0.052
959 2462 0 2462 1231.179 1176.948 54.230 0.467 0.053
960 2462 0 2462 1250.973 1196.275 54.698 0.467 0.053
961 2462 0 2462 1268.605 1220.544 48.061 0.483 0.054
962 2462 0 2462 1282.737 1228.608 54.128 0.483 0.055
963 2462 0 2462 1298.781 1240.340 58.441 0.483 0.055
964 2462 0 2462 1312.522 1261.420 51.102 0.483 0.055
965 2462 0 2462 1324.174 1266.712 57.462 0.500 0.056
966 2462 0 2462 1334.042 1284.923 49.119 0.500 0.056
967 2462 0 2462 1346.691 1297.125 49.566 0.500 0.056
968 2462 0 2462 1357.623 1308.950 48.673 0.483 0.056
969 2462 0 2462 1365.054 1308.950 56.103 0.483 0.056
970 2462 0 2462 1371.932 1326.985 44.947 0.500 0.056
971 2462 0 2462 1375.443 1331.198 44.245 0.500 0.055
972 2462 0 2462 1379.596 1338.023 41.573 0.500 0.055
973 2462 0 2462 1383.970 1337.984 45.986 0.500 0.055
974 2462 0 2462 1385.975 1345.749 40.226 0.483 0.055
975 2462 0 2462 1385.404 1350.766 34.638 0.483 0.054
976 2462 0 2462 1386.056 1357.371 28.686 0.483 0.054
977 2462 0 2462 1381.838 1357.295 24.543 0.483 0.054
978 2462 0 2462 1380.032 1357.355 22.678 0.450 0.053
979 2462 0 2462 1373.951 1357.371 16.580 0.450 0.053
980 2462 0 2462 1369.586 1357.371 12.215 0.450 0.052
981 2462 0 2462 1362.778 1357.371 5.406 0.450 0.052
982 2462 0 2462 1356.368 1357.371 1.004 0.433 0.051
983 2462 0 2462 1347.454 1357.411 9.957 0.433 0.051
984 2462 0 2462 1336.758 1357.411 20.653 0.433 0.050
985 2462 0 2462 1324.634 1357.440 32.806 0.433 0.050
986 2462 0 2462 1313.054 1357.440 44.386 0.433 0.049
987 2462 0 2462 1296.964 1342.140 45.176 0.433 0.049
988 2462 0 2462 1281.621 1341.992 60.371 0.433 0.049
989 2462 0 2462 1264.674 1313.568 48.894 0.450 0.048
990 2462 0 2462 1250.006 1297.547 47.540 0.433 0.048
991 2462 0 2462 1233.753 1285.006 51.253 0.433 0.048
992 2462 0 2462 1216.258 1269.441 53.183 0.417 0.047
993 2462 0 2462 1196.207 1248.684 52.478 0.433 0.047
994 2462 0 2462 1175.178 1219.386 44.208 0.433 0.047
995 2462 0 2462 1152.677 1207.101 54.424 0.450 0.047
996 2462 0 2462 1126.434 1180.389 53.954 0.450 0.047
997 2462 0 2462 1101.897 1164.395 62.498 0.450 0.046
998 2462 0 2462 1074.506 1128.259 53.753 0.450 0.047
999 2462 0 2462 1053.723 1109.364 55.641 0.450 0.046
1000 2462 0 2462 1029.882 1081.544 51.663 0.450 0.046
1001 2462 0 2462 1006.957 1057.458 50.501 0.450 0.046
1002 2462 0 2462 981.694 1031.427 49.733 0.467 0.046
1003 2260 0 2260 954.509 1005.627 51.118 0.450 0.046
1004 2260 0 2260 925.901 979.059 53.158 0.450 0.046
1005 2260 0 2260 897.900 944.604 46.704 0.450 0.046
1006 2260 0 2260 872.563 919.909 47.347 0.450 0.046
1007 2260 0 2260 843.919 901.708 57.789 0.433 0.046
1008 2260 0 2260 813.408 863.485 50.077 0.450 0.046
1009 2110 0 2110 790.231 846.765 56.535 0.433 0.046
1010 2110 0 2110 763.487 819.165 55.678 0.450 0.047
1011 2110 0 2110 737.545 781.580 44.035 0.467 0.047
1012 2110 0 2110 709.600 766.383 56.783 0.467 0.047
1013 2110 0 2110 682.176 737.984 55.808 0.467 0.047
1014 2110 0 2110 657.364 708.935 51.571 0.450 0.047
1015 2110 0 2110 631.251 684.747 53.495 0.467 0.047
1016 2054 0 2054 604.906 660.792 55.886 0.450 0.047
1017 2054 0 2054 577.461 624.227 46.766 0.450 0.047
1018 2054 0 2054 553.167 612.319 59.152 0.450 0.048
1019 2029 0 2029 526.508 573.434 46.926 0.450 0.048
1020 1857 0 1857 503.305 558.529 55.224 0.450 0.048
1021 1857 0 1857 480.453 530.176 49.722 0.433 0.048
1022 1843 0 1843 458.976 513.907 54.931 0.433 0.049
1023 1721 0 1721 437.755 496.143 58.388 0.450 0.049
1024 1721 0 1721 414.288 459.178 44.890 0.450 0.049
1025 1681 0 1681 391.738 452.513 60.775 0.450 0.050
1026 1681 0 1681 367.729 425.331 57.602 0.450 0.050
1027 1681 0 1681 347.477 393.894 46.418 0.450 0.050
1028 1681 0 1681 329.132 385.420 56.287 0.450 0.050
1029 1681 0 1681 308.541 361.305 52.764 0.467 0.051
1030 1681 0 1681 288.424 345.476 57.052 0.450 0.051
1031 1681 0 1681 265.550 321.398 55.847 0.450 0.052
1032 1681 0 1681 247.180 283.545 36.364 0.467 0.052
1033 1681 0 1681 229.201 283.412 54.212 0.467 0.053
1034 1681 0 1681 211.126 268.452 57.325 0.467 0.053
1035 1681 0 1681 193.476 243.173 49.697 0.467 0.054
1036 1540 0 1540 176.633 238.914 62.282 0.467 0.054
1037 1396 0 1396 158.689 212.408 53.718 0.483 0.054
1038 1396 0 1396 144.781 197.481 52.700 0.483 0.055
1039 1396 0 1396 129.199 193.395 64.196 0.483 0.055
1040 1195 0 1195 116.394 175.111 58.717 0.483 0.055
1041 1195 0 1195 104.135 152.868 48.732 0.483 0.056
1042 1195 0 1195 93.912 152.868 58.956 0.483 0.056
1043 1195 0 1195 83.143 144.978 61.835 0.500 0.056
1044 1195 0 1195 73.024 117.600 44.575 0.483 0.056
1045 1195 0 1195 62.600 113.135 50.535 0.483 0.056
1046 1195 0 1195 53.900 98.192 44.292 0.500 0.056
1047 1180 0 1180 44.491 98.192 53.701 0.483 0.055
1048 1180 0 1180 36.833 98.140 61.307 0.483 0.055
1049 1180 0 1180 29.431 87.344 57.913 0.483 0.055
1050 1180 0 1180 24.071 80.930 56.859 0.483 0.054
1051 1180 0 1180 19.560 77.116 57.556 0.483 0.054
1052 840 0 840 15.024 69.754 54.730 0.483 0.053
1053 762 0 762 11.133 69.739 58.606 0.467 0.053
1054 762 0 762 8.156 69.739 61.583 0.467 0.052
1055 520 0 520 5.505 69.739 64.234 0.450 0.051
1056 520 0 520 3.720 69.739 66.019 0.450 0.050
1057 520 0 520 2.686 69.739 67.053 0.450 0.049
1058 449 0 449 1.702 69.739 68.037 0.450 0.048
1059 449 0 449 1.344 69.739 68.395 0.450 0.047
1060 449 0 449 0.871 69.739 68.868 0.433 0.046
1061 449 0 449 0.612 69.773 69.161 0.417 0.045
1062 449 0 449 0.533 69.762 69.229 0.417 0.044
1063 449 0 449 0.457 69.762 69.305 0.383 0.043
1064 449 0 449 0.397 69.762 69.365 0.383 0.042
1065 449 0 449 0.295 69.785 69.489 0.367 0.040
1066 449 0 449 0.263 69.785 69.522 0.367 0.039
1067 516 0 516 0.405 69.785 69.379 0.367 0.038
1068 516 0 516 0.513 69.785 69.272 0.367 0.037
1069 516 0 516 0.672 69.796 69.124 0.333 0.036
1070 551 0 551 0.891 69.796 68.905 0.333 0.034
1071 551 0 551 1.316 69.796 68.480 0.317 0.033
1072 551 0 551 1.932 69.796 67.864 0.300 0.032
1073 551 0 551 2.886 69.819 66.932 0.300 0.031
1074 643 0 643 3.933 69.819 65.886 0.283 0.029
1075 643 0 643 5.487 69.813 64.327 0.283 0.028
1076 643 0 643 8.309 69.813 61.505 0.283 0.027
1077 643 0 643 11.525 69.813 58.289 0.267 0.026
1078 760 0 760 15.511 69.839 54.328 0.250 0.025
1079 760 0 760 19.859 69.839 49.980 0.250 0.024
1080 840 0 840 25.215 69.839 44.624 0.250 0.023
1081 968 0 968 31.149 69.851 38.701 0.250 0.022
1082 1011 0 1011 37.771 69.851 32.079 0.250 0.021
1083 1011 0 1011 45.507 69.898 24.391 0.250 0.021
1084 1011 0 1011 53.264 69.984 16.720 0.250 0.020
1085 1041 0 1041 61.947 70.077 8.130 0.233 0.019
1086 1069 0 1069 72.328 70.077 2.251 0.233 0.019
1087 1133 0 1133 82.681 70.077 12.604 0.233 0.018
1088 1321 0 1321 93.241 70.199 23.041 0.233 0.018
1089 1321 0 1321 103.278 70.199 33.078 0.233 0.017
1090 1321 0 1321 115.522 70.199 45.323 0.217 0.017
1091 1321 0 1321 128.011 78.091 49.920 0.200 0.017
1092 1352 0 1352 141.962 89.759 52.203 0.200 0.017
1093 1352 0 1352 154.767 100.709 54.057 0.217 0.016
1094 1352 0 1352 170.638 116.044 54.594 0.200 0.017
1095 1352 0 1352 187.590 132.235 55.355 0.217 0.017
1096 1363 0 1363 203.983 151.353 52.631 0.183 0.017
1097 1363 0 1363 219.611 155.984 63.627 0.183 0.016
1098 1370 0 1370 237.965 194.791 43.175 0.200 0.017
1099 1480 0 1480 255.945 194.791 61.155 0.200 0.017
1100 1480 0 1480 275.110 226.339 48.771 0.200 0.017
1101 1621 0 1621 293.911 246.215 47.696 0.217 0.017
1102 1621 0 1621 314.247 253.948 60.298 0.217 0.018
1103 1621 0 1621 332.939 276.035 56.904 0.217 0.018
1104 1709 0 1709 353.497 297.166 56.331 0.233 0.018
1105 1904 0 1904 376.071 328.745 47.326 0.233 0.019
1106 1904 0 1904 400.972 345.532 55.440 0.233 0.019
1107 2021 0 2021 423.681 376.656 47.025 0.250 0.020
1108 2021 0 2021 447.771 400.484 47.286 0.250 0.021
1109 2021 0 2021 470.917 414.762 56.155 0.250 0.021
1110 2021 0 2021 495.209 450.745 44.464 0.283 0.022
1111 2021 0 2021 516.624 458.492 58.132 0.283 0.023
1112 2021 0 2021 543.095 486.846 56.249 0.283 0.024
1113 2021 0 2021 567.425 514.022 53.403 0.283 0.025
1114 2021 0 2021 594.146 536.016 58.130 0.283 0.026
1115 2021 0 2021 620.954 568.518 52.435 0.283 0.027
1116 2093 0 2093 645.246 579.218 66.028 0.283 0.028
1117 2125 0 2125 672.163 623.511 48.652 0.283 0.029
1118 2125 0 2125 699.533 654.903 44.630 0.283 0.030
1119 2161 0 2161 726.972 671.823 55.149 0.283 0.031
1120 2161 0 2161 752.893 709.313 43.580 0.300 0.033
1121 2161 0 2161 781.355 732.955 48.400 0.317 0.034
1122 2161 0 2161 807.225 748.741 58.484 0.317 0.035
1123 2161 0 2161 834.503 791.894 42.609 0.333 0.036
1124 2161 0 2161 858.737 800.637 58.100 0.350 0.037
1125 2161 0 2161 887.194 839.990 47.204 0.350 0.039
1126 2161 0 2161 914.966 872.535 42.431 0.367 0.040
1127 2161 0 2161 942.028 883.945 58.083 0.367 0.041
1128 2161 0 2161 968.163 924.272 43.891 0.367 0.042
1129 2249 0 2249 994.328 927.943 66.385 0.367 0.043
1130 2249 0 2249 1020.619 967.200 53.419 0.383 0.045
1131 2249 0 2249 1047.229 1004.792 42.437 0.400 0.046
1132 2249 0 2249 1073.508 1012.782 60.727 0.400 0.047
1133 2249 0 2249 1101.258 1057.131 44.127 0.417 0.048
1134 2249 0 2249 1124.509 1072.879 51.631 0.433 0.049
1135 2249 0 2249 1147.308 1101.230 46.079 0.433 0.050
1136 2249 0 2249 1170.196 1114.157 56.039 0.450 0.051
1137 2249 0 2249 1192.254 1141.138 51.116 0.450 0.052
1138 2249 0 2249 1213.712 1146.884 66.828 0.467 0.052
1139 2249 0 2249 1233.100 1183.802 49.298 0.467 0.053
1140 2249 0 2249 1251.453 1197.799 53.653 0.483 0.054
1141 2249 0 2249 1268.920 1218.297 50.624 0.483 0.055
1142 2249 0 2249 1285.326 1236.528 48.799 0.483 0.055
1143 2249 0 2249 1300.815 1254.035 46.780 0.483 0.056
1144 2249 0 2249 1314.500 1264.557 49.943 0.483 0.056
1145 2249 0 2249 1326.517 1280.278 46.239 0.483 0.056
1146 2249 0 2249 1339.868 1284.951 54.917 0.500 0.056
1147 2249 0 2249 1349.899 1303.111 46.788 0.500 0.057
1148 2249 0 2249 1357.726 1315.346 42.379 0.500 0.057
1149 2249 0 2249 1364.614 1323.471 41.142 0.500 0.057
1150 2249 0 2249 1371.658 1328.215 43.443 0.500 0.056
1151 2249 0 2249 1377.270 1334.993 42.277 0.500 0.056
1152 2249 0 2249 1380.904 1350.898 30.006 0.500 0.056
1153 2249 0 2249 1382.752 1350.898 31.854 0.500 0.056
1154 2249 0 2249 1385.012 1350.896 34.115 0.483 0.055
1155 2249 0 2249 1385.679 1350.896 34.783 0.483 0.055
1156 2249 0 2249 1384.394 1350.750 33.644 0.483 0.054
1157 2249 0 2249 1382.918 1350.750 32.169 0.483 0.054
1158 2249 0 2249 1379.538 1350.723 28.815 0.483 0.053
1159 2249 0 2249 1374.842 1350.627 24.216 0.483 0.053
1160 2249 0 2249 1370.658 1350.655 20.003 0.467 0.052
1161 2249 0 2249 1364.575 1350.655 13.920 0.467 0.052
1162 2249 0 2249 1356.517 1350.655 5.862 0.483 0.051
1163 2249 0 2249 1346.630 1350.655 4.025 0.483 0.051
1164 2249 0 2249 1335.723 1350.655 14.932 0.467 0.051
1165 2249 0 2249 1324.820 1350.629 25.809 0.467 0.050
1166 2249 0 2249 1313.494 1346.987 33.494 0.467 0.050
1167 2249 0 2249 1298.000 1346.696 48.697 0.467 0.049
1168 2249 0 2249 1285.351 1333.917 48.565 0.450 0.049
1169 2249 0 2249 1270.816 1326.299 55.483 0.450 0.049
1170 2249 0 2249 1253.789 1310.558 56.769 0.433 0.048
1171 2249 0 2249 1236.490 1289.481 52.992 0.450 0.048
1172 2249 0 2249 1216.583 1271.906 55.323 0.450 0.048
1173 2249 0 2249 1194.780 1253.790 59.010 0.450 0.047
1174 2249 0 2249 1174.147 1236.766 62.618 0.433 0.047
1175 2249 0 2249 1155.910 1210.250 54.340 0.433 0.047
1176 2249 0 2249 1132.199 1193.356 61.157 0.450 0.046
1177 2249 0 2249 1108.121 1164.572 56.450 0.450 0.046
1178 2249 0 2249 1081.747 1133.432 51.685 0.450 0.046
1179 2249 0 2249 1058.131 1113.852 55.721 0.450 0.046
1180 2249 0 2249 1032.249 1097.986 65.737 0.450 0.046
1181 2249 0 2249 1007.743 1063.024 55.281 0.433 0.045
1182 2249 0 2249 980.309 1028.295 47.986 0.433 0.046
1183 2249 0 2249 954.325 1000.411 46.085 0.417 0.045
1184 2249 0 2249 925.744 982.660 56.916 0.450 0.046
1185 2249 0 2249 894.829 945.620 50.791 0.433 0.046
1186 2249 0 2249 867.293 925.504 58.211 0.433 0.046
1187 2249 0 2249 845.808 895.566 49.758 0.433 0.045
1188 2249 0 2249 820.624 875.457 54.833 0.450 0.045
1189 2155 0 2155 791.834 840.332 48.498 0.433 0.046
1190 2155 0 2155 765.015 808.894 43.880 0.433 0.046
1191 2155 0 2155 737.053 788.253 51.200 0.433 0.046
1192 2155 0 2155 710.414 765.208 54.794 0.433 0.046
1193 2155 0 2155 687.510 751.866 64.356 0.433 0.046
1194 2109 0 2109 661.769 714.897 53.128 0.450 0.046
1195 2004 0 2004 634.945 681.430 46.485 0.450 0.046
1196 2004 0 2004 606.676 663.867 57.191 0.450 0.047
1197 2004 0 2004 581.536 637.079 55.544 0.433 0.047
1198 2004 0 2004 553.788 593.247 39.459 0.450 0.047
1199 2004 0 2004 527.176 584.471 57.295 0.433 0.047
