1 872 0 872 385.020 0.000 385.020 0.000 0.000
2 872 0 872 411.401 0.000 411.401 0.000 0.000
3 1024 0 1024 432.923 0.000 432.923 0.000 0.000
4 1024 0 1024 449.870 0.000 449.870 0.000 0.000
5 1098 0 1098 470.513 0.000 470.513 0.000 0.000
6 1098 0 1098 488.688 483.403 5.285 1.000 0.242
7 1098 0 1098 511.237 483.403 27.834 0.857 0.210
8 1098 0 1098 530.626 483.403 47.223 0.750 0.186
9 1306 0 1306 551.801 493.755 58.045 0.778 0.168
10 1306 0 1306 572.300 493.755 78.544 0.700 0.153
11 1306 0 1306 594.688 493.755 100.933 0.636 0.141
12 1306 0 1306 614.592 547.490 67.102 0.583 0.131
13 1362 0 1362 634.294 547.490 86.804 0.538 0.123
14 1362 0 1362 651.341 562.369 88.972 0.500 0.116
15 1529 0 1529 669.008 590.746 78.261 0.467 0.109
16 1529 0 1529 688.245 616.469 71.777 0.500 0.104
17 1651 0 1651 702.855 616.469 86.387 0.471 0.099
18 1651 0 1651 721.840 621.827 100.012 0.444 0.095
19 1651 0 1651 743.435 654.963 88.472 0.474 0.091
20 1651 0 1651 762.854 677.299 85.555 0.450 0.088
21 1651 0 1651 785.609 701.006 84.603 0.429 0.085
22 1651 0 1651 806.119 712.307 93.812 0.409 0.082
23 1815 0 1815 826.455 727.358 99.097 0.391 0.080
24 1815 0 1815 844.803 737.629 107.175 0.375 0.077
25 1815 0 1815 862.728 768.696 94.032 0.360 0.075
26 1815 0 1815 879.350 768.696 110.653 0.346 0.073
27 1815 0 1815 894.921 768.696 126.224 0.333 0.071
28 1815 0 1815 911.093 806.692 104.400 0.357 0.070
29 1886 0 1886 929.881 806.692 123.189 0.345 0.068
30 1886 0 1886 949.762 857.631 92.131 0.367 0.067
31 1886 0 1886 965.289 857.631 107.657 0.355 0.065
32 2110 0 2110 981.907 891.351 90.556 0.344 0.064
33 2110 0 2110 995.298 891.564 103.734 0.364 0.063
34 2110 0 2110 1008.061 901.228 106.833 0.353 0.061
35 2128 0 2128 1023.911 916.714 107.198 0.343 0.060
36 2128 0 2128 1040.392 933.203 107.189 0.333 0.059
37 2148 0 2148 1055.529 942.487 113.042 0.324 0.058
38 2148 0 2148 1068.997 942.672 126.325 0.316 0.057
39 2148 0 2148 1080.048 957.539 122.509 0.308 0.056
40 2148 0 2148 1093.007 979.513 113.495 0.300 0.055
41 2148 0 2148 1105.036 1005.890 99.145 0.293 0.054
42 2148 0 2148 1116.690 1006.074 110.616 0.286 0.054
43 2148 0 2148 1128.147 1019.558 108.589 0.279 0.053
44 2148 0 2148 1137.312 1049.338 87.974 0.273 0.052
45 2148 0 2148 1146.721 1049.338 97.382 0.267 0.051
46 2148 0 2148 1156.781 1049.338 107.442 0.261 0.050
47 2148 0 2148 1166.433 1049.531 116.902 0.255 0.049
48 2148 0 2148 1176.023 1066.854 109.169 0.250 0.049
49 2148 0 2148 1184.700 1079.394 105.306 0.245 0.048
50 2148 0 2148 1193.240 1079.394 113.846 0.240 0.047
51 2148 0 2148 1201.636 1093.872 107.764 0.255 0.047
52 2148 0 2148 1208.348 1093.872 114.476 0.250 0.046
53 2200 0 2200 1214.877 1093.872 121.005 0.245 0.045
54 2200 0 2200 1220.651 1093.872 126.779 0.241 0.045
55 2200 0 2200 1225.660 1093.954 131.706 0.236 0.044
56 2200 0 2200 1231.797 1093.954 137.843 0.232 0.043
57 2200 0 2200 1235.737 1103.902 131.835 0.228 0.043
58 2200 0 2200 1240.265 1103.902 136.364 0.224 0.042
59 2200 0 2200 1244.514 1103.902 140.612 0.220 0.042
60 2200 0 2200 1248.101 1103.902 144.200 0.217 0.041
61 2200 0 2200 1264.127 1151.384 112.743 0.217 0.041
62 2200 0 2200 1280.223 1167.448 112.776 0.217 0.042
63 2200 0 2200 1295.499 1191.162 104.338 0.217 0.042
64 2200 0 2200 1309.167 1191.162 118.006 0.217 0.043
65 2200 0 2200 1324.438 1191.176 133.262 0.217 0.043
66 2200 0 2200 1337.304 1201.534 135.770 0.167 0.019
67 2200 0 2200 1349.564 1239.667 109.897 0.167 0.019
68 2200 0 2200 1358.182 1252.488 105.694 0.167 0.019
69 2200 0 2200 1366.068 1276.862 89.206 0.167 0.019
70 2200 0 2200 1372.895 1276.862 96.034 0.167 0.019
71 2200 0 2200 1379.667 1276.825 102.842 0.167 0.019
72 2200 0 2200 1384.300 1276.825 107.475 0.167 0.019
73 2200 0 2200 1387.836 1276.825 111.011 0.150 0.019
74 2200 0 2200 1389.896 1276.825 113.071 0.167 0.019
75 2200 0 2200 1389.271 1276.825 112.446 0.167 0.018
76 2200 0 2200 1387.871 1276.825 111.046 0.167 0.018
77 2200 0 2200 1383.956 1276.825 107.130 0.167 0.018
78 2200 0 2200 1381.071 1276.825 104.246 0.183 0.018
79 2200 0 2200 1378.576 1276.825 101.751 0.183 0.017
80 2200 0 2200 1374.542 1276.825 97.717 0.183 0.017
81 2200 0 2200 1370.504 1276.825 93.678 0.167 0.017
82 2200 0 2200 1362.492 1276.825 85.667 0.167 0.016
83 2200 0 2200 1353.749 1276.825 76.924 0.167 0.016
84 2200 0 2200 1344.150 1276.825 67.324 0.167 0.016
85 2200 0 2200 1332.457 1276.825 55.632 0.167 0.016
86 2200 0 2200 1320.786 1276.825 43.961 0.167 0.015
87 2200 0 2200 1304.987 1276.825 28.162 0.167 0.015
88 2200 0 2200 1292.071 1276.825 15.246 0.183 0.015
89 2200 0 2200 1274.501 1276.825 2.324 0.183 0.015
90 2200 0 2200 1257.212 1276.815 19.603 0.183 0.015
91 2200 0 2200 1237.941 1276.815 38.874 0.183 0.015
92 2200 0 2200 1218.524 1276.794 58.270 0.183 0.015
93 2200 0 2200 1200.116 1276.759 76.643 0.183 0.015
94 2200 0 2200 1177.021 1276.759 99.737 0.167 0.016
95 2200 0 2200 1156.859 1258.238 101.378 0.183 0.016
96 2200 0 2200 1136.039 1258.204 122.165 0.183 0.016
97 2200 0 2200 1107.465 1243.058 135.593 0.200 0.016
98 2200 0 2200 1082.513 1190.919 108.406 0.200 0.017
99 2200 0 2200 1058.889 1173.695 114.806 0.200 0.017
100 2200 0 2200 1035.416 1166.572 131.156 0.217 0.017
101 2200 0 2200 1009.226 1126.993 117.767 0.200 0.018
102 2200 0 2200 982.081 1085.073 102.993 0.200 0.018
103 2200 0 2200 953.115 1084.910 131.795 0.217 0.019
104 2200 0 2200 928.165 1052.452 124.287 0.217 0.019
105 2200 0 2200 904.088 1016.318 112.230 0.217 0.019
106 2200 0 2200 873.725 997.272 123.547 0.217 0.020
107 2200 0 2200 846.094 938.426 92.331 0.217 0.020
108 2200 0 2200 817.291 926.572 109.281 0.217 0.021
109 2200 0 2200 791.725 900.755 109.030 0.217 0.021
110 2200 0 2200 764.634 900.755 136.121 0.217 0.022
111 2200 0 2200 736.272 850.023 113.751 0.217 0.022
112 2200 0 2200 707.731 837.041 129.310 0.217 0.023
113 2190 0 2190 679.893 797.759 117.866 0.217 0.023
114 2190 0 2190 653.005 761.544 108.539 0.217 0.024
115 2190 0 2190 626.772 749.930 123.158 0.217 0.024
116 2190 0 2190 598.036 688.299 90.262 0.233 0.025
117 2190 0 2190 575.167 673.669 98.502 0.233 0.025
118 2190 0 2190 550.248 673.564 123.317 0.250 0.026
119 2190 0 2190 523.959 649.346 125.387 0.250 0.026
120 2190 0 2190 498.497 602.611 104.115 0.250 0.027
121 2190 0 2190 473.754 588.588 114.834 0.267 0.027
122 2190 0 2190 449.956 579.007 129.052 0.267 0.027
123 2190 0 2190 424.741 556.120 131.379 0.267 0.027
124 2190 0 2190 401.416 491.446 90.030 0.267 0.028
125 2190 0 2190 380.934 491.324 110.390 0.250 0.028
126 2029 0 2029 356.802 491.121 134.319 0.250 0.028
127 2029 0 2029 333.147 443.552 110.405 0.250 0.028
128 2029 0 2029 314.344 411.320 96.975 0.250 0.029
129 2029 0 2029 293.739 411.199 117.460 0.250 0.029
130 1688 0 1688 274.443 401.340 126.896 0.250 0.029
131 1688 0 1688 255.623 385.171 129.548 0.250 0.029
132 1688 0 1688 237.364 329.789 92.425 0.250 0.029
133 1688 0 1688 220.146 329.789 109.644 0.250 0.030
134 1688 0 1688 205.890 320.974 115.084 0.250 0.030
135 1688 0 1688 188.620 311.741 123.121 0.250 0.030
136 1688 0 1688 171.313 295.940 124.627 0.250 0.031
137 1688 0 1688 154.789 273.675 118.887 0.250 0.031
138 1688 0 1688 139.125 235.314 96.189 0.250 0.031
139 1688 0 1688 128.136 235.314 107.178 0.250 0.031
140 1688 0 1688 116.705 235.314 118.609 0.250 0.032
141 1469 0 1469 105.925 225.499 119.574 0.250 0.032
142 1469 0 1469 93.734 225.499 131.765 0.250 0.032
143 1469 0 1469 82.589 225.499 142.910 0.250 0.032
144 1122 0 1122 73.229 201.522 128.293 0.250 0.032
145 901 0 901 63.839 164.317 100.478 0.250 0.032
146 901 0 901 55.591 149.443 93.853 0.250 0.032
147 787 0 787 45.579 149.443 103.865 0.250 0.032
148 786 0 786 38.800 149.443 110.644 0.250 0.032
149 786 0 786 31.388 149.443 118.055 0.250 0.032
150 786 0 786 25.492 149.443 123.951 0.250 0.032
151 786 0 786 19.870 149.443 129.573 0.233 0.031
152 786 0 786 15.244 136.024 120.781 0.233 0.031
153 786 0 786 11.741 136.024 124.284 0.233 0.031
154 629 0 629 7.689 136.024 128.336 0.233 0.030
155 629 0 629 5.514 136.024 130.511 0.233 0.030
156 596 0 596 4.098 136.024 131.926 0.233 0.030
157 596 0 596 2.573 136.065 133.492 0.233 0.029
158 596 0 596 1.657 124.411 122.754 0.233 0.028
159 596 0 596 1.185 124.411 123.226 0.217 0.028
160 596 0 596 0.871 124.391 123.520 0.217 0.027
161 334 0 334 0.505 124.391 123.886 0.217 0.026
162 230 0 230 0.316 124.391 124.075 0.217 0.026
163 230 0 230 0.223 124.411 124.188 0.217 0.025
164 230 0 230 0.195 124.411 124.216 0.200 0.024
165 230 0 230 0.171 124.411 124.240 0.200 0.024
166 230 0 230 0.199 124.391 124.192 0.200 0.023
167 230 0 230 0.256 124.391 124.135 0.183 0.022
168 273 0 273 0.341 124.371 124.030 0.183 0.021
169 273 0 273 0.516 124.371 123.855 0.183 0.021
170 721 0 721 0.949 124.336 123.388 0.183 0.020
171 721 0 721 1.210 124.376 123.166 0.183 0.019
172 721 0 721 1.818 124.376 122.558 0.167 0.018
173 721 0 721 2.677 124.376 121.699 0.167 0.018
174 721 0 721 3.482 124.376 120.894 0.167 0.017
175 721 0 721 5.866 124.392 118.526 0.150 0.016
176 763 0 763 9.089 124.389 115.300 0.150 0.016
177 763 0 763 12.655 124.389 111.734 0.150 0.015
178 763 0 763 16.457 124.409 107.952 0.150 0.015
179 1042 0 1042 20.917 124.409 103.492 0.150 0.014
180 1042 0 1042 26.513 124.429 97.916 0.150 0.013
181 1042 0 1042 32.116 124.467 92.351 0.150 0.013
182 1042 0 1042 38.563 124.467 85.904 0.150 0.012
183 1042 0 1042 46.089 124.467 78.378 0.150 0.011
184 1042 0 1042 54.711 124.487 69.776 0.133 0.011
185 1409 0 1409 63.870 124.487 60.616 0.133 0.011
186 1409 0 1409 72.662 124.507 51.844 0.133 0.010
187 1409 0 1409 83.261 124.507 41.245 0.117 0.009
188 1409 0 1409 93.600 124.546 30.947 0.117 0.009
189 1437 0 1437 104.641 124.546 19.906 0.117 0.009
190 1437 0 1437 116.844 124.546 7.702 0.133 0.009
191 1437 0 1437 131.094 124.586 6.508 0.133 0.008
192 1437 0 1437 145.665 124.586 21.079 0.133 0.008
193 1437 0 1437 161.958 124.586 37.372 0.133 0.008
194 1437 0 1437 176.702 124.606 52.097 0.133 0.008
195 1437 0 1437 190.730 124.606 66.124 0.117 0.008
196 1467 0 1467 208.563 138.384 70.179 0.117 0.008
197 1467 0 1467 224.091 138.384 85.707 0.117 0.008
198 1467 0 1467 240.945 149.647 91.298 0.133 0.008
199 1658 0 1658 257.554 149.647 107.907 0.117 0.008
200 1658 0 1658 279.475 156.914 122.561 0.117 0.009
201 1658 0 1658 299.059 156.914 142.145 0.117 0.009
202 1658 0 1658 319.179 203.382 115.797 0.117 0.009
203 1658 0 1658 344.434 236.682 107.753 0.117 0.009
204 1724 0 1724 362.645 251.433 111.212 0.117 0.010
205 1724 0 1724 382.841 251.433 131.408 0.117 0.010
206 1724 0 1724 403.337 292.242 111.095 0.133 0.010
207 1752 0 1752 423.414 314.206 109.208 0.133 0.010
208 1752 0 1752 443.968 324.697 119.271 0.133 0.011
209 1808 0 1808 467.767 339.426 128.340 0.150 0.011
210 1818 0 1818 490.108 376.562 113.547 0.150 0.012
211 1818 0 1818 511.227 399.546 111.681 0.133 0.012
212 1986 0 1986 535.509 407.406 128.102 0.150 0.013
213 1987 0 1987 564.314 434.012 130.301 0.150 0.013
214 1987 0 1987 584.177 483.277 100.901 0.150 0.014
215 1987 0 1987 608.148 492.940 115.209 0.167 0.014
216 2023 0 2023 631.813 492.940 138.873 0.183 0.015
217 2023 0 2023 653.466 507.202 146.264 0.183 0.015
218 2253 0 2253 677.485 572.319 105.166 0.183 0.016
219 2253 0 2253 703.334 582.279 121.056 0.183 0.016
220 2253 0 2253 729.675 615.937 113.739 0.183 0.017
221 2253 0 2253 761.649 661.417 100.231 0.200 0.018
222 2253 0 2253 791.994 661.417 130.577 0.200 0.019
223 2325 0 2325 818.875 702.253 116.622 0.200 0.019
224 2325 0 2325 848.752 725.046 123.706 0.200 0.020
225 2325 0 2325 873.534 748.511 125.024 0.200 0.021
226 2325 0 2325 901.717 764.208 137.509 0.200 0.021
227 2325 0 2325 929.676 809.536 120.140 0.200 0.022
228 2325 0 2325 956.407 836.350 120.057 0.200 0.023
229 2325 0 2325 984.920 882.854 102.065 0.200 0.023
230 2325 0 2325 1012.578 920.265 92.312 0.200 0.024
231 2325 0 2325 1038.108 920.480 117.628 0.200 0.025
232 2325 0 2325 1064.736 959.000 105.737 0.200 0.026
233 2325 0 2325 1090.474 981.352 109.121 0.200 0.026
234 2325 0 2325 1113.737 996.286 117.450 0.200 0.027
235 2325 0 2325 1137.869 1006.598 131.270 0.217 0.027
236 2325 0 2325 1164.250 1056.777 107.473 0.217 0.028
237 2325 0 2325 1187.518 1078.758 108.760 0.217 0.029
238 2325 0 2325 1207.621 1092.054 115.567 0.217 0.029
239 2325 0 2325 1227.581 1106.696 120.886 0.217 0.030
240 2325 0 2325 1248.137 1153.310 94.826 0.233 0.030
241 2325 0 2325 1265.163 1153.494 111.669 0.233 0.031
242 2325 0 2325 1280.524 1153.494 127.030 0.233 0.031
243 2325 0 2325 1295.530 1176.337 119.193 0.233 0.031
244 2325 0 2325 1311.064 1176.337 134.727 0.233 0.032
245 2325 0 2325 1323.440 1192.425 131.015 0.250 0.032
246 2325 0 2325 1333.941 1240.088 93.853 0.250 0.032
247 2325 0 2325 1344.155 1240.088 104.067 0.250 0.032
248 2325 0 2325 1352.466 1240.088 112.378 0.250 0.032
249 2325 0 2325 1359.145 1240.088 119.057 0.250 0.032
250 2325 0 2325 1365.606 1240.088 125.518 0.250 0.032
251 2325 0 2325 1371.731 1255.105 116.627 0.250 0.032
252 2325 0 2325 1376.059 1255.068 120.991 0.250 0.032
253 2325 0 2325 1379.711 1262.440 117.271 0.250 0.032
254 2325 0 2325 1380.835 1288.944 91.891 0.250 0.032
255 2325 0 2325 1380.749 1288.944 91.805 0.250 0.032
256 2325 0 2325 1380.176 1288.944 91.232 0.250 0.031
257 2325 0 2325 1378.306 1288.944 89.362 0.250 0.031
258 2325 0 2325 1374.813 1311.854 62.958 0.250 0.031
259 2325 0 2325 1369.997 1311.854 58.143 0.267 0.030
260 2325 0 2325 1365.961 1311.766 54.195 0.267 0.030
261 2325 0 2325 1358.966 1311.766 47.199 0.250 0.030
262 2325 0 2325 1349.131 1311.766 37.365 0.250 0.029
263 2325 0 2325 1341.625 1311.766 29.858 0.250 0.029
264 2325 0 2325 1331.722 1311.769 19.953 0.250 0.028
265 2325 0 2325 1319.415 1311.649 7.766 0.250 0.028
266 2325 0 2325 1306.770 1311.649 4.879 0.267 0.028
267 2325 0 2325 1292.871 1311.642 18.771 0.267 0.028
268 2325 0 2325 1279.847 1311.642 31.796 0.267 0.027
269 2325 0 2325 1264.523 1311.642 47.120 0.283 0.027
270 2325 0 2325 1247.286 1311.642 64.357 0.283 0.027
271 2325 0 2325 1226.906 1311.631 84.725 0.283 0.027
272 2325 0 2325 1208.019 1311.631 103.611 0.283 0.027
273 2325 0 2325 1186.794 1311.631 124.837 0.300 0.026
274 2325 0 2325 1167.648 1273.831 106.183 0.300 0.026
275 2325 0 2325 1145.464 1273.778 128.314 0.300 0.026
276 2325 0 2325 1121.517 1249.623 128.105 0.317 0.026
277 2325 0 2325 1098.324 1221.730 123.406 0.333 0.026
278 2325 0 2325 1075.135 1184.643 109.508 0.333 0.026
279 2325 0 2325 1050.747 1175.595 124.847 0.317 0.026
280 2325 0 2325 1027.419 1161.514 134.095 0.333 0.026
281 2325 0 2325 998.880 1099.238 100.358 0.333 0.026
282 2325 0 2325 970.718 1087.573 116.855 0.333 0.026
283 2174 0 2174 942.239 1047.229 104.990 0.317 0.026
284 2174 0 2174 911.616 1047.149 135.533 0.300 0.026
285 2174 0 2174 886.148 1009.431 123.283 0.317 0.026
286 2174 0 2174 860.172 963.405 103.233 0.300 0.026
287 2174 0 2174 836.337 963.405 127.068 0.300 0.026
288 2174 0 2174 810.914 922.599 111.686 0.300 0.026
289 2174 0 2174 786.070 911.978 125.908 0.317 0.026
290 2174 0 2174 757.964 857.791 99.827 0.317 0.026
291 2174 0 2174 730.891 844.148 113.257 0.300 0.026
292 2071 0 2071 705.784 820.970 115.186 0.300 0.026
293 2071 0 2071 679.955 820.970 141.015 0.300 0.026
294 1937 0 1937 653.951 768.899 114.948 0.300 0.026
295 1937 0 1937 630.810 745.589 114.779 0.300 0.026
296 1937 0 1937 607.256 731.653 124.397 0.300 0.026
297 1937 0 1937 582.125 722.002 139.878 0.283 0.026
298 1937 0 1937 557.697 658.539 100.842 0.283 0.026
299 1893 0 1893 531.981 644.578 112.598 0.300 0.026
300 1893 0 1893 506.619 644.578 137.959 0.300 0.026
301 1893 0 1893 480.611 592.183 111.573 0.283 0.027
302 1893 0 1893 454.008 553.957 99.949 0.267 0.027
303 1893 0 1893 433.542 553.957 120.415 0.267 0.027
304 1893 0 1893 409.281 515.329 106.048 0.250 0.027
305 1893 0 1893 388.075 493.034 104.958 0.250 0.027
306 1893 0 1893 365.265 465.323 100.058 0.250 0.028
307 1893 0 1893 344.528 465.250 120.722 0.250 0.028
308 1893 0 1893 323.308 465.250 141.942 0.233 0.028
309 1893 0 1893 301.982 400.362 98.380 0.250 0.028
310 1893 0 1893 283.149 388.976 105.828 0.250 0.029
311 1893 0 1893 263.352 358.438 95.086 0.233 0.029
312 1893 0 1893 243.315 358.276 114.961 0.233 0.029
313 1470 0 1470 224.259 344.279 120.020 0.233 0.030
314 1470 0 1470 205.140 325.756 120.617 0.233 0.030
315 1395 0 1395 190.420 301.635 111.215 0.233 0.030
316 1326 0 1326 173.964 278.535 104.571 0.233 0.030
317 1326 0 1326 160.552 264.477 103.925 0.233 0.031
318 1173 0 1173 146.005 264.477 118.472 0.233 0.031
319 1173 0 1173 132.122 237.835 105.713 0.233 0.031
320 1141 0 1141 119.782 237.749 117.967 0.233 0.031
321 1090 0 1090 107.055 221.721 114.666 0.233 0.032
322 1090 0 1090 93.865 221.721 127.856 0.233 0.032
323 1078 0 1078 83.487 221.721 138.235 0.233 0.032
324 995 0 995 73.660 214.718 141.058 0.233 0.032
325 995 0 995 63.279 165.527 102.248 0.233 0.032
326 968 0 968 54.225 165.527 111.302 0.250 0.032
327 968 0 968 45.608 148.197 102.588 0.250 0.032
328 968 0 968 38.597 148.197 109.599 0.250 0.032
329 968 0 968 32.258 148.197 115.938 0.250 0.032
330 819 0 819 25.994 148.197 122.203 0.250 0.031
331 819 0 819 20.042 148.197 128.154 0.250 0.031
332 619 0 619 15.211 124.274 109.063 0.233 0.031
333 618 0 618 11.202 124.274 113.072 0.233 0.030
334 618 0 618 8.150 124.269 116.119 0.233 0.030
335 513 0 513 5.808 116.006 110.198 0.233 0.030
336 513 0 513 3.611 115.984 112.373 0.233 0.029
337 504 0 504 2.493 115.965 113.472 0.233 0.028
338 504 0 504 1.813 115.965 114.153 0.217 0.028
339 326 0 326 1.359 115.965 114.606 0.217 0.027
340 318 0 318 0.863 115.965 115.102 0.217 0.027
341 318 0 318 0.697 115.946 115.249 0.217 0.026
342 305 0 305 0.507 115.946 115.439 0.217 0.025
343 305 0 305 0.468 115.946 115.478 0.217 0.024
344 305 0 305 0.418 115.928 115.509 0.217 0.024
345 305 0 305 0.329 115.928 115.598 0.200 0.023
346 312 0 312 0.371 115.942 115.571 0.200 0.022
347 331 0 331 0.416 115.942 115.526 0.200 0.022
348 331 0 331 0.422 115.942 115.520 0.183 0.021
349 331 0 331 0.551 115.961 115.410 0.183 0.021
350 352 0 352 0.782 115.961 115.180 0.183 0.020
351 472 0 472 1.247 115.980 114.733 0.183 0.019
352 472 0 472 1.596 115.999 114.403 0.167 0.018
353 472 0 472 2.505 115.999 113.494 0.167 0.018
354 569 0 569 3.492 115.999 112.507 0.150 0.017
355 570 0 570 5.361 115.999 110.638 0.150 0.016
356 570 0 570 7.685 115.988 108.303 0.150 0.016
357 610 0 610 11.328 115.988 104.660 0.150 0.015
358 812 0 812 15.240 116.025 100.784 0.150 0.015
359 812 0 812 21.918 116.025 94.107 0.150 0.014
360 860 0 860 27.297 116.025 88.727 0.133 0.013
361 860 0 860 33.927 116.025 82.097 0.133 0.013
362 860 0 860 41.556 116.025 74.468 0.133 0.012
363 860 0 860 48.608 116.025 67.417 0.133 0.011
364 860 0 860 57.729 116.094 58.365 0.133 0.011
365 995 0 995 67.320 116.094 48.774 0.133 0.010
366 1045 0 1045 76.344 116.094 39.750 0.117 0.010
367 1045 0 1045 87.111 116.334 29.223 0.117 0.010
368 1163 0 1163 97.776 116.334 18.557 0.117 0.009
369 1207 0 1207 109.301 116.353 7.051 0.117 0.009
370 1207 0 1207 123.233 116.353 6.880 0.117 0.009
371 1207 0 1207 135.971 116.353 19.619 0.133 0.008
372 1399 0 1399 153.623 116.372 37.251 0.133 0.008
373 1399 0 1399 167.331 116.372 50.959 0.117 0.008
374 1602 0 1602 183.705 116.372 67.333 0.117 0.008
375 1602 0 1602 197.940 116.372 81.569 0.117 0.008
376 1602 0 1602 213.736 116.372 97.364 0.117 0.008
377 1646 0 1646 230.664 125.370 105.294 0.117 0.008
378 1704 0 1704 247.945 135.682 112.263 0.117 0.008
379 1704 0 1704 267.634 135.682 131.952 0.117 0.009
380 1704 0 1704 287.395 173.621 113.775 0.133 0.009
381 1704 0 1704 306.341 189.816 116.525 0.117 0.009
382 2209 0 2209 325.704 215.793 109.911 0.117 0.009
383 2209 0 2209 346.858 237.888 108.970 0.117 0.009
384 2209 0 2209 369.844 274.841 95.003 0.133 0.010
385 2209 0 2209 391.546 284.273 107.273 0.133 0.010
386 2209 0 2209 411.641 284.273 127.368 0.117 0.010
387 2209 0 2209 433.541 308.990 124.551 0.133 0.010
388 2209 0 2209 456.168 343.115 113.053 0.133 0.011
389 2209 0 2209 479.620 374.409 105.211 0.133 0.011
390 2209 0 2209 502.549 374.552 127.997 0.150 0.012
391 2209 0 2209 526.356 419.097 107.259 0.150 0.012
392 2209 0 2209 549.249 442.990 106.259 0.150 0.013
393 2209 0 2209 571.590 472.494 99.097 0.150 0.013
394 2209 0 2209 595.737 482.449 113.289 0.167 0.014
395 2209 0 2209 619.107 482.449 136.659 0.167 0.014
396 2209 0 2209 643.729 522.163 121.566 0.167 0.015
397 2209 0 2209 672.222 556.459 115.763 0.167 0.015
398 2209 0 2209 697.870 569.886 127.983 0.167 0.016
399 2209 0 2209 724.368 569.886 154.481 0.167 0.017
400 2209 0 2209 751.342 633.649 117.693 0.167 0.017
401 2209 0 2209 777.848 658.168 119.680 0.167 0.018
402 2209 0 2209 802.277 679.882 122.395 0.167 0.019
403 2209 0 2209 828.850 720.991 107.859 0.183 0.019
404 2209 0 2209 854.982 732.994 121.988 0.183 0.020
405 2209 0 2209 879.960 786.963 92.996 0.183 0.021
406 2209 0 2209 906.787 801.588 105.199 0.183 0.021
407 2209 0 2209 934.030 809.437 124.593 0.183 0.022
408 2209 0 2209 958.428 834.761 123.667 0.200 0.023
409 2209 0 2209 982.294 857.228 125.065 0.200 0.023
410 2209 0 2209 1009.967 873.972 135.995 0.200 0.024
411 2209 0 2209 1036.064 912.538 123.525 0.200 0.025
412 2209 0 2209 1060.241 951.169 109.072 0.200 0.025
413 2209 0 2209 1086.697 977.192 109.505 0.200 0.026
414 2209 0 2209 1109.752 977.280 132.472 0.200 0.027
415 2209 0 2209 1133.936 1017.789 116.147 0.217 0.027
416 2209 0 2209 1157.021 1056.417 100.604 0.217 0.028
417 2209 0 2209 1179.330 1069.225 110.105 0.217 0.028
418 2209 0 2209 1199.111 1093.278 105.833 0.217 0.029
419 2209 0 2209 1224.646 1110.815 113.831 0.217 0.030
420 2209 0 2209 1241.923 1148.058 93.865 0.233 0.030
421 2209 0 2209 1260.250 1148.058 112.192 0.233 0.031
422 2209 0 2209 1278.484 1169.164 109.320 0.233 0.031
423 2209 0 2209 1293.322 1182.314 111.008 0.233 0.031
424 2209 0 2209 1308.773 1198.013 110.760 0.233 0.032
425 2209 0 2209 1322.498 1198.013 124.484 0.233 0.032
426 2209 0 2209 1333.287 1236.288 96.999 0.250 0.032
427 2209 0 2209 1344.148 1247.421 96.726 0.250 0.032
428 2209 0 2209 1352.560 1247.421 105.139 0.250 0.032
429 2209 0 2209 1360.463 1247.421 113.042 0.250 0.032
430 2209 0 2209 1368.660 1247.421 121.238 0.250 0.032
431 2209 0 2209 1374.583 1259.977 114.606 0.250 0.032
432 2209 0 2209 1381.923 1259.977 121.947 0.250 0.032
433 2209 0 2209 1384.875 1307.826 77.048 0.250 0.032
434 2209 0 2209 1386.952 1307.752 79.201 0.250 0.032
435 2209 0 2209 1387.415 1307.699 79.716 0.250 0.032
436 2209 0 2209 1386.980 1323.891 63.089 0.233 0.031
437 2209 0 2209 1384.760 1323.891 60.869 0.233 0.031
438 2209 0 2209 1382.108 1323.891 58.218 0.233 0.031
439 2209 0 2209 1378.356 1323.891 54.465 0.233 0.030
440 2209 0 2209 1372.482 1323.891 48.592 0.233 0.030
441 2209 0 2209 1365.038 1323.891 41.147 0.233 0.030
442 2172 0 2172 1356.486 1323.891 32.596 0.233 0.029
443 2172 0 2172 1346.361 1323.906 22.455 0.233 0.029
444 2172 0 2172 1334.605 1323.906 10.699 0.233 0.028
445 2172 0 2172 1321.315 1323.906 2.591 0.233 0.028
446 2172 0 2172 1308.289 1323.906 15.618 0.233 0.028
447 2172 0 2172 1294.336 1323.780 29.444 0.233 0.028
448 2172 0 2172 1280.367 1323.633 43.266 0.233 0.027
449 2172 0 2172 1261.135 1323.517 62.383 0.250 0.027
450 2172 0 2172 1243.873 1323.517 79.644 0.250 0.027
451 2172 0 2172 1227.836 1323.517 95.681 0.250 0.027
452 2172 0 2172 1205.451 1323.517 118.066 0.250 0.027
453 2172 0 2172 1183.538 1293.524 109.986 0.250 0.027
454 2172 0 2172 1162.160 1276.092 113.933 0.250 0.027
455 2172 0 2172 1143.416 1276.092 132.676 0.250 0.026
456 2172 0 2172 1122.837 1221.065 98.228 0.250 0.027
457 2172 0 2172 1096.576 1207.817 111.241 0.250 0.026
458 2172 0 2172 1073.746 1190.894 117.148 0.250 0.026
459 2172 0 2172 1048.288 1159.069 110.781 0.250 0.026
460 2172 0 2172 1021.418 1117.423 96.005 0.233 0.026
461 2156 0 2156 997.184 1117.252 120.069 0.233 0.026
462 2149 0 2149 972.243 1100.284 128.041 0.233 0.026
463 2149 0 2149 946.527 1071.554 125.026 0.250 0.026
464 2149 0 2149 918.930 1031.714 112.784 0.250 0.026
465 2149 0 2149 894.376 1016.339 121.964 0.233 0.026
466 2149 0 2149 866.980 986.496 119.516 0.233 0.026
467 2149 0 2149 837.178 962.863 125.686 0.233 0.026
468 2054 0 2054 813.544 909.688 96.145 0.250 0.026
469 2054 0 2054 786.725 909.688 122.964 0.250 0.026
470 2054 0 2054 760.700 886.457 125.757 0.233 0.026
471 2054 0 2054 734.362 861.690 127.328 0.233 0.026
472 2054 0 2054 709.883 822.190 112.307 0.233 0.026
473 2054 0 2054 680.634 797.842 117.208 0.233 0.026
474 2054 0 2054 654.989 774.952 119.963 0.233 0.026
475 2054 0 2054 626.870 754.228 127.358 0.233 0.026
476 2054 0 2054 601.923 722.928 121.005 0.250 0.027
477 2054 0 2054 575.538 667.780 92.242 0.250 0.027
478 2054 0 2054 552.479 667.780 115.301 0.250 0.027
479 2021 0 2021 528.447 652.889 124.442 0.250 0.027
480 2021 0 2021 506.387 626.700 120.312 0.267 0.027
481 2021 0 2021 479.771 591.992 112.221 0.250 0.027
482 1824 0 1824 457.556 580.472 122.916 0.250 0.027
483 1824 0 1824 432.593 546.626 114.033 0.250 0.027
484 1824 0 1824 409.495 538.279 128.784 0.250 0.027
485 1789 0 1789 388.508 518.157 129.649 0.250 0.028
486 1705 0 1705 366.368 460.432 94.064 0.250 0.028
487 1705 0 1705 345.920 460.432 114.512 0.233 0.028
488 1705 0 1705 324.587 433.392 108.805 0.250 0.028
489 1680 0 1680 302.724 418.505 115.781 0.250 0.029
490 1680 0 1680 281.989 393.904 111.915 0.250 0.029
491 1680 0 1680 265.362 383.022 117.660 0.250 0.029
492 1656 0 1656 247.820 345.846 98.026 0.250 0.029
493 1656 0 1656 231.754 345.846 114.091 0.250 0.030
494 1656 0 1656 213.800 329.561 115.760 0.250 0.030
495 1656 0 1656 198.271 329.454 131.184 0.233 0.030
496 1656 0 1656 183.811 322.341 138.530 0.233 0.030
497 1656 0 1656 167.494 285.524 118.030 0.233 0.031
498 1656 0 1656 153.997 259.411 105.414 0.233 0.031
499 1449 0 1449 140.112 259.411 119.299 0.250 0.031
500 1420 0 1420 126.098 259.369 133.270 0.250 0.031
501 1420 0 1420 113.271 244.594 131.323 0.250 0.032
502 1344 0 1344 100.889 219.517 118.629 0.250 0.032
503 1123 0 1123 88.265 204.717 116.451 0.250 0.032
504 1028 0 1028 75.962 194.452 118.490 0.250 0.032
505 1028 0 1028 65.107 172.793 107.686 0.250 0.032
506 964 0 964 55.888 172.793 116.905 0.250 0.032
507 964 0 964 47.124 154.525 107.401 0.250 0.032
508 964 0 964 39.499 154.480 114.981 0.250 0.032
509 964 0 964 31.268 154.404 123.136 0.250 0.032
510 941 0 941 25.213 154.404 129.191 0.250 0.032
511 941 0 941 20.592 154.404 133.812 0.250 0.031
512 941 0 941 14.957 139.804 124.847 0.250 0.031
513 941 0 941 10.695 139.804 129.109 0.250 0.030
514 520 0 520 7.193 124.405 117.212 0.250 0.030
515 506 0 506 5.099 124.405 119.306 0.233 0.030
516 506 0 506 3.609 124.405 120.796 0.233 0.029
517 506 0 506 2.182 124.405 122.223 0.233 0.028
518 506 0 506 1.417 124.405 122.987 0.233 0.028
519 506 0 506 1.030 124.384 123.354 0.233 0.027
520 506 0 506 0.794 124.363 123.569 0.217 0.027
521 506 0 506 0.707 124.384 123.677 0.217 0.026
522 446 0 446 0.482 124.384 123.902 0.200 0.025
523 446 0 446 0.421 124.405 123.984 0.200 0.025
524 238 0 238 0.320 124.405 124.085 0.200 0.024
525 238 0 238 0.392 124.405 124.012 0.200 0.023
526 238 0 238 0.319 124.405 124.086 0.183 0.023
527 238 0 238 0.320 124.405 124.085 0.183 0.022
528 213 0 213 0.346 124.405 124.059 0.183 0.021
529 384 0 384 0.513 124.405 123.891 0.183 0.021
530 384 0 384 0.736 124.405 123.669 0.183 0.020
531 384 0 384 1.184 124.405 123.221 0.183 0.019
532 384 0 384 1.719 124.405 122.686 0.183 0.019
533 463 0 463 2.608 124.405 121.797 0.167 0.018
534 740 0 740 3.785 124.405 120.620 0.167 0.017
535 740 0 740 5.517 124.405 118.887 0.167 0.017
536 740 0 740 8.339 124.405 116.066 0.150 0.016
537 740 0 740 11.770 124.405 112.635 0.150 0.015
538 740 0 740 15.547 124.405 108.857 0.150 0.015
539 740 0 740 20.764 124.464 103.701 0.133 0.014
540 819 0 819 25.879 124.485 98.606 0.133 0.013
541 819 0 819 31.575 124.485 92.910 0.133 0.013
542 819 0 819 37.509 124.485 86.976 0.133 0.012
543 880 0 880 45.124 124.485 79.361 0.133 0.012
544 1026 0 1026 53.808 124.485 70.677 0.117 0.011
545 1026 0 1026 62.881 124.506 61.625 0.117 0.011
546 1069 0 1069 74.220 124.506 50.286 0.117 0.010
547 1069 0 1069 84.162 124.506 40.344 0.117 0.010
548 1276 0 1276 98.262 124.526 26.264 0.117 0.010
549 1276 0 1276 108.930 124.526 15.596 0.117 0.009
550 1276 0 1276 120.288 124.630 4.342 0.133 0.009
551 1356 0 1356 134.023 124.732 9.292 0.133 0.009
552 1640 0 1640 147.779 124.865 22.913 0.117 0.009
553 1640 0 1640 161.612 124.994 36.617 0.117 0.009
554 1640 0 1640 177.188 125.015 52.173 0.117 0.009
555 1640 0 1640 191.447 125.015 66.432 0.117 0.009
556 1640 0 1640 207.427 125.015 82.412 0.117 0.008
557 1640 0 1640 224.552 125.015 99.537 0.117 0.009
558 1640 0 1640 242.830 125.015 117.815 0.117 0.009
559 1640 0 1640 259.607 174.816 84.790 0.117 0.009
560 1640 0 1640 280.681 174.845 105.836 0.117 0.009
561 1640 0 1640 301.298 196.851 104.447 0.117 0.009
562 1640 0 1640 318.930 208.416 110.515 0.117 0.009
563 1674 0 1674 336.829 220.875 115.954 0.117 0.009
564 1674 0 1674 355.991 246.687 109.305 0.117 0.010
565 1818 0 1818 379.861 261.513 118.349 0.133 0.010
566 1866 0 1866 402.774 286.119 116.654 0.133 0.010
567 1866 0 1866 425.460 307.463 117.997 0.133 0.010
568 2042 0 2042 448.490 334.836 113.654 0.133 0.011
569 2042 0 2042 473.055 349.022 124.033 0.150 0.011
570 2042 0 2042 497.606 369.543 128.062 0.150 0.012
571 2042 0 2042 522.536 401.476 121.060 0.150 0.012
572 2526 0 2526 549.523 455.628 93.895 0.167 0.013
573 2526 0 2526 576.743 469.838 106.905 0.167 0.013
574 2526 0 2526 601.193 490.016 111.177 0.167 0.014
575 2526 0 2526 626.652 504.213 122.439 0.150 0.015
576 2526 0 2526 650.355 544.935 105.419 0.150 0.015
577 2526 0 2526 679.008 552.531 126.478 0.150 0.016
578 2526 0 2526 708.525 592.569 115.957 0.167 0.017
579 2526 0 2526 733.637 632.782 100.855 0.167 0.017
580 2526 0 2526 759.197 632.878 126.319 0.167 0.018
581 2526 0 2526 783.408 645.807 137.602 0.167 0.018
582 2526 0 2526 808.054 686.459 121.595 0.183 0.019
583 2526 0 2526 836.002 719.895 116.106 0.183 0.020
584 2526 0 2526 862.754 735.292 127.463 0.183 0.020
585 2526 0 2526 890.016 772.765 117.251 0.183 0.021
586 2526 0 2526 915.947 804.092 111.855 0.200 0.022
587 2526 0 2526 944.019 804.092 139.926 0.200 0.023
588 2526 0 2526 968.516 857.458 111.058 0.200 0.023
589 2526 0 2526 993.010 880.500 112.510 0.200 0.024
590 2526 0 2526 1017.412 919.095 98.316 0.217 0.025
591 2526 0 2526 1044.654 919.095 125.559 0.217 0.025
592 2526 0 2526 1071.064 946.928 124.136 0.217 0.026
593 2526 0 2526 1096.762 969.963 126.798 0.217 0.027
594 2526 0 2526 1120.395 1010.810 109.585 0.217 0.027
595 2526 0 2526 1144.831 1026.638 118.193 0.217 0.028
596 2526 0 2526 1168.483 1034.250 134.234 0.217 0.028
597 2526 0 2526 1188.665 1101.542 87.123 0.217 0.029
598 2526 0 2526 1209.063 1114.913 94.150 0.233 0.029
599 2526 0 2526 1229.210 1115.222 113.988 0.233 0.030
600 2526 0 2526 1247.704 1115.222 132.483 0.233 0.030
601 2526 0 2526 1264.672 1137.774 126.898 0.233 0.031
602 2526 0 2526 1279.610 1160.526 119.084 0.233 0.031
603 2526 0 2526 1294.350 1173.389 120.961 0.250 0.031
604 2526 0 2526 1309.021 1204.800 104.221 0.250 0.032
605 2526 0 2526 1321.691 1227.103 94.589 0.250 0.032
606 2526 0 2526 1335.029 1234.722 100.307 0.250 0.032
607 2526 0 2526 1344.940 1248.246 96.694 0.250 0.032
608 2526 0 2526 1356.886 1248.246 108.641 0.250 0.032
609 2526 0 2526 1364.231 1248.246 115.985 0.250 0.033
610 2526 0 2526 1370.938 1258.345 112.593 0.250 0.032
611 2526 0 2526 1377.299 1290.885 86.414 0.250 0.032
612 2526 0 2526 1380.330 1290.944 89.386 0.250 0.032
613 2526 0 2526 1383.496 1291.008 92.489 0.250 0.032
614 2526 0 2526 1385.554 1291.008 94.546 0.250 0.032
615 2526 0 2526 1386.349 1290.941 95.408 0.250 0.032
616 2526 0 2526 1386.070 1290.941 95.129 0.250 0.031
617 2526 0 2526 1384.793 1290.941 93.852 0.250 0.031
618 2526 0 2526 1381.816 1290.860 90.956 0.250 0.031
619 2526 0 2526 1377.680 1290.860 86.820 0.250 0.030
620 2526 0 2526 1372.225 1290.860 81.365 0.250 0.030
621 2526 0 2526 1365.548 1290.773 74.775 0.250 0.030
622 2526 0 2526 1358.354 1290.773 67.581 0.250 0.029
623 2526 0 2526 1348.951 1290.788 58.164 0.250 0.029
624 2526 0 2526 1337.528 1290.788 46.740 0.250 0.029
625 2526 0 2526 1327.362 1290.660 36.702 0.233 0.028
626 2526 0 2526 1314.630 1290.599 24.032 0.250 0.028
627 2526 0 2526 1299.671 1290.591 9.080 0.250 0.028
628 2526 0 2526 1284.493 1290.591 6.098 0.250 0.027
629 2526 0 2526 1267.825 1290.591 22.766 0.233 0.027
630 2526 0 2526 1253.281 1290.591 37.310 0.233 0.027
631 2526 0 2526 1232.879 1290.591 57.712 0.233 0.027
632 2283 0 2283 1214.043 1290.574 76.531 0.250 0.026
633 2283 0 2283 1194.904 1290.574 95.670 0.267 0.026
634 2283 0 2283 1173.833 1290.574 116.740 0.267 0.026
635 2283 0 2283 1150.780 1290.574 139.793 0.267 0.026
636 2283 0 2283 1129.089 1248.228 119.140 0.267 0.026
637 2283 0 2283 1103.894 1205.095 101.200 0.267 0.026
638 2283 0 2283 1079.838 1191.809 111.971 0.267 0.026
639 2283 0 2283 1051.809 1156.660 104.851 0.283 0.026
640 2283 0 2283 1025.601 1120.267 94.666 0.283 0.026
641 2283 0 2283 1000.748 1120.267 119.519 0.283 0.026
642 2283 0 2283 975.162 1096.311 121.149 0.283 0.026
643 2283 0 2283 949.767 1062.400 112.633 0.283 0.025
644 2283 0 2283 924.165 1032.012 107.847 0.283 0.026
645 2283 0 2283 895.633 1020.719 125.085 0.283 0.025
646 2283 0 2283 866.224 976.454 110.230 0.267 0.025
647 2283 0 2283 840.841 940.120 99.278 0.267 0.025
648 2283 0 2283 813.953 930.416 116.463 0.267 0.025
649 2283 0 2283 789.604 886.581 96.977 0.267 0.025
650 2131 0 2131 764.066 886.581 122.515 0.267 0.026
651 2131 0 2131 736.828 843.173 106.345 0.267 0.026
652 2131 0 2131 706.985 828.270 121.285 0.267 0.026
653 2131 0 2131 680.393 802.762 122.369 0.267 0.026
654 2131 0 2131 655.598 766.453 110.855 0.250 0.026
655 2131 0 2131 626.534 756.492 129.958 0.250 0.026
656 2131 0 2131 602.524 724.445 121.920 0.250 0.026
657 2131 0 2131 577.727 699.018 121.291 0.250 0.026
658 2131 0 2131 552.888 668.106 115.219 0.250 0.026
659 2131 0 2131 530.637 636.655 106.018 0.267 0.026
660 1819 0 1819 505.796 590.953 85.157 0.267 0.026
661 1819 0 1819 483.826 590.826 107.000 0.250 0.027
662 1819 0 1819 458.699 572.685 113.986 0.250 0.027
663 1769 0 1769 436.987 550.503 113.515 0.250 0.027
664 1700 0 1700 412.652 528.971 116.319 0.250 0.027
665 1696 0 1696 385.214 502.043 116.829 0.250 0.027
666 1696 0 1696 363.359 485.192 121.833 0.250 0.028
667 1696 0 1696 341.119 461.818 120.699 0.233 0.028
668 1696 0 1696 319.703 429.406 109.703 0.233 0.028
669 1696 0 1696 297.072 416.053 118.980 0.233 0.028
670 1696 0 1696 279.078 378.597 99.519 0.250 0.029
671 1696 0 1696 261.417 378.597 117.180 0.250 0.029
672 1696 0 1696 241.842 354.402 112.559 0.250 0.029
673 1539 0 1539 223.961 332.754 108.792 0.250 0.029
674 1539 0 1539 206.583 315.141 108.559 0.233 0.030
675 1539 0 1539 190.054 305.769 115.715 0.233 0.030
676 1539 0 1539 174.895 290.380 115.485 0.233 0.030
677 1539 0 1539 159.804 290.333 130.528 0.233 0.031
678 1539 0 1539 145.533 255.379 109.846 0.233 0.031
679 1539 0 1539 131.601 255.337 123.736 0.233 0.031
680 1478 0 1478 117.845 211.101 93.256 0.233 0.031
681 1478 0 1478 105.565 210.977 105.412 0.233 0.032
682 1478 0 1478 94.583 210.977 116.393 0.233 0.032
683 1301 0 1301 82.585 210.977 128.391 0.233 0.032
684 1032 0 1032 72.100 189.128 117.028 0.250 0.032
685 1032 0 1032 63.079 156.936 93.857 0.250 0.032
686 1032 0 1032 53.771 156.936 103.164 0.250 0.032
687 1032 0 1032 44.914 156.936 112.022 0.250 0.032
688 1032 0 1032 37.172 156.936 119.764 0.250 0.032
689 758 0 758 29.452 156.936 127.484 0.250 0.032
690 758 0 758 24.136 142.852 118.716 0.250 0.032
691 758 0 758 18.257 126.771 108.515 0.250 0.031
692 758 0 758 14.103 126.750 112.647 0.250 0.031
693 758 0 758 10.839 126.750 115.912 0.250 0.031
694 680 0 680 7.745 126.729 118.984 0.250 0.030
695 476 0 476 4.827 126.729 121.902 0.233 0.030
696 476 0 476 3.354 104.705 101.351 0.233 0.029
697 476 0 476 2.363 104.705 102.342 0.233 0.029
698 392 0 392 1.522 104.705 103.183 0.233 0.028
699 360 0 360 0.986 104.664 103.679 0.217 0.027
700 360 0 360 0.628 104.664 104.037 0.217 0.027
701 267 0 267 0.471 104.664 104.194 0.217 0.026
702 267 0 267 0.342 104.664 104.323 0.217 0.025
703 267 0 267 0.329 104.630 104.300 0.217 0.025
704 267 0 267 0.298 104.630 104.332 0.217 0.024
705 267 0 267 0.277 104.612 104.335 0.200 0.023
706 267 0 267 0.274 104.612 104.339 0.200 0.023
707 267 0 267 0.319 104.612 104.293 0.200 0.022
708 328 0 328 0.436 104.630 104.193 0.200 0.021
709 328 0 328 0.674 104.630 103.955 0.200 0.021
710 392 0 392 1.022 104.630 103.608 0.200 0.020
711 392 0 392 1.373 104.630 103.256 0.200 0.019
712 392 0 392 2.010 104.647 102.637 0.200 0.019
713 418 0 418 2.980 104.647 101.667 0.183 0.018
714 635 0 635 4.133 104.647 100.514 0.167 0.017
715 635 0 635 5.995 104.647 98.652 0.167 0.016
716 635 0 635 8.656 104.647 95.991 0.167 0.016
717 644 0 644 12.078 104.647 92.569 0.167 0.015
718 644 0 644 15.444 104.647 89.203 0.150 0.014
719 817 0 817 21.247 104.647 83.400 0.150 0.014
720 817 0 817 26.799 104.647 77.848 0.133 0.013
721 1078 0 1078 33.125 104.647 71.522 0.133 0.013
722 1078 0 1078 39.165 104.664 65.499 0.133 0.012
723 1078 0 1078 47.061 104.664 57.603 0.117 0.012
724 1078 0 1078 53.831 104.664 50.833 0.117 0.011
725 1078 0 1078 62.545 104.726 42.181 0.117 0.011
726 1078 0 1078 72.298 104.852 32.553 0.133 0.010
727 1184 0 1184 83.638 104.971 21.333 0.133 0.010
728 1184 0 1184 94.002 104.989 10.986 0.117 0.009
729 1184 0 1184 105.410 104.989 0.422 0.117 0.009
730 1268 0 1268 118.918 105.006 13.912 0.117 0.009
731 1268 0 1268 132.296 105.006 27.290 0.117 0.009
732 1268 0 1268 147.743 105.006 42.737 0.117 0.009
733 1401 0 1401 160.611 105.006 55.606 0.117 0.008
734 1401 0 1401 176.060 105.136 70.924 0.117 0.008
735 1401 0 1401 192.471 105.136 87.335 0.117 0.008
736 1528 0 1528 209.145 105.153 103.992 0.117 0.008
737 1528 0 1528 225.384 105.171 120.214 0.117 0.008
738 1528 0 1528 242.131 105.171 136.960 0.117 0.008
739 1604 0 1604 261.260 143.585 117.675 0.117 0.009
740 1645 0 1645 280.428 159.718 120.710 0.117 0.009
741 1645 0 1645 301.481 185.042 116.439 0.117 0.009
742 1684 0 1684 319.726 193.779 125.948 0.117 0.009
743 1762 0 1762 341.616 248.226 93.390 0.133 0.009
744 1812 0 1812 359.916 248.226 111.690 0.133 0.009
745 1812 0 1812 381.643 259.321 122.321 0.133 0.010
746 1822 0 1822 403.591 273.410 130.181 0.133 0.010
747 1822 0 1822 425.811 317.454 108.357 0.117 0.010
748 2091 0 2091 450.292 335.172 115.120 0.133 0.011
749 2091 0 2091 472.371 345.841 126.530 0.133 0.011
750 2171 0 2171 496.741 381.617 115.124 0.150 0.012
751 2171 0 2171 518.740 403.073 115.667 0.150 0.012
752 2171 0 2171 544.597 432.887 111.711 0.150 0.013
753 2171 0 2171 567.794 432.887 134.907 0.150 0.013
754 2171 0 2171 589.951 468.834 121.117 0.150 0.013
755 2171 0 2171 617.622 508.496 109.126 0.150 0.014
756 2171 0 2171 643.062 529.612 113.450 0.150 0.015
757 2171 0 2171 671.203 564.111 107.092 0.150 0.015
758 2171 0 2171 694.735 578.444 116.290 0.150 0.016
759 2171 0 2171 720.563 596.255 124.308 0.167 0.017
760 2171 0 2171 749.382 641.001 108.381 0.167 0.017
761 2171 0 2171 775.665 655.420 120.245 0.167 0.018
762 2171 0 2171 801.317 702.175 99.142 0.183 0.019
763 2171 0 2171 829.569 722.541 107.028 0.183 0.019
764 2293 0 2293 855.114 738.187 116.928 0.183 0.020
765 2293 0 2293 881.794 767.095 114.698 0.200 0.021
766 2293 0 2293 912.595 789.789 122.807 0.200 0.022
767 2293 0 2293 938.512 824.602 113.910 0.200 0.022
768 2293 0 2293 964.618 861.534 103.083 0.200 0.023
769 2293 0 2293 992.616 883.368 109.248 0.200 0.024
770 2293 0 2293 1022.140 896.012 126.128 0.200 0.025
771 2293 0 2293 1047.419 930.462 116.957 0.200 0.025
772 2293 0 2293 1072.467 938.795 133.672 0.217 0.026
773 2293 0 2293 1098.106 988.061 110.045 0.217 0.026
774 2293 0 2293 1122.926 1003.584 119.342 0.217 0.027
775 2293 0 2293 1146.641 1030.723 115.918 0.217 0.028
776 2293 0 2293 1170.820 1074.942 95.877 0.233 0.028
777 2293 0 2293 1192.284 1090.590 101.694 0.233 0.029
778 2293 0 2293 1210.909 1090.590 120.319 0.233 0.029
779 2293 0 2293 1232.717 1137.066 95.651 0.233 0.030
780 2293 0 2293 1251.707 1152.055 99.652 0.233 0.030
781 2293 0 2293 1269.938 1161.716 108.222 0.233 0.031
782 2293 0 2293 1283.819 1161.716 122.104 0.233 0.031
783 2293 0 2293 1300.154 1168.762 131.392 0.250 0.032
784 2293 0 2293 1311.651 1201.623 110.028 0.250 0.032
785 2293 0 2293 1324.493 1201.739 122.754 0.250 0.032
786 2293 0 2293 1335.974 1238.678 97.295 0.250 0.032
787 2293 0 2293 1347.191 1238.761 108.430 0.250 0.032
788 2293 0 2293 1355.043 1251.027 104.016 0.250 0.033
789 2293 0 2293 1361.061 1251.027 110.034 0.250 0.032
790 2293 0 2293 1368.382 1251.027 117.354 0.250 0.032
791 2293 0 2293 1374.331 1275.440 98.891 0.267 0.032
792 2293 0 2293 1380.694 1275.440 105.254 0.267 0.032
793 2293 0 2293 1382.862 1275.440 107.422 0.267 0.032
794 2293 0 2293 1385.706 1275.503 110.203 0.267 0.032
795 2293 0 2293 1387.878 1275.503 112.375 0.250 0.032
796 2293 0 2293 1388.524 1292.675 95.849 0.250 0.031
797 2293 0 2293 1386.463 1292.675 93.788 0.250 0.031
798 2293 0 2293 1383.315 1292.675 90.640 0.250 0.031
799 2293 0 2293 1380.230 1292.675 87.555 0.250 0.030
800 2293 0 2293 1374.289 1292.675 81.614 0.233 0.030
801 2293 0 2293 1369.130 1292.708 76.422 0.233 0.030
802 2293 0 2293 1360.694 1292.708 67.986 0.233 0.029
803 2293 0 2293 1350.422 1292.708 57.715 0.233 0.029
804 2293 0 2293 1343.571 1292.708 50.864 0.233 0.029
805 2293 0 2293 1333.901 1292.691 41.210 0.233 0.028
806 2293 0 2293 1319.839 1292.691 27.148 0.250 0.028
807 2293 0 2293 1302.974 1292.695 10.279 0.233 0.028
808 2293 0 2293 1287.269 1292.695 5.427 0.233 0.027
809 2293 0 2293 1272.346 1292.695 20.349 0.250 0.027
810 2293 0 2293 1253.800 1292.675 38.874 0.250 0.027
811 2293 0 2293 1237.127 1292.675 55.548 0.250 0.027
812 2293 0 2293 1217.915 1292.639 74.724 0.250 0.026
813 2293 0 2293 1200.246 1292.639 92.393 0.233 0.026
814 2293 0 2293 1179.435 1292.639 113.204 0.250 0.026
815 2293 0 2293 1156.952 1274.915 117.964 0.250 0.026
816 2293 0 2293 1133.429 1250.127 116.698 0.250 0.026
817 2293 0 2293 1105.944 1227.235 121.291 0.250 0.026
818 2293 0 2293 1081.180 1187.269 106.088 0.250 0.026
819 2293 0 2293 1052.393 1161.516 109.123 0.250 0.026
820 2293 0 2293 1021.857 1148.961 127.103 0.250 0.026
821 2293 0 2293 994.111 1115.773 121.662 0.250 0.026
822 2293 0 2293 969.109 1083.797 114.688 0.250 0.026
823 2293 0 2293 940.055 1061.054 120.999 0.233 0.026
824 2136 0 2136 912.445 1029.981 117.536 0.267 0.026
825 2136 0 2136 886.984 1014.772 127.789 0.267 0.026
826 2136 0 2136 855.458 960.262 104.804 0.267 0.026
827 2136 0 2136 830.218 940.999 110.781 0.283 0.026
828 2136 0 2136 803.496 910.132 106.636 0.283 0.026
829 2136 0 2136 774.581 896.845 122.264 0.267 0.026
830 2136 0 2136 748.039 841.280 93.241 0.267 0.026
831 2136 0 2136 721.601 825.791 104.190 0.267 0.026
832 2136 0 2136 695.026 812.731 117.705 0.267 0.026
833 2136 0 2136 669.474 800.619 131.145 0.267 0.026
834 2061 0 2061 643.551 754.320 110.769 0.283 0.026
835 2061 0 2061 617.721 724.460 106.739 0.283 0.026
836 1847 0 1847 590.789 702.486 111.697 0.283 0.026
837 1847 0 1847 564.809 658.896 94.086 0.267 0.026
838 1847 0 1847 540.712 636.330 95.618 0.267 0.027
839 1847 0 1847 519.436 636.186 116.749 0.267 0.026
840 1802 0 1802 496.271 613.761 117.490 0.267 0.026
841 1763 0 1763 473.588 572.323 98.735 0.267 0.027
842 1763 0 1763 450.958 549.210 98.252 0.267 0.027
843 1761 0 1761 427.307 549.210 121.903 0.250 0.027
844 1761 0 1761 404.975 511.012 106.038 0.250 0.027
845 1761 0 1761 383.364 494.713 111.349 0.250 0.027
846 1761 0 1761 357.940 461.057 103.117 0.250 0.028
847 1761 0 1761 335.756 461.057 125.301 0.250 0.028
848 1761 0 1761 313.255 421.634 108.379 0.233 0.028
849 1761 0 1761 290.408 404.022 113.614 0.233 0.029
850 1761 0 1761 272.247 388.068 115.820 0.233 0.029
851 1524 0 1524 252.702 365.886 113.183 0.250 0.029
852 1524 0 1524 235.273 337.243 101.970 0.250 0.030
853 1524 0 1524 218.581 337.188 118.608 0.250 0.030
854 1501 0 1501 201.134 322.279 121.145 0.250 0.030
855 1501 0 1501 186.671 302.162 115.492 0.250 0.030
856 1414 0 1414 172.527 267.364 94.837 0.250 0.031
857 1414 0 1414 157.372 267.276 109.904 0.250 0.031
858 1186 0 1186 143.008 234.658 91.650 0.250 0.031
859 1174 0 1174 130.150 234.658 104.508 0.250 0.031
860 1174 0 1174 116.705 234.620 117.915 0.250 0.032
861 1059 0 1059 105.489 212.792 107.303 0.250 0.032
862 1026 0 1026 92.856 200.982 108.126 0.250 0.032
863 1026 0 1026 81.107 200.982 119.875 0.250 0.032
864 1026 0 1026 73.906 200.982 127.076 0.250 0.032
865 997 0 997 65.614 178.375 112.761 0.250 0.032
866 997 0 997 56.144 178.375 122.231 0.250 0.032
867 864 0 864 46.022 178.346 132.324 0.250 0.032
868 864 0 864 37.988 145.383 107.395 0.250 0.032
869 864 0 864 31.368 131.548 100.180 0.250 0.032
870 774 0 774 24.607 131.548 106.941 0.250 0.032
871 749 0 749 19.520 131.548 112.028 0.250 0.031
872 749 0 749 15.010 122.830 107.820 0.250 0.031
873 749 0 749 11.386 122.830 111.444 0.250 0.031
874 749 0 749 8.176 111.319 103.144 0.250 0.030
875 749 0 749 5.663 111.319 105.657 0.233 0.030
876 749 0 749 3.627 111.319 107.693 0.233 0.029
877 749 0 749 2.395 89.175 86.780 0.233 0.029
878 693 0 693 1.561 89.175 87.614 0.233 0.028
879 400 0 400 0.963 89.175 88.212 0.233 0.027
880 400 0 400 0.669 89.189 88.520 0.217 0.027
881 361 0 361 0.392 89.174 88.783 0.217 0.026
882 361 0 361 0.279 89.174 88.895 0.217 0.025
883 361 0 361 0.201 89.174 88.974 0.217 0.025
884 202 0 202 0.141 89.174 89.033 0.200 0.024
885 184 0 184 0.135 89.174 89.040 0.200 0.023
886 184 0 184 0.142 89.189 89.047 0.200 0.022
887 195 0 195 0.224 89.177 88.953 0.200 0.022
888 430 0 430 0.406 89.177 88.770 0.200 0.021
889 430 0 430 0.656 89.177 88.520 0.200 0.020
890 430 0 430 0.893 89.191 88.298 0.183 0.020
891 683 0 683 1.343 89.191 87.849 0.183 0.019
892 683 0 683 2.010 89.181 87.170 0.183 0.018
893 683 0 683 2.844 89.181 86.337 0.183 0.018
894 683 0 683 4.517 89.181 84.664 0.183 0.017
895 683 0 683 6.399 89.181 82.781 0.183 0.016
896 683 0 683 9.321 89.177 79.856 0.183 0.016
897 699 0 699 13.220 89.177 75.957 0.183 0.015
898 699 0 699 17.054 89.177 72.123 0.167 0.014
899 798 0 798 22.560 89.177 66.617 0.167 0.014
900 798 0 798 28.785 89.203 60.418 0.167 0.013
901 798 0 798 35.434 89.203 53.769 0.167 0.013
902 798 0 798 41.140 89.203 48.063 0.150 0.012
903 832 0 832 49.592 89.203 39.611 0.150 0.011
904 842 0 842 57.643 89.273 31.629 0.150 0.011
905 903 0 903 66.014 89.340 23.326 0.150 0.010
906 1015 0 1015 75.050 89.340 14.290 0.133 0.010
907 1015 0 1015 86.884 89.421 2.536 0.133 0.010
908 1042 0 1042 99.535 89.465 10.070 0.117 0.009
909 1179 0 1179 111.195 89.465 21.730 0.117 0.009
910 1179 0 1179 123.505 89.465 34.040 0.117 0.009
911 1240 0 1240 135.767 89.465 46.302 0.117 0.008
912 1369 0 1369 149.363 89.579 59.784 0.117 0.008
913 1474 0 1474 165.470 89.594 75.876 0.100 0.008
914 1474 0 1474 180.894 89.609 91.285 0.117 0.008
915 1474 0 1474 195.019 89.609 105.410 0.117 0.008
916 1474 0 1474 212.989 111.649 101.340 0.100 0.008
917 1503 0 1503 228.759 120.418 108.341 0.100 0.008
918 1849 0 1849 249.914 135.220 114.694 0.117 0.008
919 1849 0 1849 266.757 159.663 107.094 0.117 0.008
920 1849 0 1849 285.070 176.400 108.671 0.117 0.009
921 1849 0 1849 305.156 197.896 107.260 0.117 0.009
922 1849 0 1849 326.798 207.034 119.764 0.117 0.009
923 1849 0 1849 347.043 233.480 113.564 0.117 0.009
924 1849 0 1849 370.225 264.555 105.671 0.117 0.010
925 1849 0 1849 391.648 286.517 105.131 0.133 0.010
926 1849 0 1849 410.927 286.517 124.410 0.133 0.010
927 1849 0 1849 430.967 295.164 135.802 0.133 0.010
928 1869 0 1869 456.743 351.418 105.325 0.133 0.011
929 1869 0 1869 476.723 373.861 102.862 0.133 0.011
930 1869 0 1869 499.147 373.861 125.286 0.133 0.012
931 1869 0 1869 523.586 383.361 140.226 0.150 0.012
932 1869 0 1869 549.384 459.656 89.727 0.150 0.013
933 1869 0 1869 575.035 459.656 115.379 0.150 0.013
934 1950 0 1950 600.573 459.727 140.846 0.150 0.014
935 1950 0 1950 623.619 496.902 126.717 0.150 0.014
936 1950 0 1950 650.804 547.549 103.254 0.150 0.015
937 2017 0 2017 675.879 561.632 114.247 0.150 0.016
938 2017 0 2017 701.060 575.089 125.971 0.167 0.016
939 2224 0 2224 725.005 631.535 93.471 0.167 0.017
940 2224 0 2224 749.068 646.692 102.376 0.167 0.018
941 2224 0 2224 773.095 646.928 126.167 0.167 0.018
942 2386 0 2386 803.756 693.389 110.366 0.183 0.019
943 2462 0 2462 829.103 716.174 112.929 0.183 0.020
944 2462 0 2462 857.567 730.632 126.935 0.183 0.020
945 2462 0 2462 884.708 755.982 128.725 0.183 0.021
946 2462 0 2462 909.238 773.706 135.533 0.183 0.022
947 2462 0 2462 937.636 804.945 132.691 0.183 0.022
948 2462 0 2462 963.466 863.773 99.693 0.200 0.023
949 2462 0 2462 987.799 863.773 124.026 0.200 0.024
950 2462 0 2462 1014.552 887.475 127.077 0.200 0.024
951 2462 0 2462 1038.030 924.689 113.342 0.200 0.025
952 2462 0 2462 1065.560 934.478 131.083 0.217 0.026
953 2462 0 2462 1090.133 994.662 95.471 0.217 0.026
954 2462 0 2462 1115.696 994.742 120.954 0.217 0.027
955 2462 0 2462 1139.656 1036.074 103.582 0.217 0.028
956 2462 0 2462 1164.226 1059.794 104.432 0.217 0.028
957 2462 0 2462 1188.958 1081.945 107.013 0.217 0.029
958 2462 0 2462 1208.861 1095.751 113.110 0.233 0.029
959 2462 0 2462 1231.179 1105.199 125.980 0.233 0.030
960 2462 0 2462 1250.973 1120.950 130.023 0.233 0.031
961 2462 0 2462 1268.605 1169.663 98.942 0.233 0.031
962 2462 0 2462 1282.737 1169.663 113.073 0.233 0.031
963 2462 0 2462 1298.781 1184.422 114.358 0.233 0.032
964 2462 0 2462 1312.522 1195.371 117.151 0.250 0.032
965 2462 0 2462 1324.174 1195.483 128.691 0.250 0.032
966 2462 0 2462 1334.042 1195.483 138.560 0.250 0.032
967 2462 0 2462 1346.691 1237.274 109.416 0.250 0.033
968 2462 0 2462 1357.623 1246.192 111.431 0.250 0.033
969 2462 0 2462 1365.054 1261.562 103.491 0.250 0.033
970 2462 0 2462 1371.932 1261.562 110.370 0.250 0.033
971 2462 0 2462 1375.443 1274.786 100.657 0.267 0.033
972 2462 0 2462 1379.596 1274.866 104.730 0.267 0.032
973 2462 0 2462 1383.970 1274.838 109.132 0.267 0.032
974 2462 0 2462 1385.975 1274.838 111.137 0.250 0.032
975 2462 0 2462 1385.404 1274.838 110.566 0.250 0.032
976 2462 0 2462 1386.056 1274.838 111.219 0.250 0.031
977 2462 0 2462 1381.838 1283.805 98.033 0.250 0.031
978 2462 0 2462 1380.032 1283.852 96.180 0.250 0.031
979 2462 0 2462 1373.951 1283.857 90.094 0.250 0.030
980 2462 0 2462 1369.586 1283.857 85.729 0.250 0.030
981 2462 0 2462 1362.778 1283.857 78.920 0.250 0.029
982 2462 0 2462 1356.368 1283.857 72.511 0.250 0.029
983 2462 0 2462 1347.454 1283.884 63.570 0.233 0.029
984 2462 0 2462 1336.758 1283.884 52.874 0.233 0.028
985 2462 0 2462 1324.634 1283.889 40.745 0.233 0.028
986 2462 0 2462 1313.054 1283.889 29.165 0.250 0.028
987 2462 0 2462 1296.964 1283.880 13.084 0.250 0.028
988 2462 0 2462 1281.621 1283.739 2.118 0.250 0.027
989 2462 0 2462 1264.674 1283.612 18.937 0.250 0.027
990 2462 0 2462 1250.006 1283.612 33.605 0.250 0.027
991 2462 0 2462 1233.753 1283.457 49.704 0.233 0.026
992 2462 0 2462 1216.258 1283.457 67.199 0.250 0.026
993 2462 0 2462 1196.207 1283.274 87.067 0.250 0.026
994 2462 0 2462 1175.178 1283.274 108.096 0.233 0.026
995 2462 0 2462 1152.677 1272.864 120.187 0.250 0.026
996 2462 0 2462 1126.434 1243.577 117.143 0.250 0.026
997 2462 0 2462 1101.897 1210.655 108.758 0.250 0.026
998 2462 0 2462 1074.506 1183.558 109.051 0.250 0.026
999 2462 0 2462 1053.723 1170.463 116.741 0.250 0.026
1000 2462 0 2462 1029.882 1156.201 126.320 0.250 0.026
1001 2462 0 2462 1006.957 1104.790 97.833 0.250 0.026
1002 2462 0 2462 981.694 1081.148 99.453 0.250 0.026
1003 2260 0 2260 954.509 1081.148 126.638 0.250 0.026
1004 2260 0 2260 925.901 1058.520 132.619 0.250 0.026
1005 2260 0 2260 897.900 1007.675 109.775 0.250 0.026
1006 2260 0 2260 872.563 977.987 105.424 0.250 0.026
1007 2260 0 2260 843.919 977.987 134.067 0.250 0.026
1008 2260 0 2260 813.408 920.726 107.318 0.250 0.026
1009 2110 0 2110 790.231 907.645 117.415 0.250 0.026
1010 2110 0 2110 763.487 877.216 113.729 0.250 0.026
1011 2110 0 2110 737.545 868.973 131.428 0.250 0.026
1012 2110 0 2110 709.600 806.579 96.979 0.250 0.026
1013 2110 0 2110 682.176 806.197 124.021 0.250 0.026
1014 2110 0 2110 657.364 788.011 130.647 0.250 0.026
1015 2110 0 2110 631.251 755.273 124.022 0.250 0.026
1016 2054 0 2054 604.906 718.264 113.358 0.233 0.026
1017 2054 0 2054 577.461 718.264 140.803 0.233 0.026
1018 2054 0 2054 553.167 661.761 108.594 0.233 0.026
1019 2029 0 2029 526.508 643.394 116.886 0.233 0.026
1020 1857 0 1857 503.305 628.398 125.094 0.250 0.026
1021 1857 0 1857 480.453 607.103 126.650 0.250 0.026
1022 1843 0 1843 458.976 573.131 114.155 0.250 0.027
1023 1721 0 1721 437.755 540.348 102.593 0.283 0.027
1024 1721 0 1721 414.288 540.348 126.060 0.283 0.027
1025 1681 0 1681 391.738 487.966 96.228 0.283 0.027
1026 1681 0 1681 367.729 474.541 106.811 0.283 0.028
1027 1681 0 1681 347.477 466.575 119.099 0.283 0.028
1028 1681 0 1681 329.132 441.141 112.009 0.283 0.028
1029 1681 0 1681 308.541 404.066 95.525 0.283 0.028
1030 1681 0 1681 288.424 396.585 108.161 0.283 0.028
1031 1681 0 1681 265.550 373.064 107.514 0.283 0.029
1032 1681 0 1681 247.180 373.064 125.884 0.283 0.029
1033 1681 0 1681 229.201 358.570 129.369 0.267 0.029
1034 1681 0 1681 211.126 336.845 125.719 0.267 0.030
1035 1681 0 1681 193.476 319.525 126.049 0.267 0.030
1036 1540 0 1540 176.633 295.901 119.269 0.267 0.030
1037 1396 0 1396 158.689 286.906 128.216 0.267 0.031
1038 1396 0 1396 144.781 269.844 125.062 0.267 0.031
1039 1396 0 1396 129.199 223.505 94.305 0.267 0.031
1040 1195 0 1195 116.394 209.058 92.664 0.267 0.032
1041 1195 0 1195 104.135 209.058 104.923 0.267 0.032
1042 1195 0 1195 93.912 209.058 115.146 0.267 0.032
1043 1195 0 1195 83.143 198.859 115.716 0.267 0.032
1044 1195 0 1195 73.024 177.650 104.626 0.267 0.032
1045 1195 0 1195 62.600 177.650 115.050 0.267 0.032
1046 1195 0 1195 53.900 160.956 107.056 0.267 0.032
1047 1180 0 1180 44.491 160.956 116.465 0.267 0.032
1048 1180 0 1180 36.833 148.207 111.374 0.267 0.032
1049 1180 0 1180 29.431 132.550 103.118 0.250 0.032
1050 1180 0 1180 24.071 132.528 108.457 0.250 0.032
1051 1180 0 1180 19.560 132.495 112.935 0.250 0.031
1052 840 0 840 15.024 132.495 117.472 0.250 0.031
1053 762 0 762 11.133 132.491 121.358 0.233 0.031
1054 762 0 762 8.156 122.732 114.576 0.250 0.030
1055 520 0 520 5.505 112.955 107.450 0.250 0.030
1056 520 0 520 3.720 112.955 109.235 0.233 0.029
1057 520 0 520 2.686 112.955 110.268 0.233 0.029
1058 449 0 449 1.702 112.955 111.253 0.233 0.028
1059 449 0 449 1.344 112.955 111.611 0.233 0.027
1060 449 0 449 0.871 112.955 112.084 0.217 0.027
1061 449 0 449 0.612 113.010 112.398 0.217 0.026
1062 449 0 449 0.533 112.992 112.459 0.217 0.026
1063 449 0 449 0.457 112.992 112.535 0.200 0.025
1064 449 0 449 0.397 112.992 112.594 0.200 0.024
1065 449 0 449 0.295 113.028 112.733 0.200 0.023
1066 449 0 449 0.263 113.028 112.766 0.200 0.023
1067 516 0 516 0.405 113.028 112.623 0.200 0.022
1068 516 0 516 0.513 113.028 112.516 0.200 0.021
1069 516 0 516 0.672 113.047 112.375 0.183 0.021
1070 551 0 551 0.891 113.047 112.156 0.183 0.020
1071 551 0 551 1.316 113.047 111.731 0.183 0.019
1072 551 0 551 1.932 113.047 111.115 0.183 0.019
1073 551 0 551 2.886 113.084 110.197 0.183 0.018
1074 643 0 643 3.933 113.084 109.150 0.183 0.017
1075 643 0 643 5.487 113.071 107.584 0.167 0.017
1076 643 0 643 8.309 113.071 104.763 0.167 0.016
1077 643 0 643 11.525 113.071 101.546 0.167 0.015
1078 760 0 760 15.511 113.090 97.579 0.150 0.015
1079 760 0 760 19.859 113.090 93.231 0.150 0.014
1080 840 0 840 25.215 113.090 87.875 0.150 0.013
1081 968 0 968 31.149 113.108 81.959 0.150 0.013
1082 1011 0 1011 37.771 113.108 75.337 0.133 0.012
1083 1011 0 1011 45.507 113.149 67.642 0.133 0.012
1084 1011 0 1011 53.264 113.227 59.963 0.133 0.011
1085 1041 0 1041 61.947 113.327 51.380 0.133 0.011
1086 1069 0 1069 72.328 113.327 40.999 0.133 0.010
1087 1133 0 1133 82.681 113.327 30.646 0.133 0.010
1088 1321 0 1321 93.241 113.442 20.201 0.117 0.010
1089 1321 0 1321 103.278 113.442 10.164 0.117 0.009
1090 1321 0 1321 115.522 113.442 2.080 0.117 0.009
1091 1321 0 1321 128.011 113.442 14.569 0.117 0.009
1092 1352 0 1352 141.962 113.442 28.520 0.117 0.008
1093 1352 0 1352 154.767 113.442 41.324 0.117 0.008
1094 1352 0 1352 170.638 113.442 57.196 0.117 0.008
1095 1352 0 1352 187.590 113.442 74.148 0.117 0.008
1096 1363 0 1363 203.983 113.479 90.504 0.117 0.008
1097 1363 0 1363 219.611 113.498 106.113 0.117 0.008
1098 1370 0 1370 237.965 121.957 116.009 0.133 0.008
1099 1480 0 1480 255.945 137.393 118.553 0.133 0.008
1100 1480 0 1480 275.110 162.260 112.850 0.117 0.009
1101 1621 0 1621 293.911 180.518 113.393 0.133 0.009
1102 1621 0 1621 314.247 200.984 113.262 0.117 0.009
1103 1621 0 1621 332.939 211.014 121.925 0.117 0.009
1104 1709 0 1709 353.497 251.468 102.029 0.117 0.009
1105 1904 0 1904 376.071 251.659 124.412 0.133 0.010
1106 1904 0 1904 400.972 289.584 111.389 0.133 0.010
1107 2021 0 2021 423.681 313.075 110.606 0.133 0.010
1108 2021 0 2021 447.771 339.328 108.443 0.133 0.011
1109 2021 0 2021 470.917 353.341 117.576 0.150 0.011
1110 2021 0 2021 495.209 375.390 119.819 0.150 0.012
1111 2021 0 2021 516.624 375.390 141.234 0.150 0.012
1112 2021 0 2021 543.095 439.915 103.180 0.133 0.013
1113 2021 0 2021 567.425 464.246 103.179 0.167 0.013
1114 2021 0 2021 594.146 473.700 120.446 0.167 0.014
1115 2021 0 2021 620.954 496.623 124.331 0.167 0.014
1116 2093 0 2093 645.246 549.335 95.911 0.167 0.015
1117 2125 0 2125 672.163 549.471 122.692 0.167 0.016
1118 2125 0 2125 699.533 576.528 123.005 0.167 0.016
1119 2161 0 2161 726.972 635.473 91.499 0.167 0.017
1120 2161 0 2161 752.893 635.473 117.420 0.167 0.018
1121 2161 0 2161 781.355 662.160 119.195 0.183 0.018
1122 2161 0 2161 807.225 698.142 109.083 0.183 0.019
1123 2161 0 2161 834.503 722.760 111.743 0.183 0.020
1124 2161 0 2161 858.737 722.760 135.977 0.183 0.020
1125 2161 0 2161 887.194 799.012 88.181 0.183 0.021
1126 2161 0 2161 914.966 799.012 115.954 0.200 0.022
1127 2161 0 2161 942.028 799.012 143.016 0.200 0.022
1128 2161 0 2161 968.163 849.103 119.060 0.200 0.023
1129 2249 0 2249 994.328 896.307 98.021 0.200 0.024
1130 2249 0 2249 1020.619 896.307 124.312 0.200 0.025
1131 2249 0 2249 1047.229 935.049 112.180 0.200 0.025
1132 2249 0 2249 1073.508 974.072 99.437 0.200 0.026
1133 2249 0 2249 1101.258 983.116 118.142 0.217 0.027
1134 2249 0 2249 1124.509 991.300 133.209 0.217 0.027
1135 2249 0 2249 1147.308 1062.678 84.631 0.217 0.028
1136 2249 0 2249 1170.196 1062.678 107.518 0.233 0.028
1137 2249 0 2249 1192.254 1079.794 112.460 0.233 0.029
1138 2249 0 2249 1213.712 1094.300 119.412 0.233 0.029
1139 2249 0 2249 1233.100 1133.922 99.179 0.233 0.030
1140 2249 0 2249 1251.453 1148.852 102.600 0.233 0.030
1141 2249 0 2249 1268.920 1156.757 112.163 0.250 0.031
1142 2249 0 2249 1285.326 1181.433 103.894 0.250 0.031
1143 2249 0 2249 1300.815 1197.240 103.575 0.250 0.032
1144 2249 0 2249 1314.500 1197.336 117.163 0.250 0.032
1145 2249 0 2249 1326.517 1234.049 92.468 0.250 0.032
1146 2249 0 2249 1339.868 1234.044 105.824 0.250 0.032
1147 2249 0 2249 1349.899 1234.044 115.855 0.250 0.032
1148 2249 0 2249 1357.726 1234.111 123.615 0.250 0.032
1149 2249 0 2249 1364.614 1241.200 123.413 0.250 0.033
1150 2249 0 2249 1371.658 1255.412 116.245 0.250 0.033
1151 2249 0 2249 1377.270 1264.425 112.845 0.250 0.032
1152 2249 0 2249 1380.904 1264.425 116.479 0.250 0.032
1153 2249 0 2249 1382.752 1264.425 118.327 0.250 0.032
1154 2249 0 2249 1385.012 1264.437 120.574 0.250 0.032
1155 2249 0 2249 1385.679 1287.431 98.249 0.250 0.032
1156 2249 0 2249 1384.394 1303.554 80.840 0.250 0.031
1157 2249 0 2249 1382.918 1303.554 79.364 0.250 0.031
1158 2249 0 2249 1379.538 1303.528 76.011 0.250 0.031
1159 2249 0 2249 1374.842 1303.440 71.402 0.250 0.030
1160 2249 0 2249 1370.658 1303.460 67.198 0.250 0.030
1161 2249 0 2249 1364.575 1303.460 61.115 0.250 0.030
1162 2249 0 2249 1356.517 1303.460 53.056 0.250 0.029
1163 2249 0 2249 1346.630 1303.460 43.169 0.250 0.029
1164 2249 0 2249 1335.723 1303.460 32.263 0.250 0.029
1165 2249 0 2249 1324.820 1303.427 21.393 0.250 0.028
1166 2249 0 2249 1313.494 1303.427 10.066 0.250 0.028
1167 2249 0 2249 1298.000 1303.152 5.152 0.250 0.028
1168 2249 0 2249 1285.351 1303.152 17.801 0.233 0.027
1169 2249 0 2249 1270.816 1303.152 32.336 0.250 0.027
1170 2249 0 2249 1253.789 1303.106 49.316 0.250 0.027
1171 2249 0 2249 1236.490 1303.106 66.616 0.250 0.027
1172 2249 0 2249 1216.583 1303.080 86.497 0.250 0.026
1173 2249 0 2249 1194.780 1302.908 108.128 0.250 0.026
1174 2249 0 2249 1174.147 1286.439 112.292 0.250 0.026
1175 2249 0 2249 1155.910 1277.768 121.858 0.250 0.026
1176 2249 0 2249 1132.199 1230.665 98.465 0.250 0.026
1177 2249 0 2249 1108.121 1230.631 122.510 0.267 0.026
1178 2249 0 2249 1081.747 1202.364 120.616 0.267 0.026
1179 2249 0 2249 1058.131 1142.176 84.045 0.267 0.025
1180 2249 0 2249 1032.249 1142.003 109.754 0.267 0.026
1181 2249 0 2249 1007.743 1129.467 121.724 0.267 0.025
1182 2249 0 2249 980.309 1092.155 111.846 0.267 0.025
1183 2249 0 2249 954.325 1056.010 101.685 0.267 0.025
1184 2249 0 2249 925.744 1056.010 130.266 0.267 0.025
1185 2249 0 2249 894.829 1001.388 106.558 0.250 0.026
1186 2249 0 2249 867.293 969.536 102.243 0.250 0.026
1187 2249 0 2249 845.808 969.536 123.728 0.250 0.025
1188 2249 0 2249 820.624 933.246 112.622 0.250 0.025
1189 2155 0 2155 791.834 907.236 115.402 0.250 0.026
1190 2155 0 2155 765.015 883.135 118.120 0.250 0.026
1191 2155 0 2155 737.053 843.932 106.880 0.233 0.026
1192 2155 0 2155 710.414 822.804 112.390 0.233 0.026
1193 2155 0 2155 687.510 808.332 120.822 0.233 0.025
1194 2109 0 2109 661.769 783.167 121.398 0.233 0.026
1195 2004 0 2004 634.945 744.710 109.765 0.233 0.026
1196 2004 0 2004 606.676 720.313 113.637 0.233 0.026
1197 2004 0 2004 581.536 720.313 138.777 0.233 0.026
1198 2004 0 2004 553.788 676.270 122.481 0.233 0.026
1199 2004 0 2004 527.176 658.694 131.518 0.233 0.026
