1 872 0 872 385.020 0.000 385.020 0.000 0.000
2 872 0 872 411.401 0.000 411.401 0.000 0.000
3 1024 0 1024 432.923 0.000 432.923 0.000 0.000
4 1024 0 1024 449.870 0.000 449.870 0.000 0.000
5 1098 0 1098 470.513 0.000 470.513 0.000 0.000
6 1098 0 1098 488.688 488.688 0.000 37.000 0.336
7 1098 0 1098 511.237 511.237 0.000 36.000 0.309
8 1098 0 1098 530.626 530.626 0.000 34.875 0.285
9 1306 0 1306 551.801 551.801 0.000 33.889 0.267
10 1306 0 1306 572.300 572.300 0.000 34.100 0.253
11 1306 0 1306 594.688 587.356 7.332 31.091 0.252
12 1306 0 1306 614.592 603.356 11.236 28.583 0.237
13 1362 0 1362 634.294 623.948 10.346 26.462 0.224
14 1362 0 1362 651.341 638.751 12.590 24.643 0.213
15 1529 0 1529 669.008 660.726 8.282 23.133 0.203
16 1529 0 1529 688.245 676.700 11.546 21.750 0.195
17 1651 0 1651 702.855 695.786 7.069 20.588 0.186
18 1651 0 1651 721.840 715.291 6.549 19.500 0.180
19 1651 0 1651 743.435 736.864 6.571 18.579 0.174
20 1651 0 1651 762.854 752.714 10.140 17.650 0.169
21 1651 0 1651 785.609 774.205 11.404 16.905 0.173
22 1651 0 1651 806.119 797.832 8.287 16.182 0.169
23 1815 0 1815 826.455 814.587 11.868 15.522 0.165
24 1815 0 1815 844.803 834.587 10.216 14.958 0.161
25 1815 0 1815 862.728 855.306 7.422 14.400 0.157
26 1815 0 1815 879.350 870.019 9.331 13.885 0.154
27 1815 0 1815 894.921 888.302 6.619 13.407 0.151
28 1815 0 1815 911.093 902.311 8.781 12.964 0.148
29 1886 0 1886 929.881 922.470 7.412 12.552 0.145
30 1886 0 1886 949.762 939.959 9.803 12.167 0.143
31 1886 0 1886 965.289 956.367 8.922 11.806 0.146
32 2110 0 2110 981.907 972.392 9.515 11.469 0.144
33 2110 0 2110 995.298 988.003 7.295 11.182 0.142
34 2110 0 2110 1008.061 997.357 10.703 10.853 0.139
35 2128 0 2128 1023.911 1014.027 9.884 10.571 0.137
36 2128 0 2128 1040.392 1029.260 11.131 10.306 0.135
37 2148 0 2148 1055.529 1043.404 12.124 10.054 0.134
38 2148 0 2148 1068.997 1058.313 10.685 9.816 0.132
39 2148 0 2148 1080.048 1068.759 11.289 9.590 0.130
40 2148 0 2148 1093.007 1083.664 9.343 9.375 0.128
41 2148 0 2148 1105.036 1095.132 9.903 9.171 0.131
42 2148 0 2148 1116.690 1105.447 11.242 8.976 0.129
43 2148 0 2148 1128.147 1113.072 15.075 8.767 0.128
44 2148 0 2148 1137.312 1127.349 9.964 8.591 0.126
45 2148 0 2148 1146.721 1136.259 10.462 8.422 0.124
46 2148 0 2148 1156.781 1144.527 12.254 8.239 0.123
47 2148 0 2148 1166.433 1154.137 12.296 8.085 0.122
48 2148 0 2148 1176.023 1164.512 11.511 7.938 0.120
49 2148 0 2148 1184.700 1172.706 11.993 7.776 0.119
50 2148 0 2148 1193.240 1184.339 8.901 7.640 0.118
51 2148 0 2148 1201.636 1187.914 13.722 7.490 0.120
52 2148 0 2148 1208.348 1198.080 10.268 7.365 0.119
53 2200 0 2200 1214.877 1201.781 13.096 7.226 0.117
54 2200 0 2200 1220.651 1207.559 13.092 7.093 0.116
55 2200 0 2200 1225.660 1214.749 10.911 6.982 0.115
56 2200 0 2200 1231.797 1216.110 15.688 6.857 0.113
57 2200 0 2200 1235.737 1225.432 10.305 6.754 0.112
58 2200 0 2200 1240.265 1227.287 12.979 6.638 0.111
59 2200 0 2200 1244.514 1231.931 12.583 6.525 0.110
60 2200 0 2200 1248.101 1234.308 13.793 6.417 0.108
61 2200 0 2200 1264.127 1251.294 12.833 6.433 0.113
62 2200 0 2200 1280.223 1265.962 14.262 6.450 0.114
63 2200 0 2200 1295.499 1285.502 9.998 6.467 0.116
64 2200 0 2200 1309.167 1299.098 10.069 6.483 0.117
65 2200 0 2200 1324.438 1312.052 12.386 6.500 0.118
66 2200 0 2200 1337.304 1329.463 7.841 2.817 0.086
67 2200 0 2200 1349.564 1341.314 8.250 2.583 0.085
68 2200 0 2200 1358.182 1349.351 8.831 2.467 0.084
69 2200 0 2200 1366.068 1360.766 5.301 2.267 0.083
70 2200 0 2200 1372.895 1364.773 8.122 2.150 0.082
71 2200 0 2200 1379.667 1369.590 10.077 2.083 0.083
72 2200 0 2200 1384.300 1377.766 6.534 2.067 0.083
73 2200 0 2200 1387.836 1378.733 9.103 2.033 0.083
74 2200 0 2200 1389.896 1381.510 8.386 2.017 0.083
75 2200 0 2200 1389.271 1385.263 4.008 1.983 0.083
76 2200 0 2200 1387.871 1386.062 1.809 1.933 0.083
77 2200 0 2200 1383.956 1385.550 1.595 1.917 0.084
78 2200 0 2200 1381.071 1385.550 4.479 1.850 0.084
79 2200 0 2200 1378.576 1383.729 5.153 1.783 0.083
80 2200 0 2200 1374.542 1380.776 6.234 1.750 0.083
81 2200 0 2200 1370.504 1379.542 9.039 1.767 0.083
82 2200 0 2200 1362.492 1372.786 10.294 1.767 0.083
83 2200 0 2200 1353.749 1366.005 12.256 1.767 0.083
84 2200 0 2200 1344.150 1354.389 10.240 1.800 0.083
85 2200 0 2200 1332.457 1344.919 12.462 1.800 0.083
86 2200 0 2200 1320.786 1332.151 11.365 1.817 0.083
87 2200 0 2200 1304.987 1318.253 13.266 1.850 0.084
88 2200 0 2200 1292.071 1303.130 11.059 1.833 0.084
89 2200 0 2200 1274.501 1287.494 12.993 1.833 0.084
90 2200 0 2200 1257.212 1268.662 11.451 1.850 0.084
91 2200 0 2200 1237.941 1252.026 14.086 1.850 0.085
92 2200 0 2200 1218.524 1230.029 11.504 1.883 0.085
93 2200 0 2200 1200.116 1211.920 11.804 1.883 0.086
94 2200 0 2200 1177.021 1185.504 8.483 1.900 0.087
95 2200 0 2200 1156.859 1170.193 13.334 1.917 0.087
96 2200 0 2200 1136.039 1145.229 9.190 1.933 0.088
97 2200 0 2200 1107.465 1115.716 8.251 1.983 0.089
98 2200 0 2200 1082.513 1095.725 13.212 1.983 0.090
99 2200 0 2200 1058.889 1069.405 10.516 2.017 0.091
100 2200 0 2200 1035.416 1048.537 13.121 2.017 0.092
101 2200 0 2200 1009.226 1020.680 11.454 2.050 0.093
102 2200 0 2200 982.081 993.398 11.318 2.133 0.094
103 2200 0 2200 953.115 964.231 11.116 2.167 0.095
104 2200 0 2200 928.165 941.525 13.360 2.167 0.097
105 2200 0 2200 904.088 913.029 8.941 2.167 0.098
106 2200 0 2200 873.725 881.829 8.104 2.200 0.099
107 2200 0 2200 846.094 858.145 12.051 2.250 0.100
108 2200 0 2200 817.291 827.870 10.579 2.333 0.102
109 2200 0 2200 791.725 804.622 12.897 2.400 0.103
110 2200 0 2200 764.634 777.061 12.427 2.467 0.104
111 2200 0 2200 736.272 748.558 12.286 2.517 0.105
112 2200 0 2200 707.731 717.544 9.813 2.567 0.107
113 2190 0 2190 679.893 690.514 10.621 2.667 0.108
114 2190 0 2190 653.005 663.158 10.153 2.700 0.110
115 2190 0 2190 626.772 640.569 13.797 2.750 0.112
116 2190 0 2190 598.036 611.817 13.781 2.817 0.113
117 2190 0 2190 575.167 584.674 9.507 2.867 0.115
118 2190 0 2190 550.248 561.360 11.112 2.950 0.116
119 2190 0 2190 523.959 535.710 11.751 3.050 0.118
120 2190 0 2190 498.497 506.535 8.038 3.150 0.119
121 2190 0 2190 473.754 486.768 13.015 3.200 0.120
122 2190 0 2190 449.956 463.523 13.567 3.250 0.121
123 2190 0 2190 424.741 436.192 11.451 3.317 0.121
124 2190 0 2190 401.416 410.798 9.382 3.350 0.122
125 2190 0 2190 380.934 389.395 8.461 3.333 0.122
126 2029 0 2029 356.802 369.050 12.248 3.383 0.123
127 2029 0 2029 333.147 341.434 8.287 3.417 0.124
128 2029 0 2029 314.344 326.311 11.966 3.483 0.125
129 2029 0 2029 293.739 305.968 12.230 3.500 0.125
130 1688 0 1688 274.443 289.288 14.845 3.517 0.126
131 1688 0 1688 255.623 267.866 12.242 3.567 0.126
132 1688 0 1688 237.364 246.162 8.797 3.567 0.126
133 1688 0 1688 220.146 230.083 9.938 3.617 0.127
134 1688 0 1688 205.890 216.761 10.871 3.633 0.127
135 1688 0 1688 188.620 199.507 10.887 3.650 0.127
136 1688 0 1688 171.313 180.952 9.639 3.700 0.128
137 1688 0 1688 154.789 171.087 16.298 3.750 0.128
138 1688 0 1688 139.125 155.108 15.982 3.800 0.129
139 1688 0 1688 128.136 140.693 12.557 3.817 0.129
140 1688 0 1688 116.705 128.888 12.183 3.833 0.129
141 1469 0 1469 105.925 119.394 13.469 3.850 0.129
142 1469 0 1469 93.734 108.188 14.454 3.883 0.129
143 1469 0 1469 82.589 97.034 14.446 3.883 0.129
144 1122 0 1122 73.229 85.189 11.960 3.883 0.129
145 901 0 901 63.839 78.058 14.220 3.867 0.129
146 901 0 901 55.591 67.416 11.825 3.867 0.129
147 787 0 787 45.579 55.521 9.942 3.867 0.128
148 786 0 786 38.800 52.881 14.081 3.850 0.128
149 786 0 786 31.388 47.839 16.451 3.817 0.128
150 786 0 786 25.492 38.179 12.687 3.817 0.127
151 786 0 786 19.870 33.226 13.356 3.767 0.126
152 786 0 786 15.244 26.506 11.262 3.750 0.125
153 786 0 786 11.741 25.208 13.468 3.717 0.124
154 629 0 629 7.689 21.370 13.681 3.667 0.123
155 629 0 629 5.514 20.889 15.376 3.650 0.121
156 596 0 596 4.098 19.976 15.878 3.550 0.120
157 596 0 596 2.573 19.980 17.407 3.450 0.118
158 596 0 596 1.657 19.442 17.785 3.417 0.116
159 596 0 596 1.185 19.442 18.257 3.333 0.114
160 596 0 596 0.871 18.002 17.131 3.233 0.112
161 334 0 334 0.505 18.002 17.497 3.150 0.110
162 230 0 230 0.316 18.002 17.686 3.067 0.108
163 230 0 230 0.223 18.005 17.782 2.967 0.106
164 230 0 230 0.195 18.005 17.810 2.883 0.103
165 230 0 230 0.171 18.005 17.835 2.783 0.102
166 230 0 230 0.199 18.002 17.803 2.683 0.099
167 230 0 230 0.256 18.002 17.746 2.583 0.097
168 273 0 273 0.341 17.999 17.658 2.483 0.094
169 273 0 273 0.516 17.999 17.483 2.400 0.092
170 721 0 721 0.949 17.998 17.050 2.317 0.090
171 721 0 721 1.210 16.056 14.846 2.250 0.088
172 721 0 721 1.818 16.056 14.238 2.183 0.086
173 721 0 721 2.677 16.056 13.379 2.067 0.083
174 721 0 721 3.482 16.056 12.574 2.017 0.081
175 721 0 721 5.866 16.090 10.224 1.967 0.079
176 763 0 763 9.089 16.488 7.399 1.900 0.077
177 763 0 763 12.655 16.900 4.244 1.867 0.076
178 763 0 763 16.457 16.902 0.446 1.750 0.074
179 1042 0 1042 20.917 19.213 1.704 1.667 0.073
180 1042 0 1042 26.513 21.770 4.743 1.567 0.071
181 1042 0 1042 32.116 24.501 7.614 1.500 0.070
182 1042 0 1042 38.563 28.278 10.286 1.450 0.069
183 1042 0 1042 46.089 33.043 13.047 1.367 0.067
184 1042 0 1042 54.711 38.700 16.010 1.300 0.066
185 1409 0 1409 63.870 52.116 11.755 1.267 0.066
186 1409 0 1409 72.662 60.914 11.748 1.217 0.065
187 1409 0 1409 83.261 66.345 16.917 1.167 0.064
188 1409 0 1409 93.600 78.410 15.190 1.117 0.063
189 1437 0 1437 104.641 88.766 15.875 1.117 0.063
190 1437 0 1437 116.844 106.893 9.951 1.133 0.062
191 1437 0 1437 131.094 116.712 14.382 1.133 0.062
192 1437 0 1437 145.665 129.102 16.562 1.133 0.062
193 1437 0 1437 161.958 149.606 12.352 1.150 0.062
194 1437 0 1437 176.702 164.564 12.139 1.150 0.062
195 1437 0 1437 190.730 177.879 12.851 1.133 0.062
196 1467 0 1467 208.563 196.543 12.020 1.117 0.062
197 1467 0 1467 224.091 210.428 13.663 1.100 0.061
198 1467 0 1467 240.945 226.418 14.527 1.117 0.061
199 1658 0 1658 257.554 243.921 13.633 1.133 0.062
200 1658 0 1658 279.475 265.160 14.314 1.183 0.063
201 1658 0 1658 299.059 288.255 10.804 1.233 0.063
202 1658 0 1658 319.179 307.431 11.748 1.233 0.064
203 1658 0 1658 344.434 332.130 12.305 1.267 0.065
204 1724 0 1724 362.645 349.914 12.731 1.367 0.065
205 1724 0 1724 382.841 373.138 9.703 1.317 0.066
206 1724 0 1724 403.337 393.527 9.810 1.367 0.067
207 1752 0 1752 423.414 412.014 11.400 1.317 0.068
208 1752 0 1752 443.968 432.437 11.531 1.350 0.068
209 1808 0 1808 467.767 454.371 13.396 1.350 0.069
210 1818 0 1818 490.108 478.335 11.773 1.383 0.070
211 1818 0 1818 511.227 501.151 10.075 1.383 0.071
212 1986 0 1986 535.509 523.544 11.965 1.417 0.073
213 1987 0 1987 564.314 553.262 11.052 1.517 0.075
214 1987 0 1987 584.177 570.374 13.803 1.567 0.076
215 1987 0 1987 608.148 596.733 11.415 1.583 0.077
216 2023 0 2023 631.813 621.851 9.962 1.650 0.079
217 2023 0 2023 653.466 643.357 10.109 1.700 0.081
218 2253 0 2253 677.485 668.716 8.769 1.717 0.082
219 2253 0 2253 703.334 694.236 9.099 1.817 0.085
220 2253 0 2253 729.675 721.074 8.602 1.850 0.087
221 2253 0 2253 761.649 750.777 10.871 1.917 0.089
222 2253 0 2253 791.994 779.894 12.100 1.983 0.091
223 2325 0 2325 818.875 805.752 13.123 2.067 0.094
224 2325 0 2325 848.752 836.988 11.764 2.133 0.096
225 2325 0 2325 873.534 863.988 9.546 2.200 0.098
226 2325 0 2325 901.717 893.379 8.339 2.283 0.100
227 2325 0 2325 929.676 917.632 12.044 2.367 0.102
228 2325 0 2325 956.407 944.708 11.699 2.450 0.105
229 2325 0 2325 984.920 976.544 8.376 2.533 0.107
230 2325 0 2325 1012.578 1000.143 12.434 2.600 0.109
231 2325 0 2325 1038.108 1027.592 10.516 2.667 0.111
232 2325 0 2325 1064.736 1052.670 12.066 2.783 0.113
233 2325 0 2325 1090.474 1078.294 12.180 2.850 0.115
234 2325 0 2325 1113.737 1102.366 11.371 2.900 0.117
235 2325 0 2325 1137.869 1125.549 12.320 2.983 0.118
236 2325 0 2325 1164.250 1154.412 9.838 3.050 0.120
237 2325 0 2325 1187.518 1176.444 11.075 3.100 0.121
238 2325 0 2325 1207.621 1196.349 11.272 3.183 0.123
239 2325 0 2325 1227.581 1215.871 11.710 3.250 0.124
240 2325 0 2325 1248.137 1234.243 13.893 3.283 0.125
241 2325 0 2325 1265.163 1254.240 10.923 3.317 0.126
242 2325 0 2325 1280.524 1268.158 12.366 3.350 0.126
243 2325 0 2325 1295.530 1283.686 11.844 3.367 0.126
244 2325 0 2325 1311.064 1300.193 10.871 3.400 0.127
245 2325 0 2325 1323.440 1313.710 9.730 3.383 0.127
246 2325 0 2325 1333.941 1323.488 10.453 3.400 0.127
247 2325 0 2325 1344.155 1331.761 12.394 3.417 0.127
248 2325 0 2325 1352.466 1343.295 9.171 3.417 0.127
249 2325 0 2325 1359.145 1354.400 4.746 3.400 0.127
250 2325 0 2325 1365.606 1357.680 7.926 3.383 0.127
251 2325 0 2325 1371.731 1364.120 7.611 3.383 0.127
252 2325 0 2325 1376.059 1367.791 8.268 3.367 0.127
253 2325 0 2325 1379.711 1371.098 8.613 3.317 0.127
254 2325 0 2325 1380.835 1376.380 4.455 3.283 0.127
255 2325 0 2325 1380.749 1376.380 4.369 3.267 0.126
256 2325 0 2325 1380.176 1375.913 4.263 3.250 0.126
257 2325 0 2325 1378.306 1375.386 2.920 3.233 0.125
258 2325 0 2325 1374.813 1375.386 0.573 3.183 0.125
259 2325 0 2325 1369.997 1374.910 4.913 3.167 0.124
260 2325 0 2325 1365.961 1371.277 5.316 3.083 0.124
261 2325 0 2325 1358.966 1366.369 7.403 3.017 0.123
262 2325 0 2325 1349.131 1359.244 10.113 3.000 0.123
263 2325 0 2325 1341.625 1350.214 8.589 2.950 0.122
264 2325 0 2325 1331.722 1340.086 8.363 2.917 0.121
265 2325 0 2325 1319.415 1329.157 9.742 2.900 0.120
266 2325 0 2325 1306.770 1317.830 11.060 2.850 0.120
267 2325 0 2325 1292.871 1303.209 10.338 2.867 0.119
268 2325 0 2325 1279.847 1290.997 11.150 2.833 0.118
269 2325 0 2325 1264.523 1277.181 12.658 2.817 0.118
270 2325 0 2325 1247.286 1259.996 12.710 2.817 0.117
271 2325 0 2325 1226.906 1239.112 12.206 2.850 0.117
272 2325 0 2325 1208.019 1220.949 12.930 2.833 0.117
273 2325 0 2325 1186.794 1197.561 10.767 2.800 0.116
274 2325 0 2325 1167.648 1180.254 12.606 2.800 0.116
275 2325 0 2325 1145.464 1158.531 13.067 2.817 0.116
276 2325 0 2325 1121.517 1132.923 11.406 2.800 0.116
277 2325 0 2325 1098.324 1111.724 13.401 2.800 0.116
278 2325 0 2325 1075.135 1089.322 14.187 2.833 0.116
279 2325 0 2325 1050.747 1058.431 7.684 2.833 0.116
280 2325 0 2325 1027.419 1037.633 10.214 2.867 0.115
281 2325 0 2325 998.880 1008.142 9.262 2.867 0.115
282 2325 0 2325 970.718 979.248 8.530 2.867 0.115
283 2174 0 2174 942.239 948.661 6.422 2.883 0.115
284 2174 0 2174 911.616 923.239 11.624 2.883 0.115
285 2174 0 2174 886.148 896.733 10.585 2.867 0.115
286 2174 0 2174 860.172 872.315 12.143 2.850 0.115
287 2174 0 2174 836.337 846.957 10.620 2.817 0.115
288 2174 0 2174 810.914 823.306 12.393 2.817 0.115
289 2174 0 2174 786.070 799.435 13.365 2.800 0.115
290 2174 0 2174 757.964 767.651 9.687 2.800 0.115
291 2174 0 2174 730.891 741.555 10.664 2.800 0.115
292 2071 0 2071 705.784 717.430 11.646 2.783 0.115
293 2071 0 2071 679.955 690.196 10.241 2.800 0.115
294 1937 0 1937 653.951 665.124 11.173 2.783 0.115
295 1937 0 1937 630.810 642.521 11.711 2.767 0.115
296 1937 0 1937 607.256 618.235 10.979 2.783 0.116
297 1937 0 1937 582.125 594.700 12.575 2.767 0.116
298 1937 0 1937 557.697 568.968 11.270 2.783 0.116
299 1893 0 1893 531.981 543.213 11.232 2.767 0.117
300 1893 0 1893 506.619 518.683 12.064 2.867 0.117
301 1893 0 1893 480.611 491.370 10.759 2.867 0.118
302 1893 0 1893 454.008 465.759 11.751 2.867 0.119
303 1893 0 1893 433.542 444.759 11.216 2.917 0.119
304 1893 0 1893 409.281 424.254 14.972 2.917 0.120
305 1893 0 1893 388.075 399.128 11.053 2.967 0.120
306 1893 0 1893 365.265 375.361 10.096 3.000 0.121
307 1893 0 1893 344.528 357.541 13.013 3.000 0.122
308 1893 0 1893 323.308 335.659 12.350 3.017 0.122
309 1893 0 1893 301.982 312.738 10.756 3.083 0.123
310 1893 0 1893 283.149 295.234 12.086 3.117 0.124
311 1893 0 1893 263.352 279.564 16.212 3.133 0.124
312 1893 0 1893 243.315 256.504 13.189 3.183 0.125
313 1470 0 1470 224.259 235.505 11.246 3.217 0.125
314 1470 0 1470 205.140 217.058 11.919 3.283 0.126
315 1395 0 1395 190.420 203.086 12.666 3.333 0.126
316 1326 0 1326 173.964 187.580 13.617 3.367 0.126
317 1326 0 1326 160.552 173.138 12.586 3.400 0.126
318 1173 0 1173 146.005 156.660 10.655 3.417 0.126
319 1173 0 1173 132.122 143.711 11.590 3.433 0.127
320 1141 0 1141 119.782 129.312 9.530 3.467 0.127
321 1090 0 1090 107.055 121.199 14.144 3.500 0.127
322 1090 0 1090 93.865 104.116 10.251 3.500 0.127
323 1078 0 1078 83.487 98.159 14.673 3.533 0.127
324 995 0 995 73.660 89.229 15.569 3.517 0.127
325 995 0 995 63.279 79.338 16.059 3.533 0.127
326 968 0 968 54.225 66.701 12.476 3.517 0.127
327 968 0 968 45.608 55.315 9.707 3.517 0.127
328 968 0 968 38.597 53.873 15.276 3.517 0.126
329 968 0 968 32.258 50.359 18.101 3.483 0.126
330 819 0 819 25.994 41.098 15.104 3.450 0.125
331 819 0 819 20.042 32.959 12.916 3.400 0.124
332 619 0 619 15.211 27.820 12.609 3.383 0.123
333 618 0 618 11.202 23.732 12.529 3.333 0.122
334 618 0 618 8.150 22.943 14.793 3.283 0.121
335 513 0 513 5.808 21.112 15.304 3.250 0.120
336 513 0 513 3.611 21.105 17.494 3.200 0.118
337 504 0 504 2.493 16.885 14.391 3.167 0.117
338 504 0 504 1.813 16.885 15.072 3.100 0.115
339 326 0 326 1.359 16.885 15.526 3.000 0.113
340 318 0 318 0.863 16.885 16.021 2.933 0.111
341 318 0 318 0.697 16.882 16.184 2.867 0.109
342 305 0 305 0.507 16.882 16.375 2.800 0.106
343 305 0 305 0.468 16.882 16.414 2.700 0.104
344 305 0 305 0.418 16.879 16.461 2.633 0.102
345 305 0 305 0.329 16.879 16.550 2.583 0.100
346 312 0 312 0.371 16.862 16.490 2.517 0.098
347 331 0 331 0.416 16.862 16.445 2.467 0.096
348 331 0 331 0.422 16.862 16.440 2.383 0.094
349 331 0 331 0.551 16.864 16.313 2.317 0.092
350 352 0 352 0.782 16.864 16.083 2.250 0.089
351 472 0 472 1.247 16.867 15.620 2.183 0.087
352 472 0 472 1.596 16.870 15.274 2.083 0.085
353 472 0 472 2.505 16.870 14.365 2.000 0.083
354 569 0 569 3.492 16.870 13.378 1.967 0.081
355 570 0 570 5.361 16.870 11.509 1.900 0.079
356 570 0 570 7.685 16.875 9.190 1.800 0.078
357 610 0 610 11.328 16.875 5.547 1.750 0.076
358 812 0 812 15.240 17.299 2.058 1.667 0.074
359 812 0 812 21.918 19.085 2.833 1.617 0.073
360 860 0 860 27.297 19.518 7.779 1.517 0.072
361 860 0 860 33.927 26.349 7.578 1.467 0.070
362 860 0 860 41.556 31.176 10.381 1.450 0.069
363 860 0 860 48.608 37.653 10.955 1.400 0.068
364 860 0 860 57.729 42.890 14.838 1.400 0.067
365 995 0 995 67.320 54.036 13.284 1.383 0.066
366 1045 0 1045 76.344 62.677 13.667 1.383 0.066
367 1045 0 1045 87.111 74.925 12.186 1.383 0.065
368 1163 0 1163 97.776 82.764 15.012 1.350 0.064
369 1207 0 1207 109.301 95.929 13.372 1.317 0.063
370 1207 0 1207 123.233 110.677 12.555 1.317 0.063
371 1207 0 1207 135.971 123.151 12.820 1.300 0.063
372 1399 0 1399 153.623 141.793 11.830 1.300 0.063
373 1399 0 1399 167.331 153.906 13.425 1.333 0.062
374 1602 0 1602 183.705 168.824 14.881 1.283 0.062
375 1602 0 1602 197.940 185.151 12.790 1.300 0.062
376 1602 0 1602 213.736 198.309 15.426 1.233 0.062
377 1646 0 1646 230.664 218.173 12.491 1.267 0.062
378 1704 0 1704 247.945 237.734 10.210 1.267 0.062
379 1704 0 1704 267.634 256.120 11.515 1.267 0.063
380 1704 0 1704 287.395 275.199 12.196 1.283 0.063
381 1704 0 1704 306.341 290.471 15.870 1.267 0.064
382 2209 0 2209 325.704 313.599 12.105 1.217 0.064
383 2209 0 2209 346.858 336.026 10.832 1.233 0.065
384 2209 0 2209 369.844 357.867 11.977 1.250 0.066
385 2209 0 2209 391.546 380.717 10.829 1.317 0.066
386 2209 0 2209 411.641 399.851 11.790 1.333 0.067
387 2209 0 2209 433.541 424.007 9.534 1.317 0.068
388 2209 0 2209 456.168 443.750 12.417 1.350 0.070
389 2209 0 2209 479.620 467.339 12.281 1.367 0.071
390 2209 0 2209 502.549 490.546 12.003 1.417 0.072
391 2209 0 2209 526.356 517.199 9.157 1.450 0.073
392 2209 0 2209 549.249 538.250 10.999 1.483 0.074
393 2209 0 2209 571.590 561.252 10.339 1.500 0.076
394 2209 0 2209 595.737 585.625 10.112 1.567 0.077
395 2209 0 2209 619.107 607.621 11.486 1.600 0.078
396 2209 0 2209 643.729 633.039 10.691 1.667 0.080
397 2209 0 2209 672.222 659.184 13.039 1.750 0.082
398 2209 0 2209 697.870 688.700 9.169 1.833 0.084
399 2209 0 2209 724.368 716.675 7.692 1.900 0.086
400 2209 0 2209 751.342 739.863 11.479 2.017 0.088
401 2209 0 2209 777.848 766.257 11.591 2.083 0.090
402 2209 0 2209 802.277 791.877 10.400 2.133 0.092
403 2209 0 2209 828.850 819.712 9.138 2.200 0.095
404 2209 0 2209 854.982 846.741 8.241 2.300 0.097
405 2209 0 2209 879.960 871.547 8.412 2.350 0.099
406 2209 0 2209 906.787 893.312 13.475 2.383 0.101
407 2209 0 2209 934.030 923.235 10.795 2.467 0.103
408 2209 0 2209 958.428 947.274 11.154 2.517 0.105
409 2209 0 2209 982.294 973.390 8.903 2.583 0.107
410 2209 0 2209 1009.967 996.241 13.726 2.700 0.109
411 2209 0 2209 1036.064 1026.460 9.604 2.783 0.111
412 2209 0 2209 1060.241 1050.595 9.646 2.833 0.113
413 2209 0 2209 1086.697 1076.995 9.703 2.900 0.115
414 2209 0 2209 1109.752 1101.704 8.047 2.983 0.117
415 2209 0 2209 1133.936 1123.939 9.997 3.083 0.119
416 2209 0 2209 1157.021 1147.035 9.986 3.117 0.120
417 2209 0 2209 1179.330 1169.250 10.080 3.167 0.122
418 2209 0 2209 1199.111 1188.403 10.708 3.200 0.123
419 2209 0 2209 1224.646 1212.998 11.647 3.250 0.124
420 2209 0 2209 1241.923 1229.375 12.548 3.283 0.125
421 2209 0 2209 1260.250 1247.242 13.008 3.317 0.125
422 2209 0 2209 1278.484 1265.448 13.036 3.367 0.126
423 2209 0 2209 1293.322 1280.679 12.643 3.400 0.126
424 2209 0 2209 1308.773 1298.775 9.998 3.400 0.127
425 2209 0 2209 1322.498 1308.606 13.892 3.433 0.127
426 2209 0 2209 1333.287 1324.375 8.912 3.433 0.127
427 2209 0 2209 1344.148 1333.559 10.588 3.433 0.127
428 2209 0 2209 1352.560 1341.790 10.770 3.433 0.127
429 2209 0 2209 1360.463 1352.582 7.881 3.433 0.127
430 2209 0 2209 1368.660 1361.121 7.539 3.417 0.127
431 2209 0 2209 1374.583 1366.014 8.569 3.400 0.127
432 2209 0 2209 1381.923 1373.372 8.551 3.383 0.127
433 2209 0 2209 1384.875 1377.931 6.944 3.350 0.126
434 2209 0 2209 1386.952 1378.729 8.224 3.300 0.126
435 2209 0 2209 1387.415 1380.819 6.595 3.267 0.126
436 2209 0 2209 1386.980 1381.043 5.937 3.267 0.126
437 2209 0 2209 1384.760 1380.506 4.254 3.233 0.125
438 2209 0 2209 1382.108 1379.190 2.919 3.183 0.125
439 2209 0 2209 1378.356 1378.400 0.044 3.117 0.124
440 2209 0 2209 1372.482 1371.787 0.695 3.067 0.124
441 2209 0 2209 1365.038 1371.000 5.962 3.000 0.123
442 2172 0 2172 1356.486 1363.245 6.758 3.000 0.123
443 2172 0 2172 1346.361 1355.500 9.139 2.967 0.122
444 2172 0 2172 1334.605 1342.677 8.072 2.917 0.121
445 2172 0 2172 1321.315 1329.169 7.854 2.900 0.121
446 2172 0 2172 1308.289 1318.787 10.498 2.867 0.120
447 2172 0 2172 1294.336 1305.737 11.401 2.833 0.119
448 2172 0 2172 1280.367 1288.990 8.624 2.817 0.119
449 2172 0 2172 1261.135 1274.756 13.622 2.800 0.118
450 2172 0 2172 1243.873 1255.187 11.314 2.817 0.118
451 2172 0 2172 1227.836 1239.811 11.975 2.817 0.117
452 2172 0 2172 1205.451 1220.479 15.028 2.833 0.117
453 2172 0 2172 1183.538 1195.275 11.737 2.850 0.117
454 2172 0 2172 1162.160 1175.379 13.219 2.850 0.117
455 2172 0 2172 1143.416 1156.780 13.364 2.833 0.116
456 2172 0 2172 1122.837 1134.643 11.806 2.833 0.116
457 2172 0 2172 1096.576 1109.952 13.376 2.800 0.116
458 2172 0 2172 1073.746 1086.167 12.421 2.783 0.116
459 2172 0 2172 1048.288 1058.745 10.456 2.783 0.116
460 2172 0 2172 1021.418 1029.971 8.553 2.750 0.115
461 2156 0 2156 997.184 1008.172 10.988 2.767 0.115
462 2149 0 2149 972.243 983.259 11.016 2.750 0.115
463 2149 0 2149 946.527 960.777 14.250 2.783 0.115
464 2149 0 2149 918.930 928.754 9.824 2.783 0.115
465 2149 0 2149 894.376 906.215 11.840 2.783 0.115
466 2149 0 2149 866.980 876.091 9.111 2.817 0.116
467 2149 0 2149 837.178 845.040 7.863 2.800 0.116
468 2054 0 2054 813.544 824.887 11.343 2.783 0.116
469 2054 0 2054 786.725 796.627 9.902 2.800 0.116
470 2054 0 2054 760.700 774.841 14.142 2.767 0.116
471 2054 0 2054 734.362 745.840 11.478 2.750 0.116
472 2054 0 2054 709.883 719.241 9.358 2.783 0.116
473 2054 0 2054 680.634 690.675 10.041 2.817 0.116
474 2054 0 2054 654.989 661.160 6.170 2.833 0.117
475 2054 0 2054 626.870 637.020 10.151 2.817 0.117
476 2054 0 2054 601.923 613.100 11.176 2.850 0.117
477 2054 0 2054 575.538 584.395 8.857 2.850 0.117
478 2054 0 2054 552.479 562.837 10.358 2.883 0.117
479 2021 0 2021 528.447 539.129 10.682 2.833 0.117
480 2021 0 2021 506.387 515.983 9.596 2.850 0.117
481 2021 0 2021 479.771 489.280 9.509 2.883 0.118
482 1824 0 1824 457.556 468.439 10.883 2.883 0.119
483 1824 0 1824 432.593 441.149 8.556 2.917 0.119
484 1824 0 1824 409.495 422.277 12.781 2.933 0.120
485 1789 0 1789 388.508 396.671 8.163 2.950 0.120
486 1705 0 1705 366.368 377.269 10.901 2.983 0.121
487 1705 0 1705 345.920 355.720 9.801 3.050 0.122
488 1705 0 1705 324.587 337.854 13.267 3.083 0.122
489 1680 0 1680 302.724 314.095 11.370 3.117 0.123
490 1680 0 1680 281.989 294.682 12.693 3.150 0.123
491 1680 0 1680 265.362 279.544 14.182 3.167 0.124
492 1656 0 1656 247.820 260.785 12.965 3.183 0.124
493 1656 0 1656 231.754 245.807 14.053 3.200 0.124
494 1656 0 1656 213.800 226.207 12.407 3.267 0.125
495 1656 0 1656 198.271 208.998 10.727 3.300 0.125
496 1656 0 1656 183.811 194.215 10.404 3.333 0.125
497 1656 0 1656 167.494 178.861 11.366 3.400 0.126
498 1656 0 1656 153.997 167.820 13.823 3.433 0.126
499 1449 0 1449 140.112 155.179 15.067 3.483 0.126
500 1420 0 1420 126.098 141.064 14.966 3.483 0.126
501 1420 0 1420 113.271 129.310 16.038 3.517 0.126
502 1344 0 1344 100.889 114.687 13.798 3.533 0.126
503 1123 0 1123 88.265 101.046 12.781 3.550 0.126
504 1028 0 1028 75.962 91.411 15.449 3.533 0.126
505 1028 0 1028 65.107 76.039 10.932 3.533 0.126
506 964 0 964 55.888 69.099 13.212 3.533 0.126
507 964 0 964 47.124 60.275 13.151 3.517 0.126
508 964 0 964 39.499 52.272 12.773 3.500 0.126
509 964 0 964 31.268 47.167 15.899 3.483 0.125
510 941 0 941 25.213 36.597 11.385 3.450 0.124
511 941 0 941 20.592 35.291 14.699 3.400 0.124
512 941 0 941 14.957 30.397 15.440 3.350 0.122
513 941 0 941 10.695 23.290 12.595 3.317 0.121
514 520 0 520 7.193 19.825 12.632 3.250 0.120
515 506 0 506 5.099 19.825 14.726 3.217 0.119
516 506 0 506 3.609 18.295 14.686 3.167 0.117
517 506 0 506 2.182 18.295 16.113 3.100 0.115
518 506 0 506 1.417 18.295 16.878 3.033 0.114
519 506 0 506 1.030 15.886 14.856 2.967 0.112
520 506 0 506 0.794 15.883 15.089 2.883 0.110
521 506 0 506 0.707 15.886 15.178 2.800 0.108
522 446 0 446 0.482 15.886 15.404 2.767 0.106
523 446 0 446 0.421 15.888 15.467 2.667 0.104
524 238 0 238 0.320 15.888 15.568 2.567 0.102
525 238 0 238 0.392 15.888 15.496 2.517 0.100
526 238 0 238 0.319 15.888 15.569 2.450 0.097
527 238 0 238 0.320 15.888 15.568 2.383 0.095
528 213 0 213 0.346 15.888 15.542 2.350 0.093
529 384 0 384 0.513 15.888 15.375 2.267 0.091
530 384 0 384 0.736 15.888 15.152 2.183 0.089
531 384 0 384 1.184 15.888 14.704 2.117 0.087
532 384 0 384 1.719 14.391 12.672 2.033 0.085
533 463 0 463 2.608 14.391 11.783 1.933 0.082
534 740 0 740 3.785 14.391 10.606 1.833 0.080
535 740 0 740 5.517 14.391 8.873 1.750 0.078
536 740 0 740 8.339 14.391 6.052 1.683 0.077
537 740 0 740 11.770 14.391 2.621 1.633 0.075
538 740 0 740 15.547 15.800 0.253 1.567 0.074
539 740 0 740 20.764 15.895 4.869 1.533 0.072
540 819 0 819 25.879 18.103 7.776 1.500 0.071
541 819 0 819 31.575 21.856 9.718 1.433 0.070
542 819 0 819 37.509 26.701 10.809 1.400 0.068
543 880 0 880 45.124 31.496 13.628 1.433 0.067
544 1026 0 1026 53.808 39.687 14.120 1.367 0.066
545 1026 0 1026 62.881 50.743 12.137 1.300 0.065
546 1069 0 1069 74.220 60.662 13.558 1.283 0.065
547 1069 0 1069 84.162 69.212 14.950 1.283 0.064
548 1276 0 1276 98.262 85.019 13.243 1.250 0.064
549 1276 0 1276 108.930 92.058 16.872 1.267 0.063
550 1276 0 1276 120.288 105.153 15.136 1.217 0.062
551 1356 0 1356 134.023 120.696 13.327 1.267 0.062
552 1640 0 1640 147.779 134.337 13.441 1.267 0.062
553 1640 0 1640 161.612 147.867 13.745 1.283 0.062
554 1640 0 1640 177.188 165.942 11.246 1.267 0.062
555 1640 0 1640 191.447 177.897 13.550 1.300 0.062
556 1640 0 1640 207.427 193.368 14.059 1.250 0.062
557 1640 0 1640 224.552 207.983 16.569 1.283 0.062
558 1640 0 1640 242.830 228.376 14.454 1.300 0.062
559 1640 0 1640 259.607 244.668 14.939 1.283 0.063
560 1640 0 1640 280.681 267.507 13.173 1.283 0.063
561 1640 0 1640 301.298 287.802 13.495 1.267 0.064
562 1640 0 1640 318.930 305.870 13.060 1.283 0.064
563 1674 0 1674 336.829 328.051 8.778 1.300 0.064
564 1674 0 1674 355.991 343.858 12.133 1.267 0.065
565 1818 0 1818 379.861 366.130 13.732 1.333 0.066
566 1866 0 1866 402.774 391.604 11.170 1.367 0.066
567 1866 0 1866 425.460 411.686 13.774 1.383 0.067
568 2042 0 2042 448.490 439.496 8.994 1.483 0.068
569 2042 0 2042 473.055 460.975 12.080 1.500 0.069
570 2042 0 2042 497.606 488.579 9.027 1.500 0.071
571 2042 0 2042 522.536 509.753 12.783 1.533 0.072
572 2526 0 2526 549.523 538.542 10.981 1.583 0.073
573 2526 0 2526 576.743 568.723 8.020 1.567 0.075
574 2526 0 2526 601.193 589.722 11.471 1.617 0.076
575 2526 0 2526 626.652 614.163 12.488 1.633 0.078
576 2526 0 2526 650.355 637.016 13.339 1.700 0.080
577 2526 0 2526 679.008 666.500 12.508 1.800 0.082
578 2526 0 2526 708.525 696.720 11.806 1.900 0.084
579 2526 0 2526 733.637 724.813 8.824 1.983 0.086
580 2526 0 2526 759.197 748.533 10.664 2.067 0.088
581 2526 0 2526 783.408 774.225 9.183 2.133 0.090
582 2526 0 2526 808.054 800.910 7.144 2.200 0.093
583 2526 0 2526 836.002 824.983 11.019 2.267 0.095
584 2526 0 2526 862.754 853.553 9.201 2.333 0.097
585 2526 0 2526 890.016 879.962 10.054 2.417 0.099
586 2526 0 2526 915.947 906.947 9.000 2.500 0.101
587 2526 0 2526 944.019 932.075 11.944 2.567 0.104
588 2526 0 2526 968.516 958.262 10.254 2.633 0.106
589 2526 0 2526 993.010 979.567 13.443 2.717 0.108
590 2526 0 2526 1017.412 1008.156 9.256 2.750 0.110
591 2526 0 2526 1044.654 1032.415 12.239 2.850 0.112
592 2526 0 2526 1071.064 1060.279 10.785 2.917 0.114
593 2526 0 2526 1096.762 1087.214 9.548 2.983 0.116
594 2526 0 2526 1120.395 1108.661 11.735 3.067 0.118
595 2526 0 2526 1144.831 1133.442 11.388 3.117 0.120
596 2526 0 2526 1168.483 1153.831 14.653 3.217 0.121
597 2526 0 2526 1188.665 1175.709 12.956 3.267 0.122
598 2526 0 2526 1209.063 1195.037 14.026 3.300 0.124
599 2526 0 2526 1229.210 1218.881 10.329 3.350 0.125
600 2526 0 2526 1247.704 1237.606 10.099 3.367 0.126
601 2526 0 2526 1264.672 1253.009 11.663 3.400 0.126
602 2526 0 2526 1279.610 1270.288 9.321 3.433 0.127
603 2526 0 2526 1294.350 1284.516 9.833 3.433 0.127
604 2526 0 2526 1309.021 1298.335 10.687 3.467 0.128
605 2526 0 2526 1321.691 1311.004 10.687 3.483 0.128
606 2526 0 2526 1335.029 1327.395 7.634 3.500 0.128
607 2526 0 2526 1344.940 1333.507 11.433 3.500 0.128
608 2526 0 2526 1356.886 1347.880 9.007 3.500 0.128
609 2526 0 2526 1364.231 1356.243 7.988 3.483 0.128
610 2526 0 2526 1370.938 1362.267 8.671 3.483 0.128
611 2526 0 2526 1377.299 1372.432 4.868 3.467 0.128
612 2526 0 2526 1380.330 1373.897 6.434 3.433 0.128
613 2526 0 2526 1383.496 1374.522 8.974 3.417 0.128
614 2526 0 2526 1385.554 1376.498 9.056 3.383 0.127
615 2526 0 2526 1386.349 1384.279 2.070 3.367 0.127
616 2526 0 2526 1386.070 1384.279 1.791 3.350 0.127
617 2526 0 2526 1384.793 1384.426 0.367 3.317 0.126
618 2526 0 2526 1381.816 1384.330 2.514 3.283 0.126
619 2526 0 2526 1377.680 1381.414 3.734 3.250 0.125
620 2526 0 2526 1372.225 1378.355 6.130 3.167 0.125
621 2526 0 2526 1365.548 1373.536 7.989 3.133 0.124
622 2526 0 2526 1358.354 1367.941 9.587 3.083 0.123
623 2526 0 2526 1348.951 1360.951 12.000 3.067 0.123
624 2526 0 2526 1337.528 1347.163 9.635 3.017 0.123
625 2526 0 2526 1327.362 1335.839 8.478 2.983 0.122
626 2526 0 2526 1314.630 1322.857 8.227 2.950 0.121
627 2526 0 2526 1299.671 1311.883 12.212 2.950 0.120
628 2526 0 2526 1284.493 1297.456 12.963 2.917 0.120
629 2526 0 2526 1267.825 1280.783 12.958 2.883 0.119
630 2526 0 2526 1253.281 1265.907 12.626 2.850 0.118
631 2526 0 2526 1232.879 1244.285 11.405 2.867 0.118
632 2283 0 2283 1214.043 1226.307 12.264 2.817 0.117
633 2283 0 2283 1194.904 1209.840 14.937 2.800 0.117
634 2283 0 2283 1173.833 1185.571 11.738 2.800 0.116
635 2283 0 2283 1150.780 1164.030 13.250 2.800 0.116
636 2283 0 2283 1129.089 1140.767 11.679 2.783 0.116
637 2283 0 2283 1103.894 1117.321 13.427 2.783 0.116
638 2283 0 2283 1079.838 1091.452 11.614 2.767 0.115
639 2283 0 2283 1051.809 1062.292 10.483 2.767 0.115
640 2283 0 2283 1025.601 1035.894 10.293 2.817 0.115
641 2283 0 2283 1000.748 1009.684 8.936 2.850 0.115
642 2283 0 2283 975.162 983.860 8.698 2.833 0.115
643 2283 0 2283 949.767 961.746 11.979 2.867 0.115
644 2283 0 2283 924.165 936.312 12.147 2.833 0.114
645 2283 0 2283 895.633 907.727 12.094 2.800 0.114
646 2283 0 2283 866.224 873.917 7.694 2.767 0.115
647 2283 0 2283 840.841 850.659 9.817 2.767 0.114
648 2283 0 2283 813.953 822.702 8.749 2.817 0.115
649 2283 0 2283 789.604 800.638 11.035 2.733 0.114
650 2131 0 2131 764.066 772.187 8.121 2.750 0.115
651 2131 0 2131 736.828 743.131 6.303 2.750 0.115
652 2131 0 2131 706.985 718.316 11.330 2.750 0.115
653 2131 0 2131 680.393 692.551 12.158 2.783 0.115
654 2131 0 2131 655.598 668.685 13.087 2.767 0.115
655 2131 0 2131 626.534 636.395 9.861 2.800 0.115
656 2131 0 2131 602.524 615.007 12.483 2.767 0.115
657 2131 0 2131 577.727 586.105 8.378 2.800 0.116
658 2131 0 2131 552.888 567.612 14.725 2.800 0.116
659 2131 0 2131 530.637 542.639 12.002 2.817 0.116
660 1819 0 1819 505.796 514.735 8.939 2.850 0.116
661 1819 0 1819 483.826 494.961 11.135 2.867 0.117
662 1819 0 1819 458.699 467.389 8.691 2.900 0.117
663 1769 0 1769 436.987 447.499 10.511 2.967 0.118
664 1700 0 1700 412.652 424.947 12.296 2.983 0.119
665 1696 0 1696 385.214 395.307 10.093 3.017 0.120
666 1696 0 1696 363.359 376.845 13.487 3.050 0.120
667 1696 0 1696 341.119 349.320 8.201 3.083 0.121
668 1696 0 1696 319.703 331.582 11.879 3.150 0.121
669 1696 0 1696 297.072 310.480 13.408 3.200 0.122
670 1696 0 1696 279.078 291.846 12.768 3.233 0.123
671 1696 0 1696 261.417 272.515 11.097 3.233 0.123
672 1696 0 1696 241.842 253.668 11.826 3.267 0.124
673 1539 0 1539 223.961 236.707 12.746 3.283 0.124
674 1539 0 1539 206.583 219.120 12.537 3.300 0.124
675 1539 0 1539 190.054 200.963 10.909 3.367 0.125
676 1539 0 1539 174.895 186.839 11.944 3.400 0.125
677 1539 0 1539 159.804 173.634 13.829 3.433 0.125
678 1539 0 1539 145.533 157.192 11.659 3.467 0.125
679 1539 0 1539 131.601 143.675 12.074 3.467 0.126
680 1478 0 1478 117.845 129.256 11.411 3.500 0.126
681 1478 0 1478 105.565 115.450 9.886 3.517 0.126
682 1478 0 1478 94.583 108.314 13.731 3.533 0.126
683 1301 0 1301 82.585 96.496 13.911 3.567 0.126
684 1032 0 1032 72.100 83.579 11.479 3.567 0.126
685 1032 0 1032 63.079 78.116 15.037 3.550 0.126
686 1032 0 1032 53.771 65.530 11.759 3.550 0.125
687 1032 0 1032 44.914 55.287 10.373 3.533 0.125
688 1032 0 1032 37.172 49.726 12.554 3.517 0.125
689 758 0 758 29.452 42.267 12.815 3.500 0.124
690 758 0 758 24.136 36.701 12.565 3.483 0.124
691 758 0 758 18.257 32.179 13.922 3.417 0.123
692 758 0 758 14.103 26.584 12.481 3.400 0.122
693 758 0 758 10.839 24.350 13.511 3.350 0.121
694 680 0 680 7.745 22.267 14.522 3.300 0.119
695 476 0 476 4.827 20.154 15.327 3.233 0.118
696 476 0 476 3.354 19.297 15.943 3.167 0.116
697 476 0 476 2.363 19.297 16.934 3.067 0.115
698 392 0 392 1.522 15.323 13.801 3.017 0.113
699 360 0 360 0.986 15.268 14.282 2.900 0.111
700 360 0 360 0.628 13.734 13.106 2.833 0.109
701 267 0 267 0.471 13.734 13.263 2.783 0.107
702 267 0 267 0.342 11.552 11.211 2.683 0.105
703 267 0 267 0.329 11.548 11.219 2.633 0.103
704 267 0 267 0.298 11.548 11.250 2.583 0.101
705 267 0 267 0.277 11.547 11.270 2.517 0.099
706 267 0 267 0.274 11.547 11.273 2.400 0.096
707 267 0 267 0.319 11.547 11.227 2.383 0.094
708 328 0 328 0.436 11.548 11.112 2.300 0.092
709 328 0 328 0.674 11.548 10.874 2.200 0.090
710 392 0 392 1.022 11.548 10.527 2.150 0.088
711 392 0 392 1.373 11.548 10.175 2.050 0.086
712 392 0 392 2.010 11.550 9.540 1.983 0.084
713 418 0 418 2.980 11.550 8.570 1.883 0.082
714 635 0 635 4.133 11.550 7.418 1.817 0.080
715 635 0 635 5.995 11.550 5.555 1.733 0.078
716 635 0 635 8.656 11.550 2.894 1.667 0.076
717 644 0 644 12.078 11.550 0.527 1.583 0.074
718 644 0 644 15.444 11.550 3.893 1.533 0.073
719 817 0 817 21.247 12.494 8.753 1.467 0.072
720 817 0 817 26.799 16.487 10.312 1.417 0.071
721 1078 0 1078 33.125 22.403 10.723 1.383 0.070
722 1078 0 1078 39.165 24.525 14.640 1.317 0.068
723 1078 0 1078 47.061 34.923 12.138 1.250 0.068
724 1078 0 1078 53.831 40.083 13.748 1.217 0.066
725 1078 0 1078 62.545 45.311 17.234 1.167 0.065
726 1078 0 1078 72.298 59.904 12.395 1.133 0.064
727 1184 0 1184 83.638 71.004 12.634 1.083 0.064
728 1184 0 1184 94.002 76.986 17.016 1.033 0.063
729 1184 0 1184 105.410 90.384 15.026 1.000 0.062
730 1268 0 1268 118.918 105.229 13.689 0.983 0.062
731 1268 0 1268 132.296 120.668 11.628 1.000 0.061
732 1268 0 1268 147.743 130.988 16.755 0.983 0.061
733 1401 0 1401 160.611 144.977 15.634 1.017 0.061
734 1401 0 1401 176.060 160.670 15.390 1.033 0.061
735 1401 0 1401 192.471 180.556 11.914 1.017 0.061
736 1528 0 1528 209.145 195.838 13.307 1.067 0.061
737 1528 0 1528 225.384 212.577 12.807 1.067 0.061
738 1528 0 1528 242.131 227.436 14.695 1.067 0.061
739 1604 0 1604 261.260 250.411 10.850 1.117 0.062
740 1645 0 1645 280.428 266.896 13.532 1.133 0.062
741 1645 0 1645 301.481 292.353 9.129 1.133 0.063
742 1684 0 1684 319.726 305.760 13.966 1.133 0.063
743 1762 0 1762 341.616 328.652 12.964 1.150 0.064
744 1812 0 1812 359.916 344.234 15.683 1.183 0.064
745 1812 0 1812 381.643 370.310 11.332 1.217 0.065
746 1822 0 1822 403.591 393.172 10.419 1.283 0.066
747 1822 0 1822 425.811 411.246 14.565 1.300 0.067
748 2091 0 2091 450.292 441.182 9.110 1.350 0.068
749 2091 0 2091 472.371 460.113 12.258 1.450 0.069
750 2171 0 2171 496.741 486.516 10.226 1.517 0.071
751 2171 0 2171 518.740 503.431 15.310 1.567 0.071
752 2171 0 2171 544.597 533.377 11.220 1.617 0.073
753 2171 0 2171 567.794 557.753 10.040 1.683 0.075
754 2171 0 2171 589.951 580.624 9.326 1.733 0.076
755 2171 0 2171 617.622 606.700 10.922 1.800 0.078
756 2171 0 2171 643.062 630.184 12.878 1.883 0.080
757 2171 0 2171 671.203 659.636 11.567 1.967 0.082
758 2171 0 2171 694.735 683.408 11.327 2.050 0.083
759 2171 0 2171 720.563 711.279 9.283 2.117 0.085
760 2171 0 2171 749.382 739.464 9.918 2.183 0.088
761 2171 0 2171 775.665 763.116 12.549 2.250 0.090
762 2171 0 2171 801.317 790.504 10.813 2.300 0.092
763 2171 0 2171 829.569 818.084 11.485 2.367 0.094
764 2293 0 2293 855.114 842.419 12.695 2.467 0.096
765 2293 0 2293 881.794 869.076 12.718 2.550 0.099
766 2293 0 2293 912.595 902.725 9.871 2.617 0.101
767 2293 0 2293 938.512 927.754 10.758 2.717 0.103
768 2293 0 2293 964.618 950.581 14.036 2.817 0.105
769 2293 0 2293 992.616 982.197 10.419 2.917 0.108
770 2293 0 2293 1022.140 1013.640 8.500 2.967 0.110
771 2293 0 2293 1047.419 1034.773 12.647 3.033 0.112
772 2293 0 2293 1072.467 1062.163 10.304 3.117 0.114
773 2293 0 2293 1098.106 1091.697 6.409 3.167 0.116
774 2293 0 2293 1122.926 1111.674 11.252 3.233 0.118
775 2293 0 2293 1146.641 1132.778 13.863 3.300 0.119
776 2293 0 2293 1170.820 1158.257 12.563 3.367 0.121
777 2293 0 2293 1192.284 1181.813 10.471 3.400 0.122
778 2293 0 2293 1210.909 1196.551 14.358 3.450 0.123
779 2293 0 2293 1232.717 1218.840 13.877 3.500 0.124
780 2293 0 2293 1251.707 1241.848 9.860 3.533 0.125
781 2293 0 2293 1269.938 1255.116 14.822 3.550 0.126
782 2293 0 2293 1283.819 1270.552 13.267 3.567 0.127
783 2293 0 2293 1300.154 1287.056 13.098 3.583 0.127
784 2293 0 2293 1311.651 1299.460 12.191 3.583 0.127
785 2293 0 2293 1324.493 1313.073 11.421 3.600 0.128
786 2293 0 2293 1335.974 1326.663 9.311 3.600 0.128
787 2293 0 2293 1347.191 1338.979 8.212 3.617 0.128
788 2293 0 2293 1355.043 1343.521 11.522 3.600 0.128
789 2293 0 2293 1361.061 1353.668 7.393 3.583 0.128
790 2293 0 2293 1368.382 1358.052 10.330 3.567 0.128
791 2293 0 2293 1374.331 1367.052 7.280 3.533 0.128
792 2293 0 2293 1380.694 1371.653 9.041 3.517 0.128
793 2293 0 2293 1382.862 1371.653 11.208 3.450 0.127
794 2293 0 2293 1385.706 1381.351 4.356 3.417 0.127
795 2293 0 2293 1387.878 1382.624 5.254 3.367 0.127
796 2293 0 2293 1388.524 1383.392 5.133 3.283 0.126
797 2293 0 2293 1386.463 1383.392 3.071 3.233 0.126
798 2293 0 2293 1383.315 1383.392 0.077 3.200 0.125
799 2293 0 2293 1380.230 1383.392 3.162 3.133 0.125
800 2293 0 2293 1374.289 1380.328 6.039 3.083 0.124
801 2293 0 2293 1369.130 1375.925 6.795 3.083 0.124
802 2293 0 2293 1360.694 1364.650 3.957 3.067 0.123
803 2293 0 2293 1350.422 1356.983 6.561 3.033 0.123
804 2293 0 2293 1343.571 1354.717 11.146 3.000 0.122
805 2293 0 2293 1333.901 1343.645 9.745 2.983 0.121
806 2293 0 2293 1319.839 1328.438 8.599 2.950 0.120
807 2293 0 2293 1302.974 1312.673 9.699 2.933 0.120
808 2293 0 2293 1287.269 1298.197 10.929 2.917 0.119
809 2293 0 2293 1272.346 1285.840 13.494 2.867 0.118
810 2293 0 2293 1253.800 1265.202 11.402 2.833 0.118
811 2293 0 2293 1237.127 1247.561 10.434 2.817 0.117
812 2293 0 2293 1217.915 1231.665 13.750 2.800 0.117
813 2293 0 2293 1200.246 1214.963 14.717 2.800 0.116
814 2293 0 2293 1179.435 1192.917 13.483 2.800 0.116
815 2293 0 2293 1156.952 1168.851 11.900 2.800 0.116
816 2293 0 2293 1133.429 1143.745 10.316 2.767 0.115
817 2293 0 2293 1105.944 1118.798 12.855 2.750 0.115
818 2293 0 2293 1081.180 1093.715 12.535 2.717 0.115
819 2293 0 2293 1052.393 1061.537 9.144 2.717 0.115
820 2293 0 2293 1021.857 1030.149 8.291 2.700 0.115
821 2293 0 2293 994.111 1003.994 9.884 2.733 0.115
822 2293 0 2293 969.109 981.639 12.530 2.750 0.115
823 2293 0 2293 940.055 949.397 9.342 2.750 0.115
824 2136 0 2136 912.445 920.353 7.907 2.750 0.115
825 2136 0 2136 886.984 898.298 11.315 2.733 0.115
826 2136 0 2136 855.458 867.978 12.520 2.750 0.115
827 2136 0 2136 830.218 841.443 11.225 2.750 0.115
828 2136 0 2136 803.496 815.018 11.523 2.783 0.115
829 2136 0 2136 774.581 786.306 11.725 2.767 0.115
830 2136 0 2136 748.039 757.759 9.719 2.833 0.115
831 2136 0 2136 721.601 728.155 6.553 2.800 0.115
832 2136 0 2136 695.026 706.697 11.670 2.833 0.116
833 2136 0 2136 669.474 679.358 9.884 2.800 0.116
834 2061 0 2061 643.551 653.130 9.579 2.867 0.116
835 2061 0 2061 617.721 628.649 10.928 2.883 0.116
836 1847 0 1847 590.789 603.273 12.484 2.833 0.116
837 1847 0 1847 564.809 578.893 14.084 2.817 0.116
838 1847 0 1847 540.712 553.177 12.465 2.833 0.117
839 1847 0 1847 519.436 527.205 7.769 2.817 0.117
840 1802 0 1802 496.271 507.576 11.305 2.800 0.117
841 1763 0 1763 473.588 484.713 11.124 2.800 0.117
842 1763 0 1763 450.958 462.117 11.159 2.833 0.118
843 1761 0 1761 427.307 438.010 10.704 2.817 0.119
844 1761 0 1761 404.975 416.909 11.935 2.800 0.120
845 1761 0 1761 383.364 392.270 8.906 2.817 0.120
846 1761 0 1761 357.940 367.554 9.614 2.850 0.121
847 1761 0 1761 335.756 345.745 9.989 2.883 0.122
848 1761 0 1761 313.255 325.027 11.772 2.950 0.123
849 1761 0 1761 290.408 300.414 10.006 2.983 0.123
850 1761 0 1761 272.247 283.412 11.165 3.017 0.124
851 1524 0 1524 252.702 265.777 13.075 3.050 0.124
852 1524 0 1524 235.273 247.034 11.761 3.100 0.125
853 1524 0 1524 218.581 231.109 12.529 3.133 0.125
854 1501 0 1501 201.134 213.134 12.000 3.150 0.125
855 1501 0 1501 186.671 199.573 12.903 3.200 0.126
856 1414 0 1414 172.527 181.383 8.856 3.233 0.126
857 1414 0 1414 157.372 173.080 15.708 3.283 0.126
858 1186 0 1186 143.008 156.324 13.316 3.317 0.126
859 1174 0 1174 130.150 142.896 12.746 3.333 0.126
860 1174 0 1174 116.705 128.354 11.649 3.367 0.126
861 1059 0 1059 105.489 118.589 13.100 3.367 0.126
862 1026 0 1026 92.856 108.126 15.270 3.367 0.126
863 1026 0 1026 81.107 95.701 14.594 3.367 0.126
864 1026 0 1026 73.906 86.706 12.800 3.383 0.127
865 997 0 997 65.614 81.532 15.917 3.367 0.126
866 997 0 997 56.144 68.723 12.579 3.350 0.126
867 864 0 864 46.022 63.300 17.278 3.333 0.126
868 864 0 864 37.988 50.346 12.359 3.317 0.126
869 864 0 864 31.368 43.058 11.690 3.283 0.125
870 774 0 774 24.607 38.503 13.896 3.267 0.125
871 749 0 749 19.520 35.882 16.363 3.233 0.124
872 749 0 749 15.010 27.593 12.583 3.183 0.123
873 749 0 749 11.386 26.028 14.642 3.133 0.122
874 749 0 749 8.176 23.466 15.291 3.083 0.121
875 749 0 749 5.663 19.683 14.020 3.017 0.119
876 749 0 749 3.627 18.794 15.168 2.967 0.118
877 749 0 749 2.395 18.794 16.400 2.900 0.116
878 693 0 693 1.561 18.246 16.685 2.867 0.114
879 400 0 400 0.963 14.344 13.381 2.800 0.112
880 400 0 400 0.669 14.346 13.677 2.750 0.110
881 361 0 361 0.392 14.344 13.952 2.650 0.107
882 361 0 361 0.279 14.344 14.065 2.617 0.105
883 361 0 361 0.201 14.344 14.143 2.550 0.103
884 202 0 202 0.141 14.344 14.202 2.450 0.101
885 184 0 184 0.135 14.344 14.209 2.383 0.099
886 184 0 184 0.142 14.346 14.204 2.333 0.097
887 195 0 195 0.224 14.358 14.134 2.250 0.094
888 430 0 430 0.406 14.358 13.952 2.150 0.092
889 430 0 430 0.656 14.358 13.702 2.050 0.090
890 430 0 430 0.893 14.361 13.468 1.983 0.088
891 683 0 683 1.343 14.361 13.018 1.933 0.085
892 683 0 683 2.010 14.362 12.352 1.867 0.083
893 683 0 683 2.844 14.362 11.519 1.800 0.081
894 683 0 683 4.517 14.362 9.845 1.717 0.079
895 683 0 683 6.399 14.362 7.963 1.650 0.078
896 683 0 683 9.321 14.371 5.050 1.600 0.076
897 699 0 699 13.220 14.371 1.151 1.550 0.074
898 699 0 699 17.054 14.371 2.683 1.467 0.073
899 798 0 798 22.560 16.285 6.275 1.467 0.072
900 798 0 798 28.785 18.422 10.363 1.450 0.071
901 798 0 798 35.434 20.260 15.173 1.383 0.070
902 798 0 798 41.140 27.073 14.067 1.333 0.068
903 832 0 832 49.592 34.820 14.773 1.300 0.068
904 842 0 842 57.643 46.371 11.272 1.267 0.067
905 903 0 903 66.014 51.901 14.113 1.267 0.066
906 1015 0 1015 75.050 62.683 12.367 1.217 0.064
907 1015 0 1015 86.884 74.089 12.795 1.167 0.064
908 1042 0 1042 99.535 83.167 16.367 1.133 0.063
909 1179 0 1179 111.195 97.669 13.526 1.133 0.062
910 1179 0 1179 123.505 111.728 11.776 1.100 0.062
911 1240 0 1240 135.767 119.581 16.186 1.100 0.061
912 1369 0 1369 149.363 134.344 15.019 1.117 0.061
913 1474 0 1474 165.470 151.816 13.654 1.117 0.061
914 1474 0 1474 180.894 167.045 13.849 1.117 0.061
915 1474 0 1474 195.019 184.973 10.046 1.117 0.061
916 1474 0 1474 212.989 201.092 11.897 1.133 0.061
917 1503 0 1503 228.759 216.326 12.433 1.133 0.061
918 1849 0 1849 249.914 238.733 11.180 1.150 0.062
919 1849 0 1849 266.757 256.725 10.032 1.150 0.062
920 1849 0 1849 285.070 272.801 12.270 1.150 0.062
921 1849 0 1849 305.156 293.595 11.561 1.200 0.063
922 1849 0 1849 326.798 316.655 10.143 1.233 0.064
923 1849 0 1849 347.043 335.227 11.816 1.233 0.064
924 1849 0 1849 370.225 357.468 12.757 1.267 0.065
925 1849 0 1849 391.648 381.808 9.840 1.317 0.066
926 1849 0 1849 410.927 398.297 12.630 1.317 0.067
927 1849 0 1849 430.967 418.236 12.731 1.367 0.068
928 1869 0 1869 456.743 446.955 9.788 1.367 0.069
929 1869 0 1869 476.723 467.823 8.900 1.383 0.070
930 1869 0 1869 499.147 488.775 10.372 1.483 0.071
931 1869 0 1869 523.586 509.895 13.692 1.533 0.072
932 1869 0 1869 549.384 537.326 12.057 1.633 0.074
933 1869 0 1869 575.035 564.424 10.612 1.667 0.075
934 1950 0 1950 600.573 589.911 10.662 1.750 0.077
935 1950 0 1950 623.619 611.854 11.764 1.800 0.078
936 1950 0 1950 650.804 638.692 12.112 1.900 0.080
937 2017 0 2017 675.879 663.347 12.532 1.933 0.082
938 2017 0 2017 701.060 692.552 8.507 1.983 0.084
939 2224 0 2224 725.005 715.388 9.617 2.050 0.086
940 2224 0 2224 749.068 741.370 7.698 2.117 0.088
941 2224 0 2224 773.095 765.272 7.823 2.183 0.090
942 2386 0 2386 803.756 795.427 8.329 2.250 0.092
943 2462 0 2462 829.103 816.150 12.954 2.283 0.094
944 2462 0 2462 857.567 847.735 9.832 2.350 0.097
945 2462 0 2462 884.708 875.311 9.397 2.417 0.099
946 2462 0 2462 909.238 896.433 12.805 2.483 0.101
947 2462 0 2462 937.636 929.318 8.318 2.567 0.103
948 2462 0 2462 963.466 953.842 9.624 2.667 0.105
949 2462 0 2462 987.799 976.875 10.924 2.717 0.107
950 2462 0 2462 1014.552 1003.407 11.145 2.800 0.109
951 2462 0 2462 1038.030 1029.114 8.916 2.850 0.111
952 2462 0 2462 1065.560 1057.416 8.144 2.950 0.114
953 2462 0 2462 1090.133 1078.106 12.027 3.033 0.116
954 2462 0 2462 1115.696 1104.256 11.440 3.117 0.118
955 2462 0 2462 1139.656 1131.357 8.299 3.167 0.119
956 2462 0 2462 1164.226 1153.104 11.122 3.233 0.121
957 2462 0 2462 1188.958 1177.257 11.701 3.300 0.122
958 2462 0 2462 1208.861 1197.813 11.047 3.333 0.124
959 2462 0 2462 1231.179 1220.888 10.291 3.400 0.125
960 2462 0 2462 1250.973 1240.254 10.719 3.417 0.126
961 2462 0 2462 1268.605 1255.606 12.999 3.467 0.126
962 2462 0 2462 1282.737 1268.771 13.965 3.483 0.127
963 2462 0 2462 1298.781 1289.423 9.358 3.500 0.127
964 2462 0 2462 1312.522 1299.654 12.868 3.533 0.127
965 2462 0 2462 1324.174 1314.195 9.979 3.533 0.128
966 2462 0 2462 1334.042 1323.205 10.837 3.517 0.128
967 2462 0 2462 1346.691 1337.605 9.085 3.533 0.128
968 2462 0 2462 1357.623 1345.342 12.281 3.533 0.128
969 2462 0 2462 1365.054 1356.182 8.872 3.517 0.128
970 2462 0 2462 1371.932 1361.428 10.504 3.517 0.128
971 2462 0 2462 1375.443 1368.717 6.726 3.483 0.128
972 2462 0 2462 1379.596 1372.274 7.322 3.450 0.128
973 2462 0 2462 1383.970 1374.352 9.618 3.433 0.127
974 2462 0 2462 1385.975 1382.294 3.681 3.400 0.127
975 2462 0 2462 1385.404 1382.294 3.109 3.350 0.127
976 2462 0 2462 1386.056 1382.294 3.762 3.300 0.127
977 2462 0 2462 1381.838 1380.634 1.204 3.267 0.127
978 2462 0 2462 1380.032 1380.696 0.663 3.217 0.126
979 2462 0 2462 1373.951 1379.628 5.677 3.200 0.125
980 2462 0 2462 1369.586 1373.436 3.850 3.183 0.125
981 2462 0 2462 1362.778 1370.415 7.637 3.117 0.124
982 2462 0 2462 1356.368 1361.855 5.487 3.067 0.123
983 2462 0 2462 1347.454 1358.637 11.183 3.050 0.123
984 2462 0 2462 1336.758 1347.379 10.622 3.000 0.122
985 2462 0 2462 1324.634 1333.200 8.567 2.967 0.121
986 2462 0 2462 1313.054 1324.383 11.329 2.983 0.121
987 2462 0 2462 1296.964 1308.253 11.289 2.967 0.120
988 2462 0 2462 1281.621 1294.121 12.500 2.967 0.119
989 2462 0 2462 1264.674 1278.153 13.478 2.967 0.119
990 2462 0 2462 1250.006 1263.648 13.642 2.883 0.118
991 2462 0 2462 1233.753 1243.410 9.657 2.850 0.118
992 2462 0 2462 1216.258 1230.446 14.188 2.817 0.117
993 2462 0 2462 1196.207 1206.453 10.246 2.800 0.117
994 2462 0 2462 1175.178 1190.168 14.991 2.733 0.116
995 2462 0 2462 1152.677 1164.702 12.025 2.733 0.116
996 2462 0 2462 1126.434 1140.756 14.322 2.717 0.116
997 2462 0 2462 1101.897 1113.140 11.243 2.733 0.116
998 2462 0 2462 1074.506 1089.291 14.785 2.733 0.116
999 2462 0 2462 1053.723 1066.453 12.731 2.717 0.116
1000 2462 0 2462 1029.882 1036.785 6.904 2.700 0.116
1001 2462 0 2462 1006.957 1019.524 12.567 2.667 0.116
1002 2462 0 2462 981.694 992.288 10.593 2.667 0.115
1003 2260 0 2260 954.509 965.507 10.998 2.733 0.115
1004 2260 0 2260 925.901 935.505 9.604 2.750 0.115
1005 2260 0 2260 897.900 907.911 10.010 2.767 0.115
1006 2260 0 2260 872.563 882.992 10.430 2.750 0.115
1007 2260 0 2260 843.919 853.444 9.525 2.783 0.116
1008 2260 0 2260 813.408 821.942 8.534 2.767 0.116
1009 2110 0 2110 790.231 802.233 12.002 2.783 0.116
1010 2110 0 2110 763.487 774.413 10.926 2.767 0.116
1011 2110 0 2110 737.545 749.301 11.756 2.783 0.116
1012 2110 0 2110 709.600 722.119 12.518 2.767 0.116
1013 2110 0 2110 682.176 694.352 12.176 2.767 0.116
1014 2110 0 2110 657.364 663.266 5.902 2.750 0.116
1015 2110 0 2110 631.251 637.637 6.386 2.767 0.117
1016 2054 0 2054 604.906 614.491 9.586 2.783 0.117
1017 2054 0 2054 577.461 587.949 10.488 2.783 0.117
1018 2054 0 2054 553.167 563.962 10.795 2.817 0.117
1019 2029 0 2029 526.508 538.138 11.630 2.767 0.117
1020 1857 0 1857 503.305 516.644 13.340 2.767 0.118
1021 1857 0 1857 480.453 490.413 9.960 2.767 0.118
1022 1843 0 1843 458.976 467.107 8.131 2.783 0.119
1023 1721 0 1721 437.755 449.180 11.425 2.783 0.119
1024 1721 0 1721 414.288 426.754 12.465 2.817 0.120
1025 1681 0 1681 391.738 407.476 15.739 2.800 0.120
1026 1681 0 1681 367.729 381.672 13.943 2.900 0.121
1027 1681 0 1681 347.477 359.252 11.775 2.900 0.122
1028 1681 0 1681 329.132 340.065 10.932 2.900 0.122
1029 1681 0 1681 308.541 318.030 9.488 2.933 0.123
1030 1681 0 1681 288.424 300.831 12.407 2.967 0.124
1031 1681 0 1681 265.550 281.080 15.530 3.017 0.124
1032 1681 0 1681 247.180 258.244 11.064 3.050 0.125
1033 1681 0 1681 229.201 241.549 12.348 3.067 0.125
1034 1681 0 1681 211.126 223.948 12.821 3.117 0.126
1035 1681 0 1681 193.476 209.143 15.667 3.167 0.126
1036 1540 0 1540 176.633 190.121 13.488 3.217 0.126
1037 1396 0 1396 158.689 171.922 13.233 3.267 0.127
1038 1396 0 1396 144.781 158.979 14.198 3.300 0.127
1039 1396 0 1396 129.199 143.690 14.491 3.333 0.127
1040 1195 0 1195 116.394 125.388 8.994 3.333 0.127
1041 1195 0 1195 104.135 117.653 13.517 3.350 0.127
1042 1195 0 1195 93.912 105.466 11.554 3.367 0.127
1043 1195 0 1195 83.143 96.052 12.909 3.367 0.128
1044 1195 0 1195 73.024 89.115 16.091 3.367 0.127
1045 1195 0 1195 62.600 76.506 13.906 3.383 0.127
1046 1195 0 1195 53.900 65.659 11.759 3.350 0.127
1047 1180 0 1180 44.491 57.154 12.663 3.333 0.127
1048 1180 0 1180 36.833 50.044 13.212 3.317 0.127
1049 1180 0 1180 29.431 44.189 14.757 3.300 0.126
1050 1180 0 1180 24.071 38.085 14.014 3.267 0.126
1051 1180 0 1180 19.560 32.042 12.482 3.250 0.125
1052 840 0 840 15.024 27.157 12.133 3.200 0.124
1053 762 0 762 11.133 26.490 15.358 3.183 0.123
1054 762 0 762 8.156 19.345 11.189 3.150 0.122
1055 520 0 520 5.505 19.345 13.840 3.083 0.120
1056 520 0 520 3.720 18.120 14.400 3.000 0.118
1057 520 0 520 2.686 18.120 15.433 2.950 0.117
1058 449 0 449 1.702 18.120 16.418 2.883 0.115
1059 449 0 449 1.344 18.120 16.776 2.833 0.113
1060 449 0 449 0.871 18.120 17.249 2.783 0.111
1061 449 0 449 0.612 18.129 17.516 2.750 0.109
1062 449 0 449 0.533 18.126 17.593 2.683 0.107
1063 449 0 449 0.457 18.126 17.669 2.583 0.105
1064 449 0 449 0.397 18.126 17.729 2.500 0.103
1065 449 0 449 0.295 18.132 17.836 2.417 0.101
1066 449 0 449 0.263 18.132 17.869 2.367 0.099
1067 516 0 516 0.405 18.132 17.726 2.250 0.096
1068 516 0 516 0.513 15.850 15.337 2.167 0.094
1069 516 0 516 0.672 15.853 15.181 2.100 0.092
1070 551 0 551 0.891 15.160 14.269 2.050 0.089
1071 551 0 551 1.316 15.160 13.845 1.983 0.087
1072 551 0 551 1.932 15.160 13.228 1.900 0.085
1073 551 0 551 2.886 15.165 12.279 1.817 0.083
1074 643 0 643 3.933 15.165 11.232 1.750 0.081
1075 643 0 643 5.487 15.169 9.682 1.683 0.079
1076 643 0 643 8.309 15.169 6.860 1.600 0.077
1077 643 0 643 11.525 15.815 4.290 1.550 0.075
1078 760 0 760 15.511 15.849 0.338 1.483 0.074
1079 760 0 760 19.859 16.518 3.341 1.450 0.072
1080 840 0 840 25.215 18.646 6.569 1.400 0.071
1081 968 0 968 31.149 21.690 9.459 1.367 0.070
1082 1011 0 1011 37.771 26.241 11.530 1.333 0.069
1083 1011 0 1011 45.507 33.100 12.408 1.300 0.068
1084 1011 0 1011 53.264 39.584 13.680 1.250 0.067
1085 1041 0 1041 61.947 47.874 14.073 1.233 0.066
1086 1069 0 1069 72.328 60.977 11.351 1.167 0.065
1087 1133 0 1133 82.681 68.292 14.389 1.150 0.064
1088 1321 0 1321 93.241 77.215 16.026 1.117 0.064
1089 1321 0 1321 103.278 89.048 14.230 1.083 0.063
1090 1321 0 1321 115.522 100.923 14.599 1.100 0.062
1091 1321 0 1321 128.011 117.678 10.333 1.067 0.062
1092 1352 0 1352 141.962 125.124 16.838 1.033 0.061
1093 1352 0 1352 154.767 140.410 14.357 1.067 0.061
1094 1352 0 1352 170.638 154.914 15.724 1.033 0.061
1095 1352 0 1352 187.590 173.484 14.106 1.033 0.061
1096 1363 0 1363 203.983 190.325 13.659 1.050 0.061
1097 1363 0 1363 219.611 204.727 14.884 0.983 0.061
1098 1370 0 1370 237.965 221.874 16.091 1.000 0.061
1099 1480 0 1480 255.945 240.885 15.060 1.017 0.061
1100 1480 0 1480 275.110 263.583 11.527 1.067 0.062
1101 1621 0 1621 293.911 283.721 10.190 1.100 0.062
1102 1621 0 1621 314.247 298.988 15.259 1.150 0.063
1103 1621 0 1621 332.939 317.812 15.127 1.183 0.063
1104 1709 0 1709 353.497 343.786 9.711 1.217 0.064
1105 1904 0 1904 376.071 365.658 10.413 1.250 0.065
1106 1904 0 1904 400.972 391.115 9.857 1.333 0.066
1107 2021 0 2021 423.681 411.638 12.043 1.333 0.067
1108 2021 0 2021 447.771 436.577 11.194 1.400 0.068
1109 2021 0 2021 470.917 460.794 10.123 1.450 0.069
1110 2021 0 2021 495.209 482.514 12.695 1.417 0.070
1111 2021 0 2021 516.624 508.473 8.151 1.417 0.072
1112 2021 0 2021 543.095 531.807 11.287 1.483 0.073
1113 2021 0 2021 567.425 556.572 10.853 1.517 0.075
1114 2021 0 2021 594.146 583.727 10.419 1.583 0.077
1115 2021 0 2021 620.954 611.690 9.264 1.633 0.078
1116 2093 0 2093 645.246 636.913 8.333 1.700 0.080
1117 2125 0 2125 672.163 662.122 10.041 1.767 0.082
1118 2125 0 2125 699.533 686.147 13.386 1.833 0.084
1119 2161 0 2161 726.972 714.102 12.870 1.900 0.087
1120 2161 0 2161 752.893 743.239 9.655 2.000 0.089
1121 2161 0 2161 781.355 771.640 9.715 2.083 0.091
1122 2161 0 2161 807.225 793.984 13.241 2.150 0.093
1123 2161 0 2161 834.503 820.976 13.527 2.250 0.095
1124 2161 0 2161 858.737 848.128 10.609 2.300 0.097
1125 2161 0 2161 887.194 879.573 7.620 2.400 0.100
1126 2161 0 2161 914.966 902.922 12.044 2.483 0.102
1127 2161 0 2161 942.028 934.845 7.183 2.550 0.104
1128 2161 0 2161 968.163 960.242 7.920 2.600 0.106
1129 2249 0 2249 994.328 982.669 11.658 2.667 0.108
1130 2249 0 2249 1020.619 1011.670 8.949 2.733 0.110
1131 2249 0 2249 1047.229 1034.650 12.579 2.817 0.112
1132 2249 0 2249 1073.508 1063.233 10.275 2.900 0.114
1133 2249 0 2249 1101.258 1089.648 11.610 2.967 0.116
1134 2249 0 2249 1124.509 1113.939 10.570 3.017 0.118
1135 2249 0 2249 1147.308 1138.347 8.961 3.083 0.120
1136 2249 0 2249 1170.196 1158.868 11.328 3.167 0.122
1137 2249 0 2249 1192.254 1176.677 15.577 3.217 0.123
1138 2249 0 2249 1213.712 1202.338 11.374 3.267 0.124
1139 2249 0 2249 1233.100 1218.519 14.581 3.300 0.125
1140 2249 0 2249 1251.453 1236.918 14.535 3.333 0.126
1141 2249 0 2249 1268.920 1256.347 12.573 3.383 0.127
1142 2249 0 2249 1285.326 1271.304 14.023 3.400 0.127
1143 2249 0 2249 1300.815 1289.711 11.104 3.417 0.128
1144 2249 0 2249 1314.500 1302.651 11.849 3.433 0.128
1145 2249 0 2249 1326.517 1316.461 10.056 3.483 0.128
1146 2249 0 2249 1339.868 1329.572 10.297 3.483 0.128
1147 2249 0 2249 1349.899 1339.367 10.532 3.500 0.129
1148 2249 0 2249 1357.726 1349.090 8.635 3.517 0.129
1149 2249 0 2249 1364.614 1355.734 8.880 3.517 0.129
1150 2249 0 2249 1371.658 1361.037 10.621 3.500 0.129
1151 2249 0 2249 1377.270 1368.322 8.948 3.500 0.129
1152 2249 0 2249 1380.904 1373.371 7.533 3.483 0.129
1153 2249 0 2249 1382.752 1379.830 2.921 3.483 0.129
1154 2249 0 2249 1385.012 1381.426 3.586 3.450 0.128
1155 2249 0 2249 1385.679 1381.426 4.254 3.417 0.128
1156 2249 0 2249 1384.394 1381.687 2.706 3.383 0.128
1157 2249 0 2249 1382.918 1382.130 0.789 3.333 0.127
1158 2249 0 2249 1379.538 1378.780 0.758 3.317 0.127
1159 2249 0 2249 1374.842 1378.210 3.368 3.283 0.126
1160 2249 0 2249 1370.658 1375.106 4.448 3.233 0.126
1161 2249 0 2249 1364.575 1373.148 8.573 3.200 0.125
1162 2249 0 2249 1356.517 1364.152 7.636 3.167 0.125
1163 2249 0 2249 1346.630 1357.070 10.440 3.167 0.124
1164 2249 0 2249 1335.723 1344.053 8.330 3.167 0.124
1165 2249 0 2249 1324.820 1338.437 13.616 3.100 0.123
1166 2249 0 2249 1313.494 1324.391 10.897 3.083 0.122
1167 2249 0 2249 1298.000 1308.984 10.984 3.067 0.121
1168 2249 0 2249 1285.351 1297.111 11.760 3.033 0.120
1169 2249 0 2249 1270.816 1284.865 14.049 3.050 0.119
1170 2249 0 2249 1253.789 1266.061 12.272 3.050 0.119
1171 2249 0 2249 1236.490 1249.210 12.721 3.033 0.118
1172 2249 0 2249 1216.583 1228.017 11.434 3.050 0.118
1173 2249 0 2249 1194.780 1208.182 13.403 3.083 0.118
1174 2249 0 2249 1174.147 1188.340 14.193 3.083 0.117
1175 2249 0 2249 1155.910 1167.152 11.242 3.100 0.116
1176 2249 0 2249 1132.199 1145.405 13.205 3.100 0.116
1177 2249 0 2249 1108.121 1117.188 9.067 3.117 0.116
1178 2249 0 2249 1081.747 1093.449 11.702 3.117 0.116
1179 2249 0 2249 1058.131 1070.413 12.282 3.150 0.115
1180 2249 0 2249 1032.249 1044.127 11.878 3.133 0.115
1181 2249 0 2249 1007.743 1021.117 13.374 3.150 0.115
1182 2249 0 2249 980.309 988.487 8.178 3.183 0.115
1183 2249 0 2249 954.325 962.876 8.550 3.183 0.115
1184 2249 0 2249 925.744 935.690 9.946 3.217 0.115
1185 2249 0 2249 894.829 906.553 11.723 3.233 0.115
1186 2249 0 2249 867.293 878.175 10.882 3.217 0.115
1187 2249 0 2249 845.808 855.616 9.808 3.200 0.115
1188 2249 0 2249 820.624 832.800 12.176 3.233 0.115
1189 2155 0 2155 791.834 801.258 9.424 3.267 0.115
1190 2155 0 2155 765.015 777.204 12.189 3.250 0.115
1191 2155 0 2155 737.053 748.011 10.959 3.250 0.116
1192 2155 0 2155 710.414 718.779 8.365 3.233 0.116
1193 2155 0 2155 687.510 699.764 12.254 3.200 0.115
1194 2109 0 2109 661.769 671.187 9.417 3.233 0.116
1195 2004 0 2004 634.945 648.296 13.351 3.217 0.116
1196 2004 0 2004 606.676 619.657 12.981 3.183 0.116
1197 2004 0 2004 581.536 593.836 12.301 3.167 0.116
1198 2004 0 2004 553.788 567.010 13.222 3.200 0.117
1199 2004 0 2004 527.176 537.812 10.636 3.217 0.117
