1 872 0 872 385.020 0.000 385.020 0.000 0.000
2 872 0 872 411.401 0.000 411.401 0.000 0.000
3 1024 0 1024 432.923 0.000 432.923 0.000 0.000
4 1024 0 1024 449.870 0.000 449.870 0.000 0.000
5 1098 0 1098 470.513 0.000 470.513 0.000 0.000
6 1098 0 1098 488.688 488.688 0.000 37.000 0.336
7 1098 0 1098 511.237 511.237 0.000 36.000 0.309
8 1098 0 1098 530.626 530.626 0.000 34.875 0.285
9 1306 0 1306 551.801 551.801 0.000 33.889 0.267
10 1306 0 1306 572.300 572.300 0.000 34.100 0.253
11 1306 0 1306 594.688 572.300 22.388 31.000 0.246
12 1306 0 1306 614.592 572.300 42.292 28.417 0.227
13 1362 0 1362 634.294 572.300 61.994 26.231 0.211
14 1362 0 1362 651.341 572.300 79.041 24.357 0.197
15 1529 0 1529 669.008 572.300 96.708 22.733 0.184
16 1529 0 1529 688.245 572.300 115.946 21.313 0.174
17 1651 0 1651 702.855 581.407 121.449 20.059 0.165
18 1651 0 1651 721.840 581.407 140.433 18.944 0.156
19 1651 0 1651 743.435 581.407 162.028 17.947 0.149
20 1651 0 1651 762.854 596.810 166.044 17.050 0.143
21 1651 0 1651 785.609 614.204 171.405 16.238 0.145
22 1651 0 1651 806.119 640.101 166.018 15.500 0.139
23 1815 0 1815 826.455 640.101 186.354 14.826 0.134
24 1815 0 1815 844.803 640.101 204.703 14.208 0.129
25 1815 0 1815 862.728 640.101 222.628 13.640 0.125
26 1815 0 1815 879.350 701.349 178.000 13.115 0.121
27 1815 0 1815 894.921 701.349 193.571 12.630 0.117
28 1815 0 1815 911.093 701.349 209.743 12.179 0.113
29 1886 0 1886 929.881 720.375 209.507 11.759 0.110
30 1886 0 1886 949.762 720.739 229.023 11.367 0.107
31 1886 0 1886 965.289 774.512 190.777 11.032 0.109
32 2110 0 2110 981.907 774.831 207.076 10.688 0.107
33 2110 0 2110 995.298 775.196 220.101 10.364 0.104
34 2110 0 2110 1008.061 775.196 232.864 10.059 0.101
35 2128 0 2128 1023.911 801.743 222.168 9.771 0.099
36 2128 0 2128 1040.392 802.063 238.329 9.500 0.096
37 2148 0 2148 1055.529 833.814 221.715 9.243 0.094
38 2148 0 2148 1068.997 889.374 179.624 9.026 0.092
39 2148 0 2148 1080.048 889.904 190.145 8.795 0.090
40 2148 0 2148 1093.007 889.904 203.104 8.575 0.088
41 2148 0 2148 1105.036 927.983 177.053 8.366 0.091
42 2148 0 2148 1116.690 928.239 188.451 8.167 0.089
43 2148 0 2148 1128.147 978.845 149.302 7.977 0.087
44 2148 0 2148 1137.312 978.845 158.467 7.795 0.085
45 2148 0 2148 1146.721 978.845 167.876 7.622 0.084
46 2148 0 2148 1156.781 978.845 177.936 7.457 0.082
47 2148 0 2148 1166.433 979.102 187.331 7.298 0.080
48 2148 0 2148 1176.023 979.102 196.921 7.146 0.079
49 2148 0 2148 1184.700 979.302 205.398 7.000 0.077
50 2148 0 2148 1193.240 979.302 213.938 6.860 0.076
51 2148 0 2148 1201.636 1012.931 188.705 6.725 0.078
52 2148 0 2148 1208.348 1029.700 178.648 6.596 0.077
53 2200 0 2200 1214.877 1029.700 185.177 6.472 0.076
54 2200 0 2200 1220.651 1029.700 190.951 6.352 0.074
55 2200 0 2200 1225.660 1029.816 195.843 6.236 0.073
56 2200 0 2200 1231.797 1029.816 201.981 6.125 0.072
57 2200 0 2200 1235.737 1029.816 205.921 6.018 0.071
58 2200 0 2200 1240.265 1029.816 210.449 5.914 0.070
59 2200 0 2200 1244.514 1029.816 214.697 5.814 0.068
60 2200 0 2200 1248.101 1029.816 218.285 5.717 0.067
61 2200 0 2200 1264.127 1029.816 234.311 5.717 0.070
62 2200 0 2200 1280.223 1029.893 250.330 5.717 0.071
63 2200 0 2200 1295.499 1059.481 236.018 5.717 0.071
64 2200 0 2200 1309.167 1075.227 233.940 5.717 0.071
65 2200 0 2200 1324.438 1115.851 208.586 5.733 0.071
66 2200 0 2200 1337.304 1116.023 221.281 2.033 0.038
67 2200 0 2200 1349.564 1116.023 233.541 1.533 0.036
68 2200 0 2200 1358.182 1116.023 242.159 1.083 0.034
69 2200 0 2200 1366.068 1145.080 220.987 0.650 0.032
70 2200 0 2200 1372.895 1145.080 227.815 0.267 0.030
71 2200 0 2200 1379.667 1195.744 183.922 0.250 0.030
72 2200 0 2200 1384.300 1195.744 188.556 0.250 0.030
73 2200 0 2200 1387.836 1195.744 192.091 0.233 0.030
74 2200 0 2200 1389.896 1195.744 194.152 0.217 0.030
75 2200 0 2200 1389.271 1209.501 179.770 0.217 0.030
76 2200 0 2200 1387.871 1209.501 178.370 0.217 0.030
77 2200 0 2200 1383.956 1209.501 174.455 0.217 0.030
78 2200 0 2200 1381.071 1209.501 171.570 0.233 0.029
79 2200 0 2200 1378.576 1209.501 169.075 0.217 0.029
80 2200 0 2200 1374.542 1209.501 165.041 0.217 0.029
81 2200 0 2200 1370.504 1209.501 161.003 0.233 0.029
82 2200 0 2200 1362.492 1209.501 152.991 0.233 0.029
83 2200 0 2200 1353.749 1209.501 144.248 0.233 0.028
84 2200 0 2200 1344.150 1209.501 134.649 0.250 0.028
85 2200 0 2200 1332.457 1209.501 122.956 0.250 0.028
86 2200 0 2200 1320.786 1209.501 111.285 0.250 0.028
87 2200 0 2200 1304.987 1209.501 95.486 0.250 0.028
88 2200 0 2200 1292.071 1209.501 82.570 0.250 0.028
89 2200 0 2200 1274.501 1209.501 65.000 0.267 0.028
90 2200 0 2200 1257.212 1209.476 47.736 0.267 0.027
91 2200 0 2200 1237.941 1209.476 28.465 0.267 0.027
92 2200 0 2200 1218.524 1209.439 9.085 0.267 0.027
93 2200 0 2200 1200.116 1209.383 9.267 0.283 0.027
94 2200 0 2200 1177.021 1209.383 32.362 0.283 0.027
95 2200 0 2200 1156.859 1209.383 52.524 0.283 0.028
96 2200 0 2200 1136.039 1209.333 73.294 0.283 0.028
97 2200 0 2200 1107.465 1196.519 89.055 0.283 0.028
98 2200 0 2200 1082.513 1196.454 113.941 0.283 0.028
99 2200 0 2200 1058.889 1196.304 137.416 0.300 0.028
100 2200 0 2200 1035.416 1196.304 160.888 0.300 0.028
101 2200 0 2200 1009.226 1196.304 187.078 0.300 0.028
102 2200 0 2200 982.081 1182.019 199.939 0.300 0.028
103 2200 0 2200 953.115 1181.790 228.675 0.300 0.029
104 2200 0 2200 928.165 1164.387 236.222 0.317 0.029
105 2200 0 2200 904.088 1151.753 247.665 0.317 0.029
106 2200 0 2200 873.725 1151.753 278.028 0.317 0.029
107 2200 0 2200 846.094 1039.138 193.043 0.317 0.030
108 2200 0 2200 817.291 1039.138 221.847 0.317 0.030
109 2200 0 2200 791.725 1039.036 247.311 0.317 0.030
110 2200 0 2200 764.634 1039.036 274.402 0.317 0.031
111 2200 0 2200 736.272 972.363 236.091 0.317 0.031
112 2200 0 2200 707.731 972.363 264.632 0.317 0.031
113 2190 0 2190 679.893 935.118 255.226 0.333 0.032
114 2190 0 2190 653.005 935.118 282.114 0.333 0.032
115 2190 0 2190 626.772 919.066 292.294 0.350 0.032
116 2190 0 2190 598.036 825.599 227.562 0.367 0.033
117 2190 0 2190 575.167 790.319 215.151 0.383 0.033
118 2190 0 2190 550.248 790.196 239.949 0.383 0.033
119 2190 0 2190 523.959 754.847 230.888 0.383 0.034
120 2190 0 2190 498.497 754.730 256.233 0.383 0.034
121 2190 0 2190 473.754 714.789 241.035 0.383 0.034
122 2190 0 2190 449.956 669.221 219.265 0.400 0.035
123 2190 0 2190 424.741 669.221 244.480 0.400 0.035
124 2190 0 2190 401.416 669.116 267.700 0.400 0.035
125 2190 0 2190 380.934 634.171 253.237 0.400 0.035
126 2029 0 2029 356.802 602.112 245.310 0.417 0.035
127 2029 0 2029 333.147 602.112 268.965 0.400 0.035
128 2029 0 2029 314.344 596.818 282.473 0.400 0.036
129 2029 0 2029 293.739 596.726 302.987 0.417 0.036
130 1688 0 1688 274.443 571.944 297.501 0.417 0.036
131 1688 0 1688 255.623 561.040 305.417 0.417 0.036
132 1688 0 1688 237.364 427.587 190.223 0.433 0.036
133 1688 0 1688 220.146 420.346 200.201 0.433 0.036
134 1688 0 1688 205.890 420.280 214.390 0.433 0.037
135 1688 0 1688 188.620 420.280 231.660 0.433 0.037
136 1688 0 1688 171.313 420.280 248.967 0.433 0.037
137 1688 0 1688 154.789 409.092 254.303 0.433 0.037
138 1688 0 1688 139.125 403.327 264.202 0.417 0.037
139 1688 0 1688 128.136 403.327 275.192 0.433 0.038
140 1688 0 1688 116.705 403.327 286.622 0.433 0.038
141 1469 0 1469 105.925 376.466 270.541 0.433 0.038
142 1469 0 1469 93.734 376.466 282.732 0.433 0.038
143 1469 0 1469 82.589 376.466 293.877 0.433 0.038
144 1122 0 1122 73.229 351.848 278.619 0.417 0.038
145 901 0 901 63.839 351.848 288.009 0.417 0.038
146 901 0 901 55.591 345.099 289.509 0.433 0.038
147 787 0 787 45.579 334.228 288.649 0.417 0.038
148 786 0 786 38.800 334.228 295.428 0.417 0.038
149 786 0 786 31.388 296.818 265.430 0.417 0.038
150 786 0 786 25.492 296.818 271.326 0.417 0.038
151 786 0 786 19.870 296.818 276.948 0.400 0.038
152 786 0 786 15.244 296.818 281.574 0.400 0.038
153 786 0 786 11.741 296.818 285.077 0.400 0.038
154 629 0 629 7.689 296.818 289.129 0.400 0.037
155 629 0 629 5.514 296.818 291.304 0.400 0.037
156 596 0 596 4.098 296.818 292.720 0.383 0.037
157 596 0 596 2.573 296.910 294.337 0.383 0.036
158 596 0 596 1.657 296.910 295.253 0.367 0.036
159 596 0 596 1.185 296.910 295.725 0.367 0.036
160 596 0 596 0.871 296.863 295.991 0.350 0.035
161 334 0 334 0.505 296.863 296.358 0.350 0.035
162 230 0 230 0.316 296.863 296.547 0.350 0.035
163 230 0 230 0.223 296.910 296.687 0.333 0.034
164 230 0 230 0.195 296.910 296.715 0.333 0.034
165 230 0 230 0.171 296.910 296.739 0.317 0.033
166 230 0 230 0.199 296.863 296.663 0.317 0.033
167 230 0 230 0.256 296.863 296.607 0.317 0.032
168 273 0 273 0.341 296.815 296.475 0.317 0.032
169 273 0 273 0.516 296.815 296.299 0.300 0.032
170 721 0 721 0.949 296.726 295.777 0.300 0.031
171 721 0 721 1.210 296.820 295.610 0.283 0.031
172 721 0 721 1.818 296.820 295.002 0.283 0.030
173 721 0 721 2.677 296.820 294.143 0.267 0.029
174 721 0 721 3.482 296.820 293.338 0.267 0.029
175 721 0 721 5.866 296.809 290.943 0.267 0.029
176 763 0 763 9.089 296.778 287.689 0.250 0.028
177 763 0 763 12.655 296.778 284.123 0.250 0.028
178 763 0 763 16.457 296.826 280.369 0.250 0.027
179 1042 0 1042 20.917 296.826 275.909 0.233 0.027
180 1042 0 1042 26.513 296.873 270.360 0.233 0.026
181 1042 0 1042 32.116 296.884 264.768 0.233 0.026
182 1042 0 1042 38.563 296.884 258.321 0.233 0.026
183 1042 0 1042 46.089 296.884 250.794 0.267 0.025
184 1042 0 1042 54.711 296.931 242.221 0.267 0.025
185 1409 0 1409 63.870 296.931 233.061 0.267 0.025
186 1409 0 1409 72.662 296.978 224.316 0.267 0.024
187 1409 0 1409 83.261 296.978 213.717 0.267 0.024
188 1409 0 1409 93.600 297.073 203.473 0.267 0.024
189 1437 0 1437 104.641 297.073 192.432 0.250 0.024
190 1437 0 1437 116.844 297.073 180.229 0.250 0.023
191 1437 0 1437 131.094 297.168 166.074 0.250 0.023
192 1437 0 1437 145.665 297.168 151.503 0.250 0.023
193 1437 0 1437 161.958 297.168 135.209 0.250 0.023
194 1437 0 1437 176.702 297.215 120.513 0.250 0.023
195 1437 0 1437 190.730 297.215 106.485 0.250 0.023
196 1467 0 1467 208.563 297.215 88.652 0.250 0.023
197 1467 0 1467 224.091 297.215 73.124 0.250 0.023
198 1467 0 1467 240.945 297.215 56.270 0.233 0.023
199 1658 0 1658 257.554 297.215 39.661 0.233 0.023
200 1658 0 1658 279.475 302.559 23.085 0.233 0.023
201 1658 0 1658 299.059 302.559 3.501 0.233 0.023
202 1658 0 1658 319.179 302.559 16.619 0.233 0.023
203 1658 0 1658 344.434 302.559 41.875 0.250 0.023
204 1724 0 1724 362.645 316.040 46.605 0.233 0.023
205 1724 0 1724 382.841 316.040 66.801 0.250 0.023
206 1724 0 1724 403.337 326.600 76.737 0.250 0.024
207 1752 0 1752 423.414 326.912 96.502 0.250 0.024
208 1752 0 1752 443.968 326.912 117.056 0.250 0.024
209 1808 0 1808 467.767 326.912 140.854 0.250 0.024
210 1818 0 1818 490.108 346.870 143.238 0.250 0.024
211 1818 0 1818 511.227 347.030 164.197 0.267 0.025
212 1986 0 1986 535.509 372.390 163.118 0.267 0.025
213 1987 0 1987 564.314 400.072 164.242 0.267 0.026
214 1987 0 1987 584.177 400.415 183.762 0.283 0.026
215 1987 0 1987 608.148 433.316 174.833 0.283 0.026
216 2023 0 2023 631.813 468.327 163.486 0.283 0.027
217 2023 0 2023 653.466 468.327 185.139 0.283 0.027
218 2253 0 2253 677.485 479.401 198.085 0.283 0.027
219 2253 0 2253 703.334 479.401 223.934 0.283 0.028
220 2253 0 2253 729.675 507.521 222.155 0.283 0.028
221 2253 0 2253 761.649 507.521 254.128 0.300 0.029
222 2253 0 2253 791.994 587.814 204.180 0.300 0.029
223 2325 0 2325 818.875 587.814 231.061 0.300 0.030
224 2325 0 2325 848.752 587.966 260.786 0.300 0.030
225 2325 0 2325 873.534 613.234 260.300 0.333 0.031
226 2325 0 2325 901.717 640.569 261.148 0.350 0.031
227 2325 0 2325 929.676 640.569 289.107 0.367 0.032
228 2325 0 2325 956.407 676.274 280.133 0.367 0.032
229 2325 0 2325 984.920 786.492 198.428 0.367 0.033
230 2325 0 2325 1012.578 786.734 225.843 0.367 0.033
231 2325 0 2325 1038.108 786.989 251.119 0.367 0.034
232 2325 0 2325 1064.736 816.138 248.598 0.367 0.034
233 2325 0 2325 1090.474 816.138 274.335 0.383 0.035
234 2325 0 2325 1113.737 837.361 276.376 0.383 0.035
235 2325 0 2325 1137.869 861.231 276.638 0.400 0.036
236 2325 0 2325 1164.250 870.403 293.846 0.417 0.036
237 2325 0 2325 1187.518 921.155 266.363 0.417 0.037
238 2325 0 2325 1207.621 921.155 286.466 0.433 0.037
239 2325 0 2325 1227.581 928.384 299.197 0.433 0.037
240 2325 0 2325 1248.137 1047.989 200.147 0.450 0.038
241 2325 0 2325 1265.163 1048.170 216.992 0.450 0.038
242 2325 0 2325 1280.524 1048.170 232.354 0.450 0.038
243 2325 0 2325 1295.530 1055.286 240.244 0.467 0.038
244 2325 0 2325 1311.064 1055.286 255.779 0.483 0.039
245 2325 0 2325 1323.440 1055.286 268.155 0.483 0.039
246 2325 0 2325 1333.941 1055.317 278.624 0.467 0.039
247 2325 0 2325 1344.155 1055.317 288.838 0.483 0.039
248 2325 0 2325 1352.466 1055.317 297.149 0.483 0.039
249 2325 0 2325 1359.145 1089.416 269.729 0.483 0.039
250 2325 0 2325 1365.606 1113.683 251.923 0.483 0.039
251 2325 0 2325 1371.731 1121.284 250.448 0.483 0.039
252 2325 0 2325 1376.059 1121.269 254.790 0.483 0.039
253 2325 0 2325 1379.711 1170.847 208.864 0.500 0.039
254 2325 0 2325 1380.835 1170.847 209.987 0.500 0.039
255 2325 0 2325 1380.749 1170.847 209.901 0.483 0.039
256 2325 0 2325 1380.176 1170.847 209.328 0.483 0.039
257 2325 0 2325 1378.306 1170.847 207.458 0.483 0.039
258 2325 0 2325 1374.813 1170.847 203.965 0.467 0.039
259 2325 0 2325 1369.997 1170.847 199.150 0.467 0.038
260 2325 0 2325 1365.961 1170.784 195.177 0.467 0.038
261 2325 0 2325 1358.966 1170.784 188.182 0.467 0.038
262 2325 0 2325 1349.131 1170.784 178.348 0.483 0.038
263 2325 0 2325 1341.625 1170.784 170.841 0.467 0.038
264 2325 0 2325 1331.722 1170.763 160.959 0.450 0.037
265 2325 0 2325 1319.415 1170.668 148.747 0.450 0.037
266 2325 0 2325 1306.770 1170.668 136.102 0.450 0.037
267 2325 0 2325 1292.871 1170.615 122.256 0.450 0.037
268 2325 0 2325 1279.847 1170.615 109.231 0.450 0.037
269 2325 0 2325 1264.523 1170.615 93.907 0.467 0.037
270 2325 0 2325 1247.286 1170.615 76.670 0.467 0.036
271 2325 0 2325 1226.906 1170.581 56.325 0.467 0.036
272 2325 0 2325 1208.019 1170.581 37.438 0.467 0.036
273 2325 0 2325 1186.794 1170.581 16.213 0.483 0.036
274 2325 0 2325 1167.648 1170.300 2.652 0.500 0.036
275 2325 0 2325 1145.464 1170.230 24.765 0.500 0.036
276 2325 0 2325 1121.517 1170.042 48.525 0.517 0.036
277 2325 0 2325 1098.324 1162.747 64.424 0.517 0.036
278 2325 0 2325 1075.135 1162.747 87.613 0.533 0.036
279 2325 0 2325 1050.747 1141.195 90.447 0.533 0.036
280 2325 0 2325 1027.419 1141.195 113.776 0.550 0.036
281 2325 0 2325 998.880 1141.195 142.315 0.550 0.036
282 2325 0 2325 970.718 1114.677 143.959 0.533 0.035
283 2174 0 2174 942.239 1104.006 161.767 0.517 0.035
284 2174 0 2174 911.616 1090.729 179.113 0.517 0.036
285 2174 0 2174 886.148 1075.766 189.618 0.500 0.035
286 2174 0 2174 860.172 1048.094 187.922 0.500 0.035
287 2174 0 2174 836.337 1048.094 211.757 0.483 0.035
288 2174 0 2174 810.914 1024.964 214.050 0.467 0.035
289 2174 0 2174 786.070 1015.871 229.801 0.467 0.035
290 2174 0 2174 757.964 981.184 223.219 0.450 0.035
291 2174 0 2174 730.891 936.712 205.822 0.433 0.035
292 2071 0 2071 705.784 928.324 222.540 0.433 0.035
293 2071 0 2071 679.955 928.324 248.369 0.433 0.035
294 1937 0 1937 653.951 900.018 246.067 0.433 0.035
295 1937 0 1937 630.810 900.018 269.208 0.417 0.035
296 1937 0 1937 607.256 892.016 284.761 0.417 0.035
297 1937 0 1937 582.125 825.971 243.847 0.417 0.035
298 1937 0 1937 557.697 810.456 252.759 0.417 0.035
299 1893 0 1893 531.981 810.364 278.383 0.417 0.035
300 1893 0 1893 506.619 794.682 288.063 0.433 0.035
301 1893 0 1893 480.611 781.697 301.086 0.417 0.036
302 1893 0 1893 454.008 693.764 239.756 0.433 0.036
303 1893 0 1893 433.542 657.436 223.894 0.433 0.036
304 1893 0 1893 409.281 657.334 248.053 0.450 0.036
305 1893 0 1893 388.075 650.303 262.227 0.450 0.036
306 1893 0 1893 365.265 617.657 252.392 0.450 0.036
307 1893 0 1893 344.528 604.357 259.829 0.417 0.036
308 1893 0 1893 323.308 604.357 281.048 0.433 0.037
309 1893 0 1893 301.982 604.263 302.281 0.433 0.037
310 1893 0 1893 283.149 545.617 262.469 0.433 0.037
311 1893 0 1893 263.352 527.036 263.684 0.433 0.037
312 1893 0 1893 243.315 470.840 227.524 0.433 0.037
313 1470 0 1470 224.259 470.840 246.581 0.417 0.037
314 1470 0 1470 205.140 428.520 223.380 0.417 0.038
315 1395 0 1395 190.420 428.520 238.100 0.433 0.038
316 1326 0 1326 173.964 428.520 254.556 0.433 0.038
317 1326 0 1326 160.552 428.520 267.968 0.433 0.038
318 1173 0 1173 146.005 415.120 269.116 0.433 0.038
319 1173 0 1173 132.122 415.120 282.999 0.433 0.038
320 1141 0 1141 119.782 392.426 272.644 0.433 0.038
321 1090 0 1090 107.055 354.560 247.505 0.433 0.039
322 1090 0 1090 93.865 354.560 260.695 0.433 0.039
323 1078 0 1078 83.487 354.560 271.074 0.433 0.039
324 995 0 995 73.660 320.837 247.177 0.433 0.039
325 995 0 995 63.279 314.488 251.209 0.433 0.039
326 968 0 968 54.225 314.488 260.263 0.433 0.039
327 968 0 968 45.608 314.439 268.831 0.417 0.039
328 968 0 968 38.597 314.439 275.842 0.417 0.039
329 968 0 968 32.258 302.656 270.398 0.400 0.039
330 819 0 819 25.994 302.656 276.662 0.400 0.039
331 819 0 819 20.042 236.444 216.402 0.400 0.039
332 619 0 619 15.211 236.444 221.233 0.400 0.038
333 618 0 618 11.202 236.444 225.242 0.400 0.038
334 618 0 618 8.150 236.457 228.307 0.400 0.038
335 513 0 513 5.808 236.457 230.650 0.400 0.038
336 513 0 513 3.611 236.417 232.806 0.400 0.037
337 504 0 504 2.493 210.566 208.073 0.400 0.037
338 504 0 504 1.813 210.566 208.754 0.383 0.037
339 326 0 326 1.359 210.566 209.207 0.383 0.036
340 318 0 318 0.863 210.566 209.703 0.383 0.036
341 318 0 318 0.697 210.533 209.835 0.383 0.035
342 305 0 305 0.507 210.533 210.026 0.383 0.035
343 305 0 305 0.468 210.533 210.065 0.367 0.034
344 305 0 305 0.418 210.500 210.081 0.367 0.034
345 305 0 305 0.329 210.500 210.170 0.333 0.033
346 312 0 312 0.371 210.544 210.172 0.333 0.033
347 331 0 331 0.416 210.544 210.127 0.333 0.033
348 331 0 331 0.422 210.544 210.122 0.333 0.032
349 331 0 331 0.551 210.577 210.026 0.317 0.032
350 352 0 352 0.782 210.577 209.795 0.317 0.031
351 472 0 472 1.247 210.610 209.363 0.317 0.031
352 472 0 472 1.596 210.644 209.048 0.317 0.030
353 472 0 472 2.505 210.644 208.139 0.300 0.030
354 569 0 569 3.492 210.644 207.152 0.300 0.029
355 570 0 570 5.361 210.644 205.283 0.300 0.029
356 570 0 570 7.685 210.618 202.933 0.250 0.028
357 610 0 610 11.328 210.618 199.290 0.250 0.028
358 812 0 812 15.240 210.624 195.383 0.250 0.028
359 812 0 812 21.918 210.624 188.706 0.267 0.027
360 860 0 860 27.297 210.624 183.326 0.250 0.027
361 860 0 860 33.927 210.624 176.696 0.250 0.026
362 860 0 860 41.556 210.624 169.068 0.250 0.026
363 860 0 860 48.608 210.624 162.016 0.233 0.025
364 860 0 860 57.729 210.691 152.962 0.217 0.025
365 995 0 995 67.320 210.691 143.371 0.233 0.025
366 1045 0 1045 76.344 210.691 134.347 0.217 0.025
367 1045 0 1045 87.111 210.909 123.799 0.217 0.024
368 1163 0 1163 97.776 210.909 113.133 0.217 0.024
369 1207 0 1207 109.301 210.942 101.641 0.217 0.024
370 1207 0 1207 123.233 210.942 87.710 0.217 0.024
371 1207 0 1207 135.971 210.942 74.971 0.217 0.023
372 1399 0 1399 153.623 210.976 57.353 0.217 0.023
373 1399 0 1399 167.331 210.976 43.645 0.217 0.023
374 1602 0 1602 183.705 210.976 27.271 0.217 0.023
375 1602 0 1602 197.940 210.976 13.036 0.200 0.023
376 1602 0 1602 213.736 210.976 2.760 0.200 0.023
377 1646 0 1646 230.664 210.976 19.688 0.200 0.023
378 1704 0 1704 247.945 210.976 36.969 0.217 0.023
379 1704 0 1704 267.634 210.976 56.658 0.200 0.023
380 1704 0 1704 287.395 217.503 69.892 0.217 0.023
381 1704 0 1704 306.341 217.503 88.838 0.233 0.023
382 2209 0 2209 325.704 217.503 108.201 0.233 0.023
383 2209 0 2209 346.858 217.661 129.196 0.250 0.023
384 2209 0 2209 369.844 231.005 138.839 0.233 0.023
385 2209 0 2209 391.546 231.005 160.541 0.233 0.023
386 2209 0 2209 411.641 242.174 169.468 0.250 0.024
387 2209 0 2209 433.541 242.211 191.330 0.250 0.024
388 2209 0 2209 456.168 266.504 189.663 0.250 0.024
389 2209 0 2209 479.620 278.891 200.729 0.250 0.024
390 2209 0 2209 502.549 279.053 223.496 0.283 0.025
391 2209 0 2209 526.356 287.876 238.480 0.267 0.025
392 2209 0 2209 549.249 342.986 206.263 0.283 0.025
393 2209 0 2209 571.590 343.181 228.409 0.283 0.026
394 2209 0 2209 595.737 391.924 203.813 0.283 0.026
395 2209 0 2209 619.107 391.924 227.183 0.283 0.026
396 2209 0 2209 643.729 402.298 241.431 0.300 0.027
397 2209 0 2209 672.222 402.359 269.863 0.300 0.027
398 2209 0 2209 697.870 410.319 287.550 0.333 0.028
399 2209 0 2209 724.368 463.117 261.251 0.350 0.028
400 2209 0 2209 751.342 463.117 288.225 0.350 0.029
401 2209 0 2209 777.848 577.869 199.978 0.350 0.029
402 2209 0 2209 802.277 585.418 216.858 0.350 0.030
403 2209 0 2209 828.850 606.209 222.641 0.350 0.030
404 2209 0 2209 854.982 619.813 235.169 0.350 0.031
405 2209 0 2209 879.960 619.813 260.146 0.350 0.031
406 2209 0 2209 906.787 655.869 250.917 0.350 0.032
407 2209 0 2209 934.030 656.013 278.017 0.350 0.032
408 2209 0 2209 958.428 698.226 260.202 0.367 0.033
409 2209 0 2209 982.294 719.529 262.764 0.367 0.033
410 2209 0 2209 1009.967 732.221 277.746 0.367 0.033
411 2209 0 2209 1036.064 803.025 233.039 0.367 0.034
412 2209 0 2209 1060.241 803.147 257.094 0.367 0.034
413 2209 0 2209 1086.697 849.370 237.327 0.367 0.035
414 2209 0 2209 1109.752 872.850 236.902 0.383 0.035
415 2209 0 2209 1133.936 872.976 260.960 0.383 0.036
416 2209 0 2209 1157.021 873.203 283.818 0.383 0.036
417 2209 0 2209 1179.330 880.444 298.886 0.383 0.037
418 2209 0 2209 1199.111 926.220 272.891 0.383 0.037
419 2209 0 2209 1224.646 938.527 286.119 0.400 0.037
420 2209 0 2209 1241.923 938.527 303.397 0.400 0.038
421 2209 0 2209 1260.250 969.078 291.172 0.400 0.038
422 2209 0 2209 1278.484 1051.318 227.166 0.417 0.038
423 2209 0 2209 1293.322 1059.805 233.517 0.417 0.038
424 2209 0 2209 1308.773 1059.938 248.835 0.417 0.039
425 2209 0 2209 1322.498 1059.938 262.560 0.417 0.039
426 2209 0 2209 1333.287 1059.938 273.350 0.417 0.039
427 2209 0 2209 1344.148 1060.020 284.127 0.417 0.039
428 2209 0 2209 1352.560 1060.020 292.540 0.417 0.039
429 2209 0 2209 1360.463 1105.708 254.755 0.417 0.039
430 2209 0 2209 1368.660 1135.366 233.293 0.417 0.039
431 2209 0 2209 1374.583 1142.835 231.748 0.433 0.039
432 2209 0 2209 1381.923 1142.835 239.088 0.433 0.039
433 2209 0 2209 1384.875 1142.835 242.040 0.433 0.039
434 2209 0 2209 1386.952 1142.815 244.138 0.433 0.039
435 2209 0 2209 1387.415 1142.789 244.625 0.433 0.039
436 2209 0 2209 1386.980 1164.526 222.453 0.433 0.039
437 2209 0 2209 1384.760 1164.526 220.234 0.450 0.039
438 2209 0 2209 1382.108 1164.526 217.582 0.450 0.039
439 2209 0 2209 1378.356 1164.526 213.830 0.450 0.039
440 2209 0 2209 1372.482 1164.526 207.956 0.450 0.038
441 2209 0 2209 1365.038 1164.526 200.512 0.450 0.038
442 2172 0 2172 1356.486 1164.526 191.960 0.450 0.038
443 2172 0 2172 1346.361 1164.516 181.845 0.433 0.038
444 2172 0 2172 1334.605 1164.516 170.089 0.433 0.038
445 2172 0 2172 1321.315 1164.516 156.799 0.433 0.037
446 2172 0 2172 1308.289 1164.516 143.772 0.433 0.037
447 2172 0 2172 1294.336 1164.419 129.917 0.433 0.037
448 2172 0 2172 1280.367 1164.302 116.065 0.433 0.037
449 2172 0 2172 1261.135 1164.215 96.919 0.450 0.037
450 2172 0 2172 1243.873 1164.189 79.684 0.450 0.037
451 2172 0 2172 1227.836 1164.189 63.647 0.450 0.036
452 2172 0 2172 1205.451 1164.189 41.262 0.450 0.036
453 2172 0 2172 1183.538 1164.116 19.422 0.450 0.036
454 2172 0 2172 1162.160 1163.962 1.802 0.450 0.036
455 2172 0 2172 1143.416 1163.962 20.546 0.467 0.036
456 2172 0 2172 1122.837 1157.143 34.307 0.450 0.036
457 2172 0 2172 1096.576 1157.143 60.567 0.433 0.036
458 2172 0 2172 1073.746 1157.143 83.397 0.450 0.036
459 2172 0 2172 1048.288 1150.050 101.761 0.450 0.036
460 2172 0 2172 1021.418 1115.208 93.790 0.467 0.036
461 2156 0 2156 997.184 1115.035 117.852 0.450 0.035
462 2149 0 2149 972.243 1115.035 142.792 0.433 0.035
463 2149 0 2149 946.527 1106.962 160.435 0.433 0.035
464 2149 0 2149 918.930 1083.991 165.061 0.417 0.035
465 2149 0 2149 894.376 1083.991 189.616 0.417 0.035
466 2149 0 2149 866.980 1076.371 209.391 0.417 0.035
467 2149 0 2149 837.178 1031.063 193.886 0.433 0.035
468 2054 0 2054 813.544 1030.984 217.440 0.433 0.035
469 2054 0 2054 786.725 999.594 212.869 0.433 0.035
470 2054 0 2054 760.700 991.650 230.950 0.417 0.035
471 2054 0 2054 734.362 937.124 202.762 0.417 0.035
472 2054 0 2054 709.883 929.875 219.992 0.417 0.035
473 2054 0 2054 680.634 914.858 234.225 0.417 0.035
474 2054 0 2054 654.989 878.393 223.403 0.417 0.035
475 2054 0 2054 626.870 871.203 244.333 0.417 0.035
476 2054 0 2054 601.923 849.335 247.412 0.417 0.035
477 2054 0 2054 575.538 849.335 273.797 0.433 0.035
478 2054 0 2054 552.479 806.050 253.572 0.417 0.035
479 2021 0 2021 528.447 793.170 264.724 0.400 0.035
480 2021 0 2021 506.387 793.047 286.659 0.400 0.035
481 2021 0 2021 479.771 785.134 305.363 0.417 0.036
482 1824 0 1824 457.556 772.719 315.162 0.433 0.036
483 1824 0 1824 432.593 739.794 307.200 0.433 0.036
484 1824 0 1824 409.495 649.993 240.497 0.433 0.036
485 1789 0 1789 388.508 637.036 248.529 0.417 0.036
486 1705 0 1705 366.368 630.585 264.217 0.417 0.036
487 1705 0 1705 345.920 594.570 248.650 0.433 0.037
488 1705 0 1705 324.587 587.201 262.614 0.450 0.037
489 1680 0 1680 302.724 587.201 284.477 0.433 0.037
490 1680 0 1680 281.989 520.755 238.766 0.433 0.037
491 1680 0 1680 265.362 520.755 255.393 0.433 0.037
492 1656 0 1656 247.820 520.755 272.935 0.433 0.037
493 1656 0 1656 231.754 469.685 237.931 0.433 0.037
494 1656 0 1656 213.800 439.570 225.770 0.433 0.038
495 1656 0 1656 198.271 430.776 232.506 0.433 0.038
496 1656 0 1656 183.811 404.072 220.261 0.433 0.038
497 1656 0 1656 167.494 404.072 236.577 0.433 0.038
498 1656 0 1656 153.997 404.072 250.075 0.433 0.038
499 1449 0 1449 140.112 384.944 244.832 0.433 0.038
500 1420 0 1420 126.098 384.881 258.783 0.433 0.038
501 1420 0 1420 113.271 384.881 271.610 0.433 0.038
502 1344 0 1344 100.889 384.881 283.992 0.450 0.039
503 1123 0 1123 88.265 350.643 262.378 0.450 0.039
504 1028 0 1028 75.962 350.586 274.624 0.450 0.039
505 1028 0 1028 65.107 350.586 285.479 0.450 0.039
506 964 0 964 55.888 350.586 294.698 0.433 0.039
507 964 0 964 47.124 350.496 303.372 0.433 0.039
508 964 0 964 39.499 350.484 310.984 0.433 0.039
509 964 0 964 31.268 350.440 319.172 0.417 0.039
510 941 0 941 25.213 280.338 255.125 0.417 0.038
511 941 0 941 20.592 280.338 259.746 0.417 0.038
512 941 0 941 14.957 280.338 265.381 0.400 0.038
513 941 0 941 10.695 280.338 269.643 0.400 0.038
514 520 0 520 7.193 280.353 273.160 0.400 0.038
515 506 0 506 5.099 280.353 275.254 0.400 0.037
516 506 0 506 3.609 280.353 276.744 0.400 0.037
517 506 0 506 2.182 280.353 278.171 0.383 0.037
518 506 0 506 1.417 280.353 278.935 0.383 0.036
519 506 0 506 1.030 280.307 279.277 0.367 0.036
520 506 0 506 0.794 280.261 279.467 0.367 0.035
521 506 0 506 0.707 280.307 279.600 0.350 0.035
522 446 0 446 0.482 280.307 279.825 0.350 0.035
523 446 0 446 0.421 280.353 279.932 0.350 0.034
524 238 0 238 0.320 280.353 280.033 0.333 0.034
525 238 0 238 0.392 280.353 279.960 0.317 0.033
526 238 0 238 0.319 280.353 280.034 0.300 0.033
527 238 0 238 0.320 280.353 280.033 0.283 0.032
528 213 0 213 0.346 280.353 280.007 0.283 0.032
529 384 0 384 0.513 280.353 279.839 0.283 0.032
530 384 0 384 0.736 280.353 279.617 0.283 0.031
531 384 0 384 1.184 280.353 279.169 0.267 0.031
532 384 0 384 1.719 280.353 278.634 0.267 0.030
533 463 0 463 2.608 280.353 277.745 0.250 0.030
534 740 0 740 3.785 280.353 276.568 0.250 0.029
535 740 0 740 5.517 280.353 274.835 0.250 0.029
536 740 0 740 8.339 280.353 272.014 0.250 0.028
537 740 0 740 11.770 280.353 268.583 0.250 0.028
538 740 0 740 15.547 280.353 264.805 0.250 0.027
539 740 0 740 20.764 280.360 259.596 0.233 0.027
540 819 0 819 25.879 280.406 254.527 0.233 0.027
541 819 0 819 31.575 280.406 248.831 0.233 0.026
542 819 0 819 37.509 280.406 242.896 0.233 0.026
543 880 0 880 45.124 280.406 235.282 0.233 0.025
544 1026 0 1026 53.808 280.406 226.598 0.217 0.025
545 1026 0 1026 62.881 280.452 217.571 0.233 0.025
546 1069 0 1069 74.220 280.452 206.232 0.250 0.024
547 1069 0 1069 84.162 280.452 196.290 0.250 0.024
548 1276 0 1276 98.262 280.498 182.235 0.250 0.024
549 1276 0 1276 108.930 280.498 171.567 0.250 0.024
550 1276 0 1276 120.288 280.574 160.285 0.250 0.023
551 1356 0 1356 134.023 280.648 146.625 0.250 0.023
552 1640 0 1640 147.779 280.753 132.975 0.250 0.023
553 1640 0 1640 161.612 280.854 119.243 0.250 0.023
554 1640 0 1640 177.188 280.900 103.712 0.267 0.023
555 1640 0 1640 191.447 280.900 89.453 0.250 0.023
556 1640 0 1640 207.427 280.900 73.473 0.250 0.023
557 1640 0 1640 224.552 280.900 56.348 0.217 0.023
558 1640 0 1640 242.830 280.900 38.070 0.217 0.023
559 1640 0 1640 259.607 280.900 21.294 0.217 0.023
560 1640 0 1640 280.681 280.946 0.266 0.217 0.023
561 1640 0 1640 301.298 280.946 20.351 0.200 0.023
562 1640 0 1640 318.930 280.946 37.984 0.200 0.023
563 1674 0 1674 336.829 288.015 48.814 0.200 0.023
564 1674 0 1674 355.991 288.061 67.930 0.200 0.023
565 1818 0 1818 379.861 288.061 91.800 0.217 0.023
566 1866 0 1866 402.774 297.597 105.177 0.217 0.023
567 1866 0 1866 425.460 297.813 127.647 0.217 0.023
568 2042 0 2042 448.490 297.813 150.677 0.217 0.024
569 2042 0 2042 473.055 313.068 159.987 0.200 0.024
570 2042 0 2042 497.606 313.068 184.537 0.217 0.024
571 2042 0 2042 522.536 343.422 179.114 0.250 0.025
572 2526 0 2526 549.523 353.212 196.311 0.250 0.025
573 2526 0 2526 576.743 353.212 223.531 0.250 0.025
574 2526 0 2526 601.193 386.211 214.982 0.250 0.026
575 2526 0 2526 626.652 404.529 222.123 0.283 0.026
576 2526 0 2526 650.355 415.915 234.439 0.283 0.026
577 2526 0 2526 679.008 449.857 229.151 0.283 0.027
578 2526 0 2526 708.525 475.145 233.381 0.300 0.028
579 2526 0 2526 733.637 534.915 198.722 0.300 0.028
580 2526 0 2526 759.197 535.000 224.197 0.300 0.028
581 2526 0 2526 783.408 535.000 248.408 0.300 0.029
582 2526 0 2526 808.054 564.518 243.536 0.317 0.029
583 2526 0 2526 836.002 602.520 233.482 0.317 0.030
584 2526 0 2526 862.754 639.851 222.903 0.317 0.030
585 2526 0 2526 890.016 639.851 250.164 0.333 0.031
586 2526 0 2526 915.947 639.851 276.096 0.350 0.031
587 2526 0 2526 944.019 639.851 304.167 0.367 0.031
588 2526 0 2526 968.516 685.280 283.236 0.367 0.032
589 2526 0 2526 993.010 758.014 234.996 0.367 0.032
590 2526 0 2526 1017.412 787.521 229.891 0.367 0.033
591 2526 0 2526 1044.654 810.130 234.524 0.383 0.033
592 2526 0 2526 1071.064 817.489 253.575 0.383 0.034
593 2526 0 2526 1096.762 831.178 265.584 0.383 0.034
594 2526 0 2526 1120.395 857.195 263.200 0.383 0.035
595 2526 0 2526 1144.831 904.955 239.876 0.400 0.035
596 2526 0 2526 1168.483 904.955 263.529 0.400 0.036
597 2526 0 2526 1188.665 904.955 283.710 0.417 0.036
598 2526 0 2526 1209.063 927.710 281.353 0.417 0.036
599 2526 0 2526 1229.210 1003.910 225.300 0.417 0.037
600 2526 0 2526 1247.704 1015.280 232.424 0.433 0.037
601 2526 0 2526 1264.672 1015.338 249.334 0.433 0.037
602 2526 0 2526 1279.610 1015.400 264.210 0.433 0.038
603 2526 0 2526 1294.350 1070.517 223.833 0.433 0.038
604 2526 0 2526 1309.021 1083.619 225.402 0.433 0.038
605 2526 0 2526 1321.691 1083.619 238.072 0.417 0.038
606 2526 0 2526 1335.029 1083.619 251.410 0.417 0.038
607 2526 0 2526 1344.940 1083.619 261.320 0.433 0.038
608 2526 0 2526 1356.886 1083.619 273.267 0.417 0.039
609 2526 0 2526 1364.231 1083.619 280.612 0.417 0.039
610 2526 0 2526 1370.938 1083.673 287.265 0.417 0.039
611 2526 0 2526 1377.299 1128.627 248.672 0.417 0.039
612 2526 0 2526 1380.330 1128.659 251.671 0.400 0.039
613 2526 0 2526 1383.496 1128.696 254.800 0.400 0.039
614 2526 0 2526 1385.554 1128.696 256.858 0.400 0.039
615 2526 0 2526 1386.349 1141.715 244.634 0.400 0.038
616 2526 0 2526 1386.070 1141.715 244.355 0.400 0.038
617 2526 0 2526 1384.793 1141.715 243.078 0.400 0.038
618 2526 0 2526 1381.816 1141.659 240.158 0.383 0.038
619 2526 0 2526 1377.680 1141.659 236.021 0.383 0.038
620 2526 0 2526 1372.225 1141.659 230.566 0.383 0.038
621 2526 0 2526 1365.548 1141.597 223.951 0.400 0.038
622 2526 0 2526 1358.354 1141.597 216.757 0.400 0.037
623 2526 0 2526 1348.951 1141.588 207.363 0.400 0.037
624 2526 0 2526 1337.528 1141.588 195.940 0.417 0.037
625 2526 0 2526 1327.362 1141.486 185.876 0.417 0.037
626 2526 0 2526 1314.630 1141.402 173.228 0.417 0.037
627 2526 0 2526 1299.671 1141.371 158.300 0.417 0.036
628 2526 0 2526 1284.493 1141.371 143.122 0.417 0.036
629 2526 0 2526 1267.825 1141.371 126.454 0.417 0.036
630 2526 0 2526 1253.281 1141.371 111.910 0.417 0.036
631 2526 0 2526 1232.879 1141.371 91.508 0.417 0.036
632 2283 0 2283 1214.043 1141.330 72.712 0.417 0.036
633 2283 0 2283 1194.904 1141.330 53.573 0.417 0.035
634 2283 0 2283 1173.833 1141.330 32.503 0.417 0.035
635 2283 0 2283 1150.780 1141.330 9.450 0.433 0.035
636 2283 0 2283 1129.089 1141.330 12.242 0.433 0.035
637 2283 0 2283 1103.894 1132.158 28.264 0.433 0.035
638 2283 0 2283 1079.838 1132.158 52.320 0.433 0.035
639 2283 0 2283 1051.809 1120.269 68.460 0.433 0.035
640 2283 0 2283 1025.601 1112.652 87.050 0.433 0.035
641 2283 0 2283 1000.748 1112.652 111.904 0.450 0.035
642 2283 0 2283 975.162 1112.652 137.490 0.433 0.035
643 2283 0 2283 949.767 1103.735 153.968 0.450 0.035
644 2283 0 2283 924.165 1067.712 143.546 0.467 0.035
645 2283 0 2283 895.633 1067.712 172.079 0.450 0.035
646 2283 0 2283 866.224 1043.937 177.713 0.450 0.035
647 2283 0 2283 840.841 1043.937 203.095 0.450 0.035
648 2283 0 2283 813.953 1022.693 208.740 0.450 0.035
649 2283 0 2283 789.604 1022.693 233.090 0.450 0.035
650 2131 0 2131 764.066 979.977 215.910 0.467 0.035
651 2131 0 2131 736.828 956.048 219.221 0.433 0.035
652 2131 0 2131 706.985 931.765 224.780 0.450 0.035
653 2131 0 2131 680.393 903.291 222.898 0.450 0.035
654 2131 0 2131 655.598 879.363 223.764 0.450 0.035
655 2131 0 2131 626.534 869.745 243.212 0.450 0.035
656 2131 0 2131 602.524 823.498 220.974 0.450 0.035
657 2131 0 2131 577.727 823.498 245.771 0.450 0.035
658 2131 0 2131 552.888 823.498 270.610 0.450 0.035
659 2131 0 2131 530.637 798.170 267.533 0.450 0.035
660 1819 0 1819 505.796 774.084 268.288 0.450 0.035
661 1819 0 1819 483.826 765.946 282.120 0.450 0.035
662 1819 0 1819 458.699 765.720 307.022 0.467 0.036
663 1769 0 1769 436.987 704.519 267.532 0.433 0.036
664 1700 0 1700 412.652 681.659 269.007 0.467 0.036
665 1696 0 1696 385.214 646.720 261.506 0.467 0.036
666 1696 0 1696 363.359 613.970 250.611 0.467 0.036
667 1696 0 1696 341.119 584.200 243.081 0.467 0.036
668 1696 0 1696 319.703 572.029 252.326 0.450 0.037
669 1696 0 1696 297.072 572.029 274.957 0.450 0.037
670 1696 0 1696 279.078 571.937 292.859 0.450 0.037
671 1696 0 1696 261.417 562.661 301.243 0.450 0.037
672 1696 0 1696 241.842 463.836 221.994 0.450 0.037
673 1539 0 1539 223.961 393.966 170.005 0.450 0.038
674 1539 0 1539 206.583 393.966 187.383 0.450 0.038
675 1539 0 1539 190.054 393.887 203.833 0.450 0.038
676 1539 0 1539 174.895 393.822 218.927 0.450 0.038
677 1539 0 1539 159.804 384.250 224.446 0.450 0.038
678 1539 0 1539 145.533 384.185 238.652 0.450 0.038
679 1539 0 1539 131.601 384.122 252.521 0.450 0.038
680 1478 0 1478 117.845 384.122 266.278 0.450 0.039
681 1478 0 1478 105.565 349.831 244.267 0.450 0.039
682 1478 0 1478 94.583 341.355 246.772 0.450 0.039
683 1301 0 1301 82.585 341.355 258.770 0.450 0.039
684 1032 0 1032 72.100 326.054 253.954 0.450 0.039
685 1032 0 1032 63.079 303.601 240.522 0.450 0.039
686 1032 0 1032 53.771 277.062 223.291 0.450 0.039
687 1032 0 1032 44.914 277.062 232.148 0.450 0.039
688 1032 0 1032 37.172 277.062 239.890 0.450 0.039
689 758 0 758 29.452 277.062 247.610 0.450 0.039
690 758 0 758 24.136 277.062 252.927 0.467 0.039
691 758 0 758 18.257 277.017 258.761 0.467 0.039
692 758 0 758 14.103 276.972 262.869 0.450 0.038
693 758 0 758 10.839 276.972 266.133 0.450 0.038
694 680 0 680 7.745 276.927 269.182 0.450 0.038
695 476 0 476 4.827 276.927 272.100 0.450 0.038
696 476 0 476 3.354 276.882 273.528 0.450 0.037
697 476 0 476 2.363 276.882 274.519 0.433 0.037
698 392 0 392 1.522 276.882 275.360 0.433 0.037
699 360 0 360 0.986 276.870 275.884 0.433 0.036
700 360 0 360 0.628 276.870 276.242 0.433 0.036
701 267 0 267 0.471 276.870 276.399 0.433 0.035
702 267 0 267 0.342 276.870 276.528 0.433 0.035
703 267 0 267 0.329 276.780 276.451 0.417 0.035
704 267 0 267 0.298 276.780 276.482 0.400 0.034
705 267 0 267 0.277 276.735 276.458 0.400 0.034
706 267 0 267 0.274 276.735 276.461 0.400 0.033
707 267 0 267 0.319 276.735 276.415 0.400 0.033
708 328 0 328 0.436 276.780 276.344 0.383 0.032
709 328 0 328 0.674 276.780 276.105 0.383 0.032
710 392 0 392 1.022 276.780 275.758 0.367 0.031
711 392 0 392 1.373 276.780 275.407 0.367 0.031
712 392 0 392 2.010 276.825 274.815 0.350 0.030
713 418 0 418 2.980 276.825 273.845 0.350 0.030
714 635 0 635 4.133 276.825 272.692 0.350 0.029
715 635 0 635 5.995 276.825 270.829 0.350 0.029
716 635 0 635 8.656 276.825 268.169 0.333 0.028
717 644 0 644 12.078 276.825 264.747 0.317 0.028
718 644 0 644 15.444 276.825 261.381 0.283 0.027
719 817 0 817 21.247 276.825 255.578 0.283 0.027
720 817 0 817 26.799 276.825 250.026 0.267 0.027
721 1078 0 1078 33.125 276.825 243.699 0.267 0.026
722 1078 0 1078 39.165 276.870 237.705 0.250 0.026
723 1078 0 1078 47.061 276.870 229.809 0.250 0.026
724 1078 0 1078 53.831 276.870 223.039 0.217 0.025
725 1078 0 1078 62.545 276.902 214.357 0.217 0.025
726 1078 0 1078 72.298 277.054 204.755 0.217 0.024
727 1184 0 1184 83.638 277.171 193.533 0.217 0.024
728 1184 0 1184 94.002 277.216 183.214 0.217 0.024
729 1184 0 1184 105.410 277.216 171.806 0.250 0.024
730 1268 0 1268 118.918 277.261 158.343 0.250 0.023
731 1268 0 1268 132.296 277.261 144.965 0.250 0.023
732 1268 0 1268 147.743 277.261 129.519 0.217 0.023
733 1401 0 1401 160.611 277.261 116.650 0.217 0.023
734 1401 0 1401 176.060 277.361 101.301 0.217 0.023
735 1401 0 1401 192.471 277.361 84.890 0.233 0.023
736 1528 0 1528 209.145 277.406 68.261 0.250 0.023
737 1528 0 1528 225.384 277.451 52.067 0.283 0.023
738 1528 0 1528 242.131 277.451 35.320 0.267 0.023
739 1604 0 1604 261.260 277.496 16.236 0.267 0.023
740 1645 0 1645 280.428 277.496 2.931 0.250 0.023
741 1645 0 1645 301.481 277.674 23.807 0.267 0.023
742 1684 0 1684 319.726 277.674 42.052 0.250 0.023
743 1762 0 1762 341.616 287.366 54.250 0.233 0.023
744 1812 0 1812 359.916 287.366 72.550 0.233 0.023
745 1812 0 1812 381.643 287.546 94.097 0.233 0.023
746 1822 0 1822 403.591 298.998 104.593 0.233 0.023
747 1822 0 1822 425.811 299.154 126.657 0.233 0.024
748 2091 0 2091 450.292 309.332 140.960 0.233 0.024
749 2091 0 2091 472.371 309.332 163.039 0.250 0.024
750 2171 0 2171 496.741 321.330 175.411 0.250 0.025
751 2171 0 2171 518.740 346.147 172.594 0.267 0.025
752 2171 0 2171 544.597 374.953 169.645 0.250 0.025
753 2171 0 2171 567.794 401.103 166.691 0.267 0.025
754 2171 0 2171 589.951 434.895 155.055 0.267 0.026
755 2171 0 2171 617.622 434.895 182.726 0.267 0.026
756 2171 0 2171 643.062 434.963 208.099 0.283 0.026
757 2171 0 2171 671.203 443.133 228.070 0.283 0.027
758 2171 0 2171 694.735 472.939 221.795 0.283 0.027
759 2171 0 2171 720.563 480.651 239.911 0.283 0.028
760 2171 0 2171 749.382 509.688 239.694 0.283 0.028
761 2171 0 2171 775.665 543.287 232.379 0.283 0.029
762 2171 0 2171 801.317 558.933 242.384 0.300 0.029
763 2171 0 2171 829.569 567.579 261.990 0.300 0.030
764 2293 0 2293 855.114 591.907 263.207 0.300 0.030
765 2293 0 2293 881.794 621.634 260.160 0.300 0.031
766 2293 0 2293 912.595 645.080 267.516 0.317 0.031
767 2293 0 2293 938.512 645.080 293.433 0.317 0.032
768 2293 0 2293 964.618 645.080 319.538 0.317 0.032
769 2293 0 2293 992.616 747.094 245.522 0.350 0.033
770 2293 0 2293 1022.140 782.626 239.514 0.350 0.033
771 2293 0 2293 1047.419 813.259 234.160 0.350 0.034
772 2293 0 2293 1072.467 813.259 259.208 0.383 0.034
773 2293 0 2293 1098.106 820.022 278.084 0.383 0.035
774 2293 0 2293 1122.926 841.389 281.537 0.383 0.035
775 2293 0 2293 1146.641 892.350 254.291 0.417 0.036
776 2293 0 2293 1170.820 963.441 207.379 0.417 0.036
777 2293 0 2293 1192.284 992.867 199.417 0.417 0.036
778 2293 0 2293 1210.909 992.867 218.042 0.417 0.037
779 2293 0 2293 1232.717 1005.607 227.110 0.417 0.037
780 2293 0 2293 1251.707 1005.607 246.100 0.417 0.037
781 2293 0 2293 1269.938 1025.445 244.492 0.417 0.038
782 2293 0 2293 1283.819 1025.445 258.374 0.417 0.038
783 2293 0 2293 1300.154 1025.445 274.709 0.417 0.038
784 2293 0 2293 1311.651 1046.324 265.327 0.450 0.038
785 2293 0 2293 1324.493 1081.155 243.338 0.467 0.039
786 2293 0 2293 1335.974 1081.222 254.751 0.467 0.039
787 2293 0 2293 1347.191 1081.279 265.912 0.467 0.039
788 2293 0 2293 1355.043 1081.279 273.765 0.450 0.039
789 2293 0 2293 1361.061 1081.279 279.782 0.467 0.039
790 2293 0 2293 1368.382 1103.493 264.889 0.467 0.039
791 2293 0 2293 1374.331 1103.493 270.838 0.467 0.039
792 2293 0 2293 1380.694 1103.493 277.201 0.483 0.039
793 2293 0 2293 1382.862 1103.493 279.369 0.483 0.039
794 2293 0 2293 1385.706 1111.809 273.897 0.483 0.039
795 2293 0 2293 1387.878 1111.809 276.069 0.483 0.039
796 2293 0 2293 1388.524 1111.809 276.715 0.483 0.039
797 2293 0 2293 1386.463 1142.704 243.759 0.483 0.039
798 2293 0 2293 1383.315 1142.704 240.611 0.467 0.039
799 2293 0 2293 1380.230 1142.704 237.526 0.483 0.038
800 2293 0 2293 1374.289 1142.704 231.586 0.483 0.038
801 2293 0 2293 1369.130 1142.712 226.418 0.483 0.038
802 2293 0 2293 1360.694 1142.712 217.982 0.483 0.038
803 2293 0 2293 1350.422 1142.712 207.711 0.483 0.037
804 2293 0 2293 1343.571 1142.712 200.860 0.483 0.037
805 2293 0 2293 1333.901 1142.672 191.229 0.467 0.037
806 2293 0 2293 1319.839 1142.672 177.167 0.467 0.037
807 2293 0 2293 1302.974 1142.652 160.322 0.450 0.037
808 2293 0 2293 1287.269 1142.652 144.616 0.450 0.036
809 2293 0 2293 1272.346 1142.652 129.694 0.450 0.036
810 2293 0 2293 1253.800 1142.608 111.192 0.450 0.036
811 2293 0 2293 1237.127 1142.608 94.519 0.450 0.036
812 2293 0 2293 1217.915 1142.549 75.365 0.450 0.036
813 2293 0 2293 1200.246 1142.549 57.696 0.450 0.036
814 2293 0 2293 1179.435 1133.552 45.882 0.467 0.036
815 2293 0 2293 1156.952 1133.552 23.399 0.450 0.035
816 2293 0 2293 1133.429 1133.552 0.124 0.433 0.035
817 2293 0 2293 1105.944 1133.552 27.609 0.433 0.035
818 2293 0 2293 1081.180 1133.552 52.372 0.450 0.035
819 2293 0 2293 1052.393 1133.552 81.159 0.450 0.035
820 2293 0 2293 1021.857 1126.221 104.364 0.467 0.035
821 2293 0 2293 994.111 1126.221 132.111 0.467 0.035
822 2293 0 2293 969.109 1126.221 157.112 0.467 0.035
823 2293 0 2293 940.055 1082.706 142.651 0.483 0.035
824 2136 0 2136 912.445 1055.961 143.516 0.467 0.035
825 2136 0 2136 886.984 1055.961 168.977 0.467 0.035
826 2136 0 2136 855.458 1043.846 188.388 0.450 0.035
827 2136 0 2136 830.218 1035.126 204.909 0.450 0.035
828 2136 0 2136 803.496 1003.905 200.409 0.450 0.035
829 2136 0 2136 774.581 955.273 180.692 0.450 0.035
830 2136 0 2136 748.039 925.460 177.421 0.450 0.035
831 2136 0 2136 721.601 925.362 203.760 0.433 0.035
832 2136 0 2136 695.026 925.362 230.335 0.433 0.035
833 2136 0 2136 669.474 903.269 233.795 0.450 0.035
834 2061 0 2061 643.551 881.830 238.279 0.433 0.035
835 2061 0 2061 617.721 873.786 256.065 0.433 0.035
836 1847 0 1847 590.789 838.226 247.437 0.433 0.035
837 1847 0 1847 564.809 838.226 273.416 0.433 0.035
838 1847 0 1847 540.712 810.723 270.010 0.433 0.035
839 1847 0 1847 519.436 810.608 291.171 0.433 0.035
840 1802 0 1802 496.271 766.006 269.736 0.433 0.035
841 1763 0 1763 473.588 754.052 280.464 0.433 0.035
842 1763 0 1763 450.958 659.206 208.248 0.450 0.036
843 1761 0 1761 427.307 659.206 231.899 0.467 0.036
844 1761 0 1761 404.975 659.206 254.231 0.433 0.036
845 1761 0 1761 383.364 610.124 226.761 0.433 0.036
846 1761 0 1761 357.940 585.739 227.798 0.433 0.036
847 1761 0 1761 335.756 585.739 249.982 0.433 0.036
848 1761 0 1761 313.255 578.045 264.790 0.433 0.037
849 1761 0 1761 290.408 566.952 276.544 0.417 0.037
850 1761 0 1761 272.247 539.121 266.874 0.433 0.037
851 1524 0 1524 252.702 539.121 286.419 0.433 0.037
852 1524 0 1524 235.273 477.372 242.099 0.433 0.037
853 1524 0 1524 218.581 408.203 189.622 0.433 0.037
854 1501 0 1501 201.134 408.136 207.003 0.467 0.038
855 1501 0 1501 186.671 408.136 221.466 0.467 0.038
856 1414 0 1414 172.527 408.136 235.610 0.483 0.038
857 1414 0 1414 157.372 391.354 233.982 0.483 0.038
858 1186 0 1186 143.008 391.290 248.283 0.483 0.038
859 1174 0 1174 130.150 391.290 261.141 0.483 0.038
860 1174 0 1174 116.705 391.227 274.522 0.483 0.039
861 1059 0 1059 105.489 363.785 258.296 0.483 0.039
862 1026 0 1026 92.856 355.446 262.591 0.483 0.039
863 1026 0 1026 81.107 355.446 274.339 0.483 0.039
864 1026 0 1026 73.906 343.777 269.871 0.483 0.039
865 997 0 997 65.614 343.777 278.162 0.483 0.039
866 997 0 997 56.144 343.777 287.633 0.483 0.039
867 864 0 864 46.022 343.721 297.699 0.483 0.039
868 864 0 864 37.988 277.449 239.461 0.483 0.039
869 864 0 864 31.368 277.404 246.036 0.483 0.039
870 774 0 774 24.607 277.404 252.797 0.483 0.039
871 749 0 749 19.520 277.404 257.884 0.467 0.039
872 749 0 749 15.010 277.404 262.394 0.467 0.039
873 749 0 749 11.386 277.404 266.018 0.450 0.038
874 749 0 749 8.176 277.359 269.183 0.433 0.038
875 749 0 749 5.663 277.359 271.696 0.433 0.038
876 749 0 749 3.627 277.359 273.732 0.433 0.038
877 749 0 749 2.395 277.359 274.964 0.433 0.037
878 693 0 693 1.561 277.359 275.798 0.417 0.037
879 400 0 400 0.963 277.359 276.395 0.400 0.036
880 400 0 400 0.669 277.403 276.735 0.400 0.036
881 361 0 361 0.392 277.358 276.966 0.383 0.036
882 361 0 361 0.279 277.358 277.079 0.383 0.035
883 361 0 361 0.201 277.358 277.157 0.383 0.034
884 202 0 202 0.141 277.358 277.217 0.383 0.034
885 184 0 184 0.135 277.358 277.224 0.367 0.034
886 184 0 184 0.142 277.403 277.261 0.350 0.033
887 195 0 195 0.224 277.330 277.106 0.350 0.033
888 430 0 430 0.406 277.330 276.923 0.333 0.032
889 430 0 430 0.656 277.330 276.673 0.333 0.032
890 430 0 430 0.893 277.375 276.482 0.333 0.031
891 683 0 683 1.343 277.375 276.032 0.317 0.031
892 683 0 683 2.010 277.334 275.323 0.317 0.030
893 683 0 683 2.844 277.334 274.490 0.317 0.030
894 683 0 683 4.517 277.334 272.817 0.317 0.029
895 683 0 683 6.399 277.334 270.934 0.300 0.029
896 683 0 683 9.321 277.299 267.978 0.267 0.028
897 699 0 699 13.220 277.299 264.080 0.300 0.028
898 699 0 699 17.054 277.299 260.245 0.300 0.027
899 798 0 798 22.560 277.299 254.739 0.283 0.027
900 798 0 798 28.785 277.294 248.510 0.267 0.027
901 798 0 798 35.434 277.294 241.861 0.267 0.026
902 798 0 798 41.140 277.294 236.154 0.267 0.026
903 832 0 832 49.592 277.294 227.702 0.250 0.025
904 842 0 842 57.643 277.333 219.689 0.233 0.025
905 903 0 903 66.014 277.369 211.354 0.250 0.025
906 1015 0 1015 75.050 277.369 202.318 0.250 0.024
907 1015 0 1015 86.884 277.418 190.533 0.250 0.024
908 1042 0 1042 99.535 277.553 178.018 0.250 0.024
909 1179 0 1179 111.195 277.553 166.358 0.267 0.024
910 1179 0 1179 123.505 277.553 154.049 0.283 0.023
911 1240 0 1240 135.767 277.553 141.786 0.283 0.023
912 1369 0 1369 149.363 277.635 128.272 0.267 0.023
913 1474 0 1474 165.470 277.681 112.211 0.250 0.023
914 1474 0 1474 180.894 277.726 96.832 0.217 0.023
915 1474 0 1474 195.019 277.726 82.707 0.217 0.023
916 1474 0 1474 212.989 277.726 64.736 0.217 0.023
917 1503 0 1503 228.759 277.816 49.057 0.217 0.023
918 1849 0 1849 249.914 277.978 28.064 0.233 0.023
919 1849 0 1849 266.757 278.137 11.379 0.217 0.023
920 1849 0 1849 285.070 278.182 6.889 0.217 0.023
921 1849 0 1849 305.156 278.227 26.929 0.217 0.023
922 1849 0 1849 326.798 278.318 48.480 0.217 0.023
923 1849 0 1849 347.043 287.632 59.411 0.217 0.023
924 1849 0 1849 370.225 287.632 82.593 0.217 0.023
925 1849 0 1849 391.648 287.951 103.697 0.217 0.023
926 1849 0 1849 410.927 300.310 110.617 0.217 0.024
927 1849 0 1849 430.967 300.525 130.442 0.233 0.024
928 1869 0 1869 456.743 300.525 156.218 0.233 0.024
929 1869 0 1869 476.723 300.573 176.150 0.233 0.024
930 1869 0 1869 499.147 330.469 168.678 0.233 0.024
931 1869 0 1869 523.586 330.469 193.117 0.217 0.025
932 1869 0 1869 549.384 371.668 177.716 0.217 0.025
933 1869 0 1869 575.035 402.417 172.618 0.250 0.025
934 1950 0 1950 600.573 419.434 181.139 0.283 0.026
935 1950 0 1950 623.619 419.434 204.185 0.283 0.026
936 1950 0 1950 650.804 429.086 221.718 0.283 0.027
937 2017 0 2017 675.879 470.638 205.240 0.300 0.027
938 2017 0 2017 701.060 470.638 230.421 0.317 0.028
939 2224 0 2224 725.005 470.815 254.190 0.317 0.028
940 2224 0 2224 749.068 512.634 236.434 0.317 0.028
941 2224 0 2224 773.095 541.049 232.046 0.317 0.029
942 2386 0 2386 803.756 552.836 250.919 0.317 0.030
943 2462 0 2462 829.103 578.213 250.890 0.333 0.030
944 2462 0 2462 857.567 590.258 267.308 0.333 0.031
945 2462 0 2462 884.708 597.935 286.773 0.333 0.031
946 2462 0 2462 909.238 597.935 311.303 0.333 0.031
947 2462 0 2462 937.636 661.066 276.570 0.333 0.032
948 2462 0 2462 963.466 670.769 292.698 0.333 0.032
949 2462 0 2462 987.799 670.769 317.030 0.333 0.033
950 2462 0 2462 1014.552 756.621 257.930 0.333 0.033
951 2462 0 2462 1038.030 803.748 234.282 0.333 0.034
952 2462 0 2462 1065.560 804.047 261.514 0.350 0.034
953 2462 0 2462 1090.133 828.821 261.312 0.367 0.035
954 2462 0 2462 1115.696 858.070 257.626 0.367 0.035
955 2462 0 2462 1139.656 889.197 250.460 0.367 0.036
956 2462 0 2462 1164.226 889.325 274.901 0.383 0.036
957 2462 0 2462 1188.958 954.410 234.548 0.400 0.037
958 2462 0 2462 1208.861 954.410 254.450 0.400 0.037
959 2462 0 2462 1231.179 961.819 269.359 0.400 0.037
960 2462 0 2462 1250.973 995.039 255.934 0.400 0.038
961 2462 0 2462 1268.605 1042.803 225.802 0.417 0.038
962 2462 0 2462 1282.737 1042.803 239.933 0.417 0.038
963 2462 0 2462 1298.781 1072.254 226.527 0.433 0.038
964 2462 0 2462 1312.522 1072.343 240.179 0.433 0.039
965 2462 0 2462 1324.174 1072.434 251.740 0.433 0.039
966 2462 0 2462 1334.042 1072.434 261.609 0.433 0.039
967 2462 0 2462 1346.691 1079.869 266.822 0.433 0.039
968 2462 0 2462 1357.623 1086.684 270.939 0.433 0.039
969 2462 0 2462 1365.054 1086.684 278.370 0.433 0.039
970 2462 0 2462 1371.932 1086.684 285.248 0.417 0.039
971 2462 0 2462 1375.443 1086.682 288.762 0.433 0.039
972 2462 0 2462 1379.596 1086.730 292.866 0.433 0.039
973 2462 0 2462 1383.970 1097.480 286.490 0.433 0.039
974 2462 0 2462 1385.975 1097.480 288.495 0.417 0.039
975 2462 0 2462 1385.404 1097.480 287.923 0.417 0.039
976 2462 0 2462 1386.056 1097.480 288.576 0.417 0.039
977 2462 0 2462 1381.838 1097.448 284.391 0.433 0.039
978 2462 0 2462 1380.032 1097.464 282.568 0.417 0.039
979 2462 0 2462 1373.951 1097.439 276.512 0.417 0.038
980 2462 0 2462 1369.586 1097.439 272.147 0.433 0.038
981 2462 0 2462 1362.778 1097.439 265.338 0.417 0.038
982 2462 0 2462 1356.368 1097.439 258.928 0.417 0.038
983 2462 0 2462 1347.454 1097.436 250.018 0.417 0.037
984 2462 0 2462 1336.758 1097.436 239.322 0.417 0.037
985 2462 0 2462 1324.634 1097.382 227.252 0.417 0.037
986 2462 0 2462 1313.054 1097.382 215.672 0.433 0.037
987 2462 0 2462 1296.964 1097.343 199.620 0.450 0.037
988 2462 0 2462 1281.621 1097.235 184.386 0.450 0.037
989 2462 0 2462 1264.674 1097.141 167.533 0.450 0.037
990 2462 0 2462 1250.006 1097.141 152.865 0.450 0.036
991 2462 0 2462 1233.753 1097.020 136.733 0.433 0.036
992 2462 0 2462 1216.258 1097.020 119.238 0.433 0.036
993 2462 0 2462 1196.207 1096.871 99.336 0.433 0.036
994 2462 0 2462 1175.178 1096.871 78.307 0.450 0.036
995 2462 0 2462 1152.677 1096.871 55.806 0.467 0.036
996 2462 0 2462 1126.434 1090.646 35.788 0.483 0.036
997 2462 0 2462 1101.897 1079.343 22.555 0.483 0.035
998 2462 0 2462 1074.506 1071.749 2.758 0.483 0.035
999 2462 0 2462 1053.723 1071.667 17.944 0.483 0.035
1000 2462 0 2462 1029.882 1071.667 41.785 0.483 0.035
1001 2462 0 2462 1006.957 1071.092 64.136 0.483 0.035
1002 2462 0 2462 981.694 1071.092 89.398 0.500 0.035
1003 2260 0 2260 954.509 1071.092 116.583 0.483 0.035
1004 2260 0 2260 925.901 1048.383 122.482 0.467 0.035
1005 2260 0 2260 897.900 1048.054 150.154 0.467 0.035
1006 2260 0 2260 872.563 1034.950 162.387 0.467 0.035
1007 2260 0 2260 843.919 1004.425 160.506 0.483 0.035
1008 2260 0 2260 813.408 1004.425 191.017 0.467 0.035
1009 2110 0 2110 790.231 978.268 188.037 0.467 0.035
1010 2110 0 2110 763.487 961.342 197.855 0.433 0.035
1011 2110 0 2110 737.545 919.356 181.811 0.433 0.035
1012 2110 0 2110 709.600 893.100 183.500 0.400 0.035
1013 2110 0 2110 682.176 892.706 210.531 0.417 0.035
1014 2110 0 2110 657.364 892.612 235.248 0.417 0.035
1015 2110 0 2110 631.251 884.816 253.565 0.417 0.035
1016 2054 0 2054 604.906 851.312 246.407 0.433 0.035
1017 2054 0 2054 577.461 851.312 273.851 0.433 0.035
1018 2054 0 2054 553.167 836.425 283.258 0.433 0.035
1019 2029 0 2029 526.508 801.414 274.907 0.417 0.035
1020 1857 0 1857 503.305 749.383 246.078 0.417 0.036
1021 1857 0 1857 480.453 749.266 268.813 0.417 0.036
1022 1843 0 1843 458.976 674.409 215.433 0.417 0.036
1023 1721 0 1721 437.755 662.102 224.348 0.417 0.036
1024 1721 0 1721 414.288 636.600 222.312 0.417 0.036
1025 1681 0 1681 391.738 636.403 244.665 0.417 0.036
1026 1681 0 1681 367.729 601.998 234.268 0.417 0.036
1027 1681 0 1681 347.477 562.585 215.109 0.400 0.036
1028 1681 0 1681 329.132 550.334 221.202 0.417 0.036
1029 1681 0 1681 308.541 542.812 234.270 0.417 0.037
1030 1681 0 1681 288.424 530.847 242.423 0.417 0.037
1031 1681 0 1681 265.550 530.761 265.211 0.417 0.037
1032 1681 0 1681 247.180 530.761 283.581 0.417 0.037
1033 1681 0 1681 229.201 520.896 291.695 0.417 0.038
1034 1681 0 1681 211.126 497.829 286.703 0.417 0.038
1035 1681 0 1681 193.476 497.829 304.353 0.433 0.038
1036 1540 0 1540 176.633 438.522 261.890 0.433 0.038
1037 1396 0 1396 158.689 438.381 279.692 0.417 0.039
1038 1396 0 1396 144.781 438.381 293.600 0.417 0.039
1039 1396 0 1396 129.199 438.381 309.182 0.433 0.039
1040 1195 0 1195 116.394 438.381 321.987 0.433 0.039
1041 1195 0 1195 104.135 413.088 308.952 0.433 0.039
1042 1195 0 1195 93.912 413.088 319.175 0.433 0.039
1043 1195 0 1195 83.143 392.037 308.894 0.433 0.039
1044 1195 0 1195 73.024 392.037 319.013 0.433 0.039
1045 1195 0 1195 62.600 323.465 260.865 0.433 0.039
1046 1195 0 1195 53.900 323.414 269.514 0.433 0.039
1047 1180 0 1180 44.491 323.414 278.923 0.433 0.039
1048 1180 0 1180 36.833 323.399 286.566 0.433 0.039
1049 1180 0 1180 29.431 323.370 293.939 0.433 0.039
1050 1180 0 1180 24.071 323.319 299.247 0.433 0.039
1051 1180 0 1180 19.560 323.317 303.757 0.433 0.039
1052 840 0 840 15.024 313.086 298.063 0.433 0.039
1053 762 0 762 11.133 313.111 301.978 0.400 0.039
1054 762 0 762 8.156 313.111 304.955 0.400 0.038
1055 520 0 520 5.505 285.288 279.784 0.400 0.038
1056 520 0 520 3.720 273.519 269.799 0.400 0.038
1057 520 0 520 2.686 273.519 270.832 0.400 0.037
1058 449 0 449 1.702 273.519 271.817 0.383 0.037
1059 449 0 449 1.344 273.519 272.175 0.383 0.037
1060 449 0 449 0.871 273.519 272.648 0.383 0.036
1061 449 0 449 0.612 273.650 273.038 0.367 0.036
1062 449 0 449 0.533 273.606 273.074 0.367 0.035
1063 449 0 449 0.457 273.606 273.150 0.350 0.035
1064 449 0 449 0.397 273.606 273.209 0.350 0.035
1065 449 0 449 0.295 273.694 273.399 0.350 0.034
1066 449 0 449 0.263 273.694 273.431 0.333 0.034
1067 516 0 516 0.405 273.694 273.289 0.317 0.033
1068 516 0 516 0.513 273.694 273.182 0.317 0.032
1069 516 0 516 0.672 273.738 273.067 0.300 0.032
1070 551 0 551 0.891 273.738 272.847 0.300 0.031
1071 551 0 551 1.316 273.738 272.423 0.300 0.031
1072 551 0 551 1.932 273.738 271.806 0.300 0.031
1073 551 0 551 2.886 273.826 270.940 0.300 0.030
1074 643 0 643 3.933 273.826 269.893 0.283 0.030
1075 643 0 643 5.487 273.788 268.301 0.283 0.029
1076 643 0 643 8.309 273.788 265.480 0.267 0.029
1077 643 0 643 11.525 273.788 262.263 0.267 0.028
1078 760 0 760 15.511 273.781 258.270 0.250 0.028
1079 760 0 760 19.859 273.781 253.922 0.250 0.027
1080 840 0 840 25.215 273.781 248.565 0.250 0.027
1081 968 0 968 31.149 273.825 242.675 0.233 0.026
1082 1011 0 1011 37.771 273.825 236.053 0.233 0.026
1083 1011 0 1011 45.507 273.839 228.332 0.233 0.026
1084 1011 0 1011 53.264 273.890 220.626 0.217 0.025
1085 1041 0 1041 61.947 274.014 212.067 0.233 0.025
1086 1069 0 1069 72.328 274.014 201.686 0.217 0.025
1087 1133 0 1133 82.681 274.014 191.333 0.200 0.024
1088 1321 0 1321 93.241 274.102 180.861 0.200 0.024
1089 1321 0 1321 103.278 274.102 170.824 0.200 0.024
1090 1321 0 1321 115.522 274.102 158.580 0.200 0.024
1091 1321 0 1321 128.011 274.102 146.091 0.217 0.023
1092 1352 0 1352 141.962 274.102 132.140 0.233 0.023
1093 1352 0 1352 154.767 274.102 119.335 0.233 0.023
1094 1352 0 1352 170.638 274.102 103.463 0.217 0.023
1095 1352 0 1352 187.590 274.102 86.512 0.217 0.023
1096 1363 0 1363 203.983 274.190 70.206 0.217 0.023
1097 1363 0 1363 219.611 274.234 54.623 0.200 0.023
1098 1370 0 1370 237.965 274.357 36.392 0.200 0.023
1099 1480 0 1480 255.945 274.357 18.412 0.200 0.023
1100 1480 0 1480 275.110 274.503 0.607 0.200 0.023
1101 1621 0 1621 293.911 283.386 10.525 0.200 0.023
1102 1621 0 1621 314.247 283.386 30.861 0.217 0.023
1103 1621 0 1621 332.939 283.386 49.553 0.217 0.023
1104 1709 0 1709 353.497 295.629 57.868 0.250 0.023
1105 1904 0 1904 376.071 305.096 70.975 0.250 0.023
1106 1904 0 1904 400.972 305.145 95.828 0.250 0.024
1107 2021 0 2021 423.681 305.145 118.536 0.250 0.024
1108 2021 0 2021 447.771 305.145 142.626 0.267 0.024
1109 2021 0 2021 470.917 316.474 154.443 0.250 0.024
1110 2021 0 2021 495.209 325.100 170.109 0.250 0.025
1111 2021 0 2021 516.624 364.372 152.252 0.250 0.025
1112 2021 0 2021 543.095 364.544 178.551 0.267 0.025
1113 2021 0 2021 567.425 387.498 179.927 0.267 0.026
1114 2021 0 2021 594.146 397.634 196.512 0.283 0.026
1115 2021 0 2021 620.954 397.634 223.320 0.283 0.026
1116 2093 0 2093 645.246 412.103 233.143 0.283 0.027
1117 2125 0 2125 672.163 412.266 259.897 0.283 0.027
1118 2125 0 2125 699.533 449.193 250.340 0.317 0.028
1119 2161 0 2161 726.972 504.986 221.985 0.333 0.028
1120 2161 0 2161 752.893 516.649 236.244 0.333 0.029
1121 2161 0 2161 781.355 524.326 257.029 0.333 0.029
1122 2161 0 2161 807.225 552.190 255.035 0.350 0.030
1123 2161 0 2161 834.503 552.190 282.313 0.350 0.030
1124 2161 0 2161 858.737 583.467 275.271 0.350 0.031
1125 2161 0 2161 887.194 594.467 292.726 0.367 0.031
1126 2161 0 2161 914.966 650.929 264.037 0.383 0.032
1127 2161 0 2161 942.028 675.185 266.843 0.400 0.032
1128 2161 0 2161 968.163 740.507 227.656 0.400 0.033
1129 2249 0 2249 994.328 768.652 225.676 0.417 0.033
1130 2249 0 2249 1020.619 776.085 244.534 0.417 0.034
1131 2249 0 2249 1047.229 788.648 258.581 0.417 0.034
1132 2249 0 2249 1073.508 822.801 250.708 0.433 0.035
1133 2249 0 2249 1101.258 829.763 271.495 0.483 0.035
1134 2249 0 2249 1124.509 829.763 294.747 0.483 0.036
1135 2249 0 2249 1147.308 858.245 289.063 0.500 0.036
1136 2249 0 2249 1170.196 881.150 289.046 0.500 0.037
1137 2249 0 2249 1192.254 957.636 234.617 0.500 0.037
1138 2249 0 2249 1213.712 957.821 255.891 0.517 0.037
1139 2249 0 2249 1233.100 966.809 266.291 0.517 0.038
1140 2249 0 2249 1251.453 981.639 269.814 0.517 0.038
1141 2249 0 2249 1268.920 1035.896 233.025 0.517 0.038
1142 2249 0 2249 1285.326 1035.896 249.431 0.517 0.039
1143 2249 0 2249 1300.815 1036.001 264.814 0.517 0.039
1144 2249 0 2249 1314.500 1064.620 249.880 0.517 0.039
1145 2249 0 2249 1326.517 1072.146 254.371 0.533 0.039
1146 2249 0 2249 1339.868 1072.167 267.702 0.533 0.039
1147 2249 0 2249 1349.899 1078.537 271.362 0.533 0.039
1148 2249 0 2249 1357.726 1078.578 279.147 0.533 0.039
1149 2249 0 2249 1364.614 1078.578 286.035 0.533 0.040
1150 2249 0 2249 1371.658 1078.578 293.079 0.533 0.039
1151 2249 0 2249 1377.270 1089.064 288.206 0.533 0.040
1152 2249 0 2249 1380.904 1089.064 291.840 0.533 0.039
1153 2249 0 2249 1382.752 1089.064 293.687 0.533 0.039
1154 2249 0 2249 1385.012 1089.104 295.907 0.550 0.039
1155 2249 0 2249 1385.679 1089.104 296.575 0.550 0.039
1156 2249 0 2249 1384.394 1089.046 295.348 0.533 0.039
1157 2249 0 2249 1382.918 1089.046 293.872 0.550 0.039
1158 2249 0 2249 1379.538 1089.020 290.518 0.533 0.039
1159 2249 0 2249 1374.842 1088.969 285.874 0.517 0.038
1160 2249 0 2249 1370.658 1088.954 281.704 0.517 0.038
1161 2249 0 2249 1364.575 1088.954 275.620 0.517 0.038
1162 2249 0 2249 1356.517 1088.954 267.562 0.517 0.038
1163 2249 0 2249 1346.630 1088.954 257.675 0.517 0.038
1164 2249 0 2249 1335.723 1088.954 246.769 0.500 0.038
1165 2249 0 2249 1324.820 1088.888 235.932 0.500 0.037
1166 2249 0 2249 1313.494 1088.888 224.605 0.500 0.037
1167 2249 0 2249 1298.000 1088.687 209.313 0.500 0.037
1168 2249 0 2249 1285.351 1088.687 196.664 0.483 0.037
1169 2249 0 2249 1270.816 1088.687 182.129 0.467 0.036
1170 2249 0 2249 1253.789 1088.608 165.181 0.467 0.036
1171 2249 0 2249 1236.490 1088.608 147.881 0.450 0.036
1172 2249 0 2249 1216.583 1088.549 128.034 0.433 0.036
1173 2249 0 2249 1194.780 1082.125 112.654 0.433 0.036
1174 2249 0 2249 1174.147 1082.067 92.080 0.433 0.036
1175 2249 0 2249 1155.910 1082.067 73.843 0.433 0.035
1176 2249 0 2249 1132.199 1082.067 50.132 0.417 0.035
1177 2249 0 2249 1108.121 1063.817 44.304 0.417 0.035
1178 2249 0 2249 1081.747 1063.817 17.930 0.400 0.035
1179 2249 0 2249 1058.131 1063.817 5.686 0.400 0.035
1180 2249 0 2249 1032.249 1055.320 23.071 0.417 0.035
1181 2249 0 2249 1007.743 1055.320 47.577 0.417 0.035
1182 2249 0 2249 980.309 1055.320 75.011 0.400 0.035
1183 2249 0 2249 954.325 1055.320 100.994 0.417 0.035
1184 2249 0 2249 925.744 1046.027 120.282 0.417 0.035
1185 2249 0 2249 894.829 1030.849 136.020 0.417 0.035
1186 2249 0 2249 867.293 1023.625 156.332 0.417 0.035
1187 2249 0 2249 845.808 1023.625 177.817 0.417 0.035
1188 2249 0 2249 820.624 1023.625 203.000 0.400 0.034
1189 2155 0 2155 791.834 989.098 197.264 0.417 0.035
1190 2155 0 2155 765.015 982.173 217.159 0.433 0.035
1191 2155 0 2155 737.053 956.650 219.597 0.433 0.035
1192 2155 0 2155 710.414 945.721 235.307 0.433 0.035
1193 2155 0 2155 687.510 885.038 197.528 0.433 0.034
1194 2109 0 2109 661.769 850.223 188.454 0.417 0.035
1195 2004 0 2004 634.945 850.122 215.177 0.400 0.035
1196 2004 0 2004 606.676 838.779 232.103 0.383 0.035
1197 2004 0 2004 581.536 838.779 257.244 0.383 0.035
1198 2004 0 2004 553.788 817.641 263.853 0.367 0.035
1199 2004 0 2004 527.176 782.085 254.909 0.383 0.035
