1 872 0 872 385.020 0.000 385.020 0.000 0.000
2 872 0 872 411.401 0.000 411.401 0.000 0.000
3 1024 0 1024 432.923 0.000 432.923 0.000 0.000
4 1024 0 1024 449.870 0.000 449.870 0.000 0.000
5 1098 0 1098 470.513 0.000 470.513 0.000 0.000
6 1098 0 1098 488.688 488.688 0.000 37.000 0.336
7 1098 0 1098 511.237 511.237 0.000 36.000 0.309
8 1098 0 1098 530.626 530.626 0.000 34.875 0.285
9 1306 0 1306 551.801 551.801 0.000 33.889 0.267
10 1306 0 1306 572.300 572.300 0.000 34.100 0.253
11 1306 0 1306 594.688 574.682 20.006 31.000 0.250
12 1306 0 1306 614.592 597.060 17.532 28.500 0.234
13 1362 0 1362 634.294 612.041 22.253 26.308 0.220
14 1362 0 1362 651.341 621.983 29.358 24.429 0.208
15 1529 0 1529 669.008 650.496 18.512 22.933 0.197
16 1529 0 1529 688.245 667.832 20.413 21.500 0.189
17 1651 0 1651 702.855 682.610 20.245 20.294 0.180
18 1651 0 1651 721.840 697.560 24.279 19.167 0.173
19 1651 0 1651 743.435 720.713 22.722 18.211 0.167
20 1651 0 1651 762.854 733.842 29.012 17.300 0.161
21 1651 0 1651 785.609 755.221 30.388 16.524 0.165
22 1651 0 1651 806.119 782.284 23.835 15.818 0.160
23 1815 0 1815 826.455 803.377 23.078 15.174 0.156
24 1815 0 1815 844.803 817.011 27.792 14.542 0.152
25 1815 0 1815 862.728 839.800 22.928 14.000 0.148
26 1815 0 1815 879.350 851.609 27.741 13.462 0.144
27 1815 0 1815 894.921 871.813 23.107 13.000 0.141
28 1815 0 1815 911.093 889.565 21.528 12.536 0.138
29 1886 0 1886 929.881 905.185 24.697 12.138 0.135
30 1886 0 1886 949.762 921.227 28.536 11.733 0.133
31 1886 0 1886 965.289 939.920 25.369 11.387 0.135
32 2110 0 2110 981.907 962.274 19.633 11.063 0.133
33 2110 0 2110 995.298 971.139 24.159 10.727 0.130
34 2110 0 2110 1008.061 980.240 27.821 10.412 0.128
35 2128 0 2128 1023.911 1002.146 21.765 10.143 0.126
36 2128 0 2128 1040.392 1021.478 18.914 9.889 0.124
37 2148 0 2148 1055.529 1031.737 23.791 9.622 0.122
38 2148 0 2148 1068.997 1046.386 22.611 9.395 0.120
39 2148 0 2148 1080.048 1055.303 24.745 9.154 0.118
40 2148 0 2148 1093.007 1064.019 28.988 8.925 0.116
41 2148 0 2148 1105.036 1082.667 22.368 8.732 0.119
42 2148 0 2148 1116.690 1084.133 32.557 8.524 0.117
43 2148 0 2148 1128.147 1106.248 21.899 8.349 0.115
44 2148 0 2148 1137.312 1113.065 24.247 8.159 0.114
45 2148 0 2148 1146.721 1118.965 27.756 7.978 0.112
46 2148 0 2148 1156.781 1128.964 27.817 7.826 0.111
47 2148 0 2148 1166.433 1141.984 24.449 7.660 0.109
48 2148 0 2148 1176.023 1150.662 25.362 7.500 0.108
49 2148 0 2148 1184.700 1158.978 25.722 7.367 0.106
50 2148 0 2148 1193.240 1170.616 22.624 7.220 0.105
51 2148 0 2148 1201.636 1173.496 28.140 7.078 0.107
52 2148 0 2148 1208.348 1175.703 32.645 6.942 0.106
53 2200 0 2200 1214.877 1183.937 30.940 6.811 0.105
54 2200 0 2200 1220.651 1195.054 25.598 6.704 0.103
55 2200 0 2200 1225.660 1195.100 30.560 6.582 0.102
56 2200 0 2200 1231.797 1198.951 32.847 6.464 0.101
57 2200 0 2200 1235.737 1214.200 21.537 6.368 0.099
58 2200 0 2200 1240.265 1215.427 24.839 6.259 0.098
59 2200 0 2200 1244.514 1215.427 29.087 6.153 0.097
60 2200 0 2200 1248.101 1215.427 32.675 6.050 0.095
61 2200 0 2200 1264.127 1233.956 30.171 6.050 0.099
62 2200 0 2200 1280.223 1257.589 22.634 6.067 0.100
63 2200 0 2200 1295.499 1268.858 26.642 6.067 0.101
64 2200 0 2200 1309.167 1289.174 19.994 6.083 0.102
65 2200 0 2200 1324.438 1298.555 25.882 6.083 0.103
66 2200 0 2200 1337.304 1314.182 23.122 2.383 0.071
67 2200 0 2200 1349.564 1315.354 34.210 1.883 0.069
68 2200 0 2200 1358.182 1338.165 20.017 1.450 0.068
69 2200 0 2200 1366.068 1342.268 23.800 1.283 0.067
70 2200 0 2200 1372.895 1351.303 21.593 1.283 0.066
71 2200 0 2200 1379.667 1362.212 17.455 1.267 0.066
72 2200 0 2200 1384.300 1363.187 21.113 1.217 0.066
73 2200 0 2200 1387.836 1366.654 21.181 1.183 0.066
74 2200 0 2200 1389.896 1373.551 16.345 1.167 0.066
75 2200 0 2200 1389.271 1373.551 15.720 1.150 0.066
76 2200 0 2200 1387.871 1373.551 14.320 1.150 0.066
77 2200 0 2200 1383.956 1373.551 10.404 1.150 0.066
78 2200 0 2200 1381.071 1373.551 7.520 1.150 0.066
79 2200 0 2200 1378.576 1373.551 5.025 1.150 0.065
80 2200 0 2200 1374.542 1373.551 0.991 1.150 0.065
81 2200 0 2200 1370.504 1372.472 1.968 1.167 0.065
82 2200 0 2200 1362.492 1370.788 8.296 1.117 0.065
83 2200 0 2200 1353.749 1370.788 17.039 1.083 0.064
84 2200 0 2200 1344.150 1361.394 17.244 1.067 0.064
85 2200 0 2200 1332.457 1350.632 18.176 1.067 0.064
86 2200 0 2200 1320.786 1342.283 21.497 1.067 0.064
87 2200 0 2200 1304.987 1334.358 29.371 1.100 0.064
88 2200 0 2200 1292.071 1316.285 24.214 1.083 0.064
89 2200 0 2200 1274.501 1304.514 30.013 1.100 0.065
90 2200 0 2200 1257.212 1279.962 22.750 1.117 0.065
91 2200 0 2200 1237.941 1262.021 24.081 1.117 0.065
92 2200 0 2200 1218.524 1245.511 26.987 1.150 0.065
93 2200 0 2200 1200.116 1227.448 27.332 1.133 0.066
94 2200 0 2200 1177.021 1200.918 23.897 1.150 0.067
95 2200 0 2200 1156.859 1186.385 29.526 1.133 0.067
96 2200 0 2200 1136.039 1164.274 28.235 1.133 0.067
97 2200 0 2200 1107.465 1130.407 22.942 1.183 0.068
98 2200 0 2200 1082.513 1115.563 33.050 1.167 0.069
99 2200 0 2200 1058.889 1091.938 33.050 1.183 0.070
100 2200 0 2200 1035.416 1066.260 30.844 1.183 0.070
101 2200 0 2200 1009.226 1037.212 27.985 1.217 0.071
102 2200 0 2200 982.081 1012.522 30.442 1.300 0.072
103 2200 0 2200 953.115 984.670 31.555 1.317 0.073
104 2200 0 2200 928.165 960.454 32.289 1.317 0.074
105 2200 0 2200 904.088 931.298 27.210 1.333 0.075
106 2200 0 2200 873.725 902.564 28.839 1.383 0.076
107 2200 0 2200 846.094 871.922 25.828 1.417 0.077
108 2200 0 2200 817.291 844.475 27.184 1.467 0.078
109 2200 0 2200 791.725 810.929 19.205 1.483 0.079
110 2200 0 2200 764.634 790.988 26.354 1.550 0.080
111 2200 0 2200 736.272 762.881 26.609 1.567 0.081
112 2200 0 2200 707.731 735.557 27.826 1.583 0.083
113 2190 0 2190 679.893 706.906 27.013 1.683 0.084
114 2190 0 2190 653.005 683.790 30.785 1.717 0.085
115 2190 0 2190 626.772 655.403 28.631 1.750 0.086
116 2190 0 2190 598.036 622.419 24.383 1.783 0.087
117 2190 0 2190 575.167 602.121 26.953 1.817 0.089
118 2190 0 2190 550.248 575.727 25.479 1.833 0.090
119 2190 0 2190 523.959 541.916 17.957 1.900 0.091
120 2190 0 2190 498.497 521.857 23.360 1.950 0.093
121 2190 0 2190 473.754 494.174 20.421 1.917 0.093
122 2190 0 2190 449.956 476.392 26.437 1.900 0.094
123 2190 0 2190 424.741 455.534 30.793 1.950 0.094
124 2190 0 2190 401.416 431.986 30.571 1.933 0.095
125 2190 0 2190 380.934 409.627 28.693 1.967 0.095
126 2029 0 2029 356.802 382.181 25.379 1.983 0.095
127 2029 0 2029 333.147 355.099 21.952 1.983 0.096
128 2029 0 2029 314.344 340.045 25.701 1.983 0.097
129 2029 0 2029 293.739 313.289 19.550 1.983 0.097
130 1688 0 1688 274.443 302.854 28.410 1.983 0.098
131 1688 0 1688 255.623 284.537 28.914 1.983 0.098
132 1688 0 1688 237.364 270.094 32.730 1.967 0.098
133 1688 0 1688 220.146 246.999 26.853 2.033 0.098
134 1688 0 1688 205.890 237.314 31.425 2.050 0.098
135 1688 0 1688 188.620 215.935 27.315 2.083 0.099
136 1688 0 1688 171.313 193.362 22.049 2.083 0.099
137 1688 0 1688 154.789 181.528 26.740 2.117 0.100
138 1688 0 1688 139.125 172.293 33.168 2.117 0.100
139 1688 0 1688 128.136 153.893 25.758 2.083 0.101
140 1688 0 1688 116.705 144.701 27.995 2.100 0.101
141 1469 0 1469 105.925 127.630 21.705 2.117 0.101
142 1469 0 1469 93.734 124.923 31.188 2.117 0.101
143 1469 0 1469 82.589 104.378 21.789 2.117 0.101
144 1122 0 1122 73.229 98.485 25.256 2.133 0.101
145 901 0 901 63.839 89.674 25.836 2.133 0.101
146 901 0 901 55.591 87.609 32.019 2.133 0.101
147 787 0 787 45.579 75.478 29.900 2.100 0.101
148 786 0 786 38.800 73.971 35.171 2.100 0.100
149 786 0 786 31.388 57.171 25.783 2.083 0.100
150 786 0 786 25.492 52.660 27.168 2.067 0.099
151 786 0 786 19.870 51.788 31.918 2.050 0.099
152 786 0 786 15.244 46.790 31.546 2.033 0.098
153 786 0 786 11.741 42.292 30.552 2.033 0.097
154 629 0 629 7.689 30.314 22.626 2.017 0.096
155 629 0 629 5.514 30.314 24.801 2.017 0.095
156 596 0 596 4.098 29.277 25.178 1.983 0.094
157 596 0 596 2.573 27.679 25.106 1.917 0.092
158 596 0 596 1.657 27.679 26.022 1.900 0.091
159 596 0 596 1.185 27.679 26.494 1.833 0.089
160 596 0 596 0.871 27.675 26.803 1.800 0.088
161 334 0 334 0.505 27.675 27.169 1.733 0.086
162 230 0 230 0.316 27.675 27.359 1.683 0.084
163 230 0 230 0.223 27.679 27.456 1.633 0.083
164 230 0 230 0.195 27.679 27.484 1.617 0.081
165 230 0 230 0.171 27.679 27.508 1.567 0.080
166 230 0 230 0.199 27.675 27.475 1.517 0.078
167 230 0 230 0.256 27.675 27.419 1.467 0.076
168 273 0 273 0.341 27.670 27.329 1.400 0.074
169 273 0 273 0.516 27.670 27.154 1.383 0.073
170 721 0 721 0.949 27.666 26.718 1.317 0.071
171 721 0 721 1.210 27.675 26.465 1.300 0.069
172 721 0 721 1.818 27.675 25.857 1.250 0.067
173 721 0 721 2.677 27.675 24.998 1.200 0.066
174 721 0 721 3.482 27.675 24.193 1.183 0.064
175 721 0 721 5.866 27.707 21.841 1.167 0.062
176 763 0 763 9.089 27.719 18.630 1.150 0.061
177 763 0 763 12.655 27.719 15.064 1.117 0.060
178 763 0 763 16.457 27.723 11.267 1.117 0.058
179 1042 0 1042 20.917 27.723 6.807 1.050 0.057
180 1042 0 1042 26.513 28.516 2.003 0.967 0.056
181 1042 0 1042 32.116 28.569 3.547 0.900 0.054
182 1042 0 1042 38.563 31.076 7.488 0.900 0.053
183 1042 0 1042 46.089 32.204 13.885 0.883 0.052
184 1042 0 1042 54.711 34.405 20.306 0.867 0.052
185 1409 0 1409 63.870 42.328 21.543 0.817 0.051
186 1409 0 1409 72.662 51.667 20.995 0.817 0.050
187 1409 0 1409 83.261 55.559 27.702 0.817 0.049
188 1409 0 1409 93.600 62.946 30.653 0.817 0.049
189 1437 0 1437 104.641 80.027 24.614 0.817 0.049
190 1437 0 1437 116.844 86.529 30.316 0.783 0.048
191 1437 0 1437 131.094 104.145 26.949 0.833 0.048
192 1437 0 1437 145.665 112.541 33.124 0.833 0.048
193 1437 0 1437 161.958 135.193 26.766 0.850 0.048
194 1437 0 1437 176.702 148.963 27.739 0.850 0.048
195 1437 0 1437 190.730 158.360 32.370 0.833 0.047
196 1467 0 1467 208.563 175.642 32.921 0.817 0.047
197 1467 0 1467 224.091 191.321 32.770 0.733 0.047
198 1467 0 1467 240.945 206.357 34.589 0.700 0.047
199 1658 0 1658 257.554 221.176 36.378 0.700 0.048
200 1658 0 1658 279.475 257.489 21.985 0.733 0.048
201 1658 0 1658 299.059 270.016 29.043 0.717 0.049
202 1658 0 1658 319.179 295.002 24.177 0.717 0.049
203 1658 0 1658 344.434 320.351 24.083 0.733 0.050
204 1724 0 1724 362.645 334.064 28.581 0.750 0.050
205 1724 0 1724 382.841 360.403 22.438 0.750 0.051
206 1724 0 1724 403.337 371.486 31.851 0.767 0.052
207 1752 0 1752 423.414 389.696 33.718 0.767 0.052
208 1752 0 1752 443.968 417.947 26.021 0.817 0.053
209 1808 0 1808 467.767 444.958 22.809 0.833 0.054
210 1818 0 1818 490.108 470.101 20.008 0.883 0.055
211 1818 0 1818 511.227 482.084 29.143 0.917 0.055
212 1986 0 1986 535.509 510.491 25.017 0.950 0.056
213 1987 0 1987 564.314 538.915 25.399 0.983 0.058
214 1987 0 1987 584.177 553.773 30.405 0.983 0.059
215 1987 0 1987 608.148 577.944 30.204 1.017 0.060
216 2023 0 2023 631.813 599.290 32.522 1.067 0.061
217 2023 0 2023 653.466 624.848 28.617 1.083 0.063
218 2253 0 2253 677.485 656.894 20.592 1.133 0.064
219 2253 0 2253 703.334 679.359 23.975 1.200 0.066
220 2253 0 2253 729.675 706.588 23.087 1.217 0.067
221 2253 0 2253 761.649 731.538 30.111 1.333 0.069
222 2253 0 2253 791.994 771.129 20.865 1.417 0.071
223 2325 0 2325 818.875 791.161 27.714 1.433 0.073
224 2325 0 2325 848.752 819.964 28.788 1.500 0.075
225 2325 0 2325 873.534 844.284 29.250 1.550 0.076
226 2325 0 2325 901.717 872.469 29.248 1.583 0.078
227 2325 0 2325 929.676 903.319 26.356 1.617 0.080
228 2325 0 2325 956.407 930.913 25.494 1.633 0.081
229 2325 0 2325 984.920 960.361 24.559 1.650 0.083
230 2325 0 2325 1012.578 989.140 23.438 1.683 0.085
231 2325 0 2325 1038.108 1018.185 19.922 1.733 0.086
232 2325 0 2325 1064.736 1039.507 25.229 1.783 0.088
233 2325 0 2325 1090.474 1062.024 28.450 1.800 0.090
234 2325 0 2325 1113.737 1084.455 29.282 1.817 0.091
235 2325 0 2325 1137.869 1114.793 23.076 1.883 0.092
236 2325 0 2325 1164.250 1141.297 22.953 1.900 0.093
237 2325 0 2325 1187.518 1162.547 24.972 1.933 0.095
238 2325 0 2325 1207.621 1181.549 26.073 1.933 0.096
239 2325 0 2325 1227.581 1202.063 25.519 1.983 0.097
240 2325 0 2325 1248.137 1222.587 25.550 2.000 0.098
241 2325 0 2325 1265.163 1237.422 27.740 2.017 0.098
242 2325 0 2325 1280.524 1256.273 24.251 2.033 0.099
243 2325 0 2325 1295.530 1262.960 32.570 2.067 0.099
244 2325 0 2325 1311.064 1285.164 25.901 2.067 0.099
245 2325 0 2325 1323.440 1297.135 26.305 2.083 0.099
246 2325 0 2325 1333.941 1310.601 23.340 2.083 0.100
247 2325 0 2325 1344.155 1320.597 23.557 2.067 0.100
248 2325 0 2325 1352.466 1330.782 21.684 2.067 0.100
249 2325 0 2325 1359.145 1342.800 16.345 2.067 0.100
250 2325 0 2325 1365.606 1343.944 21.662 2.067 0.100
251 2325 0 2325 1371.731 1349.972 21.759 2.033 0.100
252 2325 0 2325 1376.059 1358.880 17.179 2.017 0.100
253 2325 0 2325 1379.711 1359.961 19.750 1.983 0.099
254 2325 0 2325 1380.835 1362.700 18.135 2.000 0.099
255 2325 0 2325 1380.749 1364.716 16.032 2.017 0.099
256 2325 0 2325 1380.176 1372.397 7.779 2.017 0.099
257 2325 0 2325 1378.306 1372.397 5.909 2.017 0.098
258 2325 0 2325 1374.813 1372.397 2.416 2.017 0.098
259 2325 0 2325 1369.997 1371.459 1.462 2.017 0.098
260 2325 0 2325 1365.961 1371.364 5.403 1.983 0.097
261 2325 0 2325 1358.966 1370.300 11.334 2.000 0.097
262 2325 0 2325 1349.131 1365.467 16.336 2.000 0.096
263 2325 0 2325 1341.625 1361.300 19.675 1.933 0.095
264 2325 0 2325 1331.722 1351.896 20.174 1.933 0.095
265 2325 0 2325 1319.415 1346.068 26.653 1.900 0.094
266 2325 0 2325 1306.770 1325.078 18.308 1.867 0.094
267 2325 0 2325 1292.871 1318.236 25.365 1.883 0.093
268 2325 0 2325 1279.847 1307.618 27.772 1.850 0.093
269 2325 0 2325 1264.523 1292.023 27.500 1.850 0.092
270 2325 0 2325 1247.286 1269.216 21.931 1.783 0.092
271 2325 0 2325 1226.906 1252.255 25.349 1.833 0.092
272 2325 0 2325 1208.019 1238.140 30.121 1.817 0.092
273 2325 0 2325 1186.794 1213.911 27.117 1.767 0.091
274 2325 0 2325 1167.648 1191.859 24.211 1.783 0.091
275 2325 0 2325 1145.464 1176.741 31.277 1.783 0.091
276 2325 0 2325 1121.517 1153.163 31.646 1.817 0.091
277 2325 0 2325 1098.324 1128.585 30.261 1.800 0.091
278 2325 0 2325 1075.135 1098.972 23.838 1.817 0.091
279 2325 0 2325 1050.747 1072.598 21.851 1.867 0.091
280 2325 0 2325 1027.419 1054.522 27.104 1.850 0.090
281 2325 0 2325 998.880 1018.098 19.218 1.867 0.090
282 2325 0 2325 970.718 996.762 26.044 1.867 0.090
283 2174 0 2174 942.239 970.138 27.899 1.900 0.090
284 2174 0 2174 911.616 940.478 28.862 1.950 0.090
285 2174 0 2174 886.148 909.714 23.566 1.983 0.090
286 2174 0 2174 860.172 883.965 23.793 1.983 0.090
287 2174 0 2174 836.337 861.887 25.550 1.900 0.090
288 2174 0 2174 810.914 835.721 24.807 1.850 0.090
289 2174 0 2174 786.070 808.156 22.086 1.833 0.090
290 2174 0 2174 757.964 780.079 22.115 1.833 0.090
291 2174 0 2174 730.891 753.160 22.269 1.833 0.090
292 2071 0 2071 705.784 733.558 27.774 1.867 0.090
293 2071 0 2071 679.955 704.644 24.689 1.900 0.090
294 1937 0 1937 653.951 680.230 26.279 1.883 0.090
295 1937 0 1937 630.810 651.512 20.702 1.850 0.090
296 1937 0 1937 607.256 639.452 32.196 1.900 0.090
297 1937 0 1937 582.125 609.118 26.993 1.883 0.091
298 1937 0 1937 557.697 583.340 25.642 1.917 0.091
299 1893 0 1893 531.981 561.575 29.594 1.883 0.091
300 1893 0 1893 506.619 531.622 25.003 1.917 0.092
301 1893 0 1893 480.611 506.306 25.695 1.950 0.092
302 1893 0 1893 454.008 479.543 25.534 1.933 0.093
303 1893 0 1893 433.542 465.750 32.207 1.917 0.093
304 1893 0 1893 409.281 434.159 24.877 1.933 0.094
305 1893 0 1893 388.075 413.406 25.331 1.967 0.094
306 1893 0 1893 365.265 396.075 30.810 2.033 0.095
307 1893 0 1893 344.528 371.107 26.579 2.017 0.095
308 1893 0 1893 323.308 353.880 30.572 2.017 0.096
309 1893 0 1893 301.982 319.863 17.881 2.017 0.096
310 1893 0 1893 283.149 304.177 21.029 2.083 0.097
311 1893 0 1893 263.352 289.618 26.266 2.050 0.097
312 1893 0 1893 243.315 268.068 24.752 2.033 0.098
313 1470 0 1470 224.259 254.044 29.786 2.083 0.098
314 1470 0 1470 205.140 229.525 24.386 2.083 0.099
315 1395 0 1395 190.420 220.836 30.415 2.100 0.099
316 1326 0 1326 173.964 204.286 30.323 2.117 0.099
317 1326 0 1326 160.552 195.058 34.506 2.133 0.099
318 1173 0 1173 146.005 173.670 27.665 2.133 0.099
319 1173 0 1173 132.122 158.938 26.817 2.150 0.099
320 1141 0 1141 119.782 153.669 33.887 2.150 0.100
321 1090 0 1090 107.055 135.792 28.737 2.167 0.100
322 1090 0 1090 93.865 122.977 29.112 2.167 0.100
323 1078 0 1078 83.487 113.054 29.567 2.167 0.100
324 995 0 995 73.660 98.655 24.995 2.183 0.100
325 995 0 995 63.279 93.162 29.883 2.183 0.100
326 968 0 968 54.225 77.959 23.734 2.183 0.100
327 968 0 968 45.608 75.515 29.907 2.183 0.099
328 968 0 968 38.597 67.780 29.183 2.183 0.099
329 968 0 968 32.258 65.103 32.845 2.150 0.099
330 819 0 819 25.994 59.121 33.127 2.150 0.098
331 819 0 819 20.042 51.415 31.373 2.083 0.098
332 619 0 619 15.211 39.558 24.347 2.067 0.097
333 618 0 618 11.202 36.169 24.967 2.033 0.096
334 618 0 618 8.150 36.150 28.000 2.017 0.095
335 513 0 513 5.808 31.756 25.949 2.000 0.094
336 513 0 513 3.611 31.748 28.137 1.967 0.093
337 504 0 504 2.493 28.767 26.274 1.967 0.091
338 504 0 504 1.813 27.560 25.748 1.933 0.090
339 326 0 326 1.359 27.560 26.201 1.883 0.088
340 318 0 318 0.863 27.560 26.697 1.833 0.087
341 318 0 318 0.697 27.556 26.858 1.800 0.085
342 305 0 305 0.507 27.556 27.049 1.717 0.084
343 305 0 305 0.468 27.556 27.088 1.650 0.082
344 305 0 305 0.418 27.551 27.133 1.650 0.080
345 305 0 305 0.329 27.551 27.222 1.617 0.078
346 312 0 312 0.371 27.537 27.166 1.550 0.077
347 331 0 331 0.416 27.537 27.121 1.500 0.075
348 331 0 331 0.422 27.537 27.115 1.450 0.074
349 331 0 331 0.551 27.542 26.991 1.417 0.072
350 352 0 352 0.782 27.542 26.760 1.400 0.070
351 472 0 472 1.247 27.546 26.299 1.383 0.069
352 472 0 472 1.596 27.551 25.955 1.350 0.067
353 472 0 472 2.505 27.551 25.046 1.300 0.065
354 569 0 569 3.492 27.551 24.059 1.283 0.064
355 570 0 570 5.361 27.551 22.190 1.233 0.062
356 570 0 570 7.685 27.554 19.869 1.217 0.061
357 610 0 610 11.328 27.554 16.226 1.167 0.060
358 812 0 812 15.240 27.619 12.379 1.133 0.058
359 812 0 812 21.918 27.619 5.702 1.083 0.057
360 860 0 860 27.297 28.376 1.079 1.083 0.056
361 860 0 860 33.927 28.376 5.551 1.050 0.055
362 860 0 860 41.556 29.492 12.064 1.033 0.054
363 860 0 860 48.608 33.391 15.216 1.017 0.053
364 860 0 860 57.729 35.413 22.315 1.000 0.052
365 995 0 995 67.320 43.014 24.306 0.967 0.052
366 1045 0 1045 76.344 54.502 21.842 0.950 0.051
367 1045 0 1045 87.111 59.123 27.988 0.933 0.050
368 1163 0 1163 97.776 65.958 31.819 0.917 0.050
369 1207 0 1207 109.301 73.782 35.519 0.883 0.049
370 1207 0 1207 123.233 96.986 26.246 0.900 0.049
371 1207 0 1207 135.971 102.845 33.127 0.867 0.048
372 1399 0 1399 153.623 125.252 28.371 0.900 0.048
373 1399 0 1399 167.331 143.906 23.425 0.933 0.048
374 1602 0 1602 183.705 157.674 26.030 0.900 0.048
375 1602 0 1602 197.940 169.110 28.830 0.900 0.048
376 1602 0 1602 213.736 183.116 30.620 0.867 0.048
377 1646 0 1646 230.664 200.660 30.004 0.900 0.048
378 1704 0 1704 247.945 214.354 33.591 0.900 0.048
379 1704 0 1704 267.634 237.596 30.038 0.900 0.048
380 1704 0 1704 287.395 259.063 28.332 0.917 0.049
381 1704 0 1704 306.341 278.587 27.754 0.900 0.049
382 2209 0 2209 325.704 298.511 27.193 0.850 0.050
383 2209 0 2209 346.858 322.414 24.444 0.867 0.050
384 2209 0 2209 369.844 342.292 27.552 0.883 0.051
385 2209 0 2209 391.546 362.691 28.856 0.933 0.051
386 2209 0 2209 411.641 390.164 21.477 0.933 0.052
387 2209 0 2209 433.541 402.396 31.145 0.900 0.053
388 2209 0 2209 456.168 431.688 24.480 0.917 0.054
389 2209 0 2209 479.620 455.485 24.135 0.933 0.055
390 2209 0 2209 502.549 480.362 22.187 1.000 0.056
391 2209 0 2209 526.356 497.188 29.169 1.000 0.057
392 2209 0 2209 549.249 522.694 26.555 1.017 0.058
393 2209 0 2209 571.590 544.427 27.163 1.033 0.059
394 2209 0 2209 595.737 570.790 24.947 1.067 0.060
395 2209 0 2209 619.107 597.112 21.995 1.067 0.061
396 2209 0 2209 643.729 613.938 29.791 1.117 0.063
397 2209 0 2209 672.222 643.173 29.049 1.183 0.064
398 2209 0 2209 697.870 675.297 22.573 1.200 0.066
399 2209 0 2209 724.368 699.777 24.591 1.267 0.067
400 2209 0 2209 751.342 726.729 24.613 1.300 0.069
401 2209 0 2209 777.848 753.109 24.739 1.333 0.071
402 2209 0 2209 802.277 778.300 23.977 1.400 0.072
403 2209 0 2209 828.850 799.072 29.778 1.433 0.074
404 2209 0 2209 854.982 825.641 29.341 1.467 0.076
405 2209 0 2209 879.960 855.497 24.462 1.500 0.077
406 2209 0 2209 906.787 881.566 25.220 1.600 0.079
407 2209 0 2209 934.030 909.174 24.856 1.633 0.080
408 2209 0 2209 958.428 930.432 27.996 1.650 0.082
409 2209 0 2209 982.294 960.815 21.479 1.683 0.083
410 2209 0 2209 1009.967 989.466 20.501 1.700 0.085
411 2209 0 2209 1036.064 1006.251 29.812 1.717 0.087
412 2209 0 2209 1060.241 1032.400 27.841 1.750 0.088
413 2209 0 2209 1086.697 1065.732 20.965 1.817 0.090
414 2209 0 2209 1109.752 1088.028 21.724 1.900 0.091
415 2209 0 2209 1133.936 1111.392 22.544 1.900 0.093
416 2209 0 2209 1157.021 1132.912 24.109 1.950 0.094
417 2209 0 2209 1179.330 1160.143 19.187 1.950 0.095
418 2209 0 2209 1199.111 1169.772 29.339 2.000 0.096
419 2209 0 2209 1224.646 1205.273 19.373 2.050 0.097
420 2209 0 2209 1241.923 1213.526 28.398 2.067 0.098
421 2209 0 2209 1260.250 1236.312 23.939 2.083 0.098
422 2209 0 2209 1278.484 1251.630 26.854 2.100 0.099
423 2209 0 2209 1293.322 1268.940 24.382 2.117 0.099
424 2209 0 2209 1308.773 1285.507 23.266 2.133 0.100
425 2209 0 2209 1322.498 1299.072 23.426 2.133 0.100
426 2209 0 2209 1333.287 1307.693 25.594 2.133 0.100
427 2209 0 2209 1344.148 1324.995 19.153 2.150 0.100
428 2209 0 2209 1352.560 1329.842 22.718 2.150 0.100
429 2209 0 2209 1360.463 1342.757 17.707 2.167 0.100
430 2209 0 2209 1368.660 1347.168 21.491 2.150 0.100
431 2209 0 2209 1374.583 1348.924 25.659 2.150 0.100
432 2209 0 2209 1381.923 1361.626 20.297 2.183 0.100
433 2209 0 2209 1384.875 1365.154 19.720 2.183 0.100
434 2209 0 2209 1386.952 1371.234 15.719 2.183 0.099
435 2209 0 2209 1387.415 1372.128 15.287 2.183 0.099
436 2209 0 2209 1386.980 1372.128 14.852 2.200 0.099
437 2209 0 2209 1384.760 1371.037 13.724 2.217 0.099
438 2209 0 2209 1382.108 1371.037 11.072 2.167 0.098
439 2209 0 2209 1378.356 1371.037 7.319 2.183 0.098
440 2209 0 2209 1372.482 1378.722 6.239 2.133 0.098
441 2209 0 2209 1365.038 1377.078 12.040 2.117 0.097
442 2172 0 2172 1356.486 1373.037 16.551 2.117 0.096
443 2172 0 2172 1346.361 1366.165 19.804 2.067 0.096
444 2172 0 2172 1334.605 1353.984 19.380 2.050 0.095
445 2172 0 2172 1321.315 1344.376 23.060 2.083 0.095
446 2172 0 2172 1308.289 1331.789 23.501 2.117 0.094
447 2172 0 2172 1294.336 1318.093 23.756 2.100 0.094
448 2172 0 2172 1280.367 1304.899 24.532 2.133 0.093
449 2172 0 2172 1261.135 1284.919 23.784 2.133 0.093
450 2172 0 2172 1243.873 1264.240 20.367 2.133 0.092
451 2172 0 2172 1227.836 1255.526 27.690 2.117 0.092
452 2172 0 2172 1205.451 1237.469 32.018 2.117 0.092
453 2172 0 2172 1183.538 1213.918 30.380 2.117 0.092
454 2172 0 2172 1162.160 1187.611 25.451 2.117 0.091
455 2172 0 2172 1143.416 1168.365 24.949 2.083 0.091
456 2172 0 2172 1122.837 1151.413 28.576 2.083 0.091
457 2172 0 2172 1096.576 1128.844 32.267 2.067 0.091
458 2172 0 2172 1073.746 1096.684 22.938 2.033 0.091
459 2172 0 2172 1048.288 1070.664 22.375 1.983 0.090
460 2172 0 2172 1021.418 1050.276 28.858 1.983 0.090
461 2156 0 2156 997.184 1028.304 31.120 1.983 0.090
462 2149 0 2149 972.243 997.855 25.611 1.967 0.090
463 2149 0 2149 946.527 972.172 25.644 1.950 0.090
464 2149 0 2149 918.930 946.295 27.366 1.933 0.090
465 2149 0 2149 894.376 920.482 26.106 1.967 0.090
466 2149 0 2149 866.980 897.835 30.855 1.983 0.090
467 2149 0 2149 837.178 858.537 21.360 1.967 0.090
468 2054 0 2054 813.544 841.773 28.229 1.967 0.090
469 2054 0 2054 786.725 806.117 19.393 1.983 0.091
470 2054 0 2054 760.700 783.438 22.738 1.950 0.091
471 2054 0 2054 734.362 765.046 30.684 1.950 0.091
472 2054 0 2054 709.883 732.295 22.412 1.967 0.091
473 2054 0 2054 680.634 706.762 26.128 2.017 0.091
474 2054 0 2054 654.989 680.330 25.340 1.983 0.091
475 2054 0 2054 626.870 651.946 25.076 2.067 0.091
476 2054 0 2054 601.923 631.196 29.272 2.050 0.091
477 2054 0 2054 575.538 602.165 26.627 2.050 0.091
478 2054 0 2054 552.479 576.404 23.925 2.083 0.092
479 2021 0 2021 528.447 552.899 24.453 2.000 0.092
480 2021 0 2021 506.387 530.183 23.796 2.000 0.092
481 2021 0 2021 479.771 505.021 25.250 2.033 0.093
482 1824 0 1824 457.556 480.455 22.898 2.083 0.093
483 1824 0 1824 432.593 452.703 20.110 2.133 0.093
484 1824 0 1824 409.495 426.244 16.749 2.150 0.094
485 1789 0 1789 388.508 415.783 27.275 2.150 0.094
486 1705 0 1705 366.368 390.708 24.340 2.167 0.095
487 1705 0 1705 345.920 382.211 36.291 2.150 0.095
488 1705 0 1705 324.587 355.889 31.302 2.167 0.096
489 1680 0 1680 302.724 323.616 20.892 2.150 0.096
490 1680 0 1680 281.989 304.986 22.997 2.150 0.097
491 1680 0 1680 265.362 292.680 27.318 2.150 0.097
492 1656 0 1656 247.820 273.412 25.592 2.150 0.097
493 1656 0 1656 231.754 257.230 25.475 2.117 0.097
494 1656 0 1656 213.800 240.805 27.005 2.133 0.098
495 1656 0 1656 198.271 219.301 21.030 2.133 0.098
496 1656 0 1656 183.811 212.713 28.902 2.133 0.098
497 1656 0 1656 167.494 191.671 24.177 2.183 0.098
498 1656 0 1656 153.997 183.336 29.339 2.183 0.098
499 1449 0 1449 140.112 171.678 31.566 2.167 0.099
500 1420 0 1420 126.098 153.297 27.198 2.150 0.099
501 1420 0 1420 113.271 146.379 33.107 2.167 0.099
502 1344 0 1344 100.889 124.181 23.292 2.167 0.099
503 1123 0 1123 88.265 117.558 29.292 2.167 0.099
504 1028 0 1028 75.962 99.958 23.996 2.150 0.099
505 1028 0 1028 65.107 96.206 31.099 2.133 0.099
506 964 0 964 55.888 84.457 28.569 2.117 0.099
507 964 0 964 47.124 71.714 24.590 2.100 0.099
508 964 0 964 39.499 71.656 32.157 2.083 0.099
509 964 0 964 31.268 64.422 33.154 2.067 0.098
510 941 0 941 25.213 54.279 29.067 2.050 0.097
511 941 0 941 20.592 45.626 25.035 2.050 0.097
512 941 0 941 14.957 44.696 29.739 2.033 0.096
513 941 0 941 10.695 41.086 30.391 1.983 0.095
514 520 0 520 7.193 31.993 24.801 1.967 0.094
515 506 0 506 5.099 31.993 26.894 1.950 0.093
516 506 0 506 3.609 31.993 28.384 1.933 0.092
517 506 0 506 2.182 31.993 29.812 1.883 0.091
518 506 0 506 1.417 31.993 30.576 1.850 0.089
519 506 0 506 1.030 31.988 30.958 1.850 0.088
520 506 0 506 0.794 31.983 31.189 1.800 0.086
521 506 0 506 0.707 31.988 31.281 1.767 0.085
522 446 0 446 0.482 31.988 31.506 1.767 0.083
523 446 0 446 0.421 31.993 31.572 1.750 0.081
524 238 0 238 0.320 31.993 31.673 1.683 0.080
525 238 0 238 0.392 31.993 31.601 1.633 0.078
526 238 0 238 0.319 31.993 31.674 1.567 0.076
527 238 0 238 0.320 31.993 31.673 1.550 0.075
528 213 0 213 0.346 31.993 31.647 1.517 0.073
529 384 0 384 0.513 31.993 31.480 1.433 0.071
530 384 0 384 0.736 31.993 31.257 1.400 0.070
531 384 0 384 1.184 31.993 30.809 1.333 0.068
532 384 0 384 1.719 31.993 30.275 1.300 0.067
533 463 0 463 2.608 31.993 29.385 1.283 0.065
534 740 0 740 3.785 31.993 28.208 1.250 0.063
535 740 0 740 5.517 31.993 26.476 1.150 0.061
536 740 0 740 8.339 31.993 23.654 1.167 0.060
537 740 0 740 11.770 31.993 20.223 1.167 0.059
538 740 0 740 15.547 31.993 16.446 1.150 0.057
539 740 0 740 20.764 32.083 11.319 1.067 0.056
540 819 0 819 25.879 32.088 6.209 1.067 0.055
541 819 0 819 31.575 32.088 0.513 1.000 0.054
542 819 0 819 37.509 32.088 5.421 0.950 0.053
543 880 0 880 45.124 33.292 11.832 0.967 0.052
544 1026 0 1026 53.808 36.815 16.993 0.933 0.051
545 1026 0 1026 62.881 37.816 25.064 0.917 0.051
546 1069 0 1069 74.220 50.295 23.925 0.900 0.050
547 1069 0 1069 84.162 57.859 26.303 0.900 0.050
548 1276 0 1276 98.262 69.567 28.695 0.883 0.049
549 1276 0 1276 108.930 80.494 28.436 0.883 0.049
550 1276 0 1276 120.288 95.350 24.938 0.850 0.048
551 1356 0 1356 134.023 99.255 34.768 0.900 0.048
552 1640 0 1640 147.779 123.833 23.946 0.917 0.048
553 1640 0 1640 161.612 135.774 25.838 0.933 0.048
554 1640 0 1640 177.188 150.263 26.925 0.933 0.048
555 1640 0 1640 191.447 159.399 32.048 0.983 0.048
556 1640 0 1640 207.427 176.552 30.875 0.933 0.048
557 1640 0 1640 224.552 191.584 32.969 0.967 0.048
558 1640 0 1640 242.830 212.553 30.277 0.967 0.048
559 1640 0 1640 259.607 231.199 28.407 0.950 0.049
560 1640 0 1640 280.681 248.803 31.878 0.950 0.049
561 1640 0 1640 301.298 273.721 27.577 0.933 0.049
562 1640 0 1640 318.930 291.018 27.913 0.950 0.050
563 1674 0 1674 336.829 308.012 28.817 0.967 0.050
564 1674 0 1674 355.991 329.345 26.646 0.933 0.050
565 1818 0 1818 379.861 352.153 27.708 0.983 0.051
566 1866 0 1866 402.774 374.745 28.029 1.000 0.052
567 1866 0 1866 425.460 390.882 34.578 0.983 0.052
568 2042 0 2042 448.490 421.679 26.811 1.033 0.053
569 2042 0 2042 473.055 445.816 27.239 1.083 0.054
570 2042 0 2042 497.606 472.434 25.171 1.100 0.055
571 2042 0 2042 522.536 492.037 30.500 1.117 0.056
572 2526 0 2526 549.523 518.107 31.416 1.117 0.057
573 2526 0 2526 576.743 550.068 26.675 1.117 0.059
574 2526 0 2526 601.193 575.171 26.022 1.133 0.060
575 2526 0 2526 626.652 599.887 26.764 1.133 0.061
576 2526 0 2526 650.355 624.901 25.453 1.183 0.063
577 2526 0 2526 679.008 650.149 28.859 1.250 0.065
578 2526 0 2526 708.525 680.130 28.395 1.333 0.066
579 2526 0 2526 733.637 705.485 28.152 1.350 0.068
580 2526 0 2526 759.197 735.197 24.001 1.417 0.070
581 2526 0 2526 783.408 763.011 20.397 1.467 0.071
582 2526 0 2526 808.054 782.597 25.457 1.533 0.073
583 2526 0 2526 836.002 808.978 27.024 1.550 0.075
584 2526 0 2526 862.754 835.637 27.117 1.617 0.076
585 2526 0 2526 890.016 868.828 21.188 1.650 0.078
586 2526 0 2526 915.947 893.147 22.800 1.700 0.080
587 2526 0 2526 944.019 920.167 23.852 1.733 0.082
588 2526 0 2526 968.516 935.956 32.560 1.817 0.083
589 2526 0 2526 993.010 970.102 22.908 1.833 0.085
590 2526 0 2526 1017.412 995.541 21.871 1.850 0.086
591 2526 0 2526 1044.654 1021.347 23.306 1.867 0.088
592 2526 0 2526 1071.064 1046.488 24.576 1.917 0.089
593 2526 0 2526 1096.762 1066.432 30.330 1.983 0.091
594 2526 0 2526 1120.395 1093.398 26.998 2.033 0.092
595 2526 0 2526 1144.831 1117.142 27.688 2.050 0.094
596 2526 0 2526 1168.483 1146.526 21.957 2.083 0.095
597 2526 0 2526 1188.665 1166.101 22.564 2.133 0.096
598 2526 0 2526 1209.063 1183.349 25.714 2.133 0.097
599 2526 0 2526 1229.210 1206.599 22.611 2.167 0.098
600 2526 0 2526 1247.704 1222.469 25.235 2.200 0.099
601 2526 0 2526 1264.672 1236.297 28.375 2.217 0.099
602 2526 0 2526 1279.610 1247.716 31.894 2.233 0.100
603 2526 0 2526 1294.350 1265.218 29.132 2.250 0.100
604 2526 0 2526 1309.021 1285.922 23.099 2.250 0.101
605 2526 0 2526 1321.691 1291.964 29.727 2.250 0.101
606 2526 0 2526 1335.029 1300.603 34.426 2.250 0.101
607 2526 0 2526 1344.940 1322.342 22.598 2.250 0.101
608 2526 0 2526 1356.886 1327.543 29.343 2.250 0.101
609 2526 0 2526 1364.231 1343.932 20.299 2.250 0.101
610 2526 0 2526 1370.938 1348.596 22.342 2.250 0.101
611 2526 0 2526 1377.299 1354.388 22.911 2.250 0.101
612 2526 0 2526 1380.330 1358.942 21.389 2.233 0.101
613 2526 0 2526 1383.496 1364.652 18.844 2.217 0.100
614 2526 0 2526 1385.554 1364.652 20.902 2.200 0.100
615 2526 0 2526 1386.349 1375.037 11.313 2.183 0.100
616 2526 0 2526 1386.070 1375.037 11.034 2.200 0.100
617 2526 0 2526 1384.793 1375.037 9.756 2.167 0.099
618 2526 0 2526 1381.816 1374.942 6.875 2.167 0.099
619 2526 0 2526 1377.680 1374.942 2.738 2.117 0.098
620 2526 0 2526 1372.225 1374.942 2.717 2.083 0.098
621 2526 0 2526 1365.548 1370.453 4.905 2.117 0.097
622 2526 0 2526 1358.354 1370.453 12.099 2.100 0.097
623 2526 0 2526 1348.951 1363.504 14.552 2.083 0.096
624 2526 0 2526 1337.528 1361.652 24.124 2.033 0.096
625 2526 0 2526 1327.362 1352.480 25.118 1.967 0.095
626 2526 0 2526 1314.630 1342.229 27.598 1.983 0.095
627 2526 0 2526 1299.671 1323.555 23.884 1.967 0.094
628 2526 0 2526 1284.493 1312.439 27.946 1.933 0.093
629 2526 0 2526 1267.825 1294.572 26.747 1.933 0.093
630 2526 0 2526 1253.281 1276.816 23.535 1.917 0.092
631 2526 0 2526 1232.879 1256.411 23.532 1.883 0.092
632 2283 0 2283 1214.043 1240.900 26.857 1.850 0.091
633 2283 0 2283 1194.904 1223.352 28.449 1.833 0.091
634 2283 0 2283 1173.833 1210.840 37.006 1.850 0.090
635 2283 0 2283 1150.780 1175.738 24.958 1.833 0.090
636 2283 0 2283 1129.089 1157.449 28.360 1.833 0.090
637 2283 0 2283 1103.894 1132.450 28.556 1.883 0.090
638 2283 0 2283 1079.838 1102.075 22.237 1.867 0.090
639 2283 0 2283 1051.809 1076.815 25.006 1.800 0.090
640 2283 0 2283 1025.601 1055.060 29.459 1.717 0.089
641 2283 0 2283 1000.748 1026.643 25.896 1.750 0.089
642 2283 0 2283 975.162 1002.086 26.925 1.733 0.089
643 2283 0 2283 949.767 975.348 25.582 1.767 0.089
644 2283 0 2283 924.165 951.962 27.797 1.800 0.089
645 2283 0 2283 895.633 921.218 25.585 1.767 0.089
646 2283 0 2283 866.224 893.450 27.226 1.750 0.089
647 2283 0 2283 840.841 862.790 21.948 1.733 0.089
648 2283 0 2283 813.953 837.153 23.200 1.733 0.089
649 2283 0 2283 789.604 815.188 25.585 1.733 0.089
650 2131 0 2131 764.066 791.768 27.702 1.767 0.089
651 2131 0 2131 736.828 762.862 26.034 1.783 0.089
652 2131 0 2131 706.985 734.465 27.480 1.817 0.089
653 2131 0 2131 680.393 707.644 27.251 1.833 0.089
654 2131 0 2131 655.598 678.638 23.040 1.817 0.089
655 2131 0 2131 626.534 654.251 27.717 1.833 0.090
656 2131 0 2131 602.524 630.007 27.483 1.850 0.090
657 2131 0 2131 577.727 609.657 31.930 1.833 0.090
658 2131 0 2131 552.888 580.586 27.698 1.850 0.090
659 2131 0 2131 530.637 556.489 25.852 1.850 0.091
660 1819 0 1819 505.796 526.561 20.765 1.867 0.091
661 1819 0 1819 483.826 511.936 28.111 1.933 0.091
662 1819 0 1819 458.699 485.147 26.449 1.933 0.092
663 1769 0 1769 436.987 459.968 22.981 1.917 0.092
664 1700 0 1700 412.652 432.977 20.325 1.933 0.093
665 1696 0 1696 385.214 416.528 31.314 1.967 0.094
666 1696 0 1696 363.359 391.593 28.234 1.967 0.094
667 1696 0 1696 341.119 365.816 24.697 1.983 0.094
668 1696 0 1696 319.703 342.331 22.628 2.017 0.095
669 1696 0 1696 297.072 328.919 31.847 2.017 0.095
670 1696 0 1696 279.078 306.746 27.668 2.017 0.096
671 1696 0 1696 261.417 290.703 29.285 2.033 0.096
672 1696 0 1696 241.842 270.465 28.623 2.033 0.096
673 1539 0 1539 223.961 244.922 20.961 2.050 0.097
674 1539 0 1539 206.583 229.725 23.142 2.083 0.097
675 1539 0 1539 190.054 211.783 21.730 2.100 0.098
676 1539 0 1539 174.895 203.041 28.146 2.100 0.098
677 1539 0 1539 159.804 188.310 28.506 2.100 0.098
678 1539 0 1539 145.533 168.639 23.106 2.117 0.098
679 1539 0 1539 131.601 160.452 28.851 2.117 0.099
680 1478 0 1478 117.845 141.947 24.102 2.100 0.099
681 1478 0 1478 105.565 132.628 27.064 2.083 0.099
682 1478 0 1478 94.583 130.971 36.388 2.083 0.099
683 1301 0 1301 82.585 107.273 24.688 2.100 0.099
684 1032 0 1032 72.100 105.448 33.348 2.100 0.099
685 1032 0 1032 63.079 93.252 30.173 2.100 0.099
686 1032 0 1032 53.771 78.788 25.016 2.083 0.099
687 1032 0 1032 44.914 73.455 28.541 2.067 0.098
688 1032 0 1032 37.172 70.245 33.072 2.050 0.098
689 758 0 758 29.452 56.419 26.967 2.033 0.098
690 758 0 758 24.136 50.533 26.397 2.033 0.097
691 758 0 758 18.257 48.167 29.910 2.000 0.097
692 758 0 758 14.103 45.212 31.109 2.000 0.096
693 758 0 758 10.839 36.751 25.913 1.983 0.095
694 680 0 680 7.745 35.652 27.906 1.950 0.094
695 476 0 476 4.827 32.416 27.589 1.883 0.093
696 476 0 476 3.354 32.411 29.057 1.867 0.092
697 476 0 476 2.363 32.411 30.048 1.800 0.090
698 392 0 392 1.522 32.411 30.889 1.783 0.089
699 360 0 360 0.986 32.358 31.372 1.783 0.087
700 360 0 360 0.628 32.358 31.730 1.750 0.086
701 267 0 267 0.471 32.358 31.887 1.717 0.084
702 267 0 267 0.342 32.358 32.016 1.683 0.083
703 267 0 267 0.329 29.090 28.761 1.600 0.081
704 267 0 267 0.298 29.090 28.792 1.583 0.080
705 267 0 267 0.277 29.086 28.809 1.533 0.078
706 267 0 267 0.274 29.086 28.812 1.433 0.076
707 267 0 267 0.319 29.086 28.766 1.433 0.074
708 328 0 328 0.436 29.090 28.654 1.367 0.073
709 328 0 328 0.674 29.090 28.416 1.283 0.071
710 392 0 392 1.022 29.090 28.069 1.250 0.069
711 392 0 392 1.373 29.090 27.717 1.233 0.068
712 392 0 392 2.010 29.095 27.085 1.183 0.066
713 418 0 418 2.980 29.095 26.115 1.117 0.064
714 635 0 635 4.133 29.095 24.963 1.100 0.063
715 635 0 635 5.995 29.095 23.100 1.067 0.061
716 635 0 635 8.656 29.095 20.439 1.033 0.060
717 644 0 644 12.078 29.095 17.017 0.983 0.059
718 644 0 644 15.444 29.095 13.651 0.917 0.057
719 817 0 817 21.247 29.095 7.848 0.883 0.056
720 817 0 817 26.799 29.095 2.296 0.883 0.055
721 1078 0 1078 33.125 30.067 3.058 0.850 0.054
722 1078 0 1078 39.165 31.774 7.391 0.833 0.053
723 1078 0 1078 47.061 32.744 14.317 0.817 0.052
724 1078 0 1078 53.831 35.534 18.298 0.800 0.051
725 1078 0 1078 62.545 40.315 22.230 0.767 0.050
726 1078 0 1078 72.298 44.884 27.414 0.750 0.050
727 1184 0 1184 83.638 55.789 27.849 0.733 0.049
728 1184 0 1184 94.002 65.022 28.981 0.717 0.049
729 1184 0 1184 105.410 79.005 26.405 0.700 0.048
730 1268 0 1268 118.918 88.450 30.468 0.717 0.048
731 1268 0 1268 132.296 105.365 26.931 0.683 0.048
732 1268 0 1268 147.743 118.688 29.055 0.667 0.047
733 1401 0 1401 160.611 130.004 30.608 0.667 0.047
734 1401 0 1401 176.060 143.632 32.428 0.700 0.047
735 1401 0 1401 192.471 162.105 30.366 0.717 0.047
736 1528 0 1528 209.145 178.188 30.957 0.700 0.047
737 1528 0 1528 225.384 191.976 33.409 0.700 0.047
738 1528 0 1528 242.131 214.478 27.653 0.733 0.047
739 1604 0 1604 261.260 229.142 32.118 0.717 0.048
740 1645 0 1645 280.428 251.074 29.354 0.767 0.048
741 1645 0 1645 301.481 266.635 34.846 0.750 0.048
742 1684 0 1684 319.726 286.071 33.656 0.750 0.049
743 1762 0 1762 341.616 314.164 27.451 0.767 0.049
744 1812 0 1812 359.916 326.434 33.482 0.783 0.050
745 1812 0 1812 381.643 349.226 32.417 0.833 0.050
746 1822 0 1822 403.591 380.622 22.970 0.900 0.051
747 1822 0 1822 425.811 398.167 27.645 0.933 0.052
748 2091 0 2091 450.292 426.667 23.624 0.950 0.053
749 2091 0 2091 472.371 442.445 29.925 1.000 0.054
750 2171 0 2171 496.741 467.932 28.809 1.067 0.055
751 2171 0 2171 518.740 493.524 25.216 1.083 0.055
752 2171 0 2171 544.597 518.144 26.454 1.083 0.057
753 2171 0 2171 567.794 533.219 34.575 1.083 0.058
754 2171 0 2171 589.951 565.694 24.257 1.183 0.059
755 2171 0 2171 617.622 590.528 27.094 1.217 0.060
756 2171 0 2171 643.062 613.916 29.146 1.250 0.062
757 2171 0 2171 671.203 642.127 29.076 1.283 0.064
758 2171 0 2171 694.735 675.743 18.992 1.317 0.065
759 2171 0 2171 720.563 700.235 20.328 1.400 0.067
760 2171 0 2171 749.382 726.323 23.059 1.450 0.068
761 2171 0 2171 775.665 751.707 23.958 1.483 0.070
762 2171 0 2171 801.317 777.832 23.485 1.517 0.072
763 2171 0 2171 829.569 808.629 20.940 1.583 0.073
764 2293 0 2293 855.114 830.261 24.854 1.650 0.075
765 2293 0 2293 881.794 860.099 21.695 1.700 0.077
766 2293 0 2293 912.595 885.530 27.066 1.717 0.079
767 2293 0 2293 938.512 908.328 30.185 1.750 0.080
768 2293 0 2293 964.618 940.280 24.337 1.783 0.082
769 2293 0 2293 992.616 966.922 25.694 1.817 0.084
770 2293 0 2293 1022.140 997.511 24.629 1.867 0.086
771 2293 0 2293 1047.419 1025.937 21.482 1.900 0.087
772 2293 0 2293 1072.467 1042.029 30.438 1.950 0.089
773 2293 0 2293 1098.106 1071.820 26.286 2.000 0.090
774 2293 0 2293 1122.926 1096.463 26.463 2.017 0.092
775 2293 0 2293 1146.641 1123.596 23.045 2.017 0.093
776 2293 0 2293 1170.820 1150.298 20.522 2.017 0.094
777 2293 0 2293 1192.284 1163.319 28.965 2.050 0.095
778 2293 0 2293 1210.909 1185.390 25.519 2.067 0.096
779 2293 0 2293 1232.717 1204.531 28.186 2.117 0.097
780 2293 0 2293 1251.707 1229.355 22.352 2.133 0.098
781 2293 0 2293 1269.938 1243.543 26.395 2.150 0.098
782 2293 0 2293 1283.819 1257.053 26.766 2.150 0.099
783 2293 0 2293 1300.154 1272.495 27.659 2.150 0.099
784 2293 0 2293 1311.651 1276.755 34.896 2.150 0.100
785 2293 0 2293 1324.493 1300.006 24.488 2.150 0.100
786 2293 0 2293 1335.974 1306.245 29.729 2.150 0.100
787 2293 0 2293 1347.191 1325.539 21.652 2.150 0.100
788 2293 0 2293 1355.043 1332.961 22.082 2.183 0.100
789 2293 0 2293 1361.061 1343.423 17.638 2.167 0.100
790 2293 0 2293 1368.382 1344.322 24.060 2.150 0.100
791 2293 0 2293 1374.331 1351.882 22.450 2.167 0.100
792 2293 0 2293 1380.694 1361.316 19.378 2.117 0.100
793 2293 0 2293 1382.862 1361.316 21.546 2.100 0.100
794 2293 0 2293 1385.706 1365.835 19.871 2.083 0.099
795 2293 0 2293 1387.878 1365.835 22.043 2.067 0.099
796 2293 0 2293 1388.524 1368.599 19.925 2.033 0.099
797 2293 0 2293 1386.463 1371.427 15.036 2.017 0.098
798 2293 0 2293 1383.315 1371.427 11.888 2.017 0.098
799 2293 0 2293 1380.230 1371.427 8.803 1.967 0.097
800 2293 0 2293 1374.289 1371.427 2.862 1.983 0.097
801 2293 0 2293 1369.130 1367.823 1.306 1.983 0.096
802 2293 0 2293 1360.694 1366.245 5.552 1.950 0.096
803 2293 0 2293 1350.422 1359.495 9.073 2.000 0.096
804 2293 0 2293 1343.571 1359.495 15.924 2.000 0.095
805 2293 0 2293 1333.901 1356.515 22.614 2.000 0.094
806 2293 0 2293 1319.839 1342.699 22.861 2.000 0.094
807 2293 0 2293 1302.974 1332.788 29.814 1.967 0.093
808 2293 0 2293 1287.269 1311.008 23.740 1.967 0.093
809 2293 0 2293 1272.346 1299.233 26.886 1.950 0.092
810 2293 0 2293 1253.800 1281.679 27.879 1.917 0.092
811 2293 0 2293 1237.127 1259.266 22.139 1.933 0.091
812 2293 0 2293 1217.915 1247.783 29.868 1.950 0.091
813 2293 0 2293 1200.246 1237.130 36.884 1.850 0.090
814 2293 0 2293 1179.435 1209.089 29.655 1.800 0.090
815 2293 0 2293 1156.952 1183.644 26.692 1.850 0.090
816 2293 0 2293 1133.429 1160.510 27.081 1.800 0.090
817 2293 0 2293 1105.944 1138.826 32.883 1.817 0.089
818 2293 0 2293 1081.180 1115.962 34.782 1.817 0.090
819 2293 0 2293 1052.393 1081.450 29.056 1.833 0.090
820 2293 0 2293 1021.857 1049.975 28.117 1.833 0.090
821 2293 0 2293 994.111 1016.866 22.755 1.917 0.090
822 2293 0 2293 969.109 998.127 29.018 1.933 0.089
823 2293 0 2293 940.055 969.029 28.973 1.933 0.089
824 2136 0 2136 912.445 942.751 30.306 1.933 0.090
825 2136 0 2136 886.984 918.217 31.233 1.900 0.089
826 2136 0 2136 855.458 875.518 20.060 1.900 0.089
827 2136 0 2136 830.218 855.724 25.506 1.900 0.089
828 2136 0 2136 803.496 825.446 21.951 1.917 0.089
829 2136 0 2136 774.581 804.378 29.797 1.883 0.089
830 2136 0 2136 748.039 773.732 25.693 1.917 0.089
831 2136 0 2136 721.601 754.358 32.757 1.867 0.089
832 2136 0 2136 695.026 719.664 24.638 1.867 0.090
833 2136 0 2136 669.474 694.749 25.275 1.817 0.090
834 2061 0 2061 643.551 670.069 26.518 1.850 0.090
835 2061 0 2061 617.721 639.006 21.285 1.867 0.090
836 1847 0 1847 590.789 614.755 23.966 1.850 0.090
837 1847 0 1847 564.809 588.153 23.343 1.833 0.091
838 1847 0 1847 540.712 571.466 30.754 1.833 0.091
839 1847 0 1847 519.436 546.431 26.994 1.817 0.091
840 1802 0 1802 496.271 517.154 20.883 1.783 0.091
841 1763 0 1763 473.588 495.348 21.759 1.783 0.092
842 1763 0 1763 450.958 479.992 29.034 1.783 0.092
843 1761 0 1761 427.307 449.364 22.057 1.767 0.093
844 1761 0 1761 404.975 428.513 23.539 1.733 0.093
845 1761 0 1761 383.364 410.915 27.551 1.717 0.094
846 1761 0 1761 357.940 384.440 26.499 1.750 0.094
847 1761 0 1761 335.756 360.898 25.141 1.733 0.095
848 1761 0 1761 313.255 344.705 31.449 1.783 0.095
849 1761 0 1761 290.408 321.217 30.810 1.817 0.096
850 1761 0 1761 272.247 299.274 27.026 1.833 0.096
851 1524 0 1524 252.702 284.726 32.024 1.833 0.097
852 1524 0 1524 235.273 262.167 26.894 1.833 0.097
853 1524 0 1524 218.581 246.421 27.840 1.833 0.098
854 1501 0 1501 201.134 228.034 26.900 1.833 0.098
855 1501 0 1501 186.671 208.554 21.883 1.850 0.098
856 1414 0 1414 172.527 202.321 29.794 1.850 0.098
857 1414 0 1414 157.372 186.202 28.830 1.883 0.098
858 1186 0 1186 143.008 171.489 28.481 1.900 0.099
859 1174 0 1174 130.150 157.376 27.226 1.933 0.099
860 1174 0 1174 116.705 148.857 32.152 1.967 0.099
861 1059 0 1059 105.489 139.002 33.513 1.983 0.099
862 1026 0 1026 92.856 118.220 25.365 1.983 0.099
863 1026 0 1026 81.107 114.217 33.110 2.000 0.099
864 1026 0 1026 73.906 109.612 35.706 2.000 0.099
865 997 0 997 65.614 91.148 25.534 2.000 0.099
866 997 0 997 56.144 81.951 25.807 2.000 0.099
867 864 0 864 46.022 77.126 31.104 2.017 0.099
868 864 0 864 37.988 60.355 22.367 2.000 0.099
869 864 0 864 31.368 57.204 25.836 2.000 0.098
870 774 0 774 24.607 52.670 28.063 1.967 0.098
871 749 0 749 19.520 50.193 30.674 1.967 0.097
872 749 0 749 15.010 49.213 34.203 1.967 0.096
873 749 0 749 11.386 40.453 29.067 1.933 0.096
874 749 0 749 8.176 35.962 27.787 1.900 0.095
875 749 0 749 5.663 34.812 29.149 1.900 0.094
876 749 0 749 3.627 34.812 31.186 1.883 0.092
877 749 0 749 2.395 31.006 28.611 1.867 0.091
878 693 0 693 1.561 31.006 29.445 1.850 0.089
879 400 0 400 0.963 31.006 30.042 1.783 0.088
880 400 0 400 0.669 31.010 30.342 1.767 0.086
881 361 0 361 0.392 31.005 30.613 1.750 0.084
882 361 0 361 0.279 31.005 30.726 1.750 0.083
883 361 0 361 0.201 31.005 30.804 1.733 0.081
884 202 0 202 0.141 31.005 30.864 1.667 0.079
885 184 0 184 0.135 31.005 30.871 1.617 0.078
886 184 0 184 0.142 31.010 30.868 1.567 0.076
887 195 0 195 0.224 31.017 30.793 1.433 0.074
888 430 0 430 0.406 31.017 30.610 1.350 0.073
889 430 0 430 0.656 31.017 30.360 1.317 0.071
890 430 0 430 0.893 31.022 30.129 1.267 0.069
891 683 0 683 1.343 31.022 29.679 1.233 0.067
892 683 0 683 2.010 31.021 29.011 1.167 0.066
893 683 0 683 2.844 31.021 28.177 1.083 0.064
894 683 0 683 4.517 31.021 26.504 1.067 0.063
895 683 0 683 6.399 31.021 24.622 1.067 0.061
896 683 0 683 9.321 31.027 21.706 1.050 0.060
897 699 0 699 13.220 31.027 17.807 1.050 0.058
898 699 0 699 17.054 31.027 13.973 1.017 0.057
899 798 0 798 22.560 31.027 8.467 0.967 0.056
900 798 0 798 28.785 32.190 3.405 0.967 0.055
901 798 0 798 35.434 32.190 3.244 0.967 0.054
902 798 0 798 41.140 33.402 7.738 0.933 0.053
903 832 0 832 49.592 36.376 13.216 0.917 0.052
904 842 0 842 57.643 36.453 21.190 0.883 0.052
905 903 0 903 66.014 45.952 20.062 0.867 0.051
906 1015 0 1015 75.050 47.450 27.600 0.800 0.050
907 1015 0 1015 86.884 67.494 19.390 0.767 0.049
908 1042 0 1042 99.535 71.372 28.162 0.767 0.049
909 1179 0 1179 111.195 83.631 27.564 0.750 0.048
910 1179 0 1179 123.505 89.583 33.922 0.750 0.048
911 1240 0 1240 135.767 109.637 26.130 0.767 0.048
912 1369 0 1369 149.363 120.090 29.273 0.750 0.047
913 1474 0 1474 165.470 134.072 31.399 0.750 0.047
914 1474 0 1474 180.894 147.757 33.137 0.717 0.047
915 1474 0 1474 195.019 166.537 28.482 0.733 0.047
916 1474 0 1474 212.989 189.257 23.732 0.700 0.048
917 1503 0 1503 228.759 198.757 30.002 0.717 0.048
918 1849 0 1849 249.914 223.304 26.609 0.717 0.048
919 1849 0 1849 266.757 234.057 32.701 0.750 0.048
920 1849 0 1849 285.070 256.265 28.805 0.717 0.048
921 1849 0 1849 305.156 279.234 25.922 0.750 0.049
922 1849 0 1849 326.798 306.965 19.833 0.750 0.049
923 1849 0 1849 347.043 317.459 29.584 0.767 0.050
924 1849 0 1849 370.225 345.263 24.962 0.800 0.051
925 1849 0 1849 391.648 365.328 26.320 0.800 0.051
926 1849 0 1849 410.927 379.378 31.549 0.783 0.052
927 1849 0 1849 430.967 404.398 26.569 0.833 0.052
928 1869 0 1869 456.743 428.130 28.613 0.917 0.053
929 1869 0 1869 476.723 451.939 24.784 0.933 0.054
930 1869 0 1869 499.147 470.209 28.938 0.950 0.055
931 1869 0 1869 523.586 494.032 29.554 0.983 0.056
932 1869 0 1869 549.384 525.804 23.580 1.017 0.057
933 1869 0 1869 575.035 549.792 25.243 1.033 0.059
934 1950 0 1950 600.573 574.844 25.729 1.067 0.060
935 1950 0 1950 623.619 594.240 29.379 1.150 0.061
936 1950 0 1950 650.804 626.250 24.554 1.167 0.063
937 2017 0 2017 675.879 651.332 24.547 1.167 0.064
938 2017 0 2017 701.060 678.003 23.057 1.167 0.066
939 2224 0 2224 725.005 700.439 24.567 1.217 0.067
940 2224 0 2224 749.068 723.594 25.474 1.267 0.069
941 2224 0 2224 773.095 751.943 21.152 1.333 0.070
942 2386 0 2386 803.756 778.721 25.035 1.467 0.072
943 2462 0 2462 829.103 807.083 22.020 1.500 0.074
944 2462 0 2462 857.567 834.535 23.032 1.517 0.076
945 2462 0 2462 884.708 861.180 23.528 1.550 0.077
946 2462 0 2462 909.238 884.793 24.446 1.550 0.079
947 2462 0 2462 937.636 912.931 24.705 1.550 0.081
948 2462 0 2462 963.466 941.246 22.220 1.550 0.082
949 2462 0 2462 987.799 969.141 18.658 1.600 0.084
950 2462 0 2462 1014.552 986.453 28.099 1.667 0.086
951 2462 0 2462 1038.030 1011.367 26.664 1.750 0.087
952 2462 0 2462 1065.560 1038.395 27.165 1.817 0.089
953 2462 0 2462 1090.133 1067.717 22.416 1.833 0.090
954 2462 0 2462 1115.696 1090.802 24.894 1.867 0.092
955 2462 0 2462 1139.656 1109.844 29.812 1.867 0.093
956 2462 0 2462 1164.226 1137.185 27.041 1.900 0.095
957 2462 0 2462 1188.958 1160.991 27.967 1.917 0.096
958 2462 0 2462 1208.861 1184.336 24.524 1.917 0.097
959 2462 0 2462 1231.179 1201.576 29.602 1.933 0.098
960 2462 0 2462 1250.973 1227.955 23.018 1.950 0.099
961 2462 0 2462 1268.605 1242.932 25.673 1.967 0.099
962 2462 0 2462 1282.737 1256.243 26.493 2.000 0.100
963 2462 0 2462 1298.781 1279.731 19.050 2.000 0.100
964 2462 0 2462 1312.522 1288.920 23.602 2.033 0.100
965 2462 0 2462 1324.174 1299.680 24.494 2.033 0.100
966 2462 0 2462 1334.042 1316.514 17.529 2.033 0.101
967 2462 0 2462 1346.691 1317.817 28.874 2.050 0.100
968 2462 0 2462 1357.623 1340.680 16.943 2.067 0.101
969 2462 0 2462 1365.054 1341.574 23.479 2.067 0.101
970 2462 0 2462 1371.932 1355.460 16.472 2.067 0.101
971 2462 0 2462 1375.443 1355.415 20.028 2.083 0.101
972 2462 0 2462 1379.596 1356.956 22.640 2.100 0.101
973 2462 0 2462 1383.970 1356.915 27.055 2.117 0.100
974 2462 0 2462 1385.975 1377.412 8.563 2.117 0.100
975 2462 0 2462 1385.404 1377.412 7.991 2.100 0.100
976 2462 0 2462 1386.056 1377.412 8.644 2.100 0.100
977 2462 0 2462 1381.838 1378.746 3.092 2.150 0.100
978 2462 0 2462 1380.032 1378.808 1.224 2.117 0.099
979 2462 0 2462 1373.951 1377.580 3.629 2.167 0.099
980 2462 0 2462 1369.586 1377.580 7.994 2.183 0.098
981 2462 0 2462 1362.778 1375.851 13.074 2.117 0.098
982 2462 0 2462 1356.368 1367.438 11.071 2.117 0.097
983 2462 0 2462 1347.454 1366.028 18.574 2.083 0.096
984 2462 0 2462 1336.758 1360.121 23.363 2.050 0.096
985 2462 0 2462 1324.634 1347.877 23.243 2.050 0.095
986 2462 0 2462 1313.054 1332.884 19.830 2.033 0.095
987 2462 0 2462 1296.964 1323.561 26.597 2.033 0.095
988 2462 0 2462 1281.621 1303.135 21.514 2.033 0.094
989 2462 0 2462 1264.674 1292.642 27.968 1.983 0.093
990 2462 0 2462 1250.006 1285.607 35.601 1.967 0.093
991 2462 0 2462 1233.753 1266.165 32.412 1.983 0.092
992 2462 0 2462 1216.258 1249.314 33.056 1.950 0.092
993 2462 0 2462 1196.207 1223.763 27.556 1.967 0.092
994 2462 0 2462 1175.178 1201.799 26.621 1.933 0.091
995 2462 0 2462 1152.677 1177.892 25.215 1.933 0.091
996 2462 0 2462 1126.434 1150.549 24.115 1.917 0.091
997 2462 0 2462 1101.897 1125.730 23.833 1.917 0.091
998 2462 0 2462 1074.506 1106.762 32.256 1.900 0.091
999 2462 0 2462 1053.723 1084.776 31.053 1.883 0.090
1000 2462 0 2462 1029.882 1051.745 21.863 1.883 0.090
1001 2462 0 2462 1006.957 1033.377 26.420 1.850 0.090
1002 2462 0 2462 981.694 999.135 17.440 1.817 0.090
1003 2260 0 2260 954.509 981.491 26.982 1.867 0.090
1004 2260 0 2260 925.901 953.152 27.252 1.883 0.090
1005 2260 0 2260 897.900 926.158 28.258 1.933 0.090
1006 2260 0 2260 872.563 900.202 27.640 1.950 0.090
1007 2260 0 2260 843.919 867.354 23.434 1.967 0.090
1008 2260 0 2260 813.408 835.785 22.376 1.983 0.091
1009 2110 0 2110 790.231 812.481 22.250 1.983 0.091
1010 2110 0 2110 763.487 788.400 24.913 1.967 0.091
1011 2110 0 2110 737.545 758.776 21.231 1.950 0.091
1012 2110 0 2110 709.600 735.640 26.040 1.933 0.091
1013 2110 0 2110 682.176 704.458 22.283 1.933 0.091
1014 2110 0 2110 657.364 674.958 17.593 1.950 0.091
1015 2110 0 2110 631.251 656.876 25.625 2.017 0.091
1016 2054 0 2054 604.906 631.162 26.256 2.017 0.091
1017 2054 0 2054 577.461 605.618 28.157 2.050 0.091
1018 2054 0 2054 553.167 581.100 27.933 2.067 0.092
1019 2029 0 2029 526.508 553.138 26.630 2.033 0.092
1020 1857 0 1857 503.305 530.511 27.206 2.033 0.092
1021 1857 0 1857 480.453 510.074 29.621 2.033 0.092
1022 1843 0 1843 458.976 491.039 32.063 2.017 0.093
1023 1721 0 1721 437.755 469.281 31.526 2.050 0.093
1024 1721 0 1721 414.288 444.335 30.046 2.000 0.094
1025 1681 0 1681 391.738 414.842 23.104 2.033 0.094
1026 1681 0 1681 367.729 396.519 28.790 2.100 0.095
1027 1681 0 1681 347.477 370.954 23.478 2.067 0.095
1028 1681 0 1681 329.132 352.987 23.855 2.050 0.096
1029 1681 0 1681 308.541 341.619 33.078 2.033 0.096
1030 1681 0 1681 288.424 309.237 20.813 2.033 0.097
1031 1681 0 1681 265.550 291.164 25.614 2.067 0.097
1032 1681 0 1681 247.180 282.164 34.984 2.067 0.098
1033 1681 0 1681 229.201 259.763 30.563 2.067 0.098
1034 1681 0 1681 211.126 235.835 24.709 2.100 0.098
1035 1681 0 1681 193.476 227.977 34.501 2.100 0.099
1036 1540 0 1540 176.633 205.821 29.188 2.117 0.099
1037 1396 0 1396 158.689 185.234 26.545 2.133 0.099
1038 1396 0 1396 144.781 175.937 31.155 2.133 0.100
1039 1396 0 1396 129.199 159.538 30.339 2.133 0.100
1040 1195 0 1195 116.394 146.346 29.952 2.133 0.100
1041 1195 0 1195 104.135 134.696 30.560 2.150 0.100
1042 1195 0 1195 93.912 121.318 27.406 2.150 0.100
1043 1195 0 1195 83.143 113.423 30.280 2.167 0.100
1044 1195 0 1195 73.024 99.200 26.176 2.167 0.100
1045 1195 0 1195 62.600 86.419 23.819 2.167 0.100
1046 1195 0 1195 53.900 84.869 30.969 2.167 0.100
1047 1180 0 1180 44.491 76.220 31.729 2.167 0.100
1048 1180 0 1180 36.833 65.845 29.012 2.167 0.099
1049 1180 0 1180 29.431 57.935 28.504 2.167 0.099
1050 1180 0 1180 24.071 51.759 27.688 2.133 0.099
1051 1180 0 1180 19.560 50.715 31.155 2.117 0.098
1052 840 0 840 15.024 49.233 34.210 2.100 0.097
1053 762 0 762 11.133 46.558 35.425 2.083 0.096
1054 762 0 762 8.156 34.815 26.659 2.050 0.095
1055 520 0 520 5.505 33.490 27.985 2.050 0.094
1056 520 0 520 3.720 27.325 23.605 2.017 0.093
1057 520 0 520 2.686 27.325 24.638 2.000 0.092
1058 449 0 449 1.702 27.325 25.623 1.967 0.090
1059 449 0 449 1.344 27.325 25.980 1.900 0.089
1060 449 0 449 0.871 27.325 26.454 1.867 0.087
1061 449 0 449 0.612 27.338 26.725 1.833 0.086
1062 449 0 449 0.533 27.333 26.801 1.800 0.084
1063 449 0 449 0.457 27.333 26.877 1.717 0.083
1064 449 0 449 0.397 27.333 26.936 1.667 0.081
1065 449 0 449 0.295 27.342 27.047 1.567 0.079
1066 449 0 449 0.263 27.342 27.079 1.500 0.077
1067 516 0 516 0.405 27.342 26.937 1.433 0.075
1068 516 0 516 0.513 27.342 26.830 1.367 0.073
1069 516 0 516 0.672 27.347 26.675 1.300 0.072
1070 551 0 551 0.891 27.347 26.456 1.250 0.070
1071 551 0 551 1.316 27.347 26.031 1.183 0.069
1072 551 0 551 1.932 27.347 25.415 1.133 0.067
1073 551 0 551 2.886 27.356 24.469 1.117 0.065
1074 643 0 643 3.933 27.356 23.422 1.067 0.064
1075 643 0 643 5.487 27.357 21.870 1.017 0.062
1076 643 0 643 8.309 27.357 19.049 0.983 0.061
1077 643 0 643 11.525 27.357 15.832 0.933 0.059
1078 760 0 760 15.511 27.390 11.879 0.933 0.058
1079 760 0 760 19.859 27.390 7.531 0.933 0.056
1080 840 0 840 25.215 27.390 2.174 0.900 0.055
1081 968 0 968 31.149 27.394 3.755 0.867 0.054
1082 1011 0 1011 37.771 28.328 9.443 0.850 0.053
1083 1011 0 1011 45.507 29.857 15.651 0.817 0.053
1084 1011 0 1011 53.264 31.290 21.974 0.817 0.052
1085 1041 0 1041 61.947 40.712 21.235 0.783 0.051
1086 1069 0 1069 72.328 46.401 25.927 0.750 0.050
1087 1133 0 1133 82.681 56.223 26.458 0.750 0.050
1088 1321 0 1321 93.241 63.777 29.464 0.800 0.049
1089 1321 0 1321 103.278 77.429 25.849 0.783 0.048
1090 1321 0 1321 115.522 82.748 32.774 0.800 0.048
1091 1321 0 1321 128.011 96.660 31.351 0.783 0.047
1092 1352 0 1352 141.962 110.113 31.849 0.750 0.047
1093 1352 0 1352 154.767 130.098 24.669 0.783 0.047
1094 1352 0 1352 170.638 143.378 27.261 0.767 0.047
1095 1352 0 1352 187.590 147.509 40.082 0.767 0.047
1096 1363 0 1363 203.983 174.085 29.898 0.750 0.047
1097 1363 0 1363 219.611 189.500 30.111 0.717 0.047
1098 1370 0 1370 237.965 214.849 23.116 0.733 0.047
1099 1480 0 1480 255.945 221.080 34.865 0.717 0.047
1100 1480 0 1480 275.110 244.508 30.602 0.767 0.047
1101 1621 0 1621 293.911 268.356 25.556 0.800 0.048
1102 1621 0 1621 314.247 281.093 33.153 0.833 0.048
1103 1621 0 1621 332.939 308.620 24.319 0.850 0.049
1104 1709 0 1709 353.497 320.939 32.558 0.867 0.049
1105 1904 0 1904 376.071 348.734 27.337 0.900 0.050
1106 1904 0 1904 400.972 376.795 24.177 0.950 0.051
1107 2021 0 2021 423.681 401.878 21.803 0.933 0.052
1108 2021 0 2021 447.771 424.911 22.859 1.000 0.053
1109 2021 0 2021 470.917 440.883 30.035 1.033 0.053
1110 2021 0 2021 495.209 467.046 28.162 1.033 0.055
1111 2021 0 2021 516.624 488.195 28.429 1.017 0.056
1112 2021 0 2021 543.095 515.906 27.188 1.067 0.057
1113 2021 0 2021 567.425 540.890 26.535 1.050 0.058
1114 2021 0 2021 594.146 567.358 26.788 1.083 0.060
1115 2021 0 2021 620.954 596.946 24.008 1.100 0.061
1116 2093 0 2093 645.246 612.807 32.439 1.167 0.062
1117 2125 0 2125 672.163 639.834 32.329 1.217 0.064
1118 2125 0 2125 699.533 676.036 23.498 1.300 0.066
1119 2161 0 2161 726.972 701.969 25.002 1.333 0.067
1120 2161 0 2161 752.893 725.103 27.790 1.417 0.069
1121 2161 0 2161 781.355 758.437 22.918 1.450 0.071
1122 2161 0 2161 807.225 777.023 30.202 1.467 0.072
1123 2161 0 2161 834.503 811.085 23.418 1.517 0.074
1124 2161 0 2161 858.737 837.975 20.762 1.550 0.076
1125 2161 0 2161 887.194 857.976 29.218 1.583 0.078
1126 2161 0 2161 914.966 887.790 27.177 1.617 0.079
1127 2161 0 2161 942.028 918.739 23.289 1.617 0.081
1128 2161 0 2161 968.163 942.562 25.601 1.683 0.083
1129 2249 0 2249 994.328 967.910 26.418 1.717 0.084
1130 2249 0 2249 1020.619 989.038 31.581 1.733 0.086
1131 2249 0 2249 1047.229 1030.635 16.594 1.767 0.088
1132 2249 0 2249 1073.508 1039.830 33.678 1.800 0.089
1133 2249 0 2249 1101.258 1085.419 15.839 1.833 0.091
1134 2249 0 2249 1124.509 1101.002 23.508 1.900 0.092
1135 2249 0 2249 1147.308 1124.277 23.031 1.933 0.094
1136 2249 0 2249 1170.196 1140.285 29.910 1.950 0.095
1137 2249 0 2249 1192.254 1165.741 26.513 1.983 0.096
1138 2249 0 2249 1213.712 1188.741 24.970 2.017 0.097
1139 2249 0 2249 1233.100 1201.932 31.169 2.017 0.098
1140 2249 0 2249 1251.453 1225.241 26.212 2.033 0.099
1141 2249 0 2249 1268.920 1237.769 31.151 2.050 0.099
1142 2249 0 2249 1285.326 1262.761 22.566 2.050 0.100
1143 2249 0 2249 1300.815 1278.324 22.492 2.067 0.100
1144 2249 0 2249 1314.500 1286.867 27.632 2.083 0.101
1145 2249 0 2249 1326.517 1298.034 28.483 2.083 0.101
1146 2249 0 2249 1339.868 1320.120 19.748 2.083 0.101
1147 2249 0 2249 1349.899 1326.127 23.772 2.083 0.101
1148 2249 0 2249 1357.726 1334.768 22.958 2.083 0.101
1149 2249 0 2249 1364.614 1335.956 28.658 2.067 0.101
1150 2249 0 2249 1371.658 1354.547 17.111 2.067 0.101
1151 2249 0 2249 1377.270 1355.979 21.291 2.050 0.101
1152 2249 0 2249 1380.904 1359.506 21.398 2.050 0.101
1153 2249 0 2249 1382.752 1363.629 19.122 2.033 0.101
1154 2249 0 2249 1385.012 1366.956 18.055 2.000 0.101
1155 2249 0 2249 1385.679 1375.292 10.387 1.983 0.100
1156 2249 0 2249 1384.394 1376.590 7.804 2.017 0.100
1157 2249 0 2249 1382.918 1376.590 6.329 1.983 0.100
1158 2249 0 2249 1379.538 1376.564 2.975 1.967 0.099
1159 2249 0 2249 1374.842 1376.464 1.622 1.933 0.099
1160 2249 0 2249 1370.658 1374.123 3.465 1.883 0.098
1161 2249 0 2249 1364.575 1370.652 6.078 1.850 0.098
1162 2249 0 2249 1356.517 1369.781 13.265 1.850 0.097
1163 2249 0 2249 1346.630 1366.990 20.360 1.883 0.097
1164 2249 0 2249 1335.723 1359.754 24.031 1.900 0.096
1165 2249 0 2249 1324.820 1348.350 23.530 1.867 0.096
1166 2249 0 2249 1313.494 1336.279 22.785 1.817 0.095
1167 2249 0 2249 1298.000 1322.064 24.064 1.817 0.094
1168 2249 0 2249 1285.351 1306.499 21.147 1.817 0.094
1169 2249 0 2249 1270.816 1298.365 27.548 1.833 0.093
1170 2249 0 2249 1253.789 1280.248 26.459 1.850 0.093
1171 2249 0 2249 1236.490 1263.051 26.562 1.833 0.092
1172 2249 0 2249 1216.583 1236.845 20.262 1.867 0.092
1173 2249 0 2249 1194.780 1221.836 27.056 1.883 0.092
1174 2249 0 2249 1174.147 1202.141 27.994 1.867 0.091
1175 2249 0 2249 1155.910 1188.420 32.511 1.850 0.091
1176 2249 0 2249 1132.199 1160.565 28.365 1.867 0.090
1177 2249 0 2249 1108.121 1131.312 23.191 1.867 0.090
1178 2249 0 2249 1081.747 1105.082 23.334 1.883 0.090
1179 2249 0 2249 1058.131 1081.262 23.131 1.900 0.090
1180 2249 0 2249 1032.249 1057.380 25.131 1.883 0.090
1181 2249 0 2249 1007.743 1040.580 32.837 1.867 0.089
1182 2249 0 2249 980.309 1001.439 21.130 1.883 0.090
1183 2249 0 2249 954.325 983.903 29.578 1.933 0.089
1184 2249 0 2249 925.744 952.363 26.619 1.950 0.090
1185 2249 0 2249 894.829 925.293 30.464 1.967 0.090
1186 2249 0 2249 867.293 895.254 27.961 1.983 0.090
1187 2249 0 2249 845.808 879.869 34.061 2.017 0.089
1188 2249 0 2249 820.624 848.794 28.170 2.000 0.089
1189 2155 0 2155 791.834 818.983 27.149 2.033 0.090
1190 2155 0 2155 765.015 786.202 21.187 2.050 0.090
1191 2155 0 2155 737.053 755.963 18.910 2.067 0.090
1192 2155 0 2155 710.414 738.344 27.929 2.033 0.090
1193 2155 0 2155 687.510 715.396 27.886 2.017 0.089
1194 2109 0 2109 661.769 686.765 24.995 2.017 0.090
1195 2004 0 2004 634.945 659.287 24.342 2.000 0.090
1196 2004 0 2004 606.676 630.081 23.406 2.000 0.090
1197 2004 0 2004 581.536 605.449 23.914 2.067 0.091
1198 2004 0 2004 553.788 574.317 20.528 2.050 0.091
1199 2004 0 2004 527.176 553.500 26.324 2.067 0.091
