1 872 0 872 385.020 0.000 385.020 0.000 0.000
2 872 0 872 411.401 0.000 411.401 0.000 0.000
3 1024 0 1024 432.923 0.000 432.923 0.000 0.000
4 1024 0 1024 449.870 0.000 449.870 0.000 0.000
5 1098 0 1098 470.513 0.000 470.513 0.000 0.000
6 1098 0 1098 488.688 488.688 0.000 37.000 0.336
7 1098 0 1098 511.237 511.237 0.000 36.000 0.309
8 1098 0 1098 530.626 530.626 0.000 34.875 0.285
9 1306 0 1306 551.801 551.801 0.000 33.889 0.267
10 1306 0 1306 572.300 572.300 0.000 34.100 0.253
11 1306 0 1306 594.688 574.179 20.509 31.000 0.248
12 1306 0 1306 614.592 574.179 40.414 28.417 0.230
13 1362 0 1362 634.294 576.928 57.366 26.231 0.216
14 1362 0 1362 651.341 599.081 52.260 24.357 0.203
15 1529 0 1529 669.008 627.969 41.039 22.800 0.192
16 1529 0 1529 688.245 641.403 46.842 21.375 0.183
17 1651 0 1651 702.855 654.841 48.015 20.118 0.174
18 1651 0 1651 721.840 665.427 56.412 19.000 0.167
19 1651 0 1651 743.435 692.054 51.381 18.053 0.160
20 1651 0 1651 762.854 712.659 50.195 17.150 0.154
21 1651 0 1651 785.609 739.339 46.270 16.381 0.157
22 1651 0 1651 806.119 756.795 49.324 15.636 0.152
23 1815 0 1815 826.455 772.823 53.632 14.957 0.147
24 1815 0 1815 844.803 797.066 47.737 14.375 0.143
25 1815 0 1815 862.728 808.825 53.904 13.800 0.139
26 1815 0 1815 879.350 829.085 50.264 13.269 0.135
27 1815 0 1815 894.921 850.959 43.962 12.815 0.131
28 1815 0 1815 911.093 864.291 46.802 12.357 0.128
29 1886 0 1886 929.881 866.782 63.100 11.931 0.125
30 1886 0 1886 949.762 890.095 59.668 11.533 0.123
31 1886 0 1886 965.289 906.490 58.799 11.194 0.125
32 2110 0 2110 981.907 934.521 47.385 10.844 0.122
33 2110 0 2110 995.298 934.697 60.600 10.515 0.120
34 2110 0 2110 1008.061 960.019 48.042 10.235 0.117
35 2128 0 2128 1023.911 977.148 46.763 9.943 0.115
36 2128 0 2128 1040.392 982.912 57.480 9.667 0.113
37 2148 0 2148 1055.529 1006.232 49.296 9.405 0.111
38 2148 0 2148 1068.997 1006.375 62.623 9.158 0.109
39 2148 0 2148 1080.048 1025.979 54.069 8.949 0.107
40 2148 0 2148 1093.007 1033.174 59.833 8.725 0.105
41 2148 0 2148 1105.036 1039.851 65.184 8.512 0.108
42 2148 0 2148 1116.690 1059.724 56.966 8.310 0.106
43 2148 0 2148 1128.147 1083.166 44.981 8.140 0.104
44 2148 0 2148 1137.312 1083.166 54.146 7.955 0.102
45 2148 0 2148 1146.721 1083.166 63.554 7.778 0.101
46 2148 0 2148 1156.781 1100.960 55.821 7.609 0.099
47 2148 0 2148 1166.433 1106.852 59.581 7.447 0.098
48 2148 0 2148 1176.023 1106.852 69.171 7.292 0.096
49 2148 0 2148 1184.700 1133.253 51.447 7.163 0.095
50 2148 0 2148 1193.240 1136.894 56.346 7.020 0.093
51 2148 0 2148 1201.636 1150.693 50.943 6.882 0.096
52 2148 0 2148 1208.348 1150.693 57.655 6.750 0.094
53 2200 0 2200 1214.877 1153.332 61.545 6.623 0.093
54 2200 0 2200 1220.651 1169.949 50.702 6.500 0.092
55 2200 0 2200 1225.660 1170.003 55.656 6.382 0.090
56 2200 0 2200 1231.797 1170.003 61.794 6.268 0.089
57 2200 0 2200 1235.737 1170.003 65.734 6.158 0.088
58 2200 0 2200 1240.265 1173.044 67.221 6.052 0.086
59 2200 0 2200 1244.514 1173.044 71.469 5.949 0.085
60 2200 0 2200 1248.101 1185.337 62.764 5.850 0.084
61 2200 0 2200 1264.127 1204.107 60.020 5.867 0.087
62 2200 0 2200 1280.223 1218.090 62.133 5.867 0.088
63 2200 0 2200 1295.499 1238.299 57.200 5.883 0.089
64 2200 0 2200 1309.167 1260.969 48.199 5.883 0.090
65 2200 0 2200 1324.438 1267.912 56.525 5.883 0.090
66 2200 0 2200 1337.304 1282.567 54.737 2.183 0.057
67 2200 0 2200 1349.564 1304.891 44.673 1.700 0.056
68 2200 0 2200 1358.182 1315.300 42.882 1.250 0.054
69 2200 0 2200 1366.068 1317.483 48.585 0.883 0.053
70 2200 0 2200 1372.895 1324.686 48.209 0.883 0.051
71 2200 0 2200 1379.667 1330.650 49.017 0.850 0.051
72 2200 0 2200 1384.300 1338.992 45.309 0.800 0.051
73 2200 0 2200 1387.836 1338.992 48.844 0.750 0.051
74 2200 0 2200 1389.896 1338.992 50.905 0.717 0.051
75 2200 0 2200 1389.271 1338.992 50.279 0.700 0.051
76 2200 0 2200 1387.871 1338.992 48.879 0.700 0.050
77 2200 0 2200 1383.956 1338.992 44.964 0.700 0.050
78 2200 0 2200 1381.071 1338.992 42.080 0.683 0.050
79 2200 0 2200 1378.576 1338.992 39.584 0.683 0.050
80 2200 0 2200 1374.542 1338.992 35.551 0.667 0.050
81 2200 0 2200 1370.504 1338.992 31.512 0.667 0.049
82 2200 0 2200 1362.492 1338.992 23.501 0.617 0.049
83 2200 0 2200 1353.749 1338.992 14.757 0.583 0.049
84 2200 0 2200 1344.150 1338.992 5.158 0.567 0.048
85 2200 0 2200 1332.457 1338.992 6.535 0.550 0.048
86 2200 0 2200 1320.786 1338.992 18.206 0.550 0.048
87 2200 0 2200 1304.987 1336.605 31.619 0.550 0.048
88 2200 0 2200 1292.071 1334.162 42.091 0.550 0.048
89 2200 0 2200 1274.501 1320.243 45.742 0.550 0.048
90 2200 0 2200 1257.212 1307.737 50.525 0.550 0.048
91 2200 0 2200 1237.941 1289.155 51.215 0.567 0.049
92 2200 0 2200 1218.524 1275.993 57.468 0.567 0.049
93 2200 0 2200 1200.116 1269.502 69.386 0.567 0.049
94 2200 0 2200 1177.021 1229.143 52.121 0.567 0.049
95 2200 0 2200 1156.859 1223.904 67.045 0.583 0.050
96 2200 0 2200 1136.039 1198.663 62.624 0.600 0.050
97 2200 0 2200 1107.465 1172.483 65.018 0.617 0.050
98 2200 0 2200 1082.513 1143.030 60.517 0.617 0.051
99 2200 0 2200 1058.889 1126.512 67.623 0.633 0.052
100 2200 0 2200 1035.416 1104.878 69.462 0.667 0.052
101 2200 0 2200 1009.226 1058.933 49.707 0.683 0.053
102 2200 0 2200 982.081 1034.698 52.618 0.683 0.053
103 2200 0 2200 953.115 1012.911 59.796 0.700 0.054
104 2200 0 2200 928.165 987.918 59.753 0.717 0.055
105 2200 0 2200 904.088 968.926 64.838 0.717 0.055
106 2200 0 2200 873.725 937.176 63.451 0.733 0.056
107 2200 0 2200 846.094 905.350 59.255 0.750 0.057
108 2200 0 2200 817.291 879.557 62.266 0.767 0.058
109 2200 0 2200 791.725 853.532 61.807 0.783 0.059
110 2200 0 2200 764.634 820.090 55.456 0.800 0.059
111 2200 0 2200 736.272 785.673 49.401 0.817 0.060
112 2200 0 2200 707.731 764.698 56.967 0.833 0.061
113 2190 0 2190 679.893 742.692 62.799 0.883 0.062
114 2190 0 2190 653.005 708.609 55.604 0.900 0.063
115 2190 0 2190 626.772 682.040 55.268 0.933 0.064
116 2190 0 2190 598.036 670.595 72.558 0.950 0.065
117 2190 0 2190 575.167 627.523 52.355 0.967 0.066
118 2190 0 2190 550.248 605.781 55.534 1.017 0.067
119 2190 0 2190 523.959 572.763 48.805 1.017 0.068
120 2190 0 2190 498.497 553.152 54.655 1.050 0.069
121 2190 0 2190 473.754 525.303 51.550 1.067 0.069
122 2190 0 2190 449.956 495.497 45.541 1.083 0.070
123 2190 0 2190 424.741 483.639 58.899 1.100 0.070
124 2190 0 2190 401.416 444.258 42.842 1.133 0.070
125 2190 0 2190 380.934 437.549 56.615 1.150 0.071
126 2029 0 2029 356.802 401.822 45.019 1.150 0.071
127 2029 0 2029 333.147 388.123 54.976 1.183 0.071
128 2029 0 2029 314.344 374.294 59.950 1.200 0.072
129 2029 0 2029 293.739 355.928 62.190 1.200 0.072
130 1688 0 1688 274.443 342.735 68.291 1.233 0.073
131 1688 0 1688 255.623 307.770 52.147 1.233 0.073
132 1688 0 1688 237.364 294.848 57.483 1.233 0.073
133 1688 0 1688 220.146 265.993 45.847 1.317 0.073
134 1688 0 1688 205.890 261.150 55.260 1.350 0.074
135 1688 0 1688 188.620 246.755 58.135 1.350 0.074
136 1688 0 1688 171.313 239.550 68.237 1.333 0.074
137 1688 0 1688 154.789 218.133 63.344 1.333 0.075
138 1688 0 1688 139.125 193.396 54.270 1.350 0.075
139 1688 0 1688 128.136 193.396 65.260 1.367 0.075
140 1688 0 1688 116.705 168.349 51.644 1.367 0.076
141 1469 0 1469 105.925 166.671 60.746 1.400 0.076
142 1469 0 1469 93.734 161.799 68.065 1.400 0.076
143 1469 0 1469 82.589 144.802 62.213 1.417 0.076
144 1122 0 1122 73.229 121.397 48.168 1.417 0.076
145 901 0 901 63.839 116.763 52.925 1.417 0.076
146 901 0 901 55.591 116.763 61.173 1.417 0.076
147 787 0 787 45.579 109.945 64.367 1.433 0.076
148 786 0 786 38.800 109.945 71.145 1.433 0.076
149 786 0 786 31.388 83.482 52.094 1.433 0.075
150 786 0 786 25.492 81.528 56.036 1.433 0.075
151 786 0 786 19.870 71.761 51.891 1.417 0.075
152 786 0 786 15.244 71.761 56.517 1.400 0.074
153 786 0 786 11.741 66.652 54.911 1.400 0.073
154 629 0 629 7.689 65.160 57.471 1.400 0.073
155 629 0 629 5.514 65.160 59.647 1.367 0.072
156 596 0 596 4.098 65.160 61.062 1.333 0.071
157 596 0 596 2.573 65.178 62.605 1.317 0.070
158 596 0 596 1.657 65.178 63.521 1.267 0.069
159 596 0 596 1.185 65.178 63.994 1.267 0.068
160 596 0 596 0.871 65.168 64.297 1.267 0.067
161 334 0 334 0.505 65.168 64.663 1.233 0.066
162 230 0 230 0.316 65.168 64.852 1.217 0.064
163 230 0 230 0.223 65.178 64.955 1.200 0.063
164 230 0 230 0.195 65.178 64.984 1.167 0.062
165 230 0 230 0.171 65.178 65.008 1.167 0.061
166 230 0 230 0.199 65.168 64.969 1.150 0.059
167 230 0 230 0.256 65.168 64.912 1.150 0.058
168 273 0 273 0.341 65.158 64.817 1.100 0.057
169 273 0 273 0.516 65.158 64.641 1.033 0.056
170 721 0 721 0.949 65.142 64.193 1.000 0.055
171 721 0 721 1.210 65.162 63.952 0.950 0.053
172 721 0 721 1.818 65.162 63.344 0.917 0.052
173 721 0 721 2.677 65.162 62.485 0.883 0.051
174 721 0 721 3.482 65.162 61.680 0.850 0.049
175 721 0 721 5.866 65.188 59.322 0.867 0.048
176 763 0 763 9.089 65.194 56.105 0.817 0.047
177 763 0 763 12.655 65.194 52.539 0.800 0.046
178 763 0 763 16.457 65.205 48.748 0.767 0.045
179 1042 0 1042 20.917 65.205 44.288 0.767 0.044
180 1042 0 1042 26.513 65.215 38.702 0.750 0.043
181 1042 0 1042 32.116 65.262 33.147 0.717 0.042
182 1042 0 1042 38.563 65.262 26.699 0.717 0.041
183 1042 0 1042 46.089 66.649 20.560 0.683 0.040
184 1042 0 1042 54.711 66.660 11.949 0.650 0.040
185 1409 0 1409 63.870 66.660 2.789 0.600 0.039
186 1409 0 1409 72.662 66.670 5.992 0.600 0.039
187 1409 0 1409 83.261 68.692 14.569 0.600 0.038
188 1409 0 1409 93.600 68.714 24.886 0.583 0.038
189 1437 0 1437 104.641 77.034 27.607 0.550 0.038
190 1437 0 1437 116.844 80.700 36.144 0.533 0.037
191 1437 0 1437 131.094 87.820 43.274 0.533 0.037
192 1437 0 1437 145.665 93.651 52.014 0.517 0.037
193 1437 0 1437 161.958 108.467 53.491 0.517 0.037
194 1437 0 1437 176.702 117.104 59.598 0.517 0.037
195 1437 0 1437 190.730 127.984 62.746 0.500 0.037
196 1467 0 1467 208.563 147.327 61.237 0.500 0.037
197 1467 0 1467 224.091 170.843 53.248 0.433 0.036
198 1467 0 1467 240.945 182.899 58.047 0.400 0.036
199 1658 0 1658 257.554 187.367 70.187 0.400 0.037
200 1658 0 1658 279.475 227.217 52.257 0.417 0.037
201 1658 0 1658 299.059 240.413 58.645 0.433 0.038
202 1658 0 1658 319.179 256.140 63.038 0.400 0.038
203 1658 0 1658 344.434 287.438 56.996 0.433 0.038
204 1724 0 1724 362.645 306.381 56.263 0.433 0.039
205 1724 0 1724 382.841 318.179 64.662 0.467 0.039
206 1724 0 1724 403.337 339.650 63.688 0.467 0.040
207 1752 0 1752 423.414 364.294 59.120 0.467 0.040
208 1752 0 1752 443.968 385.268 58.700 0.517 0.040
209 1808 0 1808 467.767 400.939 66.828 0.533 0.041
210 1818 0 1818 490.108 438.986 51.123 0.567 0.042
211 1818 0 1818 511.227 448.720 62.506 0.583 0.042
212 1986 0 1986 535.509 486.888 48.621 0.617 0.043
213 1987 0 1987 564.314 507.658 56.655 0.617 0.044
214 1987 0 1987 584.177 516.407 67.770 0.617 0.045
215 1987 0 1987 608.148 549.931 58.217 0.650 0.046
216 2023 0 2023 631.813 573.771 58.042 0.683 0.047
217 2023 0 2023 653.466 607.206 46.260 0.683 0.048
218 2253 0 2253 677.485 628.868 48.617 0.700 0.049
219 2253 0 2253 703.334 636.406 66.928 0.733 0.050
220 2253 0 2253 729.675 673.124 56.551 0.750 0.051
221 2253 0 2253 761.649 703.970 57.678 0.800 0.053
222 2253 0 2253 791.994 735.225 56.769 0.850 0.054
223 2325 0 2325 818.875 753.457 65.418 0.850 0.055
224 2325 0 2325 848.752 802.083 46.669 0.883 0.057
225 2325 0 2325 873.534 813.524 60.010 0.933 0.058
226 2325 0 2325 901.717 845.528 56.189 0.950 0.059
227 2325 0 2325 929.676 870.561 59.114 0.967 0.060
228 2325 0 2325 956.407 888.177 68.229 0.967 0.062
229 2325 0 2325 984.920 924.589 60.330 0.983 0.063
230 2325 0 2325 1012.578 948.689 63.889 1.017 0.064
231 2325 0 2325 1038.108 978.116 59.992 1.050 0.065
232 2325 0 2325 1064.736 1000.526 64.210 1.083 0.066
233 2325 0 2325 1090.474 1023.909 66.564 1.100 0.067
234 2325 0 2325 1113.737 1057.418 56.319 1.117 0.068
235 2325 0 2325 1137.869 1074.649 63.220 1.167 0.070
236 2325 0 2325 1164.250 1119.791 44.459 1.183 0.071
237 2325 0 2325 1187.518 1127.341 60.178 1.183 0.071
238 2325 0 2325 1207.621 1141.553 66.068 1.217 0.072
239 2325 0 2325 1227.581 1157.979 69.603 1.233 0.073
240 2325 0 2325 1248.137 1191.417 56.720 1.250 0.074
241 2325 0 2325 1265.163 1202.484 62.679 1.250 0.074
242 2325 0 2325 1280.524 1219.941 60.584 1.250 0.075
243 2325 0 2325 1295.530 1237.021 58.509 1.267 0.075
244 2325 0 2325 1311.064 1255.758 55.306 1.283 0.075
245 2325 0 2325 1323.440 1255.758 67.682 1.283 0.075
246 2325 0 2325 1333.941 1266.075 67.866 1.300 0.075
247 2325 0 2325 1344.155 1282.904 61.251 1.300 0.075
248 2325 0 2325 1352.466 1301.028 51.439 1.317 0.076
249 2325 0 2325 1359.145 1311.598 47.547 1.333 0.076
250 2325 0 2325 1365.606 1313.884 51.722 1.350 0.076
251 2325 0 2325 1371.731 1313.884 57.847 1.350 0.075
252 2325 0 2325 1376.059 1313.838 62.221 1.367 0.075
253 2325 0 2325 1379.711 1330.559 49.152 1.367 0.075
254 2325 0 2325 1380.835 1330.559 50.275 1.367 0.075
255 2325 0 2325 1380.749 1335.132 45.617 1.400 0.075
256 2325 0 2325 1380.176 1342.348 37.827 1.400 0.074
257 2325 0 2325 1378.306 1342.348 35.957 1.400 0.074
258 2325 0 2325 1374.813 1342.348 32.464 1.417 0.074
259 2325 0 2325 1369.997 1342.348 27.649 1.417 0.073
260 2325 0 2325 1365.961 1342.256 23.705 1.433 0.073
261 2325 0 2325 1358.966 1342.256 16.710 1.433 0.072
262 2325 0 2325 1349.131 1342.256 6.876 1.467 0.072
263 2325 0 2325 1341.625 1340.182 1.443 1.483 0.071
264 2325 0 2325 1331.722 1340.189 8.467 1.467 0.071
265 2325 0 2325 1319.415 1337.927 18.512 1.467 0.071
266 2325 0 2325 1306.770 1334.024 27.254 1.467 0.070
267 2325 0 2325 1292.871 1324.110 31.239 1.467 0.070
268 2325 0 2325 1279.847 1324.110 44.264 1.467 0.069
269 2325 0 2325 1264.523 1310.997 46.475 1.467 0.069
270 2325 0 2325 1247.286 1303.791 56.505 1.433 0.068
271 2325 0 2325 1226.906 1276.407 49.501 1.433 0.068
272 2325 0 2325 1208.019 1270.723 62.704 1.433 0.068
273 2325 0 2325 1186.794 1244.219 57.425 1.467 0.068
274 2325 0 2325 1167.648 1238.291 70.644 1.517 0.068
275 2325 0 2325 1145.464 1203.707 58.242 1.533 0.068
276 2325 0 2325 1121.517 1178.114 56.597 1.583 0.067
277 2325 0 2325 1098.324 1152.580 54.256 1.583 0.067
278 2325 0 2325 1075.135 1145.572 70.437 1.600 0.067
279 2325 0 2325 1050.747 1114.589 63.841 1.600 0.067
280 2325 0 2325 1027.419 1098.362 70.943 1.650 0.067
281 2325 0 2325 998.880 1076.456 77.576 1.683 0.067
282 2325 0 2325 970.718 1032.586 61.868 1.633 0.067
283 2174 0 2174 942.239 1005.489 63.250 1.600 0.067
284 2174 0 2174 911.616 964.642 53.026 1.600 0.067
285 2174 0 2174 886.148 947.057 60.909 1.567 0.067
286 2174 0 2174 860.172 916.679 56.507 1.550 0.067
287 2174 0 2174 836.337 882.869 46.532 1.533 0.067
288 2174 0 2174 810.914 874.309 63.395 1.500 0.067
289 2174 0 2174 786.070 850.362 64.291 1.517 0.066
290 2174 0 2174 757.964 813.110 55.146 1.500 0.066
291 2174 0 2174 730.891 785.555 54.664 1.483 0.067
292 2071 0 2071 705.784 754.239 48.455 1.483 0.067
293 2071 0 2071 679.955 735.100 55.145 1.517 0.067
294 1937 0 1937 653.951 717.073 63.122 1.467 0.067
295 1937 0 1937 630.810 688.643 57.834 1.450 0.067
296 1937 0 1937 607.256 667.726 60.470 1.417 0.067
297 1937 0 1937 582.125 639.546 57.422 1.433 0.067
298 1937 0 1937 557.697 618.551 60.854 1.433 0.067
299 1893 0 1893 531.981 599.639 67.658 1.467 0.068
300 1893 0 1893 506.619 556.781 50.162 1.450 0.068
301 1893 0 1893 480.611 539.702 59.091 1.467 0.068
302 1893 0 1893 454.008 520.621 66.612 1.500 0.069
303 1893 0 1893 433.542 486.570 53.028 1.467 0.069
304 1893 0 1893 409.281 468.260 58.978 1.483 0.069
305 1893 0 1893 388.075 453.862 65.786 1.500 0.070
306 1893 0 1893 365.265 422.051 56.786 1.483 0.070
307 1893 0 1893 344.528 398.597 54.069 1.467 0.071
308 1893 0 1893 323.308 393.056 69.747 1.467 0.071
309 1893 0 1893 301.982 357.564 55.582 1.467 0.071
310 1893 0 1893 283.149 343.066 59.918 1.483 0.072
311 1893 0 1893 263.352 313.159 49.807 1.483 0.072
312 1893 0 1893 243.315 292.705 49.390 1.467 0.072
313 1470 0 1470 224.259 285.205 60.946 1.450 0.073
314 1470 0 1470 205.140 253.798 48.658 1.467 0.073
315 1395 0 1395 190.420 241.898 51.477 1.450 0.073
316 1326 0 1326 173.964 233.137 59.173 1.433 0.074
317 1326 0 1326 160.552 226.579 66.027 1.433 0.074
318 1173 0 1173 146.005 213.189 67.184 1.417 0.074
319 1173 0 1173 132.122 181.875 49.753 1.400 0.074
320 1141 0 1141 119.782 165.931 46.149 1.383 0.074
321 1090 0 1090 107.055 165.931 58.876 1.383 0.075
322 1090 0 1090 93.865 150.447 56.582 1.367 0.075
323 1078 0 1078 83.487 140.097 56.610 1.367 0.075
324 995 0 995 73.660 140.097 66.437 1.367 0.075
325 995 0 995 63.279 126.904 63.624 1.367 0.075
326 968 0 968 54.225 126.904 72.678 1.350 0.075
327 968 0 968 45.608 103.255 57.647 1.350 0.075
328 968 0 968 38.597 103.255 64.658 1.333 0.075
329 968 0 968 32.258 92.707 60.449 1.333 0.074
330 819 0 819 25.994 92.707 66.714 1.317 0.074
331 819 0 819 20.042 85.817 65.775 1.300 0.073
332 619 0 619 15.211 73.444 58.233 1.300 0.073
333 618 0 618 11.202 73.444 62.242 1.267 0.072
334 618 0 618 8.150 73.431 65.281 1.233 0.072
335 513 0 513 5.808 73.431 67.624 1.200 0.071
336 513 0 513 3.611 73.417 69.806 1.150 0.070
337 504 0 504 2.493 73.405 70.911 1.133 0.069
338 504 0 504 1.813 73.405 71.592 1.100 0.068
339 326 0 326 1.359 73.405 72.046 1.100 0.067
340 318 0 318 0.863 64.429 63.566 1.083 0.066
341 318 0 318 0.697 64.419 63.721 1.033 0.065
342 305 0 305 0.507 64.419 63.911 1.000 0.063
343 305 0 305 0.468 64.419 63.951 1.000 0.062
344 305 0 305 0.418 64.408 63.990 0.933 0.061
345 305 0 305 0.329 64.408 64.079 0.900 0.060
346 312 0 312 0.371 64.406 64.035 0.883 0.059
347 331 0 331 0.416 64.406 63.990 0.867 0.057
348 331 0 331 0.422 64.406 63.984 0.867 0.056
349 331 0 331 0.551 64.417 63.866 0.850 0.055
350 352 0 352 0.782 64.417 63.635 0.850 0.054
351 472 0 472 1.247 64.427 63.180 0.817 0.053
352 472 0 472 1.596 64.437 62.842 0.800 0.052
353 472 0 472 2.505 64.437 61.932 0.767 0.050
354 569 0 569 3.492 64.437 60.946 0.750 0.049
355 570 0 570 5.361 64.437 59.077 0.717 0.048
356 570 0 570 7.685 64.435 56.750 0.717 0.047
357 610 0 610 11.328 64.435 53.107 0.700 0.046
358 812 0 812 15.240 64.488 49.248 0.683 0.045
359 812 0 812 21.918 64.488 42.570 0.650 0.044
360 860 0 860 27.297 64.488 37.191 0.633 0.043
361 860 0 860 33.927 64.488 30.561 0.633 0.042
362 860 0 860 41.556 64.488 22.932 0.617 0.041
363 860 0 860 48.608 66.151 17.544 0.600 0.041
364 860 0 860 57.729 66.219 8.491 0.600 0.040
365 995 0 995 67.320 66.219 1.100 0.583 0.040
366 1045 0 1045 76.344 67.899 8.445 0.567 0.039
367 1045 0 1045 87.111 71.099 16.012 0.567 0.039
368 1163 0 1163 97.776 78.424 19.352 0.550 0.038
369 1207 0 1207 109.301 81.512 27.789 0.533 0.038
370 1207 0 1207 123.233 87.764 35.468 0.550 0.037
371 1207 0 1207 135.971 102.604 33.367 0.517 0.037
372 1399 0 1399 153.623 116.315 37.308 0.533 0.037
373 1399 0 1399 167.331 119.563 47.767 0.533 0.037
374 1602 0 1602 183.705 130.911 52.793 0.517 0.037
375 1602 0 1602 197.940 138.604 59.336 0.517 0.037
376 1602 0 1602 213.736 151.019 62.716 0.500 0.037
377 1646 0 1646 230.664 158.693 71.971 0.500 0.037
378 1704 0 1704 247.945 185.937 62.008 0.483 0.037
379 1704 0 1704 267.634 205.492 62.142 0.500 0.037
380 1704 0 1704 287.395 234.025 53.370 0.500 0.037
381 1704 0 1704 306.341 249.074 57.267 0.517 0.038
382 2209 0 2209 325.704 260.165 65.539 0.500 0.038
383 2209 0 2209 346.858 279.247 67.611 0.500 0.038
384 2209 0 2209 369.844 302.586 67.258 0.533 0.039
385 2209 0 2209 391.546 324.903 66.643 0.533 0.039
386 2209 0 2209 411.641 337.472 74.169 0.533 0.040
387 2209 0 2209 433.541 384.442 49.099 0.533 0.040
388 2209 0 2209 456.168 384.442 71.726 0.550 0.041
389 2209 0 2209 479.620 428.800 50.820 0.550 0.042
390 2209 0 2209 502.549 455.992 46.557 0.567 0.043
391 2209 0 2209 526.356 482.830 43.526 0.583 0.043
392 2209 0 2209 549.249 494.327 54.922 0.583 0.044
393 2209 0 2209 571.590 513.831 57.759 0.600 0.045
394 2209 0 2209 595.737 529.601 66.137 0.617 0.046
395 2209 0 2209 619.107 562.969 56.138 0.617 0.046
396 2209 0 2209 643.729 576.315 67.414 0.650 0.047
397 2209 0 2209 672.222 615.673 56.549 0.683 0.049
398 2209 0 2209 697.870 634.747 63.123 0.700 0.050
399 2209 0 2209 724.368 680.910 43.457 0.733 0.051
400 2209 0 2209 751.342 692.465 58.877 0.750 0.052
401 2209 0 2209 777.848 716.527 61.321 0.783 0.053
402 2209 0 2209 802.277 748.570 53.706 0.833 0.054
403 2209 0 2209 828.850 779.380 49.470 0.867 0.056
404 2209 0 2209 854.982 788.582 66.400 0.917 0.057
405 2209 0 2209 879.960 817.502 62.458 0.933 0.058
406 2209 0 2209 906.787 849.744 57.043 0.950 0.059
407 2209 0 2209 934.030 868.679 65.351 0.967 0.061
408 2209 0 2209 958.428 906.630 51.798 1.033 0.062
409 2209 0 2209 982.294 914.202 68.092 1.050 0.063
410 2209 0 2209 1009.967 940.940 69.026 1.083 0.064
411 2209 0 2209 1036.064 979.496 56.567 1.100 0.065
412 2209 0 2209 1060.241 1011.178 49.063 1.117 0.066
413 2209 0 2209 1086.697 1030.972 55.726 1.167 0.067
414 2209 0 2209 1109.752 1048.926 60.826 1.183 0.068
415 2209 0 2209 1133.936 1084.973 48.964 1.200 0.069
416 2209 0 2209 1157.021 1099.422 57.598 1.217 0.070
417 2209 0 2209 1179.330 1110.766 68.563 1.250 0.071
418 2209 0 2209 1199.111 1141.456 57.654 1.250 0.072
419 2209 0 2209 1224.646 1170.254 54.392 1.283 0.073
420 2209 0 2209 1241.923 1176.245 65.678 1.300 0.073
421 2209 0 2209 1260.250 1193.069 67.182 1.333 0.074
422 2209 0 2209 1278.484 1223.721 54.763 1.333 0.075
423 2209 0 2209 1293.322 1235.852 57.470 1.367 0.075
424 2209 0 2209 1308.773 1249.994 58.779 1.367 0.075
425 2209 0 2209 1322.498 1257.982 64.515 1.367 0.076
426 2209 0 2209 1333.287 1285.135 48.152 1.367 0.076
427 2209 0 2209 1344.148 1285.293 58.855 1.367 0.076
428 2209 0 2209 1352.560 1303.333 49.227 1.367 0.076
429 2209 0 2209 1360.463 1313.948 46.515 1.367 0.076
430 2209 0 2209 1368.660 1313.948 54.712 1.367 0.076
431 2209 0 2209 1374.583 1316.158 58.425 1.367 0.075
432 2209 0 2209 1381.923 1316.158 65.765 1.383 0.075
433 2209 0 2209 1384.875 1319.787 65.087 1.383 0.075
434 2209 0 2209 1386.952 1352.114 34.838 1.400 0.075
435 2209 0 2209 1387.415 1352.054 35.360 1.400 0.075
436 2209 0 2209 1386.980 1352.054 34.926 1.400 0.075
437 2209 0 2209 1384.760 1352.054 32.706 1.400 0.074
438 2209 0 2209 1382.108 1352.054 30.054 1.400 0.074
439 2209 0 2209 1378.356 1359.217 19.139 1.400 0.074
440 2209 0 2209 1372.482 1359.217 13.265 1.417 0.073
441 2209 0 2209 1365.038 1359.217 5.821 1.450 0.073
442 2172 0 2172 1356.486 1359.217 2.731 1.467 0.072
443 2172 0 2172 1346.361 1359.238 12.878 1.417 0.072
444 2172 0 2172 1334.605 1359.238 24.633 1.400 0.071
445 2172 0 2172 1321.315 1350.453 29.137 1.417 0.071
446 2172 0 2172 1308.289 1345.340 37.051 1.400 0.071
447 2172 0 2172 1294.336 1338.610 44.274 1.383 0.070
448 2172 0 2172 1280.367 1316.206 35.840 1.417 0.070
449 2172 0 2172 1261.135 1304.831 43.697 1.417 0.070
450 2172 0 2172 1243.873 1297.036 53.163 1.433 0.069
451 2172 0 2172 1227.836 1290.905 63.069 1.433 0.069
452 2172 0 2172 1205.451 1260.552 55.101 1.450 0.069
453 2172 0 2172 1183.538 1234.296 50.758 1.483 0.069
454 2172 0 2172 1162.160 1212.276 50.116 1.467 0.069
455 2172 0 2172 1143.416 1208.686 65.270 1.483 0.069
456 2172 0 2172 1122.837 1170.198 47.361 1.433 0.068
457 2172 0 2172 1096.576 1156.181 59.604 1.417 0.068
458 2172 0 2172 1073.746 1128.246 54.501 1.467 0.068
459 2172 0 2172 1048.288 1107.485 59.197 1.433 0.068
460 2172 0 2172 1021.418 1085.317 63.899 1.433 0.068
461 2156 0 2156 997.184 1047.895 50.711 1.450 0.068
462 2149 0 2149 972.243 1035.075 62.832 1.433 0.068
463 2149 0 2149 946.527 996.666 50.139 1.433 0.068
464 2149 0 2149 918.930 983.098 64.168 1.417 0.068
465 2149 0 2149 894.376 945.726 51.350 1.400 0.067
466 2149 0 2149 866.980 921.054 54.074 1.400 0.068
467 2149 0 2149 837.178 894.300 57.123 1.400 0.068
468 2054 0 2054 813.544 873.771 60.228 1.367 0.068
469 2054 0 2054 786.725 828.941 42.217 1.350 0.068
470 2054 0 2054 760.700 821.299 60.599 1.367 0.068
471 2054 0 2054 734.362 795.523 61.160 1.400 0.068
472 2054 0 2054 709.883 763.418 53.535 1.400 0.068
473 2054 0 2054 680.634 739.804 59.170 1.400 0.068
474 2054 0 2054 654.989 708.408 53.418 1.417 0.068
475 2054 0 2054 626.870 687.961 61.091 1.417 0.068
476 2054 0 2054 601.923 661.719 59.795 1.433 0.068
477 2054 0 2054 575.538 637.366 61.828 1.400 0.069
478 2054 0 2054 552.479 607.045 54.566 1.400 0.069
479 2021 0 2021 528.447 592.246 63.799 1.400 0.069
480 2021 0 2021 506.387 552.821 46.434 1.400 0.069
481 2021 0 2021 479.771 537.760 57.989 1.367 0.069
482 1824 0 1824 457.556 516.285 58.728 1.350 0.069
483 1824 0 1824 432.593 489.291 56.697 1.317 0.070
484 1824 0 1824 409.495 474.699 65.204 1.350 0.070
485 1789 0 1789 388.508 443.978 55.470 1.367 0.070
486 1705 0 1705 366.368 422.136 55.768 1.367 0.071
487 1705 0 1705 345.920 415.337 69.417 1.383 0.071
488 1705 0 1705 324.587 373.771 49.185 1.417 0.072
489 1680 0 1680 302.724 360.656 57.931 1.433 0.072
490 1680 0 1680 281.989 332.980 50.991 1.417 0.073
491 1680 0 1680 265.362 322.230 56.868 1.433 0.073
492 1656 0 1656 247.820 309.513 61.693 1.417 0.073
493 1656 0 1656 231.754 291.663 59.909 1.417 0.073
494 1656 0 1656 213.800 285.940 72.140 1.383 0.073
495 1656 0 1656 198.271 259.990 61.719 1.367 0.074
496 1656 0 1656 183.811 245.353 61.542 1.367 0.074
497 1656 0 1656 167.494 223.408 55.914 1.383 0.074
498 1656 0 1656 153.997 213.239 59.242 1.350 0.074
499 1449 0 1449 140.112 190.636 50.524 1.350 0.074
500 1420 0 1420 126.098 187.333 61.235 1.333 0.075
501 1420 0 1420 113.271 177.765 64.494 1.317 0.075
502 1344 0 1344 100.889 163.883 62.994 1.300 0.075
503 1123 0 1123 88.265 134.116 45.851 1.300 0.075
504 1028 0 1028 75.962 134.094 58.133 1.300 0.075
505 1028 0 1028 65.107 123.960 58.853 1.300 0.075
506 964 0 964 55.888 121.410 65.523 1.300 0.075
507 964 0 964 47.124 121.320 74.196 1.267 0.075
508 964 0 964 39.499 112.578 73.079 1.283 0.075
509 964 0 964 31.268 95.847 64.579 1.267 0.074
510 941 0 941 25.213 85.367 60.154 1.250 0.074
511 941 0 941 20.592 82.097 61.505 1.250 0.073
512 941 0 941 14.957 82.097 67.140 1.233 0.073
513 941 0 941 10.695 75.479 64.785 1.217 0.072
514 520 0 520 7.193 75.461 68.268 1.200 0.071
515 506 0 506 5.099 72.915 67.816 1.183 0.070
516 506 0 506 3.609 72.915 69.306 1.150 0.070
517 506 0 506 2.182 72.915 70.733 1.133 0.069
518 506 0 506 1.417 72.915 71.498 1.100 0.068
519 506 0 506 1.030 64.169 63.139 1.100 0.067
520 506 0 506 0.794 64.158 63.364 1.067 0.065
521 506 0 506 0.707 64.169 63.461 1.050 0.064
522 446 0 446 0.482 64.169 63.687 1.050 0.063
523 446 0 446 0.421 64.179 63.758 1.050 0.062
524 238 0 238 0.320 64.179 63.859 1.017 0.061
525 238 0 238 0.392 64.179 63.787 1.000 0.060
526 238 0 238 0.319 64.179 63.860 0.967 0.058
527 238 0 238 0.320 64.179 63.859 0.950 0.057
528 213 0 213 0.346 64.179 63.833 0.933 0.056
529 384 0 384 0.513 64.179 63.666 0.883 0.055
530 384 0 384 0.736 64.179 63.443 0.867 0.053
531 384 0 384 1.184 64.179 62.995 0.850 0.052
532 384 0 384 1.719 64.179 62.461 0.817 0.051
533 463 0 463 2.608 64.179 61.571 0.767 0.050
534 740 0 740 3.785 64.179 60.394 0.733 0.049
535 740 0 740 5.517 64.179 58.662 0.700 0.047
536 740 0 740 8.339 64.179 55.840 0.683 0.046
537 740 0 740 11.770 64.179 52.409 0.683 0.045
538 740 0 740 15.547 64.179 48.632 0.650 0.044
539 740 0 740 20.764 64.258 43.495 0.617 0.044
540 819 0 819 25.879 64.269 38.390 0.617 0.043
541 819 0 819 31.575 64.269 32.694 0.567 0.042
542 819 0 819 37.509 64.269 26.760 0.550 0.041
543 880 0 880 45.124 64.269 19.145 0.567 0.040
544 1026 0 1026 53.808 64.269 10.462 0.533 0.039
545 1026 0 1026 62.881 64.280 1.399 0.517 0.039
546 1069 0 1069 74.220 66.853 7.366 0.500 0.038
547 1069 0 1069 84.162 66.853 17.309 0.483 0.038
548 1276 0 1276 98.262 71.972 26.290 0.467 0.038
549 1276 0 1276 108.930 71.972 36.958 0.483 0.037
550 1276 0 1276 120.288 79.000 41.289 0.450 0.037
551 1356 0 1356 134.023 94.354 39.669 0.483 0.037
552 1640 0 1640 147.779 97.317 50.462 0.483 0.037
553 1640 0 1640 161.612 109.011 52.600 0.500 0.037
554 1640 0 1640 177.188 117.897 59.291 0.483 0.036
555 1640 0 1640 191.447 117.897 73.550 0.533 0.036
556 1640 0 1640 207.427 162.294 45.133 0.483 0.036
557 1640 0 1640 224.552 165.219 59.333 0.517 0.036
558 1640 0 1640 242.830 173.807 69.023 0.500 0.037
559 1640 0 1640 259.607 194.159 65.447 0.483 0.037
560 1640 0 1640 280.681 230.849 49.832 0.517 0.037
561 1640 0 1640 301.298 239.947 61.351 0.517 0.037
562 1640 0 1640 318.930 251.365 67.566 0.517 0.038
563 1674 0 1674 336.829 268.926 67.903 0.517 0.038
564 1674 0 1674 355.991 301.061 54.930 0.533 0.038
565 1818 0 1818 379.861 317.755 62.106 0.533 0.039
566 1866 0 1866 402.774 340.029 62.744 0.533 0.039
567 1866 0 1866 425.460 366.297 59.163 0.533 0.040
568 2042 0 2042 448.490 376.123 72.367 0.550 0.040
569 2042 0 2042 473.055 421.912 51.144 0.550 0.041
570 2042 0 2042 497.606 429.327 68.278 0.583 0.042
571 2042 0 2042 522.536 472.223 50.313 0.600 0.042
572 2526 0 2526 549.523 491.453 58.070 0.617 0.043
573 2526 0 2526 576.743 513.683 63.060 0.633 0.044
574 2526 0 2526 601.193 540.271 60.922 0.667 0.045
575 2526 0 2526 626.652 565.980 60.671 0.683 0.046
576 2526 0 2526 650.355 592.185 58.170 0.700 0.047
577 2526 0 2526 679.008 621.811 57.197 0.750 0.049
578 2526 0 2526 708.525 660.438 48.087 0.800 0.050
579 2526 0 2526 733.637 670.433 63.204 0.800 0.051
580 2526 0 2526 759.197 697.557 61.640 0.833 0.052
581 2526 0 2526 783.408 728.470 54.938 0.850 0.053
582 2526 0 2526 808.054 754.547 53.507 0.850 0.055
583 2526 0 2526 836.002 786.761 49.241 0.900 0.056
584 2526 0 2526 862.754 799.016 63.738 0.917 0.057
585 2526 0 2526 890.016 842.987 47.028 0.933 0.058
586 2526 0 2526 915.947 865.302 50.645 1.017 0.060
587 2526 0 2526 944.019 875.822 68.197 1.033 0.061
588 2526 0 2526 968.516 917.083 51.433 1.033 0.062
589 2526 0 2526 993.010 923.261 69.749 1.067 0.063
590 2526 0 2526 1017.412 953.513 63.898 1.067 0.064
591 2526 0 2526 1044.654 995.755 48.899 1.100 0.065
592 2526 0 2526 1071.064 1023.862 47.203 1.100 0.067
593 2526 0 2526 1096.762 1037.700 59.062 1.133 0.068
594 2526 0 2526 1120.395 1056.441 63.955 1.150 0.069
595 2526 0 2526 1144.831 1101.649 43.182 1.167 0.070
596 2526 0 2526 1168.483 1122.946 45.538 1.200 0.071
597 2526 0 2526 1188.665 1134.034 54.631 1.217 0.072
598 2526 0 2526 1209.063 1136.306 72.757 1.250 0.072
599 2526 0 2526 1229.210 1170.372 58.838 1.250 0.073
600 2526 0 2526 1247.704 1192.493 55.211 1.283 0.074
601 2526 0 2526 1264.672 1198.823 65.849 1.317 0.074
602 2526 0 2526 1279.610 1216.816 62.793 1.317 0.075
603 2526 0 2526 1294.350 1243.749 50.600 1.333 0.075
604 2526 0 2526 1309.021 1246.115 62.906 1.367 0.076
605 2526 0 2526 1321.691 1261.768 59.924 1.367 0.076
606 2526 0 2526 1335.029 1286.237 48.792 1.400 0.076
607 2526 0 2526 1344.940 1292.028 52.912 1.417 0.076
608 2526 0 2526 1356.886 1293.845 63.042 1.400 0.076
609 2526 0 2526 1364.231 1303.851 60.380 1.417 0.076
610 2526 0 2526 1370.938 1303.941 66.997 1.417 0.076
611 2526 0 2526 1377.299 1337.227 40.072 1.400 0.076
612 2526 0 2526 1380.330 1343.621 36.709 1.400 0.076
613 2526 0 2526 1383.496 1343.693 39.803 1.400 0.076
614 2526 0 2526 1385.554 1345.994 39.560 1.383 0.076
615 2526 0 2526 1386.349 1345.919 40.430 1.383 0.075
616 2526 0 2526 1386.070 1345.919 40.151 1.383 0.075
617 2526 0 2526 1384.793 1345.919 38.874 1.383 0.075
618 2526 0 2526 1381.816 1345.829 35.988 1.383 0.074
619 2526 0 2526 1377.680 1345.829 31.852 1.350 0.074
620 2526 0 2526 1372.225 1345.829 26.396 1.367 0.074
621 2526 0 2526 1365.548 1345.732 19.815 1.350 0.073
622 2526 0 2526 1358.354 1345.732 12.622 1.350 0.073
623 2526 0 2526 1348.951 1345.756 3.195 1.383 0.072
624 2526 0 2526 1337.528 1343.826 6.298 1.400 0.072
625 2526 0 2526 1327.362 1341.511 14.149 1.367 0.071
626 2526 0 2526 1314.630 1332.119 17.489 1.333 0.071
627 2526 0 2526 1299.671 1332.118 32.447 1.333 0.071
628 2526 0 2526 1284.493 1324.027 39.534 1.383 0.070
629 2526 0 2526 1267.825 1311.683 43.858 1.400 0.070
630 2526 0 2526 1253.281 1309.866 56.585 1.400 0.069
631 2526 0 2526 1232.879 1289.120 56.241 1.417 0.069
632 2283 0 2283 1214.043 1264.014 49.971 1.417 0.069
633 2283 0 2283 1194.904 1264.014 69.110 1.433 0.068
634 2283 0 2283 1173.833 1240.343 66.509 1.450 0.068
635 2283 0 2283 1150.780 1206.237 55.456 1.467 0.068
636 2283 0 2283 1129.089 1178.483 49.394 1.467 0.068
637 2283 0 2283 1103.894 1169.715 65.821 1.450 0.068
638 2283 0 2283 1079.838 1134.490 54.652 1.433 0.067
639 2283 0 2283 1051.809 1113.196 61.387 1.450 0.067
640 2283 0 2283 1025.601 1085.119 59.518 1.483 0.067
641 2283 0 2283 1000.748 1062.989 62.241 1.517 0.067
642 2283 0 2283 975.162 1051.161 75.999 1.500 0.067
643 2283 0 2283 949.767 1024.741 74.975 1.533 0.067
644 2283 0 2283 924.165 984.302 60.137 1.567 0.067
645 2283 0 2283 895.633 946.561 50.928 1.533 0.067
646 2283 0 2283 866.224 923.778 57.555 1.517 0.067
647 2283 0 2283 840.841 889.997 49.155 1.500 0.067
648 2283 0 2283 813.953 871.080 57.127 1.500 0.067
649 2283 0 2283 789.604 856.643 67.040 1.483 0.067
650 2131 0 2131 764.066 822.235 58.169 1.533 0.067
651 2131 0 2131 736.828 789.961 53.133 1.533 0.067
652 2131 0 2131 706.985 752.655 45.669 1.533 0.067
653 2131 0 2131 680.393 733.979 53.586 1.550 0.067
654 2131 0 2131 655.598 715.319 59.721 1.550 0.067
655 2131 0 2131 626.534 698.929 72.395 1.550 0.067
656 2131 0 2131 602.524 662.291 59.767 1.550 0.068
657 2131 0 2131 577.727 630.383 52.656 1.517 0.068
658 2131 0 2131 552.888 605.537 52.650 1.517 0.068
659 2131 0 2131 530.637 587.396 56.759 1.533 0.068
660 1819 0 1819 505.796 565.631 59.835 1.500 0.068
661 1819 0 1819 483.826 547.216 63.390 1.500 0.069
662 1819 0 1819 458.699 526.548 67.849 1.517 0.069
663 1769 0 1769 436.987 485.273 48.286 1.517 0.069
664 1700 0 1700 412.652 472.630 59.978 1.500 0.070
665 1696 0 1696 385.214 437.878 52.663 1.517 0.070
666 1696 0 1696 363.359 418.710 55.351 1.467 0.071
667 1696 0 1696 341.119 410.630 69.511 1.433 0.071
668 1696 0 1696 319.703 367.318 47.615 1.450 0.071
669 1696 0 1696 297.072 359.815 62.743 1.450 0.072
670 1696 0 1696 279.078 350.362 71.283 1.467 0.072
671 1696 0 1696 261.417 311.504 50.087 1.450 0.072
672 1696 0 1696 241.842 302.383 60.540 1.433 0.073
673 1539 0 1539 223.961 283.009 59.048 1.433 0.073
674 1539 0 1539 206.583 247.058 40.475 1.400 0.073
675 1539 0 1539 190.054 244.879 54.825 1.400 0.073
676 1539 0 1539 174.895 237.052 62.157 1.383 0.074
677 1539 0 1539 159.804 216.480 56.675 1.383 0.074
678 1539 0 1539 145.533 205.596 60.064 1.350 0.074
679 1539 0 1539 131.601 180.415 48.814 1.350 0.074
680 1478 0 1478 117.845 180.415 62.571 1.333 0.074
681 1478 0 1478 105.565 178.517 72.953 1.317 0.075
682 1478 0 1478 94.583 149.361 54.778 1.317 0.075
683 1301 0 1301 82.585 149.361 66.776 1.333 0.075
684 1032 0 1032 72.100 147.612 75.511 1.317 0.075
685 1032 0 1032 63.079 114.240 51.161 1.317 0.075
686 1032 0 1032 53.771 105.816 52.045 1.317 0.075
687 1032 0 1032 44.914 100.607 55.693 1.300 0.075
688 1032 0 1032 37.172 100.607 63.435 1.283 0.074
689 758 0 758 29.452 100.607 71.155 1.267 0.074
690 758 0 758 24.136 86.077 61.941 1.267 0.074
691 758 0 758 18.257 77.871 59.614 1.267 0.073
692 758 0 758 14.103 77.858 63.755 1.267 0.073
693 758 0 758 10.839 77.858 67.020 1.283 0.072
694 680 0 680 7.745 77.845 70.100 1.233 0.071
695 476 0 476 4.827 72.547 67.720 1.183 0.070
696 476 0 476 3.354 72.535 69.181 1.167 0.069
697 476 0 476 2.363 72.535 70.172 1.083 0.068
698 392 0 392 1.522 72.535 71.013 1.067 0.067
699 360 0 360 0.986 72.489 71.504 1.033 0.066
700 360 0 360 0.628 72.489 71.862 1.017 0.065
701 267 0 267 0.471 72.489 72.019 0.967 0.064
702 267 0 267 0.342 55.749 55.407 0.933 0.063
703 267 0 267 0.329 55.731 55.402 0.917 0.062
704 267 0 267 0.298 55.731 55.433 0.883 0.061
705 267 0 267 0.277 55.721 55.444 0.883 0.059
706 267 0 267 0.274 55.721 55.448 0.850 0.058
707 267 0 267 0.319 55.721 55.402 0.817 0.057
708 328 0 328 0.436 55.731 55.294 0.800 0.056
709 328 0 328 0.674 55.731 55.056 0.767 0.054
710 392 0 392 1.022 55.731 54.709 0.750 0.053
711 392 0 392 1.373 55.731 54.357 0.733 0.052
712 392 0 392 2.010 55.740 53.730 0.683 0.051
713 418 0 418 2.980 55.740 52.760 0.633 0.050
714 635 0 635 4.133 55.740 51.607 0.617 0.049
715 635 0 635 5.995 55.740 49.744 0.583 0.047
716 635 0 635 8.656 55.740 47.084 0.567 0.046
717 644 0 644 12.078 55.740 43.662 0.550 0.045
718 644 0 644 15.444 55.740 40.296 0.567 0.044
719 817 0 817 21.247 55.740 34.493 0.550 0.043
720 817 0 817 26.799 55.740 28.941 0.533 0.043
721 1078 0 1078 33.125 55.740 22.615 0.533 0.042
722 1078 0 1078 39.165 55.749 16.584 0.500 0.041
723 1078 0 1078 47.061 55.749 8.688 0.467 0.040
724 1078 0 1078 53.831 55.749 1.918 0.467 0.040
725 1078 0 1078 62.545 58.056 4.489 0.467 0.039
726 1078 0 1078 72.298 61.716 10.583 0.433 0.038
727 1184 0 1184 83.638 64.049 19.590 0.450 0.038
728 1184 0 1184 94.002 64.059 29.943 0.433 0.037
729 1184 0 1184 105.410 70.563 34.847 0.433 0.037
730 1268 0 1268 118.918 83.212 35.706 0.433 0.037
731 1268 0 1268 132.296 85.402 46.894 0.417 0.036
732 1268 0 1268 147.743 100.343 47.400 0.417 0.036
733 1401 0 1401 160.611 107.841 52.770 0.417 0.036
734 1401 0 1401 176.060 110.200 65.860 0.433 0.036
735 1401 0 1401 192.471 143.766 48.705 0.450 0.036
736 1528 0 1528 209.145 154.709 54.436 0.467 0.036
737 1528 0 1528 225.384 172.199 53.185 0.467 0.036
738 1528 0 1528 242.131 174.389 67.742 0.483 0.036
739 1604 0 1604 261.260 189.699 71.561 0.517 0.036
740 1645 0 1645 280.428 220.624 59.804 0.533 0.037
741 1645 0 1645 301.481 237.042 64.439 0.550 0.037
742 1684 0 1684 319.726 250.509 69.217 0.550 0.037
743 1762 0 1762 341.616 283.599 58.017 0.517 0.037
744 1812 0 1812 359.916 300.567 59.349 0.533 0.038
745 1812 0 1812 381.643 317.230 64.413 0.550 0.038
746 1822 0 1822 403.591 328.334 75.257 0.533 0.039
747 1822 0 1822 425.811 362.870 62.941 0.550 0.039
748 2091 0 2091 450.292 393.926 56.366 0.533 0.040
749 2091 0 2091 472.371 419.084 53.287 0.567 0.041
750 2171 0 2171 496.741 428.953 67.788 0.600 0.041
751 2171 0 2171 518.740 466.574 52.166 0.600 0.042
752 2171 0 2171 544.597 479.374 65.223 0.600 0.043
753 2171 0 2171 567.794 495.051 72.743 0.600 0.044
754 2171 0 2171 589.951 530.175 59.776 0.650 0.045
755 2171 0 2171 617.622 567.798 49.824 0.667 0.046
756 2171 0 2171 643.062 594.835 48.227 0.683 0.047
757 2171 0 2171 671.203 608.055 63.148 0.700 0.048
758 2171 0 2171 694.735 644.749 49.985 0.717 0.049
759 2171 0 2171 720.563 655.928 64.634 0.750 0.050
760 2171 0 2171 749.382 700.195 49.187 0.783 0.052
761 2171 0 2171 775.665 720.270 55.396 0.800 0.053
762 2171 0 2171 801.317 754.012 47.305 0.817 0.054
763 2171 0 2171 829.569 769.450 60.119 0.850 0.055
764 2293 0 2293 855.114 784.242 70.872 0.883 0.056
765 2293 0 2293 881.794 826.033 55.761 0.900 0.058
766 2293 0 2293 912.595 858.283 54.313 0.950 0.059
767 2293 0 2293 938.512 879.837 58.675 0.967 0.060
768 2293 0 2293 964.618 916.974 47.643 1.017 0.061
769 2293 0 2293 992.616 931.610 61.006 1.050 0.063
770 2293 0 2293 1022.140 955.244 66.896 1.083 0.064
771 2293 0 2293 1047.419 986.485 60.934 1.100 0.065
772 2293 0 2293 1072.467 1004.282 68.185 1.150 0.066
773 2293 0 2293 1098.106 1035.047 63.059 1.150 0.067
774 2293 0 2293 1122.926 1064.302 58.624 1.167 0.068
775 2293 0 2293 1146.641 1087.919 58.722 1.200 0.069
776 2293 0 2293 1170.820 1115.035 55.785 1.233 0.070
777 2293 0 2293 1192.284 1130.714 61.570 1.250 0.071
778 2293 0 2293 1210.909 1155.077 55.832 1.300 0.072
779 2293 0 2293 1232.717 1177.292 55.425 1.317 0.072
780 2293 0 2293 1251.707 1183.501 68.206 1.317 0.073
781 2293 0 2293 1269.938 1219.879 50.059 1.333 0.074
782 2293 0 2293 1283.819 1228.787 55.032 1.333 0.074
783 2293 0 2293 1300.154 1249.380 50.774 1.350 0.075
784 2293 0 2293 1311.651 1252.973 58.678 1.350 0.075
785 2293 0 2293 1324.493 1264.271 60.223 1.350 0.075
786 2293 0 2293 1335.974 1269.855 66.119 1.350 0.075
787 2293 0 2293 1347.191 1299.091 48.100 1.350 0.075
788 2293 0 2293 1355.043 1300.842 54.201 1.350 0.075
789 2293 0 2293 1361.061 1300.842 60.219 1.350 0.075
790 2293 0 2293 1368.382 1304.340 64.041 1.350 0.075
791 2293 0 2293 1374.331 1337.512 36.819 1.350 0.075
792 2293 0 2293 1380.694 1345.852 34.842 1.350 0.075
793 2293 0 2293 1382.862 1345.852 37.010 1.333 0.075
794 2293 0 2293 1385.706 1345.926 39.781 1.333 0.075
795 2293 0 2293 1387.878 1349.156 38.722 1.300 0.074
796 2293 0 2293 1388.524 1349.156 39.368 1.300 0.074
797 2293 0 2293 1386.463 1349.156 37.307 1.283 0.074
798 2293 0 2293 1383.315 1349.156 34.159 1.267 0.073
799 2293 0 2293 1380.230 1349.156 31.074 1.250 0.073
800 2293 0 2293 1374.289 1349.156 25.133 1.250 0.073
801 2293 0 2293 1369.130 1349.197 19.932 1.233 0.072
802 2293 0 2293 1360.694 1349.197 11.496 1.217 0.072
803 2293 0 2293 1350.422 1349.197 1.225 1.217 0.071
804 2293 0 2293 1343.571 1349.197 5.626 1.183 0.071
805 2293 0 2293 1333.901 1344.227 10.326 1.167 0.070
806 2293 0 2293 1319.839 1336.671 16.832 1.200 0.070
807 2293 0 2293 1302.974 1336.682 33.708 1.200 0.070
808 2293 0 2293 1287.269 1331.206 43.937 1.200 0.069
809 2293 0 2293 1272.346 1323.573 51.226 1.167 0.069
810 2293 0 2293 1253.800 1310.863 57.062 1.183 0.068
811 2293 0 2293 1237.127 1296.356 59.229 1.167 0.068
812 2293 0 2293 1217.915 1277.021 59.106 1.183 0.068
813 2293 0 2293 1200.246 1263.832 63.586 1.167 0.067
814 2293 0 2293 1179.435 1257.799 78.364 1.167 0.067
815 2293 0 2293 1156.952 1212.032 55.081 1.167 0.067
816 2293 0 2293 1133.429 1192.989 59.560 1.150 0.067
817 2293 0 2293 1105.944 1178.217 72.274 1.133 0.067
818 2293 0 2293 1081.180 1145.282 64.102 1.167 0.067
819 2293 0 2293 1052.393 1110.225 57.832 1.183 0.067
820 2293 0 2293 1021.857 1079.128 57.271 1.150 0.067
821 2293 0 2293 994.111 1045.139 51.028 1.200 0.067
822 2293 0 2293 969.109 1037.366 68.257 1.200 0.067
823 2293 0 2293 940.055 1014.422 74.366 1.217 0.067
824 2136 0 2136 912.445 968.178 55.733 1.183 0.067
825 2136 0 2136 886.984 948.561 61.577 1.150 0.067
826 2136 0 2136 855.458 913.730 58.272 1.100 0.067
827 2136 0 2136 830.218 888.087 57.869 1.117 0.067
828 2136 0 2136 803.496 855.239 51.744 1.100 0.067
829 2136 0 2136 774.581 831.923 57.342 1.117 0.067
830 2136 0 2136 748.039 822.716 74.677 1.117 0.067
831 2136 0 2136 721.601 779.565 57.964 1.150 0.067
832 2136 0 2136 695.026 748.860 53.834 1.133 0.067
833 2136 0 2136 669.474 721.546 52.072 1.133 0.067
834 2061 0 2061 643.551 699.553 56.002 1.150 0.067
835 2061 0 2061 617.721 675.969 58.248 1.117 0.067
836 1847 0 1847 590.789 655.544 64.755 1.117 0.067
837 1847 0 1847 564.809 633.282 68.472 1.117 0.067
838 1847 0 1847 540.712 597.581 56.869 1.117 0.068
839 1847 0 1847 519.436 581.467 62.030 1.117 0.068
840 1802 0 1802 496.271 552.728 56.457 1.150 0.068
841 1763 0 1763 473.588 541.385 67.796 1.167 0.068
842 1763 0 1763 450.958 522.600 71.643 1.200 0.069
843 1761 0 1761 427.307 479.949 52.642 1.183 0.069
844 1761 0 1761 404.975 463.535 58.560 1.233 0.070
845 1761 0 1761 383.364 441.531 58.167 1.233 0.070
846 1761 0 1761 357.940 410.029 52.089 1.233 0.070
847 1761 0 1761 335.756 407.628 71.871 1.250 0.071
848 1761 0 1761 313.255 358.875 45.620 1.283 0.071
849 1761 0 1761 290.408 350.167 59.759 1.300 0.072
850 1761 0 1761 272.247 331.410 59.162 1.300 0.072
851 1524 0 1524 252.702 311.163 58.460 1.317 0.072
852 1524 0 1524 235.273 296.187 60.914 1.333 0.072
853 1524 0 1524 218.581 278.162 59.581 1.333 0.073
854 1501 0 1501 201.134 278.117 76.983 1.333 0.073
855 1501 0 1501 186.671 257.564 70.893 1.350 0.073
856 1414 0 1414 172.527 232.505 59.978 1.367 0.073
857 1414 0 1414 157.372 221.756 64.384 1.383 0.074
858 1186 0 1186 143.008 196.385 53.378 1.367 0.074
859 1174 0 1174 130.150 192.929 62.779 1.367 0.074
860 1174 0 1174 116.705 171.039 54.334 1.383 0.074
861 1059 0 1059 105.489 168.783 63.294 1.383 0.074
862 1026 0 1026 92.856 165.578 72.722 1.383 0.075
863 1026 0 1026 81.107 129.860 48.754 1.383 0.075
864 1026 0 1026 73.906 123.244 49.338 1.383 0.075
865 997 0 997 65.614 117.913 52.299 1.400 0.075
866 997 0 997 56.144 115.850 59.705 1.383 0.075
867 864 0 864 46.022 112.907 66.885 1.383 0.074
868 864 0 864 37.988 103.592 65.605 1.367 0.074
869 864 0 864 31.368 103.575 72.208 1.367 0.074
870 774 0 774 24.607 96.504 71.898 1.367 0.074
871 749 0 749 19.520 94.588 75.068 1.333 0.073
872 749 0 749 15.010 94.588 79.578 1.317 0.073
873 749 0 749 11.386 72.871 61.484 1.317 0.072
874 749 0 749 8.176 63.909 55.734 1.300 0.071
875 749 0 749 5.663 62.123 56.460 1.283 0.071
876 749 0 749 3.627 62.123 58.496 1.267 0.070
877 749 0 749 2.395 55.321 52.927 1.250 0.069
878 693 0 693 1.561 55.321 53.760 1.200 0.068
879 400 0 400 0.963 55.321 54.358 1.167 0.067
880 400 0 400 0.669 55.330 54.661 1.167 0.065
881 361 0 361 0.392 55.321 54.929 1.117 0.064
882 361 0 361 0.279 55.321 55.042 1.117 0.063
883 361 0 361 0.201 55.321 55.120 1.083 0.062
884 202 0 202 0.141 55.321 55.180 1.067 0.061
885 184 0 184 0.135 55.321 55.186 1.050 0.059
886 184 0 184 0.142 55.330 55.188 1.033 0.058
887 195 0 195 0.224 55.328 55.105 1.000 0.057
888 430 0 430 0.406 55.328 54.922 0.967 0.056
889 430 0 430 0.656 55.328 54.672 0.917 0.054
890 430 0 430 0.893 55.338 54.445 0.883 0.053
891 683 0 683 1.343 55.338 53.995 0.833 0.052
892 683 0 683 2.010 55.333 53.322 0.800 0.051
893 683 0 683 2.844 55.333 52.489 0.800 0.049
894 683 0 683 4.517 55.333 50.816 0.767 0.048
895 683 0 683 6.399 55.333 48.933 0.767 0.047
896 683 0 683 9.321 55.334 46.013 0.717 0.046
897 699 0 699 13.220 55.334 42.115 0.700 0.045
898 699 0 699 17.054 55.334 38.280 0.650 0.044
899 798 0 798 22.560 55.334 32.774 0.633 0.044
900 798 0 798 28.785 55.366 26.581 0.617 0.043
901 798 0 798 35.434 55.366 19.932 0.633 0.042
902 798 0 798 41.140 55.366 14.226 0.600 0.041
903 832 0 832 49.592 55.366 5.774 0.600 0.040
904 842 0 842 57.643 55.442 2.202 0.567 0.040
905 903 0 903 66.014 55.515 10.499 0.567 0.039
906 1015 0 1015 75.050 57.973 17.077 0.517 0.038
907 1015 0 1015 86.884 61.382 25.502 0.517 0.038
908 1042 0 1042 99.535 63.952 35.583 0.517 0.038
909 1179 0 1179 111.195 66.172 45.023 0.500 0.037
910 1179 0 1179 123.505 82.180 41.324 0.500 0.037
911 1240 0 1240 135.767 82.180 53.587 0.500 0.037
912 1369 0 1369 149.363 86.610 62.753 0.500 0.037
913 1474 0 1474 165.470 112.284 53.186 0.500 0.037
914 1474 0 1474 180.894 114.268 66.626 0.483 0.037
915 1474 0 1474 195.019 117.482 77.536 0.467 0.036
916 1474 0 1474 212.989 164.048 48.941 0.467 0.037
917 1503 0 1503 228.759 164.098 64.661 0.433 0.036
918 1849 0 1849 249.914 182.067 67.846 0.450 0.037
919 1849 0 1849 266.757 195.231 71.526 0.467 0.037
920 1849 0 1849 285.070 230.568 54.503 0.433 0.037
921 1849 0 1849 305.156 245.078 60.078 0.450 0.037
922 1849 0 1849 326.798 255.291 71.507 0.450 0.038
923 1849 0 1849 347.043 289.850 57.193 0.467 0.038
924 1849 0 1849 370.225 309.119 61.106 0.500 0.039
925 1849 0 1849 391.648 324.970 66.679 0.533 0.039
926 1849 0 1849 410.927 353.236 57.691 0.550 0.040
927 1849 0 1849 430.967 373.141 57.826 0.533 0.040
928 1869 0 1869 456.743 394.208 62.535 0.533 0.041
929 1869 0 1869 476.723 408.936 67.787 0.533 0.041
930 1869 0 1869 499.147 448.144 51.004 0.550 0.042
931 1869 0 1869 523.586 466.296 57.291 0.567 0.043
932 1869 0 1869 549.384 493.398 55.986 0.633 0.044
933 1869 0 1869 575.035 499.688 75.347 0.667 0.045
934 1950 0 1950 600.573 544.715 55.858 0.667 0.046
935 1950 0 1950 623.619 554.003 69.616 0.667 0.046
936 1950 0 1950 650.804 600.854 49.950 0.683 0.048
937 2017 0 2017 675.879 613.006 62.873 0.700 0.049
938 2017 0 2017 701.060 637.281 63.779 0.733 0.050
939 2224 0 2224 725.005 685.788 39.217 0.767 0.051
940 2224 0 2224 749.068 690.870 58.198 0.800 0.052
941 2224 0 2224 773.095 726.300 46.795 0.817 0.053
942 2386 0 2386 803.756 741.861 61.894 0.950 0.055
943 2462 0 2462 829.103 769.711 59.393 0.967 0.056
944 2462 0 2462 857.567 813.486 44.081 0.983 0.057
945 2462 0 2462 884.708 824.385 60.322 1.000 0.058
946 2462 0 2462 909.238 847.482 61.756 1.000 0.059
947 2462 0 2462 937.636 878.780 58.857 1.017 0.060
948 2462 0 2462 963.466 899.244 64.223 1.033 0.062
949 2462 0 2462 987.799 943.401 44.398 1.033 0.063
950 2462 0 2462 1014.552 948.063 66.489 1.067 0.064
951 2462 0 2462 1038.030 974.357 63.673 1.100 0.065
952 2462 0 2462 1065.560 1005.956 59.604 1.167 0.066
953 2462 0 2462 1090.133 1031.021 59.112 1.183 0.067
954 2462 0 2462 1115.696 1060.688 55.008 1.200 0.068
955 2462 0 2462 1139.656 1073.571 66.086 1.217 0.069
956 2462 0 2462 1164.226 1091.011 73.215 1.267 0.070
957 2462 0 2462 1188.958 1122.745 66.213 1.317 0.071
958 2462 0 2462 1208.861 1148.868 59.992 1.317 0.072
959 2462 0 2462 1231.179 1176.207 54.971 1.317 0.073
960 2462 0 2462 1250.973 1197.547 53.426 1.350 0.074
961 2462 0 2462 1268.605 1211.005 57.600 1.350 0.074
962 2462 0 2462 1282.737 1224.013 58.724 1.383 0.075
963 2462 0 2462 1298.781 1248.027 50.754 1.367 0.075
964 2462 0 2462 1312.522 1260.336 52.186 1.417 0.075
965 2462 0 2462 1324.174 1263.452 60.722 1.400 0.076
966 2462 0 2462 1334.042 1274.194 59.848 1.400 0.076
967 2462 0 2462 1346.691 1305.704 40.987 1.417 0.076
968 2462 0 2462 1357.623 1309.417 48.206 1.433 0.076
969 2462 0 2462 1365.054 1311.608 53.445 1.417 0.076
970 2462 0 2462 1371.932 1317.483 54.449 1.433 0.076
971 2462 0 2462 1375.443 1317.444 57.999 1.433 0.076
972 2462 0 2462 1379.596 1325.650 53.946 1.400 0.075
973 2462 0 2462 1383.970 1330.439 53.531 1.400 0.075
974 2462 0 2462 1385.975 1337.139 48.836 1.417 0.075
975 2462 0 2462 1385.404 1337.139 48.264 1.400 0.075
976 2462 0 2462 1386.056 1343.648 42.408 1.400 0.075
977 2462 0 2462 1381.838 1343.575 38.263 1.417 0.074
978 2462 0 2462 1380.032 1343.632 36.400 1.400 0.074
979 2462 0 2462 1373.951 1343.647 30.305 1.400 0.074
980 2462 0 2462 1369.586 1343.647 25.940 1.417 0.073
981 2462 0 2462 1362.778 1343.647 19.131 1.350 0.073
982 2462 0 2462 1356.368 1343.647 12.721 1.333 0.072
983 2462 0 2462 1347.454 1343.683 3.771 1.317 0.072
984 2462 0 2462 1336.758 1341.874 5.116 1.300 0.071
985 2462 0 2462 1324.634 1339.657 15.024 1.300 0.070
986 2462 0 2462 1313.054 1336.490 23.436 1.267 0.070
987 2462 0 2462 1296.964 1327.741 30.778 1.267 0.070
988 2462 0 2462 1281.621 1316.657 35.036 1.283 0.070
989 2462 0 2462 1264.674 1305.014 40.340 1.250 0.070
990 2462 0 2462 1250.006 1297.566 47.560 1.233 0.069
991 2462 0 2462 1233.753 1272.076 38.322 1.250 0.069
992 2462 0 2462 1216.258 1266.539 50.281 1.217 0.068
993 2462 0 2462 1196.207 1264.410 68.204 1.233 0.068
994 2462 0 2462 1175.178 1245.146 69.968 1.217 0.068
995 2462 0 2462 1152.677 1216.709 64.031 1.200 0.068
996 2462 0 2462 1126.434 1187.013 60.579 1.200 0.068
997 2462 0 2462 1101.897 1160.905 59.008 1.233 0.067
998 2462 0 2462 1074.506 1140.005 65.499 1.217 0.068
999 2462 0 2462 1053.723 1110.659 56.936 1.167 0.067
1000 2462 0 2462 1029.882 1083.472 53.590 1.167 0.067
1001 2462 0 2462 1006.957 1066.055 59.098 1.150 0.067
1002 2462 0 2462 981.694 1050.447 68.753 1.117 0.067
1003 2260 0 2260 954.509 1016.621 62.112 1.150 0.067
1004 2260 0 2260 925.901 992.104 66.203 1.167 0.067
1005 2260 0 2260 897.900 950.659 52.759 1.183 0.067
1006 2260 0 2260 872.563 937.122 64.560 1.183 0.067
1007 2260 0 2260 843.919 895.404 51.485 1.200 0.067
1008 2260 0 2260 813.408 878.127 64.719 1.183 0.067
1009 2110 0 2110 790.231 842.238 52.007 1.200 0.067
1010 2110 0 2110 763.487 825.924 62.437 1.200 0.067
1011 2110 0 2110 737.545 783.953 46.407 1.233 0.068
1012 2110 0 2110 709.600 763.591 53.991 1.267 0.068
1013 2110 0 2110 682.176 748.890 66.715 1.300 0.068
1014 2110 0 2110 657.364 709.760 52.396 1.300 0.068
1015 2110 0 2110 631.251 694.733 63.482 1.333 0.068
1016 2054 0 2054 604.906 660.464 55.558 1.350 0.068
1017 2054 0 2054 577.461 633.584 56.123 1.333 0.068
1018 2054 0 2054 553.167 621.395 68.228 1.333 0.068
1019 2029 0 2029 526.508 577.179 50.671 1.317 0.068
1020 1857 0 1857 503.305 562.367 59.062 1.350 0.069
1021 1857 0 1857 480.453 534.241 53.787 1.383 0.069
1022 1843 0 1843 458.976 520.542 61.566 1.367 0.069
1023 1721 0 1721 437.755 497.751 59.996 1.367 0.069
1024 1721 0 1721 414.288 472.399 58.111 1.367 0.070
1025 1681 0 1681 391.738 459.988 68.250 1.367 0.070
1026 1681 0 1681 367.729 423.688 55.959 1.367 0.071
1027 1681 0 1681 347.477 418.027 70.551 1.383 0.071
1028 1681 0 1681 329.132 378.415 49.282 1.383 0.071
1029 1681 0 1681 308.541 355.184 46.643 1.383 0.072
1030 1681 0 1681 288.424 334.325 45.901 1.367 0.072
1031 1681 0 1681 265.550 328.781 63.231 1.383 0.072
1032 1681 0 1681 247.180 310.157 62.977 1.350 0.073
1033 1681 0 1681 229.201 279.943 50.742 1.333 0.073
1034 1681 0 1681 211.126 270.518 59.391 1.333 0.074
1035 1681 0 1681 193.476 250.112 56.636 1.350 0.074
1036 1540 0 1540 176.633 247.647 71.015 1.383 0.074
1037 1396 0 1396 158.689 217.000 58.311 1.383 0.074
1038 1396 0 1396 144.781 210.400 65.618 1.383 0.075
1039 1396 0 1396 129.199 195.879 66.680 1.400 0.075
1040 1195 0 1195 116.394 173.636 57.242 1.400 0.075
1041 1195 0 1195 104.135 167.891 63.756 1.400 0.075
1042 1195 0 1195 93.912 153.028 59.116 1.400 0.075
1043 1195 0 1195 83.143 153.028 69.885 1.383 0.075
1044 1195 0 1195 73.024 124.641 51.616 1.367 0.076
1045 1195 0 1195 62.600 104.736 42.136 1.367 0.076
1046 1195 0 1195 53.900 104.719 50.819 1.367 0.075
1047 1180 0 1180 44.491 102.314 57.823 1.350 0.075
1048 1180 0 1180 36.833 102.263 65.430 1.333 0.075
1049 1180 0 1180 29.431 102.198 72.767 1.317 0.075
1050 1180 0 1180 24.071 96.045 71.974 1.317 0.074
1051 1180 0 1180 19.560 88.035 68.476 1.317 0.074
1052 840 0 840 15.024 85.424 70.401 1.300 0.073
1053 762 0 762 11.133 81.385 70.253 1.300 0.073
1054 762 0 762 8.156 81.385 73.229 1.267 0.072
1055 520 0 520 5.505 78.380 72.875 1.267 0.071
1056 520 0 520 3.720 69.443 65.723 1.233 0.070
1057 520 0 520 2.686 69.443 66.757 1.217 0.069
1058 449 0 449 1.702 69.443 67.741 1.200 0.068
1059 449 0 449 1.344 69.443 68.099 1.200 0.067
1060 449 0 449 0.871 69.443 68.572 1.150 0.066
1061 449 0 449 0.612 69.477 68.865 1.150 0.065
1062 449 0 449 0.533 69.466 68.933 1.083 0.064
1063 449 0 449 0.457 69.466 69.009 1.033 0.063
1064 449 0 449 0.397 69.466 69.069 1.017 0.061
1065 449 0 449 0.295 69.488 69.193 0.983 0.060
1066 449 0 449 0.263 69.488 69.225 0.950 0.059
1067 516 0 516 0.405 69.488 69.083 0.950 0.058
1068 516 0 516 0.513 69.488 68.976 0.950 0.056
1069 516 0 516 0.672 69.500 68.828 0.917 0.055
1070 551 0 551 0.891 69.500 68.609 0.833 0.054
1071 551 0 551 1.316 69.500 68.184 0.817 0.053
1072 551 0 551 1.932 69.500 67.568 0.817 0.051
1073 551 0 551 2.886 69.522 66.636 0.817 0.050
1074 643 0 643 3.933 69.522 65.589 0.783 0.049
1075 643 0 643 5.487 69.517 64.030 0.767 0.048
1076 643 0 643 8.309 69.517 61.209 0.733 0.047
1077 643 0 643 11.525 69.517 57.992 0.717 0.045
1078 760 0 760 15.511 69.543 54.032 0.700 0.045
1079 760 0 760 19.859 69.543 49.684 0.700 0.044
1080 840 0 840 25.215 69.543 44.328 0.667 0.043
1081 968 0 968 31.149 69.554 38.405 0.650 0.042
1082 1011 0 1011 37.771 69.554 31.783 0.650 0.041
1083 1011 0 1011 45.507 69.602 24.095 0.617 0.041
1084 1011 0 1011 53.264 69.687 16.424 0.600 0.040
1085 1041 0 1041 61.947 69.780 7.833 0.567 0.039
1086 1069 0 1069 72.328 69.780 2.548 0.583 0.038
1087 1133 0 1133 82.681 72.017 10.664 0.550 0.038
1088 1321 0 1321 93.241 75.440 17.801 0.517 0.038
1089 1321 0 1321 103.278 77.597 25.681 0.483 0.037
1090 1321 0 1321 115.522 81.341 34.181 0.517 0.037
1091 1321 0 1321 128.011 95.681 32.330 0.500 0.036
1092 1352 0 1352 141.962 95.681 46.281 0.467 0.036
1093 1352 0 1352 154.767 103.727 51.039 0.467 0.036
1094 1352 0 1352 170.638 119.583 51.056 0.467 0.036
1095 1352 0 1352 187.590 126.085 61.505 0.450 0.036
1096 1363 0 1363 203.983 145.973 58.011 0.433 0.036
1097 1363 0 1363 219.611 158.669 60.942 0.433 0.036
1098 1370 0 1370 237.965 167.019 70.947 0.433 0.036
1099 1480 0 1480 255.945 199.097 56.848 0.450 0.036
1100 1480 0 1480 275.110 211.418 63.692 0.450 0.036
1101 1621 0 1621 293.911 233.018 60.893 0.450 0.037
1102 1621 0 1621 314.247 252.213 62.033 0.433 0.037
1103 1621 0 1621 332.939 270.899 62.040 0.433 0.037
1104 1709 0 1709 353.497 281.336 72.161 0.450 0.038
1105 1904 0 1904 376.071 322.748 53.323 0.483 0.038
1106 1904 0 1904 400.972 335.611 65.362 0.500 0.039
1107 2021 0 2021 423.681 372.161 51.520 0.500 0.039
1108 2021 0 2021 447.771 389.552 58.219 0.550 0.040
1109 2021 0 2021 470.917 401.016 69.901 0.567 0.041
1110 2021 0 2021 495.209 444.846 50.362 0.550 0.041
1111 2021 0 2021 516.624 463.433 53.191 0.533 0.042
1112 2021 0 2021 543.095 492.436 50.658 0.567 0.043
1113 2021 0 2021 567.425 505.448 61.977 0.567 0.044
1114 2021 0 2021 594.146 534.483 59.663 0.617 0.045
1115 2021 0 2021 620.954 566.620 54.333 0.633 0.046
1116 2093 0 2093 645.246 588.247 56.999 0.667 0.047
1117 2125 0 2125 672.163 619.494 52.669 0.700 0.049
1118 2125 0 2125 699.533 639.634 59.900 0.733 0.050
1119 2161 0 2161 726.972 658.728 68.244 0.750 0.051
1120 2161 0 2161 752.893 697.205 55.689 0.800 0.052
1121 2161 0 2161 781.355 719.545 61.810 0.800 0.054
1122 2161 0 2161 807.225 753.894 53.331 0.817 0.055
1123 2161 0 2161 834.503 775.748 58.755 0.850 0.056
1124 2161 0 2161 858.737 791.479 67.258 0.867 0.057
1125 2161 0 2161 887.194 825.459 61.735 0.933 0.059
1126 2161 0 2161 914.966 843.486 71.480 0.967 0.060
1127 2161 0 2161 942.028 889.877 52.151 0.983 0.061
1128 2161 0 2161 968.163 909.832 58.331 1.033 0.062
1129 2249 0 2249 994.328 920.621 73.707 1.050 0.064
1130 2249 0 2249 1020.619 963.472 57.147 1.100 0.065
1131 2249 0 2249 1047.229 1009.155 38.074 1.167 0.066
1132 2249 0 2249 1073.508 1014.059 59.449 1.183 0.067
1133 2249 0 2249 1101.258 1038.937 62.321 1.250 0.068
1134 2249 0 2249 1124.509 1068.635 55.874 1.250 0.069
1135 2249 0 2249 1147.308 1086.673 60.636 1.267 0.070
1136 2249 0 2249 1170.196 1113.962 56.234 1.267 0.071
1137 2249 0 2249 1192.254 1136.516 55.738 1.267 0.072
1138 2249 0 2249 1213.712 1148.973 64.739 1.283 0.073
1139 2249 0 2249 1233.100 1191.782 41.318 1.300 0.074
1140 2249 0 2249 1251.453 1196.544 54.909 1.300 0.074
1141 2249 0 2249 1268.920 1207.848 61.073 1.317 0.075
1142 2249 0 2249 1285.326 1223.305 62.021 1.350 0.075
1143 2249 0 2249 1300.815 1236.617 64.198 1.350 0.076
1144 2249 0 2249 1314.500 1260.968 53.531 1.367 0.076
1145 2249 0 2249 1326.517 1271.741 54.776 1.383 0.076
1146 2249 0 2249 1339.868 1280.114 59.754 1.400 0.076
1147 2249 0 2249 1349.899 1292.509 57.390 1.400 0.077
1148 2249 0 2249 1357.726 1292.585 65.141 1.400 0.077
1149 2249 0 2249 1364.614 1309.530 55.083 1.400 0.077
1150 2249 0 2249 1371.658 1320.487 51.171 1.400 0.076
1151 2249 0 2249 1377.270 1338.494 38.776 1.383 0.076
1152 2249 0 2249 1380.904 1338.494 42.410 1.383 0.076
1153 2249 0 2249 1382.752 1338.494 44.257 1.383 0.076
1154 2249 0 2249 1385.012 1340.121 44.891 1.367 0.076
1155 2249 0 2249 1385.679 1340.121 45.558 1.367 0.076
1156 2249 0 2249 1384.394 1339.980 44.414 1.350 0.075
1157 2249 0 2249 1382.918 1339.980 42.939 1.367 0.075
1158 2249 0 2249 1379.538 1339.953 39.585 1.317 0.075
1159 2249 0 2249 1374.842 1339.859 34.983 1.317 0.074
1160 2249 0 2249 1370.658 1339.886 30.773 1.283 0.074
1161 2249 0 2249 1364.575 1339.886 24.689 1.283 0.074
1162 2249 0 2249 1356.517 1338.109 18.408 1.300 0.073
1163 2249 0 2249 1346.630 1338.109 8.521 1.317 0.073
1164 2249 0 2249 1335.723 1336.208 0.485 1.333 0.072
1165 2249 0 2249 1324.820 1334.572 9.752 1.300 0.072
1166 2249 0 2249 1313.494 1331.701 18.208 1.233 0.071
1167 2249 0 2249 1298.000 1329.442 31.442 1.250 0.071
1168 2249 0 2249 1285.351 1324.225 38.873 1.217 0.070
1169 2249 0 2249 1270.816 1312.951 42.135 1.217 0.070
1170 2249 0 2249 1253.789 1308.271 54.482 1.200 0.070
1171 2249 0 2249 1236.490 1289.415 52.925 1.183 0.069
1172 2249 0 2249 1216.583 1277.798 61.215 1.167 0.069
1173 2249 0 2249 1194.780 1245.177 50.397 1.200 0.069
1174 2249 0 2249 1174.147 1233.054 58.907 1.167 0.069
1175 2249 0 2249 1155.910 1212.788 56.878 1.183 0.068
1176 2249 0 2249 1132.199 1200.198 67.998 1.183 0.068
1177 2249 0 2249 1108.121 1160.630 52.508 1.183 0.068
1178 2249 0 2249 1081.747 1146.474 64.726 1.150 0.067
1179 2249 0 2249 1058.131 1126.969 68.837 1.167 0.067
1180 2249 0 2249 1032.249 1093.851 61.601 1.117 0.067
1181 2249 0 2249 1007.743 1050.181 42.438 1.133 0.067
1182 2249 0 2249 980.309 1036.234 55.925 1.167 0.067
1183 2249 0 2249 954.325 1022.679 68.354 1.200 0.067
1184 2249 0 2249 925.744 977.339 51.595 1.200 0.067
1185 2249 0 2249 894.829 954.874 60.045 1.217 0.067
1186 2249 0 2249 867.293 926.436 59.143 1.233 0.067
1187 2249 0 2249 845.808 898.180 52.372 1.250 0.067
1188 2249 0 2249 820.624 888.849 68.225 1.233 0.067
1189 2155 0 2155 791.834 843.133 51.299 1.250 0.067
1190 2155 0 2155 765.015 824.008 58.994 1.250 0.067
1191 2155 0 2155 737.053 793.353 56.301 1.267 0.067
1192 2155 0 2155 710.414 768.760 58.345 1.267 0.067
1193 2155 0 2155 687.510 756.217 68.708 1.250 0.067
1194 2109 0 2109 661.769 719.923 58.154 1.267 0.067
1195 2004 0 2004 634.945 691.437 56.493 1.250 0.068
1196 2004 0 2004 606.676 664.703 58.027 1.250 0.068
1197 2004 0 2004 581.536 655.196 73.660 1.283 0.068
1198 2004 0 2004 553.788 611.177 57.389 1.267 0.068
1199 2004 0 2004 527.176 589.666 62.490 1.300 0.069
