1 872 0 872 385.020 0.000 385.020 0.000 0.000
2 872 0 872 411.401 0.000 411.401 0.000 0.000
3 1024 0 1024 432.923 0.000 432.923 0.000 0.000
4 1024 0 1024 449.870 0.000 449.870 0.000 0.000
5 1098 0 1098 470.513 0.000 470.513 0.000 0.000
6 1098 0 1098 488.688 488.688 0.000 37.000 0.336
7 1098 0 1098 511.237 511.237 0.000 36.000 0.309
8 1098 0 1098 530.626 530.626 0.000 34.875 0.285
9 1306 0 1306 551.801 551.801 0.000 33.889 0.267
10 1306 0 1306 572.300 572.300 0.000 34.100 0.253
11 1306 0 1306 594.688 572.300 22.388 31.000 0.247
12 1306 0 1306 614.592 572.300 42.292 28.417 0.228
13 1362 0 1362 634.294 572.300 61.994 26.231 0.213
14 1362 0 1362 651.341 576.752 74.589 24.357 0.199
15 1529 0 1529 669.008 576.752 92.256 22.733 0.188
16 1529 0 1529 688.245 586.403 101.842 21.313 0.177
17 1651 0 1651 702.855 608.310 94.546 20.059 0.168
18 1651 0 1651 721.840 608.310 113.530 18.944 0.161
19 1651 0 1651 743.435 628.211 115.224 17.947 0.154
20 1651 0 1651 762.854 655.020 107.834 17.050 0.148
21 1651 0 1651 785.609 672.941 112.668 16.286 0.150
22 1651 0 1651 806.119 688.260 117.859 15.545 0.145
23 1815 0 1815 826.455 706.573 119.881 14.870 0.140
24 1815 0 1815 844.803 746.223 98.581 14.292 0.135
25 1815 0 1815 862.728 762.472 100.256 13.720 0.131
26 1815 0 1815 879.350 762.472 116.878 13.192 0.127
27 1815 0 1815 894.921 776.135 118.786 12.704 0.123
28 1815 0 1815 911.093 797.304 113.789 12.250 0.119
29 1886 0 1886 929.881 797.304 132.578 11.828 0.116
30 1886 0 1886 949.762 834.430 115.332 11.467 0.113
31 1886 0 1886 965.289 869.887 95.402 11.097 0.116
32 2110 0 2110 981.907 881.925 99.982 10.750 0.113
33 2110 0 2110 995.298 889.561 105.737 10.424 0.110
34 2110 0 2110 1008.061 895.402 112.658 10.118 0.108
35 2128 0 2128 1023.911 911.971 111.940 9.829 0.105
36 2128 0 2128 1040.392 912.161 128.230 9.556 0.103
37 2148 0 2148 1055.529 927.004 128.524 9.297 0.101
38 2148 0 2148 1068.997 959.145 109.852 9.053 0.099
39 2148 0 2148 1080.048 982.471 97.577 8.846 0.097
40 2148 0 2148 1093.007 982.471 110.536 8.625 0.095
41 2148 0 2148 1105.036 982.471 122.564 8.415 0.097
42 2148 0 2148 1116.690 995.936 120.754 8.214 0.096
43 2148 0 2148 1128.147 1020.390 107.757 8.023 0.094
44 2148 0 2148 1137.312 1027.637 109.675 7.841 0.092
45 2148 0 2148 1146.721 1043.085 103.636 7.667 0.090
46 2148 0 2148 1156.781 1043.085 113.696 7.500 0.089
47 2148 0 2148 1166.433 1043.283 123.150 7.340 0.087
48 2148 0 2148 1176.023 1053.039 122.985 7.188 0.086
49 2148 0 2148 1184.700 1053.184 131.516 7.041 0.084
50 2148 0 2148 1193.240 1053.184 140.056 6.900 0.083
51 2148 0 2148 1201.636 1077.487 124.149 6.784 0.085
52 2148 0 2148 1208.348 1083.840 124.508 6.654 0.084
53 2200 0 2200 1214.877 1083.840 131.037 6.528 0.083
54 2200 0 2200 1220.651 1083.840 136.811 6.407 0.081
55 2200 0 2200 1225.660 1083.927 141.733 6.291 0.080
56 2200 0 2200 1231.797 1083.927 147.871 6.179 0.079
57 2200 0 2200 1235.737 1112.380 123.357 6.070 0.077
58 2200 0 2200 1240.265 1129.414 110.851 5.966 0.076
59 2200 0 2200 1244.514 1129.414 115.100 5.864 0.075
60 2200 0 2200 1248.101 1129.414 118.688 5.767 0.074
61 2200 0 2200 1264.127 1143.926 120.201 5.767 0.077
62 2200 0 2200 1280.223 1180.221 100.003 5.783 0.078
63 2200 0 2200 1295.499 1189.232 106.268 5.783 0.078
64 2200 0 2200 1309.167 1195.467 113.701 5.783 0.079
65 2200 0 2200 1324.438 1210.609 113.829 5.783 0.079
66 2200 0 2200 1337.304 1210.745 126.560 2.083 0.046
67 2200 0 2200 1349.564 1210.745 138.819 1.583 0.044
68 2200 0 2200 1358.182 1247.085 111.097 1.133 0.042
69 2200 0 2200 1366.068 1255.232 110.836 0.700 0.040
70 2200 0 2200 1372.895 1255.232 117.663 0.500 0.039
71 2200 0 2200 1379.667 1270.467 109.200 0.467 0.039
72 2200 0 2200 1384.300 1270.467 113.834 0.417 0.039
73 2200 0 2200 1387.836 1270.467 117.369 0.383 0.039
74 2200 0 2200 1389.896 1270.467 119.429 0.383 0.038
75 2200 0 2200 1389.271 1287.538 101.733 0.383 0.038
76 2200 0 2200 1387.871 1287.538 100.333 0.383 0.038
77 2200 0 2200 1383.956 1287.538 96.418 0.367 0.038
78 2200 0 2200 1381.071 1287.538 93.533 0.367 0.038
79 2200 0 2200 1378.576 1287.538 91.038 0.367 0.037
80 2200 0 2200 1374.542 1287.538 87.004 0.350 0.037
81 2200 0 2200 1370.504 1287.538 82.966 0.350 0.037
82 2200 0 2200 1362.492 1287.538 74.954 0.350 0.036
83 2200 0 2200 1353.749 1287.538 66.211 0.350 0.036
84 2200 0 2200 1344.150 1287.538 56.612 0.350 0.036
85 2200 0 2200 1332.457 1287.538 44.919 0.383 0.036
86 2200 0 2200 1320.786 1287.538 33.248 0.400 0.036
87 2200 0 2200 1304.987 1287.538 17.449 0.417 0.036
88 2200 0 2200 1292.071 1287.538 4.533 0.433 0.036
89 2200 0 2200 1274.501 1287.538 13.037 0.417 0.035
90 2200 0 2200 1257.212 1287.529 30.318 0.417 0.035
91 2200 0 2200 1237.941 1287.529 49.589 0.417 0.035
92 2200 0 2200 1218.524 1287.510 68.986 0.417 0.036
93 2200 0 2200 1200.116 1282.558 82.442 0.433 0.036
94 2200 0 2200 1177.021 1263.150 86.129 0.433 0.036
95 2200 0 2200 1156.859 1250.793 93.933 0.433 0.036
96 2200 0 2200 1136.039 1237.759 101.720 0.433 0.036
97 2200 0 2200 1107.465 1215.123 107.659 0.450 0.037
98 2200 0 2200 1082.513 1209.277 126.764 0.450 0.037
99 2200 0 2200 1058.889 1189.247 130.358 0.450 0.037
100 2200 0 2200 1035.416 1161.514 126.097 0.467 0.038
101 2200 0 2200 1009.226 1117.637 108.411 0.467 0.038
102 2200 0 2200 982.081 1109.048 126.968 0.467 0.038
103 2200 0 2200 953.115 1084.730 131.615 0.450 0.039
104 2200 0 2200 928.165 1055.734 127.569 0.450 0.039
105 2200 0 2200 904.088 1043.259 139.171 0.450 0.040
106 2200 0 2200 873.725 1009.060 135.335 0.467 0.040
107 2200 0 2200 846.094 956.879 110.785 0.467 0.041
108 2200 0 2200 817.291 953.578 136.287 0.467 0.041
109 2200 0 2200 791.725 936.521 144.796 0.467 0.042
110 2200 0 2200 764.634 887.544 122.910 0.483 0.042
111 2200 0 2200 736.272 853.606 117.334 0.500 0.043
112 2200 0 2200 707.731 820.696 112.965 0.500 0.044
113 2190 0 2190 679.893 817.175 137.283 0.517 0.044
114 2190 0 2190 653.005 789.916 136.911 0.533 0.045
115 2190 0 2190 626.772 721.448 94.676 0.533 0.046
116 2190 0 2190 598.036 721.448 123.411 0.533 0.046
117 2190 0 2190 575.167 705.469 130.302 0.550 0.047
118 2190 0 2190 550.248 664.854 114.606 0.567 0.047
119 2190 0 2190 523.959 658.344 134.385 0.567 0.048
120 2190 0 2190 498.497 599.362 100.865 0.583 0.049
121 2190 0 2190 473.754 595.029 121.276 0.600 0.049
122 2190 0 2190 449.956 571.914 121.958 0.583 0.049
123 2190 0 2190 424.741 568.785 144.044 0.617 0.049
124 2190 0 2190 401.416 535.583 134.168 0.633 0.050
125 2190 0 2190 380.934 535.469 154.535 0.633 0.050
126 2029 0 2029 356.802 515.037 158.235 0.633 0.050
127 2029 0 2029 333.147 445.987 112.840 0.633 0.051
128 2029 0 2029 314.344 442.081 127.736 0.617 0.051
129 2029 0 2029 293.739 435.951 142.213 0.633 0.051
130 1688 0 1688 274.443 405.393 130.950 0.650 0.051
131 1688 0 1688 255.623 364.384 108.761 0.667 0.052
132 1688 0 1688 237.364 344.549 107.185 0.683 0.052
133 1688 0 1688 220.146 330.212 110.066 0.683 0.052
134 1688 0 1688 205.890 330.160 124.270 0.700 0.052
135 1688 0 1688 188.620 315.515 126.894 0.700 0.053
136 1688 0 1688 171.313 286.692 115.379 0.700 0.053
137 1688 0 1688 154.789 286.692 131.903 0.717 0.053
138 1688 0 1688 139.125 283.346 144.220 0.733 0.054
139 1688 0 1688 128.136 273.438 145.302 0.750 0.054
140 1688 0 1688 116.705 245.650 128.945 0.750 0.054
141 1469 0 1469 105.925 226.939 121.015 0.750 0.054
142 1469 0 1469 93.734 226.939 133.205 0.750 0.054
143 1469 0 1469 82.589 186.925 104.336 0.750 0.054
144 1122 0 1122 73.229 186.925 113.696 0.750 0.055
145 901 0 901 63.839 186.925 123.086 0.767 0.055
146 901 0 901 55.591 184.148 128.558 0.767 0.055
147 787 0 787 45.579 175.340 129.761 0.767 0.055
148 786 0 786 38.800 175.340 136.540 0.767 0.054
149 786 0 786 31.388 161.098 129.710 0.783 0.054
150 786 0 786 25.492 142.105 116.613 0.767 0.054
151 786 0 786 19.870 142.105 122.235 0.767 0.054
152 786 0 786 15.244 142.105 126.861 0.767 0.054
153 786 0 786 11.741 142.105 130.365 0.767 0.053
154 629 0 629 7.689 142.105 134.417 0.750 0.053
155 629 0 629 5.514 129.838 124.325 0.733 0.052
156 596 0 596 4.098 125.566 121.468 0.717 0.052
157 596 0 596 2.573 125.604 123.031 0.700 0.051
158 596 0 596 1.657 125.604 123.947 0.683 0.050
159 596 0 596 1.185 125.604 124.419 0.683 0.050
160 596 0 596 0.871 125.584 124.712 0.683 0.049
161 334 0 334 0.505 125.584 125.079 0.667 0.048
162 230 0 230 0.316 125.584 125.268 0.650 0.047
163 230 0 230 0.223 125.604 125.381 0.633 0.047
164 230 0 230 0.195 125.604 125.409 0.617 0.046
165 230 0 230 0.171 125.604 125.433 0.617 0.045
166 230 0 230 0.199 125.584 125.384 0.617 0.044
167 230 0 230 0.256 125.584 125.328 0.617 0.044
168 273 0 273 0.341 125.564 125.223 0.583 0.043
169 273 0 273 0.516 125.564 125.048 0.567 0.042
170 721 0 721 0.949 125.529 124.580 0.550 0.041
171 721 0 721 1.210 125.569 124.358 0.517 0.040
172 721 0 721 1.818 125.569 123.750 0.500 0.039
173 721 0 721 2.677 125.569 122.891 0.483 0.038
174 721 0 721 3.482 125.569 122.086 0.467 0.038
175 721 0 721 5.866 125.584 119.719 0.467 0.037
176 763 0 763 9.089 125.581 116.492 0.450 0.036
177 763 0 763 12.655 125.581 112.926 0.433 0.035
178 763 0 763 16.457 125.601 109.145 0.433 0.035
179 1042 0 1042 20.917 125.601 104.685 0.433 0.034
180 1042 0 1042 26.513 125.621 99.108 0.400 0.033
181 1042 0 1042 32.116 125.659 93.543 0.383 0.033
182 1042 0 1042 38.563 125.659 87.096 0.383 0.032
183 1042 0 1042 46.089 125.659 79.570 0.383 0.032
184 1042 0 1042 54.711 125.679 70.969 0.383 0.031
185 1409 0 1409 63.870 125.679 61.809 0.350 0.031
186 1409 0 1409 72.662 125.699 53.037 0.350 0.030
187 1409 0 1409 83.261 125.699 42.438 0.350 0.030
188 1409 0 1409 93.600 125.739 32.139 0.350 0.030
189 1437 0 1437 104.641 125.739 21.098 0.333 0.029
190 1437 0 1437 116.844 129.005 12.160 0.317 0.029
191 1437 0 1437 131.094 129.045 2.049 0.283 0.029
192 1437 0 1437 145.665 129.045 16.620 0.283 0.029
193 1437 0 1437 161.958 129.045 32.913 0.283 0.029
194 1437 0 1437 176.702 133.891 42.812 0.283 0.028
195 1437 0 1437 190.730 140.989 49.741 0.283 0.028
196 1467 0 1467 208.563 140.989 67.575 0.283 0.028
197 1467 0 1467 224.091 151.689 72.402 0.283 0.028
198 1467 0 1467 240.945 158.055 82.890 0.283 0.028
199 1658 0 1658 257.554 177.347 80.207 0.283 0.028
200 1658 0 1658 279.475 177.347 102.127 0.283 0.028
201 1658 0 1658 299.059 193.549 105.510 0.283 0.029
202 1658 0 1658 319.179 217.980 101.198 0.283 0.029
203 1658 0 1658 344.434 217.980 126.454 0.300 0.029
204 1724 0 1724 362.645 251.076 111.569 0.300 0.030
205 1724 0 1724 382.841 257.987 124.853 0.300 0.030
206 1724 0 1724 403.337 302.979 100.358 0.300 0.030
207 1752 0 1752 423.414 303.289 120.125 0.317 0.030
208 1752 0 1752 443.968 303.289 140.679 0.317 0.031
209 1808 0 1808 467.767 335.443 132.323 0.317 0.031
210 1818 0 1818 490.108 385.696 104.413 0.300 0.032
211 1818 0 1818 511.227 394.813 116.414 0.317 0.032
212 1986 0 1986 535.509 399.521 135.987 0.317 0.033
213 1987 0 1987 564.314 431.055 133.259 0.317 0.033
214 1987 0 1987 584.177 449.426 134.751 0.333 0.034
215 1987 0 1987 608.148 499.930 108.219 0.333 0.035
216 2023 0 2023 631.813 505.232 126.580 0.350 0.035
217 2023 0 2023 653.466 537.636 115.830 0.350 0.036
218 2253 0 2253 677.485 551.163 126.322 0.367 0.036
219 2253 0 2253 703.334 571.396 131.939 0.383 0.037
220 2253 0 2253 729.675 584.985 144.690 0.400 0.038
221 2253 0 2253 761.649 651.497 110.151 0.433 0.039
222 2253 0 2253 791.994 651.497 140.497 0.467 0.040
223 2325 0 2325 818.875 691.929 126.946 0.467 0.041
224 2325 0 2325 848.752 746.766 101.986 0.500 0.041
225 2325 0 2325 873.534 751.224 122.310 0.517 0.042
226 2325 0 2325 901.717 756.771 144.946 0.517 0.043
227 2325 0 2325 929.676 806.277 123.399 0.533 0.044
228 2325 0 2325 956.407 822.478 133.928 0.583 0.045
229 2325 0 2325 984.920 841.950 142.969 0.600 0.045
230 2325 0 2325 1012.578 900.006 112.572 0.617 0.046
231 2325 0 2325 1038.108 911.069 127.038 0.650 0.047
232 2325 0 2325 1064.736 937.719 127.017 0.700 0.048
233 2325 0 2325 1090.474 972.225 118.249 0.717 0.049
234 2325 0 2325 1113.737 1010.243 103.493 0.767 0.049
235 2325 0 2325 1137.869 1028.628 109.241 0.800 0.050
236 2325 0 2325 1164.250 1039.909 124.341 0.833 0.051
237 2325 0 2325 1187.518 1044.076 143.443 0.833 0.051
238 2325 0 2325 1207.621 1067.338 140.283 0.867 0.052
239 2325 0 2325 1227.581 1096.077 131.505 0.867 0.052
240 2325 0 2325 1248.137 1136.660 111.477 0.900 0.053
241 2325 0 2325 1265.163 1141.751 123.412 0.900 0.053
242 2325 0 2325 1280.524 1159.295 121.229 0.900 0.054
243 2325 0 2325 1295.530 1170.696 124.834 0.917 0.054
244 2325 0 2325 1311.064 1189.020 122.044 0.933 0.054
245 2325 0 2325 1323.440 1189.020 134.420 0.933 0.054
246 2325 0 2325 1333.941 1222.347 111.594 0.950 0.055
247 2325 0 2325 1344.155 1233.100 111.055 0.950 0.055
248 2325 0 2325 1352.466 1246.804 105.663 0.967 0.055
249 2325 0 2325 1359.145 1265.276 93.870 0.967 0.055
250 2325 0 2325 1365.606 1284.295 81.311 0.983 0.055
251 2325 0 2325 1371.731 1284.295 87.437 0.983 0.055
252 2325 0 2325 1376.059 1284.253 91.806 0.983 0.055
253 2325 0 2325 1379.711 1284.253 95.458 0.983 0.055
254 2325 0 2325 1380.835 1284.253 96.582 1.000 0.055
255 2325 0 2325 1380.749 1288.641 92.107 0.983 0.054
256 2325 0 2325 1380.176 1288.641 91.535 1.000 0.054
257 2325 0 2325 1378.306 1288.641 89.665 1.000 0.054
258 2325 0 2325 1374.813 1288.641 86.172 0.983 0.054
259 2325 0 2325 1369.997 1288.641 81.356 0.983 0.053
260 2325 0 2325 1365.961 1288.558 77.403 0.983 0.053
261 2325 0 2325 1358.966 1288.558 70.408 0.983 0.053
262 2325 0 2325 1349.131 1288.558 60.574 0.983 0.052
263 2325 0 2325 1341.625 1288.558 53.067 0.983 0.052
264 2325 0 2325 1331.722 1288.557 43.166 0.967 0.052
265 2325 0 2325 1319.415 1288.442 30.973 0.967 0.051
266 2325 0 2325 1306.770 1288.442 18.329 0.967 0.051
267 2325 0 2325 1292.871 1284.444 8.427 0.967 0.051
268 2325 0 2325 1279.847 1284.444 4.597 0.983 0.051
269 2325 0 2325 1264.523 1284.444 19.921 1.000 0.050
270 2325 0 2325 1247.286 1284.444 37.158 0.983 0.050
271 2325 0 2325 1226.906 1279.582 52.676 0.983 0.050
272 2325 0 2325 1208.019 1279.582 71.563 0.983 0.050
273 2325 0 2325 1186.794 1268.497 81.704 1.033 0.049
274 2325 0 2325 1167.648 1268.234 100.586 1.067 0.049
275 2325 0 2325 1145.464 1241.909 96.445 1.100 0.049
276 2325 0 2325 1121.517 1218.345 96.828 1.150 0.049
277 2325 0 2325 1098.324 1212.330 114.006 1.150 0.049
278 2325 0 2325 1075.135 1204.383 129.248 1.167 0.049
279 2325 0 2325 1050.747 1200.130 149.383 1.167 0.049
280 2325 0 2325 1027.419 1168.373 140.955 1.200 0.049
281 2325 0 2325 998.880 1115.319 116.439 1.200 0.049
282 2325 0 2325 970.718 1103.999 133.281 1.167 0.049
283 2174 0 2174 942.239 1086.619 144.380 1.150 0.049
284 2174 0 2174 911.616 1072.237 160.622 1.133 0.049
285 2174 0 2174 886.148 981.525 95.377 1.133 0.049
286 2174 0 2174 860.172 981.247 121.075 1.117 0.049
287 2174 0 2174 836.337 962.241 125.904 1.083 0.049
288 2174 0 2174 810.914 938.474 127.560 1.033 0.048
289 2174 0 2174 786.070 909.910 123.840 1.033 0.048
290 2174 0 2174 757.964 887.870 129.906 1.017 0.048
291 2174 0 2174 730.891 847.462 116.571 1.000 0.048
292 2071 0 2071 705.784 843.463 137.678 0.983 0.048
293 2071 0 2071 679.955 818.390 138.435 0.983 0.048
294 1937 0 1937 653.951 806.463 152.512 0.933 0.048
295 1937 0 1937 630.810 754.800 123.991 0.917 0.048
296 1937 0 1937 607.256 735.353 128.098 0.883 0.048
297 1937 0 1937 582.125 715.532 133.407 0.900 0.049
298 1937 0 1937 557.697 707.310 149.613 0.900 0.049
299 1893 0 1893 531.981 642.459 110.478 0.933 0.049
300 1893 0 1893 506.619 614.776 108.156 0.900 0.049
301 1893 0 1893 480.611 614.641 134.030 0.900 0.049
302 1893 0 1893 454.008 574.434 120.426 0.950 0.050
303 1893 0 1893 433.542 574.434 140.892 0.917 0.050
304 1893 0 1893 409.281 554.911 145.630 0.900 0.050
305 1893 0 1893 388.075 540.797 152.722 0.917 0.050
306 1893 0 1893 365.265 476.452 111.187 0.900 0.051
307 1893 0 1893 344.528 459.076 114.548 0.883 0.051
308 1893 0 1893 323.308 459.076 135.767 0.867 0.051
309 1893 0 1893 301.982 435.945 133.963 0.883 0.051
310 1893 0 1893 283.149 384.822 101.674 0.900 0.052
311 1893 0 1893 263.352 367.959 104.607 0.900 0.052
312 1893 0 1893 243.315 363.181 119.865 0.900 0.052
313 1470 0 1470 224.259 349.599 125.340 0.883 0.052
314 1470 0 1470 205.140 331.241 126.101 0.883 0.053
315 1395 0 1395 190.420 328.147 137.726 0.900 0.053
316 1326 0 1326 173.964 308.260 134.296 0.883 0.053
317 1326 0 1326 160.552 301.038 140.487 0.883 0.053
318 1173 0 1173 146.005 251.798 105.793 0.883 0.054
319 1173 0 1173 132.122 251.798 119.676 0.883 0.054
320 1141 0 1141 119.782 240.313 120.531 0.900 0.054
321 1090 0 1090 107.055 240.313 133.258 0.883 0.054
322 1090 0 1090 93.865 219.585 125.720 0.883 0.054
323 1078 0 1078 83.487 202.560 119.073 0.900 0.054
324 995 0 995 73.660 202.560 128.900 0.900 0.054
325 995 0 995 63.279 188.104 124.825 0.900 0.055
326 968 0 968 54.225 180.518 126.293 0.883 0.055
327 968 0 968 45.608 176.999 131.391 0.867 0.054
328 968 0 968 38.597 176.999 138.402 0.850 0.054
329 968 0 968 32.258 176.999 144.741 0.833 0.054
330 819 0 819 25.994 176.999 151.006 0.833 0.054
331 819 0 819 20.042 176.999 156.957 0.817 0.054
332 619 0 619 15.211 176.999 161.788 0.817 0.053
333 618 0 618 11.202 176.999 165.797 0.767 0.053
334 618 0 618 8.150 159.720 151.570 0.717 0.052
335 513 0 513 5.808 155.549 149.742 0.683 0.052
336 513 0 513 3.611 155.521 151.910 0.650 0.051
337 504 0 504 2.493 155.496 153.003 0.633 0.051
338 504 0 504 1.813 155.496 153.684 0.617 0.050
339 326 0 326 1.359 155.496 154.137 0.600 0.049
340 318 0 318 0.863 155.496 154.633 0.600 0.049
341 318 0 318 0.697 155.471 154.774 0.583 0.048
342 305 0 305 0.507 155.471 154.964 0.567 0.047
343 305 0 305 0.468 155.471 155.003 0.550 0.046
344 305 0 305 0.418 155.446 155.028 0.533 0.045
345 305 0 305 0.329 119.796 119.467 0.517 0.044
346 312 0 312 0.371 106.377 106.006 0.500 0.044
347 331 0 331 0.416 106.377 105.961 0.483 0.043
348 331 0 331 0.422 106.377 105.955 0.483 0.042
349 331 0 331 0.551 106.394 105.843 0.483 0.042
350 352 0 352 0.782 106.394 105.613 0.467 0.041
351 472 0 472 1.247 106.411 105.164 0.467 0.040
352 472 0 472 1.596 106.429 104.833 0.467 0.039
353 472 0 472 2.505 106.429 103.923 0.450 0.038
354 569 0 569 3.492 106.429 102.937 0.433 0.038
355 570 0 570 5.361 106.429 101.068 0.417 0.037
356 570 0 570 7.685 106.419 98.734 0.417 0.036
357 610 0 610 11.328 106.419 95.091 0.400 0.036
358 812 0 812 15.240 106.459 91.218 0.400 0.035
359 812 0 812 21.918 106.459 84.541 0.417 0.034
360 860 0 860 27.297 106.459 79.161 0.383 0.033
361 860 0 860 33.927 106.459 72.531 0.367 0.033
362 860 0 860 41.556 106.459 64.902 0.367 0.032
363 860 0 860 48.608 106.459 57.851 0.333 0.032
364 860 0 860 57.729 106.527 48.798 0.317 0.031
365 995 0 995 67.320 106.527 39.207 0.300 0.031
366 1045 0 1045 76.344 106.527 30.183 0.300 0.030
367 1045 0 1045 87.111 106.766 19.655 0.300 0.030
368 1163 0 1163 97.776 106.766 8.990 0.283 0.030
369 1207 0 1207 109.301 106.783 2.518 0.267 0.029
370 1207 0 1207 123.233 106.783 16.449 0.283 0.029
371 1207 0 1207 135.971 110.196 25.775 0.267 0.029
372 1399 0 1399 153.623 110.214 43.409 0.283 0.028
373 1399 0 1399 167.331 114.410 52.920 0.283 0.028
374 1602 0 1602 183.705 114.410 69.294 0.267 0.028
375 1602 0 1602 197.940 114.410 83.530 0.267 0.028
376 1602 0 1602 213.736 122.878 90.858 0.267 0.028
377 1646 0 1646 230.664 140.020 90.644 0.267 0.028
378 1704 0 1704 247.945 140.020 107.925 0.283 0.028
379 1704 0 1704 267.634 166.267 101.367 0.283 0.028
380 1704 0 1704 287.395 173.066 114.329 0.300 0.028
381 1704 0 1704 306.341 203.982 102.360 0.317 0.029
382 2209 0 2209 325.704 203.982 121.723 0.317 0.029
383 2209 0 2209 346.858 218.922 127.935 0.333 0.029
384 2209 0 2209 369.844 243.378 126.466 0.317 0.029
385 2209 0 2209 391.546 277.565 113.981 0.317 0.030
386 2209 0 2209 411.641 277.565 134.076 0.333 0.030
387 2209 0 2209 433.541 300.973 132.568 0.333 0.030
388 2209 0 2209 456.168 318.480 137.688 0.333 0.031
389 2209 0 2209 479.620 343.170 136.450 0.333 0.031
390 2209 0 2209 502.549 370.511 132.037 0.350 0.032
391 2209 0 2209 526.356 416.406 109.950 0.333 0.032
392 2209 0 2209 549.249 416.406 132.843 0.350 0.032
393 2209 0 2209 571.590 446.474 125.116 0.350 0.033
394 2209 0 2209 595.737 457.138 138.599 0.350 0.034
395 2209 0 2209 619.107 483.321 135.786 0.350 0.034
396 2209 0 2209 643.729 528.449 115.280 0.350 0.035
397 2209 0 2209 672.222 543.953 128.269 0.367 0.036
398 2209 0 2209 697.870 567.850 130.019 0.383 0.037
399 2209 0 2209 724.368 617.321 107.047 0.400 0.037
400 2209 0 2209 751.342 642.301 109.041 0.400 0.038
401 2209 0 2209 777.848 667.187 110.661 0.417 0.039
402 2209 0 2209 802.277 678.172 124.104 0.433 0.040
403 2209 0 2209 828.850 710.920 117.930 0.450 0.041
404 2209 0 2209 854.982 756.909 98.073 0.483 0.041
405 2209 0 2209 879.960 771.726 108.234 0.483 0.042
406 2209 0 2209 906.787 792.058 114.728 0.500 0.043
407 2209 0 2209 934.030 807.456 126.574 0.500 0.044
408 2209 0 2209 958.428 811.580 146.848 0.533 0.044
409 2209 0 2209 982.294 839.847 142.447 0.550 0.045
410 2209 0 2209 1009.967 870.850 139.117 0.567 0.046
411 2209 0 2209 1036.064 924.215 111.849 0.583 0.047
412 2209 0 2209 1060.241 924.318 135.923 0.600 0.048
413 2209 0 2209 1086.697 945.832 140.866 0.617 0.048
414 2209 0 2209 1109.752 971.930 137.821 0.633 0.049
415 2209 0 2209 1133.936 1015.433 118.503 0.650 0.050
416 2209 0 2209 1157.021 1038.314 118.706 0.683 0.050
417 2209 0 2209 1179.330 1038.314 141.015 0.683 0.051
418 2209 0 2209 1199.111 1060.380 138.731 0.700 0.052
419 2209 0 2209 1224.646 1118.261 106.385 0.717 0.052
420 2209 0 2209 1241.923 1134.549 107.374 0.733 0.053
421 2209 0 2209 1260.250 1152.026 108.225 0.783 0.053
422 2209 0 2209 1278.484 1152.076 126.408 0.783 0.053
423 2209 0 2209 1293.322 1155.922 137.400 0.800 0.054
424 2209 0 2209 1308.773 1170.888 137.885 0.800 0.054
425 2209 0 2209 1322.498 1195.739 126.759 0.800 0.054
426 2209 0 2209 1333.287 1195.739 137.548 0.800 0.054
427 2209 0 2209 1344.148 1206.543 137.605 0.800 0.054
428 2209 0 2209 1352.560 1217.232 135.329 0.800 0.054
429 2209 0 2209 1360.463 1234.896 125.567 0.800 0.055
430 2209 0 2209 1368.660 1234.896 133.763 0.817 0.055
431 2209 0 2209 1374.583 1234.896 139.687 0.817 0.055
432 2209 0 2209 1381.923 1234.896 147.027 0.833 0.054
433 2209 0 2209 1384.875 1234.896 149.978 0.833 0.054
434 2209 0 2209 1386.952 1234.846 152.107 0.817 0.054
435 2209 0 2209 1387.415 1282.692 104.723 0.817 0.054
436 2209 0 2209 1386.980 1282.692 104.288 0.817 0.054
437 2209 0 2209 1384.760 1282.692 102.068 0.833 0.054
438 2209 0 2209 1382.108 1282.692 99.417 0.800 0.053
439 2209 0 2209 1378.356 1282.692 95.664 0.800 0.053
440 2209 0 2209 1372.482 1282.692 89.791 0.817 0.053
441 2209 0 2209 1365.038 1282.692 82.346 0.833 0.053
442 2172 0 2172 1356.486 1282.692 73.795 0.833 0.052
443 2172 0 2172 1346.361 1282.700 63.660 0.800 0.052
444 2172 0 2172 1334.605 1282.700 51.904 0.800 0.052
445 2172 0 2172 1321.315 1282.700 38.615 0.817 0.051
446 2172 0 2172 1308.289 1282.700 25.588 0.817 0.051
447 2172 0 2172 1294.336 1282.582 11.754 0.800 0.051
448 2172 0 2172 1280.367 1282.444 2.077 0.817 0.050
449 2172 0 2172 1261.135 1282.336 21.201 0.817 0.050
450 2172 0 2172 1243.873 1278.757 34.884 0.833 0.050
451 2172 0 2172 1227.836 1274.816 46.980 0.833 0.050
452 2172 0 2172 1205.451 1274.816 69.365 0.833 0.050
453 2172 0 2172 1183.538 1268.207 84.669 0.850 0.050
454 2172 0 2172 1162.160 1257.377 95.217 0.867 0.050
455 2172 0 2172 1143.416 1234.919 91.503 0.850 0.049
456 2172 0 2172 1122.837 1227.884 105.047 0.850 0.049
457 2172 0 2172 1096.576 1193.821 97.245 0.833 0.049
458 2172 0 2172 1073.746 1189.637 115.891 0.850 0.049
459 2172 0 2172 1048.288 1173.569 125.280 0.850 0.049
460 2172 0 2172 1021.418 1141.650 120.232 0.850 0.049
461 2156 0 2156 997.184 1128.994 131.811 0.850 0.049
462 2149 0 2149 972.243 1117.575 145.332 0.850 0.049
463 2149 0 2149 946.527 1059.005 112.477 0.850 0.049
464 2149 0 2149 918.930 1033.963 115.033 0.833 0.049
465 2149 0 2149 894.376 1027.534 133.158 0.833 0.049
466 2149 0 2149 866.980 1015.567 148.586 0.817 0.048
467 2149 0 2149 837.178 951.818 114.640 0.833 0.048
468 2054 0 2054 813.544 924.084 110.540 0.800 0.049
469 2054 0 2054 786.725 924.084 137.359 0.783 0.049
470 2054 0 2054 760.700 883.646 122.946 0.783 0.048
471 2054 0 2054 734.362 872.078 137.716 0.783 0.049
472 2054 0 2054 709.883 831.655 121.772 0.767 0.049
473 2054 0 2054 680.634 793.646 113.012 0.800 0.049
474 2054 0 2054 654.989 772.798 117.809 0.800 0.049
475 2054 0 2054 626.870 772.656 145.786 0.783 0.049
476 2054 0 2054 601.923 730.441 128.518 0.800 0.049
477 2054 0 2054 575.538 700.068 124.530 0.767 0.049
478 2054 0 2054 552.479 670.784 118.306 0.767 0.049
479 2021 0 2021 528.447 659.411 130.964 0.783 0.049
480 2021 0 2021 506.387 654.446 148.059 0.767 0.049
481 2021 0 2021 479.771 608.696 128.924 0.717 0.049
482 1824 0 1824 457.556 597.102 139.546 0.700 0.049
483 1824 0 1824 432.593 557.514 124.921 0.700 0.050
484 1824 0 1824 409.495 538.318 128.822 0.700 0.050
485 1789 0 1789 388.508 509.069 120.561 0.717 0.050
486 1705 0 1705 366.368 504.453 138.085 0.733 0.050
487 1705 0 1705 345.920 451.963 106.043 0.733 0.051
488 1705 0 1705 324.587 451.890 127.303 0.733 0.051
489 1680 0 1680 302.724 448.307 145.583 0.717 0.051
490 1680 0 1680 281.989 376.779 94.790 0.717 0.052
491 1680 0 1680 265.362 358.363 93.002 0.733 0.052
492 1656 0 1656 247.820 358.363 110.543 0.717 0.052
493 1656 0 1656 231.754 351.191 119.437 0.717 0.052
494 1656 0 1656 213.800 346.900 133.100 0.733 0.052
495 1656 0 1656 198.271 329.552 131.281 0.733 0.053
496 1656 0 1656 183.811 293.848 110.037 0.750 0.053
497 1656 0 1656 167.494 289.978 122.484 0.767 0.053
498 1656 0 1656 153.997 286.583 132.586 0.767 0.053
499 1449 0 1449 140.112 258.365 118.253 0.767 0.053
500 1420 0 1420 126.098 258.322 132.224 0.750 0.054
501 1420 0 1420 113.271 254.665 141.394 0.750 0.054
502 1344 0 1344 100.889 225.953 125.064 0.767 0.054
503 1123 0 1123 88.265 200.363 112.098 0.767 0.054
504 1028 0 1028 75.962 200.331 124.369 0.767 0.054
505 1028 0 1028 65.107 200.331 135.224 0.767 0.054
506 964 0 964 55.888 200.331 144.443 0.750 0.054
507 964 0 964 47.124 193.702 146.578 0.750 0.054
508 964 0 964 39.499 165.638 126.138 0.750 0.054
509 964 0 964 31.268 161.511 130.242 0.733 0.054
510 941 0 941 25.213 161.511 136.298 0.717 0.053
511 941 0 941 20.592 161.511 140.919 0.700 0.053
512 941 0 941 14.957 157.102 142.145 0.700 0.053
513 941 0 941 10.695 157.102 146.407 0.683 0.052
514 520 0 520 7.193 145.147 137.955 0.667 0.052
515 506 0 506 5.099 145.147 140.048 0.667 0.051
516 506 0 506 3.609 145.147 141.538 0.650 0.051
517 506 0 506 2.182 129.166 126.984 0.633 0.050
518 506 0 506 1.417 129.166 127.749 0.633 0.049
519 506 0 506 1.030 129.145 128.115 0.617 0.049
520 506 0 506 0.794 129.124 128.330 0.617 0.048
521 506 0 506 0.707 129.145 128.438 0.617 0.047
522 446 0 446 0.482 129.145 128.663 0.567 0.047
523 446 0 446 0.421 129.166 128.745 0.567 0.046
524 238 0 238 0.320 129.166 128.846 0.550 0.045
525 238 0 238 0.392 129.166 128.774 0.533 0.044
526 238 0 238 0.319 129.166 128.847 0.500 0.044
527 238 0 238 0.320 129.166 128.846 0.500 0.043
528 213 0 213 0.346 129.166 128.820 0.500 0.042
529 384 0 384 0.513 129.166 128.653 0.467 0.041
530 384 0 384 0.736 129.166 128.430 0.467 0.040
531 384 0 384 1.184 129.166 127.982 0.450 0.040
532 384 0 384 1.719 129.166 127.448 0.433 0.039
533 463 0 463 2.608 129.166 126.558 0.417 0.038
534 740 0 740 3.785 129.166 125.381 0.417 0.037
535 740 0 740 5.517 129.166 123.649 0.367 0.036
536 740 0 740 8.339 129.166 120.827 0.383 0.036
537 740 0 740 11.770 129.166 117.396 0.367 0.035
538 740 0 740 15.547 129.166 113.619 0.350 0.034
539 740 0 740 20.764 129.223 108.460 0.333 0.034
540 819 0 819 25.879 129.244 103.365 0.333 0.033
541 819 0 819 31.575 129.244 97.670 0.317 0.033
542 819 0 819 37.509 129.244 91.735 0.283 0.032
543 880 0 880 45.124 129.244 84.120 0.300 0.031
544 1026 0 1026 53.808 129.244 75.437 0.283 0.031
545 1026 0 1026 62.881 129.266 66.385 0.283 0.030
546 1069 0 1069 74.220 129.266 55.046 0.300 0.030
547 1069 0 1069 84.162 129.266 45.104 0.300 0.030
548 1276 0 1276 98.262 129.287 31.025 0.300 0.029
549 1276 0 1276 108.930 129.287 20.357 0.300 0.029
550 1276 0 1276 120.288 129.388 9.100 0.300 0.029
551 1356 0 1356 134.023 129.487 4.536 0.300 0.029
552 1640 0 1640 147.779 133.692 14.087 0.300 0.028
553 1640 0 1640 161.612 133.817 27.795 0.300 0.028
554 1640 0 1640 177.188 133.839 43.349 0.317 0.028
555 1640 0 1640 191.447 133.839 57.608 0.317 0.028
556 1640 0 1640 207.427 139.121 68.306 0.317 0.028
557 1640 0 1640 224.552 145.487 79.065 0.300 0.028
558 1640 0 1640 242.830 145.487 97.343 0.300 0.028
559 1640 0 1640 259.607 161.462 98.145 0.300 0.028
560 1640 0 1640 280.681 188.256 92.425 0.300 0.029
561 1640 0 1640 301.298 188.256 113.042 0.283 0.029
562 1640 0 1640 318.930 195.290 123.640 0.283 0.029
563 1674 0 1674 336.829 211.983 124.846 0.283 0.029
564 1674 0 1674 355.991 212.017 143.974 0.283 0.029
565 1818 0 1818 379.861 223.741 156.121 0.283 0.029
566 1866 0 1866 402.774 280.871 121.902 0.300 0.030
567 1866 0 1866 425.460 297.059 128.401 0.300 0.030
568 2042 0 2042 448.490 297.059 151.432 0.300 0.030
569 2042 0 2042 473.055 357.296 115.760 0.300 0.031
570 2042 0 2042 497.606 397.886 99.720 0.317 0.031
571 2042 0 2042 522.536 421.709 100.827 0.333 0.032
572 2526 0 2526 549.523 421.857 127.666 0.350 0.032
573 2526 0 2526 576.743 461.490 115.253 0.367 0.033
574 2526 0 2526 601.193 466.245 134.948 0.383 0.034
575 2526 0 2526 626.652 487.528 139.124 0.383 0.035
576 2526 0 2526 650.355 536.592 113.762 0.383 0.035
577 2526 0 2526 679.008 567.251 111.757 0.417 0.036
578 2526 0 2526 708.525 590.032 118.493 0.450 0.037
579 2526 0 2526 733.637 593.919 139.718 0.450 0.038
580 2526 0 2526 759.197 620.911 138.286 0.483 0.038
581 2526 0 2526 783.408 646.669 136.740 0.483 0.039
582 2526 0 2526 808.054 693.149 114.905 0.483 0.040
583 2526 0 2526 836.002 726.625 109.377 0.500 0.041
584 2526 0 2526 862.754 739.801 122.953 0.517 0.042
585 2526 0 2526 890.016 779.787 110.229 0.517 0.042
586 2526 0 2526 915.947 793.650 122.298 0.550 0.043
587 2526 0 2526 944.019 825.335 118.683 0.550 0.044
588 2526 0 2526 968.516 838.944 129.572 0.567 0.045
589 2526 0 2526 993.010 868.883 124.127 0.583 0.045
590 2526 0 2526 1017.412 887.642 129.769 0.583 0.046
591 2526 0 2526 1044.654 901.177 143.477 0.600 0.047
592 2526 0 2526 1071.064 961.402 109.662 0.600 0.048
593 2526 0 2526 1096.762 969.724 127.038 0.617 0.048
594 2526 0 2526 1120.395 990.423 129.972 0.633 0.049
595 2526 0 2526 1144.831 1016.508 128.323 0.650 0.050
596 2526 0 2526 1168.483 1027.562 140.922 0.650 0.051
597 2526 0 2526 1188.665 1082.947 105.718 0.683 0.051
598 2526 0 2526 1209.063 1093.522 115.541 0.683 0.052
599 2526 0 2526 1229.210 1121.228 107.982 0.683 0.052
600 2526 0 2526 1247.704 1121.228 126.476 0.700 0.053
601 2526 0 2526 1264.672 1126.311 138.361 0.717 0.053
602 2526 0 2526 1279.610 1132.478 147.131 0.700 0.053
603 2526 0 2526 1294.350 1165.891 128.458 0.717 0.054
604 2526 0 2526 1309.021 1196.850 112.171 0.733 0.054
605 2526 0 2526 1321.691 1216.456 105.235 0.750 0.054
606 2526 0 2526 1335.029 1226.087 108.942 0.750 0.055
607 2526 0 2526 1344.940 1226.087 118.853 0.767 0.055
608 2526 0 2526 1356.886 1243.320 113.566 0.750 0.055
609 2526 0 2526 1364.231 1247.781 116.450 0.767 0.055
610 2526 0 2526 1370.938 1259.755 111.183 0.767 0.055
611 2526 0 2526 1377.299 1271.905 105.394 0.750 0.055
612 2526 0 2526 1380.330 1271.960 108.371 0.767 0.055
613 2526 0 2526 1383.496 1272.019 111.477 0.750 0.055
614 2526 0 2526 1385.554 1272.019 113.535 0.750 0.054
615 2526 0 2526 1386.349 1271.957 114.392 0.750 0.054
616 2526 0 2526 1386.070 1271.957 114.113 0.750 0.054
617 2526 0 2526 1384.793 1271.957 112.836 0.733 0.054
618 2526 0 2526 1381.816 1307.174 74.643 0.733 0.054
619 2526 0 2526 1377.680 1307.174 70.507 0.717 0.053
620 2526 0 2526 1372.225 1307.174 65.051 0.700 0.053
621 2526 0 2526 1365.548 1307.084 58.463 0.683 0.053
622 2526 0 2526 1358.354 1307.084 51.270 0.667 0.052
623 2526 0 2526 1348.951 1307.102 41.850 0.667 0.052
624 2526 0 2526 1337.528 1307.102 30.426 0.683 0.052
625 2526 0 2526 1327.362 1306.972 20.390 0.683 0.052
626 2526 0 2526 1314.630 1306.914 7.717 0.667 0.051
627 2526 0 2526 1299.671 1306.909 7.237 0.667 0.051
628 2526 0 2526 1284.493 1306.909 22.416 0.717 0.051
629 2526 0 2526 1267.825 1306.909 39.084 0.733 0.050
630 2526 0 2526 1253.281 1306.909 53.628 0.733 0.050
631 2526 0 2526 1232.879 1306.909 74.029 0.750 0.050
632 2283 0 2283 1214.043 1301.374 87.331 0.767 0.050
633 2283 0 2283 1194.904 1301.374 106.470 0.783 0.049
634 2283 0 2283 1173.833 1295.437 121.604 0.800 0.049
635 2283 0 2283 1150.780 1266.898 116.118 0.783 0.049
636 2283 0 2283 1129.089 1241.385 112.296 0.800 0.049
637 2283 0 2283 1103.894 1229.387 125.493 0.817 0.049
638 2283 0 2283 1079.838 1203.087 123.249 0.800 0.048
639 2283 0 2283 1051.809 1192.919 141.110 0.850 0.049
640 2283 0 2283 1025.601 1163.081 137.479 0.883 0.049
641 2283 0 2283 1000.748 1121.606 120.859 0.917 0.048
642 2283 0 2283 975.162 1102.211 127.049 0.917 0.048
643 2283 0 2283 949.767 1063.895 114.128 0.950 0.049
644 2283 0 2283 924.165 1033.785 109.620 0.967 0.048
645 2283 0 2283 895.633 1030.010 134.376 0.967 0.048
646 2283 0 2283 866.224 1006.609 140.386 0.950 0.048
647 2283 0 2283 840.841 954.632 113.791 0.950 0.048
648 2283 0 2283 813.953 937.175 123.222 0.950 0.049
649 2283 0 2283 789.604 915.225 125.621 0.933 0.049
650 2131 0 2131 764.066 895.653 131.586 0.950 0.049
651 2131 0 2131 736.828 876.796 139.968 0.933 0.049
652 2131 0 2131 706.985 799.950 92.964 0.933 0.049
653 2131 0 2131 680.393 799.950 119.556 0.933 0.049
654 2131 0 2131 655.598 774.212 118.614 0.933 0.049
655 2131 0 2131 626.534 754.396 127.862 0.933 0.049
656 2131 0 2131 602.524 738.426 135.902 0.933 0.049
657 2131 0 2131 577.727 716.137 138.410 0.933 0.049
658 2131 0 2131 552.888 685.086 132.198 0.933 0.049
659 2131 0 2131 530.637 649.207 118.570 0.950 0.049
660 1819 0 1819 505.796 641.461 135.665 0.933 0.049
661 1819 0 1819 483.826 624.806 140.980 0.933 0.050
662 1819 0 1819 458.699 606.027 147.328 0.933 0.050
663 1769 0 1769 436.987 571.336 134.349 0.950 0.050
664 1700 0 1700 412.652 531.052 118.400 0.933 0.050
665 1696 0 1696 385.214 513.553 128.339 0.950 0.051
666 1696 0 1696 363.359 503.912 140.554 0.917 0.051
667 1696 0 1696 341.119 490.763 149.644 0.900 0.051
668 1696 0 1696 319.703 416.781 97.078 0.900 0.051
669 1696 0 1696 297.072 413.059 115.987 0.900 0.052
670 1696 0 1696 279.078 412.992 133.914 0.917 0.052
671 1696 0 1696 261.417 396.073 134.656 0.917 0.052
672 1696 0 1696 241.842 335.488 93.646 0.900 0.052
673 1539 0 1539 223.961 327.712 103.751 0.917 0.053
674 1539 0 1539 206.583 327.712 121.130 0.900 0.053
675 1539 0 1539 190.054 307.154 117.100 0.900 0.053
676 1539 0 1539 174.895 288.046 113.151 0.900 0.053
677 1539 0 1539 159.804 269.284 109.480 0.917 0.054
678 1539 0 1539 145.533 269.199 123.667 0.900 0.054
679 1539 0 1539 131.601 265.275 133.674 0.900 0.054
680 1478 0 1478 117.845 245.129 127.284 0.900 0.054
681 1478 0 1478 105.565 245.006 139.441 0.900 0.054
682 1478 0 1478 94.583 228.509 133.926 0.917 0.054
683 1301 0 1301 82.585 228.509 145.924 0.900 0.055
684 1032 0 1032 72.100 189.687 117.587 0.883 0.055
685 1032 0 1032 63.079 183.789 120.710 0.883 0.055
686 1032 0 1032 53.771 183.789 130.018 0.867 0.055
687 1032 0 1032 44.914 169.838 124.924 0.850 0.054
688 1032 0 1032 37.172 156.558 119.386 0.850 0.054
689 758 0 758 29.452 156.558 127.106 0.867 0.054
690 758 0 758 24.136 156.558 132.422 0.850 0.054
691 758 0 758 18.257 146.621 128.364 0.850 0.054
692 758 0 758 14.103 146.597 132.494 0.833 0.053
693 758 0 758 10.839 146.597 135.758 0.817 0.053
694 680 0 680 7.745 128.672 120.927 0.817 0.053
695 476 0 476 4.827 128.672 123.845 0.817 0.052
696 476 0 476 3.354 128.651 125.297 0.817 0.051
697 476 0 476 2.363 128.651 126.288 0.800 0.051
698 392 0 392 1.522 128.651 127.129 0.800 0.050
699 360 0 360 0.986 128.615 127.629 0.800 0.049
700 360 0 360 0.628 128.615 127.987 0.783 0.048
701 267 0 267 0.471 128.615 128.144 0.783 0.048
702 267 0 267 0.342 128.615 128.273 0.767 0.047
703 267 0 267 0.329 128.573 128.244 0.767 0.046
704 267 0 267 0.298 128.573 128.275 0.733 0.045
705 267 0 267 0.277 128.552 128.275 0.733 0.045
706 267 0 267 0.274 128.552 128.278 0.733 0.044
707 267 0 267 0.319 128.552 128.232 0.717 0.043
708 328 0 328 0.436 128.573 128.137 0.700 0.042
709 328 0 328 0.674 128.573 127.898 0.683 0.041
710 392 0 392 1.022 128.573 127.551 0.667 0.041
711 392 0 392 1.373 128.573 127.200 0.650 0.040
712 392 0 392 2.010 128.594 126.584 0.600 0.039
713 418 0 418 2.980 128.594 125.614 0.550 0.038
714 635 0 635 4.133 128.594 124.461 0.467 0.037
715 635 0 635 5.995 128.594 122.598 0.450 0.037
716 635 0 635 8.656 128.594 119.938 0.450 0.036
717 644 0 644 12.078 128.594 116.516 0.450 0.035
718 644 0 644 15.444 128.594 113.150 0.433 0.034
719 817 0 817 21.247 128.594 107.347 0.400 0.034
720 817 0 817 26.799 128.594 101.795 0.367 0.033
721 1078 0 1078 33.125 128.594 95.469 0.350 0.033
722 1078 0 1078 39.165 128.615 89.450 0.350 0.032
723 1078 0 1078 47.061 128.615 81.554 0.350 0.032
724 1078 0 1078 53.831 128.615 74.784 0.333 0.031
725 1078 0 1078 62.545 128.672 66.127 0.350 0.030
726 1078 0 1078 72.298 128.800 56.501 0.317 0.030
727 1184 0 1184 83.638 128.918 45.279 0.317 0.030
728 1184 0 1184 94.002 128.939 34.937 0.300 0.029
729 1184 0 1184 105.410 128.939 23.529 0.317 0.029
730 1268 0 1268 118.918 128.960 10.042 0.317 0.029
731 1268 0 1268 132.296 128.960 3.336 0.317 0.028
732 1268 0 1268 147.743 132.352 15.391 0.283 0.028
733 1401 0 1401 160.611 132.352 28.259 0.283 0.028
734 1401 0 1401 176.060 142.438 33.622 0.267 0.028
735 1401 0 1401 192.471 142.438 50.033 0.283 0.028
736 1528 0 1528 209.145 148.400 60.746 0.300 0.028
737 1528 0 1528 225.384 152.984 72.400 0.333 0.028
738 1528 0 1528 242.131 171.464 70.667 0.317 0.028
739 1604 0 1604 261.260 176.021 85.239 0.317 0.028
740 1645 0 1645 280.428 192.005 88.422 0.300 0.028
741 1645 0 1645 301.481 192.176 109.305 0.300 0.028
742 1684 0 1684 319.726 204.254 115.473 0.283 0.028
743 1762 0 1762 341.616 222.872 118.743 0.267 0.029
744 1812 0 1812 359.916 247.554 112.362 0.267 0.029
745 1812 0 1812 381.643 256.845 124.797 0.267 0.029
746 1822 0 1822 403.591 285.861 117.730 0.267 0.030
747 1822 0 1822 425.811 286.012 139.800 0.283 0.030
748 2091 0 2091 450.292 324.985 125.307 0.267 0.030
749 2091 0 2091 472.371 343.335 129.036 0.300 0.031
750 2171 0 2171 496.741 377.007 119.734 0.317 0.031
751 2171 0 2171 518.740 383.680 135.061 0.317 0.032
752 2171 0 2171 544.597 419.636 124.961 0.317 0.032
753 2171 0 2171 567.794 443.467 124.326 0.317 0.033
754 2171 0 2171 589.951 455.161 134.790 0.350 0.033
755 2171 0 2171 617.622 491.199 126.423 0.367 0.034
756 2171 0 2171 643.062 508.046 135.017 0.383 0.035
757 2171 0 2171 671.203 530.458 140.745 0.383 0.036
758 2171 0 2171 694.735 548.073 146.662 0.400 0.036
759 2171 0 2171 720.563 587.033 133.530 0.417 0.037
760 2171 0 2171 749.382 634.936 114.446 0.433 0.038
761 2171 0 2171 775.665 634.936 140.729 0.450 0.039
762 2171 0 2171 801.317 659.743 141.574 0.450 0.039
763 2171 0 2171 829.569 722.884 106.685 0.467 0.040
764 2293 0 2293 855.114 726.429 128.685 0.483 0.041
765 2293 0 2293 881.794 737.976 143.818 0.517 0.042
766 2293 0 2293 912.595 788.864 123.731 0.517 0.043
767 2293 0 2293 938.512 792.500 146.012 0.533 0.044
768 2293 0 2293 964.618 832.520 132.098 0.550 0.044
769 2293 0 2293 992.616 860.698 131.918 0.567 0.045
770 2293 0 2293 1022.140 882.388 139.752 0.583 0.046
771 2293 0 2293 1047.419 886.516 160.903 0.600 0.047
772 2293 0 2293 1072.467 967.920 104.547 0.650 0.048
773 2293 0 2293 1098.106 985.003 113.103 0.683 0.048
774 2293 0 2293 1122.926 985.003 137.924 0.700 0.049
775 2293 0 2293 1146.641 997.464 149.178 0.733 0.050
776 2293 0 2293 1170.820 1051.492 119.328 0.733 0.051
777 2293 0 2293 1192.284 1086.763 105.521 0.733 0.051
778 2293 0 2293 1210.909 1086.763 124.146 0.750 0.052
779 2293 0 2293 1232.717 1090.914 141.803 0.767 0.052
780 2293 0 2293 1251.707 1114.933 136.774 0.767 0.053
781 2293 0 2293 1269.938 1124.724 145.213 0.767 0.053
782 2293 0 2293 1283.819 1155.642 128.177 0.767 0.053
783 2293 0 2293 1300.154 1173.834 126.319 0.767 0.054
784 2293 0 2293 1311.651 1189.146 122.505 0.783 0.054
785 2293 0 2293 1324.493 1197.329 127.165 0.800 0.054
786 2293 0 2293 1335.974 1197.415 138.558 0.800 0.054
787 2293 0 2293 1347.191 1211.562 135.629 0.817 0.054
788 2293 0 2293 1355.043 1222.115 132.928 0.817 0.055
789 2293 0 2293 1361.061 1239.455 121.606 0.800 0.055
790 2293 0 2293 1368.382 1239.455 128.927 0.817 0.054
791 2293 0 2293 1374.331 1252.650 121.682 0.817 0.054
792 2293 0 2293 1380.694 1252.650 128.044 0.817 0.054
793 2293 0 2293 1382.862 1252.650 130.212 0.817 0.054
794 2293 0 2293 1385.706 1256.304 129.402 0.833 0.054
795 2293 0 2293 1387.878 1256.304 131.573 0.833 0.054
796 2293 0 2293 1388.524 1256.304 132.220 0.833 0.054
797 2293 0 2293 1386.463 1256.304 130.158 0.833 0.054
798 2293 0 2293 1383.315 1256.304 127.011 0.817 0.053
799 2293 0 2293 1380.230 1256.304 123.925 0.833 0.053
800 2293 0 2293 1374.289 1256.304 117.985 0.817 0.053
801 2293 0 2293 1369.130 1256.331 112.799 0.817 0.052
802 2293 0 2293 1360.694 1256.331 104.363 0.817 0.052
803 2293 0 2293 1350.422 1256.331 94.092 0.817 0.052
804 2293 0 2293 1343.571 1256.331 87.241 0.800 0.052
805 2293 0 2293 1333.901 1256.308 77.592 0.783 0.051
806 2293 0 2293 1319.839 1256.308 63.530 0.783 0.051
807 2293 0 2293 1302.974 1253.214 49.761 0.767 0.051
808 2293 0 2293 1287.269 1253.214 34.055 0.750 0.050
809 2293 0 2293 1272.346 1249.322 23.025 0.750 0.050
810 2293 0 2293 1253.800 1249.294 4.506 0.750 0.050
811 2293 0 2293 1237.127 1249.294 12.167 0.767 0.049
812 2293 0 2293 1217.915 1239.052 21.137 0.750 0.049
813 2293 0 2293 1200.246 1234.630 34.384 0.733 0.049
814 2293 0 2293 1179.435 1223.686 44.251 0.733 0.049
815 2293 0 2293 1156.952 1223.686 66.734 0.717 0.049
816 2293 0 2293 1133.429 1223.686 90.257 0.717 0.049
817 2293 0 2293 1105.944 1196.423 90.480 0.717 0.048
818 2293 0 2293 1081.180 1163.587 82.407 0.733 0.048
819 2293 0 2293 1052.393 1145.647 93.254 0.733 0.048
820 2293 0 2293 1021.857 1141.518 119.660 0.767 0.048
821 2293 0 2293 994.111 1136.724 142.613 0.750 0.048
822 2293 0 2293 969.109 1104.237 135.128 0.733 0.048
823 2293 0 2293 940.055 1077.572 137.517 0.733 0.048
824 2136 0 2136 912.445 1041.536 129.090 0.717 0.048
825 2136 0 2136 886.984 1001.768 114.785 0.717 0.048
826 2136 0 2136 855.458 983.329 127.871 0.683 0.048
827 2136 0 2136 830.218 962.954 132.737 0.683 0.048
828 2136 0 2136 803.496 940.737 137.241 0.683 0.048
829 2136 0 2136 774.581 899.711 125.130 0.683 0.048
830 2136 0 2136 748.039 868.470 120.430 0.683 0.048
831 2136 0 2136 721.601 864.450 142.849 0.683 0.048
832 2136 0 2136 695.026 799.248 104.222 0.667 0.048
833 2136 0 2136 669.474 781.071 111.597 0.667 0.048
834 2061 0 2061 643.551 752.321 108.770 0.667 0.048
835 2061 0 2061 617.721 739.856 122.135 0.633 0.048
836 1847 0 1847 590.789 733.673 142.884 0.650 0.048
837 1847 0 1847 564.809 715.372 150.563 0.650 0.048
838 1847 0 1847 540.712 685.476 144.764 0.650 0.049
839 1847 0 1847 519.436 645.140 125.704 0.667 0.049
840 1802 0 1802 496.271 613.928 117.657 0.683 0.049
841 1763 0 1763 473.588 595.749 122.161 0.683 0.049
842 1763 0 1763 450.958 565.565 114.607 0.717 0.049
843 1761 0 1761 427.307 534.697 107.391 0.733 0.049
844 1761 0 1761 404.975 523.949 118.974 0.700 0.050
845 1761 0 1761 383.364 523.949 140.585 0.667 0.050
846 1761 0 1761 357.940 480.341 122.401 0.683 0.050
847 1761 0 1761 335.756 435.506 99.750 0.700 0.051
848 1761 0 1761 313.255 435.296 122.041 0.683 0.051
849 1761 0 1761 290.408 411.037 120.629 0.717 0.051
850 1761 0 1761 272.247 393.695 121.448 0.700 0.052
851 1524 0 1524 252.702 389.811 137.108 0.733 0.052
852 1524 0 1524 235.273 368.231 132.958 0.750 0.052
853 1524 0 1524 218.581 320.042 101.461 0.750 0.052
854 1501 0 1501 201.134 296.185 95.051 0.767 0.053
855 1501 0 1501 186.671 296.185 109.514 0.767 0.053
856 1414 0 1414 172.527 284.340 111.813 0.783 0.053
857 1414 0 1414 157.372 284.247 126.875 0.817 0.053
858 1186 0 1186 143.008 279.479 136.472 0.817 0.053
859 1174 0 1174 130.150 255.663 125.513 0.817 0.054
860 1174 0 1174 116.705 229.120 112.415 0.833 0.054
861 1059 0 1059 105.489 224.675 119.186 0.833 0.054
862 1026 0 1026 92.856 183.185 90.329 0.833 0.054
863 1026 0 1026 81.107 183.185 102.078 0.833 0.054
864 1026 0 1026 73.906 183.185 109.279 0.833 0.054
865 997 0 997 65.614 179.336 113.721 0.833 0.054
866 997 0 997 56.144 167.099 110.955 0.833 0.054
867 864 0 864 46.022 167.071 121.049 0.833 0.054
868 864 0 864 37.988 167.071 129.084 0.833 0.054
869 864 0 864 31.368 167.044 135.676 0.833 0.054
870 774 0 774 24.607 163.083 138.476 0.817 0.054
871 749 0 749 19.520 149.320 129.801 0.800 0.053
872 749 0 749 15.010 142.665 127.656 0.800 0.053
873 749 0 749 11.386 142.665 131.279 0.800 0.053
874 749 0 749 8.176 142.642 134.466 0.783 0.052
875 749 0 749 5.663 142.642 136.979 0.767 0.052
876 749 0 749 3.627 126.469 122.842 0.750 0.051
877 749 0 749 2.395 126.469 124.074 0.733 0.051
878 693 0 693 1.561 126.469 124.908 0.717 0.050
879 400 0 400 0.963 126.469 125.505 0.700 0.049
880 400 0 400 0.669 126.489 125.820 0.683 0.048
881 361 0 361 0.392 126.468 126.076 0.667 0.048
882 361 0 361 0.279 126.468 126.189 0.667 0.047
883 361 0 361 0.201 126.468 126.267 0.650 0.046
884 202 0 202 0.141 126.468 126.327 0.650 0.045
885 184 0 184 0.135 126.468 126.333 0.617 0.045
886 184 0 184 0.142 126.489 126.347 0.617 0.044
887 195 0 195 0.224 126.464 126.240 0.600 0.043
888 430 0 430 0.406 126.464 126.058 0.583 0.042
889 430 0 430 0.656 126.464 125.808 0.550 0.041
890 430 0 430 0.893 126.485 125.592 0.533 0.040
891 683 0 683 1.343 126.485 125.142 0.517 0.040
892 683 0 683 2.010 126.468 124.458 0.500 0.039
893 683 0 683 2.844 126.468 123.625 0.500 0.038
894 683 0 683 4.517 126.468 121.951 0.483 0.037
895 683 0 683 6.399 126.468 120.069 0.483 0.036
896 683 0 683 9.321 126.458 117.137 0.450 0.036
897 699 0 699 13.220 126.458 113.239 0.450 0.035
898 699 0 699 17.054 126.458 109.404 0.433 0.035
899 798 0 798 22.560 126.458 103.898 0.417 0.034
900 798 0 798 28.785 126.478 97.693 0.400 0.033
901 798 0 798 35.434 126.478 91.044 0.383 0.033
902 798 0 798 41.140 126.478 85.338 0.367 0.032
903 832 0 832 49.592 126.478 76.886 0.350 0.032
904 842 0 842 57.643 126.541 68.898 0.333 0.031
905 903 0 903 66.014 126.602 60.588 0.333 0.031
906 1015 0 1015 75.050 126.602 51.552 0.317 0.030
907 1015 0 1015 86.884 126.676 39.792 0.300 0.030
908 1042 0 1042 99.535 126.738 27.203 0.317 0.029
909 1179 0 1179 111.195 126.738 15.543 0.333 0.029
910 1179 0 1179 123.505 126.738 3.234 0.350 0.029
911 1240 0 1240 135.767 131.023 4.744 0.333 0.029
912 1369 0 1369 149.363 131.130 18.233 0.317 0.028
913 1474 0 1474 165.470 131.151 34.319 0.300 0.028
914 1474 0 1474 180.894 131.173 49.721 0.267 0.028
915 1474 0 1474 195.019 141.246 53.773 0.267 0.028
916 1474 0 1474 212.989 141.246 71.744 0.267 0.028
917 1503 0 1503 228.759 157.485 71.274 0.267 0.028
918 1849 0 1849 249.914 157.643 92.270 0.283 0.028
919 1849 0 1849 266.757 166.039 100.718 0.267 0.028
920 1849 0 1849 285.070 186.311 98.759 0.267 0.029
921 1849 0 1849 305.156 203.939 101.217 0.267 0.029
922 1849 0 1849 326.798 224.911 101.887 0.267 0.029
923 1849 0 1849 347.043 246.477 100.566 0.267 0.029
924 1849 0 1849 370.225 270.206 100.019 0.267 0.030
925 1849 0 1849 391.648 270.517 121.131 0.283 0.030
926 1849 0 1849 410.927 274.225 136.702 0.283 0.030
927 1849 0 1849 430.967 287.848 143.118 0.283 0.030
928 1869 0 1869 456.743 343.527 113.216 0.300 0.031
929 1869 0 1869 476.723 348.151 128.572 0.317 0.031
930 1869 0 1869 499.147 368.024 131.123 0.317 0.032
931 1869 0 1869 523.586 387.675 135.911 0.333 0.032
932 1869 0 1869 549.384 408.951 140.433 0.350 0.033
933 1869 0 1869 575.035 462.080 112.956 0.383 0.033
934 1950 0 1950 600.573 466.880 133.693 0.383 0.034
935 1950 0 1950 623.619 484.620 138.999 0.383 0.035
936 1950 0 1950 650.804 525.157 125.647 0.400 0.035
937 2017 0 2017 675.879 560.992 114.887 0.400 0.036
938 2017 0 2017 701.060 583.782 117.278 0.417 0.037
939 2224 0 2224 725.005 613.904 111.101 0.417 0.038
940 2224 0 2224 749.068 617.406 131.662 0.433 0.038
941 2224 0 2224 773.095 649.254 123.841 0.467 0.039
942 2386 0 2386 803.756 673.296 130.459 0.517 0.040
943 2462 0 2462 829.103 712.992 116.112 0.533 0.041
944 2462 0 2462 857.567 712.992 144.575 0.533 0.042
945 2462 0 2462 884.708 766.775 117.932 0.550 0.042
946 2462 0 2462 909.238 770.443 138.795 0.550 0.043
947 2462 0 2462 937.636 818.293 119.343 0.567 0.044
948 2462 0 2462 963.466 844.638 118.828 0.583 0.045
949 2462 0 2462 987.799 861.529 126.270 0.583 0.045
950 2462 0 2462 1014.552 877.878 136.673 0.600 0.046
951 2462 0 2462 1038.030 916.182 121.848 0.617 0.047
952 2462 0 2462 1065.560 925.852 139.709 0.650 0.048
953 2462 0 2462 1090.133 960.826 129.307 0.667 0.049
954 2462 0 2462 1115.696 978.108 137.588 0.667 0.049
955 2462 0 2462 1139.656 1014.424 125.233 0.683 0.050
956 2462 0 2462 1164.226 1030.790 133.436 0.700 0.051
957 2462 0 2462 1188.958 1067.621 121.338 0.733 0.051
958 2462 0 2462 1208.861 1088.912 119.948 0.733 0.052
959 2462 0 2462 1231.179 1121.828 109.351 0.733 0.052
960 2462 0 2462 1250.973 1125.434 125.539 0.750 0.053
961 2462 0 2462 1268.605 1138.831 129.774 0.767 0.053
962 2462 0 2462 1282.737 1142.603 140.134 0.783 0.054
963 2462 0 2462 1298.781 1211.092 87.689 0.767 0.054
964 2462 0 2462 1312.522 1211.203 101.319 0.767 0.054
965 2462 0 2462 1324.174 1211.316 112.858 0.783 0.054
966 2462 0 2462 1334.042 1228.662 105.381 0.783 0.055
967 2462 0 2462 1346.691 1235.522 111.168 0.767 0.055
968 2462 0 2462 1357.623 1239.037 118.586 0.783 0.055
969 2462 0 2462 1365.054 1251.442 113.612 0.783 0.055
970 2462 0 2462 1371.932 1251.442 120.490 0.783 0.055
971 2462 0 2462 1375.443 1251.413 124.030 0.783 0.055
972 2462 0 2462 1379.596 1255.821 123.775 0.767 0.055
973 2462 0 2462 1383.970 1255.796 128.174 0.767 0.055
974 2462 0 2462 1385.975 1261.863 124.112 0.767 0.054
975 2462 0 2462 1385.404 1261.863 123.541 0.767 0.054
976 2462 0 2462 1386.056 1261.863 124.194 0.767 0.054
977 2462 0 2462 1381.838 1261.804 120.034 0.783 0.054
978 2462 0 2462 1380.032 1280.645 99.387 0.767 0.053
979 2462 0 2462 1373.951 1280.650 93.302 0.767 0.053
980 2462 0 2462 1369.586 1280.650 88.937 0.767 0.053
981 2462 0 2462 1362.778 1280.650 82.128 0.733 0.053
982 2462 0 2462 1356.368 1280.650 75.718 0.733 0.052
983 2462 0 2462 1347.454 1280.676 66.778 0.733 0.052
984 2462 0 2462 1336.758 1280.676 56.082 0.733 0.051
985 2462 0 2462 1324.634 1280.679 43.954 0.733 0.051
986 2462 0 2462 1313.054 1280.679 32.375 0.700 0.051
987 2462 0 2462 1296.964 1280.670 16.294 0.700 0.051
988 2462 0 2462 1281.621 1277.102 4.519 0.717 0.050
989 2462 0 2462 1264.674 1276.979 12.305 0.683 0.050
990 2462 0 2462 1250.006 1265.379 15.372 0.683 0.050
991 2462 0 2462 1233.753 1265.232 31.479 0.683 0.050
992 2462 0 2462 1216.258 1265.232 48.974 0.667 0.049
993 2462 0 2462 1196.207 1265.058 68.851 0.667 0.049
994 2462 0 2462 1175.178 1249.382 74.204 0.650 0.049
995 2462 0 2462 1152.677 1226.996 74.319 0.667 0.049
996 2462 0 2462 1126.434 1220.830 94.396 0.667 0.049
997 2462 0 2462 1101.897 1215.939 114.042 0.650 0.049
998 2462 0 2462 1074.506 1178.463 103.957 0.650 0.049
999 2462 0 2462 1053.723 1160.520 106.797 0.650 0.048
1000 2462 0 2462 1029.882 1149.620 119.738 0.650 0.048
1001 2462 0 2462 1006.957 1134.477 127.520 0.650 0.048
1002 2462 0 2462 981.694 1098.563 116.868 0.617 0.048
1003 2260 0 2260 954.509 1093.416 138.907 0.633 0.048
1004 2260 0 2260 925.901 1056.388 130.487 0.617 0.048
1005 2260 0 2260 897.900 1005.004 107.104 0.617 0.048
1006 2260 0 2260 872.563 993.362 120.799 0.617 0.048
1007 2260 0 2260 843.919 975.662 131.743 0.633 0.048
1008 2260 0 2260 813.408 959.926 146.518 0.633 0.048
1009 2110 0 2110 790.231 909.439 119.209 0.633 0.048
1010 2110 0 2110 763.487 882.186 118.699 0.617 0.048
1011 2110 0 2110 737.545 861.455 123.910 0.617 0.048
1012 2110 0 2110 709.600 857.113 147.513 0.617 0.048
1013 2110 0 2110 682.176 787.045 104.870 0.617 0.049
1014 2110 0 2110 657.364 780.321 122.957 0.617 0.049
1015 2110 0 2110 631.251 743.878 112.627 0.633 0.049
1016 2054 0 2054 604.906 723.310 118.404 0.633 0.049
1017 2054 0 2054 577.461 723.310 145.848 0.650 0.049
1018 2054 0 2054 553.167 698.400 145.233 0.650 0.049
1019 2029 0 2029 526.508 647.366 120.858 0.633 0.049
1020 1857 0 1857 503.305 620.909 117.605 0.633 0.049
1021 1857 0 1857 480.453 609.423 128.969 0.650 0.049
1022 1843 0 1843 458.976 609.423 150.447 0.650 0.049
1023 1721 0 1721 437.755 573.601 135.847 0.650 0.050
1024 1721 0 1721 414.288 522.441 108.152 0.633 0.050
1025 1681 0 1681 391.738 503.494 111.756 0.650 0.050
1026 1681 0 1681 367.729 498.771 131.042 0.667 0.051
1027 1681 0 1681 347.477 474.575 127.098 0.683 0.051
1028 1681 0 1681 329.132 474.575 145.443 0.700 0.051
1029 1681 0 1681 308.541 451.104 142.562 0.683 0.051
1030 1681 0 1681 288.424 419.725 131.301 0.700 0.052
1031 1681 0 1681 265.550 380.408 114.858 0.700 0.052
1032 1681 0 1681 247.180 362.907 115.727 0.683 0.052
1033 1681 0 1681 229.201 362.789 133.588 0.667 0.052
1034 1681 0 1681 211.126 358.902 147.775 0.683 0.053
1035 1681 0 1681 193.476 358.902 165.426 0.683 0.053
1036 1540 0 1540 176.633 324.911 148.278 0.700 0.053
1037 1396 0 1396 158.689 316.334 157.645 0.700 0.053
1038 1396 0 1396 144.781 283.828 139.046 0.700 0.054
1039 1396 0 1396 129.199 278.264 149.064 0.700 0.054
1040 1195 0 1195 116.394 239.036 122.642 0.717 0.054
1041 1195 0 1195 104.135 239.036 134.901 0.717 0.054
1042 1195 0 1195 93.912 227.703 133.791 0.733 0.054
1043 1195 0 1195 83.143 227.703 144.560 0.717 0.054
1044 1195 0 1195 73.024 227.703 154.679 0.717 0.054
1045 1195 0 1195 62.600 201.783 139.183 0.717 0.055
1046 1195 0 1195 53.900 201.751 147.851 0.733 0.055
1047 1180 0 1180 44.491 168.017 123.527 0.733 0.054
1048 1180 0 1180 36.833 167.977 131.144 0.717 0.054
1049 1180 0 1180 29.431 155.469 126.037 0.717 0.054
1050 1180 0 1180 24.071 155.443 131.372 0.700 0.054
1051 1180 0 1180 19.560 151.379 131.819 0.717 0.054
1052 840 0 840 15.024 151.379 136.355 0.717 0.053
1053 762 0 762 11.133 145.383 134.251 0.700 0.053
1054 762 0 762 8.156 145.383 137.227 0.700 0.053
1055 520 0 520 5.505 126.742 121.237 0.683 0.052
1056 520 0 520 3.720 126.742 123.022 0.667 0.051
1057 520 0 520 2.686 126.742 124.056 0.667 0.051
1058 449 0 449 1.702 126.742 125.040 0.650 0.050
1059 449 0 449 1.344 126.742 125.398 0.633 0.049
1060 449 0 449 0.871 126.742 125.871 0.600 0.049
1061 449 0 449 0.612 126.804 126.191 0.600 0.048
1062 449 0 449 0.533 126.783 126.250 0.600 0.047
1063 449 0 449 0.457 126.783 126.326 0.567 0.047
1064 449 0 449 0.397 126.783 126.386 0.550 0.046
1065 449 0 449 0.295 126.824 126.529 0.550 0.045
1066 449 0 449 0.263 126.824 126.561 0.550 0.044
1067 516 0 516 0.405 126.824 126.419 0.533 0.043
1068 516 0 516 0.513 126.824 126.311 0.500 0.042
1069 516 0 516 0.672 126.845 126.173 0.500 0.042
1070 551 0 551 0.891 126.845 125.954 0.500 0.041
1071 551 0 551 1.316 126.845 125.529 0.500 0.040
1072 551 0 551 1.932 126.845 124.913 0.500 0.039
1073 551 0 551 2.886 126.886 123.999 0.500 0.038
1074 643 0 643 3.933 126.886 122.953 0.483 0.038
1075 643 0 643 5.487 126.871 121.384 0.467 0.037
1076 643 0 643 8.309 126.871 118.563 0.450 0.036
1077 643 0 643 11.525 126.871 115.346 0.433 0.035
1078 760 0 760 15.511 126.887 111.376 0.433 0.035
1079 760 0 760 19.859 126.887 107.029 0.433 0.034
1080 840 0 840 25.215 126.887 101.672 0.417 0.033
1081 968 0 968 31.149 126.908 95.759 0.400 0.033
1082 1011 0 1011 37.771 126.908 89.137 0.417 0.032
1083 1011 0 1011 45.507 126.946 81.439 0.383 0.032
1084 1011 0 1011 53.264 127.022 73.758 0.383 0.031
1085 1041 0 1041 61.947 127.123 65.176 0.350 0.031
1086 1069 0 1069 72.328 127.123 54.796 0.383 0.030
1087 1133 0 1133 82.681 127.123 44.443 0.350 0.030
1088 1321 0 1321 93.241 127.236 33.995 0.333 0.029
1089 1321 0 1321 103.278 127.236 23.958 0.317 0.029
1090 1321 0 1321 115.522 127.236 11.713 0.333 0.029
1091 1321 0 1321 128.011 127.236 0.775 0.317 0.028
1092 1352 0 1352 141.962 127.236 14.726 0.300 0.028
1093 1352 0 1352 154.767 131.096 23.670 0.300 0.028
1094 1352 0 1352 170.638 131.096 39.542 0.300 0.028
1095 1352 0 1352 187.590 131.096 56.494 0.283 0.028
1096 1363 0 1363 203.983 141.139 62.844 0.267 0.028
1097 1363 0 1363 219.611 141.162 78.449 0.250 0.028
1098 1370 0 1370 237.965 152.801 85.164 0.267 0.028
1099 1480 0 1480 255.945 152.801 103.144 0.267 0.028
1100 1480 0 1480 275.110 168.355 106.755 0.267 0.028
1101 1621 0 1621 293.911 201.022 92.890 0.267 0.028
1102 1621 0 1621 314.247 207.299 106.948 0.250 0.028
1103 1621 0 1621 332.939 211.999 120.940 0.267 0.029
1104 1709 0 1709 353.497 211.999 141.498 0.283 0.029
1105 1904 0 1904 376.071 245.094 130.977 0.283 0.029
1106 1904 0 1904 400.972 271.705 129.267 0.283 0.030
1107 2021 0 2021 423.681 290.857 132.824 0.300 0.030
1108 2021 0 2021 447.771 337.332 110.438 0.317 0.030
1109 2021 0 2021 470.917 337.332 133.585 0.317 0.031
1110 2021 0 2021 495.209 384.752 110.457 0.317 0.031
1111 2021 0 2021 516.624 384.752 131.872 0.333 0.032
1112 2021 0 2021 543.095 402.860 140.235 0.350 0.032
1113 2021 0 2021 567.425 453.592 113.833 0.350 0.033
1114 2021 0 2021 594.146 474.676 119.470 0.367 0.034
1115 2021 0 2021 620.954 482.784 138.169 0.383 0.034
1116 2093 0 2093 645.246 503.133 142.113 0.383 0.035
1117 2125 0 2125 672.163 547.391 124.772 0.383 0.036
1118 2125 0 2125 699.533 575.619 123.914 0.433 0.036
1119 2161 0 2161 726.972 611.432 115.539 0.450 0.037
1120 2161 0 2161 752.893 611.432 141.461 0.467 0.038
1121 2161 0 2161 781.355 633.614 147.741 0.467 0.039
1122 2161 0 2161 807.225 669.188 138.037 0.517 0.040
1123 2161 0 2161 834.503 708.152 126.351 0.533 0.041
1124 2161 0 2161 858.737 733.656 125.081 0.533 0.042
1125 2161 0 2161 887.194 747.500 139.694 0.533 0.042
1126 2161 0 2161 914.966 771.994 142.972 0.567 0.043
1127 2161 0 2161 942.028 810.337 131.691 0.583 0.044
1128 2161 0 2161 968.163 852.060 116.103 0.600 0.045
1129 2249 0 2249 994.328 861.256 133.072 0.633 0.046
1130 2249 0 2249 1020.619 877.506 143.112 0.633 0.047
1131 2249 0 2249 1047.229 912.060 135.169 0.650 0.047
1132 2249 0 2249 1073.508 918.723 154.786 0.667 0.048
1133 2249 0 2249 1101.258 956.438 144.820 0.717 0.049
1134 2249 0 2249 1124.509 1001.378 123.131 0.717 0.050
1135 2249 0 2249 1147.308 1010.084 137.225 0.733 0.050
1136 2249 0 2249 1170.196 1048.624 121.572 0.733 0.051
1137 2249 0 2249 1192.254 1081.035 111.219 0.750 0.051
1138 2249 0 2249 1213.712 1100.448 113.264 0.767 0.052
1139 2249 0 2249 1233.100 1104.694 128.406 0.767 0.053
1140 2249 0 2249 1251.453 1110.044 141.409 0.767 0.053
1141 2249 0 2249 1268.920 1136.199 132.721 0.767 0.054
1142 2249 0 2249 1285.326 1140.709 144.617 0.767 0.054
1143 2249 0 2249 1300.815 1159.971 140.844 0.767 0.054
1144 2249 0 2249 1314.500 1202.900 111.600 0.783 0.054
1145 2249 0 2249 1326.517 1203.011 123.506 0.800 0.055
1146 2249 0 2249 1339.868 1219.533 120.335 0.800 0.055
1147 2249 0 2249 1349.899 1234.706 115.193 0.800 0.055
1148 2249 0 2249 1357.726 1234.772 122.954 0.800 0.055
1149 2249 0 2249 1364.614 1234.772 129.842 0.800 0.055
1150 2249 0 2249 1371.658 1245.078 126.580 0.817 0.055
1151 2249 0 2249 1377.270 1245.078 132.192 0.817 0.055
1152 2249 0 2249 1380.904 1245.078 135.826 0.817 0.055
1153 2249 0 2249 1382.752 1263.786 118.966 0.833 0.055
1154 2249 0 2249 1385.012 1277.767 107.245 0.850 0.055
1155 2249 0 2249 1385.679 1277.767 107.912 0.833 0.055
1156 2249 0 2249 1384.394 1277.647 106.746 0.833 0.054
1157 2249 0 2249 1382.918 1277.647 105.271 0.833 0.054
1158 2249 0 2249 1379.538 1277.621 101.917 0.817 0.054
1159 2249 0 2249 1374.842 1277.539 97.303 0.800 0.053
1160 2249 0 2249 1370.658 1277.555 93.103 0.800 0.053
1161 2249 0 2249 1364.575 1277.555 87.020 0.800 0.053
1162 2249 0 2249 1356.517 1277.555 78.962 0.800 0.053
1163 2249 0 2249 1346.630 1277.555 69.075 0.800 0.052
1164 2249 0 2249 1335.723 1277.555 58.168 0.800 0.052
1165 2249 0 2249 1324.820 1277.518 47.302 0.800 0.052
1166 2249 0 2249 1313.494 1277.518 35.975 0.783 0.051
1167 2249 0 2249 1298.000 1277.254 20.745 0.783 0.051
1168 2249 0 2249 1285.351 1277.254 8.097 0.767 0.051
1169 2249 0 2249 1270.816 1273.228 2.411 0.750 0.050
1170 2249 0 2249 1253.789 1269.639 15.849 0.750 0.050
1171 2249 0 2249 1236.490 1269.639 33.149 0.733 0.050
1172 2249 0 2249 1216.583 1260.168 43.586 0.717 0.050
1173 2249 0 2249 1194.780 1246.729 51.949 0.717 0.050
1174 2249 0 2249 1174.147 1242.790 68.643 0.717 0.049
1175 2249 0 2249 1155.910 1233.562 77.652 0.717 0.049
1176 2249 0 2249 1132.199 1233.562 101.363 0.700 0.049
1177 2249 0 2249 1108.121 1211.111 102.990 0.683 0.049
1178 2249 0 2249 1081.747 1175.638 93.890 0.667 0.049
1179 2249 0 2249 1058.131 1165.171 107.040 0.667 0.049
1180 2249 0 2249 1032.249 1139.978 107.729 0.633 0.048
1181 2249 0 2249 1007.743 1113.250 105.507 0.633 0.048
1182 2249 0 2249 980.309 1108.843 128.534 0.583 0.048
1183 2249 0 2249 954.325 1103.194 148.869 0.617 0.048
1184 2249 0 2249 925.744 1072.310 146.565 0.617 0.048
1185 2249 0 2249 894.829 1013.371 118.542 0.633 0.048
1186 2249 0 2249 867.293 997.560 130.267 0.633 0.048
1187 2249 0 2249 845.808 968.910 123.102 0.633 0.048
1188 2249 0 2249 820.624 946.281 125.656 0.633 0.048
1189 2155 0 2155 791.834 941.994 150.159 0.633 0.048
1190 2155 0 2155 765.015 867.292 102.277 0.667 0.048
1191 2155 0 2155 737.053 849.093 112.040 0.667 0.048
1192 2155 0 2155 710.414 838.895 128.480 0.700 0.048
1193 2155 0 2155 687.510 824.470 136.960 0.650 0.048
1194 2109 0 2109 661.769 781.725 119.955 0.650 0.048
1195 2004 0 2004 634.945 742.571 107.626 0.633 0.048
1196 2004 0 2004 606.676 742.571 135.896 0.633 0.048
1197 2004 0 2004 581.536 708.751 127.215 0.650 0.049
1198 2004 0 2004 553.788 702.892 149.104 0.633 0.049
1199 2004 0 2004 527.176 661.390 134.215 0.667 0.049
