1 449 0 449 262.041 262.041 0.000 51.000 1.515
2 449 0 449 275.567 275.670 0.104 37.000 0.806
3 518 0 518 295.202 295.333 0.131 35.667 0.583
4 518 0 518 310.022 310.149 0.127 35.000 0.472
5 780 0 780 322.483 322.441 0.042 32.000 0.400
6 780 0 780 342.619 342.617 0.002 32.000 0.362
7 780 0 780 354.499 354.499 0.000 32.143 0.329
8 780 0 780 372.663 372.663 0.000 32.000 0.310
9 831 0 831 393.258 393.258 0.000 33.444 0.294
10 1102 0 1102 414.651 414.586 0.065 33.600 0.281
11 1279 0 1279 435.503 426.767 8.736 30.636 0.276
12 1763 0 1763 458.789 447.242 11.548 28.083 0.257
13 1930 0 1930 487.411 481.893 5.518 26.077 0.241
14 2216 0 2216 514.429 507.296 7.134 24.286 0.229
15 2514 0 2514 540.908 533.261 7.647 22.733 0.217
16 2723 0 2723 574.323 567.695 6.628 21.438 0.207
17 2800 0 2800 601.010 592.346 8.664 20.176 0.198
18 2967 0 2967 628.046 621.023 7.022 19.167 0.190
19 2967 0 2967 661.160 653.532 7.628 18.263 0.184
20 2967 0 2967 682.067 676.688 5.379 17.400 0.178
21 2967 0 2967 714.929 709.380 5.549 16.667 0.181
22 2967 0 2967 737.634 727.022 10.613 15.955 0.176
23 2967 0 2967 758.735 752.145 6.590 15.348 0.172
24 3096 0 3096 775.961 766.106 9.855 14.708 0.168
25 3385 0 3385 793.693 778.011 15.682 14.120 0.164
26 3423 0 3423 811.681 800.440 11.241 13.615 0.161
27 3511 0 3511 825.216 819.091 6.125 13.111 0.159
28 3665 0 3665 837.000 831.281 5.720 12.643 0.155
29 3665 0 3665 851.355 846.000 5.355 12.241 0.153
30 3665 0 3665 863.081 847.466 15.614 11.833 0.150
31 3665 0 3665 867.382 850.224 17.158 11.452 0.153
32 3665 0 3665 870.498 853.734 16.764 11.125 0.151
33 3665 0 3665 874.336 857.502 16.834 10.788 0.149
34 3665 0 3665 877.509 859.357 18.152 10.471 0.147
35 3665 0 3665 880.789 861.873 18.916 10.171 0.145
36 3665 0 3665 884.497 866.448 18.049 9.917 0.144
37 3665 0 3665 888.320 870.273 18.047 9.676 0.142
38 3665 0 3665 891.373 872.769 18.605 9.421 0.140
39 3665 0 3665 894.395 875.378 19.017 9.179 0.138
40 3665 0 3665 897.334 890.612 6.722 8.950 0.136
41 3665 0 3665 900.331 892.684 7.647 8.732 0.139
42 3665 0 3665 903.876 897.097 6.780 8.548 0.137
43 3665 0 3665 906.444 897.972 8.472 8.349 0.136
44 3665 0 3665 909.812 902.811 7.002 8.159 0.134
45 3665 0 3665 912.222 905.326 6.895 7.978 0.133
46 3665 0 3665 914.294 905.834 8.459 7.804 0.131
47 3665 0 3665 916.427 909.115 7.312 7.638 0.129
48 3665 0 3665 918.904 911.508 7.396 7.479 0.128
49 3665 0 3665 920.803 913.587 7.215 7.347 0.126
50 3665 0 3665 922.582 915.521 7.061 7.200 0.125
51 3665 0 3665 924.230 916.073 8.157 7.059 0.126
52 3665 0 3665 925.737 916.711 9.026 6.923 0.125
53 3665 0 3665 926.925 916.820 10.105 6.792 0.123
54 3665 0 3665 928.131 921.242 6.889 6.667 0.122
55 3665 0 3665 928.941 921.503 7.438 6.545 0.120
56 3665 0 3665 929.616 923.642 5.974 6.446 0.118
57 3665 0 3665 930.079 923.724 6.355 6.333 0.117
58 3665 0 3665 930.539 925.467 5.073 6.224 0.115
59 3665 0 3665 930.808 925.572 5.236 6.119 0.113
60 3665 0 3665 931.016 925.727 5.289 6.017 0.112
61 3665 0 3665 939.580 933.876 5.703 5.550 0.090
62 3665 0 3665 946.609 936.274 10.336 5.200 0.089
63 3665 0 3665 955.422 943.631 11.791 4.700 0.088
64 3665 0 3665 965.230 958.355 6.875 4.333 0.087
65 3665 0 3665 971.887 962.418 9.469 3.933 0.086
66 3665 0 3665 982.038 974.713 7.326 3.450 0.084
67 3665 0 3665 988.676 976.550 12.126 3.417 0.083
68 3665 0 3665 997.601 988.867 8.734 3.333 0.081
69 3665 0 3665 1004.808 990.063 14.745 3.300 0.079
70 3665 0 3665 1011.829 1002.454 9.375 3.217 0.077
71 3665 0 3665 1017.392 1005.723 11.669 3.183 0.077
72 3665 0 3665 1021.377 1010.143 11.234 3.117 0.077
73 3665 0 3665 1023.488 1014.342 9.146 3.083 0.077
74 3665 0 3665 1024.929 1025.464 0.534 2.983 0.076
75 3665 0 3665 1022.446 1016.558 5.888 2.917 0.076
76 3665 0 3665 1018.197 1012.123 6.074 2.867 0.076
77 3665 0 3665 1014.172 1008.756 5.416 2.833 0.076
78 3665 0 3665 1009.345 1009.002 0.343 2.767 0.075
79 3665 0 3665 1001.835 1000.829 1.007 2.700 0.075
80 3665 0 3665 994.877 993.107 1.771 2.633 0.075
81 3665 0 3665 983.387 982.633 0.754 2.583 0.074
82 3665 0 3665 973.982 973.645 0.336 2.500 0.074
83 3665 0 3665 963.752 963.826 0.075 2.250 0.073
84 3665 0 3665 953.583 954.730 1.146 2.117 0.073
85 3665 0 3665 939.321 946.092 6.771 2.017 0.073
86 3665 0 3665 924.148 931.358 7.210 1.917 0.072
87 3665 0 3665 909.666 917.040 7.374 1.783 0.072
88 3624 0 3624 894.096 904.639 10.543 1.767 0.071
89 2989 0 2989 874.290 886.345 12.056 1.717 0.071
90 2179 0 2179 855.437 866.915 11.478 1.667 0.071
91 1515 0 1515 841.532 852.127 10.595 1.633 0.071
92 1515 0 1515 828.673 839.397 10.724 1.633 0.071
93 1515 0 1515 810.807 823.062 12.255 1.600 0.072
94 1515 0 1515 794.061 805.934 11.874 1.583 0.072
95 1515 0 1515 774.286 787.551 13.265 1.550 0.073
96 1515 0 1515 751.929 766.658 14.729 1.600 0.074
97 1515 0 1515 727.084 741.347 14.263 1.633 0.075
98 1515 0 1515 704.628 723.004 18.376 1.667 0.076
99 1515 0 1515 677.836 691.582 13.746 1.750 0.077
100 1515 0 1515 653.717 666.268 12.551 1.783 0.079
101 1515 0 1515 629.746 643.055 13.309 1.833 0.080
102 1515 0 1515 602.669 612.993 10.323 1.983 0.082
103 1515 0 1515 577.163 588.402 11.239 2.150 0.083
104 1515 0 1515 550.821 563.157 12.337 2.350 0.085
105 1515 0 1515 529.506 543.650 14.145 2.400 0.087
106 1515 0 1515 505.528 516.978 11.450 2.533 0.088
107 1515 0 1515 482.109 497.705 15.596 2.617 0.090
108 1515 0 1515 457.620 469.409 11.789 2.750 0.092
109 1515 0 1515 434.680 445.570 10.889 2.817 0.093
110 1273 0 1273 411.801 423.536 11.735 2.933 0.095
111 1220 0 1220 389.751 403.577 13.826 3.017 0.097
112 1211 0 1211 368.763 378.153 9.390 3.100 0.099
113 1211 0 1211 348.594 359.786 11.192 3.200 0.100
114 1208 0 1208 329.401 343.045 13.643 3.283 0.102
115 1208 0 1208 310.486 324.792 14.305 3.383 0.104
116 1208 0 1208 294.432 308.470 14.038 3.450 0.105
117 1208 0 1208 279.832 293.026 13.194 3.500 0.107
118 1208 0 1208 265.510 279.559 14.049 3.567 0.108
119 1208 0 1208 251.916 264.854 12.938 3.583 0.109
120 1208 0 1208 237.727 251.096 13.368 3.667 0.110
121 1208 0 1208 223.831 236.049 12.218 3.650 0.111
122 1208 0 1208 209.453 226.072 16.619 3.683 0.111
123 1064 0 1064 196.906 211.579 14.673 3.700 0.112
124 1048 0 1048 188.462 202.850 14.388 3.667 0.112
125 1040 0 1040 177.574 192.174 14.600 3.717 0.112
126 1040 0 1040 167.679 180.914 13.235 3.717 0.112
127 1018 0 1018 157.621 168.193 10.572 3.750 0.112
128 1018 0 1018 148.130 161.909 13.779 3.767 0.112
129 1018 0 1018 140.094 153.244 13.151 3.783 0.112
130 1018 0 1018 132.099 145.972 13.873 3.783 0.111
131 1018 0 1018 124.631 134.377 9.746 3.783 0.111
132 1018 0 1018 118.434 126.906 8.473 3.800 0.111
133 964 0 964 111.388 126.474 15.086 3.817 0.111
134 964 0 964 105.327 119.319 13.992 3.783 0.110
135 964 0 964 96.826 111.735 14.909 3.800 0.111
136 964 0 964 87.857 103.146 15.288 3.800 0.111
137 964 0 964 80.881 93.001 12.120 3.817 0.110
138 905 0 905 75.483 91.445 15.962 3.817 0.110
139 905 0 905 69.888 83.704 13.815 3.817 0.110
140 905 0 905 63.544 75.566 12.023 3.833 0.110
141 733 0 733 57.779 75.127 17.348 3.833 0.109
142 733 0 733 52.471 62.149 9.677 3.850 0.109
143 733 0 733 47.517 57.529 10.012 3.850 0.109
144 733 0 733 43.450 53.809 10.359 3.867 0.109
145 733 0 733 38.409 53.383 14.974 3.867 0.108
146 733 0 733 33.630 44.911 11.281 3.883 0.108
147 686 0 686 28.864 41.293 12.430 3.883 0.107
148 686 0 686 24.858 39.763 14.905 3.867 0.107
149 509 0 509 20.640 28.996 8.356 3.833 0.106
150 509 0 509 17.161 27.749 10.588 3.800 0.106
151 509 0 509 14.366 27.580 13.214 3.800 0.105
152 494 0 494 11.937 26.212 14.275 3.733 0.104
153 414 0 414 9.226 22.210 12.984 3.683 0.103
154 414 0 414 7.329 22.210 14.881 3.617 0.102
155 414 0 414 5.498 17.412 11.914 3.583 0.100
156 298 0 298 3.826 17.412 13.586 3.483 0.099
157 277 0 277 2.564 17.200 14.636 3.383 0.096
158 240 0 240 1.580 13.760 12.181 3.300 0.095
159 240 0 240 0.952 13.375 12.423 3.150 0.092
160 240 0 240 0.565 13.375 12.811 3.067 0.090
161 234 0 234 0.290 13.375 13.085 2.983 0.088
162 234 0 234 0.187 13.375 13.189 2.783 0.085
163 234 0 234 0.155 13.375 13.221 2.567 0.082
164 234 0 234 0.097 13.375 13.278 2.333 0.079
165 197 0 197 0.046 13.375 13.330 2.250 0.077
166 197 0 197 0.053 13.375 13.322 2.100 0.074
167 197 0 197 0.057 13.375 13.318 1.983 0.071
168 197 0 197 0.133 13.375 13.243 1.817 0.069
169 234 0 234 0.256 13.375 13.120 1.717 0.066
170 234 0 234 0.425 13.375 12.950 1.600 0.063
171 234 0 234 0.575 13.377 12.802 1.500 0.061
172 234 0 234 0.983 13.377 12.395 1.400 0.059
173 234 0 234 1.515 13.377 11.862 1.283 0.057
174 264 0 264 2.601 13.377 10.777 1.183 0.055
175 264 0 264 3.689 13.383 9.695 1.083 0.053
176 356 0 356 5.820 13.559 7.739 1.017 0.052
177 392 0 392 8.658 13.559 4.901 0.950 0.050
178 400 0 400 11.454 13.884 2.429 0.917 0.049
179 400 0 400 15.051 14.525 0.526 0.900 0.049
180 496 0 496 20.059 15.896 4.163 0.833 0.048
181 496 0 496 26.214 18.500 7.714 0.833 0.048
182 496 0 496 32.584 22.293 10.290 0.850 0.047
183 580 0 580 40.391 24.889 15.502 0.833 0.047
184 598 0 598 49.146 32.695 16.451 0.883 0.048
185 618 0 618 57.287 42.864 14.423 0.867 0.048
186 618 0 618 66.388 52.737 13.651 0.883 0.048
187 618 0 618 76.024 67.367 8.657 0.850 0.048
188 723 0 723 87.892 76.468 11.424 0.817 0.048
189 1188 0 1188 102.758 90.219 12.538 0.850 0.049
190 1221 0 1221 119.258 108.417 10.842 0.900 0.050
191 1364 0 1364 135.409 125.018 10.392 0.900 0.050
192 1364 0 1364 146.997 134.304 12.693 0.933 0.051
193 1364 0 1364 162.270 145.092 17.178 1.017 0.051
194 1364 0 1364 179.609 169.422 10.188 1.017 0.052
195 1364 0 1364 199.759 188.762 10.998 1.033 0.053
196 1364 0 1364 218.819 209.635 9.183 1.050 0.053
197 1397 0 1397 239.681 225.748 13.933 1.083 0.054
198 1397 0 1397 258.424 245.479 12.945 1.133 0.055
199 1631 0 1631 279.393 263.253 16.140 1.183 0.056
200 1719 0 1719 303.872 291.686 12.186 1.233 0.057
201 1854 0 1854 327.343 311.960 15.384 1.267 0.058
202 1854 0 1854 349.762 337.470 12.293 1.300 0.059
203 1854 0 1854 369.079 356.738 12.341 1.350 0.060
204 1854 0 1854 388.214 367.511 20.704 1.417 0.061
205 1854 0 1854 407.575 391.726 15.849 1.500 0.062
206 1854 0 1854 425.338 409.615 15.723 1.533 0.063
207 1854 0 1854 443.205 426.998 16.207 1.617 0.064
208 1854 0 1854 460.738 443.142 17.595 1.667 0.065
209 1854 0 1854 479.000 467.225 11.775 1.683 0.067
210 1854 0 1854 494.009 480.769 13.240 1.750 0.068
211 1854 0 1854 509.736 491.347 18.389 1.850 0.069
212 1854 0 1854 524.611 511.767 12.844 1.917 0.070
213 1854 0 1854 540.803 527.641 13.161 2.033 0.071
214 1854 0 1854 554.109 537.209 16.900 2.100 0.073
215 1854 0 1854 569.623 559.003 10.620 2.233 0.074
216 1854 0 1854 583.293 569.657 13.635 2.300 0.075
217 1854 0 1854 597.668 583.829 13.839 2.367 0.077
218 1854 0 1854 610.239 597.652 12.587 2.417 0.079
219 1854 0 1854 624.776 608.264 16.511 2.517 0.080
220 1854 0 1854 637.066 622.851 14.215 2.600 0.082
221 1854 0 1854 650.901 635.665 15.236 2.667 0.084
222 1854 0 1854 662.905 650.676 12.229 2.750 0.086
223 1854 0 1854 676.325 661.455 14.870 2.850 0.088
224 1854 0 1854 687.232 671.051 16.181 2.933 0.089
225 1854 0 1854 699.338 682.252 17.086 3.033 0.091
226 1854 0 1854 707.484 691.554 15.930 3.067 0.092
227 1854 0 1854 717.806 700.940 16.866 3.150 0.094
228 1854 0 1854 727.918 719.672 8.245 3.250 0.095
229 1854 0 1854 739.454 728.313 11.141 3.317 0.097
230 1854 0 1854 751.293 738.285 13.008 3.417 0.099
231 1854 0 1854 762.508 748.730 13.778 3.517 0.100
232 1854 0 1854 772.804 761.398 11.406 3.583 0.102
233 1854 0 1854 782.056 771.915 10.141 3.650 0.103
234 1854 0 1854 792.388 781.862 10.526 3.733 0.104
235 1854 0 1854 800.715 785.153 15.562 3.833 0.105
236 1854 0 1854 810.502 793.142 17.360 3.867 0.106
237 1854 0 1854 821.506 809.887 11.619 3.917 0.106
238 1854 0 1854 829.931 817.939 11.992 3.967 0.107
239 1854 0 1854 838.567 825.798 12.769 4.000 0.108
240 1854 0 1854 848.292 840.198 8.094 4.017 0.108
241 1854 0 1854 858.977 847.665 11.312 4.033 0.108
242 1854 0 1854 868.233 856.037 12.196 4.050 0.108
243 1854 0 1854 877.829 866.437 11.392 4.067 0.108
244 1854 0 1854 887.430 876.504 10.926 4.050 0.108
245 1854 0 1854 895.249 885.282 9.967 4.067 0.108
246 1854 0 1854 902.608 894.875 7.732 4.067 0.107
247 1854 0 1854 909.632 895.607 14.025 4.050 0.107
248 1854 0 1854 916.892 904.781 12.111 4.033 0.107
249 1854 0 1854 922.826 911.506 11.320 4.017 0.106
250 1854 0 1854 928.799 919.538 9.260 3.983 0.106
251 1854 0 1854 933.177 923.260 9.917 3.967 0.105
252 1854 0 1854 936.701 927.889 8.812 3.950 0.105
253 1854 0 1854 939.544 931.049 8.494 3.917 0.105
254 1854 0 1854 943.573 934.003 9.570 3.883 0.104
255 1854 0 1854 945.369 934.514 10.855 3.850 0.103
256 1854 0 1854 945.709 937.924 7.785 3.800 0.103
257 1854 0 1854 945.760 938.811 6.949 3.783 0.102
258 1854 0 1854 944.936 938.811 6.125 3.717 0.102
259 1854 0 1854 943.124 939.262 3.862 3.667 0.101
260 1854 0 1854 937.716 934.895 2.821 3.617 0.100
261 1632 0 1632 930.925 927.886 3.039 3.600 0.099
262 1632 0 1632 924.186 927.907 3.721 3.550 0.098
263 1535 0 1535 918.894 923.687 4.794 3.533 0.098
264 1535 0 1535 912.958 916.822 3.864 3.467 0.097
265 1535 0 1535 906.427 915.841 9.414 3.417 0.097
266 1535 0 1535 899.336 908.895 9.559 3.367 0.096
267 1535 0 1535 890.601 900.851 10.249 3.300 0.095
268 1427 0 1427 879.675 888.217 8.542 3.283 0.094
269 1427 0 1427 867.209 875.590 8.381 3.317 0.094
270 1427 0 1427 853.924 869.150 15.227 3.283 0.093
271 1427 0 1427 838.054 849.403 11.349 3.200 0.093
272 1427 0 1427 822.290 836.165 13.874 3.183 0.093
273 1427 0 1427 803.490 814.363 10.874 3.117 0.093
274 1427 0 1427 786.461 802.977 16.517 3.133 0.093
275 1427 0 1427 765.206 780.307 15.101 3.083 0.093
276 1427 0 1427 742.354 755.219 12.866 3.117 0.093
277 1427 0 1427 718.291 731.290 12.999 3.133 0.093
278 1427 0 1427 695.025 707.877 12.852 3.183 0.094
279 1427 0 1427 671.004 683.263 12.259 3.183 0.094
280 1427 0 1427 646.452 659.589 13.137 3.233 0.095
281 1365 0 1365 619.524 633.144 13.620 3.283 0.095
282 1365 0 1365 592.278 608.148 15.870 3.367 0.096
283 1365 0 1365 564.933 575.796 10.863 3.367 0.097
284 1316 0 1316 540.875 553.019 12.144 3.417 0.098
285 1316 0 1316 514.582 527.320 12.738 3.450 0.099
286 1316 0 1316 490.705 504.219 13.514 3.533 0.100
287 1316 0 1316 466.348 480.835 14.487 3.533 0.101
288 1316 0 1316 444.092 456.537 12.445 3.550 0.102
289 1309 0 1309 423.325 436.439 13.114 3.567 0.103
290 1257 0 1257 398.662 410.372 11.710 3.600 0.104
291 1257 0 1257 377.845 393.238 15.393 3.617 0.104
292 1257 0 1257 360.230 377.267 17.037 3.650 0.105
293 1251 0 1251 342.019 354.558 12.538 3.650 0.106
294 1251 0 1251 323.051 337.211 14.160 3.683 0.106
295 1251 0 1251 303.143 315.240 12.096 3.700 0.107
296 1251 0 1251 286.463 299.108 12.645 3.683 0.108
297 1213 0 1213 270.988 281.453 10.465 3.683 0.108
298 1213 0 1213 257.010 268.703 11.693 3.700 0.109
299 1181 0 1181 244.390 256.863 12.472 3.683 0.109
300 1181 0 1181 231.057 242.448 11.391 3.700 0.109
301 1181 0 1181 217.753 227.629 9.876 3.683 0.109
302 1181 0 1181 206.341 217.459 11.118 3.667 0.109
303 1181 0 1181 192.956 207.223 14.266 3.650 0.110
304 1181 0 1181 180.674 190.411 9.738 3.650 0.110
305 1181 0 1181 170.681 184.877 14.195 3.617 0.110
306 1181 0 1181 161.187 176.094 14.907 3.650 0.110
307 1027 0 1027 151.634 163.761 12.127 3.650 0.110
308 1027 0 1027 143.888 155.843 11.955 3.633 0.110
309 1027 0 1027 135.405 146.240 10.835 3.667 0.110
310 1027 0 1027 128.074 139.992 11.918 3.633 0.109
311 1027 0 1027 120.888 134.682 13.794 3.633 0.109
312 1027 0 1027 112.701 127.105 14.403 3.633 0.109
313 1027 0 1027 105.461 119.374 13.913 3.633 0.109
314 1027 0 1027 99.339 109.786 10.446 3.617 0.109
315 1027 0 1027 93.160 102.335 9.175 3.583 0.109
316 1018 0 1018 85.222 98.398 13.175 3.600 0.109
317 910 0 910 79.495 94.231 14.736 3.583 0.109
318 857 0 857 72.969 86.759 13.790 3.600 0.109
319 857 0 857 67.306 78.804 11.499 3.600 0.108
320 857 0 857 61.079 71.448 10.369 3.583 0.108
321 857 0 857 55.973 67.472 11.499 3.600 0.108
322 856 0 856 50.145 63.264 13.118 3.600 0.108
323 715 0 715 45.433 56.416 10.984 3.583 0.107
324 715 0 715 40.984 56.104 15.120 3.583 0.107
325 630 0 630 36.745 51.461 14.716 3.567 0.107
326 564 0 564 33.026 44.496 11.470 3.583 0.106
327 513 0 513 29.307 43.988 14.681 3.567 0.106
328 506 0 506 25.683 34.483 8.800 3.533 0.105
329 452 0 452 21.732 33.348 11.616 3.483 0.105
330 452 0 452 18.425 28.791 10.366 3.467 0.104
331 452 0 452 15.048 27.975 12.927 3.433 0.103
332 452 0 452 12.029 23.776 11.747 3.383 0.102
333 452 0 452 9.159 22.976 13.817 3.317 0.101
334 387 0 387 6.943 22.726 15.783 3.250 0.100
335 333 0 333 4.982 19.501 14.520 3.150 0.099
336 333 0 333 3.300 16.148 12.848 3.067 0.097
337 208 0 208 2.042 15.310 13.267 2.967 0.095
338 208 0 208 1.256 14.672 13.416 2.867 0.093
339 170 0 170 0.720 14.674 13.954 2.767 0.091
340 161 0 161 0.541 14.674 14.133 2.633 0.088
341 161 0 161 0.414 14.450 14.036 2.533 0.086
342 161 0 161 0.257 14.450 14.193 2.367 0.083
343 152 0 152 0.203 14.452 14.248 2.267 0.080
344 152 0 152 0.174 14.452 14.277 2.133 0.078
345 152 0 152 0.160 14.452 14.292 2.000 0.075
346 194 0 194 0.193 14.452 14.259 1.883 0.072
347 194 0 194 0.211 14.452 14.241 1.800 0.070
348 237 0 237 0.258 14.450 14.192 1.683 0.067
349 237 0 237 0.324 14.450 14.125 1.600 0.065
350 237 0 237 0.405 14.450 14.045 1.467 0.062
351 237 0 237 0.580 14.450 13.870 1.350 0.060
352 306 0 306 0.990 14.450 13.459 1.250 0.058
353 327 0 327 1.461 14.451 12.990 1.183 0.056
354 379 0 379 2.421 14.451 12.029 1.067 0.054
355 379 0 379 3.677 14.451 10.773 0.950 0.052
356 468 0 468 5.960 14.458 8.497 0.917 0.051
357 468 0 468 9.004 14.830 5.826 0.883 0.050
358 468 0 468 12.262 15.718 3.456 0.833 0.049
359 468 0 468 16.040 16.116 0.076 0.833 0.048
360 468 0 468 20.068 17.661 2.407 0.767 0.048
361 497 0 497 24.938 19.145 5.793 0.750 0.047
362 497 0 497 30.350 20.357 9.992 0.717 0.047
363 499 0 499 36.783 24.411 12.371 0.683 0.046
364 561 0 561 43.941 29.000 14.941 0.667 0.046
365 563 0 563 52.205 34.147 18.058 0.667 0.046
366 668 0 668 60.891 50.335 10.556 0.667 0.047
367 668 0 668 72.614 56.930 15.684 0.667 0.047
368 668 0 668 83.293 72.893 10.399 0.700 0.048
369 758 0 758 93.581 81.065 12.517 0.717 0.048
370 758 0 758 107.875 95.449 12.426 0.750 0.049
371 803 0 803 120.524 108.580 11.945 0.750 0.049
372 1003 0 1003 136.469 125.767 10.702 0.783 0.050
373 1003 0 1003 152.277 135.002 17.275 0.833 0.050
374 1003 0 1003 169.444 158.127 11.317 0.900 0.051
375 1241 0 1241 187.116 173.930 13.186 0.933 0.052
376 1241 0 1241 204.344 186.809 17.535 0.950 0.052
377 1241 0 1241 222.458 206.208 16.251 0.967 0.053
378 1617 0 1617 244.783 228.155 16.628 1.017 0.054
379 2229 0 2229 267.236 252.892 14.344 1.033 0.055
380 2667 0 2667 297.117 279.797 17.321 1.067 0.056
381 2790 0 2790 326.853 311.005 15.848 1.083 0.057
382 2986 0 2986 357.356 343.869 13.487 1.167 0.058
383 3004 0 3004 389.604 373.611 15.994 1.183 0.059
384 3004 0 3004 416.581 402.051 14.529 1.250 0.060
385 3004 0 3004 445.268 427.851 17.417 1.300 0.061
386 3004 0 3004 467.175 451.075 16.099 1.317 0.062
387 3004 0 3004 493.010 475.350 17.660 1.383 0.064
388 3004 0 3004 517.233 505.523 11.710 1.467 0.065
389 3004 0 3004 535.545 522.031 13.514 1.550 0.066
390 3004 0 3004 551.924 535.117 16.808 1.633 0.067
391 3004 0 3004 566.650 554.303 12.347 1.717 0.069
392 3004 0 3004 581.128 566.331 14.797 1.817 0.070
393 3004 0 3004 596.669 584.433 12.235 1.867 0.071
394 3004 0 3004 609.906 596.787 13.119 1.933 0.073
395 3004 0 3004 623.578 609.870 13.709 1.983 0.074
396 3004 0 3004 636.559 623.788 12.771 2.050 0.075
397 3004 0 3004 649.296 630.515 18.781 2.133 0.077
398 3004 0 3004 661.876 641.292 20.584 2.183 0.078
399 3004 0 3004 674.499 657.956 16.543 2.250 0.080
400 3004 0 3004 687.062 664.997 22.066 2.300 0.082
401 3004 0 3004 698.266 682.064 16.202 2.367 0.084
402 3004 0 3004 709.666 685.552 24.115 2.433 0.085
403 3004 0 3004 720.756 702.754 18.001 2.517 0.087
404 3004 0 3004 733.263 712.612 20.650 2.583 0.089
405 3004 0 3004 744.174 726.281 17.892 2.667 0.090
406 3004 0 3004 756.668 740.174 16.494 2.783 0.092
407 3004 0 3004 768.406 747.057 21.349 2.833 0.094
408 3004 0 3004 780.850 761.938 18.912 2.917 0.096
409 3004 0 3004 791.643 782.020 9.623 2.950 0.098
410 3004 0 3004 803.150 792.389 10.761 3.017 0.099
411 3004 0 3004 813.584 804.219 9.365 3.117 0.101
412 3004 0 3004 823.075 810.618 12.456 3.233 0.102
413 3004 0 3004 832.029 816.516 15.513 3.283 0.103
414 3004 0 3004 842.336 829.515 12.821 3.367 0.105
415 3004 0 3004 851.815 838.849 12.967 3.417 0.106
416 3004 0 3004 863.228 853.048 10.180 3.483 0.107
417 3004 0 3004 874.541 861.797 12.745 3.567 0.108
418 3004 0 3004 884.591 874.165 10.426 3.633 0.108
419 3004 0 3004 894.817 886.666 8.151 3.700 0.109
420 3004 0 3004 903.394 895.609 7.784 3.733 0.109
421 3004 0 3004 912.106 901.097 11.009 3.783 0.110
422 3004 0 3004 920.782 910.646 10.136 3.817 0.110
423 3004 0 3004 928.847 915.989 12.858 3.833 0.110
424 3004 0 3004 936.719 929.755 6.964 3.833 0.109
425 3004 0 3004 945.164 938.838 6.326 3.850 0.110
426 3004 0 3004 951.956 939.985 11.970 3.833 0.109
427 3004 0 3004 961.042 946.784 14.259 3.833 0.109
428 3004 0 3004 968.499 959.326 9.173 3.817 0.108
429 3004 0 3004 973.448 965.240 8.209 3.783 0.108
430 3004 0 3004 980.431 966.711 13.720 3.767 0.108
431 3004 0 3004 986.241 977.121 9.120 3.767 0.107
432 3004 0 3004 992.111 983.781 8.330 3.750 0.107
433 3004 0 3004 998.220 988.118 10.102 3.717 0.106
434 3004 0 3004 1002.786 992.125 10.661 3.683 0.106
435 3004 0 3004 1006.191 993.275 12.916 3.667 0.105
436 3004 0 3004 1009.052 1000.636 8.416 3.633 0.105
437 3004 0 3004 1011.854 1004.659 7.195 3.600 0.104
438 3004 0 3004 1010.990 1006.712 4.278 3.533 0.103
439 3004 0 3004 1006.930 1006.721 0.209 3.533 0.103
440 3004 0 3004 998.259 997.082 1.177 3.500 0.102
441 3004 0 3004 989.023 988.383 0.640 3.450 0.101
442 3004 0 3004 975.754 976.203 0.449 3.383 0.101
443 2979 0 2979 959.085 958.037 1.049 3.383 0.100
444 2979 0 2979 945.090 949.873 4.783 3.300 0.099
445 2803 0 2803 929.054 934.651 5.597 3.233 0.099
446 2803 0 2803 915.811 929.005 13.194 3.233 0.098
447 2469 0 2469 899.097 906.089 6.992 3.183 0.097
448 1915 0 1915 879.707 888.192 8.485 3.117 0.097
449 1671 0 1671 865.310 876.490 11.180 3.050 0.096
450 1671 0 1671 851.484 865.148 13.665 3.000 0.095
451 1671 0 1671 840.032 852.492 12.460 2.983 0.094
452 1671 0 1671 824.171 834.587 10.416 2.983 0.094
453 1671 0 1671 806.337 820.671 14.334 3.050 0.094
454 1671 0 1671 786.848 797.986 11.138 3.067 0.094
455 1671 0 1671 765.521 780.580 15.059 3.117 0.094
456 1671 0 1671 742.249 755.812 13.563 3.183 0.094
457 1671 0 1671 721.667 740.898 19.231 3.167 0.095
458 1671 0 1671 699.840 713.019 13.179 3.217 0.095
459 1328 0 1328 674.889 689.575 14.686 3.367 0.096
460 1328 0 1328 649.981 664.630 14.649 3.433 0.096
461 1328 0 1328 622.938 637.170 14.233 3.483 0.097
462 1328 0 1328 596.891 611.335 14.444 3.583 0.099
463 1328 0 1328 572.674 583.930 11.257 3.633 0.099
464 1301 0 1301 550.534 565.841 15.307 3.633 0.100
465 1301 0 1301 527.122 541.411 14.289 3.683 0.101
466 1301 0 1301 502.934 516.099 13.165 3.700 0.102
467 1301 0 1301 478.348 489.344 10.995 3.733 0.103
468 1301 0 1301 452.999 466.578 13.579 3.767 0.103
469 1301 0 1301 429.108 439.817 10.708 3.833 0.105
470 1301 0 1301 407.108 422.246 15.138 3.817 0.105
471 1301 0 1301 386.469 399.579 13.110 3.833 0.106
472 1301 0 1301 366.235 378.504 12.269 3.800 0.107
473 1301 0 1301 347.522 359.232 11.709 3.833 0.108
474 1301 0 1301 329.406 340.888 11.482 3.833 0.108
475 1301 0 1301 312.374 326.976 14.602 3.867 0.109
476 1301 0 1301 295.735 307.863 12.128 3.883 0.109
477 1301 0 1301 279.782 294.383 14.602 3.867 0.110
478 1301 0 1301 265.773 277.257 11.484 3.833 0.110
479 1301 0 1301 249.646 264.614 14.968 3.800 0.110
480 1301 0 1301 236.432 251.378 14.946 3.800 0.111
481 1301 0 1301 224.222 239.396 15.173 3.767 0.111
482 1301 0 1301 212.213 228.881 16.668 3.750 0.111
483 1301 0 1301 199.890 214.249 14.359 3.733 0.111
484 1301 0 1301 189.918 201.873 11.955 3.750 0.111
485 1301 0 1301 179.677 192.662 12.984 3.733 0.111
486 1301 0 1301 170.214 185.026 14.811 3.750 0.111
487 1301 0 1301 160.658 174.222 13.564 3.733 0.111
488 1301 0 1301 151.209 165.675 14.466 3.733 0.111
489 1301 0 1301 142.349 153.353 11.005 3.733 0.111
490 1301 0 1301 132.367 144.472 12.105 3.733 0.111
491 1301 0 1301 127.290 139.858 12.567 3.750 0.111
492 1301 0 1301 120.520 130.698 10.178 3.750 0.111
493 949 0 949 112.638 125.685 13.046 3.733 0.110
494 949 0 949 105.430 115.486 10.055 3.700 0.110
495 949 0 949 99.148 113.517 14.370 3.700 0.110
496 949 0 949 92.405 105.844 13.439 3.717 0.110
497 942 0 942 85.365 95.523 10.158 3.733 0.110
498 942 0 942 78.312 87.602 9.289 3.750 0.110
499 942 0 942 72.389 84.198 11.809 3.733 0.109
500 942 0 942 67.989 79.145 11.156 3.750 0.109
501 942 0 942 62.939 75.093 12.154 3.750 0.109
502 942 0 942 57.218 72.154 14.936 3.750 0.108
503 942 0 942 51.629 63.160 11.530 3.733 0.108
504 813 0 813 45.936 55.808 9.873 3.750 0.108
505 631 0 631 41.288 51.804 10.516 3.767 0.107
506 585 0 585 37.310 50.932 13.622 3.733 0.107
507 585 0 585 32.735 47.052 14.317 3.733 0.106
508 552 0 552 28.221 41.478 13.257 3.700 0.105
509 552 0 552 24.304 33.586 9.282 3.683 0.105
510 552 0 552 20.638 31.958 11.320 3.633 0.104
511 552 0 552 18.144 28.497 10.353 3.583 0.104
512 552 0 552 15.067 26.447 11.380 3.500 0.103
513 552 0 552 12.289 22.940 10.650 3.400 0.102
514 552 0 552 9.668 21.400 11.732 3.317 0.101
515 552 0 552 7.495 21.400 13.905 3.217 0.099
516 552 0 552 5.665 16.748 11.083 3.083 0.097
517 552 0 552 4.493 16.409 11.916 3.017 0.096
518 552 0 552 3.808 16.409 12.601 2.917 0.094
519 552 0 552 3.378 15.847 12.469 2.717 0.091
520 552 0 552 3.013 15.847 12.834 2.600 0.089
521 552 0 552 2.780 15.847 13.067 2.467 0.086
522 552 0 552 2.701 15.847 13.146 2.300 0.083
523 552 0 552 2.613 15.847 13.234 2.167 0.081
524 552 0 552 2.596 15.847 13.250 2.100 0.078
525 552 0 552 2.580 15.847 13.267 1.967 0.076
526 552 0 552 2.657 15.847 13.190 1.833 0.073
527 552 0 552 2.715 15.847 13.132 1.750 0.070
528 552 0 552 2.762 15.847 13.085 1.633 0.068
529 552 0 552 2.843 15.847 13.004 1.533 0.065
530 552 0 552 2.999 15.847 12.847 1.483 0.062
531 552 0 552 3.225 15.847 12.622 1.367 0.060
532 552 0 552 3.689 15.845 12.156 1.283 0.058
533 552 0 552 4.339 15.847 11.508 1.200 0.056
534 552 0 552 5.351 15.847 10.496 1.117 0.054
535 552 0 552 6.703 15.849 9.146 1.033 0.053
536 552 0 552 9.019 15.849 6.830 0.950 0.051
537 552 0 552 11.578 16.125 4.547 0.883 0.050
538 552 0 552 14.701 16.807 2.106 0.850 0.049
539 552 0 552 18.701 17.156 1.545 0.783 0.048
540 552 0 552 23.643 18.932 4.712 0.767 0.047
541 552 0 552 29.475 20.142 9.333 0.767 0.047
542 552 0 552 35.805 22.327 13.478 0.750 0.047
543 552 0 552 42.173 27.429 14.743 0.767 0.047
544 552 0 552 50.502 36.864 13.638 0.750 0.047
545 586 0 586 59.463 44.951 14.512 0.767 0.047
546 647 0 647 70.176 55.965 14.211 0.750 0.048
547 647 0 647 78.748 61.038 17.711 0.750 0.048
548 748 0 748 90.595 75.754 14.841 0.733 0.048
549 748 0 748 101.146 89.171 11.975 0.733 0.048
550 926 0 926 114.567 102.298 12.269 0.750 0.049
551 956 0 956 126.887 114.334 12.553 0.783 0.050
552 1013 0 1013 139.735 127.876 11.858 0.817 0.050
553 1046 0 1046 157.567 140.715 16.853 0.850 0.051
554 1046 0 1046 173.782 157.870 15.912 0.867 0.052
555 1377 0 1377 187.117 173.338 13.779 0.883 0.052
556 1452 0 1452 205.433 189.433 16.000 0.933 0.053
557 1711 0 1711 224.885 210.148 14.737 0.950 0.054
558 1889 0 1889 245.135 232.302 12.833 0.967 0.054
559 2169 0 2169 268.189 252.669 15.520 1.017 0.055
560 2332 0 2332 290.590 275.975 14.615 1.050 0.057
561 2358 0 2358 313.163 295.857 17.307 1.100 0.057
562 2576 0 2576 340.191 323.643 16.548 1.167 0.059
563 2582 0 2582 364.522 345.126 19.396 1.200 0.060
564 2582 0 2582 391.282 376.638 14.644 1.250 0.061
565 2582 0 2582 412.672 397.435 15.237 1.350 0.062
566 2582 0 2582 435.564 420.894 14.670 1.417 0.063
567 2582 0 2582 454.962 438.675 16.286 1.533 0.064
568 2582 0 2582 470.065 456.065 14.000 1.600 0.065
569 2582 0 2582 486.196 473.350 12.846 1.650 0.066
570 2582 0 2582 501.804 482.448 19.355 1.717 0.067
571 2582 0 2582 518.753 499.405 19.348 1.783 0.068
572 2582 0 2582 536.232 519.486 16.746 1.850 0.070
573 2582 0 2582 550.597 535.502 15.094 1.950 0.071
574 2582 0 2582 564.460 549.770 14.691 2.033 0.072
575 2582 0 2582 578.208 558.448 19.760 2.150 0.073
576 2582 0 2582 593.379 575.310 18.069 2.217 0.075
577 2582 0 2582 607.619 595.986 11.633 2.267 0.076
578 2582 0 2582 621.463 607.400 14.063 2.383 0.078
579 2582 0 2582 634.786 619.085 15.701 2.467 0.080
580 2582 0 2582 647.341 629.955 17.387 2.517 0.082
581 2582 0 2582 659.652 645.561 14.090 2.633 0.084
582 2582 0 2582 671.215 652.764 18.451 2.700 0.085
583 2582 0 2582 682.080 665.738 16.342 2.767 0.087
584 2582 0 2582 693.416 679.010 14.405 2.850 0.089
585 2582 0 2582 705.353 690.379 14.974 2.933 0.090
586 2582 0 2582 716.498 700.019 16.479 3.000 0.092
587 2582 0 2582 729.036 709.956 19.080 3.100 0.094
588 2582 0 2582 740.924 723.245 17.678 3.167 0.096
589 2582 0 2582 752.759 734.402 18.357 3.250 0.098
590 2582 0 2582 764.198 749.412 14.786 3.333 0.100
591 2582 0 2582 774.522 758.483 16.040 3.400 0.101
592 2582 0 2582 785.701 770.692 15.009 3.433 0.102
593 2582 0 2582 796.333 780.039 16.294 3.467 0.104
594 2582 0 2582 806.349 787.274 19.075 3.533 0.105
595 2582 0 2582 815.850 800.066 15.784 3.583 0.106
596 2582 0 2582 827.262 812.207 15.055 3.617 0.107
597 2582 0 2582 836.450 823.506 12.944 3.633 0.107
598 2582 0 2582 846.275 834.432 11.843 3.667 0.108
599 2582 0 2582 855.496 840.665 14.830 3.700 0.108
600 2582 0 2582 865.724 854.856 10.867 3.733 0.109
601 2582 0 2582 876.053 862.526 13.527 3.717 0.109
602 2582 0 2582 885.489 873.824 11.666 3.750 0.109
603 2582 0 2582 893.559 882.767 10.792 3.750 0.109
604 2582 0 2582 902.891 892.472 10.418 3.733 0.109
605 2582 0 2582 911.103 898.270 12.832 3.733 0.108
606 2582 0 2582 920.201 910.342 9.859 3.717 0.108
607 2582 0 2582 926.423 912.093 14.330 3.733 0.108
608 2582 0 2582 933.029 922.735 10.294 3.717 0.108
609 2582 0 2582 938.950 927.220 11.730 3.700 0.107
610 2582 0 2582 944.416 931.898 12.518 3.683 0.107
611 2582 0 2582 949.597 938.379 11.218 3.650 0.106
612 2582 0 2582 954.433 943.290 11.143 3.633 0.106
613 2582 0 2582 960.308 951.260 9.048 3.600 0.105
614 2582 0 2582 963.471 952.268 11.203 3.600 0.105
615 2582 0 2582 964.355 956.504 7.851 3.550 0.105
616 2582 0 2582 966.075 959.927 6.148 3.500 0.104
617 2582 0 2582 964.735 959.927 4.809 3.467 0.103
618 2582 0 2582 964.834 955.989 8.845 3.450 0.103
619 2582 0 2582 961.958 952.569 9.389 3.383 0.102
620 2582 0 2582 956.919 952.364 4.555 3.350 0.101
621 2582 0 2582 951.213 947.031 4.181 3.333 0.101
622 2582 0 2582 943.038 942.956 0.082 3.267 0.100
623 2475 0 2475 934.011 935.274 1.263 3.217 0.099
624 2419 0 2419 921.483 926.444 4.961 3.150 0.099
625 2255 0 2255 911.933 918.502 6.569 3.050 0.098
626 1506 0 1506 899.724 909.694 9.970 3.017 0.097
627 1415 0 1415 888.228 896.976 8.748 2.917 0.097
628 1415 0 1415 879.307 892.187 12.880 2.900 0.096
629 1415 0 1415 870.152 879.275 9.123 2.883 0.096
630 1415 0 1415 858.663 870.399 11.736 2.850 0.095
631 1415 0 1415 842.151 853.702 11.551 2.800 0.095
632 1408 0 1408 826.932 837.338 10.406 2.750 0.094
633 1408 0 1408 809.247 824.040 14.793 2.700 0.094
634 1408 0 1408 790.926 807.729 16.803 2.717 0.094
635 1408 0 1408 769.037 778.596 9.559 2.667 0.095
636 1408 0 1408 745.757 756.533 10.776 2.717 0.095
637 1408 0 1408 723.890 735.691 11.801 2.767 0.095
638 1408 0 1408 699.007 715.173 16.166 2.767 0.096
639 1408 0 1408 673.670 686.862 13.192 2.767 0.097
640 1408 0 1408 650.672 659.717 9.046 2.850 0.097
641 1408 0 1408 623.913 634.574 10.660 2.850 0.098
642 1408 0 1408 597.441 612.226 14.785 2.900 0.099
643 1408 0 1408 576.160 590.158 13.999 2.933 0.100
644 1408 0 1408 553.597 570.747 17.150 2.933 0.101
645 1408 0 1408 527.013 538.917 11.904 3.000 0.102
646 1361 0 1361 499.851 510.449 10.597 3.083 0.103
647 1361 0 1361 473.838 488.958 15.120 3.133 0.104
648 1329 0 1329 450.128 463.894 13.765 3.167 0.104
649 1329 0 1329 428.890 443.805 14.916 3.200 0.105
650 1329 0 1329 405.412 419.937 14.525 3.233 0.106
651 1281 0 1281 384.698 398.576 13.877 3.233 0.107
652 1281 0 1281 364.549 380.404 15.855 3.283 0.107
653 1281 0 1281 343.818 357.462 13.643 3.333 0.108
654 1281 0 1281 326.086 339.306 13.220 3.350 0.109
655 1281 0 1281 310.605 326.930 16.325 3.333 0.109
656 1281 0 1281 293.659 304.082 10.423 3.367 0.109
657 1281 0 1281 278.555 289.725 11.169 3.383 0.110
658 1281 0 1281 263.655 275.107 11.452 3.417 0.110
659 1192 0 1192 250.116 261.910 11.793 3.450 0.110
660 1192 0 1192 234.591 244.852 10.261 3.417 0.111
661 1192 0 1192 221.071 231.982 10.911 3.417 0.111
662 1192 0 1192 210.337 227.010 16.673 3.400 0.111
663 1159 0 1159 198.637 214.553 15.916 3.400 0.111
664 1121 0 1121 187.792 202.795 15.003 3.433 0.111
665 1121 0 1121 178.520 194.087 15.567 3.417 0.111
666 1121 0 1121 169.001 182.114 13.113 3.433 0.111
667 1119 0 1119 158.632 173.598 14.966 3.417 0.111
668 1119 0 1119 149.469 166.161 16.693 3.467 0.111
669 1119 0 1119 140.890 150.943 10.053 3.483 0.111
670 1119 0 1119 131.295 143.344 12.049 3.483 0.111
671 962 0 962 122.644 134.870 12.226 3.450 0.111
672 859 0 859 115.548 131.082 15.534 3.433 0.110
673 836 0 836 109.314 122.249 12.935 3.417 0.110
674 836 0 836 100.909 114.691 13.782 3.417 0.110
675 836 0 836 94.522 103.481 8.959 3.433 0.110
676 836 0 836 87.571 98.465 10.894 3.417 0.110
677 781 0 781 81.562 91.007 9.445 3.433 0.110
678 729 0 729 75.592 87.701 12.109 3.433 0.109
679 726 0 726 69.612 82.270 12.658 3.433 0.109
680 703 0 703 63.224 75.041 11.817 3.433 0.109
681 703 0 703 58.152 70.080 11.928 3.417 0.108
682 665 0 665 52.591 66.273 13.682 3.417 0.108
683 656 0 656 48.013 56.954 8.941 3.433 0.108
684 656 0 656 43.283 56.677 13.394 3.450 0.107
685 656 0 656 38.746 48.775 10.030 3.433 0.107
686 656 0 656 34.305 47.602 13.297 3.433 0.107
687 656 0 656 29.499 39.650 10.151 3.417 0.106
688 484 0 484 25.994 34.801 8.807 3.367 0.106
689 484 0 484 22.963 33.588 10.625 3.333 0.105
690 484 0 484 19.687 29.653 9.966 3.333 0.105
691 484 0 484 15.821 28.464 12.643 3.300 0.104
692 366 0 366 12.953 23.566 10.612 3.267 0.103
693 364 0 364 10.207 18.173 7.966 3.217 0.102
694 306 0 306 7.852 17.950 10.097 3.117 0.101
695 302 0 302 5.557 17.331 11.774 3.067 0.099
696 298 0 298 3.770 14.033 10.263 2.933 0.097
697 298 0 298 2.638 13.806 11.168 2.850 0.095
698 298 0 298 1.560 12.941 11.381 2.733 0.093
699 298 0 298 0.996 12.941 11.945 2.633 0.090
700 225 0 225 0.685 12.941 12.256 2.500 0.088
701 225 0 225 0.525 12.943 12.418 2.383 0.085
702 225 0 225 0.401 12.722 12.321 2.283 0.083
703 225 0 225 0.355 12.722 12.367 2.183 0.080
704 225 0 225 0.289 12.722 12.433 2.100 0.078
705 225 0 225 0.289 12.724 12.435 1.950 0.075
706 225 0 225 0.293 12.726 12.433 1.800 0.072
707 225 0 225 0.288 12.726 12.438 1.650 0.069
708 225 0 225 0.315 12.728 12.413 1.550 0.067
709 225 0 225 0.320 12.728 12.408 1.433 0.064
710 225 0 225 0.380 12.728 12.348 1.317 0.062
711 225 0 225 0.547 12.728 12.181 1.250 0.059
712 225 0 225 0.877 12.728 11.851 1.167 0.057
713 225 0 225 1.465 12.728 11.263 1.083 0.055
714 255 0 255 2.489 12.728 10.239 1.050 0.054
715 364 0 364 4.075 12.728 8.652 1.000 0.052
716 365 0 365 6.187 12.947 6.760 0.917 0.051
717 365 0 365 8.890 12.947 4.057 0.867 0.050
718 365 0 365 11.473 13.167 1.694 0.850 0.049
719 522 0 522 15.694 13.959 1.735 0.800 0.048
720 522 0 522 18.899 14.369 4.530 0.783 0.047
721 522 0 522 24.336 15.695 8.640 0.750 0.047
722 522 0 522 30.517 17.647 12.870 0.750 0.047
723 617 0 617 37.462 22.448 15.015 0.750 0.047
724 617 0 617 44.796 27.874 16.922 0.783 0.047
725 617 0 617 53.279 40.078 13.202 0.767 0.047
726 716 0 716 64.092 50.834 13.258 0.800 0.048
727 716 0 716 73.298 60.134 13.164 0.800 0.048
728 841 0 841 83.574 72.284 11.290 0.800 0.048
729 1038 0 1038 96.676 85.044 11.632 0.783 0.049
730 1038 0 1038 110.037 98.405 11.632 0.817 0.049
731 1038 0 1038 123.602 110.526 13.075 0.850 0.050
732 1038 0 1038 136.265 123.838 12.427 0.850 0.050
733 1180 0 1180 151.473 139.198 12.275 0.883 0.051
734 1559 0 1559 168.077 154.026 14.051 0.933 0.052
735 1628 0 1628 189.414 174.489 14.925 0.967 0.052
736 1628 0 1628 210.142 195.935 14.207 1.000 0.053
737 1638 0 1638 229.524 215.732 13.792 1.033 0.054
738 1638 0 1638 252.491 240.227 12.264 1.033 0.055
739 1638 0 1638 272.518 257.485 15.033 1.100 0.056
740 1670 0 1670 293.225 276.742 16.483 1.100 0.056
741 1670 0 1670 316.382 302.833 13.549 1.133 0.057
742 1670 0 1670 338.867 324.228 14.639 1.150 0.058
743 1670 0 1670 358.252 344.286 13.966 1.200 0.059
744 1958 0 1958 378.611 366.905 11.705 1.233 0.060
745 2323 0 2323 402.162 389.502 12.659 1.300 0.061
746 2776 0 2776 423.518 411.887 11.630 1.317 0.062
747 2791 0 2791 449.463 430.089 19.374 1.350 0.063
748 3025 0 3025 472.941 457.512 15.430 1.450 0.065
749 3025 0 3025 494.588 477.891 16.697 1.500 0.066
750 3025 0 3025 511.296 495.179 16.117 1.550 0.067
751 3025 0 3025 527.651 511.329 16.322 1.667 0.069
752 3025 0 3025 541.596 528.229 13.368 1.750 0.070
753 3025 0 3025 556.230 539.996 16.235 1.833 0.071
754 3025 0 3025 572.471 555.822 16.649 1.917 0.072
755 3025 0 3025 585.710 572.495 13.215 1.983 0.073
756 3025 0 3025 597.976 586.301 11.675 2.133 0.074
757 3025 0 3025 612.268 602.280 9.988 2.317 0.076
758 3025 0 3025 624.486 610.064 14.422 2.433 0.078
759 3025 0 3025 636.691 624.354 12.337 2.533 0.079
760 3025 0 3025 649.095 633.634 15.461 2.633 0.081
761 3025 0 3025 661.435 647.254 14.181 2.700 0.083
762 3025 0 3025 672.669 657.480 15.188 2.817 0.084
763 3025 0 3025 685.928 675.540 10.387 2.900 0.086
764 3025 0 3025 699.542 683.571 15.971 2.967 0.088
765 3025 0 3025 711.462 696.146 15.316 3.050 0.090
766 3025 0 3025 723.178 709.379 13.799 3.117 0.092
767 3025 0 3025 736.534 722.315 14.220 3.217 0.094
768 3025 0 3025 746.988 737.906 9.082 3.300 0.095
769 3025 0 3025 757.201 744.126 13.075 3.333 0.097
770 3025 0 3025 769.505 755.606 13.899 3.400 0.098
771 3025 0 3025 782.153 767.968 14.185 3.500 0.100
772 3025 0 3025 792.225 777.215 15.010 3.567 0.101
773 3025 0 3025 802.477 787.608 14.869 3.650 0.103
774 3025 0 3025 813.284 796.821 16.463 3.733 0.104
775 3025 0 3025 823.768 812.536 11.232 3.817 0.105
776 3025 0 3025 834.223 822.957 11.267 3.883 0.106
777 3025 0 3025 845.360 835.296 10.065 3.933 0.107
778 3025 0 3025 853.404 840.517 12.888 3.983 0.108
779 3025 0 3025 863.849 853.440 10.409 4.033 0.108
780 3025 0 3025 870.930 862.594 8.335 4.067 0.108
781 3025 0 3025 880.530 868.670 11.859 4.117 0.108
782 3025 0 3025 889.893 877.600 12.293 4.133 0.108
783 3025 0 3025 898.801 886.849 11.953 4.133 0.108
784 3025 0 3025 906.799 897.204 9.595 4.167 0.108
785 3025 0 3025 914.970 899.814 15.156 4.167 0.108
786 3025 0 3025 924.688 914.465 10.223 4.150 0.108
787 3025 0 3025 931.857 918.639 13.218 4.150 0.108
788 3025 0 3025 937.888 931.109 6.779 4.133 0.107
789 3025 0 3025 945.150 936.918 8.231 4.117 0.107
790 3025 0 3025 952.257 944.564 7.693 4.083 0.107
791 3025 0 3025 958.502 951.316 7.186 4.067 0.106
792 3025 0 3025 962.723 951.316 11.407 4.050 0.106
793 3025 0 3025 965.956 959.753 6.203 4.050 0.105
794 3025 0 3025 968.213 960.430 7.783 4.000 0.105
795 3025 0 3025 969.754 961.374 8.380 3.967 0.104
796 3025 0 3025 969.164 966.741 2.423 3.950 0.103
797 3025 0 3025 969.665 962.614 7.051 3.900 0.103
798 3025 0 3025 968.036 963.569 4.467 3.883 0.102
799 3025 0 3025 965.032 960.565 4.467 3.833 0.102
800 3025 0 3025 961.614 960.565 1.050 3.817 0.101
801 3025 0 3025 956.983 956.451 0.532 3.767 0.100
802 3025 0 3025 951.347 950.685 0.662 3.767 0.100
803 3025 0 3025 946.358 946.210 0.148 3.717 0.099
804 3025 0 3025 938.601 942.563 3.962 3.683 0.098
805 3025 0 3025 925.329 933.262 7.933 3.633 0.098
806 3025 0 3025 915.175 921.555 6.380 3.583 0.097
807 3025 0 3025 896.274 907.390 11.115 3.583 0.097
808 2468 0 2468 880.579 890.517 9.938 3.517 0.096
809 1382 0 1382 863.811 874.856 11.045 3.483 0.095
810 1382 0 1382 849.896 863.272 13.376 3.450 0.095
811 1382 0 1382 835.785 848.435 12.650 3.367 0.094
812 1382 0 1382 820.339 835.002 14.664 3.333 0.094
813 1382 0 1382 802.840 809.970 7.129 3.267 0.094
814 1382 0 1382 783.611 798.415 14.804 3.283 0.094
815 1382 0 1382 764.385 779.584 15.199 3.267 0.094
816 1382 0 1382 743.810 752.318 8.508 3.217 0.094
817 1382 0 1382 722.344 733.525 11.180 3.133 0.095
818 1382 0 1382 697.872 708.966 11.093 3.183 0.095
819 1382 0 1382 674.757 685.010 10.253 3.183 0.096
820 1382 0 1382 650.341 662.158 11.817 3.217 0.096
821 1382 0 1382 622.294 634.169 11.875 3.333 0.098
822 1382 0 1382 599.649 614.036 14.387 3.333 0.098
823 1382 0 1382 573.020 584.272 11.252 3.417 0.099
824 1350 0 1350 546.941 561.205 14.264 3.550 0.100
825 1350 0 1350 523.163 539.511 16.349 3.617 0.101
826 1350 0 1350 497.072 509.239 12.167 3.700 0.102
827 1350 0 1350 470.827 483.266 12.439 3.767 0.103
828 1350 0 1350 449.459 461.687 12.228 3.833 0.103
829 1350 0 1350 425.053 441.163 16.110 3.883 0.104
830 1350 0 1350 404.938 417.946 13.008 3.883 0.105
831 1350 0 1350 384.611 395.677 11.066 3.883 0.105
832 1350 0 1350 366.962 378.071 11.109 3.883 0.106
833 1350 0 1350 343.815 357.712 13.897 3.950 0.107
834 1350 0 1350 322.492 336.110 13.618 3.967 0.108
835 1350 0 1350 305.703 317.595 11.892 3.967 0.108
836 1257 0 1257 286.565 297.507 10.943 3.950 0.109
837 1257 0 1257 268.503 282.593 14.091 4.033 0.109
838 1257 0 1257 253.407 263.115 9.708 4.017 0.110
839 1257 0 1257 240.324 257.006 16.682 4.017 0.110
840 1148 0 1148 226.584 235.794 9.211 4.000 0.110
841 1148 0 1148 214.286 228.127 13.841 3.967 0.111
842 1148 0 1148 202.986 214.060 11.074 3.967 0.111
843 1148 0 1148 190.897 202.263 11.366 3.933 0.111
844 1064 0 1064 180.922 197.955 17.033 3.883 0.111
845 1014 0 1014 171.595 183.460 11.865 3.883 0.111
846 998 0 998 162.263 174.676 12.413 3.867 0.110
847 998 0 998 152.745 165.269 12.524 3.900 0.111
848 981 0 981 143.750 158.039 14.288 3.917 0.111
849 919 0 919 135.669 146.827 11.158 3.917 0.110
850 919 0 919 127.653 143.255 15.602 3.917 0.110
851 889 0 889 119.752 132.235 12.483 3.917 0.110
852 880 0 880 113.475 126.493 13.018 3.917 0.110
853 880 0 880 105.432 116.044 10.611 3.900 0.110
854 860 0 860 99.387 111.969 12.582 3.917 0.110
855 860 0 860 92.581 105.203 12.622 3.917 0.109
856 860 0 860 86.985 97.693 10.708 3.900 0.109
857 824 0 824 81.620 93.398 11.779 3.900 0.109
858 824 0 824 75.141 89.722 14.581 3.917 0.109
859 824 0 824 69.288 80.910 11.622 3.900 0.109
860 824 0 824 64.667 73.555 8.888 3.917 0.108
861 802 0 802 59.818 69.917 10.099 3.917 0.108
862 787 0 787 53.788 68.135 14.348 3.917 0.108
863 787 0 787 49.430 57.187 7.757 3.917 0.108
864 715 0 715 44.323 55.730 11.407 3.917 0.108
865 715 0 715 38.830 50.990 12.160 3.917 0.107
866 680 0 680 34.339 45.846 11.508 3.917 0.107
867 680 0 680 29.011 44.569 15.558 3.900 0.106
868 560 0 560 25.164 37.015 11.851 3.867 0.105
869 560 0 560 21.024 35.865 14.841 3.850 0.105
870 560 0 560 17.368 25.894 8.525 3.817 0.104
871 419 0 419 14.103 24.790 10.687 3.800 0.103
872 415 0 415 11.225 24.489 13.264 3.733 0.102
873 415 0 415 8.501 22.986 14.485 3.717 0.101
874 280 0 280 6.111 22.801 16.691 3.617 0.100
875 274 0 274 4.259 17.177 12.918 3.550 0.098
876 274 0 274 2.838 13.587 10.749 3.467 0.097
877 262 0 262 1.882 12.263 10.381 3.350 0.095
878 262 0 262 1.185 12.263 11.077 3.183 0.093
879 262 0 262 0.795 12.263 11.468 3.083 0.090
880 188 0 188 0.550 12.093 11.544 2.967 0.088
881 188 0 188 0.361 12.092 11.731 2.783 0.085
882 152 0 152 0.227 12.092 11.865 2.650 0.083
883 152 0 152 0.187 12.092 11.904 2.483 0.080
884 152 0 152 0.192 12.092 11.899 2.283 0.077
885 152 0 152 0.174 12.092 11.918 2.133 0.075
886 152 0 152 0.173 12.092 11.919 1.983 0.072
887 216 0 216 0.221 12.090 11.869 1.817 0.069
888 216 0 216 0.258 12.090 11.832 1.667 0.067
889 216 0 216 0.306 12.090 11.784 1.583 0.065
890 216 0 216 0.371 12.092 11.721 1.517 0.062
891 295 0 295 0.561 12.092 11.531 1.417 0.060
892 295 0 295 0.902 12.092 11.190 1.350 0.058
893 295 0 295 1.484 12.093 10.610 1.200 0.056
894 295 0 295 2.395 12.093 9.699 1.100 0.054
895 358 0 358 3.946 12.093 8.147 1.017 0.052
896 574 0 574 5.993 12.093 6.101 0.950 0.051
897 574 0 574 8.392 12.093 3.702 0.833 0.049
898 574 0 574 11.641 12.719 1.078 0.850 0.048
899 574 0 574 15.729 12.971 2.758 0.817 0.047
900 574 0 574 21.019 14.567 6.452 0.800 0.047
901 574 0 574 26.422 16.116 10.306 0.750 0.047
902 576 0 576 32.642 20.463 12.180 0.783 0.047
903 576 0 576 38.988 24.731 14.257 0.817 0.047
904 625 0 625 47.430 34.914 12.516 0.833 0.047
905 625 0 625 55.288 42.798 12.490 0.833 0.047
906 625 0 625 63.157 52.056 11.101 0.833 0.047
907 779 0 779 73.962 58.418 15.543 0.850 0.048
908 947 0 947 86.098 72.343 13.755 0.867 0.048
909 947 0 947 98.703 84.769 13.934 0.883 0.049
910 947 0 947 113.441 97.847 15.594 0.883 0.049
911 947 0 947 126.992 110.034 16.958 0.917 0.050
912 947 0 947 139.895 123.762 16.133 0.950 0.050
913 947 0 947 155.630 139.726 15.904 0.967 0.051
914 1110 0 1110 173.254 164.597 8.657 0.950 0.052
915 1312 0 1312 192.232 178.057 14.175 1.000 0.052
916 1312 0 1312 211.654 197.299 14.355 1.033 0.053
917 1312 0 1312 228.460 217.301 11.159 1.067 0.054
918 1312 0 1312 244.657 227.598 17.058 1.050 0.054
919 1459 0 1459 267.642 253.351 14.291 1.100 0.055
920 1459 0 1459 287.234 273.544 13.690 1.100 0.056
921 1787 0 1787 308.476 294.263 14.213 1.183 0.057
922 1989 0 1989 330.718 315.702 15.016 1.200 0.058
923 1992 0 1992 354.473 338.724 15.749 1.267 0.059
924 1992 0 1992 373.746 357.320 16.426 1.317 0.060
925 1992 0 1992 391.036 373.235 17.801 1.350 0.061
926 1992 0 1992 409.269 392.898 16.371 1.483 0.062
927 1992 0 1992 425.895 410.438 15.457 1.550 0.063
928 1992 0 1992 443.372 429.799 13.573 1.633 0.065
929 1992 0 1992 461.433 444.934 16.498 1.700 0.066
930 1992 0 1992 479.182 465.119 14.063 1.800 0.067
931 1992 0 1992 495.559 480.272 15.286 1.900 0.068
932 1992 0 1992 511.049 496.418 14.631 2.017 0.070
933 1992 0 1992 528.260 513.999 14.261 2.133 0.071
934 1992 0 1992 543.010 527.738 15.272 2.150 0.072
935 1992 0 1992 558.542 547.223 11.319 2.250 0.074
936 1992 0 1992 574.183 559.768 14.415 2.383 0.076
937 1992 0 1992 588.164 578.081 10.083 2.483 0.077
938 1992 0 1992 602.038 589.898 12.140 2.617 0.079
939 1992 0 1992 615.249 600.182 15.067 2.750 0.081
940 1992 0 1992 628.162 618.480 9.682 2.867 0.082
941 1992 0 1992 639.495 628.615 10.880 2.933 0.084
942 1992 0 1992 650.877 635.423 15.453 3.033 0.086
943 1992 0 1992 664.427 653.756 10.670 3.117 0.088
944 1992 0 1992 675.264 660.445 14.819 3.183 0.089
945 1992 0 1992 687.660 674.158 13.502 3.283 0.091
946 1992 0 1992 698.961 683.708 15.253 3.333 0.093
947 1992 0 1992 709.754 695.981 13.773 3.417 0.094
948 1992 0 1992 720.628 703.365 17.263 3.517 0.096
949 1992 0 1992 731.670 712.155 19.515 3.583 0.098
950 1992 0 1992 740.870 722.109 18.761 3.650 0.099
951 1992 0 1992 749.874 737.523 12.351 3.700 0.100
952 1992 0 1992 761.521 753.482 8.039 3.783 0.102
953 1992 0 1992 772.825 760.246 12.579 3.883 0.103
954 1992 0 1992 782.745 770.079 12.665 3.950 0.104
955 1992 0 1992 792.020 778.021 14.000 3.983 0.105
956 1992 0 1992 802.146 787.401 14.745 3.983 0.106
957 1992 0 1992 811.025 799.677 11.348 4.050 0.107
958 1992 0 1992 821.087 811.799 9.288 4.083 0.107
959 1992 0 1992 830.983 818.140 12.843 4.100 0.108
960 1992 0 1992 841.471 823.640 17.831 4.150 0.108
961 1992 0 1992 851.186 837.763 13.423 4.183 0.108
962 1992 0 1992 860.335 848.591 11.744 4.233 0.108
963 1992 0 1992 868.607 854.833 13.774 4.217 0.108
964 1992 0 1992 878.165 870.221 7.943 4.250 0.108
965 1992 0 1992 885.961 872.066 13.895 4.233 0.108
966 1992 0 1992 891.973 878.123 13.850 4.233 0.108
967 1992 0 1992 899.505 888.201 11.304 4.217 0.108
968 1992 0 1992 906.458 901.609 4.848 4.200 0.107
969 1992 0 1992 912.814 903.218 9.596 4.183 0.107
970 1992 0 1992 918.738 907.333 11.406 4.167 0.106
971 1992 0 1992 923.818 911.791 12.027 4.133 0.106
972 1992 0 1992 928.593 915.023 13.570 4.117 0.105
973 1992 0 1992 932.964 920.489 12.475 4.100 0.105
974 1992 0 1992 936.311 924.846 11.464 4.083 0.104
975 1992 0 1992 936.831 931.449 5.382 4.017 0.104
976 1992 0 1992 937.465 931.928 5.538 4.000 0.103
977 1992 0 1992 938.101 931.928 6.173 3.967 0.103
978 1992 0 1992 937.330 931.774 5.556 3.983 0.103
979 1992 0 1992 934.905 931.774 3.132 3.933 0.102
980 1992 0 1992 932.791 931.341 1.450 3.950 0.101
981 1992 0 1992 929.518 928.472 1.046 3.883 0.100
982 1992 0 1992 923.488 922.219 1.269 3.850 0.100
983 1594 0 1594 917.124 918.635 1.512 3.767 0.099
984 1594 0 1594 909.840 918.146 8.306 3.717 0.098
985 1594 0 1594 905.701 914.091 8.390 3.667 0.097
986 1594 0 1594 898.363 908.958 10.594 3.583 0.096
987 1594 0 1594 890.626 899.406 8.780 3.517 0.095
988 1594 0 1594 880.764 888.303 7.538 3.467 0.095
989 1594 0 1594 866.919 878.490 11.571 3.400 0.094
990 1499 0 1499 853.663 861.999 8.336 3.350 0.094
991 1499 0 1499 839.864 855.797 15.932 3.267 0.093
992 1499 0 1499 822.727 834.936 12.208 3.200 0.093
993 1499 0 1499 806.678 822.512 15.834 3.100 0.092
994 1499 0 1499 790.521 805.114 14.593 3.150 0.092
995 1499 0 1499 769.626 784.279 14.653 3.133 0.092
996 1499 0 1499 749.757 761.080 11.323 3.083 0.092
997 1499 0 1499 724.582 734.460 9.878 3.083 0.093
998 1499 0 1499 698.919 710.970 12.052 3.100 0.093
999 1499 0 1499 670.768 686.588 15.820 3.083 0.094
1000 1499 0 1499 644.752 657.388 12.635 3.133 0.095
1001 1499 0 1499 621.844 634.797 12.953 3.200 0.096
1002 1499 0 1499 595.485 610.250 14.766 3.317 0.097
1003 1499 0 1499 567.349 579.011 11.661 3.350 0.098
1004 1499 0 1499 543.839 557.095 13.256 3.450 0.099
1005 1499 0 1499 518.127 529.897 11.770 3.533 0.100
1006 1297 0 1297 495.280 504.203 8.923 3.567 0.100
1007 1297 0 1297 474.158 491.470 17.311 3.633 0.101
1008 1297 0 1297 451.511 465.084 13.573 3.733 0.102
1009 1297 0 1297 428.438 441.809 13.371 3.767 0.103
1010 1267 0 1267 409.308 422.063 12.755 3.783 0.104
1011 1267 0 1267 389.237 401.051 11.814 3.833 0.105
1012 1267 0 1267 368.961 379.794 10.833 3.817 0.106
1013 1267 0 1267 350.382 362.694 12.312 3.817 0.107
1014 1267 0 1267 334.595 347.230 12.635 3.850 0.107
1015 1237 0 1237 316.676 329.040 12.364 3.867 0.108
1016 1237 0 1237 297.361 308.557 11.196 3.933 0.109
1017 1237 0 1237 281.837 294.747 12.910 3.950 0.109
1018 1237 0 1237 264.804 277.623 12.819 3.967 0.110
1019 1237 0 1237 248.987 259.461 10.473 3.967 0.110
1020 1189 0 1189 235.123 246.716 11.594 3.950 0.110
1021 1189 0 1189 222.008 238.954 16.945 3.917 0.110
1022 1189 0 1189 209.842 222.659 12.817 3.850 0.110
1023 1189 0 1189 198.411 214.428 16.017 3.800 0.110
1024 1189 0 1189 187.325 201.629 14.305 3.767 0.110
1025 1189 0 1189 177.057 192.917 15.861 3.783 0.110
1026 1189 0 1189 166.564 181.041 14.477 3.767 0.111
1027 1189 0 1189 156.865 174.171 17.305 3.750 0.111
1028 1189 0 1189 148.627 164.926 16.299 3.750 0.110
1029 1189 0 1189 137.732 152.732 15.001 3.767 0.110
1030 1137 0 1137 129.792 141.477 11.685 3.767 0.110
1031 1137 0 1137 122.688 137.998 15.310 3.767 0.110
1032 1137 0 1137 115.642 126.831 11.189 3.767 0.110
1033 970 0 970 107.386 122.590 15.204 3.767 0.110
1034 970 0 970 99.832 112.106 12.274 3.783 0.110
1035 970 0 970 93.112 107.993 14.881 3.817 0.110
1036 892 0 892 85.569 96.632 11.063 3.800 0.110
1037 892 0 892 79.675 92.423 12.748 3.817 0.110
1038 892 0 892 73.098 81.768 8.670 3.833 0.110
1039 892 0 892 67.616 81.135 13.519 3.850 0.109
1040 736 0 736 62.314 72.634 10.321 3.833 0.109
1041 736 0 736 57.198 68.570 11.372 3.833 0.109
1042 736 0 736 51.897 64.804 12.907 3.833 0.109
1043 736 0 736 47.322 55.264 7.942 3.833 0.108
1044 736 0 736 41.471 54.610 13.139 3.833 0.108
1045 736 0 736 37.661 50.520 12.859 3.833 0.108
1046 736 0 736 33.400 43.164 9.764 3.800 0.107
1047 736 0 736 29.831 41.618 11.786 3.783 0.107
1048 736 0 736 25.784 37.355 11.571 3.767 0.106
1049 736 0 736 21.493 36.820 15.327 3.750 0.106
1050 736 0 736 17.863 36.332 18.469 3.717 0.105
1051 444 0 444 14.854 25.623 10.769 3.683 0.104
1052 444 0 444 11.653 21.604 9.951 3.650 0.103
1053 433 0 433 9.289 21.098 11.809 3.617 0.102
1054 433 0 433 7.320 20.089 12.769 3.550 0.101
1055 255 0 255 5.034 16.030 10.995 3.467 0.099
1056 255 0 255 3.645 15.445 11.800 3.383 0.098
1057 255 0 255 2.401 14.683 12.282 3.283 0.096
1058 255 0 255 1.533 14.494 12.961 3.150 0.093
1059 255 0 255 0.928 14.496 13.568 3.033 0.091
1060 233 0 233 0.518 14.496 13.978 2.850 0.088
1061 233 0 233 0.357 11.090 10.733 2.717 0.086
1062 233 0 233 0.274 11.090 10.816 2.500 0.083
1063 233 0 233 0.231 11.090 10.859 2.383 0.080
1064 233 0 233 0.216 11.090 10.873 2.217 0.078
1065 233 0 233 0.173 11.090 10.916 2.033 0.075
1066 233 0 233 0.182 11.090 10.908 1.950 0.072
1067 233 0 233 0.199 11.090 10.891 1.800 0.070
1068 233 0 233 0.207 11.088 10.881 1.600 0.067
1069 233 0 233 0.286 11.088 10.802 1.500 0.065
1070 272 0 272 0.443 11.088 10.646 1.417 0.062
1071 288 0 288 0.653 11.088 10.435 1.317 0.060
1072 288 0 288 1.015 11.088 10.073 1.250 0.058
1073 356 0 356 1.789 11.088 9.300 1.150 0.056
1074 356 0 356 2.785 11.088 8.304 1.050 0.055
1075 356 0 356 4.166 11.088 6.922 1.000 0.053
1076 356 0 356 6.066 11.365 5.299 0.950 0.051
1077 356 0 356 8.535 11.365 2.830 0.900 0.050
1078 418 0 418 11.659 11.579 0.080 0.850 0.049
1079 444 0 444 15.453 12.871 2.582 0.800 0.048
1080 486 0 486 19.742 14.283 5.459 0.783 0.048
1081 583 0 583 24.216 14.986 9.230 0.733 0.047
1082 634 0 634 30.216 16.282 13.934 0.700 0.047
1083 634 0 634 36.924 22.983 13.940 0.700 0.046
1084 634 0 634 44.586 24.159 20.426 0.700 0.046
1085 634 0 634 53.063 38.797 14.267 0.700 0.047
1086 634 0 634 62.706 49.424 13.282 0.717 0.047
1087 651 0 651 73.743 60.641 13.103 0.733 0.047
1088 660 0 660 83.037 69.255 13.782 0.733 0.048
1089 838 0 838 96.752 83.598 13.154 0.733 0.048
1090 838 0 838 108.341 96.085 12.256 0.750 0.048
1091 847 0 847 121.120 105.443 15.677 0.750 0.049
1092 847 0 847 135.954 119.738 16.216 0.767 0.050
1093 929 0 929 150.575 140.128 10.447 0.800 0.050
1094 1062 0 1062 169.745 156.443 13.302 0.833 0.051
1095 1117 0 1117 186.155 173.460 12.695 0.850 0.051
1096 1200 0 1200 203.853 189.201 14.652 0.867 0.052
1097 1431 0 1431 224.435 212.012 12.423 0.917 0.053
1098 1633 0 1633 242.674 227.244 15.430 0.900 0.053
1099 1633 0 1633 262.717 251.995 10.722 0.933 0.054
1100 1951 0 1951 283.236 267.477 15.759 0.967 0.055
1101 2193 0 2193 309.835 294.116 15.718 1.000 0.056
1102 2193 0 2193 336.475 319.617 16.858 1.050 0.057
1103 2193 0 2193 357.807 341.622 16.184 1.117 0.058
1104 2193 0 2193 381.570 367.123 14.447 1.217 0.060
1105 2193 0 2193 400.938 383.743 17.195 1.283 0.061
1106 2193 0 2193 420.407 401.208 19.199 1.350 0.062
1107 2193 0 2193 440.407 423.273 17.134 1.417 0.063
1108 2193 0 2193 457.486 449.394 8.092 1.467 0.064
1109 2193 0 2193 475.500 464.667 10.833 1.550 0.065
1110 2193 0 2193 492.138 475.085 17.053 1.583 0.067
1111 2193 0 2193 507.049 493.597 13.452 1.667 0.068
1112 2193 0 2193 521.079 506.353 14.726 1.717 0.069
1113 2193 0 2193 536.898 524.146 12.753 1.883 0.070
1114 2193 0 2193 551.687 537.966 13.721 1.950 0.071
1115 2193 0 2193 568.399 552.280 16.120 2.050 0.073
1116 2193 0 2193 582.591 566.157 16.434 2.150 0.075
1117 2193 0 2193 595.269 580.440 14.829 2.250 0.076
1118 2193 0 2193 607.690 593.677 14.013 2.333 0.077
1119 2193 0 2193 619.993 603.562 16.430 2.450 0.079
1120 2193 0 2193 632.504 617.780 14.724 2.567 0.080
1121 2193 0 2193 644.965 629.026 15.939 2.683 0.082
1122 2193 0 2193 656.079 644.255 11.824 2.750 0.084
1123 2193 0 2193 667.286 655.647 11.639 2.817 0.085
1124 2193 0 2193 677.943 664.859 13.084 2.883 0.087
1125 2193 0 2193 691.726 677.789 13.938 2.967 0.089
1126 2193 0 2193 703.478 689.744 13.734 3.067 0.091
1127 2193 0 2193 714.846 698.608 16.238 3.117 0.092
1128 2193 0 2193 725.097 708.106 16.990 3.233 0.094
1129 2193 0 2193 736.337 727.477 8.859 3.317 0.096
1130 2193 0 2193 747.464 733.955 13.508 3.383 0.097
1131 2193 0 2193 758.972 748.466 10.507 3.467 0.099
1132 2193 0 2193 770.392 757.759 12.633 3.533 0.100
1133 2193 0 2193 783.041 766.144 16.897 3.650 0.101
1134 2193 0 2193 793.172 780.842 12.331 3.733 0.103
1135 2193 0 2193 804.090 791.234 12.857 3.817 0.104
1136 2193 0 2193 814.754 798.637 16.117 3.883 0.105
1137 2193 0 2193 825.069 812.127 12.943 3.967 0.106
1138 2193 0 2193 835.128 828.327 6.801 4.017 0.106
1139 2193 0 2193 844.374 831.737 12.637 4.067 0.107
1140 2193 0 2193 853.180 841.072 12.108 4.067 0.107
1141 2193 0 2193 861.212 852.118 9.095 4.083 0.107
1142 2193 0 2193 870.330 856.341 13.989 4.100 0.107
1143 2193 0 2193 879.018 865.553 13.464 4.083 0.107
1144 2193 0 2193 887.466 874.815 12.651 4.100 0.107
1145 2193 0 2193 895.499 885.660 9.838 4.100 0.107
1146 2193 0 2193 903.854 893.202 10.652 4.083 0.107
1147 2193 0 2193 912.107 901.812 10.295 4.100 0.106
1148 2193 0 2193 917.921 910.576 7.345 4.083 0.106
1149 2193 0 2193 924.849 912.204 12.644 4.083 0.106
1150 2193 0 2193 930.128 924.073 6.055 4.050 0.106
1151 2193 0 2193 934.999 925.468 9.531 4.050 0.105
1152 2193 0 2193 940.672 933.222 7.450 4.017 0.104
1153 2193 0 2193 943.805 934.648 9.157 3.983 0.104
1154 2193 0 2193 948.658 934.836 13.822 3.950 0.103
1155 2193 0 2193 950.990 939.337 11.653 3.917 0.103
1156 2193 0 2193 951.475 942.084 9.391 3.900 0.102
1157 2193 0 2193 951.596 946.455 5.141 3.850 0.101
1158 2193 0 2193 949.680 946.455 3.225 3.833 0.101
1159 2193 0 2193 948.415 942.228 6.187 3.783 0.100
1160 2193 0 2193 943.389 942.047 1.342 3.750 0.100
1161 2182 0 2182 937.750 937.732 0.018 3.717 0.099
1162 2095 0 2095 928.178 931.865 3.687 3.683 0.098
1163 1830 0 1830 920.913 924.811 3.898 3.633 0.097
1164 1441 0 1441 910.595 915.436 4.841 3.517 0.097
1165 1422 0 1422 902.962 909.088 6.126 3.467 0.096
1166 1422 0 1422 893.747 901.719 7.971 3.417 0.095
1167 1422 0 1422 884.601 896.389 11.788 3.350 0.094
1168 1422 0 1422 873.948 884.469 10.522 3.317 0.094
1169 1422 0 1422 863.146 871.924 8.778 3.283 0.093
1170 1422 0 1422 848.672 857.598 8.926 3.267 0.093
1171 1422 0 1422 833.412 845.509 12.096 3.217 0.092
1172 1422 0 1422 818.986 828.806 9.819 3.217 0.092
1173 1422 0 1422 801.084 819.304 18.220 3.100 0.092
1174 1422 0 1422 783.648 799.684 16.036 3.083 0.092
1175 1422 0 1422 761.506 771.421 9.915 3.050 0.092
1176 1422 0 1422 739.413 752.032 12.619 3.017 0.092
1177 1422 0 1422 718.145 732.201 14.056 2.967 0.092
1178 1422 0 1422 699.133 708.917 9.784 2.967 0.093
1179 1422 0 1422 674.385 688.923 14.538 2.967 0.094
1180 1422 0 1422 653.214 662.481 9.267 2.967 0.094
1181 1422 0 1422 627.876 642.728 14.852 2.950 0.095
1182 1422 0 1422 603.059 611.629 8.570 2.983 0.096
1183 1422 0 1422 577.630 590.426 12.796 3.083 0.097
1184 1422 0 1422 551.705 564.013 12.308 3.217 0.098
1185 1422 0 1422 524.257 536.109 11.852 3.350 0.099
1186 1417 0 1417 500.377 512.131 11.755 3.400 0.100
1187 1417 0 1417 476.689 488.270 11.580 3.533 0.101
1188 1417 0 1417 453.761 466.441 12.680 3.583 0.102
1189 1417 0 1417 433.017 447.022 14.005 3.667 0.103
1190 1304 0 1304 412.098 419.248 7.150 3.667 0.103
1191 1304 0 1304 392.010 404.778 12.768 3.733 0.104
1192 1286 0 1286 372.413 386.690 14.277 3.700 0.105
1193 1283 0 1283 352.078 366.486 14.408 3.717 0.105
1194 1283 0 1283 334.603 346.065 11.462 3.717 0.106
1195 1233 0 1233 315.019 327.356 12.337 3.750 0.106
1196 1168 0 1168 294.890 307.349 12.459 3.783 0.107
1197 1147 0 1147 278.090 291.287 13.197 3.833 0.108
1198 1147 0 1147 262.381 276.402 14.021 3.817 0.108
1199 1145 0 1145 249.051 263.463 14.412 3.767 0.108
