1 449 0 449 262.041 262.041 0.000 51.000 1.515
2 449 0 449 275.567 275.670 0.104 37.000 0.806
3 518 0 518 295.202 295.333 0.131 35.667 0.583
4 518 0 518 310.022 310.149 0.127 35.000 0.472
5 780 0 780 322.483 322.441 0.042 32.000 0.400
6 780 0 780 342.619 342.617 0.002 32.000 0.362
7 780 0 780 354.499 354.499 0.000 32.143 0.329
8 780 0 780 372.663 372.663 0.000 32.000 0.310
9 831 0 831 393.258 393.258 0.000 33.444 0.294
10 1102 0 1102 414.651 414.586 0.065 33.600 0.281
11 1279 0 1279 435.503 414.586 20.917 30.545 0.272
12 1763 0 1763 458.789 414.586 44.203 28.000 0.251
13 1930 0 1930 487.411 414.586 72.825 25.846 0.232
14 2216 0 2216 514.429 466.223 48.207 24.000 0.217
15 2514 0 2514 540.908 466.223 74.686 22.400 0.203
16 2723 0 2723 574.323 538.880 35.443 21.000 0.191
17 2800 0 2800 601.010 538.880 62.130 19.765 0.181
18 2967 0 2967 628.046 539.996 88.050 18.667 0.172
19 2967 0 2967 661.160 539.996 121.164 17.684 0.164
20 2967 0 2967 682.067 643.158 38.909 16.800 0.157
21 2967 0 2967 714.929 666.311 48.618 16.048 0.159
22 2967 0 2967 737.634 665.964 71.670 15.318 0.152
23 2967 0 2967 758.735 665.964 92.771 14.652 0.147
24 3096 0 3096 775.961 666.038 109.923 14.042 0.142
25 3385 0 3385 793.693 667.367 126.326 13.480 0.137
26 3423 0 3423 811.681 670.034 141.647 12.962 0.133
27 3511 0 3511 825.216 670.034 155.182 12.481 0.129
28 3665 0 3665 837.000 674.133 162.867 12.036 0.125
29 3665 0 3665 851.355 679.095 172.259 11.621 0.122
30 3665 0 3665 863.081 681.362 181.719 11.233 0.119
31 3665 0 3665 867.382 681.362 186.020 10.871 0.121
32 3665 0 3665 870.498 681.362 189.136 10.531 0.118
33 3665 0 3665 874.336 681.362 192.974 10.212 0.115
34 3665 0 3665 877.509 689.037 188.472 9.912 0.113
35 3665 0 3665 880.789 696.035 184.755 9.629 0.110
36 3665 0 3665 884.497 696.035 188.463 9.361 0.108
37 3665 0 3665 888.320 696.035 192.285 9.108 0.105
38 3665 0 3665 891.373 700.213 191.161 8.868 0.103
39 3665 0 3665 894.395 700.213 194.182 8.641 0.101
40 3665 0 3665 897.334 700.414 196.920 8.425 0.099
41 3665 0 3665 900.331 700.540 199.792 8.220 0.101
42 3665 0 3665 903.876 700.540 203.336 8.024 0.099
43 3665 0 3665 906.444 700.540 205.905 7.837 0.097
44 3665 0 3665 909.812 700.540 209.273 7.659 0.095
45 3665 0 3665 912.222 700.672 211.550 7.489 0.094
46 3665 0 3665 914.294 700.672 213.622 7.326 0.092
47 3665 0 3665 916.427 700.672 215.756 7.170 0.090
48 3665 0 3665 918.904 708.217 210.686 7.021 0.089
49 3665 0 3665 920.803 726.393 194.410 6.878 0.087
50 3665 0 3665 922.582 726.393 196.189 6.740 0.086
51 3665 0 3665 924.230 752.946 171.283 6.608 0.087
52 3665 0 3665 925.737 752.946 172.791 6.481 0.086
53 3665 0 3665 926.925 752.946 173.978 6.358 0.084
54 3665 0 3665 928.131 752.946 175.185 6.241 0.083
55 3665 0 3665 928.941 752.946 175.995 6.127 0.081
56 3665 0 3665 929.616 752.946 176.670 6.018 0.080
57 3665 0 3665 930.079 752.946 177.133 5.912 0.079
58 3665 0 3665 930.539 752.946 177.593 5.810 0.077
59 3665 0 3665 930.808 752.946 177.862 5.712 0.076
60 3665 0 3665 931.016 752.946 178.070 5.617 0.075
61 3665 0 3665 939.580 862.517 77.063 5.150 0.053
62 3665 0 3665 946.609 862.517 84.092 4.717 0.051
63 3665 0 3665 955.422 867.245 88.177 4.267 0.049
64 3665 0 3665 965.230 867.357 97.873 3.800 0.047
65 3665 0 3665 971.887 867.357 104.530 3.367 0.046
66 3665 0 3665 982.038 867.357 114.682 2.750 0.043
67 3665 0 3665 988.676 867.357 121.319 2.233 0.041
68 3665 0 3665 997.601 867.357 130.244 1.400 0.038
69 3665 0 3665 1004.808 867.357 137.451 0.767 0.036
70 3665 0 3665 1011.829 867.433 144.396 0.317 0.033
71 3665 0 3665 1017.392 876.088 141.304 0.317 0.033
72 3665 0 3665 1021.377 876.088 145.289 0.317 0.033
73 3665 0 3665 1023.488 876.088 147.400 0.317 0.033
74 3665 0 3665 1024.929 879.745 145.185 0.317 0.033
75 3665 0 3665 1022.446 879.745 142.701 0.317 0.033
76 3665 0 3665 1018.197 879.745 138.452 0.317 0.033
77 3665 0 3665 1014.172 879.745 134.427 0.300 0.032
78 3665 0 3665 1009.345 879.745 129.600 0.300 0.032
79 3665 0 3665 1001.835 879.745 122.091 0.300 0.032
80 3665 0 3665 994.877 879.745 115.132 0.300 0.032
81 3665 0 3665 983.387 879.745 103.642 0.283 0.032
82 3665 0 3665 973.982 879.745 94.237 0.283 0.031
83 3665 0 3665 963.752 879.745 84.007 0.283 0.031
84 3665 0 3665 953.583 879.759 73.824 0.283 0.031
85 3665 0 3665 939.321 879.657 59.663 0.267 0.030
86 3665 0 3665 924.148 879.657 44.490 0.267 0.030
87 3665 0 3665 909.666 879.657 30.009 0.267 0.030
88 3624 0 3624 894.096 879.657 14.438 0.267 0.029
89 2989 0 2989 874.290 879.657 5.368 0.250 0.029
90 2179 0 2179 855.437 879.657 24.220 0.250 0.029
91 1515 0 1515 841.532 879.657 38.125 0.250 0.029
92 1515 0 1515 828.673 879.657 50.985 0.250 0.029
93 1515 0 1515 810.807 879.657 68.851 0.250 0.029
94 1515 0 1515 794.061 879.657 85.597 0.250 0.029
95 1515 0 1515 774.286 879.657 105.371 0.250 0.029
96 1515 0 1515 751.929 879.657 127.729 0.267 0.029
97 1515 0 1515 727.084 879.657 152.574 0.283 0.029
98 1515 0 1515 704.628 879.507 174.880 0.283 0.029
99 1515 0 1515 677.836 789.891 112.055 0.283 0.030
100 1515 0 1515 653.717 789.814 136.097 0.283 0.030
101 1515 0 1515 629.746 780.527 150.781 0.283 0.031
102 1515 0 1515 602.669 775.749 173.080 0.317 0.031
103 1515 0 1515 577.163 752.741 175.578 0.333 0.032
104 1515 0 1515 550.821 752.741 201.921 0.333 0.033
105 1515 0 1515 529.506 737.571 208.065 0.383 0.033
106 1515 0 1515 505.528 733.306 227.778 0.400 0.034
107 1515 0 1515 482.109 716.494 234.385 0.450 0.034
108 1515 0 1515 457.620 716.494 258.874 0.467 0.035
109 1515 0 1515 434.680 711.595 276.914 0.483 0.035
110 1273 0 1273 411.801 706.445 294.644 0.500 0.036
111 1220 0 1220 389.751 613.512 223.761 0.533 0.037
112 1211 0 1211 368.763 613.512 244.749 0.533 0.037
113 1211 0 1211 348.594 563.927 215.333 0.567 0.038
114 1208 0 1208 329.401 520.507 191.106 0.583 0.038
115 1208 0 1208 310.486 512.673 202.187 0.583 0.039
116 1208 0 1208 294.432 512.673 218.242 0.583 0.039
117 1208 0 1208 279.832 508.271 228.439 0.583 0.040
118 1208 0 1208 265.510 491.140 225.630 0.617 0.040
119 1208 0 1208 251.916 482.243 230.327 0.617 0.040
120 1208 0 1208 237.727 482.243 244.516 0.617 0.041
121 1208 0 1208 223.831 413.718 189.887 0.600 0.040
122 1208 0 1208 209.453 409.745 200.293 0.600 0.041
123 1064 0 1064 196.906 409.745 212.839 0.600 0.041
124 1048 0 1048 188.462 409.745 221.284 0.600 0.041
125 1040 0 1040 177.574 390.722 213.149 0.617 0.041
126 1040 0 1040 167.679 390.722 223.044 0.617 0.041
127 1018 0 1018 157.621 334.079 176.458 0.617 0.041
128 1018 0 1018 148.130 328.918 180.788 0.617 0.041
129 1018 0 1018 140.094 278.539 138.446 0.600 0.041
130 1018 0 1018 132.099 278.539 146.440 0.600 0.040
131 1018 0 1018 124.631 271.865 147.234 0.600 0.040
132 1018 0 1018 118.434 271.865 153.431 0.600 0.040
133 964 0 964 111.388 271.865 160.477 0.600 0.040
134 964 0 964 105.327 271.865 166.538 0.600 0.040
135 964 0 964 96.826 271.865 175.039 0.600 0.040
136 964 0 964 87.857 271.865 184.008 0.600 0.040
137 964 0 964 80.881 271.865 190.984 0.583 0.040
138 905 0 905 75.483 271.865 196.382 0.583 0.040
139 905 0 905 69.888 271.865 201.977 0.583 0.040
140 905 0 905 63.544 271.865 208.321 0.583 0.040
141 733 0 733 57.779 271.865 214.086 0.583 0.040
142 733 0 733 52.471 271.865 219.394 0.583 0.040
143 733 0 733 47.517 271.865 224.348 0.583 0.040
144 733 0 733 43.450 271.865 228.415 0.583 0.040
145 733 0 733 38.409 271.852 233.444 0.583 0.040
146 733 0 733 33.630 271.852 238.222 0.583 0.040
147 686 0 686 28.864 263.443 234.579 0.583 0.040
148 686 0 686 24.858 263.443 238.585 0.583 0.040
149 509 0 509 20.640 263.443 242.803 0.583 0.040
150 509 0 509 17.161 258.955 241.794 0.583 0.040
151 509 0 509 14.366 258.955 244.589 0.583 0.039
152 494 0 494 11.937 258.955 247.018 0.583 0.039
153 414 0 414 9.226 258.913 249.687 0.550 0.039
154 414 0 414 7.329 258.913 251.584 0.550 0.039
155 414 0 414 5.498 258.913 253.415 0.533 0.038
156 298 0 298 3.826 193.899 190.073 0.517 0.038
157 277 0 277 2.564 193.899 191.335 0.517 0.037
158 240 0 240 1.580 193.914 192.334 0.500 0.037
159 240 0 240 0.952 193.914 192.962 0.483 0.036
160 240 0 240 0.565 193.914 193.349 0.467 0.035
161 234 0 234 0.290 179.983 179.692 0.450 0.034
162 234 0 234 0.187 179.983 179.796 0.400 0.034
163 234 0 234 0.155 179.983 179.828 0.383 0.033
164 234 0 234 0.097 179.983 179.886 0.383 0.032
165 197 0 197 0.046 179.983 179.937 0.350 0.031
166 197 0 197 0.053 179.983 179.929 0.333 0.030
167 197 0 197 0.057 179.983 179.925 0.333 0.030
168 197 0 197 0.133 179.983 179.850 0.250 0.029
169 234 0 234 0.256 179.983 179.727 0.250 0.028
170 234 0 234 0.425 179.983 179.557 0.250 0.027
171 234 0 234 0.575 179.959 179.384 0.250 0.026
172 234 0 234 0.983 179.959 178.976 0.217 0.026
173 234 0 234 1.515 179.959 178.444 0.217 0.025
174 264 0 264 2.601 179.959 177.358 0.217 0.025
175 264 0 264 3.689 179.940 176.251 0.200 0.024
176 356 0 356 5.820 179.940 174.120 0.183 0.024
177 392 0 392 8.658 179.940 171.282 0.183 0.023
178 400 0 400 11.454 179.940 168.486 0.183 0.023
179 400 0 400 15.051 179.968 164.917 0.200 0.023
180 496 0 496 20.059 179.968 159.908 0.217 0.022
181 496 0 496 26.214 179.968 153.753 0.200 0.022
182 496 0 496 32.584 179.968 147.384 0.200 0.022
183 580 0 580 40.391 179.980 139.589 0.200 0.022
184 598 0 598 49.146 180.009 130.864 0.183 0.022
185 618 0 618 57.287 180.036 122.749 0.167 0.022
186 618 0 618 66.388 180.036 113.648 0.167 0.022
187 618 0 618 76.024 180.036 104.012 0.167 0.022
188 723 0 723 87.892 180.036 92.144 0.183 0.022
189 1188 0 1188 102.758 180.064 77.306 0.183 0.022
190 1221 0 1221 119.258 180.064 60.805 0.183 0.022
191 1364 0 1364 135.409 180.064 44.654 0.183 0.022
192 1364 0 1364 146.997 180.064 33.066 0.183 0.022
193 1364 0 1364 162.270 180.064 17.793 0.183 0.022
194 1364 0 1364 179.609 180.064 0.454 0.200 0.022
195 1364 0 1364 199.759 180.064 19.696 0.200 0.022
196 1364 0 1364 218.819 184.171 34.647 0.200 0.023
197 1397 0 1397 239.681 184.171 55.510 0.217 0.023
198 1397 0 1397 258.424 184.171 74.252 0.233 0.023
199 1631 0 1631 279.393 233.646 45.747 0.250 0.023
200 1719 0 1719 303.872 233.646 70.226 0.250 0.023
201 1854 0 1854 327.343 233.646 93.698 0.250 0.024
202 1854 0 1854 349.762 233.735 116.028 0.233 0.024
203 1854 0 1854 369.079 237.137 131.942 0.233 0.024
204 1854 0 1854 388.214 237.137 151.077 0.233 0.025
205 1854 0 1854 407.575 249.080 158.495 0.250 0.025
206 1854 0 1854 425.338 249.315 176.022 0.250 0.025
207 1854 0 1854 443.205 270.749 172.456 0.250 0.026
208 1854 0 1854 460.738 270.749 189.989 0.267 0.026
209 1854 0 1854 479.000 270.749 208.251 0.267 0.026
210 1854 0 1854 494.009 348.506 145.503 0.267 0.026
211 1854 0 1854 509.736 360.695 149.041 0.267 0.027
212 1854 0 1854 524.611 360.695 163.916 0.267 0.027
213 1854 0 1854 540.803 371.842 168.961 0.250 0.028
214 1854 0 1854 554.109 374.287 179.822 0.267 0.028
215 1854 0 1854 569.623 382.539 187.084 0.267 0.029
216 1854 0 1854 583.293 393.697 189.596 0.300 0.029
217 1854 0 1854 597.668 393.697 203.971 0.300 0.030
218 1854 0 1854 610.239 434.597 175.642 0.300 0.030
219 1854 0 1854 624.776 442.625 182.150 0.333 0.031
220 1854 0 1854 637.066 442.625 194.440 0.383 0.032
221 1854 0 1854 650.901 442.711 208.191 0.383 0.032
222 1854 0 1854 662.905 461.040 201.864 0.400 0.033
223 1854 0 1854 676.325 470.078 206.247 0.417 0.033
224 1854 0 1854 687.232 470.078 217.154 0.433 0.034
225 1854 0 1854 699.338 473.189 226.149 0.450 0.034
226 1854 0 1854 707.484 473.275 234.209 0.450 0.035
227 1854 0 1854 717.806 473.275 244.531 0.467 0.035
228 1854 0 1854 727.918 522.149 205.769 0.467 0.036
229 1854 0 1854 739.454 535.717 203.736 0.467 0.036
230 1854 0 1854 751.293 541.106 210.187 0.500 0.037
231 1854 0 1854 762.508 541.182 221.326 0.517 0.037
232 1854 0 1854 772.804 544.611 228.194 0.517 0.037
233 1854 0 1854 782.056 544.611 237.445 0.517 0.038
234 1854 0 1854 792.388 544.611 247.777 0.517 0.038
235 1854 0 1854 800.715 548.455 252.260 0.533 0.039
236 1854 0 1854 810.502 569.652 240.850 0.550 0.039
237 1854 0 1854 821.506 569.652 251.854 0.550 0.039
238 1854 0 1854 829.931 569.652 260.279 0.550 0.039
239 1854 0 1854 838.567 569.727 268.840 0.567 0.040
240 1854 0 1854 848.292 580.207 268.085 0.567 0.040
241 1854 0 1854 858.977 580.207 278.770 0.567 0.040
242 1854 0 1854 868.233 621.174 247.059 0.567 0.040
243 1854 0 1854 877.829 621.226 256.603 0.567 0.040
244 1854 0 1854 887.430 668.609 218.821 0.583 0.041
245 1854 0 1854 895.249 674.475 220.774 0.583 0.041
246 1854 0 1854 902.608 674.475 228.132 0.583 0.041
247 1854 0 1854 909.632 674.475 235.157 0.583 0.041
248 1854 0 1854 916.892 674.475 242.417 0.567 0.041
249 1854 0 1854 922.826 674.489 248.337 0.567 0.041
250 1854 0 1854 928.799 725.370 203.428 0.567 0.041
251 1854 0 1854 933.177 725.370 207.807 0.567 0.041
252 1854 0 1854 936.701 728.036 208.665 0.550 0.041
253 1854 0 1854 939.544 728.036 211.508 0.550 0.041
254 1854 0 1854 943.573 728.036 215.537 0.550 0.040
255 1854 0 1854 945.369 728.036 217.333 0.550 0.040
256 1854 0 1854 945.709 728.036 217.673 0.550 0.040
257 1854 0 1854 945.760 742.771 202.989 0.550 0.040
258 1854 0 1854 944.936 742.771 202.166 0.533 0.040
259 1854 0 1854 943.124 742.771 200.353 0.517 0.040
260 1854 0 1854 937.716 742.771 194.945 0.517 0.040
261 1632 0 1632 930.925 742.771 188.154 0.500 0.040
262 1632 0 1632 924.186 742.764 181.422 0.500 0.039
263 1535 0 1535 918.894 742.764 176.130 0.500 0.039
264 1535 0 1535 912.958 742.764 170.194 0.500 0.039
265 1535 0 1535 906.427 742.764 163.663 0.500 0.039
266 1535 0 1535 899.336 742.698 156.638 0.500 0.038
267 1535 0 1535 890.601 742.698 147.903 0.483 0.038
268 1427 0 1427 879.675 742.698 136.978 0.483 0.038
269 1427 0 1427 867.209 742.698 124.511 0.483 0.038
270 1427 0 1427 853.924 742.698 111.226 0.483 0.038
271 1427 0 1427 838.054 742.673 95.381 0.483 0.037
272 1427 0 1427 822.290 742.673 79.618 0.483 0.037
273 1427 0 1427 803.490 742.673 60.817 0.500 0.037
274 1427 0 1427 786.461 742.673 43.788 0.467 0.037
275 1427 0 1427 765.206 742.629 22.578 0.467 0.037
276 1427 0 1427 742.354 739.342 3.012 0.450 0.037
277 1427 0 1427 718.291 739.342 21.051 0.450 0.037
278 1427 0 1427 695.025 737.051 42.026 0.483 0.037
279 1427 0 1427 671.004 727.334 56.330 0.433 0.038
280 1427 0 1427 646.452 725.147 78.695 0.417 0.038
281 1365 0 1365 619.524 709.246 89.722 0.433 0.038
282 1365 0 1365 592.278 704.397 112.119 0.417 0.039
283 1365 0 1365 564.933 702.233 137.300 0.433 0.039
284 1316 0 1316 540.875 687.305 146.430 0.467 0.040
285 1316 0 1316 514.582 680.115 165.533 0.483 0.040
286 1316 0 1316 490.705 677.890 187.185 0.517 0.041
287 1316 0 1316 466.348 671.145 204.796 0.517 0.041
288 1316 0 1316 444.092 657.653 213.562 0.583 0.042
289 1309 0 1309 423.325 657.601 234.276 0.617 0.042
290 1257 0 1257 398.662 646.999 248.337 0.600 0.042
291 1257 0 1257 377.845 640.257 262.412 0.583 0.043
292 1257 0 1257 360.230 582.954 222.724 0.600 0.043
293 1251 0 1251 342.019 582.954 240.935 0.600 0.043
294 1251 0 1251 323.051 562.818 239.767 0.633 0.044
295 1251 0 1251 303.143 509.226 206.083 0.633 0.044
296 1251 0 1251 286.463 504.832 218.368 0.650 0.044
297 1213 0 1213 270.988 504.754 233.766 0.650 0.044
298 1213 0 1213 257.010 491.891 234.881 0.667 0.044
299 1181 0 1181 244.390 488.775 244.385 0.667 0.044
300 1181 0 1181 231.057 416.917 185.860 0.667 0.044
301 1181 0 1181 217.753 416.851 199.098 0.667 0.044
302 1181 0 1181 206.341 416.851 210.510 0.700 0.044
303 1181 0 1181 192.956 416.851 223.895 0.700 0.044
304 1181 0 1181 180.674 416.785 236.111 0.667 0.044
305 1181 0 1181 170.681 410.549 239.868 0.667 0.044
306 1181 0 1181 161.187 405.694 244.507 0.667 0.044
307 1027 0 1027 151.634 354.783 203.149 0.667 0.044
308 1027 0 1027 143.888 354.783 210.895 0.667 0.044
309 1027 0 1027 135.405 354.717 219.312 0.667 0.044
310 1027 0 1027 128.074 342.151 214.078 0.667 0.044
311 1027 0 1027 120.888 342.151 221.263 0.667 0.044
312 1027 0 1027 112.701 278.589 165.888 0.667 0.044
313 1027 0 1027 105.461 278.589 173.128 0.667 0.044
314 1027 0 1027 99.339 278.589 179.250 0.667 0.044
315 1027 0 1027 93.160 268.820 175.660 0.667 0.044
316 1018 0 1018 85.222 268.820 183.597 0.650 0.044
317 910 0 910 79.495 268.820 189.325 0.650 0.044
318 857 0 857 72.969 268.820 195.850 0.650 0.044
319 857 0 857 67.306 264.185 196.879 0.633 0.043
320 857 0 857 61.079 264.185 203.106 0.633 0.043
321 857 0 857 55.973 264.185 208.212 0.633 0.043
322 856 0 856 50.145 264.185 214.040 0.633 0.043
323 715 0 715 45.433 264.185 218.752 0.633 0.043
324 715 0 715 40.984 264.185 223.201 0.633 0.043
325 630 0 630 36.745 264.185 227.440 0.633 0.043
326 564 0 564 33.026 264.185 231.159 0.633 0.043
327 513 0 513 29.307 264.185 234.878 0.633 0.043
328 506 0 506 25.683 212.906 187.223 0.633 0.043
329 452 0 452 21.732 212.906 191.174 0.633 0.043
330 452 0 452 18.425 212.906 194.481 0.633 0.043
331 452 0 452 15.048 212.906 197.858 0.633 0.042
332 452 0 452 12.029 212.906 200.877 0.600 0.042
333 452 0 452 9.159 212.906 203.747 0.600 0.042
334 387 0 387 6.943 212.906 205.963 0.600 0.042
335 333 0 333 4.982 212.906 207.924 0.600 0.041
336 333 0 333 3.300 212.906 209.606 0.583 0.040
337 208 0 208 2.042 212.906 210.864 0.583 0.040
338 208 0 208 1.256 212.906 211.650 0.550 0.039
339 170 0 170 0.720 156.154 155.433 0.533 0.038
340 161 0 161 0.541 156.154 155.612 0.500 0.037
341 161 0 161 0.414 156.131 155.717 0.483 0.036
342 161 0 161 0.257 156.131 155.874 0.483 0.035
343 152 0 152 0.203 156.154 155.950 0.450 0.034
344 152 0 152 0.174 156.154 155.980 0.400 0.033
345 152 0 152 0.160 156.154 155.994 0.383 0.032
346 194 0 194 0.193 156.154 155.961 0.333 0.031
347 194 0 194 0.211 156.154 155.943 0.317 0.031
348 237 0 237 0.258 156.131 155.873 0.250 0.030
349 237 0 237 0.324 156.131 155.806 0.233 0.029
350 237 0 237 0.405 156.131 155.726 0.233 0.028
351 237 0 237 0.580 156.131 155.551 0.233 0.027
352 306 0 306 0.990 156.131 155.140 0.233 0.026
353 327 0 327 1.461 156.111 154.650 0.217 0.026
354 379 0 379 2.421 156.111 153.689 0.200 0.025
355 379 0 379 3.677 156.111 152.434 0.183 0.024
356 468 0 468 5.960 156.098 150.137 0.167 0.024
357 468 0 468 9.004 156.121 147.117 0.167 0.023
358 468 0 468 12.262 156.121 143.859 0.167 0.023
359 468 0 468 16.040 156.121 140.081 0.167 0.023
360 468 0 468 20.068 156.121 136.053 0.167 0.022
361 497 0 497 24.938 156.144 131.206 0.167 0.022
362 497 0 497 30.350 156.144 125.794 0.167 0.022
363 499 0 499 36.783 156.144 119.361 0.150 0.022
364 561 0 561 43.941 156.167 112.226 0.150 0.022
365 563 0 563 52.205 156.167 103.962 0.150 0.022
366 668 0 668 60.891 156.167 95.276 0.167 0.022
367 668 0 668 72.614 156.167 83.553 0.167 0.022
368 668 0 668 83.293 156.167 72.874 0.167 0.022
369 758 0 758 93.581 156.167 62.586 0.183 0.022
370 758 0 758 107.875 156.167 48.292 0.183 0.022
371 803 0 803 120.524 156.167 35.643 0.183 0.022
372 1003 0 1003 136.469 156.167 19.698 0.200 0.022
373 1003 0 1003 152.277 156.167 3.890 0.183 0.022
374 1003 0 1003 169.444 156.167 13.277 0.183 0.022
375 1241 0 1241 187.116 156.167 30.949 0.183 0.022
376 1241 0 1241 204.344 156.241 48.102 0.183 0.023
377 1241 0 1241 222.458 156.241 66.217 0.200 0.023
378 1617 0 1617 244.783 156.326 88.457 0.200 0.023
379 2229 0 2229 267.236 156.326 110.910 0.217 0.023
380 2667 0 2667 297.117 156.326 140.792 0.217 0.023
381 2790 0 2790 326.853 161.510 165.343 0.250 0.024
382 2986 0 2986 357.356 206.290 151.066 0.250 0.024
383 3004 0 3004 389.604 214.164 175.440 0.233 0.024
384 3004 0 3004 416.581 279.027 137.554 0.250 0.024
385 3004 0 3004 445.268 325.478 119.790 0.267 0.025
386 3004 0 3004 467.175 325.478 141.696 0.267 0.025
387 3004 0 3004 493.010 325.478 167.531 0.267 0.025
388 3004 0 3004 517.233 399.787 117.445 0.300 0.026
389 3004 0 3004 535.545 399.787 135.758 0.300 0.026
390 3004 0 3004 551.924 415.028 136.896 0.283 0.027
391 3004 0 3004 566.650 415.028 151.621 0.283 0.027
392 3004 0 3004 581.128 415.028 166.099 0.283 0.028
393 3004 0 3004 596.669 415.028 181.640 0.283 0.028
394 3004 0 3004 609.906 425.077 184.829 0.300 0.029
395 3004 0 3004 623.578 435.898 187.680 0.300 0.029
396 3004 0 3004 636.559 445.709 190.850 0.300 0.029
397 3004 0 3004 649.296 445.709 203.587 0.317 0.030
398 3004 0 3004 661.876 445.709 216.167 0.317 0.030
399 3004 0 3004 674.499 461.842 212.656 0.317 0.031
400 3004 0 3004 687.062 461.842 225.220 0.350 0.032
401 3004 0 3004 698.266 472.579 225.687 0.367 0.032
402 3004 0 3004 709.666 472.579 237.087 0.367 0.033
403 3004 0 3004 720.756 476.420 244.336 0.383 0.033
404 3004 0 3004 733.263 476.420 256.843 0.383 0.034
405 3004 0 3004 744.174 476.505 267.669 0.400 0.034
406 3004 0 3004 756.668 519.073 237.595 0.417 0.035
407 3004 0 3004 768.406 537.290 231.117 0.417 0.035
408 3004 0 3004 780.850 540.751 240.100 0.417 0.036
409 3004 0 3004 791.643 587.653 203.991 0.417 0.036
410 3004 0 3004 803.150 590.976 212.174 0.417 0.037
411 3004 0 3004 813.584 603.168 210.416 0.450 0.037
412 3004 0 3004 823.075 603.168 219.907 0.450 0.038
413 3004 0 3004 832.029 603.327 228.702 0.450 0.038
414 3004 0 3004 842.336 614.058 228.278 0.450 0.039
415 3004 0 3004 851.815 614.058 237.757 0.467 0.039
416 3004 0 3004 863.228 614.138 249.090 0.483 0.039
417 3004 0 3004 874.541 624.328 250.214 0.483 0.040
418 3004 0 3004 884.591 624.328 260.264 0.500 0.040
419 3004 0 3004 894.817 624.328 270.489 0.500 0.040
420 3004 0 3004 903.394 639.122 264.272 0.500 0.040
421 3004 0 3004 912.106 639.122 272.984 0.500 0.041
422 3004 0 3004 920.782 692.958 227.824 0.500 0.041
423 3004 0 3004 928.847 692.958 235.889 0.517 0.041
424 3004 0 3004 936.719 692.958 243.761 0.500 0.041
425 3004 0 3004 945.164 692.958 252.206 0.500 0.041
426 3004 0 3004 951.956 692.958 258.998 0.517 0.041
427 3004 0 3004 961.042 738.880 222.162 0.517 0.041
428 3004 0 3004 968.499 742.134 226.365 0.483 0.041
429 3004 0 3004 973.448 742.134 231.314 0.483 0.041
430 3004 0 3004 980.431 742.134 238.297 0.483 0.041
431 3004 0 3004 986.241 833.519 152.722 0.483 0.041
432 3004 0 3004 992.111 845.863 146.248 0.483 0.041
433 3004 0 3004 998.220 845.863 152.357 0.483 0.041
434 3004 0 3004 1002.786 903.007 99.778 0.483 0.041
435 3004 0 3004 1006.191 905.520 100.670 0.483 0.041
436 3004 0 3004 1009.052 905.555 103.496 0.483 0.041
437 3004 0 3004 1011.854 905.555 106.299 0.483 0.041
438 3004 0 3004 1010.990 905.581 105.409 0.483 0.041
439 3004 0 3004 1006.930 905.581 101.349 0.483 0.040
440 3004 0 3004 998.259 905.581 92.678 0.483 0.040
441 3004 0 3004 989.023 905.581 83.442 0.483 0.040
442 3004 0 3004 975.754 905.581 70.173 0.500 0.040
443 2979 0 2979 959.085 905.581 53.504 0.500 0.040
444 2979 0 2979 945.090 905.581 39.510 0.500 0.039
445 2803 0 2803 929.054 905.581 23.473 0.500 0.039
446 2803 0 2803 915.811 905.581 10.230 0.500 0.039
447 2469 0 2469 899.097 905.581 6.484 0.500 0.038
448 1915 0 1915 879.707 905.581 25.874 0.500 0.038
449 1671 0 1671 865.310 905.581 40.271 0.483 0.038
450 1671 0 1671 851.484 905.581 54.097 0.467 0.038
451 1671 0 1671 840.032 905.581 65.549 0.483 0.037
452 1671 0 1671 824.171 905.581 81.410 0.467 0.037
453 1671 0 1671 806.337 903.316 96.979 0.500 0.037
454 1671 0 1671 786.848 903.316 116.468 0.500 0.037
455 1671 0 1671 765.521 846.679 81.158 0.517 0.037
456 1671 0 1671 742.249 846.679 104.431 0.517 0.037
457 1671 0 1671 721.667 844.576 122.908 0.517 0.037
458 1671 0 1671 699.840 798.852 99.012 0.550 0.037
459 1328 0 1328 674.889 774.081 99.192 0.550 0.038
460 1328 0 1328 649.981 771.832 121.851 0.567 0.038
461 1328 0 1328 622.938 771.832 148.894 0.600 0.038
462 1328 0 1328 596.891 762.747 165.856 0.600 0.039
463 1328 0 1328 572.674 762.747 190.074 0.600 0.039
464 1301 0 1301 550.534 748.538 198.004 0.583 0.039
465 1301 0 1301 527.122 739.983 212.861 0.583 0.039
466 1301 0 1301 502.934 737.320 234.386 0.583 0.040
467 1301 0 1301 478.348 724.583 246.235 0.583 0.040
468 1301 0 1301 452.999 686.286 233.287 0.600 0.040
469 1301 0 1301 429.108 683.405 254.297 0.600 0.041
470 1301 0 1301 407.108 644.589 237.482 0.633 0.041
471 1301 0 1301 386.469 631.818 245.349 0.633 0.041
472 1301 0 1301 366.235 617.492 251.257 0.633 0.042
473 1301 0 1301 347.522 617.317 269.795 0.633 0.042
474 1301 0 1301 329.406 617.317 287.911 0.633 0.042
475 1301 0 1301 312.374 546.587 234.213 0.633 0.042
476 1301 0 1301 295.735 540.421 244.686 0.650 0.042
477 1301 0 1301 279.782 540.421 260.639 0.633 0.043
478 1301 0 1301 265.773 475.116 209.343 0.633 0.043
479 1301 0 1301 249.646 468.735 219.089 0.617 0.043
480 1301 0 1301 236.432 455.058 218.626 0.633 0.043
481 1301 0 1301 224.222 454.985 230.763 0.633 0.043
482 1301 0 1301 212.213 454.985 242.772 0.633 0.043
483 1301 0 1301 199.890 454.985 255.095 0.633 0.043
484 1301 0 1301 189.918 353.541 163.623 0.633 0.043
485 1301 0 1301 179.677 342.261 162.583 0.633 0.043
486 1301 0 1301 170.214 342.261 172.046 0.633 0.043
487 1301 0 1301 160.658 342.206 181.548 0.633 0.043
488 1301 0 1301 151.209 342.206 190.997 0.633 0.043
489 1301 0 1301 142.349 342.206 199.857 0.633 0.043
490 1301 0 1301 132.367 285.331 152.964 0.617 0.043
491 1301 0 1301 127.290 285.331 158.041 0.617 0.042
492 1301 0 1301 120.520 285.331 164.810 0.600 0.042
493 949 0 949 112.638 285.331 172.693 0.600 0.042
494 949 0 949 105.430 285.331 179.901 0.600 0.042
495 949 0 949 99.148 285.331 186.183 0.600 0.042
496 949 0 949 92.405 285.331 192.926 0.600 0.042
497 942 0 942 85.365 285.331 199.966 0.600 0.042
498 942 0 942 78.312 285.331 207.019 0.600 0.042
499 942 0 942 72.389 285.331 212.942 0.600 0.042
500 942 0 942 67.989 285.331 217.342 0.583 0.042
501 942 0 942 62.939 285.331 222.392 0.567 0.042
502 942 0 942 57.218 237.906 180.688 0.550 0.042
503 942 0 942 51.629 237.906 186.277 0.550 0.042
504 813 0 813 45.936 237.906 191.970 0.550 0.042
505 631 0 631 41.288 221.971 180.683 0.550 0.042
506 585 0 585 37.310 221.971 184.661 0.550 0.042
507 585 0 585 32.735 172.135 139.400 0.550 0.042
508 552 0 552 28.221 172.135 143.914 0.550 0.041
509 552 0 552 24.304 168.564 144.259 0.533 0.041
510 552 0 552 20.638 168.564 147.926 0.517 0.041
511 552 0 552 18.144 168.564 150.419 0.517 0.041
512 552 0 552 15.067 168.564 153.497 0.500 0.041
513 552 0 552 12.289 168.564 156.274 0.483 0.040
514 552 0 552 9.668 168.564 158.896 0.483 0.040
515 552 0 552 7.495 168.564 161.069 0.483 0.039
516 552 0 552 5.665 161.169 155.504 0.483 0.039
517 552 0 552 4.493 161.169 156.676 0.450 0.039
518 552 0 552 3.808 161.169 157.361 0.433 0.038
519 552 0 552 3.378 161.169 157.791 0.417 0.037
520 552 0 552 3.013 161.169 158.156 0.417 0.036
521 552 0 552 2.780 161.169 158.389 0.383 0.035
522 552 0 552 2.701 161.169 158.468 0.367 0.034
523 552 0 552 2.613 161.169 158.556 0.333 0.033
524 552 0 552 2.596 161.169 158.573 0.300 0.033
525 552 0 552 2.580 161.169 158.589 0.267 0.032
526 552 0 552 2.657 161.169 158.513 0.267 0.031
527 552 0 552 2.715 161.169 158.454 0.250 0.030
528 552 0 552 2.762 161.169 158.407 0.217 0.029
529 552 0 552 2.843 161.169 158.326 0.217 0.028
530 552 0 552 2.999 161.169 158.170 0.217 0.027
531 552 0 552 3.225 161.169 157.944 0.200 0.027
532 552 0 552 3.689 161.145 157.456 0.200 0.026
533 552 0 552 4.339 161.169 156.830 0.200 0.025
534 552 0 552 5.351 161.169 155.818 0.183 0.025
535 552 0 552 6.703 161.193 154.490 0.183 0.024
536 552 0 552 9.019 161.193 152.174 0.183 0.024
537 552 0 552 11.578 161.193 149.615 0.183 0.023
538 552 0 552 14.701 161.223 146.522 0.167 0.023
539 552 0 552 18.701 161.223 142.522 0.150 0.023
540 552 0 552 23.643 161.223 137.580 0.150 0.022
541 552 0 552 29.475 161.248 131.772 0.150 0.022
542 552 0 552 35.805 161.248 125.443 0.150 0.022
543 552 0 552 42.173 161.248 119.075 0.167 0.022
544 552 0 552 50.502 161.248 110.746 0.167 0.022
545 586 0 586 59.463 161.248 101.785 0.150 0.022
546 647 0 647 70.176 161.248 91.072 0.150 0.022
547 647 0 647 78.748 161.272 82.524 0.150 0.022
548 748 0 748 90.595 161.272 70.677 0.150 0.022
549 748 0 748 101.146 161.272 60.126 0.167 0.022
550 926 0 926 114.567 161.272 46.705 0.167 0.022
551 956 0 956 126.887 161.272 34.385 0.200 0.022
552 1013 0 1013 139.735 161.272 21.537 0.200 0.022
553 1046 0 1046 157.567 161.272 3.705 0.200 0.022
554 1046 0 1046 173.782 161.272 12.510 0.200 0.022
555 1377 0 1377 187.117 161.272 25.845 0.200 0.022
556 1452 0 1452 205.433 161.272 44.161 0.200 0.023
557 1711 0 1711 224.885 161.272 63.613 0.183 0.023
558 1889 0 1889 245.135 161.272 83.863 0.183 0.023
559 2169 0 2169 268.189 161.272 106.917 0.183 0.023
560 2332 0 2332 290.590 164.924 125.665 0.217 0.023
561 2358 0 2358 313.163 171.470 141.693 0.233 0.024
562 2576 0 2576 340.191 221.922 118.269 0.250 0.024
563 2582 0 2582 364.522 221.922 142.600 0.267 0.024
564 2582 0 2582 391.282 221.922 169.359 0.283 0.025
565 2582 0 2582 412.672 297.886 114.786 0.283 0.025
566 2582 0 2582 435.564 297.886 137.678 0.283 0.025
567 2582 0 2582 454.962 300.560 154.402 0.317 0.026
568 2582 0 2582 470.065 300.560 169.505 0.317 0.026
569 2582 0 2582 486.196 300.560 185.636 0.350 0.026
570 2582 0 2582 501.804 300.560 201.244 0.383 0.026
571 2582 0 2582 518.753 311.083 207.670 0.383 0.027
572 2582 0 2582 536.232 327.665 208.567 0.383 0.027
573 2582 0 2582 550.597 327.665 222.931 0.383 0.028
574 2582 0 2582 564.460 330.360 234.100 0.383 0.028
575 2582 0 2582 578.208 333.707 244.501 0.433 0.029
576 2582 0 2582 593.379 339.430 253.949 0.433 0.029
577 2582 0 2582 607.619 339.430 268.189 0.433 0.030
578 2582 0 2582 621.463 365.870 255.593 0.450 0.030
579 2582 0 2582 634.786 365.870 268.916 0.467 0.031
580 2582 0 2582 647.341 408.806 238.536 0.467 0.031
581 2582 0 2582 659.652 408.806 250.846 0.467 0.032
582 2582 0 2582 671.215 461.975 209.240 0.483 0.033
583 2582 0 2582 682.080 468.933 213.147 0.483 0.033
584 2582 0 2582 693.416 468.933 224.483 0.500 0.034
585 2582 0 2582 705.353 490.052 215.300 0.500 0.034
586 2582 0 2582 716.498 498.382 218.116 0.517 0.035
587 2582 0 2582 729.036 498.382 230.654 0.517 0.035
588 2582 0 2582 740.924 498.382 242.542 0.533 0.036
589 2582 0 2582 752.759 498.382 254.377 0.533 0.036
590 2582 0 2582 764.198 560.462 203.737 0.550 0.037
591 2582 0 2582 774.522 560.462 214.061 0.550 0.037
592 2582 0 2582 785.701 560.544 225.157 0.550 0.037
593 2582 0 2582 796.333 560.544 235.790 0.567 0.038
594 2582 0 2582 806.349 560.544 245.805 0.567 0.038
595 2582 0 2582 815.850 560.544 255.307 0.567 0.038
596 2582 0 2582 827.262 560.544 266.718 0.567 0.039
597 2582 0 2582 836.450 569.145 267.305 0.583 0.039
598 2582 0 2582 846.275 574.512 271.763 0.583 0.039
599 2582 0 2582 855.496 574.512 280.984 0.583 0.039
600 2582 0 2582 865.724 574.512 291.212 0.583 0.040
601 2582 0 2582 876.053 574.512 301.541 0.583 0.040
602 2582 0 2582 885.489 579.031 306.458 0.583 0.040
603 2582 0 2582 893.559 579.031 314.527 0.583 0.040
604 2582 0 2582 902.891 594.650 308.241 0.583 0.040
605 2582 0 2582 911.103 641.927 269.176 0.583 0.040
606 2582 0 2582 920.201 641.927 278.274 0.583 0.040
607 2582 0 2582 926.423 710.076 216.346 0.583 0.040
608 2582 0 2582 933.029 717.841 215.188 0.583 0.040
609 2582 0 2582 938.950 717.841 221.109 0.583 0.040
610 2582 0 2582 944.416 717.841 226.574 0.583 0.040
611 2582 0 2582 949.597 791.734 157.863 0.567 0.040
612 2582 0 2582 954.433 791.734 162.699 0.567 0.040
613 2582 0 2582 960.308 799.160 161.148 0.550 0.040
614 2582 0 2582 963.471 799.160 164.311 0.550 0.040
615 2582 0 2582 964.355 812.054 152.301 0.550 0.040
616 2582 0 2582 966.075 812.054 154.021 0.550 0.040
617 2582 0 2582 964.735 812.054 152.681 0.550 0.040
618 2582 0 2582 964.834 812.054 152.780 0.550 0.040
619 2582 0 2582 961.958 812.054 149.904 0.550 0.039
620 2582 0 2582 956.919 812.067 144.852 0.567 0.039
621 2582 0 2582 951.213 812.067 139.145 0.567 0.039
622 2582 0 2582 943.038 815.310 127.728 0.550 0.039
623 2475 0 2475 934.011 815.310 118.701 0.550 0.038
624 2419 0 2419 921.483 815.310 106.173 0.550 0.038
625 2255 0 2255 911.933 815.310 96.623 0.550 0.038
626 1506 0 1506 899.724 815.310 84.414 0.533 0.038
627 1415 0 1415 888.228 815.310 72.918 0.517 0.037
628 1415 0 1415 879.307 815.310 63.997 0.517 0.037
629 1415 0 1415 870.152 815.310 54.842 0.500 0.037
630 1415 0 1415 858.663 815.310 43.353 0.483 0.037
631 1415 0 1415 842.151 815.293 26.858 0.467 0.036
632 1408 0 1408 826.932 815.293 11.638 0.450 0.036
633 1408 0 1408 809.247 815.293 6.046 0.433 0.036
634 1408 0 1408 790.926 815.293 24.367 0.433 0.036
635 1408 0 1408 769.037 815.264 46.227 0.417 0.036
636 1408 0 1408 745.757 811.699 65.942 0.417 0.036
637 1408 0 1408 723.890 811.699 87.809 0.417 0.036
638 1408 0 1408 699.007 808.544 109.537 0.433 0.036
639 1408 0 1408 673.670 797.787 124.117 0.433 0.036
640 1408 0 1408 650.672 797.787 147.115 0.433 0.037
641 1408 0 1408 623.913 775.167 151.253 0.433 0.037
642 1408 0 1408 597.441 775.054 177.614 0.433 0.037
643 1408 0 1408 576.160 772.509 196.349 0.433 0.038
644 1408 0 1408 553.597 769.970 216.373 0.433 0.038
645 1408 0 1408 527.013 749.689 222.676 0.450 0.039
646 1361 0 1361 499.851 747.226 247.374 0.483 0.039
647 1361 0 1361 473.838 733.946 260.108 0.483 0.039
648 1329 0 1329 450.128 730.677 280.549 0.483 0.040
649 1329 0 1329 428.890 726.140 297.250 0.483 0.040
650 1329 0 1329 405.412 678.845 273.433 0.467 0.041
651 1281 0 1281 384.698 621.956 237.257 0.467 0.041
652 1281 0 1281 364.549 618.960 254.411 0.500 0.041
653 1281 0 1281 343.818 618.960 275.141 0.483 0.042
654 1281 0 1281 326.086 532.414 206.327 0.517 0.042
655 1281 0 1281 310.605 468.825 158.220 0.533 0.042
656 1281 0 1281 293.659 468.825 175.166 0.517 0.043
657 1281 0 1281 278.555 458.446 179.891 0.533 0.043
658 1281 0 1281 263.655 458.446 194.791 0.550 0.043
659 1192 0 1192 250.116 455.178 205.061 0.550 0.043
660 1192 0 1192 234.591 450.088 215.497 0.533 0.043
661 1192 0 1192 221.071 450.088 229.017 0.550 0.043
662 1192 0 1192 210.337 431.943 221.607 0.567 0.043
663 1159 0 1159 198.637 431.943 233.307 0.567 0.043
664 1121 0 1121 187.792 431.943 244.151 0.567 0.043
665 1121 0 1121 178.520 431.943 253.423 0.567 0.043
666 1121 0 1121 169.001 431.943 262.942 0.583 0.043
667 1119 0 1119 158.632 431.943 273.311 0.583 0.043
668 1119 0 1119 149.469 356.087 206.619 0.583 0.043
669 1119 0 1119 140.890 356.087 215.198 0.567 0.043
670 1119 0 1119 131.295 319.127 187.832 0.567 0.043
671 962 0 962 122.644 319.127 196.483 0.567 0.043
672 859 0 859 115.548 319.127 203.578 0.567 0.043
673 836 0 836 109.314 265.107 155.793 0.567 0.043
674 836 0 836 100.909 265.107 164.199 0.567 0.043
675 836 0 836 94.522 265.107 170.585 0.567 0.043
676 836 0 836 87.571 265.107 177.536 0.550 0.043
677 781 0 781 81.562 252.199 170.637 0.550 0.043
678 729 0 729 75.592 252.199 176.607 0.550 0.043
679 726 0 726 69.612 252.199 182.587 0.550 0.043
680 703 0 703 63.224 252.199 188.975 0.550 0.043
681 703 0 703 58.152 246.868 188.716 0.550 0.043
682 665 0 665 52.591 246.828 194.236 0.550 0.043
683 656 0 656 48.013 246.828 198.814 0.567 0.043
684 656 0 656 43.283 246.828 203.544 0.567 0.042
685 656 0 656 38.746 246.828 208.082 0.567 0.042
686 656 0 656 34.305 246.828 212.522 0.567 0.042
687 656 0 656 29.499 246.828 217.329 0.567 0.042
688 484 0 484 25.994 246.828 220.834 0.567 0.042
689 484 0 484 22.963 246.828 223.865 0.567 0.042
690 484 0 484 19.687 246.828 227.141 0.567 0.042
691 484 0 484 15.821 204.110 188.289 0.567 0.042
692 366 0 366 12.953 204.110 191.157 0.567 0.042
693 364 0 364 10.207 204.110 193.903 0.567 0.041
694 306 0 306 7.852 204.110 196.257 0.567 0.041
695 302 0 302 5.557 204.110 198.553 0.550 0.041
696 298 0 298 3.770 191.142 187.372 0.550 0.040
697 298 0 298 2.638 191.142 188.504 0.550 0.039
698 298 0 298 1.560 191.142 189.582 0.533 0.039
699 298 0 298 0.996 191.142 190.146 0.500 0.038
700 225 0 225 0.685 191.142 190.457 0.500 0.037
701 225 0 225 0.525 185.795 185.270 0.483 0.036
702 225 0 225 0.401 185.824 185.424 0.467 0.035
703 225 0 225 0.355 185.824 185.469 0.433 0.035
704 225 0 225 0.289 185.824 185.535 0.417 0.034
705 225 0 225 0.289 139.902 139.613 0.383 0.032
706 225 0 225 0.293 139.924 139.631 0.350 0.032
707 225 0 225 0.288 139.924 139.635 0.333 0.030
708 225 0 225 0.315 139.945 139.630 0.317 0.030
709 225 0 225 0.320 139.945 139.624 0.283 0.029
710 225 0 225 0.380 139.945 139.565 0.283 0.028
711 225 0 225 0.547 139.945 139.398 0.267 0.027
712 225 0 225 0.877 139.945 139.068 0.250 0.026
713 225 0 225 1.465 139.945 138.480 0.233 0.026
714 255 0 255 2.489 139.945 137.456 0.233 0.025
715 364 0 364 4.075 139.945 135.869 0.200 0.025
716 365 0 365 6.187 139.945 133.757 0.183 0.024
717 365 0 365 8.890 139.945 131.055 0.167 0.024
718 365 0 365 11.473 139.945 128.472 0.167 0.023
719 522 0 522 15.694 139.945 124.250 0.167 0.023
720 522 0 522 18.899 139.966 121.067 0.150 0.022
721 522 0 522 24.336 139.966 115.630 0.150 0.022
722 522 0 522 30.517 139.966 109.449 0.167 0.022
723 617 0 617 37.462 139.990 102.528 0.167 0.022
724 617 0 617 44.796 139.990 95.194 0.167 0.022
725 617 0 617 53.279 139.990 86.711 0.183 0.022
726 716 0 716 64.092 139.990 75.899 0.183 0.022
727 716 0 716 73.298 139.990 66.692 0.200 0.022
728 841 0 841 83.574 139.990 56.416 0.217 0.022
729 1038 0 1038 96.676 139.990 43.314 0.217 0.022
730 1038 0 1038 110.037 139.990 29.953 0.233 0.022
731 1038 0 1038 123.602 139.990 16.389 0.217 0.022
732 1038 0 1038 136.265 139.990 3.725 0.217 0.022
733 1180 0 1180 151.473 139.990 11.483 0.217 0.023
734 1559 0 1559 168.077 139.990 28.087 0.200 0.023
735 1628 0 1628 189.414 144.813 44.601 0.200 0.023
736 1628 0 1628 210.142 144.813 65.329 0.200 0.023
737 1638 0 1638 229.524 144.813 84.711 0.200 0.023
738 1638 0 1638 252.491 144.813 107.678 0.200 0.023
739 1638 0 1638 272.518 144.813 127.705 0.217 0.023
740 1670 0 1670 293.225 144.813 148.412 0.217 0.024
741 1670 0 1670 316.382 144.813 171.569 0.217 0.024
742 1670 0 1670 338.867 144.927 193.940 0.233 0.024
743 1670 0 1670 358.252 148.271 209.981 0.233 0.024
744 1958 0 1958 378.611 191.188 187.423 0.250 0.025
745 2323 0 2323 402.162 191.188 210.974 0.267 0.025
746 2776 0 2776 423.518 270.030 153.488 0.267 0.025
747 2791 0 2791 449.463 270.030 179.433 0.283 0.026
748 3025 0 3025 472.941 288.049 184.892 0.300 0.026
749 3025 0 3025 494.588 288.049 206.539 0.300 0.027
750 3025 0 3025 511.296 290.730 220.565 0.300 0.027
751 3025 0 3025 527.651 295.752 231.899 0.300 0.027
752 3025 0 3025 541.596 373.329 168.267 0.300 0.028
753 3025 0 3025 556.230 373.329 182.901 0.317 0.028
754 3025 0 3025 572.471 379.196 193.275 0.350 0.029
755 3025 0 3025 585.710 382.233 203.477 0.367 0.029
756 3025 0 3025 597.976 382.233 215.743 0.367 0.030
757 3025 0 3025 612.268 385.751 226.517 0.383 0.030
758 3025 0 3025 624.486 399.641 224.845 0.383 0.031
759 3025 0 3025 636.691 399.734 236.957 0.383 0.031
760 3025 0 3025 649.095 411.698 237.397 0.400 0.032
761 3025 0 3025 661.435 411.698 249.737 0.400 0.032
762 3025 0 3025 672.669 411.698 260.970 0.433 0.033
763 3025 0 3025 685.928 429.259 256.669 0.433 0.033
764 3025 0 3025 699.542 484.376 215.166 0.433 0.034
765 3025 0 3025 711.462 488.012 223.450 0.450 0.035
766 3025 0 3025 723.178 488.100 235.078 0.483 0.035
767 3025 0 3025 736.534 494.506 242.028 0.483 0.036
768 3025 0 3025 746.988 494.599 252.389 0.483 0.036
769 3025 0 3025 757.201 494.687 262.514 0.483 0.037
770 3025 0 3025 769.505 494.687 274.818 0.483 0.037
771 3025 0 3025 782.153 555.841 226.313 0.483 0.038
772 3025 0 3025 792.225 555.841 236.384 0.500 0.038
773 3025 0 3025 802.477 605.072 197.405 0.500 0.039
774 3025 0 3025 813.284 605.072 208.211 0.500 0.039
775 3025 0 3025 823.768 615.429 208.338 0.500 0.040
776 3025 0 3025 834.223 622.630 211.593 0.500 0.040
777 3025 0 3025 845.360 622.630 222.731 0.517 0.040
778 3025 0 3025 853.404 664.307 189.097 0.517 0.040
779 3025 0 3025 863.849 664.307 199.542 0.517 0.041
780 3025 0 3025 870.930 664.307 206.622 0.517 0.041
781 3025 0 3025 880.530 680.544 199.986 0.517 0.041
782 3025 0 3025 889.893 680.544 209.349 0.517 0.041
783 3025 0 3025 898.801 680.599 218.202 0.517 0.041
784 3025 0 3025 906.799 680.599 226.200 0.517 0.041
785 3025 0 3025 914.970 683.255 231.714 0.517 0.041
786 3025 0 3025 924.688 743.768 180.920 0.517 0.042
787 3025 0 3025 931.857 743.768 188.089 0.517 0.042
788 3025 0 3025 937.888 743.768 194.121 0.517 0.042
789 3025 0 3025 945.150 743.768 201.382 0.517 0.042
790 3025 0 3025 952.257 749.242 203.015 0.517 0.042
791 3025 0 3025 958.502 749.242 209.260 0.517 0.042
792 3025 0 3025 962.723 749.242 213.481 0.500 0.041
793 3025 0 3025 965.956 749.242 216.714 0.500 0.041
794 3025 0 3025 968.213 751.990 216.224 0.500 0.041
795 3025 0 3025 969.754 751.990 217.765 0.500 0.041
796 3025 0 3025 969.164 751.990 217.174 0.500 0.041
797 3025 0 3025 969.665 764.588 205.077 0.500 0.041
798 3025 0 3025 968.036 764.588 203.448 0.500 0.041
799 3025 0 3025 965.032 764.588 200.444 0.500 0.041
800 3025 0 3025 961.614 764.588 197.027 0.500 0.041
801 3025 0 3025 956.983 764.588 192.395 0.483 0.040
802 3025 0 3025 951.347 764.591 186.756 0.483 0.040
803 3025 0 3025 946.358 764.591 181.767 0.467 0.040
804 3025 0 3025 938.601 764.591 174.010 0.467 0.040
805 3025 0 3025 925.329 764.591 160.738 0.450 0.039
806 3025 0 3025 915.175 764.591 150.584 0.450 0.039
807 3025 0 3025 896.274 764.591 131.684 0.450 0.039
808 2468 0 2468 880.579 764.591 115.988 0.450 0.039
809 1382 0 1382 863.811 764.591 99.220 0.450 0.038
810 1382 0 1382 849.896 764.591 85.305 0.417 0.038
811 1382 0 1382 835.785 764.591 71.194 0.400 0.038
812 1382 0 1382 820.339 764.591 55.748 0.400 0.038
813 1382 0 1382 802.840 764.591 38.249 0.400 0.037
814 1382 0 1382 783.611 764.591 19.020 0.400 0.037
815 1382 0 1382 764.385 764.591 0.206 0.400 0.037
816 1382 0 1382 743.810 761.898 18.087 0.417 0.037
817 1382 0 1382 722.344 753.608 31.263 0.417 0.037
818 1382 0 1382 697.872 750.997 53.125 0.417 0.038
819 1382 0 1382 674.757 750.964 76.207 0.417 0.038
820 1382 0 1382 650.341 729.598 79.258 0.417 0.038
821 1382 0 1382 622.294 725.893 103.599 0.433 0.039
822 1382 0 1382 599.649 711.036 111.387 0.433 0.039
823 1382 0 1382 573.020 708.632 135.612 0.450 0.039
824 1350 0 1350 546.941 706.815 159.874 0.483 0.040
825 1350 0 1350 523.163 692.278 169.115 0.483 0.040
826 1350 0 1350 497.072 689.962 192.890 0.517 0.041
827 1350 0 1350 470.827 687.567 216.739 0.533 0.041
828 1350 0 1350 449.459 670.940 221.480 0.533 0.041
829 1350 0 1350 425.053 668.829 243.775 0.533 0.042
830 1350 0 1350 404.938 659.301 254.362 0.533 0.042
831 1350 0 1350 384.611 651.568 266.956 0.533 0.042
832 1350 0 1350 366.962 593.603 226.642 0.517 0.042
833 1350 0 1350 343.815 593.510 249.695 0.533 0.043
834 1350 0 1350 322.492 577.060 254.568 0.550 0.043
835 1350 0 1350 305.703 568.021 262.318 0.517 0.043
836 1257 0 1257 286.565 484.134 197.569 0.517 0.043
837 1257 0 1257 268.503 484.134 215.631 0.517 0.044
838 1257 0 1257 253.407 430.060 176.653 0.517 0.044
839 1257 0 1257 240.324 408.743 168.418 0.517 0.044
840 1148 0 1148 226.584 408.743 182.159 0.533 0.044
841 1148 0 1148 214.286 408.743 194.457 0.533 0.044
842 1148 0 1148 202.986 408.743 205.757 0.517 0.044
843 1148 0 1148 190.897 408.743 217.846 0.533 0.044
844 1064 0 1064 180.922 408.743 227.821 0.533 0.044
845 1014 0 1014 171.595 408.673 237.078 0.517 0.044
846 998 0 998 162.263 408.673 246.410 0.517 0.043
847 998 0 998 152.745 408.673 255.928 0.517 0.043
848 981 0 981 143.750 396.659 252.909 0.517 0.043
849 919 0 919 135.669 327.840 192.171 0.517 0.043
850 919 0 919 127.653 327.840 200.187 0.533 0.043
851 889 0 889 119.752 323.188 203.436 0.533 0.043
852 880 0 880 113.475 323.188 209.713 0.533 0.043
853 880 0 880 105.432 323.188 217.756 0.533 0.043
854 860 0 860 99.387 323.188 223.801 0.533 0.043
855 860 0 860 92.581 323.188 230.607 0.517 0.043
856 860 0 860 86.985 323.188 236.203 0.517 0.043
857 824 0 824 81.620 268.929 187.310 0.517 0.043
858 824 0 824 75.141 268.929 193.788 0.517 0.043
859 824 0 824 69.288 268.929 199.641 0.500 0.043
860 824 0 824 64.667 268.929 204.262 0.500 0.043
861 802 0 802 59.818 232.641 172.822 0.500 0.043
862 787 0 787 53.788 232.641 178.853 0.500 0.043
863 787 0 787 49.430 232.641 183.210 0.517 0.043
864 715 0 715 44.323 232.641 188.318 0.517 0.043
865 715 0 715 38.830 232.641 193.811 0.517 0.043
866 680 0 680 34.339 228.125 193.786 0.517 0.043
867 680 0 680 29.011 228.125 199.114 0.517 0.043
868 560 0 560 25.164 213.760 188.596 0.517 0.043
869 560 0 560 21.024 213.760 192.736 0.500 0.042
870 560 0 560 17.368 213.760 196.392 0.517 0.042
871 419 0 419 14.103 213.760 199.657 0.500 0.042
872 415 0 415 11.225 213.760 202.535 0.500 0.042
873 415 0 415 8.501 213.760 205.259 0.483 0.042
874 280 0 280 6.111 213.760 207.649 0.483 0.041
875 274 0 274 4.259 213.760 209.501 0.467 0.041
876 274 0 274 2.838 213.785 210.947 0.433 0.040
877 262 0 262 1.882 213.796 211.914 0.417 0.039
878 262 0 262 1.185 213.796 212.611 0.400 0.039
879 262 0 262 0.795 213.796 213.001 0.400 0.038
880 188 0 188 0.550 213.830 213.280 0.383 0.037
881 188 0 188 0.361 213.796 213.435 0.383 0.036
882 152 0 152 0.227 213.796 213.570 0.383 0.035
883 152 0 152 0.187 213.796 213.609 0.367 0.034
884 152 0 152 0.192 213.796 213.604 0.367 0.033
885 152 0 152 0.174 213.796 213.622 0.367 0.032
886 152 0 152 0.173 213.796 213.624 0.333 0.031
887 216 0 216 0.221 213.762 213.541 0.300 0.030
888 216 0 216 0.258 213.762 213.504 0.300 0.029
889 216 0 216 0.306 213.762 213.456 0.283 0.028
890 216 0 216 0.371 213.796 213.425 0.283 0.028
891 295 0 295 0.561 213.796 213.235 0.283 0.027
892 295 0 295 0.902 213.796 212.894 0.267 0.026
893 295 0 295 1.484 213.830 212.347 0.250 0.025
894 295 0 295 2.395 213.830 211.435 0.233 0.025
895 358 0 358 3.946 213.830 209.884 0.233 0.024
896 574 0 574 5.993 213.830 207.837 0.233 0.023
897 574 0 574 8.392 213.830 205.439 0.200 0.023
898 574 0 574 11.641 213.830 202.189 0.200 0.022
899 574 0 574 15.729 213.830 198.101 0.183 0.022
900 574 0 574 21.019 213.830 192.811 0.183 0.022
901 574 0 574 26.422 213.830 187.408 0.167 0.022
902 576 0 576 32.642 213.830 181.188 0.167 0.022
903 576 0 576 38.988 213.830 174.842 0.150 0.022
904 625 0 625 47.430 213.830 166.400 0.167 0.022
905 625 0 625 55.288 213.864 158.576 0.167 0.022
906 625 0 625 63.157 213.864 150.707 0.167 0.022
907 779 0 779 73.962 213.864 139.903 0.167 0.022
908 947 0 947 86.098 213.864 127.767 0.167 0.022
909 947 0 947 98.703 213.864 115.161 0.167 0.022
910 947 0 947 113.441 213.864 100.423 0.183 0.022
911 947 0 947 126.992 213.864 86.872 0.183 0.022
912 947 0 947 139.895 213.864 73.969 0.183 0.022
913 947 0 947 155.630 213.930 58.300 0.183 0.022
914 1110 0 1110 173.254 213.930 40.676 0.183 0.022
915 1312 0 1312 192.232 213.930 21.698 0.183 0.022
916 1312 0 1312 211.654 213.930 2.276 0.183 0.022
917 1312 0 1312 228.460 213.930 14.530 0.217 0.023
918 1312 0 1312 244.657 213.930 30.726 0.217 0.023
919 1459 0 1459 267.642 213.930 53.712 0.200 0.023
920 1459 0 1459 287.234 219.378 67.856 0.200 0.023
921 1787 0 1787 308.476 219.378 89.097 0.233 0.023
922 1989 0 1989 330.718 221.948 108.770 0.250 0.024
923 1992 0 1992 354.473 221.948 132.525 0.250 0.024
924 1992 0 1992 373.746 228.676 145.070 0.250 0.024
925 1992 0 1992 391.036 228.676 162.360 0.283 0.025
926 1992 0 1992 409.269 231.624 177.645 0.283 0.025
927 1992 0 1992 425.895 234.674 191.221 0.283 0.025
928 1992 0 1992 443.372 234.674 208.697 0.283 0.026
929 1992 0 1992 461.433 240.752 220.681 0.267 0.026
930 1992 0 1992 479.182 259.481 219.700 0.300 0.026
931 1992 0 1992 495.559 302.391 193.168 0.300 0.027
932 1992 0 1992 511.049 302.391 208.659 0.333 0.027
933 1992 0 1992 528.260 325.117 203.143 0.333 0.028
934 1992 0 1992 543.010 325.117 217.894 0.350 0.028
935 1992 0 1992 558.542 325.117 233.425 0.367 0.029
936 1992 0 1992 574.183 327.561 246.622 0.367 0.030
937 1992 0 1992 588.164 333.445 254.719 0.383 0.030
938 1992 0 1992 602.038 420.649 181.389 0.367 0.031
939 1992 0 1992 615.249 420.649 194.600 0.367 0.031
940 1992 0 1992 628.162 420.649 207.513 0.367 0.032
941 1992 0 1992 639.495 480.560 158.935 0.383 0.032
942 1992 0 1992 650.877 480.560 170.316 0.400 0.033
943 1992 0 1992 664.427 490.567 173.860 0.400 0.034
944 1992 0 1992 675.264 493.959 181.305 0.400 0.034
945 1992 0 1992 687.660 493.959 193.701 0.417 0.035
946 1992 0 1992 698.961 493.959 205.001 0.450 0.035
947 1992 0 1992 709.754 502.681 207.073 0.467 0.036
948 1992 0 1992 720.628 505.482 215.147 0.467 0.036
949 1992 0 1992 731.670 505.569 226.101 0.467 0.037
950 1992 0 1992 740.870 516.393 224.477 0.467 0.037
951 1992 0 1992 749.874 516.393 233.480 0.483 0.038
952 1992 0 1992 761.521 520.002 241.520 0.500 0.038
953 1992 0 1992 772.825 520.002 252.824 0.533 0.038
954 1992 0 1992 782.745 606.079 176.665 0.533 0.039
955 1992 0 1992 792.020 606.079 185.941 0.550 0.039
956 1992 0 1992 802.146 606.079 196.066 0.550 0.039
957 1992 0 1992 811.025 613.167 197.858 0.550 0.040
958 1992 0 1992 821.087 613.167 207.920 0.550 0.040
959 1992 0 1992 830.983 673.421 157.562 0.550 0.040
960 1992 0 1992 841.471 673.421 168.050 0.550 0.040
961 1992 0 1992 851.186 677.136 174.051 0.550 0.041
962 1992 0 1992 860.335 679.479 180.856 0.550 0.041
963 1992 0 1992 868.607 679.479 189.128 0.550 0.041
964 1992 0 1992 878.165 679.479 198.686 0.550 0.041
965 1992 0 1992 885.961 679.479 206.482 0.550 0.041
966 1992 0 1992 891.973 679.479 212.494 0.550 0.041
967 1992 0 1992 899.505 690.775 208.730 0.567 0.041
968 1992 0 1992 906.458 695.533 210.924 0.550 0.041
969 1992 0 1992 912.814 695.533 217.281 0.567 0.041
970 1992 0 1992 918.738 697.879 220.860 0.567 0.041
971 1992 0 1992 923.818 697.879 225.939 0.567 0.041
972 1992 0 1992 928.593 697.879 230.714 0.567 0.041
973 1992 0 1992 932.964 702.362 230.603 0.567 0.041
974 1992 0 1992 936.311 702.362 233.949 0.567 0.041
975 1992 0 1992 936.831 702.362 234.469 0.550 0.041
976 1992 0 1992 937.465 702.362 235.104 0.550 0.041
977 1992 0 1992 938.101 702.362 235.739 0.550 0.041
978 1992 0 1992 937.330 702.362 234.968 0.550 0.041
979 1992 0 1992 934.905 702.362 232.544 0.550 0.041
980 1992 0 1992 932.791 702.362 230.429 0.550 0.040
981 1992 0 1992 929.518 702.362 227.157 0.550 0.040
982 1992 0 1992 923.488 702.362 221.126 0.533 0.040
983 1594 0 1594 917.124 702.362 214.762 0.550 0.040
984 1594 0 1594 909.840 702.362 207.479 0.550 0.039
985 1594 0 1594 905.701 702.362 203.340 0.533 0.039
986 1594 0 1594 898.363 702.362 196.002 0.533 0.039
987 1594 0 1594 890.626 702.362 188.264 0.533 0.039
988 1594 0 1594 880.764 702.362 178.403 0.533 0.038
989 1594 0 1594 866.919 702.362 164.557 0.500 0.038
990 1499 0 1499 853.663 702.362 151.301 0.483 0.038
991 1499 0 1499 839.864 702.362 137.503 0.500 0.037
992 1499 0 1499 822.727 702.362 120.366 0.467 0.037
993 1499 0 1499 806.678 702.362 104.316 0.433 0.037
994 1499 0 1499 790.521 702.362 88.159 0.433 0.037
995 1499 0 1499 769.626 698.897 70.729 0.433 0.037
996 1499 0 1499 749.757 693.650 56.107 0.433 0.037
997 1499 0 1499 724.582 693.650 30.932 0.450 0.037
998 1499 0 1499 698.919 691.143 7.775 0.517 0.037
999 1499 0 1499 670.768 685.380 14.612 0.567 0.038
1000 1499 0 1499 644.752 663.801 19.049 0.600 0.038
1001 1499 0 1499 621.844 663.657 41.813 0.633 0.038
1002 1499 0 1499 595.485 657.676 62.191 0.633 0.039
1003 1499 0 1499 567.349 646.241 78.892 0.633 0.039
1004 1499 0 1499 543.839 643.863 100.024 0.650 0.040
1005 1499 0 1499 518.127 637.980 119.853 0.667 0.040
1006 1297 0 1297 495.280 637.980 142.700 0.667 0.041
1007 1297 0 1297 474.158 618.262 144.103 0.683 0.041
1008 1297 0 1297 451.511 615.748 164.237 0.700 0.041
1009 1297 0 1297 428.438 604.364 175.925 0.717 0.042
1010 1267 0 1267 409.308 599.917 190.610 0.733 0.042
1011 1267 0 1267 389.237 596.958 207.721 0.733 0.042
1012 1267 0 1267 368.961 592.026 223.065 0.733 0.043
1013 1267 0 1267 350.382 583.032 232.650 0.750 0.043
1014 1267 0 1267 334.595 580.662 246.067 0.750 0.043
1015 1237 0 1237 316.676 580.662 263.987 0.750 0.044
1016 1237 0 1237 297.361 529.792 232.432 0.750 0.044
1017 1237 0 1237 281.837 416.334 134.497 0.750 0.044
1018 1237 0 1237 264.804 413.321 148.517 0.750 0.045
1019 1237 0 1237 248.987 413.321 164.334 0.750 0.045
1020 1189 0 1189 235.123 413.321 178.199 0.750 0.045
1021 1189 0 1189 222.008 413.321 191.313 0.750 0.045
1022 1189 0 1189 209.842 413.321 203.480 0.733 0.044
1023 1189 0 1189 198.411 406.591 208.180 0.717 0.044
1024 1189 0 1189 187.325 406.591 219.266 0.717 0.044
1025 1189 0 1189 177.057 406.591 229.534 0.733 0.044
1026 1189 0 1189 166.564 393.400 226.835 0.733 0.044
1027 1189 0 1189 156.865 393.400 236.534 0.733 0.044
1028 1189 0 1189 148.627 390.090 241.463 0.733 0.044
1029 1189 0 1189 137.732 390.090 252.358 0.750 0.044
1030 1137 0 1137 129.792 386.755 256.962 0.733 0.044
1031 1137 0 1137 122.688 386.755 264.067 0.717 0.044
1032 1137 0 1137 115.642 386.695 271.053 0.700 0.044
1033 970 0 970 107.386 386.695 279.310 0.700 0.044
1034 970 0 970 99.832 386.695 286.863 0.683 0.044
1035 970 0 970 93.112 386.695 293.583 0.667 0.044
1036 892 0 892 85.569 324.702 239.133 0.667 0.044
1037 892 0 892 79.675 324.702 245.027 0.667 0.044
1038 892 0 892 73.098 324.702 251.604 0.667 0.044
1039 892 0 892 67.616 324.702 257.086 0.667 0.044
1040 736 0 736 62.314 224.319 162.005 0.667 0.044
1041 736 0 736 57.198 221.183 163.986 0.667 0.044
1042 736 0 736 51.897 221.183 169.286 0.667 0.044
1043 736 0 736 47.322 221.183 173.861 0.667 0.044
1044 736 0 736 41.471 221.183 179.713 0.667 0.044
1045 736 0 736 37.661 221.183 183.522 0.667 0.044
1046 736 0 736 33.400 200.473 167.073 0.667 0.044
1047 736 0 736 29.831 200.473 170.641 0.667 0.044
1048 736 0 736 25.784 200.473 174.689 0.650 0.044
1049 736 0 736 21.493 200.473 178.980 0.650 0.043
1050 736 0 736 17.863 200.443 182.580 0.650 0.043
1051 444 0 444 14.854 200.443 185.589 0.633 0.043
1052 444 0 444 11.653 193.427 181.774 0.633 0.043
1053 433 0 433 9.289 140.177 130.888 0.633 0.042
1054 433 0 433 7.320 140.177 132.857 0.633 0.042
1055 255 0 255 5.034 140.177 135.143 0.617 0.042
1056 255 0 255 3.645 140.177 136.532 0.617 0.041
1057 255 0 255 2.401 140.177 137.776 0.600 0.040
1058 255 0 255 1.533 140.177 138.644 0.567 0.040
1059 255 0 255 0.928 140.198 139.270 0.550 0.039
1060 233 0 233 0.518 140.198 139.680 0.517 0.038
1061 233 0 233 0.357 140.218 139.862 0.517 0.037
1062 233 0 233 0.274 140.218 139.944 0.500 0.036
1063 233 0 233 0.231 140.218 139.987 0.467 0.035
1064 233 0 233 0.216 140.218 140.002 0.433 0.034
1065 233 0 233 0.173 140.218 140.045 0.400 0.033
1066 233 0 233 0.182 140.218 140.036 0.333 0.032
1067 233 0 233 0.199 140.218 140.019 0.317 0.031
1068 233 0 233 0.207 140.198 139.991 0.300 0.030
1069 233 0 233 0.286 140.198 139.912 0.283 0.029
1070 272 0 272 0.443 140.198 139.755 0.283 0.028
1071 288 0 288 0.653 140.198 139.545 0.283 0.027
1072 288 0 288 1.015 140.198 139.183 0.250 0.027
1073 356 0 356 1.789 140.198 138.409 0.250 0.026
1074 356 0 356 2.785 140.198 137.413 0.250 0.025
1075 356 0 356 4.166 140.198 136.032 0.233 0.025
1076 356 0 356 6.066 140.189 134.123 0.167 0.024
1077 356 0 356 8.535 140.189 131.654 0.167 0.023
1078 418 0 418 11.659 140.189 128.530 0.167 0.023
1079 444 0 444 15.453 140.189 124.736 0.167 0.023
1080 486 0 486 19.742 140.189 120.447 0.167 0.022
1081 583 0 583 24.216 140.229 116.013 0.167 0.022
1082 634 0 634 30.216 140.229 110.013 0.167 0.022
1083 634 0 634 36.924 140.250 103.326 0.167 0.022
1084 634 0 634 44.586 140.250 95.664 0.150 0.022
1085 634 0 634 53.063 140.250 87.187 0.183 0.022
1086 634 0 634 62.706 140.250 77.544 0.183 0.022
1087 651 0 651 73.743 140.250 66.506 0.183 0.022
1088 660 0 660 83.037 140.250 57.212 0.183 0.022
1089 838 0 838 96.752 140.250 43.497 0.167 0.022
1090 838 0 838 108.341 140.250 31.909 0.183 0.022
1091 847 0 847 121.120 140.250 19.130 0.183 0.022
1092 847 0 847 135.954 140.270 4.316 0.183 0.022
1093 929 0 929 150.575 140.270 10.305 0.183 0.022
1094 1062 0 1062 169.745 140.270 29.475 0.200 0.022
1095 1117 0 1117 186.155 140.270 45.885 0.217 0.023
1096 1200 0 1200 203.853 140.270 63.583 0.217 0.023
1097 1431 0 1431 224.435 140.270 84.165 0.233 0.023
1098 1633 0 1633 242.674 140.270 102.404 0.250 0.023
1099 1633 0 1633 262.717 140.270 122.447 0.250 0.023
1100 1951 0 1951 283.236 143.804 139.432 0.233 0.023
1101 2193 0 2193 309.835 150.627 159.208 0.250 0.024
1102 2193 0 2193 336.475 150.627 185.848 0.250 0.024
1103 2193 0 2193 357.807 152.769 205.037 0.233 0.024
1104 2193 0 2193 381.570 152.769 228.801 0.233 0.024
1105 2193 0 2193 400.938 193.190 207.748 0.250 0.025
1106 2193 0 2193 420.407 195.375 225.032 0.267 0.025
1107 2193 0 2193 440.407 224.239 216.168 0.283 0.026
1108 2193 0 2193 457.486 224.239 233.248 0.283 0.026
1109 2193 0 2193 475.500 289.137 186.363 0.283 0.026
1110 2193 0 2193 492.138 292.001 200.137 0.300 0.027
1111 2193 0 2193 507.049 362.646 144.403 0.300 0.027
1112 2193 0 2193 521.079 362.646 158.433 0.300 0.027
1113 2193 0 2193 536.898 371.036 165.862 0.300 0.028
1114 2193 0 2193 551.687 371.036 180.651 0.300 0.029
1115 2193 0 2193 568.399 371.036 197.363 0.317 0.029
1116 2193 0 2193 582.591 374.048 208.542 0.350 0.030
1117 2193 0 2193 595.269 384.514 210.755 0.350 0.030
1118 2193 0 2193 607.690 392.433 215.258 0.350 0.031
1119 2193 0 2193 619.993 392.523 227.470 0.350 0.031
1120 2193 0 2193 632.504 392.523 239.981 0.367 0.032
1121 2193 0 2193 644.965 403.538 241.427 0.367 0.032
1122 2193 0 2193 656.079 413.486 242.593 0.367 0.033
1123 2193 0 2193 667.286 413.486 253.800 0.400 0.033
1124 2193 0 2193 677.943 416.354 261.589 0.417 0.034
1125 2193 0 2193 691.726 464.881 226.845 0.417 0.035
1126 2193 0 2193 703.478 474.295 229.182 0.417 0.035
1127 2193 0 2193 714.846 528.105 186.741 0.433 0.036
1128 2193 0 2193 725.097 540.807 184.290 0.433 0.036
1129 2193 0 2193 736.337 543.823 192.514 0.450 0.037
1130 2193 0 2193 747.464 543.823 203.641 0.450 0.037
1131 2193 0 2193 758.972 543.823 215.149 0.467 0.038
1132 2193 0 2193 770.392 592.115 178.277 0.467 0.038
1133 2193 0 2193 783.041 592.115 190.926 0.467 0.039
1134 2193 0 2193 793.172 592.115 201.057 0.467 0.039
1135 2193 0 2193 804.090 599.205 204.885 0.483 0.039
1136 2193 0 2193 814.754 647.164 167.591 0.500 0.040
1137 2193 0 2193 825.069 659.394 165.676 0.517 0.040
1138 2193 0 2193 835.128 659.394 175.734 0.517 0.040
1139 2193 0 2193 844.374 662.949 181.424 0.517 0.041
1140 2193 0 2193 853.180 670.612 182.568 0.517 0.041
1141 2193 0 2193 861.212 683.613 177.599 0.533 0.041
1142 2193 0 2193 870.330 683.613 186.717 0.517 0.041
1143 2193 0 2193 879.018 683.613 195.405 0.517 0.041
1144 2193 0 2193 887.466 683.613 203.853 0.517 0.041
1145 2193 0 2193 895.499 683.613 211.886 0.517 0.041
1146 2193 0 2193 903.854 683.613 220.241 0.533 0.041
1147 2193 0 2193 912.107 690.648 221.459 0.517 0.041
1148 2193 0 2193 917.921 690.648 227.273 0.517 0.041
1149 2193 0 2193 924.849 693.356 231.492 0.500 0.041
1150 2193 0 2193 930.128 693.356 236.772 0.500 0.041
1151 2193 0 2193 934.999 693.356 241.643 0.500 0.041
1152 2193 0 2193 940.672 693.356 247.316 0.500 0.041
1153 2193 0 2193 943.805 693.356 250.449 0.500 0.041
1154 2193 0 2193 948.658 693.356 255.302 0.500 0.041
1155 2193 0 2193 950.990 693.356 257.634 0.500 0.041
1156 2193 0 2193 951.475 693.356 258.118 0.500 0.041
1157 2193 0 2193 951.596 693.356 258.240 0.500 0.041
1158 2193 0 2193 949.680 693.356 256.324 0.483 0.040
1159 2193 0 2193 948.415 767.349 181.065 0.483 0.040
1160 2193 0 2193 943.389 770.321 173.068 0.483 0.040
1161 2182 0 2182 937.750 770.321 167.429 0.467 0.040
1162 2095 0 2095 928.178 770.321 157.857 0.467 0.040
1163 1830 0 1830 920.913 770.321 150.592 0.450 0.040
1164 1441 0 1441 910.595 770.321 140.274 0.450 0.039
1165 1422 0 1422 902.962 770.321 132.641 0.450 0.039
1166 1422 0 1422 893.747 770.321 123.426 0.450 0.039
1167 1422 0 1422 884.601 770.321 114.280 0.450 0.038
1168 1422 0 1422 873.948 770.321 103.627 0.450 0.038
1169 1422 0 1422 863.146 770.321 92.825 0.450 0.038
1170 1422 0 1422 848.672 770.321 78.351 0.450 0.037
1171 1422 0 1422 833.412 770.321 63.091 0.450 0.037
1172 1422 0 1422 818.986 770.321 48.665 0.417 0.037
1173 1422 0 1422 801.084 767.942 33.141 0.417 0.037
1174 1422 0 1422 783.648 767.942 15.706 0.417 0.037
1175 1422 0 1422 761.506 765.525 4.018 0.433 0.037
1176 1422 0 1422 739.413 765.525 26.111 0.417 0.037
1177 1422 0 1422 718.145 765.525 47.379 0.417 0.037
1178 1422 0 1422 699.133 762.515 63.382 0.417 0.037
1179 1422 0 1422 674.385 762.484 88.099 0.417 0.037
1180 1422 0 1422 653.214 753.350 100.135 0.433 0.037
1181 1422 0 1422 627.876 748.458 120.582 0.433 0.037
1182 1422 0 1422 603.059 746.057 142.998 0.467 0.038
1183 1422 0 1422 577.630 725.799 148.169 0.483 0.038
1184 1422 0 1422 551.705 723.700 171.995 0.500 0.039
1185 1422 0 1422 524.257 721.565 197.308 0.500 0.039
1186 1417 0 1417 500.377 714.699 214.323 0.500 0.040
1187 1417 0 1417 476.689 700.647 223.958 0.500 0.040
1188 1417 0 1417 453.761 691.738 237.977 0.517 0.040
1189 1417 0 1417 433.017 691.738 258.721 0.550 0.041
1190 1304 0 1304 412.098 691.738 279.640 0.533 0.041
1191 1304 0 1304 392.010 616.825 224.816 0.533 0.041
1192 1286 0 1286 372.413 602.410 229.997 0.533 0.041
1193 1283 0 1283 352.078 595.706 243.628 0.533 0.042
1194 1283 0 1283 334.603 592.561 257.958 0.533 0.042
1195 1233 0 1233 315.019 592.561 277.542 0.533 0.042
1196 1168 0 1168 294.890 533.444 238.554 0.533 0.043
1197 1147 0 1147 278.090 533.444 255.354 0.550 0.043
1198 1147 0 1147 262.381 464.669 202.288 0.550 0.043
1199 1145 0 1145 249.051 464.669 215.617 0.550 0.043
