1 449 0 449 262.041 262.041 0.000 51.000 1.515
2 449 0 449 275.567 275.670 0.104 37.000 0.806
3 518 0 518 295.202 295.333 0.131 35.667 0.583
4 518 0 518 310.022 310.149 0.127 35.000 0.472
5 780 0 780 322.483 322.441 0.042 32.000 0.400
6 780 0 780 342.619 342.617 0.002 32.000 0.362
7 780 0 780 354.499 354.499 0.000 32.143 0.329
8 780 0 780 372.663 372.663 0.000 32.000 0.310
9 831 0 831 393.258 393.258 0.000 33.444 0.294
10 1102 0 1102 414.651 414.586 0.065 33.600 0.281
11 1279 0 1279 435.503 421.993 13.510 30.545 0.274
12 1763 0 1763 458.789 436.438 22.352 28.000 0.255
13 1930 0 1930 487.411 473.461 13.950 25.923 0.239
14 2216 0 2216 514.429 494.012 20.417 24.071 0.225
15 2514 0 2514 540.908 531.439 9.470 22.533 0.213
16 2723 0 2723 574.323 562.642 11.682 21.188 0.202
17 2800 0 2800 601.010 581.852 19.158 19.941 0.193
18 2967 0 2967 628.046 619.827 8.219 18.889 0.185
19 2967 0 2967 661.160 651.872 9.288 17.947 0.178
20 2967 0 2967 682.067 663.406 18.661 17.050 0.171
21 2967 0 2967 714.929 695.216 19.713 16.333 0.174
22 2967 0 2967 737.634 726.989 10.645 15.636 0.168
23 2967 0 2967 758.735 742.628 16.107 14.957 0.164
24 3096 0 3096 775.961 756.828 19.134 14.333 0.159
25 3385 0 3385 793.693 769.853 23.840 13.760 0.155
26 3423 0 3423 811.681 795.532 16.149 13.231 0.152
27 3511 0 3511 825.216 801.788 23.429 12.778 0.149
28 3665 0 3665 837.000 827.228 9.773 12.321 0.146
29 3665 0 3665 851.355 839.819 11.535 11.897 0.143
30 3665 0 3665 863.081 841.825 21.256 11.500 0.140
31 3665 0 3665 867.382 842.946 24.436 11.129 0.143
32 3665 0 3665 870.498 846.480 24.017 10.781 0.141
33 3665 0 3665 874.336 851.280 23.056 10.485 0.139
34 3665 0 3665 877.509 852.452 25.057 10.176 0.137
35 3665 0 3665 880.789 855.876 24.913 9.886 0.135
36 3665 0 3665 884.497 857.253 27.244 9.611 0.133
37 3665 0 3665 888.320 863.493 24.828 9.351 0.131
38 3665 0 3665 891.373 865.576 25.797 9.105 0.129
39 3665 0 3665 894.395 867.207 27.188 8.872 0.127
40 3665 0 3665 897.334 870.870 26.464 8.650 0.126
41 3665 0 3665 900.331 874.652 25.679 8.463 0.128
42 3665 0 3665 903.876 875.870 28.006 8.262 0.126
43 3665 0 3665 906.444 883.610 22.834 8.093 0.124
44 3665 0 3665 909.812 889.431 20.382 7.909 0.123
45 3665 0 3665 912.222 890.176 22.046 7.733 0.121
46 3665 0 3665 914.294 891.289 23.004 7.565 0.119
47 3665 0 3665 916.427 891.755 24.672 7.404 0.118
48 3665 0 3665 918.904 892.986 25.918 7.250 0.116
49 3665 0 3665 920.803 896.313 24.490 7.102 0.115
50 3665 0 3665 922.582 898.120 24.463 6.960 0.113
51 3665 0 3665 924.230 898.120 26.110 6.824 0.115
52 3665 0 3665 925.737 898.732 27.005 6.692 0.113
53 3665 0 3665 926.925 898.732 28.193 6.566 0.112
54 3665 0 3665 928.131 899.021 29.111 6.444 0.110
55 3665 0 3665 928.941 899.341 29.600 6.327 0.108
56 3665 0 3665 929.616 903.181 26.435 6.214 0.107
57 3665 0 3665 930.079 903.181 26.898 6.105 0.105
58 3665 0 3665 930.539 904.280 26.260 6.000 0.103
59 3665 0 3665 930.808 904.280 26.528 5.898 0.102
60 3665 0 3665 931.016 904.651 26.365 5.800 0.100
61 3665 0 3665 939.580 911.567 28.013 5.333 0.079
62 3665 0 3665 946.609 920.323 26.287 4.917 0.078
63 3665 0 3665 955.422 923.383 32.039 4.467 0.076
64 3665 0 3665 965.230 926.873 38.357 4.000 0.075
65 3665 0 3665 971.887 934.373 37.514 3.583 0.073
66 3665 0 3665 982.038 944.130 37.909 2.967 0.071
67 3665 0 3665 988.676 966.547 22.130 2.450 0.070
68 3665 0 3665 997.601 968.212 29.389 1.817 0.068
69 3665 0 3665 1004.808 988.258 16.550 1.750 0.065
70 3665 0 3665 1011.829 989.609 22.220 1.667 0.063
71 3665 0 3665 1017.392 992.042 25.350 1.633 0.063
72 3665 0 3665 1021.377 999.252 22.125 1.633 0.063
73 3665 0 3665 1023.488 1014.759 8.729 1.617 0.063
74 3665 0 3665 1024.929 1015.209 9.721 1.533 0.063
75 3665 0 3665 1022.446 1007.218 15.227 1.483 0.062
76 3665 0 3665 1018.197 1007.218 10.979 1.467 0.062
77 3665 0 3665 1014.172 999.153 15.018 1.450 0.062
78 3665 0 3665 1009.345 999.153 10.191 1.400 0.062
79 3665 0 3665 1001.835 989.903 11.932 1.367 0.061
80 3665 0 3665 994.877 989.903 4.974 1.333 0.061
81 3665 0 3665 983.387 980.967 2.420 1.300 0.061
82 3665 0 3665 973.982 965.272 8.710 1.267 0.060
83 3665 0 3665 963.752 956.968 6.784 1.133 0.060
84 3665 0 3665 953.583 956.991 3.407 1.100 0.059
85 3665 0 3665 939.321 941.979 2.658 1.083 0.059
86 3665 0 3665 924.148 929.361 5.214 1.050 0.058
87 3665 0 3665 909.666 918.292 8.626 1.033 0.058
88 3624 0 3624 894.096 915.930 21.834 1.050 0.057
89 2989 0 2989 874.290 902.351 28.061 1.067 0.057
90 2179 0 2179 855.437 884.045 28.608 1.050 0.057
91 1515 0 1515 841.532 862.996 21.464 1.017 0.057
92 1515 0 1515 828.673 860.797 32.124 1.000 0.057
93 1515 0 1515 810.807 842.195 31.388 1.017 0.057
94 1515 0 1515 794.061 820.460 26.399 1.033 0.057
95 1515 0 1515 774.286 798.826 24.540 1.033 0.058
96 1515 0 1515 751.929 778.804 26.875 1.067 0.058
97 1515 0 1515 727.084 747.254 20.170 1.067 0.059
98 1515 0 1515 704.628 738.858 34.231 1.117 0.060
99 1515 0 1515 677.836 710.958 33.122 1.133 0.061
100 1515 0 1515 653.717 687.497 33.779 1.117 0.062
101 1515 0 1515 629.746 664.658 34.912 1.150 0.063
102 1515 0 1515 602.669 631.429 28.760 1.167 0.064
103 1515 0 1515 577.163 597.963 20.800 1.183 0.066
104 1515 0 1515 550.821 575.193 24.372 1.217 0.067
105 1515 0 1515 529.506 556.139 26.633 1.283 0.068
106 1515 0 1515 505.528 529.458 23.930 1.333 0.070
107 1515 0 1515 482.109 508.599 26.490 1.350 0.071
108 1515 0 1515 457.620 478.422 20.802 1.400 0.073
109 1515 0 1515 434.680 462.644 27.964 1.450 0.074
110 1273 0 1273 411.801 443.086 31.285 1.500 0.075
111 1220 0 1220 389.751 418.765 29.014 1.533 0.077
112 1211 0 1211 368.763 400.968 32.206 1.583 0.078
113 1211 0 1211 348.594 380.009 31.414 1.633 0.079
114 1208 0 1208 329.401 354.248 24.847 1.667 0.081
115 1208 0 1208 310.486 341.888 31.402 1.700 0.082
116 1208 0 1208 294.432 317.087 22.656 1.733 0.083
117 1208 0 1208 279.832 314.110 34.278 1.767 0.084
118 1208 0 1208 265.510 297.367 31.856 1.800 0.085
119 1208 0 1208 251.916 279.792 27.877 1.833 0.086
120 1208 0 1208 237.727 262.987 25.260 1.850 0.087
121 1208 0 1208 223.831 247.675 23.844 1.867 0.087
122 1208 0 1208 209.453 239.961 30.509 1.883 0.088
123 1064 0 1064 196.906 224.640 27.734 1.900 0.088
124 1048 0 1048 188.462 218.563 30.101 1.883 0.088
125 1040 0 1040 177.574 206.468 28.894 1.917 0.088
126 1040 0 1040 167.679 199.506 31.827 1.917 0.088
127 1018 0 1018 157.621 187.180 29.559 1.933 0.088
128 1018 0 1018 148.130 171.594 23.464 1.933 0.088
129 1018 0 1018 140.094 164.101 24.008 1.950 0.088
130 1018 0 1018 132.099 156.410 24.311 1.950 0.088
131 1018 0 1018 124.631 140.794 16.162 1.950 0.087
132 1018 0 1018 118.434 139.970 21.536 1.933 0.087
133 964 0 964 111.388 131.679 20.291 1.967 0.087
134 964 0 964 105.327 123.719 18.392 1.950 0.087
135 964 0 964 96.826 123.719 26.893 1.950 0.087
136 964 0 964 87.857 110.226 22.369 1.967 0.087
137 964 0 964 80.881 100.543 19.662 1.967 0.087
138 905 0 905 75.483 100.056 24.573 1.983 0.087
139 905 0 905 69.888 99.674 29.785 2.000 0.086
140 905 0 905 63.544 83.480 19.937 2.000 0.086
141 733 0 733 57.779 83.480 25.701 2.000 0.086
142 733 0 733 52.471 77.494 25.022 2.000 0.086
143 733 0 733 47.517 63.475 15.957 2.017 0.086
144 733 0 733 43.450 63.123 19.673 2.033 0.086
145 733 0 733 38.409 63.084 24.675 2.033 0.085
146 733 0 733 33.630 56.860 23.230 2.033 0.085
147 686 0 686 28.864 54.117 25.254 2.033 0.085
148 686 0 686 24.858 41.766 16.908 2.033 0.085
149 509 0 509 20.640 40.992 20.352 2.000 0.084
150 509 0 509 17.161 40.476 23.315 2.000 0.084
151 509 0 509 14.366 38.935 24.569 2.000 0.083
152 494 0 494 11.937 37.425 25.488 1.967 0.082
153 414 0 414 9.226 37.420 28.194 1.933 0.082
154 414 0 414 7.329 37.420 30.090 1.900 0.081
155 414 0 414 5.498 37.420 31.922 1.867 0.079
156 298 0 298 3.826 30.292 26.466 1.817 0.078
157 277 0 277 2.564 28.743 26.179 1.767 0.076
158 240 0 240 1.580 28.733 27.153 1.717 0.075
159 240 0 240 0.952 28.327 27.375 1.650 0.073
160 240 0 240 0.565 28.327 27.763 1.600 0.071
161 234 0 234 0.290 28.327 28.037 1.567 0.069
162 234 0 234 0.187 28.327 28.141 1.450 0.067
163 234 0 234 0.155 28.327 28.173 1.333 0.065
164 234 0 234 0.097 28.327 28.230 1.233 0.063
165 197 0 197 0.046 28.327 28.282 1.183 0.061
166 197 0 197 0.053 28.327 28.274 1.117 0.059
167 197 0 197 0.057 28.327 28.270 1.050 0.057
168 197 0 197 0.133 28.327 28.195 0.967 0.054
169 234 0 234 0.256 28.327 28.072 0.917 0.052
170 234 0 234 0.425 28.327 27.902 0.833 0.050
171 234 0 234 0.575 28.327 27.752 0.833 0.049
172 234 0 234 0.983 28.327 27.345 0.783 0.047
173 234 0 234 1.515 28.327 26.812 0.733 0.045
174 264 0 264 2.601 28.327 25.726 0.683 0.044
175 264 0 264 3.689 28.331 24.642 0.617 0.042
176 356 0 356 5.820 28.331 22.511 0.583 0.041
177 392 0 392 8.658 28.331 19.673 0.533 0.040
178 400 0 400 11.454 28.776 17.322 0.500 0.039
179 400 0 400 15.051 28.780 13.730 0.483 0.039
180 496 0 496 20.059 29.249 9.190 0.483 0.038
181 496 0 496 26.214 29.581 3.367 0.483 0.038
182 496 0 496 32.584 31.664 0.919 0.500 0.038
183 580 0 580 40.391 32.790 7.601 0.467 0.038
184 598 0 598 49.146 35.018 14.128 0.500 0.038
185 618 0 618 57.287 36.387 20.900 0.483 0.038
186 618 0 618 66.388 38.634 27.754 0.500 0.038
187 618 0 618 76.024 53.639 22.384 0.467 0.038
188 723 0 723 87.892 62.669 25.223 0.450 0.038
189 1188 0 1188 102.758 82.531 20.226 0.467 0.039
190 1221 0 1221 119.258 92.969 26.289 0.467 0.039
191 1364 0 1364 135.409 115.717 19.692 0.483 0.040
192 1364 0 1364 146.997 116.739 30.258 0.500 0.040
193 1364 0 1364 162.270 140.636 21.634 0.533 0.041
194 1364 0 1364 179.609 150.441 29.168 0.550 0.041
195 1364 0 1364 199.759 173.793 25.966 0.600 0.042
196 1364 0 1364 218.819 189.269 29.550 0.633 0.042
197 1397 0 1397 239.681 208.659 31.022 0.617 0.043
198 1397 0 1397 258.424 230.602 27.822 0.617 0.043
199 1631 0 1631 279.393 257.820 21.573 0.667 0.044
200 1719 0 1719 303.872 273.670 30.202 0.733 0.045
201 1854 0 1854 327.343 298.367 28.977 0.750 0.045
202 1854 0 1854 349.762 323.578 26.184 0.733 0.046
203 1854 0 1854 369.079 350.609 18.470 0.767 0.047
204 1854 0 1854 388.214 362.667 25.548 0.833 0.048
205 1854 0 1854 407.575 383.804 23.771 0.883 0.049
206 1854 0 1854 425.338 398.007 27.331 0.883 0.050
207 1854 0 1854 443.205 406.331 36.873 0.950 0.051
208 1854 0 1854 460.738 441.672 19.065 1.000 0.052
209 1854 0 1854 479.000 457.912 21.088 1.000 0.052
210 1854 0 1854 494.009 462.608 31.401 1.033 0.053
211 1854 0 1854 509.736 477.899 31.837 1.067 0.054
212 1854 0 1854 524.611 496.716 27.895 1.083 0.055
213 1854 0 1854 540.803 509.922 30.881 1.167 0.056
214 1854 0 1854 554.109 532.292 21.816 1.167 0.057
215 1854 0 1854 569.623 544.249 25.375 1.250 0.058
216 1854 0 1854 583.293 555.803 27.490 1.250 0.059
217 1854 0 1854 597.668 572.458 25.209 1.300 0.061
218 1854 0 1854 610.239 576.827 33.412 1.317 0.062
219 1854 0 1854 624.776 593.818 30.958 1.333 0.064
220 1854 0 1854 637.066 610.777 26.289 1.367 0.065
221 1854 0 1854 650.901 616.276 34.625 1.400 0.066
222 1854 0 1854 662.905 631.468 31.436 1.433 0.068
223 1854 0 1854 676.325 642.941 33.384 1.483 0.069
224 1854 0 1854 687.232 653.619 33.612 1.533 0.071
225 1854 0 1854 699.338 670.484 28.854 1.583 0.072
226 1854 0 1854 707.484 673.931 33.553 1.617 0.073
227 1854 0 1854 717.806 683.022 34.784 1.650 0.075
228 1854 0 1854 727.918 695.692 32.226 1.700 0.076
229 1854 0 1854 739.454 710.857 28.596 1.733 0.077
230 1854 0 1854 751.293 727.137 24.156 1.783 0.078
231 1854 0 1854 762.508 738.455 24.053 1.833 0.080
232 1854 0 1854 772.804 741.755 31.050 1.867 0.081
233 1854 0 1854 782.056 747.529 34.528 1.917 0.082
234 1854 0 1854 792.388 770.070 22.318 1.950 0.083
235 1854 0 1854 800.715 772.194 28.521 2.000 0.083
236 1854 0 1854 810.502 775.183 35.319 2.033 0.084
237 1854 0 1854 821.506 802.127 19.380 2.050 0.085
238 1854 0 1854 829.931 809.664 20.267 2.067 0.085
239 1854 0 1854 838.567 812.882 25.685 2.100 0.086
240 1854 0 1854 848.292 815.503 32.789 2.100 0.086
241 1854 0 1854 858.977 837.842 21.136 2.117 0.086
242 1854 0 1854 868.233 840.884 27.349 2.133 0.086
243 1854 0 1854 877.829 844.209 33.620 2.133 0.086
244 1854 0 1854 887.430 864.846 22.584 2.133 0.086
245 1854 0 1854 895.249 867.616 27.633 2.117 0.086
246 1854 0 1854 902.608 884.138 18.469 2.133 0.086
247 1854 0 1854 909.632 884.138 25.494 2.100 0.086
248 1854 0 1854 916.892 895.518 21.373 2.100 0.086
249 1854 0 1854 922.826 902.005 20.821 2.083 0.085
250 1854 0 1854 928.799 903.412 25.387 2.100 0.085
251 1854 0 1854 933.177 915.537 17.640 2.067 0.085
252 1854 0 1854 936.701 916.159 20.542 2.050 0.085
253 1854 0 1854 939.544 916.466 23.078 2.067 0.084
254 1854 0 1854 943.573 922.988 20.584 2.033 0.084
255 1854 0 1854 945.369 930.709 14.660 2.000 0.083
256 1854 0 1854 945.709 931.034 14.675 1.983 0.083
257 1854 0 1854 945.760 933.294 12.466 1.950 0.082
258 1854 0 1854 944.936 933.294 11.643 1.917 0.082
259 1854 0 1854 943.124 933.294 9.831 1.883 0.081
260 1854 0 1854 937.716 933.582 4.133 1.850 0.081
261 1632 0 1632 930.925 925.780 5.145 1.833 0.080
262 1632 0 1632 924.186 925.800 1.614 1.817 0.080
263 1535 0 1535 918.894 925.445 6.552 1.783 0.079
264 1535 0 1535 912.958 925.163 12.205 1.767 0.079
265 1535 0 1535 906.427 917.457 11.030 1.733 0.078
266 1535 0 1535 899.336 910.763 11.427 1.717 0.077
267 1535 0 1535 890.601 909.957 19.355 1.717 0.077
268 1427 0 1427 879.675 899.314 19.639 1.717 0.076
269 1427 0 1427 867.209 888.708 21.499 1.717 0.076
270 1427 0 1427 853.924 878.586 24.663 1.733 0.076
271 1427 0 1427 838.054 862.632 24.578 1.750 0.076
272 1427 0 1427 822.290 854.398 32.108 1.733 0.075
273 1427 0 1427 803.490 826.915 23.425 1.717 0.075
274 1427 0 1427 786.461 809.727 23.266 1.700 0.075
275 1427 0 1427 765.206 791.077 25.871 1.717 0.075
276 1427 0 1427 742.354 765.798 23.444 1.683 0.075
277 1427 0 1427 718.291 747.373 29.082 1.700 0.075
278 1427 0 1427 695.025 724.649 29.624 1.683 0.076
279 1427 0 1427 671.004 696.434 25.430 1.700 0.076
280 1427 0 1427 646.452 676.159 29.707 1.717 0.077
281 1365 0 1365 619.524 646.736 27.212 1.750 0.077
282 1365 0 1365 592.278 622.963 30.685 1.800 0.078
283 1365 0 1365 564.933 598.379 33.446 1.800 0.078
284 1316 0 1316 540.875 572.114 31.239 1.817 0.079
285 1316 0 1316 514.582 537.694 23.112 1.850 0.080
286 1316 0 1316 490.705 508.966 18.260 1.900 0.081
287 1316 0 1316 466.348 496.167 29.819 1.917 0.081
288 1316 0 1316 444.092 472.594 28.502 1.917 0.082
289 1309 0 1309 423.325 450.913 27.588 1.917 0.082
290 1257 0 1257 398.662 424.344 25.682 1.933 0.083
291 1257 0 1257 377.845 406.510 28.665 1.933 0.083
292 1257 0 1257 360.230 393.334 33.105 1.950 0.084
293 1251 0 1251 342.019 367.824 25.804 1.933 0.085
294 1251 0 1251 323.051 353.460 30.409 1.950 0.085
295 1251 0 1251 303.143 336.557 33.414 1.967 0.086
296 1251 0 1251 286.463 317.011 30.547 1.950 0.086
297 1213 0 1213 270.988 297.692 26.704 1.950 0.086
298 1213 0 1213 257.010 291.359 34.349 1.983 0.087
299 1181 0 1181 244.390 270.374 25.984 1.967 0.087
300 1181 0 1181 231.057 253.938 22.881 1.983 0.087
301 1181 0 1181 217.753 241.996 24.243 1.967 0.087
302 1181 0 1181 206.341 233.158 26.816 1.950 0.087
303 1181 0 1181 192.956 217.931 24.974 1.950 0.087
304 1181 0 1181 180.674 203.073 22.399 1.917 0.087
305 1181 0 1181 170.681 200.733 30.051 1.933 0.087
306 1181 0 1181 161.187 178.856 17.669 1.917 0.087
307 1027 0 1027 151.634 176.704 25.070 1.933 0.087
308 1027 0 1027 143.888 174.051 30.163 1.933 0.087
309 1027 0 1027 135.405 161.931 26.527 1.933 0.087
310 1027 0 1027 128.074 154.518 26.445 1.900 0.087
311 1027 0 1027 120.888 144.177 23.289 1.917 0.087
312 1027 0 1027 112.701 138.103 25.401 1.917 0.086
313 1027 0 1027 105.461 121.985 16.523 1.900 0.086
314 1027 0 1027 99.339 119.553 20.213 1.917 0.086
315 1027 0 1027 93.160 119.553 26.393 1.900 0.086
316 1018 0 1018 85.222 110.640 25.417 1.883 0.086
317 910 0 910 79.495 101.309 21.815 1.900 0.086
318 857 0 857 72.969 95.625 22.656 1.900 0.086
319 857 0 857 67.306 95.110 27.804 1.917 0.086
320 857 0 857 61.079 80.933 19.854 1.900 0.085
321 857 0 857 55.973 80.414 24.441 1.917 0.085
322 856 0 856 50.145 72.693 22.548 1.917 0.085
323 715 0 715 45.433 70.455 25.023 1.917 0.085
324 715 0 715 40.984 63.373 22.389 1.900 0.085
325 630 0 630 36.745 62.746 26.001 1.900 0.084
326 564 0 564 33.026 54.662 21.636 1.883 0.084
327 513 0 513 29.307 53.858 24.551 1.883 0.084
328 506 0 506 25.683 51.552 25.869 1.867 0.083
329 452 0 452 21.732 51.552 29.820 1.833 0.083
330 452 0 452 18.425 50.339 31.914 1.833 0.082
331 452 0 452 15.048 50.339 35.291 1.817 0.082
332 452 0 452 12.029 40.876 28.847 1.800 0.081
333 452 0 452 9.159 35.586 26.427 1.750 0.080
334 387 0 387 6.943 26.559 19.616 1.733 0.079
335 333 0 333 4.982 26.559 21.577 1.667 0.078
336 333 0 333 3.300 26.559 23.259 1.600 0.077
337 208 0 208 2.042 26.115 24.073 1.567 0.075
338 208 0 208 1.256 26.115 24.859 1.500 0.074
339 170 0 170 0.720 23.660 22.940 1.467 0.072
340 161 0 161 0.541 23.660 23.119 1.417 0.070
341 161 0 161 0.414 23.657 23.244 1.417 0.068
342 161 0 161 0.257 23.657 23.400 1.317 0.066
343 152 0 152 0.203 23.660 23.457 1.217 0.064
344 152 0 152 0.174 23.660 23.486 1.183 0.062
345 152 0 152 0.160 23.660 23.500 1.133 0.059
346 194 0 194 0.193 23.660 23.468 1.067 0.057
347 194 0 194 0.211 23.660 23.450 0.967 0.055
348 237 0 237 0.258 23.657 23.399 0.933 0.054
349 237 0 237 0.324 23.657 23.333 0.883 0.052
350 237 0 237 0.405 23.657 23.253 0.817 0.050
351 237 0 237 0.580 23.657 23.078 0.767 0.048
352 306 0 306 0.990 23.657 22.667 0.717 0.047
353 327 0 327 1.461 23.657 22.196 0.700 0.045
354 379 0 379 2.421 23.657 21.236 0.683 0.044
355 379 0 379 3.677 23.657 19.980 0.683 0.042
356 468 0 468 5.960 23.663 17.702 0.633 0.041
357 468 0 468 9.004 23.666 14.662 0.600 0.040
358 468 0 468 12.262 23.666 11.404 0.583 0.039
359 468 0 468 16.040 24.158 8.117 0.583 0.039
360 468 0 468 20.068 24.158 4.090 0.550 0.038
361 497 0 497 24.938 25.056 0.118 0.517 0.038
362 497 0 497 30.350 25.910 4.440 0.533 0.037
363 499 0 499 36.783 28.129 8.654 0.483 0.037
364 561 0 561 43.941 28.998 14.942 0.467 0.037
365 563 0 563 52.205 31.514 20.690 0.483 0.037
366 668 0 668 60.891 33.191 27.700 0.467 0.037
367 668 0 668 72.614 49.939 22.675 0.450 0.037
368 668 0 668 83.293 52.980 30.313 0.417 0.038
369 758 0 758 93.581 55.550 38.031 0.450 0.038
370 758 0 758 107.875 82.275 25.600 0.467 0.039
371 803 0 803 120.524 92.043 28.482 0.450 0.039
372 1003 0 1003 136.469 111.381 25.088 0.450 0.039
373 1003 0 1003 152.277 129.958 22.319 0.533 0.040
374 1003 0 1003 169.444 140.407 29.037 0.600 0.041
375 1241 0 1241 187.116 165.331 21.785 0.583 0.041
376 1241 0 1241 204.344 173.881 30.463 0.600 0.041
377 1241 0 1241 222.458 191.514 30.944 0.583 0.042
378 1617 0 1617 244.783 216.735 28.048 0.633 0.043
379 2229 0 2229 267.236 246.446 20.790 0.617 0.043
380 2667 0 2667 297.117 266.887 30.230 0.617 0.044
381 2790 0 2790 326.853 298.392 28.461 0.633 0.045
382 2986 0 2986 357.356 325.290 32.066 0.683 0.046
383 3004 0 3004 389.604 364.581 25.024 0.683 0.046
384 3004 0 3004 416.581 394.018 22.563 0.733 0.047
385 3004 0 3004 445.268 421.846 23.423 0.767 0.048
386 3004 0 3004 467.175 447.657 19.518 0.783 0.049
387 3004 0 3004 493.010 465.635 27.374 0.800 0.050
388 3004 0 3004 517.233 488.986 28.246 0.817 0.051
389 3004 0 3004 535.545 510.777 24.768 0.850 0.052
390 3004 0 3004 551.924 528.344 23.580 0.867 0.053
391 3004 0 3004 566.650 534.598 32.052 0.900 0.054
392 3004 0 3004 581.128 552.700 28.428 1.000 0.055
393 3004 0 3004 596.669 569.377 27.292 1.017 0.056
394 3004 0 3004 609.906 578.776 31.130 1.083 0.057
395 3004 0 3004 623.578 583.592 39.986 1.083 0.058
396 3004 0 3004 636.559 598.929 37.630 1.150 0.059
397 3004 0 3004 649.296 616.878 32.418 1.150 0.061
398 3004 0 3004 661.876 622.931 38.945 1.183 0.062
399 3004 0 3004 674.499 646.114 28.385 1.200 0.063
400 3004 0 3004 687.062 649.546 37.516 1.250 0.065
401 3004 0 3004 698.266 653.180 45.086 1.300 0.066
402 3004 0 3004 709.666 678.470 31.196 1.333 0.067
403 3004 0 3004 720.756 690.180 30.575 1.350 0.069
404 3004 0 3004 733.263 698.839 34.424 1.383 0.070
405 3004 0 3004 744.174 708.687 35.486 1.433 0.071
406 3004 0 3004 756.668 720.089 36.579 1.483 0.073
407 3004 0 3004 768.406 736.785 31.621 1.500 0.075
408 3004 0 3004 780.850 758.295 22.555 1.550 0.076
409 3004 0 3004 791.643 760.617 31.027 1.567 0.077
410 3004 0 3004 803.150 771.351 31.799 1.600 0.079
411 3004 0 3004 813.584 780.168 33.416 1.650 0.080
412 3004 0 3004 823.075 788.880 34.194 1.700 0.081
413 3004 0 3004 832.029 804.502 27.527 1.733 0.082
414 3004 0 3004 842.336 820.526 21.810 1.783 0.083
415 3004 0 3004 851.815 823.083 28.733 1.800 0.084
416 3004 0 3004 863.228 839.001 24.227 1.833 0.085
417 3004 0 3004 874.541 843.146 31.395 1.883 0.085
418 3004 0 3004 884.591 861.991 22.601 1.933 0.086
419 3004 0 3004 894.817 872.676 22.140 1.967 0.087
420 3004 0 3004 903.394 875.646 27.748 2.000 0.087
421 3004 0 3004 912.106 886.194 25.912 2.000 0.087
422 3004 0 3004 920.782 887.846 32.936 2.017 0.087
423 3004 0 3004 928.847 902.585 26.263 2.017 0.087
424 3004 0 3004 936.719 909.264 27.455 2.033 0.087
425 3004 0 3004 945.164 925.098 20.066 2.033 0.087
426 3004 0 3004 951.956 926.987 24.968 2.033 0.087
427 3004 0 3004 961.042 941.600 19.443 2.033 0.087
428 3004 0 3004 968.499 950.614 17.885 2.017 0.087
429 3004 0 3004 973.448 950.901 22.548 2.017 0.087
430 3004 0 3004 980.431 960.959 19.472 2.017 0.086
431 3004 0 3004 986.241 960.959 25.281 2.017 0.086
432 3004 0 3004 992.111 968.221 23.890 2.000 0.086
433 3004 0 3004 998.220 977.729 20.491 1.967 0.085
434 3004 0 3004 1002.786 978.357 24.429 1.967 0.085
435 3004 0 3004 1006.191 979.158 27.033 1.950 0.084
436 3004 0 3004 1009.052 990.841 18.210 1.933 0.084
437 3004 0 3004 1011.854 992.378 19.476 1.917 0.084
438 3004 0 3004 1010.990 992.732 18.258 1.900 0.083
439 3004 0 3004 1006.930 992.732 14.198 1.867 0.083
440 3004 0 3004 998.259 992.732 5.527 1.850 0.082
441 3004 0 3004 989.023 984.132 4.891 1.833 0.082
442 3004 0 3004 975.754 966.857 8.898 1.800 0.081
443 2979 0 2979 959.085 958.307 0.778 1.800 0.081
444 2979 0 2979 945.090 950.958 5.867 1.750 0.080
445 2803 0 2803 929.054 936.477 7.423 1.733 0.079
446 2803 0 2803 915.811 925.872 10.060 1.733 0.079
447 2469 0 2469 899.097 918.597 19.500 1.700 0.078
448 1915 0 1915 879.707 902.841 23.135 1.667 0.078
449 1671 0 1671 865.310 886.294 20.985 1.633 0.077
450 1671 0 1671 851.484 868.166 16.682 1.633 0.077
451 1671 0 1671 840.032 864.461 24.429 1.633 0.076
452 1671 0 1671 824.171 849.223 25.052 1.650 0.076
453 1671 0 1671 806.337 830.241 23.903 1.633 0.075
454 1671 0 1671 786.848 816.606 29.758 1.650 0.075
455 1671 0 1671 765.521 796.310 30.788 1.683 0.076
456 1671 0 1671 742.249 762.942 20.693 1.717 0.076
457 1671 0 1671 721.667 745.635 23.967 1.700 0.076
458 1671 0 1671 699.840 726.340 26.500 1.717 0.076
459 1328 0 1328 674.889 704.737 29.848 1.800 0.077
460 1328 0 1328 649.981 676.895 26.914 1.817 0.077
461 1328 0 1328 622.938 655.700 32.762 1.850 0.078
462 1328 0 1328 596.891 625.811 28.920 1.883 0.079
463 1328 0 1328 572.674 598.006 25.333 1.900 0.079
464 1301 0 1301 550.534 578.791 28.258 1.900 0.080
465 1301 0 1301 527.122 555.464 28.343 1.917 0.080
466 1301 0 1301 502.934 530.724 27.790 1.933 0.081
467 1301 0 1301 478.348 505.876 27.528 1.950 0.082
468 1301 0 1301 452.999 478.662 25.663 1.967 0.082
469 1301 0 1301 429.108 456.297 27.189 2.000 0.083
470 1301 0 1301 407.108 439.825 32.717 2.000 0.084
471 1301 0 1301 386.469 412.930 26.460 2.000 0.084
472 1301 0 1301 366.235 393.832 27.597 2.000 0.085
473 1301 0 1301 347.522 373.853 26.331 2.000 0.086
474 1301 0 1301 329.406 358.287 28.881 2.000 0.086
475 1301 0 1301 312.374 339.104 26.729 2.017 0.086
476 1301 0 1301 295.735 321.643 25.908 2.017 0.087
477 1301 0 1301 279.782 304.129 24.347 2.017 0.087
478 1301 0 1301 265.773 297.504 31.731 1.967 0.087
479 1301 0 1301 249.646 274.624 24.978 1.967 0.087
480 1301 0 1301 236.432 266.623 30.191 1.950 0.088
481 1301 0 1301 224.222 254.393 30.170 1.950 0.088
482 1301 0 1301 212.213 238.644 26.431 1.950 0.088
483 1301 0 1301 199.890 234.757 34.867 1.950 0.088
484 1301 0 1301 189.918 219.586 29.668 1.950 0.088
485 1301 0 1301 179.677 205.569 25.892 1.950 0.088
486 1301 0 1301 170.214 196.130 25.916 1.967 0.088
487 1301 0 1301 160.658 182.874 22.216 1.950 0.088
488 1301 0 1301 151.209 181.408 30.199 1.950 0.088
489 1301 0 1301 142.349 166.284 23.935 1.933 0.088
490 1301 0 1301 132.367 156.723 24.356 1.933 0.088
491 1301 0 1301 127.290 147.064 19.774 1.950 0.088
492 1301 0 1301 120.520 139.969 19.448 1.950 0.087
493 949 0 949 112.638 139.399 26.761 1.950 0.087
494 949 0 949 105.430 130.463 25.033 1.917 0.087
495 949 0 949 99.148 122.839 23.692 1.917 0.087
496 949 0 949 92.405 107.922 15.517 1.933 0.087
497 942 0 942 85.365 106.626 21.261 1.950 0.087
498 942 0 942 78.312 101.502 23.189 1.933 0.086
499 942 0 942 72.389 92.719 20.329 1.950 0.086
500 942 0 942 67.989 89.439 21.450 1.950 0.086
501 942 0 942 62.939 84.484 21.545 1.950 0.086
502 942 0 942 57.218 84.079 26.860 1.967 0.086
503 942 0 942 51.629 77.651 26.022 1.967 0.086
504 813 0 813 45.936 63.710 17.775 1.967 0.085
505 631 0 631 41.288 61.784 20.496 1.950 0.085
506 585 0 585 37.310 60.626 23.316 1.950 0.085
507 585 0 585 32.735 57.982 25.247 1.950 0.084
508 552 0 552 28.221 50.591 22.370 1.933 0.084
509 552 0 552 24.304 44.143 19.839 1.917 0.083
510 552 0 552 20.638 44.143 23.505 1.900 0.083
511 552 0 552 18.144 36.829 18.685 1.867 0.082
512 552 0 552 15.067 35.699 20.632 1.800 0.082
513 552 0 552 12.289 33.488 21.198 1.750 0.081
514 552 0 552 9.668 32.301 22.633 1.700 0.080
515 552 0 552 7.495 32.301 24.806 1.633 0.079
516 552 0 552 5.665 30.650 24.985 1.550 0.077
517 552 0 552 4.493 30.650 26.157 1.533 0.076
518 552 0 552 3.808 29.738 25.930 1.467 0.074
519 552 0 552 3.378 29.738 26.360 1.350 0.073
520 552 0 552 3.013 29.738 26.725 1.300 0.071
521 552 0 552 2.780 29.738 26.958 1.233 0.069
522 552 0 552 2.701 29.738 27.037 1.167 0.066
523 552 0 552 2.613 29.738 27.125 1.117 0.064
524 552 0 552 2.596 29.738 27.142 1.050 0.063
525 552 0 552 2.580 29.738 27.158 1.017 0.061
526 552 0 552 2.657 29.738 27.082 0.967 0.059
527 552 0 552 2.715 29.738 27.023 0.933 0.056
528 552 0 552 2.762 29.738 26.976 0.833 0.054
529 552 0 552 2.843 29.738 26.895 0.767 0.052
530 552 0 552 2.999 29.738 26.739 0.750 0.050
531 552 0 552 3.225 29.738 26.513 0.683 0.048
532 552 0 552 3.689 29.734 26.045 0.633 0.047
533 552 0 552 4.339 29.738 25.399 0.617 0.045
534 552 0 552 5.351 29.738 24.387 0.583 0.044
535 552 0 552 6.703 29.742 23.039 0.567 0.042
536 552 0 552 9.019 29.742 20.723 0.533 0.041
537 552 0 552 11.578 29.742 18.164 0.450 0.040
538 552 0 552 14.701 29.789 15.088 0.467 0.040
539 552 0 552 18.701 29.789 11.087 0.467 0.039
540 552 0 552 23.643 29.789 6.145 0.500 0.038
541 552 0 552 29.475 32.092 2.617 0.483 0.038
542 552 0 552 35.805 32.407 3.398 0.467 0.038
543 552 0 552 42.173 33.038 9.135 0.483 0.038
544 552 0 552 50.502 35.605 14.896 0.450 0.038
545 586 0 586 59.463 38.831 20.632 0.450 0.038
546 647 0 647 70.176 46.752 23.424 0.450 0.038
547 647 0 647 78.748 49.261 29.487 0.483 0.038
548 748 0 748 90.595 56.954 33.642 0.483 0.039
549 748 0 748 101.146 84.711 16.435 0.500 0.039
550 926 0 926 114.567 87.601 26.966 0.500 0.039
551 956 0 956 126.887 95.547 31.340 0.517 0.039
552 1013 0 1013 139.735 114.042 25.692 0.517 0.040
553 1046 0 1046 157.567 130.023 27.545 0.517 0.041
554 1046 0 1046 173.782 142.380 31.402 0.533 0.041
555 1377 0 1377 187.117 158.054 29.063 0.550 0.041
556 1452 0 1452 205.433 185.002 20.431 0.567 0.042
557 1711 0 1711 224.885 201.056 23.830 0.550 0.043
558 1889 0 1889 245.135 217.280 27.855 0.600 0.043
559 2169 0 2169 268.189 242.881 25.308 0.633 0.044
560 2332 0 2332 290.590 260.028 30.562 0.650 0.045
561 2358 0 2358 313.163 281.661 31.502 0.633 0.045
562 2576 0 2576 340.191 314.877 25.314 0.650 0.046
563 2582 0 2582 364.522 338.871 25.651 0.667 0.047
564 2582 0 2582 391.282 358.712 32.570 0.717 0.048
565 2582 0 2582 412.672 384.884 27.788 0.717 0.048
566 2582 0 2582 435.564 404.216 31.348 0.800 0.049
567 2582 0 2582 454.962 432.861 22.101 0.833 0.050
568 2582 0 2582 470.065 437.270 32.795 0.883 0.051
569 2582 0 2582 486.196 461.664 24.532 0.917 0.052
570 2582 0 2582 501.804 465.693 36.111 0.933 0.052
571 2582 0 2582 518.753 492.415 26.338 0.950 0.054
572 2582 0 2582 536.232 510.291 25.941 0.950 0.055
573 2582 0 2582 550.597 519.976 30.621 0.967 0.056
574 2582 0 2582 564.460 530.553 33.907 1.017 0.057
575 2582 0 2582 578.208 547.545 30.663 1.067 0.058
576 2582 0 2582 593.379 558.762 34.617 1.133 0.059
577 2582 0 2582 607.619 567.508 40.112 1.167 0.060
578 2582 0 2582 621.463 592.908 28.555 1.233 0.062
579 2582 0 2582 634.786 597.831 36.955 1.283 0.063
580 2582 0 2582 647.341 613.141 34.200 1.317 0.064
581 2582 0 2582 659.652 626.361 33.290 1.367 0.066
582 2582 0 2582 671.215 645.094 26.121 1.417 0.067
583 2582 0 2582 682.080 648.335 33.745 1.450 0.069
584 2582 0 2582 693.416 658.123 35.293 1.500 0.070
585 2582 0 2582 705.353 687.357 17.995 1.533 0.072
586 2582 0 2582 716.498 692.067 24.432 1.583 0.073
587 2582 0 2582 729.036 702.003 27.033 1.633 0.075
588 2582 0 2582 740.924 712.746 28.177 1.683 0.076
589 2582 0 2582 752.759 716.792 35.967 1.717 0.077
590 2582 0 2582 764.198 732.929 31.269 1.750 0.079
591 2582 0 2582 774.522 748.174 26.348 1.783 0.080
592 2582 0 2582 785.701 758.221 27.480 1.817 0.081
593 2582 0 2582 796.333 759.792 36.541 1.817 0.082
594 2582 0 2582 806.349 777.530 28.819 1.850 0.083
595 2582 0 2582 815.850 786.100 29.750 1.883 0.084
596 2582 0 2582 827.262 805.442 21.820 1.900 0.084
597 2582 0 2582 836.450 815.616 20.834 1.933 0.085
598 2582 0 2582 846.275 817.014 29.261 1.950 0.086
599 2582 0 2582 855.496 826.080 29.415 1.950 0.086
600 2582 0 2582 865.724 842.100 23.624 2.000 0.086
601 2582 0 2582 876.053 845.680 30.373 1.983 0.087
602 2582 0 2582 885.489 864.832 20.658 1.983 0.087
603 2582 0 2582 893.559 866.126 27.433 2.000 0.087
604 2582 0 2582 902.891 869.821 33.070 2.017 0.087
605 2582 0 2582 911.103 886.215 24.888 2.000 0.087
606 2582 0 2582 920.201 893.865 26.336 2.017 0.086
607 2582 0 2582 926.423 906.870 19.553 2.000 0.086
608 2582 0 2582 933.029 915.240 17.789 2.000 0.086
609 2582 0 2582 938.950 915.240 23.710 2.000 0.086
610 2582 0 2582 944.416 916.385 28.031 2.000 0.086
611 2582 0 2582 949.597 926.856 22.742 1.983 0.085
612 2582 0 2582 954.433 927.613 26.820 1.950 0.085
613 2582 0 2582 960.308 934.604 25.704 1.933 0.085
614 2582 0 2582 963.471 941.700 21.771 1.933 0.084
615 2582 0 2582 964.355 941.700 22.655 1.917 0.084
616 2582 0 2582 966.075 941.700 24.375 1.883 0.083
617 2582 0 2582 964.735 943.529 21.207 1.883 0.083
618 2582 0 2582 964.834 944.841 19.994 1.850 0.083
619 2582 0 2582 961.958 944.841 17.117 1.817 0.082
620 2582 0 2582 956.919 944.873 12.046 1.800 0.081
621 2582 0 2582 951.213 935.422 15.790 1.767 0.081
622 2582 0 2582 943.038 935.422 7.616 1.733 0.080
623 2475 0 2475 934.011 926.364 7.647 1.717 0.080
624 2419 0 2419 921.483 919.432 2.050 1.717 0.079
625 2255 0 2255 911.933 919.432 7.499 1.683 0.079
626 1506 0 1506 899.724 904.397 4.672 1.650 0.078
627 1415 0 1415 888.228 903.908 15.680 1.633 0.078
628 1415 0 1415 879.307 899.824 20.517 1.633 0.077
629 1415 0 1415 870.152 890.749 20.597 1.633 0.077
630 1415 0 1415 858.663 888.704 30.040 1.617 0.077
631 1415 0 1415 842.151 868.730 26.579 1.633 0.076
632 1408 0 1408 826.932 857.908 30.976 1.600 0.076
633 1408 0 1408 809.247 847.372 38.125 1.633 0.076
634 1408 0 1408 790.926 814.755 23.829 1.600 0.076
635 1408 0 1408 769.037 803.608 34.572 1.550 0.076
636 1408 0 1408 745.757 771.898 26.142 1.633 0.076
637 1408 0 1408 723.890 752.410 28.520 1.683 0.076
638 1408 0 1408 699.007 724.001 24.994 1.667 0.077
639 1408 0 1408 673.670 702.040 28.370 1.667 0.078
640 1408 0 1408 650.672 675.417 24.746 1.733 0.078
641 1408 0 1408 623.913 645.924 22.010 1.717 0.079
642 1408 0 1408 597.441 626.868 29.427 1.783 0.080
643 1408 0 1408 576.160 608.981 32.822 1.783 0.080
644 1408 0 1408 553.597 581.614 28.017 1.783 0.080
645 1408 0 1408 527.013 551.628 24.615 1.800 0.081
646 1361 0 1361 499.851 522.469 22.617 1.833 0.082
647 1361 0 1361 473.838 496.607 22.768 1.833 0.083
648 1329 0 1329 450.128 475.803 25.674 1.833 0.083
649 1329 0 1329 428.890 456.627 27.737 1.833 0.084
650 1329 0 1329 405.412 437.104 31.692 1.867 0.085
651 1281 0 1281 384.698 417.180 32.482 1.850 0.085
652 1281 0 1281 364.549 386.447 21.898 1.883 0.086
653 1281 0 1281 343.818 376.163 32.344 1.900 0.086
654 1281 0 1281 326.086 352.390 26.304 1.933 0.087
655 1281 0 1281 310.605 340.474 29.870 1.933 0.087
656 1281 0 1281 293.659 324.416 30.757 1.950 0.087
657 1281 0 1281 278.555 307.326 28.771 1.967 0.088
658 1281 0 1281 263.655 298.100 34.444 1.983 0.088
659 1192 0 1192 250.116 286.014 35.897 2.000 0.088
660 1192 0 1192 234.591 261.177 26.586 1.983 0.088
661 1192 0 1192 221.071 245.542 24.471 1.967 0.088
662 1192 0 1192 210.337 238.907 28.571 1.950 0.088
663 1159 0 1159 198.637 227.648 29.011 1.950 0.088
664 1121 0 1121 187.792 215.877 28.085 1.950 0.088
665 1121 0 1121 178.520 209.247 30.727 1.917 0.088
666 1121 0 1121 169.001 204.683 35.682 1.900 0.088
667 1119 0 1119 158.632 194.802 36.170 1.917 0.088
668 1119 0 1119 149.469 177.951 28.483 1.917 0.088
669 1119 0 1119 140.890 169.071 28.181 1.917 0.088
670 1119 0 1119 131.295 160.208 28.913 1.900 0.088
671 962 0 962 122.644 142.966 20.322 1.833 0.088
672 859 0 859 115.548 142.966 27.417 1.833 0.088
673 836 0 836 109.314 137.621 28.307 1.800 0.087
674 836 0 836 100.909 121.299 20.390 1.800 0.087
675 836 0 836 94.522 118.751 24.229 1.817 0.087
676 836 0 836 87.571 112.700 25.129 1.817 0.087
677 781 0 781 81.562 105.949 24.386 1.800 0.087
678 729 0 729 75.592 103.536 27.944 1.817 0.087
679 726 0 726 69.612 84.291 14.680 1.817 0.086
680 703 0 703 63.224 84.291 21.067 1.817 0.086
681 703 0 703 58.152 83.758 25.606 1.833 0.086
682 665 0 665 52.591 83.746 31.155 1.833 0.086
683 656 0 656 48.013 75.107 27.094 1.850 0.086
684 656 0 656 43.283 59.858 16.575 1.850 0.086
685 656 0 656 38.746 58.487 19.742 1.867 0.085
686 656 0 656 34.305 58.487 24.182 1.833 0.085
687 656 0 656 29.499 50.526 21.027 1.833 0.085
688 484 0 484 25.994 48.251 22.258 1.833 0.084
689 484 0 484 22.963 41.459 18.497 1.800 0.084
690 484 0 484 19.687 41.459 21.773 1.783 0.084
691 484 0 484 15.821 39.841 24.020 1.767 0.083
692 366 0 366 12.953 38.428 25.474 1.767 0.082
693 364 0 364 10.207 38.428 28.221 1.717 0.081
694 306 0 306 7.852 38.012 30.159 1.650 0.080
695 302 0 302 5.557 38.012 32.455 1.600 0.079
696 298 0 298 3.770 31.717 27.947 1.533 0.077
697 298 0 298 2.638 31.166 28.528 1.500 0.076
698 298 0 298 1.560 31.166 29.606 1.433 0.074
699 298 0 298 0.996 31.166 30.170 1.417 0.072
700 225 0 225 0.685 29.564 28.879 1.367 0.070
701 225 0 225 0.525 29.568 29.043 1.283 0.068
702 225 0 225 0.401 29.572 29.171 1.250 0.066
703 225 0 225 0.355 29.572 29.217 1.217 0.064
704 225 0 225 0.289 29.572 29.283 1.183 0.062
705 225 0 225 0.289 29.576 29.287 1.083 0.060
706 225 0 225 0.293 29.580 29.288 1.017 0.057
707 225 0 225 0.288 29.580 29.292 0.983 0.055
708 225 0 225 0.315 29.584 29.270 0.933 0.053
709 225 0 225 0.320 29.584 29.264 0.900 0.051
710 225 0 225 0.380 29.584 29.205 0.867 0.049
711 225 0 225 0.547 29.584 29.038 0.817 0.048
712 225 0 225 0.877 29.584 28.707 0.800 0.046
713 225 0 225 1.465 29.584 28.120 0.767 0.045
714 255 0 255 2.489 29.584 27.096 0.717 0.043
715 364 0 364 4.075 29.584 25.509 0.650 0.042
716 365 0 365 6.187 29.584 23.397 0.600 0.041
717 365 0 365 8.890 29.584 20.695 0.567 0.040
718 365 0 365 11.473 29.584 18.111 0.583 0.039
719 522 0 522 15.694 29.584 13.890 0.567 0.039
720 522 0 522 18.899 30.057 11.158 0.583 0.038
721 522 0 522 24.336 30.057 5.721 0.583 0.038
722 522 0 522 30.517 31.322 0.806 0.567 0.038
723 617 0 617 37.462 32.891 4.571 0.533 0.037
724 617 0 617 44.796 35.292 9.504 0.567 0.038
725 617 0 617 53.279 36.963 16.316 0.533 0.038
726 716 0 716 64.092 39.654 24.438 0.567 0.038
727 716 0 716 73.298 47.256 26.042 0.567 0.038
728 841 0 841 83.574 48.599 34.975 0.583 0.039
729 1038 0 1038 96.676 76.178 20.498 0.567 0.039
730 1038 0 1038 110.037 91.105 18.932 0.600 0.039
731 1038 0 1038 123.602 101.062 22.540 0.600 0.040
732 1038 0 1038 136.265 117.443 18.822 0.633 0.040
733 1180 0 1180 151.473 125.934 25.539 0.650 0.041
734 1559 0 1559 168.077 151.904 16.174 0.700 0.041
735 1628 0 1628 189.414 160.028 29.386 0.717 0.042
736 1628 0 1628 210.142 181.606 28.536 0.733 0.042
737 1638 0 1638 229.524 198.802 30.723 0.750 0.043
738 1638 0 1638 252.491 220.965 31.526 0.750 0.043
739 1638 0 1638 272.518 251.038 21.481 0.767 0.044
740 1670 0 1670 293.225 267.679 25.547 0.833 0.045
741 1670 0 1670 316.382 291.256 25.126 0.833 0.045
742 1670 0 1670 338.867 301.095 37.771 0.867 0.046
743 1670 0 1670 358.252 327.951 30.301 0.867 0.047
744 1958 0 1958 378.611 354.909 23.702 0.883 0.047
745 2323 0 2323 402.162 372.494 29.668 0.883 0.048
746 2776 0 2776 423.518 396.095 27.423 0.900 0.049
747 2791 0 2791 449.463 414.540 34.923 0.867 0.050
748 3025 0 3025 472.941 440.931 32.010 0.950 0.051
749 3025 0 3025 494.588 462.276 32.312 1.017 0.052
750 3025 0 3025 511.296 486.386 24.910 1.067 0.053
751 3025 0 3025 527.651 500.722 26.929 1.067 0.054
752 3025 0 3025 541.596 509.464 32.132 1.117 0.055
753 3025 0 3025 556.230 518.518 37.712 1.183 0.056
754 3025 0 3025 572.471 545.471 27.001 1.183 0.057
755 3025 0 3025 585.710 553.345 32.366 1.217 0.058
756 3025 0 3025 597.976 564.118 33.858 1.283 0.059
757 3025 0 3025 612.268 568.457 43.812 1.317 0.060
758 3025 0 3025 624.486 593.206 31.280 1.383 0.061
759 3025 0 3025 636.691 597.215 39.477 1.433 0.063
760 3025 0 3025 649.095 618.414 30.681 1.500 0.064
761 3025 0 3025 661.435 638.786 22.649 1.517 0.065
762 3025 0 3025 672.669 656.464 16.205 1.550 0.067
763 3025 0 3025 685.928 667.296 18.631 1.583 0.068
764 3025 0 3025 699.542 676.843 22.699 1.583 0.070
765 3025 0 3025 711.462 685.926 25.536 1.600 0.071
766 3025 0 3025 723.178 690.951 32.227 1.617 0.073
767 3025 0 3025 736.534 705.907 30.628 1.617 0.074
768 3025 0 3025 746.988 714.643 32.346 1.650 0.075
769 3025 0 3025 757.201 731.866 25.334 1.683 0.077
770 3025 0 3025 769.505 741.076 28.429 1.700 0.078
771 3025 0 3025 782.153 749.987 32.166 1.717 0.079
772 3025 0 3025 792.225 768.918 23.307 1.750 0.080
773 3025 0 3025 802.477 778.387 24.090 1.800 0.081
774 3025 0 3025 813.284 782.106 31.177 1.833 0.082
775 3025 0 3025 823.768 791.260 32.508 1.867 0.083
776 3025 0 3025 834.223 809.728 24.495 1.933 0.084
777 3025 0 3025 845.360 819.857 25.504 1.967 0.085
778 3025 0 3025 853.404 821.796 31.608 1.983 0.085
779 3025 0 3025 863.849 836.621 27.229 2.017 0.086
780 3025 0 3025 870.930 839.634 31.295 2.033 0.086
781 3025 0 3025 880.530 854.783 25.747 2.050 0.086
782 3025 0 3025 889.893 867.339 22.554 2.050 0.086
783 3025 0 3025 898.801 879.107 19.694 2.067 0.086
784 3025 0 3025 906.799 880.502 26.297 2.067 0.086
785 3025 0 3025 914.970 890.924 24.046 2.067 0.086
786 3025 0 3025 924.688 893.796 30.892 2.083 0.086
787 3025 0 3025 931.857 912.754 19.102 2.083 0.086
788 3025 0 3025 937.888 912.754 25.134 2.067 0.086
789 3025 0 3025 945.150 920.551 24.599 2.050 0.085
790 3025 0 3025 952.257 922.351 29.906 2.033 0.085
791 3025 0 3025 958.502 937.728 20.774 2.033 0.085
792 3025 0 3025 962.723 944.054 18.669 2.017 0.085
793 3025 0 3025 965.956 945.044 20.912 2.017 0.084
794 3025 0 3025 968.213 947.209 21.004 2.000 0.084
795 3025 0 3025 969.754 947.589 22.165 1.983 0.083
796 3025 0 3025 969.164 947.589 21.574 1.983 0.083
797 3025 0 3025 969.665 949.367 20.298 1.967 0.083
798 3025 0 3025 968.036 959.503 8.533 1.950 0.082
799 3025 0 3025 965.032 960.252 4.780 1.917 0.082
800 3025 0 3025 961.614 960.252 1.363 1.917 0.081
801 3025 0 3025 956.983 960.252 3.269 1.883 0.081
802 3025 0 3025 951.347 948.672 2.675 1.883 0.080
803 3025 0 3025 946.358 948.285 1.927 1.867 0.080
804 3025 0 3025 938.601 947.568 8.967 1.833 0.079
805 3025 0 3025 925.329 929.861 4.532 1.817 0.079
806 3025 0 3025 915.175 928.828 13.653 1.783 0.078
807 3025 0 3025 896.274 910.634 14.360 1.800 0.078
808 2468 0 2468 880.579 901.398 20.819 1.733 0.077
809 1382 0 1382 863.811 885.196 21.384 1.717 0.077
810 1382 0 1382 849.896 873.092 23.196 1.700 0.076
811 1382 0 1382 835.785 861.845 26.060 1.717 0.076
812 1382 0 1382 820.339 846.548 26.209 1.750 0.076
813 1382 0 1382 802.840 823.267 20.427 1.700 0.075
814 1382 0 1382 783.611 812.588 28.978 1.700 0.075
815 1382 0 1382 764.385 798.818 34.433 1.667 0.075
816 1382 0 1382 743.810 766.825 23.014 1.683 0.076
817 1382 0 1382 722.344 747.765 25.421 1.667 0.076
818 1382 0 1382 697.872 731.348 33.476 1.700 0.076
819 1382 0 1382 674.757 704.086 29.329 1.700 0.077
820 1382 0 1382 650.341 676.729 26.389 1.733 0.077
821 1382 0 1382 622.294 649.379 27.085 1.800 0.078
822 1382 0 1382 599.649 624.647 24.998 1.800 0.079
823 1382 0 1382 573.020 592.557 19.538 1.833 0.079
824 1350 0 1350 546.941 570.462 23.521 1.900 0.080
825 1350 0 1350 523.163 551.257 28.094 1.917 0.080
826 1350 0 1350 497.072 529.443 32.371 1.967 0.081
827 1350 0 1350 470.827 500.726 29.899 2.000 0.082
828 1350 0 1350 449.459 473.431 23.971 2.033 0.082
829 1350 0 1350 425.053 453.274 28.220 2.067 0.083
830 1350 0 1350 404.938 436.129 31.191 2.083 0.083
831 1350 0 1350 384.611 415.614 31.003 2.067 0.084
832 1350 0 1350 366.962 395.944 28.983 2.067 0.084
833 1350 0 1350 343.815 377.062 33.247 2.067 0.085
834 1350 0 1350 322.492 348.174 25.682 2.100 0.085
835 1350 0 1350 305.703 329.104 23.401 2.117 0.086
836 1257 0 1257 286.565 320.975 34.410 2.100 0.086
837 1257 0 1257 268.503 299.196 30.694 2.117 0.086
838 1257 0 1257 253.407 281.622 28.215 2.133 0.087
839 1257 0 1257 240.324 257.310 16.986 2.133 0.087
840 1148 0 1148 226.584 253.137 26.553 2.117 0.087
841 1148 0 1148 214.286 251.211 36.925 2.133 0.087
842 1148 0 1148 202.986 226.174 23.188 2.133 0.087
843 1148 0 1148 190.897 218.954 28.057 2.100 0.087
844 1064 0 1064 180.922 217.701 36.779 2.083 0.087
845 1014 0 1014 171.595 194.677 23.082 2.083 0.087
846 998 0 998 162.263 187.554 25.291 2.067 0.087
847 998 0 998 152.745 172.430 19.685 2.083 0.087
848 981 0 981 143.750 170.975 27.224 2.100 0.087
849 919 0 919 135.669 158.676 23.007 2.083 0.087
850 919 0 919 127.653 148.431 20.778 2.100 0.087
851 889 0 889 119.752 143.435 23.683 2.083 0.087
852 880 0 880 113.475 143.064 29.589 2.100 0.087
853 880 0 880 105.432 128.903 23.471 2.083 0.087
854 860 0 860 99.387 126.350 26.964 2.100 0.086
855 860 0 860 92.581 119.891 27.310 2.083 0.086
856 860 0 860 86.985 111.924 24.938 2.100 0.086
857 824 0 824 81.620 105.946 24.326 2.083 0.086
858 824 0 824 75.141 105.946 30.804 2.083 0.086
859 824 0 824 69.288 88.187 18.899 2.083 0.086
860 824 0 824 64.667 82.270 17.603 2.083 0.085
861 802 0 802 59.818 81.599 21.781 2.083 0.085
862 787 0 787 53.788 80.052 26.265 2.117 0.085
863 787 0 787 49.430 78.330 28.899 2.100 0.085
864 715 0 715 44.323 78.330 34.007 2.100 0.085
865 715 0 715 38.830 69.385 30.555 2.100 0.085
866 680 0 680 34.339 59.827 25.488 2.100 0.084
867 680 0 680 29.011 51.446 22.435 2.083 0.084
868 560 0 560 25.164 51.446 26.282 2.067 0.084
869 560 0 560 21.024 42.497 21.473 2.050 0.083
870 560 0 560 17.368 41.480 24.111 2.033 0.083
871 419 0 419 14.103 41.480 27.377 2.017 0.082
872 415 0 415 11.225 40.492 29.267 2.000 0.081
873 415 0 415 8.501 40.492 31.991 1.967 0.080
874 280 0 280 6.111 33.268 27.157 1.917 0.079
875 274 0 274 4.259 26.260 22.001 1.883 0.078
876 274 0 274 2.838 26.256 23.417 1.800 0.077
877 262 0 262 1.882 19.031 17.149 1.733 0.075
878 262 0 262 1.185 19.031 17.846 1.633 0.073
879 262 0 262 0.795 19.031 18.236 1.583 0.072
880 188 0 188 0.550 19.034 18.484 1.517 0.070
881 188 0 188 0.361 19.031 18.670 1.417 0.068
882 152 0 152 0.227 19.031 18.804 1.350 0.066
883 152 0 152 0.187 19.031 18.844 1.267 0.064
884 152 0 152 0.192 19.031 18.838 1.183 0.062
885 152 0 152 0.174 19.031 18.857 1.100 0.060
886 152 0 152 0.173 19.031 18.858 1.017 0.057
887 216 0 216 0.221 19.028 18.808 0.967 0.055
888 216 0 216 0.258 19.028 18.770 0.917 0.053
889 216 0 216 0.306 19.028 18.722 0.850 0.051
890 216 0 216 0.371 19.031 18.660 0.817 0.050
891 295 0 295 0.561 19.031 18.470 0.783 0.048
892 295 0 295 0.902 19.031 18.129 0.767 0.047
893 295 0 295 1.484 19.034 17.550 0.700 0.045
894 295 0 295 2.395 19.034 16.639 0.667 0.043
895 358 0 358 3.946 19.034 15.087 0.583 0.042
896 574 0 574 5.993 19.034 13.041 0.550 0.041
897 574 0 574 8.392 19.034 10.642 0.517 0.040
898 574 0 574 11.641 19.034 7.392 0.533 0.039
899 574 0 574 15.729 19.656 3.927 0.517 0.038
900 574 0 574 21.019 19.656 1.363 0.500 0.038
901 574 0 574 26.422 20.144 6.278 0.483 0.038
902 576 0 576 32.642 21.832 10.811 0.500 0.038
903 576 0 576 38.988 22.694 16.294 0.550 0.038
904 625 0 625 47.430 24.734 22.695 0.567 0.038
905 625 0 625 55.288 26.126 29.161 0.583 0.038
906 625 0 625 63.157 32.995 30.162 0.567 0.038
907 779 0 779 73.962 49.758 24.203 0.550 0.038
908 947 0 947 86.098 65.282 20.816 0.567 0.038
909 947 0 947 98.703 68.652 30.052 0.600 0.039
910 947 0 947 113.441 91.290 22.151 0.633 0.039
911 947 0 947 126.992 94.256 32.736 0.650 0.039
912 947 0 947 139.895 118.557 21.338 0.650 0.040
913 947 0 947 155.630 122.220 33.410 0.667 0.040
914 1110 0 1110 173.254 145.461 27.793 0.683 0.041
915 1312 0 1312 192.232 172.613 19.619 0.717 0.042
916 1312 0 1312 211.654 180.855 30.799 0.750 0.042
917 1312 0 1312 228.460 211.974 16.486 0.783 0.043
918 1312 0 1312 244.657 213.291 31.366 0.733 0.043
919 1459 0 1459 267.642 238.198 29.444 0.750 0.044
920 1459 0 1459 287.234 257.757 29.477 0.750 0.044
921 1787 0 1787 308.476 278.823 29.653 0.800 0.045
922 1989 0 1989 330.718 307.581 23.137 0.817 0.046
923 1992 0 1992 354.473 331.795 22.678 0.850 0.047
924 1992 0 1992 373.746 344.495 29.251 0.850 0.047
925 1992 0 1992 391.036 353.185 37.851 0.883 0.048
926 1992 0 1992 409.269 386.819 22.450 0.883 0.049
927 1992 0 1992 425.895 390.991 34.904 0.900 0.050
928 1992 0 1992 443.372 422.147 21.225 0.950 0.051
929 1992 0 1992 461.433 432.942 28.490 0.967 0.052
930 1992 0 1992 479.182 451.921 27.261 0.967 0.053
931 1992 0 1992 495.559 471.109 24.450 1.000 0.054
932 1992 0 1992 511.049 482.990 28.060 1.017 0.055
933 1992 0 1992 528.260 499.110 29.150 1.083 0.056
934 1992 0 1992 543.010 517.348 25.662 1.083 0.057
935 1992 0 1992 558.542 533.853 24.689 1.150 0.058
936 1992 0 1992 574.183 546.874 27.309 1.200 0.060
937 1992 0 1992 588.164 561.633 26.531 1.250 0.061
938 1992 0 1992 602.038 573.668 28.371 1.317 0.062
939 1992 0 1992 615.249 578.571 36.678 1.367 0.064
940 1992 0 1992 628.162 593.625 34.537 1.433 0.065
941 1992 0 1992 639.495 604.096 35.399 1.483 0.066
942 1992 0 1992 650.877 623.239 27.638 1.533 0.068
943 1992 0 1992 664.427 636.066 28.361 1.567 0.069
944 1992 0 1992 675.264 646.172 29.093 1.617 0.071
945 1992 0 1992 687.660 655.203 32.457 1.667 0.072
946 1992 0 1992 698.961 664.894 34.067 1.700 0.073
947 1992 0 1992 709.754 680.448 29.306 1.733 0.075
948 1992 0 1992 720.628 691.235 29.393 1.783 0.076
949 1992 0 1992 731.670 695.160 36.511 1.817 0.077
950 1992 0 1992 740.870 717.103 23.767 1.867 0.078
951 1992 0 1992 749.874 719.926 29.948 1.900 0.079
952 1992 0 1992 761.521 729.578 31.943 1.933 0.080
953 1992 0 1992 772.825 745.889 26.937 1.983 0.081
954 1992 0 1992 782.745 762.357 20.388 2.017 0.082
955 1992 0 1992 792.020 764.828 27.192 2.033 0.083
956 1992 0 1992 802.146 772.786 29.359 2.033 0.084
957 1992 0 1992 811.025 782.640 28.385 2.067 0.084
958 1992 0 1992 821.087 792.509 28.579 2.100 0.085
959 1992 0 1992 830.983 800.979 30.004 2.100 0.085
960 1992 0 1992 841.471 809.162 32.309 2.133 0.086
961 1992 0 1992 851.186 820.407 30.780 2.150 0.086
962 1992 0 1992 860.335 837.099 23.235 2.183 0.086
963 1992 0 1992 868.607 839.043 29.564 2.200 0.086
964 1992 0 1992 878.165 848.790 29.375 2.217 0.086
965 1992 0 1992 885.961 861.459 24.502 2.217 0.086
966 1992 0 1992 891.973 869.937 22.035 2.217 0.086
967 1992 0 1992 899.505 878.347 21.158 2.200 0.086
968 1992 0 1992 906.458 879.270 27.188 2.200 0.086
969 1992 0 1992 912.814 887.934 24.880 2.200 0.085
970 1992 0 1992 918.738 898.178 20.560 2.183 0.085
971 1992 0 1992 923.818 906.742 17.076 2.183 0.085
972 1992 0 1992 928.593 912.360 16.233 2.167 0.084
973 1992 0 1992 932.964 913.336 19.628 2.150 0.084
974 1992 0 1992 936.311 913.336 22.975 2.133 0.084
975 1992 0 1992 936.831 913.336 23.495 2.117 0.083
976 1992 0 1992 937.465 914.146 23.320 2.117 0.083
977 1992 0 1992 938.101 914.146 23.955 2.083 0.083
978 1992 0 1992 937.330 915.376 21.953 2.083 0.082
979 1992 0 1992 934.905 915.376 19.529 2.067 0.082
980 1992 0 1992 932.791 915.588 17.203 2.067 0.081
981 1992 0 1992 929.518 915.588 13.930 2.017 0.081
982 1992 0 1992 923.488 921.681 1.807 1.983 0.080
983 1594 0 1594 917.124 913.376 3.748 1.950 0.079
984 1594 0 1594 909.840 912.826 2.986 1.900 0.079
985 1594 0 1594 905.701 912.392 6.691 1.883 0.078
986 1594 0 1594 898.363 912.004 13.641 1.833 0.077
987 1594 0 1594 890.626 904.735 14.109 1.783 0.077
988 1594 0 1594 880.764 897.382 16.618 1.750 0.076
989 1594 0 1594 866.919 889.620 22.701 1.733 0.076
990 1499 0 1499 853.663 877.658 23.995 1.700 0.075
991 1499 0 1499 839.864 862.284 22.420 1.633 0.075
992 1499 0 1499 822.727 850.473 27.746 1.617 0.075
993 1499 0 1499 806.678 830.040 23.362 1.567 0.074
994 1499 0 1499 790.521 819.455 28.934 1.617 0.074
995 1499 0 1499 769.626 793.162 23.536 1.617 0.074
996 1499 0 1499 749.757 780.127 30.370 1.600 0.074
997 1499 0 1499 724.582 754.618 30.037 1.633 0.075
998 1499 0 1499 698.919 728.426 29.507 1.650 0.075
999 1499 0 1499 670.768 701.332 30.564 1.667 0.076
1000 1499 0 1499 644.752 665.225 20.473 1.700 0.077
1001 1499 0 1499 621.844 646.961 25.116 1.717 0.077
1002 1499 0 1499 595.485 623.395 27.910 1.767 0.078
1003 1499 0 1499 567.349 596.149 28.800 1.783 0.079
1004 1499 0 1499 543.839 569.638 25.799 1.817 0.079
1005 1499 0 1499 518.127 548.753 30.626 1.867 0.080
1006 1297 0 1297 495.280 523.756 28.477 1.883 0.081
1007 1297 0 1297 474.158 497.987 23.829 1.917 0.082
1008 1297 0 1297 451.511 485.323 33.812 1.967 0.082
1009 1297 0 1297 428.438 451.045 22.607 1.983 0.083
1010 1267 0 1267 409.308 432.815 23.507 2.000 0.084
1011 1267 0 1267 389.237 412.779 23.542 2.000 0.084
1012 1267 0 1267 368.961 402.622 33.661 2.033 0.085
1013 1267 0 1267 350.382 375.733 25.351 2.033 0.086
1014 1267 0 1267 334.595 363.562 28.967 2.067 0.086
1015 1237 0 1237 316.676 337.878 21.203 2.067 0.086
1016 1237 0 1237 297.361 320.542 23.182 2.100 0.087
1017 1237 0 1237 281.837 311.318 29.482 2.117 0.087
1018 1237 0 1237 264.804 287.190 22.387 2.117 0.088
1019 1237 0 1237 248.987 268.455 19.468 2.150 0.088
1020 1189 0 1189 235.123 263.727 28.604 2.150 0.088
1021 1189 0 1189 222.008 260.068 38.060 2.133 0.088
1022 1189 0 1189 209.842 236.184 26.342 2.083 0.088
1023 1189 0 1189 198.411 220.224 21.813 2.067 0.088
1024 1189 0 1189 187.325 212.591 25.266 2.050 0.088
1025 1189 0 1189 177.057 195.522 18.465 2.050 0.088
1026 1189 0 1189 166.564 194.381 27.816 2.033 0.088
1027 1189 0 1189 156.865 177.209 20.344 2.033 0.088
1028 1189 0 1189 148.627 176.615 27.988 2.033 0.088
1029 1189 0 1189 137.732 166.379 28.648 2.033 0.088
1030 1137 0 1137 129.792 158.517 28.724 2.050 0.088
1031 1137 0 1137 122.688 145.356 22.668 2.017 0.088
1032 1137 0 1137 115.642 142.670 27.027 2.033 0.088
1033 970 0 970 107.386 129.792 22.406 2.033 0.088
1034 970 0 970 99.832 122.935 23.103 2.050 0.087
1035 970 0 970 93.112 114.815 21.703 2.050 0.087
1036 892 0 892 85.569 113.399 27.830 2.050 0.087
1037 892 0 892 79.675 106.980 27.305 2.050 0.087
1038 892 0 892 73.098 98.885 25.787 2.067 0.087
1039 892 0 892 67.616 84.332 16.716 2.067 0.087
1040 736 0 736 62.314 83.886 21.572 2.067 0.087
1041 736 0 736 57.198 83.886 26.688 2.067 0.087
1042 736 0 736 51.897 83.474 31.577 2.083 0.086
1043 736 0 736 47.322 62.277 14.955 2.083 0.086
1044 736 0 736 41.471 62.277 20.807 2.083 0.086
1045 736 0 736 37.661 59.085 21.423 2.083 0.086
1046 736 0 736 33.400 58.192 24.792 2.067 0.085
1047 736 0 736 29.831 58.192 28.361 2.050 0.085
1048 736 0 736 25.784 48.138 22.354 2.050 0.085
1049 736 0 736 21.493 42.348 20.855 2.033 0.084
1050 736 0 736 17.863 40.845 22.982 2.017 0.084
1051 444 0 444 14.854 39.248 24.394 2.000 0.083
1052 444 0 444 11.653 39.248 27.595 1.967 0.082
1053 433 0 433 9.289 38.686 29.397 1.967 0.081
1054 433 0 433 7.320 38.686 31.366 1.900 0.080
1055 255 0 255 5.034 37.500 32.466 1.850 0.079
1056 255 0 255 3.645 37.500 33.856 1.800 0.078
1057 255 0 255 2.401 37.500 35.099 1.733 0.076
1058 255 0 255 1.533 35.746 34.213 1.633 0.074
1059 255 0 255 0.928 35.751 34.823 1.567 0.072
1060 233 0 233 0.518 35.751 35.233 1.467 0.070
1061 233 0 233 0.357 35.756 35.399 1.400 0.068
1062 233 0 233 0.274 35.756 35.482 1.317 0.066
1063 233 0 233 0.231 35.756 35.525 1.250 0.064
1064 233 0 233 0.216 35.756 35.539 1.167 0.062
1065 233 0 233 0.173 30.084 29.910 1.083 0.060
1066 233 0 233 0.182 30.084 29.902 1.083 0.057
1067 233 0 233 0.199 30.084 29.885 1.017 0.056
1068 233 0 233 0.207 30.079 29.873 0.983 0.053
1069 233 0 233 0.286 30.079 29.793 0.900 0.051
1070 272 0 272 0.443 30.079 29.637 0.850 0.050
1071 288 0 288 0.653 30.079 29.426 0.833 0.048
1072 288 0 288 1.015 30.079 29.064 0.767 0.046
1073 356 0 356 1.789 30.079 28.291 0.667 0.045
1074 356 0 356 2.785 30.079 27.295 0.650 0.043
1075 356 0 356 4.166 30.079 25.913 0.600 0.042
1076 356 0 356 6.066 30.086 24.020 0.600 0.041
1077 356 0 356 8.535 30.086 21.552 0.583 0.040
1078 418 0 418 11.659 30.086 18.428 0.533 0.039
1079 444 0 444 15.453 30.086 14.634 0.500 0.038
1080 486 0 486 19.742 30.709 10.967 0.483 0.038
1081 583 0 583 24.216 32.314 8.098 0.483 0.037
1082 634 0 634 30.216 32.664 2.449 0.467 0.037
1083 634 0 634 36.924 33.562 3.361 0.467 0.037
1084 634 0 634 44.586 35.071 9.515 0.483 0.037
1085 634 0 634 53.063 37.285 15.778 0.517 0.037
1086 634 0 634 62.706 39.296 23.410 0.517 0.037
1087 651 0 651 73.743 47.878 25.865 0.517 0.037
1088 660 0 660 83.037 50.454 32.584 0.500 0.038
1089 838 0 838 96.752 66.752 30.000 0.500 0.038
1090 838 0 838 108.341 84.248 24.093 0.533 0.038
1091 847 0 847 121.120 94.638 26.482 0.533 0.039
1092 847 0 847 135.954 105.283 30.671 0.550 0.039
1093 929 0 929 150.575 122.873 27.702 0.550 0.039
1094 1062 0 1062 169.745 140.207 29.538 0.567 0.040
1095 1117 0 1117 186.155 163.245 22.910 0.567 0.041
1096 1200 0 1200 203.853 184.690 19.163 0.567 0.041
1097 1431 0 1431 224.435 187.684 36.751 0.567 0.041
1098 1633 0 1633 242.674 223.300 19.375 0.567 0.042
1099 1633 0 1633 262.717 236.609 26.108 0.583 0.043
1100 1951 0 1951 283.236 249.202 34.034 0.650 0.043
1101 2193 0 2193 309.835 280.483 29.352 0.633 0.044
1102 2193 0 2193 336.475 309.921 26.554 0.633 0.045
1103 2193 0 2193 357.807 328.696 29.111 0.683 0.046
1104 2193 0 2193 381.570 355.158 26.412 0.700 0.047
1105 2193 0 2193 400.938 383.508 17.430 0.700 0.047
1106 2193 0 2193 420.407 392.755 27.652 0.733 0.048
1107 2193 0 2193 440.407 413.287 27.120 0.767 0.049
1108 2193 0 2193 457.486 428.706 28.780 0.800 0.050
1109 2193 0 2193 475.500 449.990 25.509 0.850 0.051
1110 2193 0 2193 492.138 469.202 22.936 0.867 0.052
1111 2193 0 2193 507.049 473.579 33.470 0.883 0.053
1112 2193 0 2193 521.079 492.976 28.103 0.917 0.054
1113 2193 0 2193 536.898 508.737 28.161 0.967 0.055
1114 2193 0 2193 551.687 531.907 19.780 1.017 0.056
1115 2193 0 2193 568.399 543.852 24.548 1.083 0.057
1116 2193 0 2193 582.591 560.408 22.182 1.133 0.058
1117 2193 0 2193 595.269 570.115 25.155 1.167 0.060
1118 2193 0 2193 607.690 579.531 28.160 1.233 0.061
1119 2193 0 2193 619.993 591.074 28.919 1.283 0.062
1120 2193 0 2193 632.504 609.238 23.266 1.350 0.063
1121 2193 0 2193 644.965 613.356 31.609 1.417 0.065
1122 2193 0 2193 656.079 628.890 27.189 1.450 0.066
1123 2193 0 2193 667.286 641.840 25.446 1.500 0.067
1124 2193 0 2193 677.943 657.420 20.523 1.533 0.069
1125 2193 0 2193 691.726 663.154 28.572 1.583 0.070
1126 2193 0 2193 703.478 678.621 24.856 1.633 0.072
1127 2193 0 2193 714.846 682.392 32.454 1.667 0.073
1128 2193 0 2193 725.097 699.522 25.575 1.733 0.074
1129 2193 0 2193 736.337 708.427 27.910 1.783 0.076
1130 2193 0 2193 747.464 717.428 30.036 1.817 0.077
1131 2193 0 2193 758.972 735.868 23.104 1.850 0.078
1132 2193 0 2193 770.392 740.168 30.224 1.883 0.079
1133 2193 0 2193 783.041 764.197 18.844 1.950 0.080
1134 2193 0 2193 793.172 767.675 25.498 2.000 0.081
1135 2193 0 2193 804.090 771.535 32.555 2.033 0.082
1136 2193 0 2193 814.754 780.431 34.324 2.067 0.083
1137 2193 0 2193 825.069 800.855 24.214 2.117 0.084
1138 2193 0 2193 835.128 804.033 31.095 2.150 0.084
1139 2193 0 2193 844.374 813.805 30.569 2.183 0.085
1140 2193 0 2193 853.180 828.553 24.627 2.183 0.085
1141 2193 0 2193 861.212 838.390 22.822 2.183 0.085
1142 2193 0 2193 870.330 847.226 23.103 2.183 0.085
1143 2193 0 2193 879.018 860.287 18.730 2.200 0.085
1144 2193 0 2193 887.466 862.267 25.199 2.183 0.086
1145 2193 0 2193 895.499 869.812 25.687 2.200 0.085
1146 2193 0 2193 903.854 872.258 31.596 2.183 0.085
1147 2193 0 2193 912.107 893.464 18.642 2.183 0.085
1148 2193 0 2193 917.921 895.167 22.754 2.183 0.085
1149 2193 0 2193 924.849 903.520 21.329 2.183 0.085
1150 2193 0 2193 930.128 903.846 26.282 2.183 0.085
1151 2193 0 2193 934.999 912.482 22.517 2.167 0.084
1152 2193 0 2193 940.672 920.966 19.705 2.150 0.084
1153 2193 0 2193 943.805 921.601 22.203 2.117 0.084
1154 2193 0 2193 948.658 923.314 25.344 2.100 0.083
1155 2193 0 2193 950.990 924.414 26.576 2.100 0.083
1156 2193 0 2193 951.475 924.414 27.060 2.083 0.082
1157 2193 0 2193 951.596 930.684 20.911 2.050 0.082
1158 2193 0 2193 949.680 930.684 18.995 2.050 0.081
1159 2193 0 2193 948.415 930.684 17.730 2.033 0.081
1160 2193 0 2193 943.389 931.509 11.880 2.000 0.081
1161 2182 0 2182 937.750 931.197 6.553 1.983 0.080
1162 2095 0 2095 928.178 924.970 3.207 1.950 0.079
1163 1830 0 1830 920.913 918.297 2.616 1.917 0.079
1164 1441 0 1441 910.595 917.892 7.296 1.867 0.078
1165 1422 0 1422 902.962 917.156 14.193 1.817 0.078
1166 1422 0 1422 893.747 902.829 9.081 1.800 0.077
1167 1422 0 1422 884.601 902.502 17.900 1.800 0.076
1168 1422 0 1422 873.948 887.814 13.866 1.800 0.076
1169 1422 0 1422 863.146 884.482 21.336 1.767 0.076
1170 1422 0 1422 848.672 869.650 20.978 1.783 0.075
1171 1422 0 1422 833.412 856.173 22.760 1.767 0.075
1172 1422 0 1422 818.986 846.733 27.746 1.767 0.075
1173 1422 0 1422 801.084 833.723 32.639 1.733 0.074
1174 1422 0 1422 783.648 811.425 27.777 1.700 0.074
1175 1422 0 1422 761.506 793.179 31.672 1.683 0.074
1176 1422 0 1422 739.413 765.484 26.071 1.683 0.074
1177 1422 0 1422 718.145 748.399 30.254 1.650 0.075
1178 1422 0 1422 699.133 720.177 21.044 1.583 0.075
1179 1422 0 1422 674.385 706.519 32.134 1.600 0.076
1180 1422 0 1422 653.214 681.646 28.431 1.617 0.076
1181 1422 0 1422 627.876 662.111 34.235 1.617 0.077
1182 1422 0 1422 603.059 633.599 30.541 1.617 0.077
1183 1422 0 1422 577.630 602.993 25.363 1.700 0.078
1184 1422 0 1422 551.705 576.141 24.436 1.700 0.079
1185 1422 0 1422 524.257 549.780 25.523 1.733 0.080
1186 1417 0 1417 500.377 527.379 27.002 1.767 0.080
1187 1417 0 1417 476.689 504.489 27.800 1.817 0.081
1188 1417 0 1417 453.761 473.501 19.740 1.833 0.082
1189 1417 0 1417 433.017 459.632 26.616 1.867 0.082
1190 1304 0 1304 412.098 439.983 27.885 1.867 0.083
1191 1304 0 1304 392.010 427.303 35.294 1.917 0.083
1192 1286 0 1286 372.413 394.783 22.369 1.900 0.084
1193 1283 0 1283 352.078 380.547 28.469 1.900 0.084
1194 1283 0 1283 334.603 358.113 23.510 1.883 0.085
1195 1233 0 1233 315.019 346.910 31.891 1.917 0.085
1196 1168 0 1168 294.890 333.243 38.354 1.950 0.086
1197 1147 0 1147 278.090 309.040 30.950 1.967 0.086
1198 1147 0 1147 262.381 289.234 26.853 1.967 0.086
1199 1145 0 1145 249.051 280.538 31.486 1.933 0.086
