1 449 0 449 262.041 262.041 0.000 51.000 1.515
2 449 0 449 275.567 275.670 0.104 37.000 0.806
3 518 0 518 295.202 295.333 0.131 35.667 0.583
4 518 0 518 310.022 310.149 0.127 35.000 0.472
5 780 0 780 322.483 322.441 0.042 32.000 0.400
6 780 0 780 342.619 342.617 0.002 32.000 0.362
7 780 0 780 354.499 354.499 0.000 32.143 0.329
8 780 0 780 372.663 372.663 0.000 32.000 0.310
9 831 0 831 393.258 393.258 0.000 33.444 0.294
10 1102 0 1102 414.651 414.586 0.065 33.600 0.281
11 1279 0 1279 435.503 414.914 20.589 30.545 0.273
12 1763 0 1763 458.789 440.210 18.579 28.000 0.253
13 1930 0 1930 487.411 454.197 33.214 25.846 0.236
14 2216 0 2216 514.429 473.876 40.553 24.000 0.221
15 2514 0 2514 540.908 522.215 18.694 22.467 0.209
16 2723 0 2723 574.323 541.664 32.659 21.063 0.198
17 2800 0 2800 601.010 581.252 19.758 19.824 0.188
18 2967 0 2967 628.046 611.978 16.068 18.778 0.180
19 2967 0 2967 661.160 632.890 28.269 17.789 0.173
20 2967 0 2967 682.067 657.320 24.747 16.900 0.166
21 2967 0 2967 714.929 701.196 13.733 16.143 0.168
22 2967 0 2967 737.634 716.666 20.968 15.455 0.162
23 2967 0 2967 758.735 746.759 11.976 14.783 0.157
24 3096 0 3096 775.961 747.752 28.209 14.167 0.153
25 3385 0 3385 793.693 775.801 17.892 13.600 0.148
26 3423 0 3423 811.681 776.329 35.352 13.077 0.145
27 3511 0 3511 825.216 779.690 45.526 12.593 0.141
28 3665 0 3665 837.000 780.460 56.540 12.143 0.138
29 3665 0 3665 851.355 833.054 18.300 11.724 0.135
30 3665 0 3665 863.081 834.284 28.796 11.333 0.132
31 3665 0 3665 867.382 834.484 32.899 10.968 0.135
32 3665 0 3665 870.498 837.999 32.499 10.625 0.132
33 3665 0 3665 874.336 840.037 34.298 10.303 0.130
34 3665 0 3665 877.509 844.120 33.389 10.029 0.128
35 3665 0 3665 880.789 846.698 34.091 9.743 0.126
36 3665 0 3665 884.497 847.041 37.457 9.472 0.124
37 3665 0 3665 888.320 852.778 35.542 9.216 0.122
38 3665 0 3665 891.373 858.563 32.810 8.974 0.120
39 3665 0 3665 894.395 860.764 33.631 8.744 0.118
40 3665 0 3665 897.334 861.571 35.763 8.525 0.116
41 3665 0 3665 900.331 861.602 38.729 8.317 0.118
42 3665 0 3665 903.876 868.194 35.682 8.119 0.116
43 3665 0 3665 906.444 870.199 36.245 7.930 0.114
44 3665 0 3665 909.812 870.199 39.613 7.750 0.113
45 3665 0 3665 912.222 872.710 39.511 7.578 0.111
46 3665 0 3665 914.294 872.710 41.583 7.413 0.109
47 3665 0 3665 916.427 873.278 43.150 7.255 0.108
48 3665 0 3665 918.904 875.167 43.737 7.104 0.106
49 3665 0 3665 920.803 878.060 42.742 6.959 0.105
50 3665 0 3665 922.582 878.060 44.522 6.820 0.103
51 3665 0 3665 924.230 878.060 46.169 6.686 0.105
52 3665 0 3665 925.737 878.060 47.677 6.558 0.103
53 3665 0 3665 926.925 878.060 48.864 6.434 0.101
54 3665 0 3665 928.131 878.060 50.071 6.315 0.100
55 3665 0 3665 928.941 878.060 50.881 6.200 0.098
56 3665 0 3665 929.616 878.803 50.813 6.089 0.097
57 3665 0 3665 930.079 878.803 51.276 5.982 0.095
58 3665 0 3665 930.539 886.883 43.656 5.879 0.094
59 3665 0 3665 930.808 886.883 43.925 5.780 0.092
60 3665 0 3665 931.016 886.883 44.133 5.683 0.091
61 3665 0 3665 939.580 901.959 37.621 5.217 0.069
62 3665 0 3665 946.609 911.041 35.568 4.783 0.068
63 3665 0 3665 955.422 911.041 44.381 4.333 0.066
64 3665 0 3665 965.230 917.559 47.671 3.867 0.064
65 3665 0 3665 971.887 917.559 54.328 3.433 0.063
66 3665 0 3665 982.038 917.559 64.480 2.817 0.060
67 3665 0 3665 988.676 934.705 53.971 2.317 0.059
68 3665 0 3665 997.601 945.556 52.045 1.550 0.056
69 3665 0 3665 1004.808 946.737 58.071 1.000 0.054
70 3665 0 3665 1011.829 946.802 65.027 0.850 0.052
71 3665 0 3665 1017.392 949.496 67.896 0.850 0.052
72 3665 0 3665 1021.377 953.184 68.193 0.850 0.051
73 3665 0 3665 1023.488 953.184 70.304 0.850 0.051
74 3665 0 3665 1024.929 953.912 71.017 0.850 0.051
75 3665 0 3665 1022.446 953.912 68.533 0.817 0.051
76 3665 0 3665 1018.197 965.577 52.620 0.817 0.051
77 3665 0 3665 1014.172 965.577 48.595 0.817 0.050
78 3665 0 3665 1009.345 977.665 31.679 0.783 0.050
79 3665 0 3665 1001.835 967.218 34.617 0.783 0.050
80 3665 0 3665 994.877 967.218 27.659 0.783 0.049
81 3665 0 3665 983.387 967.218 16.168 0.783 0.049
82 3665 0 3665 973.982 950.251 23.731 0.767 0.049
83 3665 0 3665 963.752 950.251 13.500 0.767 0.048
84 3665 0 3665 953.583 937.136 16.447 0.767 0.048
85 3665 0 3665 939.321 937.051 2.270 0.767 0.047
86 3665 0 3665 924.148 922.648 1.499 0.750 0.047
87 3665 0 3665 909.666 922.648 12.982 0.750 0.047
88 3624 0 3624 894.096 908.993 14.898 0.733 0.046
89 2989 0 2989 874.290 907.694 33.404 0.750 0.046
90 2179 0 2179 855.437 906.670 51.233 0.733 0.046
91 1515 0 1515 841.532 893.988 52.456 0.717 0.046
92 1515 0 1515 828.673 863.532 34.860 0.700 0.046
93 1515 0 1515 810.807 859.894 49.087 0.717 0.046
94 1515 0 1515 794.061 854.046 59.986 0.733 0.046
95 1515 0 1515 774.286 835.550 61.264 0.733 0.046
96 1515 0 1515 751.929 819.842 67.913 0.733 0.047
97 1515 0 1515 727.084 784.046 56.963 0.750 0.047
98 1515 0 1515 704.628 776.082 71.455 0.750 0.048
99 1515 0 1515 677.836 747.502 69.666 0.767 0.049
100 1515 0 1515 653.717 724.154 70.436 0.783 0.050
101 1515 0 1515 629.746 696.713 66.967 0.833 0.051
102 1515 0 1515 602.669 666.517 63.847 0.833 0.052
103 1515 0 1515 577.163 630.504 53.341 0.867 0.053
104 1515 0 1515 550.821 592.112 41.292 0.933 0.054
105 1515 0 1515 529.506 589.268 59.762 0.967 0.055
106 1515 0 1515 505.528 554.890 49.361 0.983 0.056
107 1515 0 1515 482.109 534.122 52.013 1.017 0.057
108 1515 0 1515 457.620 524.308 66.687 1.083 0.058
109 1515 0 1515 434.680 496.006 61.326 1.083 0.059
110 1273 0 1273 411.801 471.607 59.806 1.117 0.060
111 1220 0 1220 389.751 451.881 62.130 1.133 0.061
112 1211 0 1211 368.763 419.982 51.219 1.167 0.062
113 1211 0 1211 348.594 412.169 63.575 1.183 0.063
114 1208 0 1208 329.401 390.557 61.155 1.217 0.064
115 1208 0 1208 310.486 356.536 46.050 1.233 0.065
116 1208 0 1208 294.432 348.853 54.421 1.233 0.066
117 1208 0 1208 279.832 333.519 53.687 1.250 0.067
118 1208 0 1208 265.510 321.924 56.413 1.267 0.068
119 1208 0 1208 251.916 305.816 53.900 1.267 0.068
120 1208 0 1208 237.727 291.322 53.595 1.267 0.069
121 1208 0 1208 223.831 279.494 55.663 1.267 0.069
122 1208 0 1208 209.453 260.998 51.546 1.283 0.069
123 1064 0 1064 196.906 256.952 60.047 1.267 0.070
124 1048 0 1048 188.462 246.025 57.564 1.283 0.070
125 1040 0 1040 177.574 239.499 61.925 1.300 0.070
126 1040 0 1040 167.679 225.355 57.676 1.283 0.070
127 1018 0 1018 157.621 209.892 52.271 1.283 0.070
128 1018 0 1018 148.130 195.245 47.115 1.267 0.069
129 1018 0 1018 140.094 180.149 40.055 1.267 0.069
130 1018 0 1018 132.099 178.233 46.134 1.267 0.069
131 1018 0 1018 124.631 176.908 52.276 1.283 0.069
132 1018 0 1018 118.434 176.908 58.474 1.267 0.069
133 964 0 964 111.388 160.567 49.179 1.267 0.069
134 964 0 964 105.327 160.567 55.240 1.267 0.069
135 964 0 964 96.826 159.653 62.827 1.267 0.069
136 964 0 964 87.857 129.408 41.551 1.267 0.069
137 964 0 964 80.881 129.408 48.527 1.267 0.069
138 905 0 905 75.483 127.617 52.134 1.267 0.069
139 905 0 905 69.888 115.421 45.533 1.267 0.068
140 905 0 905 63.544 102.788 39.244 1.267 0.068
141 733 0 733 57.779 102.788 45.009 1.267 0.068
142 733 0 733 52.471 102.788 50.317 1.267 0.068
143 733 0 733 47.517 99.507 51.990 1.267 0.068
144 733 0 733 43.450 98.707 55.257 1.267 0.068
145 733 0 733 38.409 86.345 47.937 1.267 0.068
146 733 0 733 33.630 84.773 51.142 1.267 0.067
147 686 0 686 28.864 84.761 55.897 1.267 0.067
148 686 0 686 24.858 58.642 33.784 1.250 0.067
149 509 0 509 20.640 58.642 38.002 1.250 0.067
150 509 0 509 17.161 53.311 36.150 1.250 0.066
151 509 0 509 14.366 53.311 38.945 1.250 0.066
152 494 0 494 11.937 52.373 40.436 1.250 0.066
153 414 0 414 9.226 52.365 43.140 1.217 0.065
154 414 0 414 7.329 52.365 45.036 1.200 0.064
155 414 0 414 5.498 52.365 46.868 1.200 0.063
156 298 0 298 3.826 52.365 48.539 1.167 0.062
157 277 0 277 2.564 51.708 49.144 1.150 0.061
158 240 0 240 1.580 51.702 50.122 1.117 0.059
159 240 0 240 0.952 51.702 50.750 1.117 0.058
160 240 0 240 0.565 51.702 51.137 1.067 0.057
161 234 0 234 0.290 51.702 51.411 1.033 0.055
162 234 0 234 0.187 51.702 51.515 1.033 0.053
163 234 0 234 0.155 51.702 51.547 0.967 0.052
164 234 0 234 0.097 51.702 51.605 0.883 0.050
165 197 0 197 0.046 51.702 51.656 0.850 0.048
166 197 0 197 0.053 51.702 51.649 0.767 0.047
167 197 0 197 0.057 51.702 51.645 0.700 0.045
168 197 0 197 0.133 51.702 51.569 0.600 0.043
169 234 0 234 0.256 51.702 51.446 0.583 0.042
170 234 0 234 0.425 51.702 51.276 0.483 0.040
171 234 0 234 0.575 51.698 51.123 0.467 0.039
172 234 0 234 0.983 51.698 50.716 0.450 0.038
173 234 0 234 1.515 51.698 50.183 0.417 0.036
174 264 0 264 2.601 51.698 49.098 0.367 0.035
175 264 0 264 3.689 51.699 48.010 0.350 0.034
176 356 0 356 5.820 51.699 45.879 0.317 0.033
177 392 0 392 8.658 51.699 43.041 0.300 0.033
178 400 0 400 11.454 51.699 40.245 0.300 0.032
179 400 0 400 15.051 51.706 36.656 0.300 0.032
180 496 0 496 20.059 51.706 31.647 0.300 0.031
181 496 0 496 26.214 51.706 25.492 0.300 0.031
182 496 0 496 32.584 52.743 20.159 0.300 0.031
183 580 0 580 40.391 52.771 12.380 0.300 0.031
184 598 0 598 49.146 53.764 4.619 0.300 0.031
185 618 0 618 57.287 54.439 2.848 0.283 0.031
186 618 0 618 66.388 54.925 11.463 0.283 0.031
187 618 0 618 76.024 54.925 21.099 0.300 0.031
188 723 0 723 87.892 57.137 30.754 0.333 0.031
189 1188 0 1188 102.758 72.781 29.976 0.350 0.031
190 1221 0 1221 119.258 76.552 42.707 0.350 0.032
191 1364 0 1364 135.409 78.866 56.543 0.333 0.032
192 1364 0 1364 146.997 94.182 52.816 0.367 0.032
193 1364 0 1364 162.270 110.848 51.423 0.400 0.033
194 1364 0 1364 179.609 126.332 53.277 0.417 0.033
195 1364 0 1364 199.759 160.272 39.488 0.467 0.034
196 1364 0 1364 218.819 160.785 58.034 0.500 0.034
197 1397 0 1397 239.681 198.410 41.272 0.483 0.034
198 1397 0 1397 258.424 211.787 46.637 0.483 0.035
199 1631 0 1631 279.393 243.640 35.752 0.533 0.035
200 1719 0 1719 303.872 246.008 57.864 0.583 0.036
201 1854 0 1854 327.343 288.235 39.108 0.583 0.036
202 1854 0 1854 349.762 306.214 43.548 0.583 0.037
203 1854 0 1854 369.079 310.813 58.266 0.600 0.037
204 1854 0 1854 388.214 329.519 58.696 0.617 0.038
205 1854 0 1854 407.575 361.920 45.656 0.650 0.039
206 1854 0 1854 425.338 366.972 58.366 0.650 0.039
207 1854 0 1854 443.205 403.400 39.805 0.683 0.040
208 1854 0 1854 460.738 406.844 53.893 0.700 0.041
209 1854 0 1854 479.000 422.644 56.356 0.717 0.041
210 1854 0 1854 494.009 438.575 55.434 0.733 0.042
211 1854 0 1854 509.736 440.353 69.382 0.750 0.043
212 1854 0 1854 524.611 478.933 45.678 0.733 0.044
213 1854 0 1854 540.803 496.335 44.467 0.800 0.044
214 1854 0 1854 554.109 502.679 51.430 0.783 0.045
215 1854 0 1854 569.623 505.986 63.638 0.833 0.046
216 1854 0 1854 583.293 538.154 45.139 0.833 0.047
217 1854 0 1854 597.668 543.617 54.051 0.850 0.048
218 1854 0 1854 610.239 559.337 50.902 0.867 0.049
219 1854 0 1854 624.776 576.498 48.278 0.867 0.050
220 1854 0 1854 637.066 581.449 55.617 0.883 0.051
221 1854 0 1854 650.901 587.078 63.823 0.883 0.052
222 1854 0 1854 662.905 589.828 73.077 0.900 0.053
223 1854 0 1854 676.325 619.852 56.472 0.900 0.055
224 1854 0 1854 687.232 621.994 65.237 0.950 0.056
225 1854 0 1854 699.338 628.198 71.140 0.967 0.057
226 1854 0 1854 707.484 644.356 63.128 0.967 0.057
227 1854 0 1854 717.806 648.154 69.652 0.983 0.058
228 1854 0 1854 727.918 665.746 62.172 1.017 0.059
229 1854 0 1854 739.454 677.388 62.065 1.050 0.060
230 1854 0 1854 751.293 683.123 68.170 1.083 0.061
231 1854 0 1854 762.508 701.723 60.785 1.100 0.062
232 1854 0 1854 772.804 720.079 52.726 1.133 0.063
233 1854 0 1854 782.056 723.826 58.231 1.150 0.064
234 1854 0 1854 792.388 727.657 64.731 1.167 0.065
235 1854 0 1854 800.715 752.579 48.136 1.183 0.065
236 1854 0 1854 810.502 758.424 52.078 1.200 0.066
237 1854 0 1854 821.506 759.096 62.410 1.267 0.066
238 1854 0 1854 829.931 783.172 46.759 1.267 0.067
239 1854 0 1854 838.567 785.641 52.926 1.283 0.067
240 1854 0 1854 848.292 789.355 58.937 1.283 0.068
241 1854 0 1854 858.977 802.743 56.235 1.317 0.068
242 1854 0 1854 868.233 817.726 50.507 1.317 0.068
243 1854 0 1854 877.829 817.801 60.028 1.333 0.068
244 1854 0 1854 887.430 819.662 67.768 1.350 0.068
245 1854 0 1854 895.249 849.585 45.665 1.350 0.068
246 1854 0 1854 902.608 862.263 40.344 1.350 0.068
247 1854 0 1854 909.632 862.263 47.369 1.350 0.068
248 1854 0 1854 916.892 878.928 37.964 1.350 0.068
249 1854 0 1854 922.826 878.913 43.913 1.350 0.068
250 1854 0 1854 928.799 883.371 45.428 1.350 0.068
251 1854 0 1854 933.177 883.917 49.260 1.350 0.067
252 1854 0 1854 936.701 883.917 52.784 1.333 0.067
253 1854 0 1854 939.544 885.945 53.599 1.333 0.067
254 1854 0 1854 943.573 897.916 45.657 1.333 0.067
255 1854 0 1854 945.369 898.489 46.880 1.333 0.066
256 1854 0 1854 945.709 898.489 47.220 1.317 0.066
257 1854 0 1854 945.760 898.998 46.761 1.317 0.065
258 1854 0 1854 944.936 898.998 45.938 1.300 0.065
259 1854 0 1854 943.124 898.998 44.126 1.317 0.065
260 1854 0 1854 937.716 912.412 25.303 1.333 0.064
261 1632 0 1632 930.925 912.412 18.512 1.333 0.064
262 1632 0 1632 924.186 912.429 11.757 1.317 0.063
263 1535 0 1535 918.894 897.056 21.837 1.267 0.063
264 1535 0 1535 912.958 897.056 15.901 1.267 0.063
265 1535 0 1535 906.427 899.162 7.266 1.183 0.062
266 1535 0 1535 899.336 899.138 0.198 1.150 0.062
267 1535 0 1535 890.601 898.478 7.877 1.183 0.061
268 1427 0 1427 879.675 898.478 18.803 1.200 0.061
269 1427 0 1427 867.209 896.493 29.284 1.167 0.061
270 1427 0 1427 853.924 891.329 37.406 1.167 0.060
271 1427 0 1427 838.054 877.291 39.237 1.150 0.060
272 1427 0 1427 822.290 872.284 49.993 1.183 0.060
273 1427 0 1427 803.490 861.890 58.400 1.167 0.060
274 1427 0 1427 786.461 821.388 34.928 1.167 0.060
275 1427 0 1427 765.206 814.978 49.771 1.150 0.060
276 1427 0 1427 742.354 794.638 52.284 1.167 0.061
277 1427 0 1427 718.291 763.719 45.428 1.167 0.061
278 1427 0 1427 695.025 746.296 51.270 1.200 0.061
279 1427 0 1427 671.004 723.981 52.977 1.217 0.061
280 1427 0 1427 646.452 692.447 45.995 1.217 0.062
281 1365 0 1365 619.524 669.767 50.243 1.233 0.062
282 1365 0 1365 592.278 650.027 57.749 1.233 0.063
283 1365 0 1365 564.933 616.416 51.483 1.233 0.063
284 1316 0 1316 540.875 608.103 67.228 1.267 0.064
285 1316 0 1316 514.582 576.662 62.080 1.283 0.064
286 1316 0 1316 490.705 552.669 61.964 1.367 0.065
287 1316 0 1316 466.348 521.391 55.042 1.333 0.066
288 1316 0 1316 444.092 501.463 57.371 1.367 0.066
289 1309 0 1309 423.325 493.571 70.246 1.383 0.066
290 1257 0 1257 398.662 458.670 60.008 1.383 0.067
291 1257 0 1257 377.845 446.372 68.527 1.417 0.067
292 1257 0 1257 360.230 429.208 68.978 1.400 0.068
293 1251 0 1251 342.019 398.641 56.621 1.400 0.068
294 1251 0 1251 323.051 390.310 67.259 1.417 0.068
295 1251 0 1251 303.143 369.494 66.351 1.400 0.069
296 1251 0 1251 286.463 345.092 58.629 1.367 0.069
297 1213 0 1213 270.988 327.352 56.365 1.367 0.069
298 1213 0 1213 257.010 310.846 53.836 1.350 0.070
299 1181 0 1181 244.390 303.694 59.304 1.383 0.070
300 1181 0 1181 231.057 300.390 69.333 1.367 0.070
301 1181 0 1181 217.753 281.655 63.902 1.333 0.070
302 1181 0 1181 206.341 259.692 53.351 1.333 0.069
303 1181 0 1181 192.956 259.692 66.736 1.300 0.069
304 1181 0 1181 180.674 244.048 63.375 1.317 0.069
305 1181 0 1181 170.681 225.075 54.393 1.300 0.069
306 1181 0 1181 161.187 223.580 62.393 1.283 0.069
307 1027 0 1027 151.634 205.697 54.063 1.300 0.069
308 1027 0 1027 143.888 192.284 48.396 1.317 0.069
309 1027 0 1027 135.405 188.193 52.788 1.267 0.069
310 1027 0 1027 128.074 188.193 60.119 1.267 0.069
311 1027 0 1027 120.888 172.074 51.186 1.267 0.069
312 1027 0 1027 112.701 172.074 59.373 1.283 0.069
313 1027 0 1027 105.461 148.708 43.247 1.267 0.069
314 1027 0 1027 99.339 148.708 49.369 1.267 0.069
315 1027 0 1027 93.160 141.123 47.963 1.250 0.068
316 1018 0 1018 85.222 141.123 55.901 1.250 0.068
317 910 0 910 79.495 139.933 60.439 1.233 0.068
318 857 0 857 72.969 127.100 54.131 1.233 0.068
319 857 0 857 67.306 127.100 59.795 1.217 0.068
320 857 0 857 61.079 127.100 66.021 1.200 0.068
321 857 0 857 55.973 112.901 56.928 1.183 0.068
322 856 0 856 50.145 97.979 47.834 1.183 0.068
323 715 0 715 45.433 96.623 51.190 1.183 0.068
324 715 0 715 40.984 81.782 40.798 1.183 0.067
325 630 0 630 36.745 78.562 41.817 1.183 0.067
326 564 0 564 33.026 78.562 45.536 1.183 0.067
327 513 0 513 29.307 76.815 47.508 1.183 0.067
328 506 0 506 25.683 76.815 51.133 1.167 0.066
329 452 0 452 21.732 76.815 55.083 1.150 0.066
330 452 0 452 18.425 76.815 58.390 1.150 0.066
331 452 0 452 15.048 76.815 61.768 1.150 0.065
332 452 0 452 12.029 73.257 61.227 1.150 0.065
333 452 0 452 9.159 73.257 64.098 1.117 0.064
334 387 0 387 6.943 73.257 66.314 1.100 0.063
335 333 0 333 4.982 72.351 67.369 1.083 0.062
336 333 0 333 3.300 72.351 69.051 1.033 0.061
337 208 0 208 2.042 72.351 70.309 1.017 0.059
338 208 0 208 1.256 72.351 71.095 0.950 0.058
339 170 0 170 0.720 72.361 71.640 0.900 0.056
340 161 0 161 0.541 72.361 71.819 0.833 0.055
341 161 0 161 0.414 72.351 71.937 0.817 0.053
342 161 0 161 0.257 70.770 70.513 0.800 0.052
343 152 0 152 0.203 70.780 70.577 0.767 0.050
344 152 0 152 0.174 70.780 70.606 0.733 0.049
345 152 0 152 0.160 70.780 70.620 0.700 0.047
346 194 0 194 0.193 70.780 70.587 0.667 0.045
347 194 0 194 0.211 70.780 70.569 0.633 0.044
348 237 0 237 0.258 70.770 70.512 0.600 0.042
349 237 0 237 0.324 70.770 70.446 0.600 0.041
350 237 0 237 0.405 70.770 70.366 0.583 0.040
351 237 0 237 0.580 70.770 70.191 0.550 0.038
352 306 0 306 0.990 70.770 69.780 0.500 0.037
353 327 0 327 1.461 70.764 69.303 0.483 0.036
354 379 0 379 2.421 70.764 68.342 0.467 0.035
355 379 0 379 3.677 70.764 67.087 0.467 0.034
356 468 0 468 5.960 70.763 64.803 0.417 0.033
357 468 0 468 9.004 70.773 61.769 0.367 0.032
358 468 0 468 12.262 70.773 58.511 0.350 0.032
359 468 0 468 16.040 70.773 54.733 0.350 0.031
360 468 0 468 20.068 70.773 50.705 0.333 0.031
361 497 0 497 24.938 70.783 45.844 0.333 0.030
362 497 0 497 30.350 70.783 40.433 0.350 0.030
363 499 0 499 36.783 70.783 34.000 0.333 0.030
364 561 0 561 43.941 72.165 28.224 0.333 0.030
365 563 0 563 52.205 74.323 22.118 0.350 0.030
366 668 0 668 60.891 74.323 13.432 0.350 0.030
367 668 0 668 72.614 75.177 2.563 0.333 0.030
368 668 0 668 83.293 79.068 4.224 0.333 0.030
369 758 0 758 93.581 82.170 11.411 0.317 0.031
370 758 0 758 107.875 82.170 25.705 0.333 0.031
371 803 0 803 120.524 85.717 34.807 0.317 0.031
372 1003 0 1003 136.469 88.594 47.876 0.317 0.031
373 1003 0 1003 152.277 118.928 33.349 0.350 0.032
374 1003 0 1003 169.444 126.083 43.361 0.417 0.032
375 1241 0 1241 187.116 140.708 46.408 0.417 0.033
376 1241 0 1241 204.344 153.250 51.094 0.433 0.033
377 1241 0 1241 222.458 188.727 33.732 0.433 0.034
378 1617 0 1617 244.783 192.591 52.192 0.467 0.034
379 2229 0 2229 267.236 228.078 39.158 0.450 0.035
380 2667 0 2667 297.117 230.011 67.106 0.467 0.035
381 2790 0 2790 326.853 277.116 49.737 0.467 0.036
382 2986 0 2986 357.356 310.450 46.906 0.517 0.036
383 3004 0 3004 389.604 355.101 34.503 0.500 0.037
384 3004 0 3004 416.581 359.682 56.899 0.533 0.037
385 3004 0 3004 445.268 392.389 52.879 0.550 0.038
386 3004 0 3004 467.175 407.479 59.695 0.550 0.039
387 3004 0 3004 493.010 446.748 46.262 0.583 0.040
388 3004 0 3004 517.233 464.274 52.958 0.600 0.040
389 3004 0 3004 535.545 467.600 67.945 0.633 0.041
390 3004 0 3004 551.924 472.942 78.982 0.667 0.042
391 3004 0 3004 566.650 489.974 76.675 0.667 0.043
392 3004 0 3004 581.128 534.275 46.853 0.717 0.044
393 3004 0 3004 596.669 550.448 46.220 0.717 0.045
394 3004 0 3004 609.906 578.266 31.640 0.767 0.045
395 3004 0 3004 623.578 582.712 40.866 0.767 0.046
396 3004 0 3004 636.559 584.136 52.423 0.817 0.047
397 3004 0 3004 649.296 593.845 55.451 0.800 0.048
398 3004 0 3004 661.876 618.971 42.905 0.800 0.049
399 3004 0 3004 674.499 624.166 50.333 0.817 0.050
400 3004 0 3004 687.062 640.033 47.029 0.867 0.051
401 3004 0 3004 698.266 643.342 54.924 0.867 0.052
402 3004 0 3004 709.666 648.217 61.449 0.900 0.053
403 3004 0 3004 720.756 654.148 66.608 0.950 0.055
404 3004 0 3004 733.263 665.831 67.432 0.967 0.056
405 3004 0 3004 744.174 696.885 47.288 0.983 0.057
406 3004 0 3004 756.668 702.534 54.134 1.017 0.058
407 3004 0 3004 768.406 716.378 52.029 1.050 0.059
408 3004 0 3004 780.850 724.477 56.373 1.100 0.060
409 3004 0 3004 791.643 727.106 64.537 1.117 0.061
410 3004 0 3004 803.150 740.848 62.302 1.133 0.062
411 3004 0 3004 813.584 755.831 57.753 1.150 0.063
412 3004 0 3004 823.075 772.695 50.379 1.183 0.064
413 3004 0 3004 832.029 775.055 56.974 1.217 0.065
414 3004 0 3004 842.336 780.333 62.003 1.217 0.065
415 3004 0 3004 851.815 781.186 70.630 1.233 0.066
416 3004 0 3004 863.228 797.882 65.347 1.267 0.067
417 3004 0 3004 874.541 811.897 62.644 1.283 0.067
418 3004 0 3004 884.591 815.584 69.007 1.317 0.068
419 3004 0 3004 894.817 821.036 73.781 1.333 0.068
420 3004 0 3004 903.394 821.908 81.486 1.317 0.069
421 3004 0 3004 912.106 835.913 76.193 1.317 0.069
422 3004 0 3004 920.782 872.134 48.648 1.350 0.069
423 3004 0 3004 928.847 873.681 55.166 1.350 0.069
424 3004 0 3004 936.719 904.220 32.499 1.333 0.069
425 3004 0 3004 945.164 907.682 37.481 1.333 0.069
426 3004 0 3004 951.956 919.487 32.468 1.333 0.069
427 3004 0 3004 961.042 924.009 37.033 1.317 0.069
428 3004 0 3004 968.499 924.694 43.805 1.317 0.069
429 3004 0 3004 973.448 924.694 48.754 1.317 0.069
430 3004 0 3004 980.431 924.694 55.737 1.300 0.069
431 3004 0 3004 986.241 926.098 60.142 1.283 0.069
432 3004 0 3004 992.111 926.748 65.363 1.267 0.068
433 3004 0 3004 998.220 944.850 53.370 1.233 0.068
434 3004 0 3004 1002.786 944.850 57.936 1.233 0.068
435 3004 0 3004 1006.191 959.708 46.482 1.233 0.067
436 3004 0 3004 1009.052 959.751 49.300 1.250 0.067
437 3004 0 3004 1011.854 974.007 37.847 1.267 0.067
438 3004 0 3004 1010.990 974.043 36.947 1.283 0.066
439 3004 0 3004 1006.930 974.043 32.886 1.283 0.066
440 3004 0 3004 998.259 974.043 24.216 1.300 0.065
441 3004 0 3004 989.023 974.043 14.980 1.300 0.065
442 3004 0 3004 975.754 974.043 1.711 1.317 0.064
443 2979 0 2979 959.085 958.939 0.146 1.350 0.064
444 2979 0 2979 945.090 958.939 13.849 1.317 0.064
445 2803 0 2803 929.054 935.456 6.402 1.333 0.063
446 2803 0 2803 915.811 935.456 19.645 1.317 0.063
447 2469 0 2469 899.097 915.948 16.851 1.317 0.062
448 1915 0 1915 879.707 915.346 35.639 1.317 0.062
449 1671 0 1671 865.310 896.532 31.223 1.317 0.061
450 1671 0 1671 851.484 884.824 33.340 1.317 0.061
451 1671 0 1671 840.032 880.297 40.265 1.300 0.060
452 1671 0 1671 824.171 876.889 52.718 1.350 0.060
453 1671 0 1671 806.337 871.020 64.683 1.367 0.060
454 1671 0 1671 786.848 837.511 50.663 1.383 0.060
455 1671 0 1671 765.521 820.828 55.307 1.383 0.060
456 1671 0 1671 742.249 798.314 56.066 1.400 0.060
457 1671 0 1671 721.667 781.768 60.100 1.367 0.060
458 1671 0 1671 699.840 760.229 60.389 1.383 0.060
459 1328 0 1328 674.889 735.980 61.091 1.433 0.061
460 1328 0 1328 649.981 703.294 53.313 1.417 0.061
461 1328 0 1328 622.938 670.988 48.050 1.433 0.062
462 1328 0 1328 596.891 652.104 55.213 1.467 0.062
463 1328 0 1328 572.674 634.148 61.474 1.517 0.063
464 1301 0 1301 550.534 613.947 63.413 1.483 0.063
465 1301 0 1301 527.122 577.383 50.261 1.500 0.064
466 1301 0 1301 502.934 563.545 60.611 1.517 0.064
467 1301 0 1301 478.348 527.647 49.298 1.483 0.065
468 1301 0 1301 452.999 524.073 71.074 1.500 0.065
469 1301 0 1301 429.108 492.390 63.282 1.517 0.066
470 1301 0 1301 407.108 471.921 64.813 1.550 0.066
471 1301 0 1301 386.469 439.677 53.207 1.533 0.067
472 1301 0 1301 366.235 421.579 55.344 1.500 0.067
473 1301 0 1301 347.522 394.548 47.026 1.483 0.068
474 1301 0 1301 329.406 384.836 55.430 1.467 0.068
475 1301 0 1301 312.374 373.450 61.076 1.467 0.068
476 1301 0 1301 295.735 366.193 70.458 1.433 0.068
477 1301 0 1301 279.782 337.488 57.706 1.417 0.068
478 1301 0 1301 265.773 323.350 57.576 1.383 0.069
479 1301 0 1301 249.646 316.289 66.643 1.300 0.069
480 1301 0 1301 236.432 285.167 48.735 1.300 0.069
481 1301 0 1301 224.222 273.515 49.293 1.283 0.069
482 1301 0 1301 212.213 272.422 60.209 1.283 0.069
483 1301 0 1301 199.890 256.836 56.946 1.300 0.069
484 1301 0 1301 189.918 239.966 50.048 1.300 0.069
485 1301 0 1301 179.677 239.966 60.288 1.267 0.069
486 1301 0 1301 170.214 224.731 54.517 1.283 0.069
487 1301 0 1301 160.658 219.574 58.917 1.267 0.069
488 1301 0 1301 151.209 207.886 56.677 1.267 0.069
489 1301 0 1301 142.349 190.230 47.881 1.250 0.069
490 1301 0 1301 132.367 175.984 43.617 1.250 0.069
491 1301 0 1301 127.290 175.984 48.694 1.250 0.068
492 1301 0 1301 120.520 171.618 51.098 1.250 0.068
493 949 0 949 112.638 170.792 58.154 1.250 0.068
494 949 0 949 105.430 155.790 50.359 1.250 0.068
495 949 0 949 99.148 142.125 42.978 1.233 0.068
496 949 0 949 92.405 141.117 48.712 1.233 0.068
497 942 0 942 85.365 141.117 55.752 1.217 0.068
498 942 0 942 78.312 122.297 43.985 1.217 0.068
499 942 0 942 72.389 122.297 49.908 1.217 0.068
500 942 0 942 67.989 122.297 54.308 1.200 0.067
501 942 0 942 62.939 121.398 58.459 1.200 0.067
502 942 0 942 57.218 98.721 41.502 1.200 0.067
503 942 0 942 51.629 98.721 47.091 1.200 0.067
504 813 0 813 45.936 98.721 52.785 1.200 0.067
505 631 0 631 41.288 97.677 56.389 1.183 0.067
506 585 0 585 37.310 97.677 60.367 1.167 0.067
507 585 0 585 32.735 76.938 44.203 1.167 0.067
508 552 0 552 28.221 76.938 48.717 1.150 0.066
509 552 0 552 24.304 76.938 52.634 1.150 0.066
510 552 0 552 20.638 76.938 56.300 1.133 0.065
511 552 0 552 18.144 65.829 47.685 1.133 0.065
512 552 0 552 15.067 64.980 49.913 1.117 0.064
513 552 0 552 12.289 64.980 52.690 1.117 0.064
514 552 0 552 9.668 62.399 52.731 1.100 0.063
515 552 0 552 7.495 62.399 54.905 1.100 0.062
516 552 0 552 5.665 62.399 56.735 1.100 0.061
517 552 0 552 4.493 58.957 54.464 1.050 0.060
518 552 0 552 3.808 58.957 55.149 1.033 0.059
519 552 0 552 3.378 58.957 55.580 1.000 0.057
520 552 0 552 3.013 58.957 55.944 0.933 0.056
521 552 0 552 2.780 58.957 56.177 0.933 0.054
522 552 0 552 2.701 58.957 56.257 0.883 0.053
523 552 0 552 2.613 58.957 56.344 0.817 0.051
524 552 0 552 2.596 58.957 56.361 0.817 0.050
525 552 0 552 2.580 58.957 56.377 0.800 0.048
526 552 0 552 2.657 58.957 56.301 0.750 0.046
527 552 0 552 2.715 58.957 56.243 0.717 0.045
528 552 0 552 2.762 58.957 56.196 0.617 0.043
529 552 0 552 2.843 58.957 56.115 0.533 0.041
530 552 0 552 2.999 58.957 55.958 0.500 0.040
531 552 0 552 3.225 58.957 55.732 0.467 0.039
532 552 0 552 3.689 58.949 55.260 0.417 0.037
533 552 0 552 4.339 58.957 54.618 0.400 0.036
534 552 0 552 5.351 58.957 53.607 0.367 0.035
535 552 0 552 6.703 58.966 52.263 0.350 0.034
536 552 0 552 9.019 58.966 49.946 0.317 0.033
537 552 0 552 11.578 58.966 47.388 0.300 0.033
538 552 0 552 14.701 59.008 44.307 0.300 0.032
539 552 0 552 18.701 59.008 40.306 0.300 0.031
540 552 0 552 23.643 59.008 35.364 0.317 0.031
541 552 0 552 29.475 59.016 29.541 0.317 0.031
542 552 0 552 35.805 59.016 23.211 0.317 0.031
543 552 0 552 42.173 60.017 17.844 0.317 0.031
544 552 0 552 50.502 61.724 11.222 0.317 0.031
545 586 0 586 59.463 62.520 3.057 0.317 0.031
546 647 0 647 70.176 62.520 7.656 0.333 0.031
547 647 0 647 78.748 63.265 15.483 0.317 0.031
548 748 0 748 90.595 68.404 22.192 0.333 0.031
549 748 0 748 101.146 70.145 31.001 0.333 0.031
550 926 0 926 114.567 70.826 43.741 0.367 0.032
551 956 0 956 126.887 74.808 52.079 0.383 0.032
552 1013 0 1013 139.735 76.501 63.233 0.383 0.032
553 1046 0 1046 157.567 105.693 51.874 0.400 0.033
554 1046 0 1046 173.782 125.640 48.142 0.400 0.034
555 1377 0 1377 187.117 140.725 46.392 0.400 0.034
556 1452 0 1452 205.433 158.873 46.560 0.400 0.034
557 1711 0 1711 224.885 174.085 50.800 0.400 0.035
558 1889 0 1889 245.135 189.441 55.694 0.400 0.035
559 2169 0 2169 268.189 221.343 46.846 0.417 0.036
560 2332 0 2332 290.590 226.786 63.804 0.433 0.036
561 2358 0 2358 313.163 262.400 50.763 0.433 0.037
562 2576 0 2576 340.191 296.415 43.777 0.450 0.037
563 2582 0 2582 364.522 300.403 64.120 0.467 0.038
564 2582 0 2582 391.282 346.898 44.384 0.483 0.039
565 2582 0 2582 412.672 369.006 43.665 0.483 0.039
566 2582 0 2582 435.564 371.029 64.534 0.517 0.040
567 2582 0 2582 454.962 394.377 60.585 0.550 0.040
568 2582 0 2582 470.065 427.900 42.166 0.567 0.041
569 2582 0 2582 486.196 434.960 51.236 0.617 0.041
570 2582 0 2582 501.804 450.514 51.289 0.633 0.042
571 2582 0 2582 518.753 457.599 61.154 0.683 0.043
572 2582 0 2582 536.232 473.974 62.258 0.683 0.044
573 2582 0 2582 550.597 503.969 46.627 0.683 0.045
574 2582 0 2582 564.460 506.293 58.167 0.717 0.045
575 2582 0 2582 578.208 511.680 66.529 0.750 0.046
576 2582 0 2582 593.379 528.466 64.913 0.767 0.047
577 2582 0 2582 607.619 532.099 75.521 0.800 0.048
578 2582 0 2582 621.463 559.678 61.785 0.833 0.049
579 2582 0 2582 634.786 563.994 70.792 0.917 0.051
580 2582 0 2582 647.341 569.622 77.719 0.917 0.052
581 2582 0 2582 659.652 596.502 63.149 1.017 0.053
582 2582 0 2582 671.215 609.297 61.918 1.050 0.054
583 2582 0 2582 682.080 624.509 57.570 1.050 0.055
584 2582 0 2582 693.416 643.777 49.639 1.083 0.056
585 2582 0 2582 705.353 649.965 55.388 1.100 0.057
586 2582 0 2582 716.498 650.824 65.675 1.150 0.058
587 2582 0 2582 729.036 669.100 59.936 1.183 0.059
588 2582 0 2582 740.924 683.251 57.673 1.233 0.060
589 2582 0 2582 752.759 690.098 62.661 1.250 0.061
590 2582 0 2582 764.198 693.703 70.496 1.267 0.062
591 2582 0 2582 774.522 720.288 54.234 1.317 0.063
592 2582 0 2582 785.701 741.345 44.356 1.333 0.064
593 2582 0 2582 796.333 745.552 50.781 1.333 0.065
594 2582 0 2582 806.349 751.685 54.663 1.333 0.065
595 2582 0 2582 815.850 765.110 50.740 1.350 0.066
596 2582 0 2582 827.262 765.920 61.342 1.350 0.067
597 2582 0 2582 836.450 782.267 54.182 1.367 0.067
598 2582 0 2582 846.275 784.175 62.100 1.383 0.068
599 2582 0 2582 855.496 800.890 54.605 1.383 0.068
600 2582 0 2582 865.724 815.825 49.898 1.417 0.068
601 2582 0 2582 876.053 818.981 57.072 1.417 0.068
602 2582 0 2582 885.489 822.812 62.677 1.433 0.069
603 2582 0 2582 893.559 825.540 68.018 1.433 0.069
604 2582 0 2582 902.891 846.180 56.711 1.433 0.069
605 2582 0 2582 911.103 846.940 64.162 1.433 0.069
606 2582 0 2582 920.201 858.805 61.396 1.450 0.069
607 2582 0 2582 926.423 874.628 51.795 1.450 0.069
608 2582 0 2582 933.029 874.628 58.401 1.433 0.068
609 2582 0 2582 938.950 892.030 46.920 1.433 0.068
610 2582 0 2582 944.416 892.030 52.386 1.433 0.068
611 2582 0 2582 949.597 919.411 30.186 1.383 0.068
612 2582 0 2582 954.433 920.440 33.993 1.383 0.068
613 2582 0 2582 960.308 922.477 37.831 1.367 0.067
614 2582 0 2582 963.471 922.477 40.994 1.367 0.067
615 2582 0 2582 964.355 922.477 41.879 1.367 0.067
616 2582 0 2582 966.075 923.476 42.599 1.350 0.066
617 2582 0 2582 964.735 923.476 41.259 1.333 0.066
618 2582 0 2582 964.834 923.476 41.358 1.317 0.065
619 2582 0 2582 961.958 923.476 38.482 1.317 0.065
620 2582 0 2582 956.919 923.505 33.414 1.317 0.064
621 2582 0 2582 951.213 923.505 27.708 1.283 0.064
622 2582 0 2582 943.038 923.505 19.533 1.233 0.064
623 2475 0 2475 934.011 907.439 26.572 1.233 0.063
624 2419 0 2419 921.483 907.439 14.044 1.200 0.063
625 2255 0 2255 911.933 907.439 4.495 1.150 0.062
626 1506 0 1506 899.724 890.693 9.031 1.183 0.062
627 1415 0 1415 888.228 890.693 2.465 1.150 0.061
628 1415 0 1415 879.307 890.693 11.386 1.133 0.061
629 1415 0 1415 870.152 878.277 8.125 1.133 0.061
630 1415 0 1415 858.663 878.277 19.614 1.133 0.060
631 1415 0 1415 842.151 876.394 34.243 1.183 0.060
632 1408 0 1408 826.932 871.756 44.824 1.183 0.060
633 1408 0 1408 809.247 853.979 44.732 1.217 0.059
634 1408 0 1408 790.926 838.551 47.625 1.167 0.060
635 1408 0 1408 769.037 835.325 66.289 1.117 0.060
636 1408 0 1408 745.757 813.324 67.567 1.183 0.060
637 1408 0 1408 723.890 788.184 64.294 1.233 0.060
638 1408 0 1408 699.007 751.645 52.638 1.200 0.060
639 1408 0 1408 673.670 735.823 62.154 1.167 0.061
640 1408 0 1408 650.672 693.885 43.214 1.233 0.061
641 1408 0 1408 623.913 686.703 62.789 1.183 0.062
642 1408 0 1408 597.441 651.781 54.340 1.200 0.062
643 1408 0 1408 576.160 644.319 68.160 1.200 0.062
644 1408 0 1408 553.597 611.058 57.462 1.183 0.063
645 1408 0 1408 527.013 577.999 50.986 1.183 0.063
646 1361 0 1361 499.851 540.375 40.523 1.200 0.064
647 1361 0 1361 473.838 534.063 60.225 1.183 0.064
648 1329 0 1329 450.128 510.918 60.789 1.183 0.065
649 1329 0 1329 428.890 492.293 63.403 1.200 0.065
650 1329 0 1329 405.412 461.157 55.745 1.217 0.066
651 1281 0 1281 384.698 443.892 59.194 1.183 0.066
652 1281 0 1281 364.549 424.649 60.100 1.217 0.067
653 1281 0 1281 343.818 418.660 74.841 1.250 0.067
654 1281 0 1281 326.086 397.721 71.635 1.283 0.068
655 1281 0 1281 310.605 370.577 59.972 1.267 0.068
656 1281 0 1281 293.659 363.637 69.978 1.267 0.068
657 1281 0 1281 278.555 331.488 52.933 1.283 0.068
658 1281 0 1281 263.655 317.767 54.111 1.300 0.068
659 1192 0 1192 250.116 298.640 48.523 1.317 0.068
660 1192 0 1192 234.591 286.419 51.828 1.283 0.069
661 1192 0 1192 221.071 268.010 46.938 1.267 0.069
662 1192 0 1192 210.337 266.056 55.719 1.250 0.068
663 1159 0 1159 198.637 248.599 49.963 1.250 0.069
664 1121 0 1121 187.792 246.433 58.640 1.250 0.068
665 1121 0 1121 178.520 227.253 48.733 1.233 0.068
666 1121 0 1121 169.001 224.942 55.941 1.217 0.068
667 1119 0 1119 158.632 211.036 52.404 1.233 0.068
668 1119 0 1119 149.469 194.336 44.867 1.233 0.068
669 1119 0 1119 140.890 192.469 51.579 1.233 0.068
670 1119 0 1119 131.295 192.469 61.174 1.233 0.068
671 962 0 962 122.644 164.007 41.363 1.200 0.068
672 859 0 859 115.548 162.561 47.012 1.200 0.068
673 836 0 836 109.314 162.561 53.247 1.183 0.068
674 836 0 836 100.909 144.141 43.233 1.183 0.068
675 836 0 836 94.522 140.746 46.224 1.183 0.068
676 836 0 836 87.571 140.746 53.175 1.200 0.067
677 781 0 781 81.562 128.836 47.274 1.217 0.067
678 729 0 729 75.592 127.531 51.939 1.217 0.067
679 726 0 726 69.612 113.675 44.063 1.217 0.067
680 703 0 703 63.224 100.921 37.697 1.217 0.067
681 703 0 703 58.152 100.921 42.769 1.217 0.067
682 665 0 665 52.591 99.306 46.715 1.217 0.067
683 656 0 656 48.013 98.191 50.178 1.217 0.067
684 656 0 656 43.283 98.191 54.908 1.217 0.067
685 656 0 656 38.746 98.191 59.445 1.183 0.067
686 656 0 656 34.305 98.191 63.886 1.150 0.067
687 656 0 656 29.499 79.779 50.280 1.150 0.066
688 484 0 484 25.994 79.779 53.786 1.150 0.066
689 484 0 484 22.963 60.904 37.941 1.133 0.066
690 484 0 484 19.687 60.904 41.217 1.133 0.066
691 484 0 484 15.821 48.038 32.217 1.117 0.065
692 366 0 366 12.953 44.960 32.007 1.100 0.065
693 364 0 364 10.207 44.960 34.754 1.100 0.064
694 306 0 306 7.852 44.960 37.108 1.067 0.063
695 302 0 302 5.557 44.960 39.403 1.050 0.062
696 298 0 298 3.770 44.960 41.191 1.033 0.061
697 298 0 298 2.638 44.960 42.323 1.033 0.060
698 298 0 298 1.560 44.960 43.401 1.033 0.058
699 298 0 298 0.996 44.960 43.965 0.983 0.057
700 225 0 225 0.685 44.960 44.275 0.917 0.055
701 225 0 225 0.525 44.967 44.442 0.850 0.054
702 225 0 225 0.401 44.973 44.572 0.833 0.052
703 225 0 225 0.355 44.973 44.618 0.817 0.051
704 225 0 225 0.289 44.973 44.684 0.817 0.049
705 225 0 225 0.289 44.979 44.690 0.783 0.048
706 225 0 225 0.293 44.986 44.693 0.783 0.046
707 225 0 225 0.288 44.986 44.697 0.733 0.044
708 225 0 225 0.315 44.992 44.677 0.717 0.043
709 225 0 225 0.320 44.992 44.672 0.700 0.041
710 225 0 225 0.380 44.992 44.612 0.667 0.040
711 225 0 225 0.547 44.992 44.445 0.617 0.038
712 225 0 225 0.877 44.992 44.115 0.600 0.037
713 225 0 225 1.465 44.992 43.527 0.550 0.036
714 255 0 255 2.489 44.992 42.503 0.500 0.035
715 364 0 364 4.075 44.992 40.917 0.450 0.034
716 365 0 365 6.187 44.992 38.805 0.417 0.033
717 365 0 365 8.890 44.992 36.102 0.383 0.033
718 365 0 365 11.473 44.992 33.519 0.400 0.032
719 522 0 522 15.694 44.992 29.298 0.400 0.032
720 522 0 522 18.899 44.998 26.099 0.417 0.031
721 522 0 522 24.336 44.998 20.663 0.417 0.031
722 522 0 522 30.517 44.998 14.482 0.417 0.031
723 617 0 617 37.462 45.034 7.572 0.417 0.030
724 617 0 617 44.796 45.034 0.238 0.450 0.030
725 617 0 617 53.279 45.034 8.245 0.417 0.031
726 716 0 716 64.092 47.977 16.115 0.450 0.031
727 716 0 716 73.298 47.977 25.322 0.450 0.031
728 841 0 841 83.574 49.113 34.461 0.450 0.031
729 1038 0 1038 96.676 53.142 43.534 0.433 0.031
730 1038 0 1038 110.037 54.020 56.017 0.467 0.031
731 1038 0 1038 123.602 71.377 52.225 0.467 0.032
732 1038 0 1038 136.265 72.199 64.066 0.483 0.032
733 1180 0 1180 151.473 100.504 50.969 0.500 0.033
734 1559 0 1559 168.077 119.666 48.411 0.550 0.033
735 1628 0 1628 189.414 150.936 38.479 0.567 0.033
736 1628 0 1628 210.142 151.642 58.500 0.583 0.034
737 1638 0 1638 229.524 169.817 59.707 0.600 0.034
738 1638 0 1638 252.491 206.066 46.425 0.583 0.035
739 1638 0 1638 272.518 218.992 53.527 0.600 0.035
740 1670 0 1670 293.225 251.598 41.627 0.650 0.036
741 1670 0 1670 316.382 263.031 53.351 0.633 0.036
742 1670 0 1670 338.867 282.647 56.220 0.650 0.037
743 1670 0 1670 358.252 314.513 43.739 0.650 0.037
744 1958 0 1958 378.611 332.696 45.915 0.667 0.038
745 2323 0 2323 402.162 336.081 66.081 0.667 0.039
746 2776 0 2776 423.518 376.107 47.411 0.667 0.039
747 2791 0 2791 449.463 391.176 58.287 0.633 0.040
748 3025 0 3025 472.941 426.836 46.105 0.650 0.041
749 3025 0 3025 494.588 449.898 44.690 0.650 0.041
750 3025 0 3025 511.296 456.256 55.040 0.667 0.042
751 3025 0 3025 527.651 472.056 55.595 0.683 0.043
752 3025 0 3025 541.596 486.286 55.310 0.700 0.044
753 3025 0 3025 556.230 494.159 62.071 0.733 0.044
754 3025 0 3025 572.471 495.487 76.984 0.750 0.045
755 3025 0 3025 585.710 512.642 73.069 0.767 0.046
756 3025 0 3025 597.976 528.348 69.628 0.800 0.047
757 3025 0 3025 612.268 549.797 62.472 0.833 0.048
758 3025 0 3025 624.486 555.085 69.401 0.867 0.049
759 3025 0 3025 636.691 567.971 68.720 0.900 0.050
760 3025 0 3025 649.095 598.245 50.851 0.933 0.051
761 3025 0 3025 661.435 603.526 57.909 0.950 0.052
762 3025 0 3025 672.669 621.014 51.654 0.983 0.053
763 3025 0 3025 685.928 627.516 58.412 1.000 0.054
764 3025 0 3025 699.542 643.851 55.692 1.050 0.055
765 3025 0 3025 711.462 647.599 63.863 1.050 0.057
766 3025 0 3025 723.178 662.545 60.632 1.100 0.058
767 3025 0 3025 736.534 679.611 56.923 1.117 0.059
768 3025 0 3025 746.988 683.232 63.757 1.117 0.060
769 3025 0 3025 757.201 687.501 69.700 1.133 0.061
770 3025 0 3025 769.505 691.055 78.450 1.167 0.062
771 3025 0 3025 782.153 732.545 49.609 1.233 0.063
772 3025 0 3025 792.225 737.080 55.145 1.250 0.064
773 3025 0 3025 802.477 754.235 48.242 1.267 0.064
774 3025 0 3025 813.284 773.546 39.738 1.300 0.065
775 3025 0 3025 823.768 775.710 48.058 1.333 0.066
776 3025 0 3025 834.223 780.659 53.564 1.350 0.066
777 3025 0 3025 845.360 792.688 52.672 1.350 0.067
778 3025 0 3025 853.404 795.889 57.515 1.367 0.068
779 3025 0 3025 863.849 799.576 64.273 1.367 0.068
780 3025 0 3025 870.930 812.740 58.190 1.417 0.068
781 3025 0 3025 880.530 832.346 48.184 1.417 0.068
782 3025 0 3025 889.893 836.429 53.464 1.417 0.069
783 3025 0 3025 898.801 850.950 47.851 1.417 0.069
784 3025 0 3025 906.799 869.085 37.714 1.417 0.069
785 3025 0 3025 914.970 869.085 45.885 1.433 0.069
786 3025 0 3025 924.688 871.407 53.281 1.433 0.069
787 3025 0 3025 931.857 884.036 47.821 1.433 0.069
788 3025 0 3025 937.888 889.194 48.694 1.433 0.069
789 3025 0 3025 945.150 889.936 55.214 1.417 0.069
790 3025 0 3025 952.257 889.936 62.321 1.417 0.068
791 3025 0 3025 958.502 905.209 53.294 1.400 0.068
792 3025 0 3025 962.723 918.015 44.708 1.400 0.068
793 3025 0 3025 965.956 918.015 47.941 1.383 0.068
794 3025 0 3025 968.213 920.055 48.159 1.383 0.067
795 3025 0 3025 969.754 923.887 45.867 1.383 0.067
796 3025 0 3025 969.164 923.887 45.276 1.367 0.067
797 3025 0 3025 969.665 923.887 45.778 1.350 0.066
798 3025 0 3025 968.036 923.887 44.149 1.350 0.066
799 3025 0 3025 965.032 926.478 38.554 1.333 0.065
800 3025 0 3025 961.614 926.478 35.136 1.333 0.065
801 3025 0 3025 956.983 926.478 30.505 1.317 0.065
802 3025 0 3025 951.347 926.504 24.842 1.317 0.064
803 3025 0 3025 946.358 926.504 19.854 1.333 0.064
804 3025 0 3025 938.601 926.504 12.097 1.317 0.063
805 3025 0 3025 925.329 925.961 0.633 1.283 0.063
806 3025 0 3025 915.175 915.867 0.692 1.283 0.062
807 3025 0 3025 896.274 897.143 0.868 1.317 0.062
808 2468 0 2468 880.579 894.655 14.076 1.300 0.062
809 1382 0 1382 863.811 876.278 12.466 1.283 0.061
810 1382 0 1382 849.896 863.978 14.082 1.267 0.061
811 1382 0 1382 835.785 863.978 28.193 1.183 0.060
812 1382 0 1382 820.339 858.676 38.337 1.217 0.060
813 1382 0 1382 802.840 847.728 44.887 1.200 0.060
814 1382 0 1382 783.611 829.188 45.577 1.183 0.060
815 1382 0 1382 764.385 823.780 59.395 1.167 0.060
816 1382 0 1382 743.810 801.824 58.014 1.150 0.060
817 1382 0 1382 722.344 782.809 60.465 1.117 0.060
818 1382 0 1382 697.872 744.294 46.422 1.117 0.061
819 1382 0 1382 674.757 736.360 61.603 1.133 0.061
820 1382 0 1382 650.341 720.151 69.810 1.200 0.062
821 1382 0 1382 622.294 696.643 74.349 1.167 0.062
822 1382 0 1382 599.649 656.111 56.462 1.150 0.063
823 1382 0 1382 573.020 622.263 49.243 1.167 0.063
824 1350 0 1350 546.941 611.331 64.390 1.217 0.064
825 1350 0 1350 523.163 578.479 55.316 1.250 0.064
826 1350 0 1350 497.072 555.483 58.411 1.250 0.065
827 1350 0 1350 470.827 533.409 62.582 1.250 0.065
828 1350 0 1350 449.459 501.551 52.092 1.300 0.066
829 1350 0 1350 425.053 475.361 50.308 1.317 0.066
830 1350 0 1350 404.938 469.827 64.888 1.333 0.067
831 1350 0 1350 384.611 438.403 53.792 1.300 0.067
832 1350 0 1350 366.962 420.853 53.891 1.283 0.067
833 1350 0 1350 343.815 403.438 59.623 1.300 0.067
834 1350 0 1350 322.492 381.353 58.861 1.283 0.068
835 1350 0 1350 305.703 360.555 54.852 1.300 0.068
836 1257 0 1257 286.565 343.832 57.267 1.317 0.068
837 1257 0 1257 268.503 327.623 59.120 1.333 0.069
838 1257 0 1257 253.407 306.147 52.740 1.333 0.069
839 1257 0 1257 240.324 302.580 62.256 1.350 0.069
840 1148 0 1148 226.584 297.570 70.987 1.317 0.069
841 1148 0 1148 214.286 269.662 55.376 1.317 0.069
842 1148 0 1148 202.986 260.424 57.438 1.317 0.069
843 1148 0 1148 190.897 243.869 52.972 1.300 0.069
844 1064 0 1064 180.922 243.869 62.947 1.283 0.069
845 1014 0 1014 171.595 223.075 51.480 1.283 0.069
846 998 0 998 162.263 209.853 47.590 1.300 0.069
847 998 0 998 152.745 204.620 51.875 1.333 0.069
848 981 0 981 143.750 191.889 48.139 1.333 0.069
849 919 0 919 135.669 188.194 52.525 1.317 0.068
850 919 0 919 127.653 188.194 60.541 1.333 0.068
851 889 0 889 119.752 163.146 43.394 1.317 0.068
852 880 0 880 113.475 163.146 49.671 1.333 0.068
853 880 0 880 105.432 150.197 44.765 1.333 0.068
854 860 0 860 99.387 149.354 49.967 1.350 0.068
855 860 0 860 92.581 144.296 51.715 1.350 0.068
856 860 0 860 86.985 142.637 55.651 1.350 0.068
857 824 0 824 81.620 132.182 50.562 1.350 0.068
858 824 0 824 75.141 118.654 43.512 1.333 0.067
859 824 0 824 69.288 118.654 49.366 1.333 0.067
860 824 0 824 64.667 105.568 40.900 1.333 0.067
861 802 0 802 59.818 102.083 42.265 1.317 0.067
862 787 0 787 53.788 99.746 45.958 1.317 0.067
863 787 0 787 49.430 97.731 48.301 1.283 0.067
864 715 0 715 44.323 97.731 53.409 1.283 0.067
865 715 0 715 38.830 97.731 58.901 1.283 0.067
866 680 0 680 34.339 78.508 44.169 1.283 0.067
867 680 0 680 29.011 65.719 36.708 1.267 0.066
868 560 0 560 25.164 63.734 38.569 1.250 0.066
869 560 0 560 21.024 63.734 42.710 1.250 0.066
870 560 0 560 17.368 63.734 46.365 1.250 0.065
871 419 0 419 14.103 62.566 48.463 1.250 0.065
872 415 0 415 11.225 62.566 51.341 1.233 0.064
873 415 0 415 8.501 62.566 54.064 1.233 0.064
874 280 0 280 6.111 62.566 56.455 1.200 0.063
875 274 0 274 4.259 50.759 46.500 1.167 0.062
876 274 0 274 2.838 50.758 47.920 1.100 0.061
877 262 0 262 1.882 50.745 48.863 1.083 0.060
878 262 0 262 1.185 50.061 48.876 1.017 0.058
879 262 0 262 0.795 50.061 49.266 1.000 0.057
880 188 0 188 0.550 50.068 49.518 0.950 0.055
881 188 0 188 0.361 50.061 49.700 0.883 0.054
882 152 0 152 0.227 50.061 49.835 0.850 0.052
883 152 0 152 0.187 50.061 49.874 0.800 0.050
884 152 0 152 0.192 50.061 49.869 0.733 0.049
885 152 0 152 0.174 50.061 49.887 0.733 0.047
886 152 0 152 0.173 50.061 49.889 0.717 0.045
887 216 0 216 0.221 50.054 49.834 0.683 0.044
888 216 0 216 0.258 50.054 49.796 0.633 0.042
889 216 0 216 0.306 50.054 49.749 0.567 0.041
890 216 0 216 0.371 50.061 49.691 0.533 0.040
891 295 0 295 0.561 50.061 49.501 0.500 0.038
892 295 0 295 0.902 50.061 49.159 0.483 0.037
893 295 0 295 1.484 50.068 48.585 0.417 0.036
894 295 0 295 2.395 50.068 47.674 0.383 0.035
895 358 0 358 3.946 50.068 46.122 0.350 0.034
896 574 0 574 5.993 50.068 44.075 0.350 0.033
897 574 0 574 8.392 50.068 41.677 0.317 0.032
898 574 0 574 11.641 50.068 38.427 0.317 0.032
899 574 0 574 15.729 50.068 34.339 0.300 0.031
900 574 0 574 21.019 50.068 29.049 0.300 0.031
901 574 0 574 26.422 50.068 23.646 0.300 0.031
902 576 0 576 32.642 51.104 18.462 0.333 0.031
903 576 0 576 38.988 51.854 12.866 0.383 0.030
904 625 0 625 47.430 52.424 4.994 0.383 0.031
905 625 0 625 55.288 52.431 2.857 0.400 0.031
906 625 0 625 63.157 53.766 9.390 0.417 0.031
907 779 0 779 73.962 54.456 19.506 0.400 0.031
908 947 0 947 86.098 55.003 31.095 0.417 0.031
909 947 0 947 98.703 55.738 42.966 0.433 0.031
910 947 0 947 113.441 55.738 57.704 0.467 0.031
911 947 0 947 126.992 72.852 54.140 0.483 0.032
912 947 0 947 139.895 86.327 53.568 0.467 0.032
913 947 0 947 155.630 109.671 45.959 0.467 0.033
914 1110 0 1110 173.254 123.087 50.167 0.467 0.033
915 1312 0 1312 192.232 141.491 50.741 0.517 0.034
916 1312 0 1312 211.654 155.497 56.157 0.550 0.034
917 1312 0 1312 228.460 184.858 43.602 0.600 0.034
918 1312 0 1312 244.657 184.858 59.798 0.550 0.035
919 1459 0 1459 267.642 216.466 51.176 0.550 0.035
920 1459 0 1459 287.234 229.568 57.666 0.567 0.036
921 1787 0 1787 308.476 264.778 43.698 0.617 0.036
922 1989 0 1989 330.718 294.174 36.544 0.633 0.037
923 1992 0 1992 354.473 297.261 57.212 0.667 0.037
924 1992 0 1992 373.746 333.150 40.596 0.667 0.038
925 1992 0 1992 391.036 351.848 39.188 0.700 0.039
926 1992 0 1992 409.269 354.399 54.870 0.700 0.039
927 1992 0 1992 425.895 358.389 67.506 0.717 0.040
928 1992 0 1992 443.372 377.906 65.466 0.733 0.041
929 1992 0 1992 461.433 409.823 51.610 0.750 0.041
930 1992 0 1992 479.182 426.504 52.678 0.750 0.042
931 1992 0 1992 495.559 433.576 61.982 0.750 0.043
932 1992 0 1992 511.049 462.046 49.003 0.767 0.044
933 1992 0 1992 528.260 470.480 57.780 0.833 0.045
934 1992 0 1992 543.010 483.413 59.597 0.833 0.046
935 1992 0 1992 558.542 499.788 58.754 0.900 0.047
936 1992 0 1992 574.183 518.721 55.461 0.950 0.048
937 1992 0 1992 588.164 536.351 51.813 0.967 0.049
938 1992 0 1992 602.038 551.393 50.645 1.000 0.050
939 1992 0 1992 615.249 557.590 57.659 1.033 0.051
940 1992 0 1992 628.162 575.340 52.822 1.033 0.052
941 1992 0 1992 639.495 594.440 45.055 1.050 0.053
942 1992 0 1992 650.877 596.600 54.277 1.100 0.054
943 1992 0 1992 664.427 601.525 62.902 1.117 0.055
944 1992 0 1992 675.264 616.121 59.143 1.117 0.056
945 1992 0 1992 687.660 634.027 53.633 1.150 0.058
946 1992 0 1992 698.961 638.862 60.099 1.150 0.059
947 1992 0 1992 709.754 641.134 68.620 1.167 0.060
948 1992 0 1992 720.628 658.628 62.001 1.217 0.061
949 1992 0 1992 731.670 680.362 51.308 1.217 0.062
950 1992 0 1992 740.870 698.684 42.187 1.233 0.062
951 1992 0 1992 749.874 700.830 49.044 1.233 0.063
952 1992 0 1992 761.521 716.884 44.638 1.250 0.064
953 1992 0 1992 772.825 718.880 53.945 1.283 0.065
954 1992 0 1992 782.745 734.791 47.954 1.317 0.066
955 1992 0 1992 792.020 737.093 54.928 1.317 0.066
956 1992 0 1992 802.146 737.093 65.053 1.317 0.067
957 1992 0 1992 811.025 741.575 69.449 1.350 0.067
958 1992 0 1992 821.087 766.004 55.083 1.350 0.068
959 1992 0 1992 830.983 767.982 63.001 1.350 0.068
960 1992 0 1992 841.471 785.028 56.443 1.383 0.068
961 1992 0 1992 851.186 786.360 64.826 1.367 0.069
962 1992 0 1992 860.335 803.059 57.275 1.383 0.069
963 1992 0 1992 868.607 803.590 65.016 1.383 0.069
964 1992 0 1992 878.165 830.419 47.745 1.383 0.069
965 1992 0 1992 885.961 836.325 49.636 1.383 0.069
966 1992 0 1992 891.973 855.473 36.500 1.383 0.069
967 1992 0 1992 899.505 855.473 44.032 1.383 0.069
968 1992 0 1992 906.458 856.045 50.412 1.350 0.069
969 1992 0 1992 912.814 856.667 56.147 1.350 0.069
970 1992 0 1992 918.738 867.927 50.811 1.350 0.068
971 1992 0 1992 923.818 869.067 54.751 1.333 0.068
972 1992 0 1992 928.593 871.593 57.000 1.333 0.068
973 1992 0 1992 932.964 872.633 60.332 1.333 0.068
974 1992 0 1992 936.311 888.029 48.282 1.333 0.068
975 1992 0 1992 936.831 888.029 48.802 1.333 0.067
976 1992 0 1992 937.465 888.732 48.733 1.317 0.067
977 1992 0 1992 938.101 908.204 29.897 1.283 0.067
978 1992 0 1992 937.330 908.204 29.126 1.283 0.066
979 1992 0 1992 934.905 908.204 26.702 1.283 0.066
980 1992 0 1992 932.791 909.671 23.120 1.283 0.066
981 1992 0 1992 929.518 909.671 19.848 1.250 0.065
982 1992 0 1992 923.488 909.671 13.817 1.217 0.065
983 1594 0 1594 917.124 909.671 7.453 1.183 0.064
984 1594 0 1594 909.840 909.671 0.170 1.167 0.064
985 1594 0 1594 905.701 909.122 3.420 1.200 0.063
986 1594 0 1594 898.363 909.122 10.758 1.150 0.063
987 1594 0 1594 890.626 907.963 17.337 1.117 0.062
988 1594 0 1594 880.764 907.055 26.291 1.067 0.062
989 1594 0 1594 866.919 905.558 38.639 1.067 0.061
990 1499 0 1499 853.663 877.042 23.379 1.083 0.061
991 1499 0 1499 839.864 873.126 33.261 1.067 0.060
992 1499 0 1499 822.727 862.148 39.421 1.050 0.060
993 1499 0 1499 806.678 858.557 51.879 1.017 0.060
994 1499 0 1499 790.521 853.518 62.997 1.000 0.060
995 1499 0 1499 769.626 839.540 69.914 1.017 0.060
996 1499 0 1499 749.757 818.717 68.961 1.017 0.059
997 1499 0 1499 724.582 796.394 71.812 1.050 0.060
998 1499 0 1499 698.919 746.869 47.951 1.083 0.060
999 1499 0 1499 670.768 739.182 68.414 1.133 0.061
1000 1499 0 1499 644.752 694.209 49.456 1.167 0.061
1001 1499 0 1499 621.844 662.917 41.073 1.217 0.062
1002 1499 0 1499 595.485 654.408 58.923 1.200 0.062
1003 1499 0 1499 567.349 618.686 51.337 1.183 0.063
1004 1499 0 1499 543.839 592.665 48.826 1.200 0.063
1005 1499 0 1499 518.127 576.901 58.774 1.233 0.064
1006 1297 0 1297 495.280 557.921 62.641 1.267 0.064
1007 1297 0 1297 474.158 537.562 63.404 1.267 0.065
1008 1297 0 1297 451.511 503.034 51.523 1.317 0.065
1009 1297 0 1297 428.438 494.983 66.545 1.333 0.066
1010 1267 0 1267 409.308 455.583 46.275 1.333 0.066
1011 1267 0 1267 389.237 440.512 51.275 1.367 0.067
1012 1267 0 1267 368.961 436.195 67.234 1.383 0.067
1013 1267 0 1267 350.382 390.826 40.444 1.417 0.068
1014 1267 0 1267 334.595 382.040 47.445 1.433 0.068
1015 1237 0 1237 316.676 378.107 61.432 1.400 0.068
1016 1237 0 1237 297.361 351.988 54.627 1.400 0.069
1017 1237 0 1237 281.837 343.628 61.791 1.400 0.069
1018 1237 0 1237 264.804 314.316 49.512 1.400 0.069
1019 1237 0 1237 248.987 296.402 47.415 1.433 0.069
1020 1189 0 1189 235.123 284.182 49.060 1.417 0.069
1021 1189 0 1189 222.008 275.835 53.827 1.383 0.069
1022 1189 0 1189 209.842 274.274 64.432 1.383 0.069
1023 1189 0 1189 198.411 256.385 57.974 1.367 0.069
1024 1189 0 1189 187.325 243.314 55.990 1.350 0.069
1025 1189 0 1189 177.057 231.058 54.002 1.317 0.069
1026 1189 0 1189 166.564 220.555 53.991 1.317 0.069
1027 1189 0 1189 156.865 215.488 58.623 1.317 0.069
1028 1189 0 1189 148.627 201.465 52.839 1.317 0.069
1029 1189 0 1189 137.732 186.339 48.607 1.333 0.069
1030 1137 0 1137 129.792 186.339 56.546 1.317 0.069
1031 1137 0 1137 122.688 172.355 49.667 1.300 0.069
1032 1137 0 1137 115.642 165.720 50.077 1.317 0.069
1033 970 0 970 107.386 151.325 43.940 1.317 0.069
1034 970 0 970 99.832 151.325 51.493 1.317 0.068
1035 970 0 970 93.112 149.565 56.453 1.317 0.068
1036 892 0 892 85.569 138.642 53.073 1.317 0.068
1037 892 0 892 79.675 137.287 57.612 1.317 0.068
1038 892 0 892 73.098 124.166 51.068 1.317 0.068
1039 892 0 892 67.616 120.743 53.128 1.300 0.068
1040 736 0 736 62.314 102.235 39.922 1.300 0.068
1041 736 0 736 57.198 100.775 43.577 1.300 0.068
1042 736 0 736 51.897 100.775 48.877 1.317 0.068
1043 736 0 736 47.322 100.775 53.452 1.300 0.068
1044 736 0 736 41.471 88.563 47.092 1.300 0.067
1045 736 0 736 37.661 82.992 45.330 1.283 0.067
1046 736 0 736 33.400 81.955 48.555 1.283 0.067
1047 736 0 736 29.831 66.310 36.479 1.283 0.067
1048 736 0 736 25.784 55.494 29.710 1.267 0.067
1049 736 0 736 21.493 55.494 34.001 1.267 0.066
1050 736 0 736 17.863 54.629 36.766 1.250 0.066
1051 444 0 444 14.854 54.629 39.775 1.250 0.065
1052 444 0 444 11.653 54.629 42.976 1.250 0.065
1053 433 0 433 9.289 54.629 45.339 1.250 0.064
1054 433 0 433 7.320 51.313 43.993 1.233 0.063
1055 255 0 255 5.034 51.313 46.279 1.200 0.062
1056 255 0 255 3.645 49.663 46.018 1.167 0.062
1057 255 0 255 2.401 49.663 47.262 1.083 0.060
1058 255 0 255 1.533 48.837 47.304 1.050 0.059
1059 255 0 255 0.928 48.844 47.916 1.050 0.057
1060 233 0 233 0.518 48.844 48.326 0.983 0.055
1061 233 0 233 0.357 48.851 48.494 0.933 0.054
1062 233 0 233 0.274 48.851 48.577 0.883 0.052
1063 233 0 233 0.231 48.851 48.620 0.833 0.051
1064 233 0 233 0.216 48.851 48.634 0.800 0.049
1065 233 0 233 0.173 48.851 48.677 0.733 0.047
1066 233 0 233 0.182 48.851 48.669 0.733 0.046
1067 233 0 233 0.199 48.851 48.652 0.700 0.044
1068 233 0 233 0.207 48.844 48.637 0.683 0.043
1069 233 0 233 0.286 48.844 48.558 0.633 0.041
1070 272 0 272 0.443 48.844 48.401 0.617 0.040
1071 288 0 288 0.653 48.844 48.191 0.600 0.039
1072 288 0 288 1.015 48.844 47.829 0.550 0.037
1073 356 0 356 1.789 48.844 47.055 0.483 0.036
1074 356 0 356 2.785 48.844 46.059 0.383 0.035
1075 356 0 356 4.166 48.844 44.678 0.383 0.034
1076 356 0 356 6.066 48.849 42.782 0.383 0.033
1077 356 0 356 8.535 48.849 40.314 0.367 0.032
1078 418 0 418 11.659 48.849 37.190 0.350 0.032
1079 444 0 444 15.453 48.849 33.396 0.317 0.031
1080 486 0 486 19.742 48.849 29.107 0.317 0.031
1081 583 0 583 24.216 48.899 24.683 0.317 0.031
1082 634 0 634 30.216 48.899 18.683 0.317 0.030
1083 634 0 634 36.924 48.906 11.982 0.333 0.030
1084 634 0 634 44.586 49.780 5.194 0.350 0.030
1085 634 0 634 53.063 49.780 3.283 0.367 0.030
1086 634 0 634 62.706 51.603 11.103 0.367 0.030
1087 651 0 651 73.743 51.603 22.141 0.350 0.030
1088 660 0 660 83.037 55.879 27.158 0.333 0.031
1089 838 0 838 96.752 58.171 38.581 0.350 0.031
1090 838 0 838 108.341 58.801 49.540 0.333 0.031
1091 847 0 847 121.120 61.574 59.546 0.367 0.031
1092 847 0 847 135.954 80.976 54.978 0.367 0.032
1093 929 0 929 150.575 98.982 51.593 0.367 0.032
1094 1062 0 1062 169.745 113.136 56.609 0.417 0.033
1095 1117 0 1117 186.155 129.268 56.887 0.417 0.033
1096 1200 0 1200 203.853 148.156 55.697 0.417 0.033
1097 1431 0 1431 224.435 192.405 32.030 0.433 0.034
1098 1633 0 1633 242.674 193.139 49.536 0.450 0.034
1099 1633 0 1633 262.717 208.881 53.836 0.450 0.035
1100 1951 0 1951 283.236 226.285 56.951 0.467 0.035
1101 2193 0 2193 309.835 255.271 54.564 0.483 0.036
1102 2193 0 2193 336.475 287.120 49.355 0.483 0.036
1103 2193 0 2193 357.807 315.622 42.185 0.483 0.037
1104 2193 0 2193 381.570 318.241 63.330 0.517 0.037
1105 2193 0 2193 400.938 342.615 58.323 0.567 0.038
1106 2193 0 2193 420.407 376.018 44.389 0.600 0.039
1107 2193 0 2193 440.407 380.628 59.779 0.617 0.040
1108 2193 0 2193 457.486 402.046 55.441 0.617 0.040
1109 2193 0 2193 475.500 409.687 65.813 0.650 0.041
1110 2193 0 2193 492.138 425.240 66.898 0.633 0.042
1111 2193 0 2193 507.049 452.764 54.285 0.700 0.042
1112 2193 0 2193 521.079 472.765 48.315 0.750 0.043
1113 2193 0 2193 536.898 476.811 60.088 0.800 0.044
1114 2193 0 2193 551.687 480.136 71.551 0.833 0.045
1115 2193 0 2193 568.399 509.805 58.594 0.867 0.046
1116 2193 0 2193 582.591 532.338 50.253 0.900 0.047
1117 2193 0 2193 595.269 535.570 59.699 0.900 0.048
1118 2193 0 2193 607.690 552.443 55.248 0.917 0.049
1119 2193 0 2193 619.993 554.659 65.334 0.950 0.050
1120 2193 0 2193 632.504 572.283 60.221 0.950 0.051
1121 2193 0 2193 644.965 585.141 59.824 1.017 0.052
1122 2193 0 2193 656.079 589.265 66.814 1.033 0.053
1123 2193 0 2193 667.286 594.995 72.291 1.050 0.054
1124 2193 0 2193 677.943 599.273 78.670 1.083 0.055
1125 2193 0 2193 691.726 655.454 36.272 1.117 0.056
1126 2193 0 2193 703.478 659.730 43.748 1.150 0.057
1127 2193 0 2193 714.846 671.983 42.862 1.150 0.058
1128 2193 0 2193 725.097 678.211 46.885 1.200 0.059
1129 2193 0 2193 736.337 683.916 52.420 1.217 0.060
1130 2193 0 2193 747.464 685.330 62.133 1.233 0.061
1131 2193 0 2193 758.972 689.875 69.098 1.250 0.062
1132 2193 0 2193 770.392 718.661 51.731 1.250 0.063
1133 2193 0 2193 783.041 721.690 61.352 1.300 0.064
1134 2193 0 2193 793.172 727.834 65.339 1.300 0.064
1135 2193 0 2193 804.090 744.951 59.140 1.317 0.065
1136 2193 0 2193 814.754 760.307 54.447 1.333 0.066
1137 2193 0 2193 825.069 762.928 62.142 1.350 0.066
1138 2193 0 2193 835.128 767.016 68.112 1.367 0.067
1139 2193 0 2193 844.374 799.521 44.853 1.367 0.067
1140 2193 0 2193 853.180 801.179 52.001 1.350 0.068
1141 2193 0 2193 861.212 801.232 59.980 1.367 0.068
1142 2193 0 2193 870.330 805.114 65.215 1.350 0.068
1143 2193 0 2193 879.018 819.233 59.785 1.333 0.068
1144 2193 0 2193 887.466 820.734 66.732 1.317 0.068
1145 2193 0 2193 895.499 837.370 58.129 1.317 0.068
1146 2193 0 2193 903.854 839.254 64.600 1.317 0.068
1147 2193 0 2193 912.107 851.423 60.684 1.317 0.068
1148 2193 0 2193 917.921 881.085 36.836 1.317 0.068
1149 2193 0 2193 924.849 901.777 23.071 1.300 0.068
1150 2193 0 2193 930.128 901.777 28.351 1.300 0.068
1151 2193 0 2193 934.999 903.202 31.797 1.283 0.068
1152 2193 0 2193 940.672 904.802 35.870 1.283 0.067
1153 2193 0 2193 943.805 904.802 39.003 1.283 0.067
1154 2193 0 2193 948.658 905.369 43.289 1.250 0.066
1155 2193 0 2193 950.990 908.050 42.940 1.250 0.066
1156 2193 0 2193 951.475 908.050 43.425 1.233 0.066
1157 2193 0 2193 951.596 908.050 43.546 1.250 0.065
1158 2193 0 2193 949.680 908.050 41.630 1.250 0.065
1159 2193 0 2193 948.415 908.050 40.365 1.233 0.065
1160 2193 0 2193 943.389 908.050 35.339 1.217 0.064
1161 2182 0 2182 937.750 908.050 29.700 1.233 0.064
1162 2095 0 2095 928.178 908.050 20.128 1.217 0.063
1163 1830 0 1830 920.913 908.050 12.863 1.217 0.063
1164 1441 0 1441 910.595 908.050 2.545 1.217 0.063
1165 1422 0 1422 902.962 908.050 5.088 1.183 0.062
1166 1422 0 1422 893.747 907.353 13.606 1.183 0.062
1167 1422 0 1422 884.601 890.750 6.149 1.167 0.061
1168 1422 0 1422 873.948 878.742 4.794 1.167 0.061
1169 1422 0 1422 863.146 872.637 9.491 1.150 0.060
1170 1422 0 1422 848.672 872.637 23.965 1.167 0.060
1171 1422 0 1422 833.412 872.637 39.224 1.150 0.059
1172 1422 0 1422 818.986 857.818 38.832 1.167 0.059
1173 1422 0 1422 801.084 851.753 50.669 1.133 0.059
1174 1422 0 1422 783.648 847.357 63.709 1.100 0.059
1175 1422 0 1422 761.506 807.120 45.614 1.067 0.059
1176 1422 0 1422 739.413 796.853 57.439 1.083 0.059
1177 1422 0 1422 718.145 773.902 55.756 1.067 0.059
1178 1422 0 1422 699.133 764.898 65.765 1.050 0.060
1179 1422 0 1422 674.385 731.623 57.238 1.050 0.060
1180 1422 0 1422 653.214 712.318 59.104 1.067 0.060
1181 1422 0 1422 627.876 691.522 63.646 1.050 0.061
1182 1422 0 1422 603.059 672.062 69.003 1.050 0.061
1183 1422 0 1422 577.630 620.325 42.695 1.100 0.062
1184 1422 0 1422 551.705 611.371 59.666 1.100 0.063
1185 1422 0 1422 524.257 575.758 51.501 1.150 0.063
1186 1417 0 1417 500.377 554.567 54.191 1.183 0.064
1187 1417 0 1417 476.689 518.807 42.118 1.200 0.064
1188 1417 0 1417 453.761 510.475 56.714 1.217 0.065
1189 1417 0 1417 433.017 502.097 69.080 1.200 0.065
1190 1304 0 1304 412.098 479.968 67.870 1.217 0.066
1191 1304 0 1304 392.010 438.180 46.170 1.233 0.066
1192 1286 0 1286 372.413 431.647 59.234 1.200 0.066
1193 1283 0 1283 352.078 423.051 70.973 1.217 0.066
1194 1283 0 1283 334.603 398.637 64.034 1.250 0.067
1195 1233 0 1233 315.019 377.372 62.353 1.233 0.067
1196 1168 0 1168 294.890 333.570 38.680 1.250 0.068
1197 1147 0 1147 278.090 327.626 49.536 1.267 0.068
1198 1147 0 1147 262.381 322.808 60.427 1.283 0.068
1199 1145 0 1145 249.051 301.491 52.439 1.283 0.068
