1 449 0 449 262.041 262.041 0.000 51.000 1.515
2 449 0 449 275.567 275.670 0.104 37.000 0.806
3 518 0 518 295.202 295.333 0.131 35.667 0.583
4 518 0 518 310.022 310.149 0.127 35.000 0.472
5 780 0 780 322.483 322.441 0.042 32.000 0.400
6 780 0 780 342.619 342.617 0.002 32.000 0.362
7 780 0 780 354.499 354.499 0.000 32.143 0.329
8 780 0 780 372.663 372.663 0.000 32.000 0.310
9 831 0 831 393.258 393.258 0.000 33.444 0.294
10 1102 0 1102 414.651 414.586 0.065 33.600 0.281
11 1279 0 1279 435.503 414.586 20.917 30.545 0.273
12 1763 0 1763 458.789 437.885 20.905 28.000 0.252
13 1930 0 1930 487.411 437.885 49.526 25.846 0.234
14 2216 0 2216 514.429 467.345 47.084 24.000 0.219
15 2514 0 2514 540.908 502.366 38.542 22.400 0.205
16 2723 0 2723 574.323 541.842 32.481 21.000 0.194
17 2800 0 2800 601.010 541.842 59.168 19.765 0.184
18 2967 0 2967 628.046 587.696 40.349 18.667 0.175
19 2967 0 2967 661.160 618.719 42.441 17.737 0.168
20 2967 0 2967 682.067 664.713 17.354 16.850 0.161
21 2967 0 2967 714.929 663.987 50.941 16.048 0.163
22 2967 0 2967 737.634 663.994 73.640 15.318 0.156
23 2967 0 2967 758.735 745.128 13.607 14.696 0.151
24 3096 0 3096 775.961 745.836 30.125 14.083 0.146
25 3385 0 3385 793.693 746.042 47.651 13.520 0.142
26 3423 0 3423 811.681 747.089 64.592 13.000 0.138
27 3511 0 3511 825.216 807.796 17.421 12.519 0.134
28 3665 0 3665 837.000 807.724 29.276 12.071 0.131
29 3665 0 3665 851.355 808.068 43.287 11.655 0.128
30 3665 0 3665 863.081 810.140 52.940 11.267 0.125
31 3665 0 3665 867.382 810.140 57.242 10.903 0.127
32 3665 0 3665 870.498 810.140 60.357 10.563 0.124
33 3665 0 3665 874.336 812.692 61.644 10.242 0.122
34 3665 0 3665 877.509 814.303 63.206 9.941 0.120
35 3665 0 3665 880.789 815.022 65.767 9.657 0.117
36 3665 0 3665 884.497 819.397 65.100 9.389 0.115
37 3665 0 3665 888.320 826.135 62.186 9.135 0.113
38 3665 0 3665 891.373 827.194 64.179 8.895 0.111
39 3665 0 3665 894.395 829.028 65.366 8.667 0.109
40 3665 0 3665 897.334 832.106 65.228 8.450 0.107
41 3665 0 3665 900.331 832.151 68.180 8.244 0.109
42 3665 0 3665 903.876 833.463 70.413 8.048 0.107
43 3665 0 3665 906.444 833.463 72.981 7.860 0.105
44 3665 0 3665 909.812 833.463 76.349 7.682 0.104
45 3665 0 3665 912.222 833.511 78.710 7.511 0.102
46 3665 0 3665 914.294 835.379 78.915 7.348 0.100
47 3665 0 3665 916.427 843.518 72.909 7.213 0.098
48 3665 0 3665 918.904 843.518 75.386 7.063 0.097
49 3665 0 3665 920.803 843.568 77.235 6.918 0.095
50 3665 0 3665 922.582 843.568 79.014 6.780 0.094
51 3665 0 3665 924.230 850.496 73.734 6.647 0.095
52 3665 0 3665 925.737 852.933 72.804 6.519 0.094
53 3665 0 3665 926.925 852.933 73.992 6.396 0.092
54 3665 0 3665 928.131 862.525 65.607 6.278 0.091
55 3665 0 3665 928.941 862.525 66.416 6.164 0.089
56 3665 0 3665 929.616 862.525 67.092 6.054 0.088
57 3665 0 3665 930.079 863.953 66.126 5.947 0.086
58 3665 0 3665 930.539 863.953 66.586 5.845 0.085
59 3665 0 3665 930.808 863.953 66.855 5.746 0.084
60 3665 0 3665 931.016 863.953 67.063 5.650 0.082
61 3665 0 3665 939.580 864.075 75.505 5.167 0.060
62 3665 0 3665 946.609 872.362 74.247 4.733 0.059
63 3665 0 3665 955.422 878.115 77.307 4.283 0.057
64 3665 0 3665 965.230 880.441 84.788 3.817 0.055
65 3665 0 3665 971.887 883.609 88.278 3.383 0.054
66 3665 0 3665 982.038 883.609 98.430 2.767 0.051
67 3665 0 3665 988.676 883.609 105.067 2.250 0.049
68 3665 0 3665 997.601 883.609 113.992 1.417 0.047
69 3665 0 3665 1004.808 901.731 103.077 0.850 0.044
70 3665 0 3665 1011.829 907.018 104.810 0.550 0.042
71 3665 0 3665 1017.392 928.217 89.175 0.533 0.042
72 3665 0 3665 1021.377 928.217 93.159 0.517 0.042
73 3665 0 3665 1023.488 935.196 88.292 0.517 0.041
74 3665 0 3665 1024.929 935.196 89.734 0.500 0.041
75 3665 0 3665 1022.446 935.196 87.250 0.500 0.041
76 3665 0 3665 1018.197 935.196 83.001 0.500 0.041
77 3665 0 3665 1014.172 935.196 78.976 0.500 0.041
78 3665 0 3665 1009.345 935.196 74.149 0.500 0.040
79 3665 0 3665 1001.835 936.982 64.854 0.517 0.040
80 3665 0 3665 994.877 936.982 57.896 0.500 0.040
81 3665 0 3665 983.387 936.982 46.405 0.483 0.040
82 3665 0 3665 973.982 936.982 37.000 0.483 0.039
83 3665 0 3665 963.752 936.982 26.770 0.483 0.039
84 3665 0 3665 953.583 924.735 28.848 0.467 0.039
85 3665 0 3665 939.321 924.647 14.674 0.467 0.038
86 3665 0 3665 924.148 924.647 0.500 0.467 0.038
87 3665 0 3665 909.666 897.435 12.231 0.467 0.037
88 3624 0 3624 894.096 897.435 3.340 0.467 0.037
89 2989 0 2989 874.290 897.435 23.145 0.433 0.037
90 2179 0 2179 855.437 872.908 17.470 0.417 0.037
91 1515 0 1515 841.532 872.908 31.376 0.367 0.036
92 1515 0 1515 828.673 871.232 42.559 0.367 0.036
93 1515 0 1515 810.807 868.200 57.394 0.383 0.036
94 1515 0 1515 794.061 866.263 72.202 0.400 0.036
95 1515 0 1515 774.286 866.263 91.977 0.433 0.036
96 1515 0 1515 751.929 861.255 109.326 0.417 0.037
97 1515 0 1515 727.084 852.763 125.679 0.417 0.037
98 1515 0 1515 704.628 813.210 108.582 0.417 0.037
99 1515 0 1515 677.836 789.887 112.051 0.433 0.038
100 1515 0 1515 653.717 786.377 132.660 0.433 0.038
101 1515 0 1515 629.746 774.038 144.293 0.483 0.039
102 1515 0 1515 602.669 735.081 132.412 0.483 0.040
103 1515 0 1515 577.163 729.277 152.114 0.517 0.041
104 1515 0 1515 550.821 697.344 146.523 0.583 0.042
105 1515 0 1515 529.506 664.078 134.572 0.617 0.042
106 1515 0 1515 505.528 656.378 150.850 0.650 0.043
107 1515 0 1515 482.109 645.461 163.352 0.683 0.044
108 1515 0 1515 457.620 616.424 158.804 0.733 0.045
109 1515 0 1515 434.680 557.960 123.279 0.733 0.046
110 1273 0 1273 411.801 494.420 82.618 0.767 0.047
111 1220 0 1220 389.751 484.508 94.758 0.767 0.047
112 1211 0 1211 368.763 479.358 110.595 0.783 0.048
113 1211 0 1211 348.594 477.570 128.976 0.800 0.049
114 1208 0 1208 329.401 462.663 133.262 0.833 0.050
115 1208 0 1208 310.486 438.407 127.921 0.833 0.050
116 1208 0 1208 294.432 398.018 103.586 0.833 0.051
117 1208 0 1208 279.832 393.176 113.344 0.850 0.052
118 1208 0 1208 265.510 393.176 127.666 0.867 0.052
119 1208 0 1208 251.916 364.167 112.252 0.867 0.052
120 1208 0 1208 237.727 349.211 111.484 0.883 0.053
121 1208 0 1208 223.831 347.353 123.522 0.883 0.053
122 1208 0 1208 209.453 315.845 106.393 0.883 0.053
123 1064 0 1064 196.906 315.845 118.939 0.883 0.053
124 1048 0 1048 188.462 295.513 107.052 0.867 0.053
125 1040 0 1040 177.574 295.513 117.939 0.867 0.053
126 1040 0 1040 167.679 285.308 117.629 0.867 0.053
127 1018 0 1018 157.621 281.533 123.912 0.833 0.053
128 1018 0 1018 148.130 281.533 133.402 0.833 0.053
129 1018 0 1018 140.094 258.401 118.307 0.833 0.053
130 1018 0 1018 132.099 231.846 99.747 0.817 0.053
131 1018 0 1018 124.631 229.321 104.689 0.817 0.053
132 1018 0 1018 118.434 205.575 87.141 0.833 0.053
133 964 0 964 111.388 205.575 94.187 0.833 0.053
134 964 0 964 105.327 201.403 96.076 0.833 0.053
135 964 0 964 96.826 199.510 102.684 0.833 0.053
136 964 0 964 87.857 167.475 79.618 0.850 0.053
137 964 0 964 80.881 167.475 86.595 0.867 0.053
138 905 0 905 75.483 167.475 91.992 0.867 0.053
139 905 0 905 69.888 167.475 97.587 0.867 0.053
140 905 0 905 63.544 167.475 103.932 0.867 0.053
141 733 0 733 57.779 142.966 85.187 0.867 0.053
142 733 0 733 52.471 142.966 90.495 0.867 0.053
143 733 0 733 47.517 139.621 92.104 0.867 0.052
144 733 0 733 43.450 137.783 94.332 0.867 0.052
145 733 0 733 38.409 137.752 99.343 0.867 0.052
146 733 0 733 33.630 137.752 104.122 0.867 0.052
147 686 0 686 28.864 137.732 108.868 0.867 0.052
148 686 0 686 24.858 112.477 87.619 0.867 0.052
149 509 0 509 20.640 112.477 91.837 0.850 0.052
150 509 0 509 17.161 104.780 87.619 0.850 0.052
151 509 0 509 14.366 104.780 90.414 0.833 0.051
152 494 0 494 11.937 104.780 92.844 0.833 0.051
153 414 0 414 9.226 104.765 95.539 0.800 0.051
154 414 0 414 7.329 82.275 74.946 0.783 0.050
155 414 0 414 5.498 82.275 76.777 0.767 0.049
156 298 0 298 3.826 82.275 78.449 0.750 0.049
157 277 0 277 2.564 82.275 79.711 0.717 0.048
158 240 0 240 1.580 82.273 80.693 0.700 0.047
159 240 0 240 0.952 82.273 81.321 0.700 0.046
160 240 0 240 0.565 82.273 81.708 0.683 0.045
161 234 0 234 0.290 82.273 81.982 0.650 0.044
162 234 0 234 0.187 82.273 82.086 0.650 0.042
163 234 0 234 0.155 82.273 82.118 0.583 0.041
164 234 0 234 0.097 82.273 82.176 0.533 0.040
165 197 0 197 0.046 82.273 82.227 0.517 0.039
166 197 0 197 0.053 82.273 82.219 0.467 0.038
167 197 0 197 0.057 82.273 82.215 0.433 0.036
168 197 0 197 0.133 82.273 82.140 0.383 0.035
169 234 0 234 0.256 82.273 82.017 0.383 0.034
170 234 0 234 0.425 82.273 81.847 0.333 0.033
171 234 0 234 0.575 82.265 81.689 0.317 0.032
172 234 0 234 0.983 82.265 81.282 0.300 0.031
173 234 0 234 1.515 82.265 80.750 0.283 0.030
174 264 0 264 2.601 82.265 79.664 0.283 0.029
175 264 0 264 3.689 82.261 78.572 0.267 0.028
176 356 0 356 5.820 82.261 76.441 0.250 0.028
177 392 0 392 8.658 82.261 73.603 0.233 0.027
178 400 0 400 11.454 82.261 70.807 0.233 0.027
179 400 0 400 15.051 82.273 67.222 0.233 0.026
180 496 0 496 20.059 82.273 62.213 0.250 0.026
181 496 0 496 26.214 82.273 56.058 0.250 0.026
182 496 0 496 32.584 82.273 49.689 0.250 0.026
183 580 0 580 40.391 82.298 41.907 0.250 0.026
184 598 0 598 49.146 82.339 33.193 0.233 0.026
185 618 0 618 57.287 82.377 25.090 0.217 0.026
186 618 0 618 66.388 82.377 15.989 0.233 0.026
187 618 0 618 76.024 82.377 6.353 0.250 0.026
188 723 0 723 87.892 82.377 5.515 0.233 0.026
189 1188 0 1188 102.758 83.998 18.759 0.250 0.026
190 1221 0 1221 119.258 83.998 35.260 0.250 0.026
191 1364 0 1364 135.409 85.110 50.299 0.250 0.026
192 1364 0 1364 146.997 85.110 61.887 0.250 0.026
193 1364 0 1364 162.270 85.110 77.160 0.250 0.027
194 1364 0 1364 179.609 88.789 90.821 0.250 0.027
195 1364 0 1364 199.759 115.171 84.589 0.250 0.027
196 1364 0 1364 218.819 115.171 103.648 0.250 0.027
197 1397 0 1397 239.681 140.439 99.243 0.250 0.027
198 1397 0 1397 258.424 150.313 108.111 0.267 0.028
199 1631 0 1631 279.393 181.522 97.871 0.267 0.028
200 1719 0 1719 303.872 214.342 89.530 0.267 0.028
201 1854 0 1854 327.343 221.154 106.189 0.283 0.029
202 1854 0 1854 349.762 221.246 128.516 0.283 0.029
203 1854 0 1854 369.079 260.024 109.055 0.300 0.030
204 1854 0 1854 388.214 292.076 96.138 0.317 0.030
205 1854 0 1854 407.575 297.141 110.435 0.333 0.031
206 1854 0 1854 425.338 333.500 91.838 0.333 0.031
207 1854 0 1854 443.205 337.334 105.870 0.350 0.032
208 1854 0 1854 460.738 337.334 123.403 0.367 0.032
209 1854 0 1854 479.000 403.187 75.813 0.367 0.033
210 1854 0 1854 494.009 406.257 87.752 0.367 0.033
211 1854 0 1854 509.736 407.824 101.912 0.383 0.034
212 1854 0 1854 524.611 417.580 107.031 0.400 0.034
213 1854 0 1854 540.803 417.646 123.157 0.417 0.035
214 1854 0 1854 554.109 424.199 129.909 0.417 0.035
215 1854 0 1854 569.623 450.710 118.914 0.433 0.036
216 1854 0 1854 583.293 482.787 100.506 0.433 0.037
217 1854 0 1854 597.668 515.420 82.248 0.450 0.038
218 1854 0 1854 610.239 516.945 93.294 0.450 0.038
219 1854 0 1854 624.776 525.768 99.008 0.450 0.039
220 1854 0 1854 637.066 527.358 109.708 0.500 0.040
221 1854 0 1854 650.901 554.961 95.940 0.500 0.041
222 1854 0 1854 662.905 564.265 98.640 0.500 0.042
223 1854 0 1854 676.325 565.789 110.536 0.517 0.043
224 1854 0 1854 687.232 574.976 112.255 0.533 0.043
225 1854 0 1854 699.338 576.903 122.436 0.533 0.044
226 1854 0 1854 707.484 578.371 129.113 0.550 0.045
227 1854 0 1854 717.806 603.595 114.211 0.567 0.046
228 1854 0 1854 727.918 612.527 115.391 0.583 0.046
229 1854 0 1854 739.454 612.584 126.870 0.600 0.047
230 1854 0 1854 751.293 643.024 108.269 0.617 0.048
231 1854 0 1854 762.508 647.649 114.860 0.633 0.048
232 1854 0 1854 772.804 654.531 118.273 0.633 0.049
233 1854 0 1854 782.056 659.784 122.273 0.650 0.050
234 1854 0 1854 792.388 661.530 130.858 0.667 0.050
235 1854 0 1854 800.715 661.613 139.101 0.683 0.051
236 1854 0 1854 810.502 663.092 147.410 0.683 0.051
237 1854 0 1854 821.506 675.666 145.841 0.717 0.051
238 1854 0 1854 829.931 702.701 127.231 0.717 0.052
239 1854 0 1854 838.567 702.752 135.815 0.717 0.052
240 1854 0 1854 848.292 702.752 145.540 0.717 0.052
241 1854 0 1854 858.977 752.172 106.805 0.733 0.053
242 1854 0 1854 868.233 760.265 107.968 0.733 0.053
243 1854 0 1854 877.829 760.333 117.496 0.750 0.053
244 1854 0 1854 887.430 761.805 125.625 0.750 0.053
245 1854 0 1854 895.249 761.861 133.388 0.750 0.053
246 1854 0 1854 902.608 764.580 138.028 0.750 0.053
247 1854 0 1854 909.632 799.395 110.237 0.767 0.053
248 1854 0 1854 916.892 800.540 116.352 0.767 0.053
249 1854 0 1854 922.826 800.536 122.290 0.767 0.053
250 1854 0 1854 928.799 807.284 121.515 0.767 0.053
251 1854 0 1854 933.177 834.878 98.299 0.767 0.053
252 1854 0 1854 936.701 834.878 101.823 0.733 0.053
253 1854 0 1854 939.544 838.546 100.998 0.733 0.053
254 1854 0 1854 943.573 870.305 73.268 0.733 0.052
255 1854 0 1854 945.369 870.305 75.064 0.733 0.052
256 1854 0 1854 945.709 871.326 74.383 0.717 0.052
257 1854 0 1854 945.760 871.326 74.434 0.717 0.052
258 1854 0 1854 944.936 871.326 73.611 0.717 0.052
259 1854 0 1854 943.124 871.326 71.798 0.717 0.051
260 1854 0 1854 937.716 871.326 66.390 0.717 0.051
261 1632 0 1632 930.925 871.326 59.599 0.700 0.051
262 1632 0 1632 924.186 871.337 52.849 0.700 0.050
263 1535 0 1535 918.894 871.337 47.557 0.700 0.050
264 1535 0 1535 912.958 871.337 41.621 0.700 0.050
265 1535 0 1535 906.427 871.337 35.090 0.700 0.049
266 1535 0 1535 899.336 871.307 28.029 0.683 0.049
267 1535 0 1535 890.601 871.307 19.294 0.667 0.048
268 1427 0 1427 879.675 871.307 8.368 0.667 0.048
269 1427 0 1427 867.209 871.307 4.098 0.667 0.048
270 1427 0 1427 853.924 869.786 15.863 0.650 0.048
271 1427 0 1427 838.054 869.779 31.725 0.650 0.048
272 1427 0 1427 822.290 867.209 44.918 0.650 0.047
273 1427 0 1427 803.490 865.912 62.422 0.667 0.047
274 1427 0 1427 786.461 864.773 78.313 0.650 0.047
275 1427 0 1427 765.206 857.859 92.652 0.650 0.047
276 1427 0 1427 742.354 838.473 96.119 0.650 0.048
277 1427 0 1427 718.291 800.340 82.048 0.650 0.048
278 1427 0 1427 695.025 799.000 103.975 0.700 0.048
279 1427 0 1427 671.004 788.050 117.046 0.700 0.048
280 1427 0 1427 646.452 744.868 98.416 0.700 0.049
281 1365 0 1365 619.524 726.885 107.361 0.733 0.049
282 1365 0 1365 592.278 712.798 120.521 0.733 0.050
283 1365 0 1365 564.933 706.195 141.262 0.767 0.050
284 1316 0 1316 540.875 699.691 158.816 0.767 0.051
285 1316 0 1316 514.582 646.519 131.937 0.800 0.051
286 1316 0 1316 490.705 606.462 115.757 0.817 0.052
287 1316 0 1316 466.348 590.785 124.437 0.817 0.052
288 1316 0 1316 444.092 589.307 145.216 0.850 0.052
289 1309 0 1309 423.325 562.738 139.413 0.850 0.053
290 1257 0 1257 398.662 523.239 124.577 0.867 0.053
291 1257 0 1257 377.845 521.394 143.549 0.883 0.053
292 1257 0 1257 360.230 457.192 96.962 0.900 0.054
293 1251 0 1251 342.019 446.410 104.391 0.883 0.054
294 1251 0 1251 323.051 442.782 119.731 0.883 0.054
295 1251 0 1251 303.143 433.479 130.336 0.883 0.055
296 1251 0 1251 286.463 403.924 117.461 0.917 0.055
297 1213 0 1213 270.988 399.227 128.239 0.917 0.055
298 1213 0 1213 257.010 355.159 98.149 0.933 0.055
299 1181 0 1181 244.390 329.199 84.809 0.950 0.055
300 1181 0 1181 231.057 329.199 98.143 0.933 0.055
301 1181 0 1181 217.753 304.681 86.928 0.933 0.055
302 1181 0 1181 206.341 300.154 93.813 0.967 0.055
303 1181 0 1181 192.956 297.081 104.125 0.950 0.055
304 1181 0 1181 180.674 284.527 103.853 0.917 0.055
305 1181 0 1181 170.681 261.116 90.434 0.917 0.055
306 1181 0 1181 161.187 261.116 99.929 0.917 0.055
307 1027 0 1027 151.634 258.650 107.016 0.917 0.055
308 1027 0 1027 143.888 258.650 114.762 0.917 0.055
309 1027 0 1027 135.405 258.567 123.162 0.900 0.054
310 1027 0 1027 128.074 258.567 130.493 0.900 0.054
311 1027 0 1027 120.888 229.537 108.649 0.900 0.054
312 1027 0 1027 112.701 229.537 116.836 0.917 0.054
313 1027 0 1027 105.461 229.537 124.076 0.917 0.054
314 1027 0 1027 99.339 229.537 130.198 0.917 0.054
315 1027 0 1027 93.160 195.528 102.368 0.917 0.054
316 1018 0 1018 85.222 158.604 73.382 0.900 0.054
317 910 0 910 79.495 158.604 79.110 0.900 0.054
318 857 0 857 72.969 158.604 85.635 0.900 0.054
319 857 0 857 67.306 158.604 91.298 0.900 0.054
320 857 0 857 61.079 158.604 97.525 0.900 0.054
321 857 0 857 55.973 158.604 102.631 0.900 0.054
322 856 0 856 50.145 158.604 108.459 0.883 0.053
323 715 0 715 45.433 155.442 110.009 0.883 0.053
324 715 0 715 40.984 155.442 114.458 0.883 0.053
325 630 0 630 36.745 155.442 118.697 0.883 0.053
326 564 0 564 33.026 155.442 122.416 0.867 0.053
327 513 0 513 29.307 126.563 97.255 0.867 0.053
328 506 0 506 25.683 97.518 71.836 0.867 0.053
329 452 0 452 21.732 97.518 75.786 0.850 0.053
330 452 0 452 18.425 97.518 79.093 0.833 0.052
331 452 0 452 15.048 70.247 55.199 0.833 0.052
332 452 0 452 12.029 70.247 58.218 0.817 0.052
333 452 0 452 9.159 70.247 61.088 0.800 0.051
334 387 0 387 6.943 70.247 63.305 0.800 0.050
335 333 0 333 4.982 70.247 65.266 0.800 0.050
336 333 0 333 3.300 68.147 64.847 0.783 0.049
337 208 0 208 2.042 68.147 66.105 0.783 0.048
338 208 0 208 1.256 65.018 63.762 0.750 0.047
339 170 0 170 0.720 65.027 64.307 0.700 0.045
340 161 0 161 0.541 65.027 64.486 0.667 0.044
341 161 0 161 0.414 65.018 64.605 0.650 0.043
342 161 0 161 0.257 65.018 64.761 0.650 0.042
343 152 0 152 0.203 65.027 64.824 0.617 0.041
344 152 0 152 0.174 65.027 64.853 0.567 0.039
345 152 0 152 0.160 65.027 64.867 0.550 0.038
346 194 0 194 0.193 65.027 64.834 0.500 0.037
347 194 0 194 0.211 65.027 64.816 0.483 0.036
348 237 0 237 0.258 65.018 64.760 0.400 0.035
349 237 0 237 0.324 65.018 64.694 0.383 0.034
350 237 0 237 0.405 65.018 64.614 0.367 0.032
351 237 0 237 0.580 65.018 64.439 0.333 0.031
352 306 0 306 0.990 65.018 64.028 0.283 0.031
353 327 0 327 1.461 65.012 63.551 0.283 0.030
354 379 0 379 2.421 65.012 62.591 0.267 0.029
355 379 0 379 3.677 65.012 61.335 0.267 0.028
356 468 0 468 5.960 65.013 59.052 0.233 0.027
357 468 0 468 9.004 65.021 56.017 0.233 0.027
358 468 0 468 12.262 65.021 52.760 0.233 0.026
359 468 0 468 16.040 65.021 48.981 0.233 0.026
360 468 0 468 20.068 65.021 44.954 0.217 0.026
361 497 0 497 24.938 65.030 40.092 0.233 0.025
362 497 0 497 30.350 65.030 34.680 0.233 0.025
363 499 0 499 36.783 65.030 28.248 0.217 0.025
364 561 0 561 43.941 65.039 21.099 0.217 0.025
365 563 0 563 52.205 65.039 12.834 0.233 0.025
366 668 0 668 60.891 65.039 4.148 0.233 0.025
367 668 0 668 72.614 65.039 7.575 0.233 0.025
368 668 0 668 83.293 65.039 18.254 0.233 0.025
369 758 0 758 93.581 65.039 28.542 0.250 0.025
370 758 0 758 107.875 67.230 40.645 0.250 0.026
371 803 0 803 120.524 68.767 51.758 0.250 0.025
372 1003 0 1003 136.469 68.767 67.703 0.267 0.026
373 1003 0 1003 152.277 68.767 83.510 0.267 0.026
374 1003 0 1003 169.444 97.371 72.073 0.267 0.026
375 1241 0 1241 187.116 97.371 89.745 0.267 0.027
376 1241 0 1241 204.344 100.981 103.363 0.267 0.027
377 1241 0 1241 222.458 137.974 84.485 0.267 0.027
378 1617 0 1617 244.783 138.067 106.716 0.283 0.028
379 2229 0 2229 267.236 164.975 102.261 0.283 0.028
380 2667 0 2667 297.117 192.138 104.979 0.317 0.029
381 2790 0 2790 326.853 211.707 115.146 0.317 0.029
382 2986 0 2986 357.356 251.690 105.666 0.350 0.029
383 3004 0 3004 389.604 271.424 118.180 0.350 0.030
384 3004 0 3004 416.581 299.343 117.238 0.383 0.030
385 3004 0 3004 445.268 341.373 103.896 0.400 0.030
386 3004 0 3004 467.175 400.217 66.958 0.400 0.031
387 3004 0 3004 493.010 404.299 88.711 0.383 0.032
388 3004 0 3004 517.233 432.358 84.875 0.433 0.032
389 3004 0 3004 535.545 441.084 94.461 0.450 0.033
390 3004 0 3004 551.924 445.326 106.598 0.467 0.033
391 3004 0 3004 566.650 452.293 114.356 0.467 0.034
392 3004 0 3004 581.128 456.635 124.492 0.467 0.034
393 3004 0 3004 596.669 462.050 134.618 0.450 0.035
394 3004 0 3004 609.906 463.895 146.011 0.467 0.036
395 3004 0 3004 623.578 472.188 151.391 0.483 0.037
396 3004 0 3004 636.559 524.956 111.603 0.483 0.037
397 3004 0 3004 649.296 563.871 85.425 0.500 0.038
398 3004 0 3004 661.876 563.871 98.005 0.550 0.039
399 3004 0 3004 674.499 570.985 103.514 0.567 0.039
400 3004 0 3004 687.062 574.197 112.865 0.583 0.040
401 3004 0 3004 698.266 596.061 102.205 0.583 0.041
402 3004 0 3004 709.666 597.749 111.917 0.600 0.042
403 3004 0 3004 720.756 607.788 112.968 0.633 0.043
404 3004 0 3004 733.263 609.340 123.922 0.633 0.043
405 3004 0 3004 744.174 614.469 129.704 0.650 0.044
406 3004 0 3004 756.668 619.868 136.800 0.683 0.045
407 3004 0 3004 768.406 642.181 126.225 0.700 0.046
408 3004 0 3004 780.850 653.683 127.167 0.717 0.047
409 3004 0 3004 791.643 675.431 116.213 0.717 0.048
410 3004 0 3004 803.150 675.431 127.720 0.733 0.048
411 3004 0 3004 813.584 715.266 98.318 0.733 0.049
412 3004 0 3004 823.075 726.473 96.601 0.767 0.050
413 3004 0 3004 832.029 726.624 105.405 0.783 0.050
414 3004 0 3004 842.336 726.624 115.712 0.783 0.051
415 3004 0 3004 851.815 734.013 117.803 0.817 0.051
416 3004 0 3004 863.228 740.199 123.029 0.817 0.052
417 3004 0 3004 874.541 764.455 110.086 0.817 0.052
418 3004 0 3004 884.591 764.455 120.136 0.833 0.052
419 3004 0 3004 894.817 765.799 129.018 0.850 0.053
420 3004 0 3004 903.394 774.598 128.795 0.883 0.053
421 3004 0 3004 912.106 798.123 113.982 0.900 0.053
422 3004 0 3004 920.782 798.123 122.659 0.900 0.054
423 3004 0 3004 928.847 830.546 98.301 0.900 0.054
424 3004 0 3004 936.719 836.005 100.713 0.900 0.054
425 3004 0 3004 945.164 859.871 85.292 0.933 0.054
426 3004 0 3004 951.956 859.871 92.084 0.933 0.054
427 3004 0 3004 961.042 897.023 64.019 0.933 0.054
428 3004 0 3004 968.499 897.023 71.476 0.933 0.054
429 3004 0 3004 973.448 898.455 74.994 0.950 0.054
430 3004 0 3004 980.431 898.455 81.977 0.933 0.054
431 3004 0 3004 986.241 898.455 87.786 0.933 0.054
432 3004 0 3004 992.111 898.455 93.656 0.950 0.054
433 3004 0 3004 998.220 899.661 98.559 0.950 0.053
434 3004 0 3004 1002.786 899.661 103.125 0.950 0.053
435 3004 0 3004 1006.191 905.301 100.890 0.950 0.053
436 3004 0 3004 1009.052 905.335 103.717 0.950 0.053
437 3004 0 3004 1011.854 926.714 85.140 0.950 0.052
438 3004 0 3004 1010.990 929.685 81.305 0.967 0.052
439 3004 0 3004 1006.930 929.685 77.245 0.967 0.052
440 3004 0 3004 998.259 929.685 68.574 0.967 0.052
441 3004 0 3004 989.023 929.685 59.338 0.967 0.051
442 3004 0 3004 975.754 929.685 46.069 0.983 0.051
443 2979 0 2979 959.085 929.685 29.400 1.000 0.051
444 2979 0 2979 945.090 904.535 40.556 0.967 0.050
445 2803 0 2803 929.054 904.535 24.520 0.967 0.050
446 2803 0 2803 915.811 904.535 11.277 0.950 0.050
447 2469 0 2469 899.097 904.535 5.438 0.950 0.049
448 1915 0 1915 879.707 863.768 15.939 0.950 0.049
449 1671 0 1671 865.310 863.768 1.542 0.967 0.048
450 1671 0 1671 851.484 863.768 12.284 0.933 0.048
451 1671 0 1671 840.032 862.293 22.261 0.900 0.048
452 1671 0 1671 824.171 843.599 19.428 0.950 0.047
453 1671 0 1671 806.337 842.260 35.923 0.950 0.047
454 1671 0 1671 786.848 836.524 49.676 0.967 0.047
455 1671 0 1671 765.521 812.355 46.834 0.967 0.047
456 1671 0 1671 742.249 799.366 57.117 1.000 0.047
457 1671 0 1671 721.667 799.366 77.699 0.967 0.047
458 1671 0 1671 699.840 794.139 94.299 0.983 0.048
459 1328 0 1328 674.889 767.166 92.277 1.017 0.048
460 1328 0 1328 649.981 759.771 109.790 1.017 0.048
461 1328 0 1328 622.938 753.037 130.099 1.050 0.049
462 1328 0 1328 596.891 679.982 83.091 1.050 0.050
463 1328 0 1328 572.674 661.555 88.881 1.067 0.050
464 1301 0 1301 550.534 654.206 103.672 1.050 0.050
465 1301 0 1301 527.122 643.896 116.774 1.050 0.051
466 1301 0 1301 502.934 639.285 136.351 1.067 0.051
467 1301 0 1301 478.348 612.759 134.410 1.050 0.051
468 1301 0 1301 452.999 575.849 122.850 1.067 0.052
469 1301 0 1301 429.108 573.865 144.757 1.083 0.052
470 1301 0 1301 407.108 515.741 108.633 1.100 0.053
471 1301 0 1301 386.469 491.280 104.811 1.067 0.053
472 1301 0 1301 366.235 488.326 122.091 1.050 0.054
473 1301 0 1301 347.522 477.608 130.086 1.050 0.054
474 1301 0 1301 329.406 475.484 146.078 1.033 0.054
475 1301 0 1301 312.374 409.776 97.402 1.050 0.055
476 1301 0 1301 295.735 383.958 88.223 1.017 0.055
477 1301 0 1301 279.782 373.432 93.650 1.017 0.055
478 1301 0 1301 265.773 373.432 107.659 0.983 0.055
479 1301 0 1301 249.646 367.703 118.057 1.000 0.055
480 1301 0 1301 236.432 330.083 93.652 1.017 0.055
481 1301 0 1301 224.222 330.028 105.806 1.033 0.055
482 1301 0 1301 212.213 306.040 93.827 1.050 0.055
483 1301 0 1301 199.890 303.951 104.061 1.017 0.055
484 1301 0 1301 189.918 303.951 114.033 1.000 0.055
485 1301 0 1301 179.677 299.291 119.614 1.000 0.055
486 1301 0 1301 170.214 297.151 126.937 0.983 0.055
487 1301 0 1301 160.658 260.249 99.591 0.983 0.055
488 1301 0 1301 151.209 260.249 109.040 0.950 0.055
489 1301 0 1301 142.349 260.249 117.900 0.950 0.055
490 1301 0 1301 132.367 260.249 127.882 0.950 0.055
491 1301 0 1301 127.290 260.249 132.959 0.950 0.055
492 1301 0 1301 120.520 258.041 137.521 0.950 0.055
493 949 0 949 112.638 226.535 113.897 0.933 0.055
494 949 0 949 105.430 226.535 121.105 0.933 0.054
495 949 0 949 99.148 191.978 92.830 0.917 0.054
496 949 0 949 92.405 191.978 99.573 0.917 0.054
497 942 0 942 85.365 188.426 103.061 0.917 0.054
498 942 0 942 78.312 154.035 75.723 0.917 0.054
499 942 0 942 72.389 154.035 81.646 0.917 0.054
500 942 0 942 67.989 154.035 86.046 0.917 0.054
501 942 0 942 62.939 154.035 91.096 0.900 0.054
502 942 0 942 57.218 154.035 96.817 0.900 0.054
503 942 0 942 51.629 154.035 102.406 0.900 0.054
504 813 0 813 45.936 152.118 106.182 0.883 0.054
505 631 0 631 41.288 152.118 110.830 0.883 0.054
506 585 0 585 37.310 124.494 87.184 0.883 0.053
507 585 0 585 32.735 124.494 91.759 0.883 0.053
508 552 0 552 28.221 124.494 96.273 0.883 0.053
509 552 0 552 24.304 100.822 76.518 0.883 0.053
510 552 0 552 20.638 100.822 80.184 0.883 0.053
511 552 0 552 18.144 93.202 75.058 0.883 0.052
512 552 0 552 15.067 93.202 78.135 0.850 0.052
513 552 0 552 12.289 93.202 80.913 0.850 0.052
514 552 0 552 9.668 69.876 60.208 0.850 0.051
515 552 0 552 7.495 69.876 62.381 0.850 0.050
516 552 0 552 5.665 69.876 64.211 0.850 0.049
517 552 0 552 4.493 68.316 63.823 0.800 0.049
518 552 0 552 3.808 68.316 64.508 0.783 0.048
519 552 0 552 3.378 68.316 64.939 0.767 0.046
520 552 0 552 3.013 68.316 65.303 0.750 0.045
521 552 0 552 2.780 68.316 65.536 0.717 0.044
522 552 0 552 2.701 68.316 65.616 0.683 0.043
523 552 0 552 2.613 68.316 65.703 0.617 0.041
524 552 0 552 2.596 68.316 65.720 0.533 0.040
525 552 0 552 2.580 68.316 65.736 0.467 0.039
526 552 0 552 2.657 68.316 65.660 0.450 0.038
527 552 0 552 2.715 68.316 65.602 0.433 0.036
528 552 0 552 2.762 68.316 65.555 0.383 0.035
529 552 0 552 2.843 68.316 65.474 0.333 0.034
530 552 0 552 2.999 68.316 65.317 0.317 0.033
531 552 0 552 3.225 68.316 65.091 0.317 0.032
532 552 0 552 3.689 68.307 64.618 0.283 0.031
533 552 0 552 4.339 68.316 63.977 0.267 0.030
534 552 0 552 5.351 68.316 62.966 0.250 0.029
535 552 0 552 6.703 68.326 61.623 0.250 0.028
536 552 0 552 9.019 68.326 59.307 0.233 0.028
537 552 0 552 11.578 68.326 56.748 0.250 0.027
538 552 0 552 14.701 68.368 53.666 0.250 0.027
539 552 0 552 18.701 68.368 49.666 0.250 0.026
540 552 0 552 23.643 68.368 44.724 0.267 0.026
541 552 0 552 29.475 68.377 38.902 0.267 0.026
542 552 0 552 35.805 68.377 32.572 0.250 0.025
543 552 0 552 42.173 68.377 26.205 0.267 0.025
544 552 0 552 50.502 68.377 17.875 0.267 0.025
545 586 0 586 59.463 68.377 8.915 0.267 0.025
546 647 0 647 70.176 68.377 1.799 0.267 0.025
547 647 0 647 78.748 68.387 10.361 0.283 0.025
548 748 0 748 90.595 68.387 22.208 0.300 0.025
549 748 0 748 101.146 70.041 31.105 0.283 0.026
550 926 0 926 114.567 70.041 44.526 0.300 0.026
551 956 0 956 126.887 71.124 55.763 0.317 0.026
552 1013 0 1013 139.735 71.124 68.610 0.317 0.026
553 1046 0 1046 157.567 90.201 67.367 0.350 0.027
554 1046 0 1046 173.782 90.201 83.582 0.333 0.027
555 1377 0 1377 187.117 94.105 93.012 0.333 0.027
556 1452 0 1452 205.433 95.461 109.973 0.333 0.027
557 1711 0 1711 224.885 103.336 121.549 0.333 0.028
558 1889 0 1889 245.135 103.336 141.799 0.333 0.028
559 2169 0 2169 268.189 175.078 93.111 0.333 0.028
560 2332 0 2332 290.590 176.906 113.684 0.350 0.029
561 2358 0 2358 313.163 208.278 104.885 0.350 0.029
562 2576 0 2576 340.191 211.243 128.948 0.350 0.029
563 2582 0 2582 364.522 213.322 151.200 0.367 0.030
564 2582 0 2582 391.282 312.490 78.792 0.367 0.030
565 2582 0 2582 412.672 317.191 95.481 0.383 0.031
566 2582 0 2582 435.564 318.660 116.903 0.383 0.031
567 2582 0 2582 454.962 349.676 105.285 0.383 0.032
568 2582 0 2582 470.065 359.542 110.523 0.400 0.032
569 2582 0 2582 486.196 384.749 101.447 0.400 0.032
570 2582 0 2582 501.804 393.869 107.935 0.417 0.033
571 2582 0 2582 518.753 395.665 123.088 0.417 0.034
572 2582 0 2582 536.232 400.939 135.293 0.450 0.034
573 2582 0 2582 550.597 411.789 138.808 0.467 0.035
574 2582 0 2582 564.460 413.878 150.583 0.467 0.035
575 2582 0 2582 578.208 457.411 120.798 0.467 0.036
576 2582 0 2582 593.379 504.420 88.959 0.500 0.037
577 2582 0 2582 607.619 505.947 101.673 0.517 0.038
578 2582 0 2582 621.463 507.376 114.087 0.533 0.038
579 2582 0 2582 634.786 519.060 115.726 0.533 0.039
580 2582 0 2582 647.341 519.060 128.282 0.550 0.040
581 2582 0 2582 659.652 559.308 100.344 0.567 0.041
582 2582 0 2582 671.215 560.951 110.264 0.600 0.042
583 2582 0 2582 682.080 561.019 121.061 0.600 0.042
584 2582 0 2582 693.416 562.688 130.728 0.617 0.043
585 2582 0 2582 705.353 577.728 127.625 0.617 0.044
586 2582 0 2582 716.498 599.120 117.379 0.650 0.045
587 2582 0 2582 729.036 599.120 129.916 0.667 0.046
588 2582 0 2582 740.924 628.801 112.123 0.700 0.046
589 2582 0 2582 752.759 632.635 120.124 0.717 0.047
590 2582 0 2582 764.198 634.668 129.530 0.733 0.048
591 2582 0 2582 774.522 641.386 133.136 0.750 0.048
592 2582 0 2582 785.701 645.890 139.811 0.750 0.049
593 2582 0 2582 796.333 648.328 148.005 0.767 0.049
594 2582 0 2582 806.349 654.930 151.419 0.767 0.050
595 2582 0 2582 815.850 657.100 158.750 0.783 0.050
596 2582 0 2582 827.262 683.937 143.325 0.783 0.051
597 2582 0 2582 836.450 709.450 127.000 0.783 0.051
598 2582 0 2582 846.275 718.185 128.090 0.800 0.052
599 2582 0 2582 855.496 718.185 137.311 0.800 0.052
600 2582 0 2582 865.724 718.185 147.539 0.800 0.052
601 2582 0 2582 876.053 780.937 95.116 0.817 0.052
602 2582 0 2582 885.489 783.390 102.099 0.817 0.053
603 2582 0 2582 893.559 786.906 106.652 0.833 0.053
604 2582 0 2582 902.891 793.130 109.760 0.833 0.053
605 2582 0 2582 911.103 793.130 117.972 0.817 0.053
606 2582 0 2582 920.201 793.130 127.071 0.817 0.053
607 2582 0 2582 926.423 793.130 133.292 0.817 0.053
608 2582 0 2582 933.029 824.270 108.759 0.817 0.053
609 2582 0 2582 938.950 824.270 114.681 0.817 0.053
610 2582 0 2582 944.416 830.349 114.066 0.817 0.053
611 2582 0 2582 949.597 860.105 89.492 0.800 0.053
612 2582 0 2582 954.433 863.577 90.856 0.800 0.052
613 2582 0 2582 960.308 863.577 96.731 0.783 0.052
614 2582 0 2582 963.471 863.577 99.894 0.783 0.052
615 2582 0 2582 964.355 863.577 100.778 0.783 0.052
616 2582 0 2582 966.075 863.577 102.498 0.767 0.052
617 2582 0 2582 964.735 863.577 101.158 0.767 0.051
618 2582 0 2582 964.834 863.577 101.257 0.750 0.051
619 2582 0 2582 961.958 863.577 98.381 0.750 0.051
620 2582 0 2582 956.919 863.597 93.322 0.750 0.051
621 2582 0 2582 951.213 863.597 87.616 0.733 0.050
622 2582 0 2582 943.038 863.597 79.441 0.700 0.050
623 2475 0 2475 934.011 863.597 70.414 0.683 0.050
624 2419 0 2419 921.483 863.597 57.886 0.650 0.049
625 2255 0 2255 911.933 863.597 48.336 0.650 0.049
626 1506 0 1506 899.724 863.597 36.127 0.617 0.049
627 1415 0 1415 888.228 863.597 24.631 0.617 0.048
628 1415 0 1415 879.307 863.597 15.710 0.633 0.048
629 1415 0 1415 870.152 863.597 6.555 0.600 0.047
630 1415 0 1415 858.663 863.597 4.934 0.583 0.047
631 1415 0 1415 842.151 863.587 21.436 0.617 0.047
632 1408 0 1408 826.932 862.108 35.176 0.617 0.047
633 1408 0 1408 809.247 862.108 52.860 0.633 0.047
634 1408 0 1408 790.926 855.850 64.923 0.600 0.047
635 1408 0 1408 769.037 855.826 86.789 0.600 0.047
636 1408 0 1408 745.757 845.509 99.752 0.633 0.047
637 1408 0 1408 723.890 811.805 87.915 0.667 0.047
638 1408 0 1408 699.007 806.516 107.509 0.650 0.048
639 1408 0 1408 673.670 780.034 106.365 0.633 0.048
640 1408 0 1408 650.672 742.299 91.628 0.667 0.048
641 1408 0 1408 623.913 733.787 109.873 0.650 0.049
642 1408 0 1408 597.441 725.853 128.413 0.667 0.049
643 1408 0 1408 576.160 716.396 140.236 0.667 0.049
644 1408 0 1408 553.597 689.911 136.315 0.667 0.049
645 1408 0 1408 527.013 684.315 157.302 0.667 0.050
646 1361 0 1361 499.851 642.950 143.098 0.683 0.051
647 1361 0 1361 473.838 606.704 132.866 0.650 0.051
648 1329 0 1329 450.128 584.917 134.789 0.667 0.052
649 1329 0 1329 428.890 509.155 80.265 0.650 0.052
650 1329 0 1329 405.412 507.398 101.986 0.667 0.053
651 1281 0 1281 384.698 500.499 115.801 0.667 0.053
652 1281 0 1281 364.549 494.668 130.119 0.667 0.053
653 1281 0 1281 343.818 471.084 127.266 0.683 0.053
654 1281 0 1281 326.086 435.364 109.278 0.683 0.054
655 1281 0 1281 310.605 433.368 122.764 0.667 0.054
656 1281 0 1281 293.659 429.009 135.350 0.683 0.054
657 1281 0 1281 278.555 417.793 139.237 0.700 0.054
658 1281 0 1281 263.655 394.403 130.748 0.717 0.054
659 1192 0 1192 250.116 369.733 119.616 0.717 0.054
660 1192 0 1192 234.591 337.097 102.506 0.733 0.054
661 1192 0 1192 221.071 304.401 83.330 0.733 0.054
662 1192 0 1192 210.337 304.401 94.064 0.800 0.054
663 1159 0 1159 198.637 302.159 103.523 0.800 0.054
664 1121 0 1121 187.792 297.078 109.286 0.800 0.054
665 1121 0 1121 178.520 270.099 91.579 0.800 0.054
666 1121 0 1121 169.001 267.828 98.827 0.800 0.054
667 1119 0 1119 158.632 259.838 101.206 0.783 0.054
668 1119 0 1119 149.469 259.838 110.369 0.783 0.054
669 1119 0 1119 140.890 234.574 93.684 0.783 0.054
670 1119 0 1119 131.295 234.574 103.279 0.800 0.054
671 962 0 962 122.644 234.574 111.930 0.800 0.054
672 859 0 859 115.548 228.304 112.756 0.800 0.054
673 836 0 836 109.314 228.304 118.990 0.800 0.054
674 836 0 836 100.909 228.304 127.395 0.800 0.054
675 836 0 836 94.522 200.606 106.084 0.800 0.054
676 836 0 836 87.571 198.219 110.648 0.783 0.053
677 781 0 781 81.562 172.089 90.527 0.783 0.053
678 729 0 729 75.592 172.089 96.497 0.783 0.053
679 726 0 726 69.612 172.089 102.478 0.783 0.053
680 703 0 703 63.224 172.089 108.865 0.783 0.053
681 703 0 703 58.152 165.440 107.288 0.783 0.053
682 665 0 665 52.591 141.720 89.129 0.767 0.053
683 656 0 656 48.013 139.366 91.353 0.767 0.053
684 656 0 656 43.283 139.366 96.083 0.767 0.053
685 656 0 656 38.746 139.366 100.621 0.767 0.053
686 656 0 656 34.305 139.366 105.061 0.783 0.053
687 656 0 656 29.499 111.246 81.747 0.783 0.053
688 484 0 484 25.994 111.246 85.253 0.767 0.053
689 484 0 484 22.963 109.111 86.148 0.767 0.053
690 484 0 484 19.687 109.111 89.424 0.767 0.052
691 484 0 484 15.821 109.111 93.290 0.767 0.052
692 366 0 366 12.953 109.111 96.157 0.750 0.051
693 364 0 364 10.207 109.111 98.904 0.750 0.051
694 306 0 306 7.852 109.111 101.258 0.750 0.050
695 302 0 302 5.557 102.927 97.370 0.750 0.050
696 298 0 298 3.770 102.927 99.157 0.717 0.049
697 298 0 298 2.638 102.927 100.290 0.683 0.048
698 298 0 298 1.560 102.927 101.368 0.667 0.047
699 298 0 298 0.996 102.927 101.931 0.650 0.045
700 225 0 225 0.685 102.927 102.242 0.650 0.044
701 225 0 225 0.525 102.942 102.417 0.617 0.043
702 225 0 225 0.401 98.981 98.580 0.617 0.042
703 225 0 225 0.355 98.981 98.626 0.583 0.041
704 225 0 225 0.289 98.981 98.692 0.550 0.040
705 225 0 225 0.289 98.996 98.706 0.483 0.038
706 225 0 225 0.293 99.010 98.717 0.433 0.037
707 225 0 225 0.288 99.010 98.722 0.417 0.036
708 225 0 225 0.315 99.025 98.710 0.400 0.034
709 225 0 225 0.320 99.025 98.704 0.400 0.033
710 225 0 225 0.380 99.025 98.645 0.383 0.032
711 225 0 225 0.547 99.025 98.478 0.350 0.031
712 225 0 225 0.877 99.025 98.147 0.350 0.030
713 225 0 225 1.465 99.025 97.560 0.317 0.030
714 255 0 255 2.489 99.025 96.536 0.283 0.029
715 364 0 364 4.075 99.025 94.949 0.250 0.028
716 365 0 365 6.187 99.025 92.837 0.233 0.028
717 365 0 365 8.890 99.025 90.135 0.233 0.027
718 365 0 365 11.473 99.025 87.551 0.233 0.027
719 522 0 522 15.694 99.025 83.330 0.217 0.026
720 522 0 522 18.899 99.039 80.140 0.217 0.026
721 522 0 522 24.336 99.039 74.703 0.217 0.026
722 522 0 522 30.517 99.039 68.522 0.200 0.026
723 617 0 617 37.462 99.069 61.607 0.217 0.025
724 617 0 617 44.796 99.069 54.273 0.233 0.025
725 617 0 617 53.279 99.069 45.790 0.200 0.025
726 716 0 716 64.092 99.069 34.977 0.217 0.026
727 716 0 716 73.298 99.069 25.771 0.217 0.026
728 841 0 841 83.574 99.069 15.495 0.233 0.026
729 1038 0 1038 96.676 99.069 2.393 0.233 0.026
730 1038 0 1038 110.037 99.069 10.968 0.250 0.026
731 1038 0 1038 123.602 104.230 19.372 0.250 0.026
732 1038 0 1038 136.265 107.383 28.882 0.250 0.026
733 1180 0 1180 151.473 107.383 44.090 0.250 0.026
734 1559 0 1559 168.077 107.383 60.695 0.283 0.027
735 1628 0 1628 189.414 109.950 79.465 0.300 0.027
736 1628 0 1628 210.142 116.790 93.353 0.300 0.027
737 1638 0 1638 229.524 144.844 84.681 0.300 0.027
738 1638 0 1638 252.491 144.844 107.647 0.300 0.028
739 1638 0 1638 272.518 173.071 99.447 0.300 0.028
740 1670 0 1670 293.225 180.340 112.886 0.333 0.028
741 1670 0 1670 316.382 231.329 85.053 0.333 0.029
742 1670 0 1670 338.867 236.638 102.228 0.350 0.029
743 1670 0 1670 358.252 259.708 98.544 0.350 0.029
744 1958 0 1958 378.611 266.709 111.901 0.367 0.030
745 2323 0 2323 402.162 298.080 104.082 0.350 0.030
746 2776 0 2776 423.518 328.000 95.518 0.367 0.031
747 2791 0 2791 449.463 366.525 82.938 0.367 0.031
748 3025 0 3025 472.941 370.291 102.650 0.367 0.032
749 3025 0 3025 494.588 378.845 115.743 0.367 0.032
750 3025 0 3025 511.296 406.140 105.155 0.367 0.033
751 3025 0 3025 527.651 427.775 99.876 0.367 0.034
752 3025 0 3025 541.596 436.213 105.384 0.400 0.034
753 3025 0 3025 556.230 443.613 112.617 0.417 0.035
754 3025 0 3025 572.471 448.717 123.754 0.450 0.036
755 3025 0 3025 585.710 480.414 105.296 0.433 0.036
756 3025 0 3025 597.976 488.464 109.512 0.450 0.037
757 3025 0 3025 612.268 492.811 119.458 0.533 0.038
758 3025 0 3025 624.486 499.846 124.640 0.550 0.038
759 3025 0 3025 636.691 526.697 109.994 0.600 0.039
760 3025 0 3025 649.095 545.845 103.250 0.600 0.040
761 3025 0 3025 661.435 557.163 104.272 0.650 0.041
762 3025 0 3025 672.669 559.036 113.632 0.667 0.041
763 3025 0 3025 685.928 565.432 120.496 0.717 0.042
764 3025 0 3025 699.542 569.984 129.558 0.717 0.043
765 3025 0 3025 711.462 569.984 141.477 0.733 0.044
766 3025 0 3025 723.178 596.105 127.073 0.750 0.045
767 3025 0 3025 736.534 630.905 105.629 0.767 0.046
768 3025 0 3025 746.988 641.100 105.889 0.767 0.046
769 3025 0 3025 757.201 643.261 113.940 0.767 0.047
770 3025 0 3025 769.505 662.339 107.165 0.783 0.048
771 3025 0 3025 782.153 673.824 108.329 0.800 0.049
772 3025 0 3025 792.225 673.824 118.401 0.800 0.049
773 3025 0 3025 802.477 700.555 101.922 0.817 0.050
774 3025 0 3025 813.284 706.467 106.817 0.833 0.050
775 3025 0 3025 823.768 713.546 110.222 0.833 0.051
776 3025 0 3025 834.223 713.546 120.678 0.833 0.051
777 3025 0 3025 845.360 715.836 129.524 0.850 0.052
778 3025 0 3025 853.404 756.657 96.747 0.850 0.052
779 3025 0 3025 863.849 768.133 95.717 0.850 0.053
780 3025 0 3025 870.930 789.692 81.238 0.867 0.053
781 3025 0 3025 880.530 791.117 89.412 0.867 0.053
782 3025 0 3025 889.893 791.117 98.776 0.867 0.053
783 3025 0 3025 898.801 791.184 107.617 0.867 0.053
784 3025 0 3025 906.799 800.953 105.846 0.867 0.053
785 3025 0 3025 914.970 800.953 114.016 0.883 0.054
786 3025 0 3025 924.688 803.553 121.134 0.867 0.054
787 3025 0 3025 931.857 803.553 128.303 0.867 0.054
788 3025 0 3025 937.888 843.397 94.491 0.867 0.054
789 3025 0 3025 945.150 843.397 101.753 0.883 0.054
790 3025 0 3025 952.257 843.397 108.860 0.883 0.053
791 3025 0 3025 958.502 843.397 115.105 0.867 0.053
792 3025 0 3025 962.723 843.397 119.326 0.867 0.053
793 3025 0 3025 965.956 843.397 122.559 0.867 0.053
794 3025 0 3025 968.213 850.675 117.538 0.867 0.053
795 3025 0 3025 969.754 850.675 119.079 0.867 0.053
796 3025 0 3025 969.164 854.457 114.707 0.850 0.053
797 3025 0 3025 969.665 854.457 115.208 0.833 0.052
798 3025 0 3025 968.036 854.457 113.580 0.817 0.052
799 3025 0 3025 965.032 880.428 84.604 0.800 0.052
800 3025 0 3025 961.614 880.428 81.187 0.800 0.052
801 3025 0 3025 956.983 880.428 76.555 0.800 0.051
802 3025 0 3025 951.347 880.447 70.900 0.783 0.051
803 3025 0 3025 946.358 880.447 65.911 0.783 0.051
804 3025 0 3025 938.601 880.447 58.154 0.767 0.050
805 3025 0 3025 925.329 880.447 44.882 0.750 0.050
806 3025 0 3025 915.175 880.447 34.728 0.733 0.050
807 3025 0 3025 896.274 880.447 15.827 0.750 0.049
808 2468 0 2468 880.579 880.447 0.132 0.733 0.049
809 1382 0 1382 863.811 880.447 16.636 0.733 0.049
810 1382 0 1382 849.896 880.447 30.551 0.733 0.048
811 1382 0 1382 835.785 876.347 40.562 0.717 0.048
812 1382 0 1382 820.339 876.347 56.008 0.683 0.048
813 1382 0 1382 802.840 875.182 72.342 0.683 0.048
814 1382 0 1382 783.611 871.765 88.154 0.683 0.047
815 1382 0 1382 764.385 864.398 100.013 0.700 0.048
816 1382 0 1382 743.810 860.329 116.519 0.683 0.048
817 1382 0 1382 722.344 827.741 105.397 0.667 0.048
818 1382 0 1382 697.872 769.430 71.557 0.667 0.048
819 1382 0 1382 674.757 761.337 86.580 0.683 0.049
820 1382 0 1382 650.341 754.695 104.354 0.683 0.049
821 1382 0 1382 622.294 753.405 131.111 0.683 0.049
822 1382 0 1382 599.649 742.385 142.736 0.700 0.050
823 1382 0 1382 573.020 685.384 112.364 0.750 0.050
824 1350 0 1350 546.941 673.614 126.673 0.783 0.051
825 1350 0 1350 523.163 665.791 142.628 0.800 0.051
826 1350 0 1350 497.072 652.704 155.632 0.817 0.052
827 1350 0 1350 470.827 594.418 123.590 0.800 0.052
828 1350 0 1350 449.459 562.684 113.225 0.817 0.052
829 1350 0 1350 425.053 558.344 133.291 0.833 0.053
830 1350 0 1350 404.938 528.825 123.886 0.833 0.053
831 1350 0 1350 384.611 497.117 112.506 0.833 0.053
832 1350 0 1350 366.962 495.129 128.168 0.817 0.053
833 1350 0 1350 343.815 480.205 136.389 0.833 0.054
834 1350 0 1350 322.492 439.575 117.083 0.850 0.054
835 1350 0 1350 305.703 432.271 126.568 0.900 0.054
836 1257 0 1257 286.565 360.909 74.345 0.917 0.054
837 1257 0 1257 268.503 358.791 90.288 0.933 0.055
838 1257 0 1257 253.407 358.791 105.384 0.933 0.055
839 1257 0 1257 240.324 344.325 104.000 0.933 0.055
840 1148 0 1148 226.584 344.325 117.741 0.917 0.055
841 1148 0 1148 214.286 344.325 130.039 0.900 0.055
842 1148 0 1148 202.986 319.820 116.834 0.917 0.054
843 1148 0 1148 190.897 319.820 128.923 0.900 0.055
844 1064 0 1064 180.922 316.247 135.325 0.883 0.054
845 1014 0 1014 171.595 248.219 76.624 0.883 0.054
846 998 0 998 162.263 245.733 83.470 0.883 0.054
847 998 0 998 152.745 245.733 92.989 0.883 0.054
848 981 0 981 143.750 220.206 76.455 0.883 0.054
849 919 0 919 135.669 220.206 84.537 0.883 0.054
850 919 0 919 127.653 218.319 90.666 0.883 0.054
851 889 0 889 119.752 218.319 98.567 0.883 0.054
852 880 0 880 113.475 214.974 101.499 0.883 0.054
853 880 0 880 105.432 214.974 109.541 0.867 0.054
854 860 0 860 99.387 214.974 115.587 0.850 0.054
855 860 0 860 92.581 214.974 122.393 0.850 0.054
856 860 0 860 86.985 214.974 127.988 0.833 0.054
857 824 0 824 81.620 214.974 133.354 0.850 0.053
858 824 0 824 75.141 205.378 130.236 0.867 0.053
859 824 0 824 69.288 174.345 105.057 0.867 0.053
860 824 0 824 64.667 174.345 109.678 0.850 0.053
861 802 0 802 59.818 123.536 63.717 0.850 0.053
862 787 0 787 53.788 123.536 69.748 0.833 0.053
863 787 0 787 49.430 123.536 74.105 0.833 0.053
864 715 0 715 44.323 120.477 76.154 0.833 0.053
865 715 0 715 38.830 120.477 81.647 0.833 0.053
866 680 0 680 34.339 120.477 86.138 0.833 0.053
867 680 0 680 29.011 118.638 89.627 0.833 0.053
868 560 0 560 25.164 118.638 93.474 0.833 0.053
869 560 0 560 21.024 118.638 97.615 0.833 0.052
870 560 0 560 17.368 118.638 101.270 0.833 0.052
871 419 0 419 14.103 114.824 100.721 0.817 0.052
872 415 0 415 11.225 107.746 96.521 0.800 0.051
873 415 0 415 8.501 107.746 99.245 0.800 0.051
874 280 0 280 6.111 107.746 101.635 0.783 0.050
875 274 0 274 4.259 107.746 103.487 0.767 0.049
876 274 0 274 2.838 107.753 104.915 0.733 0.049
877 262 0 262 1.882 107.748 105.866 0.717 0.048
878 262 0 262 1.185 107.748 106.563 0.683 0.046
879 262 0 262 0.795 107.748 106.953 0.667 0.045
880 188 0 188 0.550 107.764 107.214 0.617 0.044
881 188 0 188 0.361 107.748 107.387 0.600 0.043
882 152 0 152 0.227 107.748 107.522 0.567 0.042
883 152 0 152 0.187 107.748 107.561 0.517 0.040
884 152 0 152 0.192 107.748 107.556 0.500 0.039
885 152 0 152 0.174 107.748 107.574 0.500 0.038
886 152 0 152 0.173 107.748 107.576 0.483 0.037
887 216 0 216 0.221 107.733 107.512 0.467 0.035
888 216 0 216 0.258 107.733 107.475 0.433 0.034
889 216 0 216 0.306 107.733 107.427 0.400 0.033
890 216 0 216 0.371 107.748 107.377 0.383 0.032
891 295 0 295 0.561 107.748 107.187 0.350 0.031
892 295 0 295 0.902 107.748 106.846 0.333 0.031
893 295 0 295 1.484 107.764 106.280 0.317 0.030
894 295 0 295 2.395 107.764 105.369 0.283 0.029
895 358 0 358 3.946 107.764 103.818 0.267 0.028
896 574 0 574 5.993 107.764 101.771 0.267 0.027
897 574 0 574 8.392 107.764 99.372 0.250 0.027
898 574 0 574 11.641 107.764 96.122 0.250 0.026
899 574 0 574 15.729 107.764 92.034 0.250 0.026
900 574 0 574 21.019 107.764 86.745 0.250 0.025
901 574 0 574 26.422 107.764 81.342 0.233 0.025
902 576 0 576 32.642 107.764 75.121 0.233 0.025
903 576 0 576 38.988 107.764 68.776 0.217 0.025
904 625 0 625 47.430 107.764 60.334 0.233 0.025
905 625 0 625 55.288 107.779 52.492 0.233 0.025
906 625 0 625 63.157 107.779 44.622 0.217 0.025
907 779 0 779 73.962 107.779 33.818 0.217 0.025
908 947 0 947 86.098 107.779 21.682 0.217 0.025
909 947 0 947 98.703 109.801 11.098 0.233 0.025
910 947 0 947 113.441 109.801 3.640 0.233 0.025
911 947 0 947 126.992 109.801 17.191 0.233 0.026
912 947 0 947 139.895 114.414 25.481 0.233 0.026
913 947 0 947 155.630 114.490 41.140 0.250 0.026
914 1110 0 1110 173.254 117.922 55.333 0.300 0.026
915 1312 0 1312 192.232 117.922 74.310 0.317 0.027
916 1312 0 1312 211.654 141.968 69.686 0.333 0.027
917 1312 0 1312 228.460 150.569 77.892 0.383 0.027
918 1312 0 1312 244.657 152.867 91.789 0.350 0.027
919 1459 0 1459 267.642 154.595 113.047 0.350 0.028
920 1459 0 1459 287.234 210.781 76.453 0.367 0.028
921 1787 0 1787 308.476 218.994 89.481 0.400 0.028
922 1989 0 1989 330.718 218.994 111.724 0.417 0.029
923 1992 0 1992 354.473 248.586 105.887 0.450 0.029
924 1992 0 1992 373.746 249.787 123.959 0.450 0.030
925 1992 0 1992 391.036 283.860 107.176 0.467 0.030
926 1992 0 1992 409.269 317.267 92.002 0.467 0.031
927 1992 0 1992 425.895 326.128 99.768 0.467 0.031
928 1992 0 1992 443.372 328.354 115.018 0.483 0.032
929 1992 0 1992 461.433 332.247 129.186 0.483 0.032
930 1992 0 1992 479.182 341.835 137.347 0.483 0.033
931 1992 0 1992 495.559 368.992 126.566 0.483 0.034
932 1992 0 1992 511.049 394.107 116.943 0.500 0.034
933 1992 0 1992 528.260 399.923 128.337 0.500 0.035
934 1992 0 1992 543.010 435.323 107.687 0.517 0.036
935 1992 0 1992 558.542 436.567 121.975 0.517 0.037
936 1992 0 1992 574.183 442.904 131.278 0.550 0.037
937 1992 0 1992 588.164 474.393 113.771 0.550 0.038
938 1992 0 1992 602.038 480.906 121.132 0.600 0.039
939 1992 0 1992 615.249 524.854 90.395 0.600 0.040
940 1992 0 1992 628.162 528.710 99.451 0.600 0.041
941 1992 0 1992 639.495 533.888 105.607 0.617 0.041
942 1992 0 1992 650.877 538.040 112.837 0.667 0.042
943 1992 0 1992 664.427 543.055 121.372 0.700 0.043
944 1992 0 1992 675.264 547.085 128.179 0.750 0.044
945 1992 0 1992 687.660 583.356 104.304 0.750 0.045
946 1992 0 1992 698.961 605.775 93.186 0.767 0.046
947 1992 0 1992 709.754 616.190 93.564 0.783 0.046
948 1992 0 1992 720.628 618.219 102.409 0.800 0.047
949 1992 0 1992 731.670 618.286 113.384 0.800 0.048
950 1992 0 1992 740.870 619.629 121.242 0.800 0.048
951 1992 0 1992 749.874 622.497 127.377 0.817 0.049
952 1992 0 1992 761.521 651.743 109.778 0.833 0.050
953 1992 0 1992 772.825 681.088 91.738 0.867 0.050
954 1992 0 1992 782.745 703.279 79.465 0.883 0.051
955 1992 0 1992 792.020 707.754 84.266 0.900 0.051
956 1992 0 1992 802.146 713.200 88.946 0.900 0.052
957 1992 0 1992 811.025 715.134 95.890 0.900 0.052
958 1992 0 1992 821.087 719.733 101.354 0.900 0.052
959 1992 0 1992 830.983 719.733 111.250 0.900 0.053
960 1992 0 1992 841.471 725.113 116.358 0.900 0.053
961 1992 0 1992 851.186 749.255 101.932 0.900 0.053
962 1992 0 1992 860.335 756.142 104.193 0.900 0.054
963 1992 0 1992 868.607 776.777 91.830 0.900 0.054
964 1992 0 1992 878.165 776.777 101.388 0.917 0.054
965 1992 0 1992 885.961 783.040 102.921 0.917 0.054
966 1992 0 1992 891.973 783.040 108.933 0.917 0.054
967 1992 0 1992 899.505 783.040 116.465 0.917 0.054
968 1992 0 1992 906.458 784.124 122.334 0.917 0.054
969 1992 0 1992 912.814 786.389 126.425 0.917 0.054
970 1992 0 1992 918.738 786.389 132.349 0.917 0.054
971 1992 0 1992 923.818 786.389 137.429 0.917 0.054
972 1992 0 1992 928.593 787.575 141.018 0.917 0.054
973 1992 0 1992 932.964 820.231 112.734 0.917 0.054
974 1992 0 1992 936.311 820.231 116.080 0.917 0.053
975 1992 0 1992 936.831 824.999 111.832 0.900 0.053
976 1992 0 1992 937.465 824.999 112.467 0.900 0.053
977 1992 0 1992 938.101 824.999 113.102 0.900 0.053
978 1992 0 1992 937.330 824.999 112.331 0.900 0.053
979 1992 0 1992 934.905 824.999 109.907 0.883 0.052
980 1992 0 1992 932.791 824.999 107.792 0.883 0.052
981 1992 0 1992 929.518 824.999 104.519 0.883 0.052
982 1992 0 1992 923.488 827.944 95.543 0.883 0.051
983 1594 0 1594 917.124 827.944 89.179 0.900 0.051
984 1594 0 1594 909.840 827.944 81.896 0.900 0.051
985 1594 0 1594 905.701 827.944 77.757 0.883 0.050
986 1594 0 1594 898.363 827.944 70.419 0.883 0.050
987 1594 0 1594 890.626 827.944 62.681 0.883 0.049
988 1594 0 1594 880.764 827.944 52.820 0.900 0.049
989 1594 0 1594 866.919 827.944 38.975 0.850 0.049
990 1499 0 1499 853.663 826.489 27.174 0.800 0.048
991 1499 0 1499 839.864 824.317 15.547 0.833 0.048
992 1499 0 1499 822.727 820.464 2.263 0.800 0.048
993 1499 0 1499 806.678 820.464 13.786 0.817 0.047
994 1499 0 1499 790.521 813.231 22.710 0.800 0.047
995 1499 0 1499 769.626 810.099 40.474 0.817 0.047
996 1499 0 1499 749.757 802.804 53.047 0.817 0.047
997 1499 0 1499 724.582 799.472 74.890 0.850 0.048
998 1499 0 1499 698.919 790.673 91.755 0.883 0.048
999 1499 0 1499 670.768 787.698 116.930 0.933 0.048
1000 1499 0 1499 644.752 778.765 134.012 0.967 0.049
1001 1499 0 1499 621.844 769.352 147.508 1.017 0.050
1002 1499 0 1499 595.485 728.672 133.187 1.000 0.050
1003 1499 0 1499 567.349 679.537 112.188 0.983 0.051
1004 1499 0 1499 543.839 635.074 91.235 0.967 0.051
1005 1499 0 1499 518.127 594.083 75.956 1.017 0.052
1006 1297 0 1297 495.280 587.279 91.999 1.017 0.052
1007 1297 0 1297 474.158 561.602 87.444 1.050 0.053
1008 1297 0 1297 451.511 553.669 102.159 1.083 0.054
1009 1297 0 1297 428.438 522.288 93.850 1.100 0.054
1010 1267 0 1267 409.308 515.034 105.726 1.117 0.055
1011 1267 0 1267 389.237 515.034 125.797 1.117 0.055
1012 1267 0 1267 368.961 508.859 139.899 1.117 0.055
1013 1267 0 1267 350.382 499.432 149.051 1.117 0.055
1014 1267 0 1267 334.595 422.731 88.135 1.133 0.056
1015 1237 0 1237 316.676 414.560 97.884 1.133 0.056
1016 1237 0 1237 297.361 414.560 117.199 1.133 0.056
1017 1237 0 1237 281.837 407.641 125.804 1.150 0.056
1018 1237 0 1237 264.804 405.128 140.324 1.150 0.056
1019 1237 0 1237 248.987 346.116 97.129 1.133 0.056
1020 1189 0 1189 235.123 317.274 82.151 1.117 0.056
1021 1189 0 1189 222.008 311.052 89.044 1.117 0.056
1022 1189 0 1189 209.842 311.052 101.210 1.067 0.056
1023 1189 0 1189 198.411 311.000 112.589 1.050 0.056
1024 1189 0 1189 187.325 304.872 117.547 1.050 0.056
1025 1189 0 1189 177.057 301.272 124.215 1.067 0.056
1026 1189 0 1189 166.564 268.317 101.752 1.067 0.056
1027 1189 0 1189 156.865 268.317 111.451 1.067 0.056
1028 1189 0 1189 148.627 266.330 117.703 1.067 0.056
1029 1189 0 1189 137.732 217.203 79.471 1.067 0.056
1030 1137 0 1137 129.792 217.203 87.411 1.050 0.056
1031 1137 0 1137 122.688 217.203 94.515 1.000 0.056
1032 1137 0 1137 115.642 207.046 91.404 0.983 0.056
1033 970 0 970 107.386 187.353 79.967 0.983 0.055
1034 970 0 970 99.832 187.353 87.521 0.950 0.055
1035 970 0 970 93.112 185.348 92.236 0.933 0.055
1036 892 0 892 85.569 181.612 96.043 0.917 0.055
1037 892 0 892 79.675 151.400 71.725 0.883 0.055
1038 892 0 892 73.098 151.400 78.302 0.883 0.055
1039 892 0 892 67.616 151.400 83.784 0.883 0.055
1040 736 0 736 62.314 151.400 89.086 0.883 0.055
1041 736 0 736 57.198 151.400 94.202 0.850 0.055
1042 736 0 736 51.897 151.400 99.503 0.850 0.055
1043 736 0 736 47.322 129.832 82.510 0.850 0.055
1044 736 0 736 41.471 126.632 85.161 0.850 0.055
1045 736 0 736 37.661 119.825 82.164 0.850 0.055
1046 736 0 736 33.400 119.825 86.425 0.850 0.055
1047 736 0 736 29.831 118.058 88.227 0.850 0.054
1048 736 0 736 25.784 118.058 92.275 0.833 0.054
1049 736 0 736 21.493 118.058 96.565 0.833 0.054
1050 736 0 736 17.863 118.041 100.178 0.817 0.054
1051 444 0 444 14.854 118.041 103.187 0.817 0.053
1052 444 0 444 11.653 118.041 106.388 0.800 0.053
1053 433 0 433 9.289 90.295 81.006 0.800 0.052
1054 433 0 433 7.320 90.295 82.975 0.783 0.052
1055 255 0 255 5.034 90.295 85.261 0.750 0.051
1056 255 0 255 3.645 90.295 86.650 0.717 0.050
1057 255 0 255 2.401 90.295 87.894 0.700 0.049
1058 255 0 255 1.533 90.295 88.762 0.667 0.048
1059 255 0 255 0.928 90.308 89.380 0.633 0.047
1060 233 0 233 0.518 90.308 89.790 0.583 0.045
1061 233 0 233 0.357 90.321 89.964 0.567 0.044
1062 233 0 233 0.274 90.321 90.047 0.550 0.042
1063 233 0 233 0.231 90.321 90.090 0.517 0.041
1064 233 0 233 0.216 90.321 90.104 0.483 0.040
1065 233 0 233 0.173 90.321 90.147 0.450 0.038
1066 233 0 233 0.182 90.321 90.139 0.400 0.037
1067 233 0 233 0.199 90.321 90.122 0.367 0.036
1068 233 0 233 0.207 90.308 90.101 0.333 0.034
1069 233 0 233 0.286 90.308 90.022 0.317 0.033
1070 272 0 272 0.443 90.308 89.865 0.300 0.032
1071 288 0 288 0.653 90.308 89.655 0.300 0.031
1072 288 0 288 1.015 90.308 89.293 0.267 0.030
1073 356 0 356 1.789 90.308 88.519 0.267 0.030
1074 356 0 356 2.785 90.308 87.523 0.267 0.029
1075 356 0 356 4.166 90.308 86.142 0.267 0.028
1076 356 0 356 6.066 90.307 84.240 0.267 0.027
1077 356 0 356 8.535 90.307 81.772 0.267 0.027
1078 418 0 418 11.659 90.307 78.648 0.267 0.026
1079 444 0 444 15.453 90.307 74.854 0.267 0.026
1080 486 0 486 19.742 90.307 70.565 0.267 0.026
1081 583 0 583 24.216 90.353 66.137 0.267 0.025
1082 634 0 634 30.216 90.353 60.137 0.267 0.025
1083 634 0 634 36.924 90.366 53.442 0.267 0.025
1084 634 0 634 44.586 90.366 45.780 0.250 0.025
1085 634 0 634 53.063 90.366 37.302 0.283 0.025
1086 634 0 634 62.706 90.366 27.660 0.283 0.025
1087 651 0 651 73.743 90.366 16.622 0.283 0.025
1088 660 0 660 83.037 90.366 7.328 0.283 0.025
1089 838 0 838 96.752 90.366 6.387 0.267 0.025
1090 838 0 838 108.341 90.366 17.975 0.267 0.025
1091 847 0 847 121.120 90.366 30.754 0.267 0.026
1092 847 0 847 135.954 90.378 45.576 0.267 0.026
1093 929 0 929 150.575 92.415 58.160 0.267 0.026
1094 1062 0 1062 169.745 120.781 48.964 0.267 0.026
1095 1117 0 1117 186.155 120.781 65.374 0.267 0.027
1096 1200 0 1200 203.853 120.781 83.072 0.267 0.027
1097 1431 0 1431 224.435 123.673 100.762 0.267 0.027
1098 1633 0 1633 242.674 123.673 119.002 0.283 0.027
1099 1633 0 1633 262.717 153.366 109.351 0.283 0.028
1100 1951 0 1951 283.236 156.204 127.032 0.283 0.028
1101 2193 0 2193 309.835 224.240 85.594 0.300 0.029
1102 2193 0 2193 336.475 224.240 112.234 0.300 0.029
1103 2193 0 2193 357.807 257.528 100.279 0.333 0.029
1104 2193 0 2193 381.570 288.272 93.298 0.350 0.030
1105 2193 0 2193 400.938 294.848 106.090 0.350 0.030
1106 2193 0 2193 420.407 296.309 124.098 0.367 0.031
1107 2193 0 2193 440.407 339.883 100.524 0.400 0.031
1108 2193 0 2193 457.486 343.435 114.052 0.383 0.032
1109 2193 0 2193 475.500 372.950 102.550 0.433 0.032
1110 2193 0 2193 492.138 374.215 117.923 0.467 0.033
1111 2193 0 2193 507.049 381.198 125.851 0.483 0.033
1112 2193 0 2193 521.079 388.648 132.431 0.483 0.034
1113 2193 0 2193 536.898 393.134 143.764 0.517 0.035
1114 2193 0 2193 551.687 394.475 157.212 0.517 0.035
1115 2193 0 2193 568.399 425.698 142.701 0.517 0.036
1116 2193 0 2193 582.591 483.033 99.558 0.550 0.037
1117 2193 0 2193 595.269 484.502 110.767 0.550 0.038
1118 2193 0 2193 607.690 493.255 114.436 0.550 0.038
1119 2193 0 2193 619.993 494.717 125.276 0.550 0.039
1120 2193 0 2193 632.504 497.754 134.750 0.567 0.040
1121 2193 0 2193 644.965 504.810 140.155 0.583 0.041
1122 2193 0 2193 656.079 535.836 120.243 0.600 0.041
1123 2193 0 2193 667.286 542.782 124.505 0.650 0.042
1124 2193 0 2193 677.943 544.343 133.600 0.683 0.043
1125 2193 0 2193 691.726 566.366 125.360 0.683 0.044
1126 2193 0 2193 703.478 577.380 126.098 0.683 0.045
1127 2193 0 2193 714.846 606.198 108.648 0.700 0.045
1128 2193 0 2193 725.097 609.253 115.844 0.700 0.046
1129 2193 0 2193 736.337 616.546 119.791 0.717 0.047
1130 2193 0 2193 747.464 643.910 103.554 0.717 0.047
1131 2193 0 2193 758.972 645.489 113.483 0.733 0.048
1132 2193 0 2193 770.392 652.064 118.327 0.750 0.049
1133 2193 0 2193 783.041 658.602 124.439 0.750 0.049
1134 2193 0 2193 793.172 660.449 132.724 0.750 0.050
1135 2193 0 2193 804.090 660.449 143.642 0.767 0.050
1136 2193 0 2193 814.754 704.189 110.565 0.800 0.051
1137 2193 0 2193 825.069 726.661 98.408 0.800 0.051
1138 2193 0 2193 835.128 728.471 106.657 0.800 0.052
1139 2193 0 2193 844.374 731.270 113.104 0.817 0.052
1140 2193 0 2193 853.180 737.615 115.565 0.817 0.052
1141 2193 0 2193 861.212 739.122 122.090 0.817 0.052
1142 2193 0 2193 870.330 763.991 106.339 0.817 0.053
1143 2193 0 2193 879.018 800.799 78.219 0.800 0.053
1144 2193 0 2193 887.466 802.109 85.357 0.800 0.053
1145 2193 0 2193 895.499 807.921 87.578 0.800 0.053
1146 2193 0 2193 903.854 807.921 95.932 0.800 0.053
1147 2193 0 2193 912.107 807.921 104.186 0.800 0.053
1148 2193 0 2193 917.921 807.921 110.000 0.800 0.053
1149 2193 0 2193 924.849 811.958 112.890 0.800 0.053
1150 2193 0 2193 930.128 811.958 118.169 0.800 0.053
1151 2193 0 2193 934.999 811.958 123.041 0.800 0.053
1152 2193 0 2193 940.672 861.428 79.243 0.800 0.053
1153 2193 0 2193 943.805 861.428 82.376 0.800 0.052
1154 2193 0 2193 948.658 862.755 85.903 0.800 0.052
1155 2193 0 2193 950.990 871.550 79.440 0.817 0.052
1156 2193 0 2193 951.475 871.550 79.924 0.817 0.052
1157 2193 0 2193 951.596 871.550 80.046 0.817 0.052
1158 2193 0 2193 949.680 871.550 78.130 0.800 0.051
1159 2193 0 2193 948.415 871.550 76.864 0.800 0.051
1160 2193 0 2193 943.389 871.550 71.839 0.767 0.051
1161 2182 0 2182 937.750 871.550 66.200 0.750 0.050
1162 2095 0 2095 928.178 871.550 56.628 0.750 0.050
1163 1830 0 1830 920.913 871.550 49.363 0.733 0.050
1164 1441 0 1441 910.595 871.550 39.045 0.733 0.049
1165 1422 0 1422 902.962 871.550 31.412 0.700 0.049
1166 1422 0 1422 893.747 871.550 22.197 0.667 0.049
1167 1422 0 1422 884.601 871.550 13.051 0.633 0.048
1168 1422 0 1422 873.948 871.550 2.398 0.650 0.048
1169 1422 0 1422 863.146 871.550 8.404 0.633 0.048
1170 1422 0 1422 848.672 870.355 21.683 0.633 0.047
1171 1422 0 1422 833.412 870.355 36.943 0.633 0.047
1172 1422 0 1422 818.986 866.874 47.887 0.617 0.047
1173 1422 0 1422 801.084 865.665 64.581 0.633 0.047
1174 1422 0 1422 783.648 860.269 76.621 0.617 0.047
1175 1422 0 1422 761.506 856.334 94.827 0.633 0.047
1176 1422 0 1422 739.413 856.334 116.920 0.600 0.047
1177 1422 0 1422 718.145 819.092 100.946 0.617 0.047
1178 1422 0 1422 699.133 784.752 85.618 0.617 0.047
1179 1422 0 1422 674.385 774.342 99.957 0.633 0.048
1180 1422 0 1422 653.214 747.480 94.265 0.667 0.048
1181 1422 0 1422 627.876 743.677 115.801 0.667 0.048
1182 1422 0 1422 603.059 732.804 129.745 0.700 0.049
1183 1422 0 1422 577.630 691.486 113.857 0.717 0.049
1184 1422 0 1422 551.705 639.112 87.407 0.717 0.050
1185 1422 0 1422 524.257 626.488 102.231 0.700 0.050
1186 1417 0 1417 500.377 621.875 121.499 0.700 0.051
1187 1417 0 1417 476.689 612.217 135.528 0.733 0.051
1188 1417 0 1417 453.761 567.494 113.734 0.767 0.052
1189 1417 0 1417 433.017 515.259 82.242 0.783 0.052
1190 1304 0 1304 412.098 509.242 97.144 0.817 0.052
1191 1304 0 1304 392.010 500.001 107.992 0.817 0.052
1192 1286 0 1286 372.413 471.605 99.192 0.833 0.053
1193 1283 0 1283 352.078 469.679 117.602 0.850 0.053
1194 1283 0 1283 334.603 459.878 125.274 0.850 0.053
1195 1233 0 1233 315.019 433.266 118.247 0.867 0.053
1196 1168 0 1168 294.890 424.529 129.639 0.883 0.054
1197 1147 0 1147 278.090 419.668 141.578 0.883 0.054
1198 1147 0 1147 262.381 418.128 155.747 0.900 0.054
1199 1145 0 1145 249.051 357.429 108.377 0.900 0.054
