1 872 0 872 385.020 0.000 385.020 0.000 0.000
2 872 0 872 411.401 0.000 411.401 0.000 0.000
3 1024 0 1024 432.923 0.000 432.923 0.000 0.000
4 1024 0 1024 449.870 0.000 449.870 0.000 0.000
5 1098 0 1098 470.513 0.000 470.513 0.000 0.000
6 1098 0 1098 488.688 0.000 488.688 0.000 0.000
7 1098 0 1098 511.237 0.000 511.237 0.000 0.000
8 1098 0 1098 530.626 0.000 530.626 0.000 0.000
9 1306 0 1306 551.801 0.000 551.801 0.000 0.000
10 1306 0 1306 572.300 0.000 572.300 0.000 0.000
11 1306 0 1306 594.688 0.000 594.688 0.000 0.000
12 1306 0 1306 614.592 0.000 614.592 0.000 0.000
13 1362 0 1362 634.294 0.000 634.294 0.000 0.000
14 1362 0 1362 651.341 0.000 651.341 0.000 0.000
15 1529 0 1529 669.008 0.000 669.008 0.000 0.000
16 1529 0 1529 688.245 0.000 688.245 0.000 0.000
17 1651 0 1651 702.855 0.000 702.855 0.000 0.000
18 1651 0 1651 721.840 0.000 721.840 0.000 0.000
19 1651 0 1651 743.435 0.000 743.435 0.000 0.000
20 1651 0 1651 762.854 0.000 762.854 0.000 0.000
21 1651 0 1651 785.609 0.000 785.609 0.000 0.000
22 1651 0 1651 806.119 0.000 806.119 0.000 0.000
23 1815 0 1815 826.455 0.000 826.455 0.000 0.000
24 1815 0 1815 844.803 0.000 844.803 0.000 0.000
25 1815 0 1815 862.728 0.000 862.728 0.000 0.000
26 1815 0 1815 879.350 0.000 879.350 0.000 0.000
27 1815 0 1815 894.921 0.000 894.921 0.000 0.000
28 1815 0 1815 911.093 0.000 911.093 0.000 0.000
29 1886 0 1886 929.881 0.000 929.881 0.000 0.000
30 1886 0 1886 949.762 0.000 949.762 0.000 0.000
31 1886 0 1886 965.289 0.000 965.289 0.000 0.000
32 2110 0 2110 981.907 0.000 981.907 0.000 0.000
33 2110 0 2110 995.298 0.000 995.298 0.000 0.000
34 2110 0 2110 1008.061 0.000 1008.061 0.000 0.000
35 2128 0 2128 1023.911 0.000 1023.911 0.000 0.000
36 2128 0 2128 1040.392 0.000 1040.392 0.000 0.000
37 2148 0 2148 1055.529 0.000 1055.529 0.000 0.000
38 2148 0 2148 1068.997 0.000 1068.997 0.000 0.000
39 2148 0 2148 1080.048 0.000 1080.048 0.000 0.000
40 2148 0 2148 1093.007 0.000 1093.007 0.000 0.000
41 2148 0 2148 1105.036 0.000 1105.036 0.000 0.000
42 2148 0 2148 1116.690 0.000 1116.690 0.000 0.000
43 2148 0 2148 1128.147 0.000 1128.147 0.000 0.000
44 2148 0 2148 1137.312 0.000 1137.312 0.000 0.000
45 2148 0 2148 1146.721 0.000 1146.721 0.000 0.000
46 2148 0 2148 1156.781 0.000 1156.781 0.000 0.000
47 2148 0 2148 1166.433 0.000 1166.433 0.000 0.000
48 2148 0 2148 1176.023 0.000 1176.023 0.000 0.000
49 2148 0 2148 1184.700 0.000 1184.700 0.000 0.000
50 2148 0 2148 1193.240 0.000 1193.240 0.000 0.000
51 2148 0 2148 1201.636 0.000 1201.636 0.000 0.000
52 2148 0 2148 1208.348 0.000 1208.348 0.000 0.000
53 2200 0 2200 1214.877 0.000 1214.877 0.000 0.000
54 2200 0 2200 1220.651 0.000 1220.651 0.000 0.000
55 2200 0 2200 1225.660 0.000 1225.660 0.000 0.000
56 2200 0 2200 1231.797 0.000 1231.797 0.000 0.000
57 2200 0 2200 1235.737 0.000 1235.737 0.000 0.000
58 2200 0 2200 1240.265 0.000 1240.265 0.000 0.000
59 2200 0 2200 1244.514 0.000 1244.514 0.000 0.000
60 2200 0 2200 1248.101 0.000 1248.101 0.000 0.000
61 2200 0 2200 1264.127 0.000 1264.127 0.000 0.000
62 2200 0 2200 1280.223 0.000 1280.223 0.000 0.000
63 2200 0 2200 1295.499 0.000 1295.499 0.000 0.000
64 2200 0 2200 1309.167 0.000 1309.167 0.000 0.000
65 2200 0 2200 1324.438 0.000 1324.438 0.000 0.000
66 2200 0 2200 1337.304 0.000 1337.304 0.000 0.000
67 2200 0 2200 1349.564 0.000 1349.564 0.000 0.000
68 2200 0 2200 1358.182 0.000 1358.182 0.000 0.000
69 2200 0 2200 1366.068 0.000 1366.068 0.000 0.000
70 2200 0 2200 1372.895 0.000 1372.895 0.000 0.000
71 2200 0 2200 1379.667 0.000 1379.667 0.000 0.000
72 2200 0 2200 1384.300 0.000 1384.300 0.000 0.000
73 2200 0 2200 1387.836 0.000 1387.836 0.000 0.000
74 2200 0 2200 1389.896 0.000 1389.896 0.000 0.000
75 2200 0 2200 1389.271 0.000 1389.271 0.000 0.000
76 2200 0 2200 1387.871 0.000 1387.871 0.000 0.000
77 2200 0 2200 1383.956 0.000 1383.956 0.000 0.000
78 2200 0 2200 1381.071 0.000 1381.071 0.000 0.000
79 2200 0 2200 1378.576 0.000 1378.576 0.000 0.000
80 2200 0 2200 1374.542 0.000 1374.542 0.000 0.000
81 2200 0 2200 1370.504 0.000 1370.504 0.000 0.000
82 2200 0 2200 1362.492 0.000 1362.492 0.000 0.000
83 2200 0 2200 1353.749 0.000 1353.749 0.000 0.000
84 2200 0 2200 1344.150 0.000 1344.150 0.000 0.000
85 2200 0 2200 1332.457 0.000 1332.457 0.000 0.000
86 2200 0 2200 1320.786 0.000 1320.786 0.000 0.000
87 2200 0 2200 1304.987 0.000 1304.987 0.000 0.000
88 2200 0 2200 1292.071 0.000 1292.071 0.000 0.000
89 2200 0 2200 1274.501 0.000 1274.501 0.000 0.000
90 2200 0 2200 1257.212 0.000 1257.212 0.000 0.000
91 2200 0 2200 1237.941 0.000 1237.941 0.000 0.000
92 2200 0 2200 1218.524 0.000 1218.524 0.000 0.000
93 2200 0 2200 1200.116 0.000 1200.116 0.000 0.000
94 2200 0 2200 1177.021 0.000 1177.021 0.000 0.000
95 2200 0 2200 1156.859 0.000 1156.859 0.000 0.000
96 2200 0 2200 1136.039 0.000 1136.039 0.000 0.000
97 2200 0 2200 1107.465 0.000 1107.465 0.000 0.000
98 2200 0 2200 1082.513 0.000 1082.513 0.000 0.000
99 2200 0 2200 1058.889 0.000 1058.889 0.000 0.000
100 2200 0 2200 1035.416 0.000 1035.416 0.000 0.000
101 2200 0 2200 1009.226 0.000 1009.226 0.000 0.000
102 2200 0 2200 982.081 0.000 982.081 0.000 0.000
103 2200 0 2200 953.115 0.000 953.115 0.000 0.000
104 2200 0 2200 928.165 0.000 928.165 0.000 0.000
105 2200 0 2200 904.088 0.000 904.088 0.000 0.000
106 2200 0 2200 873.725 0.000 873.725 0.000 0.000
107 2200 0 2200 846.094 0.000 846.094 0.000 0.000
108 2200 0 2200 817.291 0.000 817.291 0.000 0.000
109 2200 0 2200 791.725 0.000 791.725 0.000 0.000
110 2200 0 2200 764.634 0.000 764.634 0.000 0.000
111 2200 0 2200 736.272 0.000 736.272 0.000 0.000
112 2200 0 2200 707.731 0.000 707.731 0.000 0.000
113 2190 0 2190 679.893 0.000 679.893 0.000 0.000
114 2190 0 2190 653.005 0.000 653.005 0.000 0.000
115 2190 0 2190 626.772 0.000 626.772 0.000 0.000
116 2190 0 2190 598.036 0.000 598.036 0.000 0.000
117 2190 0 2190 575.167 0.000 575.167 0.000 0.000
118 2190 0 2190 550.248 0.000 550.248 0.000 0.000
119 2190 0 2190 523.959 0.000 523.959 0.000 0.000
120 2190 0 2190 498.497 0.000 498.497 0.000 0.000
121 2190 0 2190 473.754 0.000 473.754 0.000 0.000
122 2190 0 2190 449.956 0.000 449.956 0.000 0.000
123 2190 0 2190 424.741 0.000 424.741 0.000 0.000
124 2190 0 2190 401.416 0.000 401.416 0.000 0.000
125 2190 0 2190 380.934 0.000 380.934 0.000 0.000
126 2029 0 2029 356.802 0.000 356.802 0.000 0.000
127 2029 0 2029 333.147 0.000 333.147 0.000 0.000
128 2029 0 2029 314.344 0.000 314.344 0.000 0.000
129 2029 0 2029 293.739 0.000 293.739 0.000 0.000
130 1688 0 1688 274.443 0.000 274.443 0.000 0.000
131 1688 0 1688 255.623 0.000 255.623 0.000 0.000
132 1688 0 1688 237.364 0.000 237.364 0.000 0.000
133 1688 0 1688 220.146 0.000 220.146 0.000 0.000
134 1688 0 1688 205.890 0.000 205.890 0.000 0.000
135 1688 0 1688 188.620 0.000 188.620 0.000 0.000
136 1688 0 1688 171.313 0.000 171.313 0.000 0.000
137 1688 0 1688 154.789 0.000 154.789 0.000 0.000
138 1688 0 1688 139.125 0.000 139.125 0.000 0.000
139 1688 0 1688 128.136 0.000 128.136 0.000 0.000
140 1688 0 1688 116.705 0.000 116.705 0.000 0.000
141 1469 0 1469 105.925 0.000 105.925 0.000 0.000
142 1469 0 1469 93.734 0.000 93.734 0.000 0.000
143 1469 0 1469 82.589 0.000 82.589 0.000 0.000
144 1122 0 1122 73.229 0.000 73.229 0.000 0.000
145 901 0 901 63.839 0.000 63.839 0.000 0.000
146 901 0 901 55.591 0.000 55.591 0.000 0.000
147 787 0 787 45.579 0.000 45.579 0.000 0.000
148 786 0 786 38.800 0.000 38.800 0.000 0.000
149 786 0 786 31.388 0.000 31.388 0.000 0.000
150 786 0 786 25.492 0.000 25.492 0.000 0.000
151 786 0 786 19.870 0.000 19.870 0.000 0.000
152 786 0 786 15.244 0.000 15.244 0.000 0.000
153 786 0 786 11.741 0.000 11.741 0.000 0.000
154 629 0 629 7.689 0.000 7.689 0.000 0.000
155 629 0 629 5.514 0.000 5.514 0.000 0.000
156 596 0 596 4.098 0.000 4.098 0.000 0.000
157 596 0 596 2.573 0.000 2.573 0.000 0.000
158 596 0 596 1.657 0.000 1.657 0.000 0.000
159 596 0 596 1.185 0.000 1.185 0.000 0.000
160 596 0 596 0.871 0.000 0.871 0.000 0.000
161 334 0 334 0.505 0.000 0.505 0.000 0.000
162 230 0 230 0.316 0.000 0.316 0.000 0.000
163 230 0 230 0.223 0.000 0.223 0.000 0.000
164 230 0 230 0.195 0.000 0.195 0.000 0.000
165 230 0 230 0.171 0.000 0.171 0.000 0.000
166 230 0 230 0.199 0.000 0.199 0.000 0.000
167 230 0 230 0.256 0.000 0.256 0.000 0.000
168 273 0 273 0.341 0.000 0.341 0.000 0.000
169 273 0 273 0.516 0.000 0.516 0.000 0.000
170 721 0 721 0.949 0.000 0.949 0.000 0.000
171 721 0 721 1.210 0.000 1.210 0.000 0.000
172 721 0 721 1.818 0.000 1.818 0.000 0.000
173 721 0 721 2.677 0.000 2.677 0.000 0.000
174 721 0 721 3.482 0.000 3.482 0.000 0.000
175 721 0 721 5.866 0.000 5.866 0.000 0.000
176 763 0 763 9.089 0.000 9.089 0.000 0.000
177 763 0 763 12.655 0.000 12.655 0.000 0.000
178 763 0 763 16.457 0.000 16.457 0.000 0.000
179 1042 0 1042 20.917 0.000 20.917 0.000 0.000
180 1042 0 1042 26.513 0.000 26.513 0.000 0.000
181 1042 0 1042 32.116 0.000 32.116 0.000 0.000
182 1042 0 1042 38.563 0.000 38.563 0.000 0.000
183 1042 0 1042 46.089 0.000 46.089 0.000 0.000
184 1042 0 1042 54.711 0.000 54.711 0.000 0.000
185 1409 0 1409 63.870 0.000 63.870 0.000 0.000
186 1409 0 1409 72.662 0.000 72.662 0.000 0.000
187 1409 0 1409 83.261 0.000 83.261 0.000 0.000
188 1409 0 1409 93.600 0.000 93.600 0.000 0.000
189 1437 0 1437 104.641 0.000 104.641 0.000 0.000
190 1437 0 1437 116.844 0.000 116.844 0.000 0.000
191 1437 0 1437 131.094 0.000 131.094 0.000 0.000
192 1437 0 1437 145.665 0.000 145.665 0.000 0.000
193 1437 0 1437 161.958 0.000 161.958 0.000 0.000
194 1437 0 1437 176.702 0.000 176.702 0.000 0.000
195 1437 0 1437 190.730 0.000 190.730 0.000 0.000
196 1467 0 1467 208.563 0.000 208.563 0.000 0.000
197 1467 0 1467 224.091 0.000 224.091 0.000 0.000
198 1467 0 1467 240.945 0.000 240.945 0.000 0.000
199 1658 0 1658 257.554 0.000 257.554 0.000 0.000
200 1658 0 1658 279.475 0.000 279.475 0.000 0.000
201 1658 0 1658 299.059 0.000 299.059 0.000 0.000
202 1658 0 1658 319.179 0.000 319.179 0.000 0.000
203 1658 0 1658 344.434 0.000 344.434 0.000 0.000
204 1724 0 1724 362.645 0.000 362.645 0.000 0.000
205 1724 0 1724 382.841 0.000 382.841 0.000 0.000
206 1724 0 1724 403.337 0.000 403.337 0.000 0.000
207 1752 0 1752 423.414 0.000 423.414 0.000 0.000
208 1752 0 1752 443.968 0.000 443.968 0.000 0.000
209 1808 0 1808 467.767 0.000 467.767 0.000 0.000
210 1818 0 1818 490.108 0.000 490.108 0.000 0.000
211 1818 0 1818 511.227 0.000 511.227 0.000 0.000
212 1986 0 1986 535.509 0.000 535.509 0.000 0.000
213 1987 0 1987 564.314 0.000 564.314 0.000 0.000
214 1987 0 1987 584.177 0.000 584.177 0.000 0.000
215 1987 0 1987 608.148 0.000 608.148 0.000 0.000
216 2023 0 2023 631.813 0.000 631.813 0.000 0.000
217 2023 0 2023 653.466 0.000 653.466 0.000 0.000
218 2253 0 2253 677.485 0.000 677.485 0.000 0.000
219 2253 0 2253 703.334 0.000 703.334 0.000 0.000
220 2253 0 2253 729.675 0.000 729.675 0.000 0.000
221 2253 0 2253 761.649 0.000 761.649 0.000 0.000
222 2253 0 2253 791.994 0.000 791.994 0.000 0.000
223 2325 0 2325 818.875 0.000 818.875 0.000 0.000
224 2325 0 2325 848.752 0.000 848.752 0.000 0.000
225 2325 0 2325 873.534 0.000 873.534 0.000 0.000
226 2325 0 2325 901.717 0.000 901.717 0.000 0.000
227 2325 0 2325 929.676 0.000 929.676 0.000 0.000
228 2325 0 2325 956.407 0.000 956.407 0.000 0.000
229 2325 0 2325 984.920 0.000 984.920 0.000 0.000
230 2325 0 2325 1012.578 0.000 1012.578 0.000 0.000
231 2325 0 2325 1038.108 0.000 1038.108 0.000 0.000
232 2325 0 2325 1064.736 0.000 1064.736 0.000 0.000
233 2325 0 2325 1090.474 0.000 1090.474 0.000 0.000
234 2325 0 2325 1113.737 0.000 1113.737 0.000 0.000
235 2325 0 2325 1137.869 0.000 1137.869 0.000 0.000
236 2325 0 2325 1164.250 0.000 1164.250 0.000 0.000
237 2325 0 2325 1187.518 0.000 1187.518 0.000 0.000
238 2325 0 2325 1207.621 0.000 1207.621 0.000 0.000
239 2325 0 2325 1227.581 0.000 1227.581 0.000 0.000
240 2325 0 2325 1248.137 0.000 1248.137 0.000 0.000
241 2325 0 2325 1265.163 0.000 1265.163 0.000 0.000
242 2325 0 2325 1280.524 0.000 1280.524 0.000 0.000
243 2325 0 2325 1295.530 0.000 1295.530 0.000 0.000
244 2325 0 2325 1311.064 0.000 1311.064 0.000 0.000
245 2325 0 2325 1323.440 0.000 1323.440 0.000 0.000
246 2325 0 2325 1333.941 0.000 1333.941 0.000 0.000
247 2325 0 2325 1344.155 0.000 1344.155 0.000 0.000
248 2325 0 2325 1352.466 0.000 1352.466 0.000 0.000
249 2325 0 2325 1359.145 0.000 1359.145 0.000 0.000
250 2325 0 2325 1365.606 0.000 1365.606 0.000 0.000
251 2325 0 2325 1371.731 0.000 1371.731 0.000 0.000
252 2325 0 2325 1376.059 0.000 1376.059 0.000 0.000
253 2325 0 2325 1379.711 0.000 1379.711 0.000 0.000
254 2325 0 2325 1380.835 0.000 1380.835 0.000 0.000
255 2325 0 2325 1380.749 0.000 1380.749 0.000 0.000
256 2325 0 2325 1380.176 0.000 1380.176 0.000 0.000
257 2325 0 2325 1378.306 0.000 1378.306 0.000 0.000
258 2325 0 2325 1374.813 0.000 1374.813 0.000 0.000
259 2325 0 2325 1369.997 0.000 1369.997 0.000 0.000
260 2325 0 2325 1365.961 0.000 1365.961 0.000 0.000
261 2325 0 2325 1358.966 0.000 1358.966 0.000 0.000
262 2325 0 2325 1349.131 0.000 1349.131 0.000 0.000
263 2325 0 2325 1341.625 0.000 1341.625 0.000 0.000
264 2325 0 2325 1331.722 0.000 1331.722 0.000 0.000
265 2325 0 2325 1319.415 0.000 1319.415 0.000 0.000
266 2325 0 2325 1306.770 0.000 1306.770 0.000 0.000
267 2325 0 2325 1292.871 0.000 1292.871 0.000 0.000
268 2325 0 2325 1279.847 0.000 1279.847 0.000 0.000
269 2325 0 2325 1264.523 0.000 1264.523 0.000 0.000
270 2325 0 2325 1247.286 0.000 1247.286 0.000 0.000
271 2325 0 2325 1226.906 0.000 1226.906 0.000 0.000
272 2325 0 2325 1208.019 0.000 1208.019 0.000 0.000
273 2325 0 2325 1186.794 0.000 1186.794 0.000 0.000
274 2325 0 2325 1167.648 0.000 1167.648 0.000 0.000
275 2325 0 2325 1145.464 0.000 1145.464 0.000 0.000
276 2325 0 2325 1121.517 0.000 1121.517 0.000 0.000
277 2325 0 2325 1098.324 0.000 1098.324 0.000 0.000
278 2325 0 2325 1075.135 0.000 1075.135 0.000 0.000
279 2325 0 2325 1050.747 0.000 1050.747 0.000 0.000
280 2325 0 2325 1027.419 0.000 1027.419 0.000 0.000
281 2325 0 2325 998.880 0.000 998.880 0.000 0.000
282 2325 0 2325 970.718 0.000 970.718 0.000 0.000
283 2174 0 2174 942.239 0.000 942.239 0.000 0.000
284 2174 0 2174 911.616 0.000 911.616 0.000 0.000
285 2174 0 2174 886.148 0.000 886.148 0.000 0.000
286 2174 0 2174 860.172 0.000 860.172 0.000 0.000
287 2174 0 2174 836.337 0.000 836.337 0.000 0.000
288 2174 0 2174 810.914 0.000 810.914 0.000 0.000
289 2174 0 2174 786.070 0.000 786.070 0.000 0.000
290 2174 0 2174 757.964 0.000 757.964 0.000 0.000
291 2174 0 2174 730.891 0.000 730.891 0.000 0.000
292 2071 0 2071 705.784 0.000 705.784 0.000 0.000
293 2071 0 2071 679.955 0.000 679.955 0.000 0.000
294 1937 0 1937 653.951 0.000 653.951 0.000 0.000
295 1937 0 1937 630.810 0.000 630.810 0.000 0.000
296 1937 0 1937 607.256 0.000 607.256 0.000 0.000
297 1937 0 1937 582.125 0.000 582.125 0.000 0.000
298 1937 0 1937 557.697 0.000 557.697 0.000 0.000
299 1893 0 1893 531.981 0.000 531.981 0.000 0.000
300 1893 0 1893 506.619 0.000 506.619 0.000 0.000
301 1893 0 1893 480.611 0.000 480.611 0.000 0.000
302 1893 0 1893 454.008 0.000 454.008 0.000 0.000
303 1893 0 1893 433.542 0.000 433.542 0.000 0.000
304 1893 0 1893 409.281 0.000 409.281 0.000 0.000
305 1893 0 1893 388.075 0.000 388.075 0.000 0.000
306 1893 0 1893 365.265 0.000 365.265 0.000 0.000
307 1893 0 1893 344.528 0.000 344.528 0.000 0.000
308 1893 0 1893 323.308 0.000 323.308 0.000 0.000
309 1893 0 1893 301.982 0.000 301.982 0.000 0.000
310 1893 0 1893 283.149 0.000 283.149 0.000 0.000
311 1893 0 1893 263.352 0.000 263.352 0.000 0.000
312 1893 0 1893 243.315 0.000 243.315 0.000 0.000
313 1470 0 1470 224.259 0.000 224.259 0.000 0.000
314 1470 0 1470 205.140 0.000 205.140 0.000 0.000
315 1395 0 1395 190.420 0.000 190.420 0.000 0.000
316 1326 0 1326 173.964 0.000 173.964 0.000 0.000
317 1326 0 1326 160.552 0.000 160.552 0.000 0.000
318 1173 0 1173 146.005 0.000 146.005 0.000 0.000
319 1173 0 1173 132.122 0.000 132.122 0.000 0.000
320 1141 0 1141 119.782 0.000 119.782 0.000 0.000
321 1090 0 1090 107.055 0.000 107.055 0.000 0.000
322 1090 0 1090 93.865 0.000 93.865 0.000 0.000
323 1078 0 1078 83.487 0.000 83.487 0.000 0.000
324 995 0 995 73.660 0.000 73.660 0.000 0.000
325 995 0 995 63.279 0.000 63.279 0.000 0.000
326 968 0 968 54.225 0.000 54.225 0.000 0.000
327 968 0 968 45.608 0.000 45.608 0.000 0.000
328 968 0 968 38.597 0.000 38.597 0.000 0.000
329 968 0 968 32.258 0.000 32.258 0.000 0.000
330 819 0 819 25.994 0.000 25.994 0.000 0.000
331 819 0 819 20.042 0.000 20.042 0.000 0.000
332 619 0 619 15.211 0.000 15.211 0.000 0.000
333 618 0 618 11.202 0.000 11.202 0.000 0.000
334 618 0 618 8.150 0.000 8.150 0.000 0.000
335 513 0 513 5.808 0.000 5.808 0.000 0.000
336 513 0 513 3.611 0.000 3.611 0.000 0.000
337 504 0 504 2.493 0.000 2.493 0.000 0.000
338 504 0 504 1.813 0.000 1.813 0.000 0.000
339 326 0 326 1.359 0.000 1.359 0.000 0.000
340 318 0 318 0.863 0.000 0.863 0.000 0.000
341 318 0 318 0.697 0.000 0.697 0.000 0.000
342 305 0 305 0.507 0.000 0.507 0.000 0.000
343 305 0 305 0.468 0.000 0.468 0.000 0.000
344 305 0 305 0.418 0.000 0.418 0.000 0.000
345 305 0 305 0.329 0.000 0.329 0.000 0.000
346 312 0 312 0.371 0.000 0.371 0.000 0.000
347 331 0 331 0.416 0.000 0.416 0.000 0.000
348 331 0 331 0.422 0.000 0.422 0.000 0.000
349 331 0 331 0.551 0.000 0.551 0.000 0.000
350 352 0 352 0.782 0.000 0.782 0.000 0.000
351 472 0 472 1.247 0.000 1.247 0.000 0.000
352 472 0 472 1.596 0.000 1.596 0.000 0.000
353 472 0 472 2.505 0.000 2.505 0.000 0.000
354 569 0 569 3.492 0.000 3.492 0.000 0.000
355 570 0 570 5.361 0.000 5.361 0.000 0.000
356 570 0 570 7.685 0.000 7.685 0.000 0.000
357 610 0 610 11.328 0.000 11.328 0.000 0.000
358 812 0 812 15.240 0.000 15.240 0.000 0.000
359 812 0 812 21.918 0.000 21.918 0.000 0.000
360 860 0 860 27.297 0.000 27.297 0.000 0.000
361 860 0 860 33.927 0.000 33.927 0.000 0.000
362 860 0 860 41.556 0.000 41.556 0.000 0.000
363 860 0 860 48.608 0.000 48.608 0.000 0.000
364 860 0 860 57.729 0.000 57.729 0.000 0.000
365 995 0 995 67.320 0.000 67.320 0.000 0.000
366 1045 0 1045 76.344 0.000 76.344 0.000 0.000
367 1045 0 1045 87.111 0.000 87.111 0.000 0.000
368 1163 0 1163 97.776 0.000 97.776 0.000 0.000
369 1207 0 1207 109.301 0.000 109.301 0.000 0.000
370 1207 0 1207 123.233 0.000 123.233 0.000 0.000
371 1207 0 1207 135.971 0.000 135.971 0.000 0.000
372 1399 0 1399 153.623 0.000 153.623 0.000 0.000
373 1399 0 1399 167.331 0.000 167.331 0.000 0.000
374 1602 0 1602 183.705 0.000 183.705 0.000 0.000
375 1602 0 1602 197.940 0.000 197.940 0.000 0.000
376 1602 0 1602 213.736 0.000 213.736 0.000 0.000
377 1646 0 1646 230.664 0.000 230.664 0.000 0.000
378 1704 0 1704 247.945 0.000 247.945 0.000 0.000
379 1704 0 1704 267.634 0.000 267.634 0.000 0.000
380 1704 0 1704 287.395 0.000 287.395 0.000 0.000
381 1704 0 1704 306.341 0.000 306.341 0.000 0.000
382 2209 0 2209 325.704 0.000 325.704 0.000 0.000
383 2209 0 2209 346.858 0.000 346.858 0.000 0.000
384 2209 0 2209 369.844 0.000 369.844 0.000 0.000
385 2209 0 2209 391.546 0.000 391.546 0.000 0.000
386 2209 0 2209 411.641 0.000 411.641 0.000 0.000
387 2209 0 2209 433.541 0.000 433.541 0.000 0.000
388 2209 0 2209 456.168 0.000 456.168 0.000 0.000
389 2209 0 2209 479.620 0.000 479.620 0.000 0.000
390 2209 0 2209 502.549 0.000 502.549 0.000 0.000
391 2209 0 2209 526.356 0.000 526.356 0.000 0.000
392 2209 0 2209 549.249 0.000 549.249 0.000 0.000
393 2209 0 2209 571.590 0.000 571.590 0.000 0.000
394 2209 0 2209 595.737 0.000 595.737 0.000 0.000
395 2209 0 2209 619.107 0.000 619.107 0.000 0.000
396 2209 0 2209 643.729 0.000 643.729 0.000 0.000
397 2209 0 2209 672.222 0.000 672.222 0.000 0.000
398 2209 0 2209 697.870 0.000 697.870 0.000 0.000
399 2209 0 2209 724.368 0.000 724.368 0.000 0.000
400 2209 0 2209 751.342 0.000 751.342 0.000 0.000
401 2209 0 2209 777.848 0.000 777.848 0.000 0.000
402 2209 0 2209 802.277 0.000 802.277 0.000 0.000
403 2209 0 2209 828.850 0.000 828.850 0.000 0.000
404 2209 0 2209 854.982 0.000 854.982 0.000 0.000
405 2209 0 2209 879.960 0.000 879.960 0.000 0.000
406 2209 0 2209 906.787 0.000 906.787 0.000 0.000
407 2209 0 2209 934.030 0.000 934.030 0.000 0.000
408 2209 0 2209 958.428 0.000 958.428 0.000 0.000
409 2209 0 2209 982.294 0.000 982.294 0.000 0.000
410 2209 0 2209 1009.967 0.000 1009.967 0.000 0.000
411 2209 0 2209 1036.064 0.000 1036.064 0.000 0.000
412 2209 0 2209 1060.241 0.000 1060.241 0.000 0.000
413 2209 0 2209 1086.697 0.000 1086.697 0.000 0.000
414 2209 0 2209 1109.752 0.000 1109.752 0.000 0.000
415 2209 0 2209 1133.936 0.000 1133.936 0.000 0.000
416 2209 0 2209 1157.021 0.000 1157.021 0.000 0.000
417 2209 0 2209 1179.330 0.000 1179.330 0.000 0.000
418 2209 0 2209 1199.111 0.000 1199.111 0.000 0.000
419 2209 0 2209 1224.646 0.000 1224.646 0.000 0.000
420 2209 0 2209 1241.923 0.000 1241.923 0.000 0.000
421 2209 0 2209 1260.250 0.000 1260.250 0.000 0.000
422 2209 0 2209 1278.484 0.000 1278.484 0.000 0.000
423 2209 0 2209 1293.322 0.000 1293.322 0.000 0.000
424 2209 0 2209 1308.773 0.000 1308.773 0.000 0.000
425 2209 0 2209 1322.498 0.000 1322.498 0.000 0.000
426 2209 0 2209 1333.287 0.000 1333.287 0.000 0.000
427 2209 0 2209 1344.148 0.000 1344.148 0.000 0.000
428 2209 0 2209 1352.560 0.000 1352.560 0.000 0.000
429 2209 0 2209 1360.463 0.000 1360.463 0.000 0.000
430 2209 0 2209 1368.660 0.000 1368.660 0.000 0.000
431 2209 0 2209 1374.583 0.000 1374.583 0.000 0.000
432 2209 0 2209 1381.923 0.000 1381.923 0.000 0.000
433 2209 0 2209 1384.875 0.000 1384.875 0.000 0.000
434 2209 0 2209 1386.952 0.000 1386.952 0.000 0.000
435 2209 0 2209 1387.415 0.000 1387.415 0.000 0.000
436 2209 0 2209 1386.980 0.000 1386.980 0.000 0.000
437 2209 0 2209 1384.760 0.000 1384.760 0.000 0.000
438 2209 0 2209 1382.108 0.000 1382.108 0.000 0.000
439 2209 0 2209 1378.356 0.000 1378.356 0.000 0.000
440 2209 0 2209 1372.482 0.000 1372.482 0.000 0.000
441 2209 0 2209 1365.038 0.000 1365.038 0.000 0.000
442 2172 0 2172 1356.486 0.000 1356.486 0.000 0.000
443 2172 0 2172 1346.361 0.000 1346.361 0.000 0.000
444 2172 0 2172 1334.605 0.000 1334.605 0.000 0.000
445 2172 0 2172 1321.315 0.000 1321.315 0.000 0.000
446 2172 0 2172 1308.289 0.000 1308.289 0.000 0.000
447 2172 0 2172 1294.336 0.000 1294.336 0.000 0.000
448 2172 0 2172 1280.367 0.000 1280.367 0.000 0.000
449 2172 0 2172 1261.135 0.000 1261.135 0.000 0.000
450 2172 0 2172 1243.873 0.000 1243.873 0.000 0.000
451 2172 0 2172 1227.836 0.000 1227.836 0.000 0.000
452 2172 0 2172 1205.451 0.000 1205.451 0.000 0.000
453 2172 0 2172 1183.538 0.000 1183.538 0.000 0.000
454 2172 0 2172 1162.160 0.000 1162.160 0.000 0.000
455 2172 0 2172 1143.416 0.000 1143.416 0.000 0.000
456 2172 0 2172 1122.837 0.000 1122.837 0.000 0.000
457 2172 0 2172 1096.576 0.000 1096.576 0.000 0.000
458 2172 0 2172 1073.746 0.000 1073.746 0.000 0.000
459 2172 0 2172 1048.288 0.000 1048.288 0.000 0.000
460 2172 0 2172 1021.418 0.000 1021.418 0.000 0.000
461 2156 0 2156 997.184 0.000 997.184 0.000 0.000
462 2149 0 2149 972.243 0.000 972.243 0.000 0.000
463 2149 0 2149 946.527 0.000 946.527 0.000 0.000
464 2149 0 2149 918.930 0.000 918.930 0.000 0.000
465 2149 0 2149 894.376 0.000 894.376 0.000 0.000
466 2149 0 2149 866.980 0.000 866.980 0.000 0.000
467 2149 0 2149 837.178 0.000 837.178 0.000 0.000
468 2054 0 2054 813.544 0.000 813.544 0.000 0.000
469 2054 0 2054 786.725 0.000 786.725 0.000 0.000
470 2054 0 2054 760.700 0.000 760.700 0.000 0.000
471 2054 0 2054 734.362 0.000 734.362 0.000 0.000
472 2054 0 2054 709.883 0.000 709.883 0.000 0.000
473 2054 0 2054 680.634 0.000 680.634 0.000 0.000
474 2054 0 2054 654.989 0.000 654.989 0.000 0.000
475 2054 0 2054 626.870 0.000 626.870 0.000 0.000
476 2054 0 2054 601.923 0.000 601.923 0.000 0.000
477 2054 0 2054 575.538 0.000 575.538 0.000 0.000
478 2054 0 2054 552.479 0.000 552.479 0.000 0.000
479 2021 0 2021 528.447 0.000 528.447 0.000 0.000
480 2021 0 2021 506.387 0.000 506.387 0.000 0.000
481 2021 0 2021 479.771 0.000 479.771 0.000 0.000
482 1824 0 1824 457.556 0.000 457.556 0.000 0.000
483 1824 0 1824 432.593 0.000 432.593 0.000 0.000
484 1824 0 1824 409.495 0.000 409.495 0.000 0.000
485 1789 0 1789 388.508 0.000 388.508 0.000 0.000
486 1705 0 1705 366.368 0.000 366.368 0.000 0.000
487 1705 0 1705 345.920 0.000 345.920 0.000 0.000
488 1705 0 1705 324.587 0.000 324.587 0.000 0.000
489 1680 0 1680 302.724 0.000 302.724 0.000 0.000
490 1680 0 1680 281.989 0.000 281.989 0.000 0.000
491 1680 0 1680 265.362 0.000 265.362 0.000 0.000
492 1656 0 1656 247.820 0.000 247.820 0.000 0.000
493 1656 0 1656 231.754 0.000 231.754 0.000 0.000
494 1656 0 1656 213.800 0.000 213.800 0.000 0.000
495 1656 0 1656 198.271 0.000 198.271 0.000 0.000
496 1656 0 1656 183.811 0.000 183.811 0.000 0.000
497 1656 0 1656 167.494 0.000 167.494 0.000 0.000
498 1656 0 1656 153.997 0.000 153.997 0.000 0.000
499 1449 0 1449 140.112 0.000 140.112 0.000 0.000
500 1420 0 1420 126.098 0.000 126.098 0.000 0.000
501 1420 0 1420 113.271 0.000 113.271 0.000 0.000
502 1344 0 1344 100.889 0.000 100.889 0.000 0.000
503 1123 0 1123 88.265 0.000 88.265 0.000 0.000
504 1028 0 1028 75.962 0.000 75.962 0.000 0.000
505 1028 0 1028 65.107 0.000 65.107 0.000 0.000
506 964 0 964 55.888 0.000 55.888 0.000 0.000
507 964 0 964 47.124 0.000 47.124 0.000 0.000
508 964 0 964 39.499 0.000 39.499 0.000 0.000
509 964 0 964 31.268 0.000 31.268 0.000 0.000
510 941 0 941 25.213 0.000 25.213 0.000 0.000
511 941 0 941 20.592 0.000 20.592 0.000 0.000
512 941 0 941 14.957 0.000 14.957 0.000 0.000
513 941 0 941 10.695 0.000 10.695 0.000 0.000
514 520 0 520 7.193 0.000 7.193 0.000 0.000
515 506 0 506 5.099 0.000 5.099 0.000 0.000
516 506 0 506 3.609 0.000 3.609 0.000 0.000
517 506 0 506 2.182 0.000 2.182 0.000 0.000
518 506 0 506 1.417 0.000 1.417 0.000 0.000
519 506 0 506 1.030 0.000 1.030 0.000 0.000
520 506 0 506 0.794 0.000 0.794 0.000 0.000
521 506 0 506 0.707 0.000 0.707 0.000 0.000
522 446 0 446 0.482 0.000 0.482 0.000 0.000
523 446 0 446 0.421 0.000 0.421 0.000 0.000
524 238 0 238 0.320 0.000 0.320 0.000 0.000
525 238 0 238 0.392 0.000 0.392 0.000 0.000
526 238 0 238 0.319 0.000 0.319 0.000 0.000
527 238 0 238 0.320 0.000 0.320 0.000 0.000
528 213 0 213 0.346 0.000 0.346 0.000 0.000
529 384 0 384 0.513 0.000 0.513 0.000 0.000
530 384 0 384 0.736 0.000 0.736 0.000 0.000
531 384 0 384 1.184 0.000 1.184 0.000 0.000
532 384 0 384 1.719 0.000 1.719 0.000 0.000
533 463 0 463 2.608 0.000 2.608 0.000 0.000
534 740 0 740 3.785 0.000 3.785 0.000 0.000
535 740 0 740 5.517 0.000 5.517 0.000 0.000
536 740 0 740 8.339 0.000 8.339 0.000 0.000
537 740 0 740 11.770 0.000 11.770 0.000 0.000
538 740 0 740 15.547 0.000 15.547 0.000 0.000
539 740 0 740 20.764 0.000 20.764 0.000 0.000
540 819 0 819 25.879 0.000 25.879 0.000 0.000
541 819 0 819 31.575 0.000 31.575 0.000 0.000
542 819 0 819 37.509 0.000 37.509 0.000 0.000
543 880 0 880 45.124 0.000 45.124 0.000 0.000
544 1026 0 1026 53.808 0.000 53.808 0.000 0.000
545 1026 0 1026 62.881 0.000 62.881 0.000 0.000
546 1069 0 1069 74.220 0.000 74.220 0.000 0.000
547 1069 0 1069 84.162 0.000 84.162 0.000 0.000
548 1276 0 1276 98.262 0.000 98.262 0.000 0.000
549 1276 0 1276 108.930 0.000 108.930 0.000 0.000
550 1276 0 1276 120.288 0.000 120.288 0.000 0.000
551 1356 0 1356 134.023 0.000 134.023 0.000 0.000
552 1640 0 1640 147.779 0.000 147.779 0.000 0.000
553 1640 0 1640 161.612 0.000 161.612 0.000 0.000
554 1640 0 1640 177.188 0.000 177.188 0.000 0.000
555 1640 0 1640 191.447 0.000 191.447 0.000 0.000
556 1640 0 1640 207.427 0.000 207.427 0.000 0.000
557 1640 0 1640 224.552 0.000 224.552 0.000 0.000
558 1640 0 1640 242.830 0.000 242.830 0.000 0.000
559 1640 0 1640 259.607 0.000 259.607 0.000 0.000
560 1640 0 1640 280.681 0.000 280.681 0.000 0.000
561 1640 0 1640 301.298 0.000 301.298 0.000 0.000
562 1640 0 1640 318.930 0.000 318.930 0.000 0.000
563 1674 0 1674 336.829 0.000 336.829 0.000 0.000
564 1674 0 1674 355.991 0.000 355.991 0.000 0.000
565 1818 0 1818 379.861 0.000 379.861 0.000 0.000
566 1866 0 1866 402.774 0.000 402.774 0.000 0.000
567 1866 0 1866 425.460 0.000 425.460 0.000 0.000
568 2042 0 2042 448.490 0.000 448.490 0.000 0.000
569 2042 0 2042 473.055 0.000 473.055 0.000 0.000
570 2042 0 2042 497.606 0.000 497.606 0.000 0.000
571 2042 0 2042 522.536 0.000 522.536 0.000 0.000
572 2526 0 2526 549.523 0.000 549.523 0.000 0.000
573 2526 0 2526 576.743 0.000 576.743 0.000 0.000
574 2526 0 2526 601.193 0.000 601.193 0.000 0.000
575 2526 0 2526 626.652 0.000 626.652 0.000 0.000
576 2526 0 2526 650.355 0.000 650.355 0.000 0.000
577 2526 0 2526 679.008 0.000 679.008 0.000 0.000
578 2526 0 2526 708.525 0.000 708.525 0.000 0.000
579 2526 0 2526 733.637 0.000 733.637 0.000 0.000
580 2526 0 2526 759.197 0.000 759.197 0.000 0.000
581 2526 0 2526 783.408 0.000 783.408 0.000 0.000
582 2526 0 2526 808.054 0.000 808.054 0.000 0.000
583 2526 0 2526 836.002 0.000 836.002 0.000 0.000
584 2526 0 2526 862.754 0.000 862.754 0.000 0.000
585 2526 0 2526 890.016 0.000 890.016 0.000 0.000
586 2526 0 2526 915.947 0.000 915.947 0.000 0.000
587 2526 0 2526 944.019 0.000 944.019 0.000 0.000
588 2526 0 2526 968.516 0.000 968.516 0.000 0.000
589 2526 0 2526 993.010 0.000 993.010 0.000 0.000
590 2526 0 2526 1017.412 0.000 1017.412 0.000 0.000
591 2526 0 2526 1044.654 0.000 1044.654 0.000 0.000
592 2526 0 2526 1071.064 0.000 1071.064 0.000 0.000
593 2526 0 2526 1096.762 0.000 1096.762 0.000 0.000
594 2526 0 2526 1120.395 0.000 1120.395 0.000 0.000
595 2526 0 2526 1144.831 0.000 1144.831 0.000 0.000
596 2526 0 2526 1168.483 0.000 1168.483 0.000 0.000
597 2526 0 2526 1188.665 0.000 1188.665 0.000 0.000
598 2526 0 2526 1209.063 0.000 1209.063 0.000 0.000
599 2526 0 2526 1229.210 0.000 1229.210 0.000 0.000
600 2526 0 2526 1247.704 0.000 1247.704 0.000 0.000
601 2526 0 2526 1264.672 0.000 1264.672 0.000 0.000
602 2526 0 2526 1279.610 0.000 1279.610 0.000 0.000
603 2526 0 2526 1294.350 0.000 1294.350 0.000 0.000
604 2526 0 2526 1309.021 0.000 1309.021 0.000 0.000
605 2526 0 2526 1321.691 0.000 1321.691 0.000 0.000
606 2526 0 2526 1335.029 0.000 1335.029 0.000 0.000
607 2526 0 2526 1344.940 0.000 1344.940 0.000 0.000
608 2526 0 2526 1356.886 0.000 1356.886 0.000 0.000
609 2526 0 2526 1364.231 0.000 1364.231 0.000 0.000
610 2526 0 2526 1370.938 0.000 1370.938 0.000 0.000
611 2526 0 2526 1377.299 0.000 1377.299 0.000 0.000
612 2526 0 2526 1380.330 0.000 1380.330 0.000 0.000
613 2526 0 2526 1383.496 0.000 1383.496 0.000 0.000
614 2526 0 2526 1385.554 0.000 1385.554 0.000 0.000
615 2526 0 2526 1386.349 0.000 1386.349 0.000 0.000
616 2526 0 2526 1386.070 0.000 1386.070 0.000 0.000
617 2526 0 2526 1384.793 0.000 1384.793 0.000 0.000
618 2526 0 2526 1381.816 0.000 1381.816 0.000 0.000
619 2526 0 2526 1377.680 0.000 1377.680 0.000 0.000
620 2526 0 2526 1372.225 0.000 1372.225 0.000 0.000
621 2526 0 2526 1365.548 0.000 1365.548 0.000 0.000
622 2526 0 2526 1358.354 0.000 1358.354 0.000 0.000
623 2526 0 2526 1348.951 0.000 1348.951 0.000 0.000
624 2526 0 2526 1337.528 0.000 1337.528 0.000 0.000
625 2526 0 2526 1327.362 0.000 1327.362 0.000 0.000
626 2526 0 2526 1314.630 0.000 1314.630 0.000 0.000
627 2526 0 2526 1299.671 0.000 1299.671 0.000 0.000
628 2526 0 2526 1284.493 0.000 1284.493 0.000 0.000
629 2526 0 2526 1267.825 0.000 1267.825 0.000 0.000
630 2526 0 2526 1253.281 0.000 1253.281 0.000 0.000
631 2526 0 2526 1232.879 0.000 1232.879 0.000 0.000
632 2283 0 2283 1214.043 0.000 1214.043 0.000 0.000
633 2283 0 2283 1194.904 0.000 1194.904 0.000 0.000
634 2283 0 2283 1173.833 0.000 1173.833 0.000 0.000
635 2283 0 2283 1150.780 0.000 1150.780 0.000 0.000
636 2283 0 2283 1129.089 0.000 1129.089 0.000 0.000
637 2283 0 2283 1103.894 0.000 1103.894 0.000 0.000
638 2283 0 2283 1079.838 0.000 1079.838 0.000 0.000
639 2283 0 2283 1051.809 0.000 1051.809 0.000 0.000
640 2283 0 2283 1025.601 0.000 1025.601 0.000 0.000
641 2283 0 2283 1000.748 0.000 1000.748 0.000 0.000
642 2283 0 2283 975.162 0.000 975.162 0.000 0.000
643 2283 0 2283 949.767 0.000 949.767 0.000 0.000
644 2283 0 2283 924.165 0.000 924.165 0.000 0.000
645 2283 0 2283 895.633 0.000 895.633 0.000 0.000
646 2283 0 2283 866.224 0.000 866.224 0.000 0.000
647 2283 0 2283 840.841 0.000 840.841 0.000 0.000
648 2283 0 2283 813.953 0.000 813.953 0.000 0.000
